-- The C compiler identification is GNU 9.4.0
-- The CXX compiler identification is GNU 9.4.0
-- Check for working C compiler: /usr/bin/cc
-- Check for working C compiler: /usr/bin/cc -- works
-- Detecting C compiler ABI info
-- Detecting C compiler ABI info - done
-- Detecting C compile features
-- Detecting C compile features - done
-- Check for working CXX compiler: /usr/bin/c++
-- Check for working CXX compiler: /usr/bin/c++ -- works
-- Detecting CXX compiler ABI info
-- Detecting CXX compiler ABI info - done
-- Detecting CXX compile features
-- Detecting CXX compile features - done
-- Found autoware_cmake: 0.1.0 (/home/cityu/autoware/install/autoware_cmake/share/autoware_cmake/cmake)
-- Found ament_cmake_auto: 1.1.6 (/opt/ros/galactic/share/ament_cmake_auto/cmake)
-- Found PythonInterp: /usr/bin/python3 (found suitable version "3.8.10", minimum required is "3") 
-- Using PYTHON_EXECUTABLE: /usr/bin/python3
-- Override CMake install command with custom implementation using symlinks instead of copying resources
-- Using all available rosidl_typesupport_c: rosidl_typesupport_fastrtps_c;rosidl_typesupport_introspection_c
-- Found rosidl_adapter: 2.2.3 (/opt/ros/galactic/share/rosidl_adapter/cmake)
-- Found OpenSSL: /usr/lib/x86_64-linux-gnu/libcrypto.so (found version "1.1.1f")  
-- Found FastRTPS: /opt/ros/galactic/include  
-- Using all available rosidl_typesupport_cpp: rosidl_typesupport_fastrtps_cpp;rosidl_typesupport_introspection_cpp
-- Found rmw_implementation_cmake: 3.3.1 (/opt/ros/galactic/share/rmw_implementation_cmake/cmake)
-- Found rmw_cyclonedds_cpp: 0.22.6 (/opt/ros/galactic/share/rmw_cyclonedds_cpp/cmake)
-- Using RMW implementation 'rmw_cyclonedds_cpp' as default
-- Looking for pthread.h
-- Looking for pthread.h - found
-- Performing Test CMAKE_HAVE_LIBC_PTHREAD
-- Performing Test CMAKE_HAVE_LIBC_PTHREAD - Failed
-- Looking for pthread_create in pthreads
-- Looking for pthread_create in pthreads - not found
-- Looking for pthread_create in pthread
-- Looking for pthread_create in pthread - found
-- Found Threads: TRUE  
-- Found eigen3_cmake_module: 0.1.1 (/opt/ros/galactic/share/eigen3_cmake_module/cmake)
-- Found Eigen3: TRUE (found version "3.3.7") 
-- Found ament_lint_auto: 0.10.7 (/opt/ros/galactic/share/ament_lint_auto/cmake)
-- Found gtest sources under '/opt/ros/galactic/src/gtest_vendor': C++ tests using 'Google Test' will be built
-- Check if compiler accepts -pthread
-- Check if compiler accepts -pthread - yes
-- Found gtest sources under '/opt/ros/galactic/src/gtest_vendor': C++ tests using 'Google Test' will be built
-- Found gtest sources under '/opt/ros/galactic/src/gtest_vendor': C++ tests using 'Google Test' will be built
-- Found gtest sources under '/opt/ros/galactic/src/gtest_vendor': C++ tests using 'Google Test' will be built
-- Added test 'copyright' to check source files copyright and LICENSE
-- Added test 'cppcheck' to perform static code analysis on C / C++ code
-- Configured cppcheck include dirs: /home/cityu/autoware/src/universe/autoware.universe/localization/ekf_localizer/include
-- Configured cppcheck exclude dirs and/or files: 
-- Added test 'lint_cmake' to check CMake code style
-- Added test 'xmllint' to check XML markup files
-- Configuring done
-- Generating done
-- Build files have been written to: /home/cityu/autoware/build/ekf_localizer
[35m[1mScanning dependencies of target ekf_localizer_lib[0m
[  5%] [32mBuilding CXX object CMakeFiles/ekf_localizer_lib.dir/src/ekf_localizer.cpp.o[0m
[ 10%] [32mBuilding CXX object CMakeFiles/ekf_localizer_lib.dir/src/measurement.cpp.o[0m
[ 15%] [32mBuilding CXX object CMakeFiles/ekf_localizer_lib.dir/src/state_transition.cpp.o[0m
[ 20%] [32mBuilding CXX object CMakeFiles/ekf_localizer_lib.dir/src/mahalanobis.cpp.o[0m
[ 25%] [32mBuilding CXX object CMakeFiles/ekf_localizer_lib.dir/src/covariance.cpp.o[0m
[ 30%] [32m[1mLinking CXX shared library libekf_localizer_lib.so[0m
[ 30%] Built target ekf_localizer_lib
[35m[1mScanning dependencies of target gtest_main[0m
[ 35%] [32mBuilding CXX object gtest/CMakeFiles/gtest_main.dir/src/gtest_main.cc.o[0m
[ 40%] [32m[1mLinking CXX static library libgtest_main.a[0m
[ 40%] Built target gtest_main
[35m[1mScanning dependencies of target ekf_localizer[0m
[ 45%] [32mBuilding CXX object CMakeFiles/ekf_localizer.dir/src/ekf_localizer_node.cpp.o[0m
[ 50%] [32m[1mLinking CXX executable ekf_localizer[0m
[ 50%] Built target ekf_localizer
[35m[1mScanning dependencies of target gtest[0m
[ 55%] [32mBuilding CXX object gtest/CMakeFiles/gtest.dir/src/gtest-all.cc.o[0m
[ 60%] [32m[1mLinking CXX static library libgtest.a[0m
[ 60%] Built target gtest
[35m[1mScanning dependencies of target test_measurement[0m
[ 65%] [32mBuilding CXX object CMakeFiles/test_measurement.dir/test/test_measurement.cpp.o[0m
[ 70%] [32m[1mLinking CXX executable test_measurement[0m
[ 70%] Built target test_measurement
[35m[1mScanning dependencies of target test_state_transition[0m
[ 75%] [32mBuilding CXX object CMakeFiles/test_state_transition.dir/test/test_state_transition.cpp.o[0m
[ 80%] [32m[1mLinking CXX executable test_state_transition[0m
[ 80%] Built target test_state_transition
[35m[1mScanning dependencies of target test_numeric[0m
[ 85%] [32mBuilding CXX object CMakeFiles/test_numeric.dir/test/test_numeric.cpp.o[0m
[ 90%] [32m[1mLinking CXX executable test_numeric[0m
[ 90%] Built target test_numeric
[35m[1mScanning dependencies of target test_mahalanobis[0m
[ 95%] [32mBuilding CXX object CMakeFiles/test_mahalanobis.dir/test/test_mahalanobis.cpp.o[0m
[100%] [32m[1mLinking CXX executable test_mahalanobis[0m
[100%] Built target test_mahalanobis
-- Install configuration: "Release"
-- Execute custom install script
-- Symlinking: /home/cityu/autoware/install/ekf_localizer/include/ekf_localizer/covariance.hpp
-- Symlinking: /home/cityu/autoware/install/ekf_localizer/include/ekf_localizer/ekf_localizer.hpp
-- Symlinking: /home/cityu/autoware/install/ekf_localizer/include/ekf_localizer/hyper_parameters.hpp
-- Symlinking: /home/cityu/autoware/install/ekf_localizer/include/ekf_localizer/mahalanobis.hpp
-- Symlinking: /home/cityu/autoware/install/ekf_localizer/include/ekf_localizer/matrix_types.hpp
-- Symlinking: /home/cityu/autoware/install/ekf_localizer/include/ekf_localizer/measurement.hpp
-- Symlinking: /home/cityu/autoware/install/ekf_localizer/include/ekf_localizer/numeric.hpp
-- Symlinking: /home/cityu/autoware/install/ekf_localizer/include/ekf_localizer/state_index.hpp
-- Symlinking: /home/cityu/autoware/install/ekf_localizer/include/ekf_localizer/state_transition.hpp
-- Symlinking: /home/cityu/autoware/install/ekf_localizer/include/ekf_localizer/warning.hpp
-- Symlinking: /home/cityu/autoware/install/ekf_localizer/share/ekf_localizer/environment/library_path.sh
-- Symlinking: /home/cityu/autoware/install/ekf_localizer/share/ekf_localizer/environment/library_path.dsv
-- Symlinking: /home/cityu/autoware/install/ekf_localizer/lib/libekf_localizer_lib.so
-- Symlinking: /home/cityu/autoware/install/ekf_localizer/lib/ekf_localizer/ekf_localizer
-- Symlinking: /home/cityu/autoware/install/ekf_localizer/share/ekf_localizer/launch/ekf_localizer.launch.xml
-- Symlinking: /home/cityu/autoware/install/ekf_localizer/share/ament_index/resource_index/package_run_dependencies/ekf_localizer
-- Symlinking: /home/cityu/autoware/install/ekf_localizer/share/ament_index/resource_index/parent_prefix_path/ekf_localizer
-- Symlinking: /home/cityu/autoware/install/ekf_localizer/share/ekf_localizer/environment/ament_prefix_path.sh
-- Symlinking: /home/cityu/autoware/install/ekf_localizer/share/ekf_localizer/environment/ament_prefix_path.dsv
-- Symlinking: /home/cityu/autoware/install/ekf_localizer/share/ekf_localizer/environment/path.sh
-- Symlinking: /home/cityu/autoware/install/ekf_localizer/share/ekf_localizer/environment/path.dsv
-- Symlinking: /home/cityu/autoware/install/ekf_localizer/share/ekf_localizer/local_setup.bash
-- Symlinking: /home/cityu/autoware/install/ekf_localizer/share/ekf_localizer/local_setup.sh
-- Symlinking: /home/cityu/autoware/install/ekf_localizer/share/ekf_localizer/local_setup.zsh
-- Symlinking: /home/cityu/autoware/install/ekf_localizer/share/ekf_localizer/local_setup.dsv
-- Symlinking: /home/cityu/autoware/install/ekf_localizer/share/ekf_localizer/package.dsv
-- Symlinking: /home/cityu/autoware/install/ekf_localizer/share/ament_index/resource_index/packages/ekf_localizer
-- Symlinking: /home/cityu/autoware/install/ekf_localizer/share/ekf_localizer/cmake/ament_cmake_export_dependencies-extras.cmake
-- Symlinking: /home/cityu/autoware/install/ekf_localizer/share/ekf_localizer/cmake/ament_cmake_export_include_directories-extras.cmake
-- Symlinking: /home/cityu/autoware/install/ekf_localizer/share/ekf_localizer/cmake/ament_cmake_export_libraries-extras.cmake
-- Symlinking: /home/cityu/autoware/install/ekf_localizer/share/ekf_localizer/cmake/ekf_localizerConfig.cmake
-- Symlinking: /home/cityu/autoware/install/ekf_localizer/share/ekf_localizer/cmake/ekf_localizerConfig-version.cmake
-- Symlinking: /home/cityu/autoware/install/ekf_localizer/share/ekf_localizer/package.xml
