[0.100s] Invoking command in '/home/cityu/autoware/build/sample_vehicle_description': CMAKE_PREFIX_PATH=/opt/ros/galactic /usr/bin/cmake /home/cityu/autoware/src/vehicle/sample_vehicle_launch/sample_vehicle_description -DCMAKE_BUILD_TYPE=Release -DDOWNLOAD_ARTIFACTS=ON -DAMENT_CMAKE_SYMLINK_INSTALL=1 -DCMAKE_INSTALL_PREFIX=/home/cityu/autoware/install/sample_vehicle_description
[0.746s] -- Found ament_cmake_auto: 1.1.6 (/opt/ros/galactic/share/ament_cmake_auto/cmake)
[0.753s] -- Using PYTHON_EXECUTABLE: /usr/bin/python3
[0.754s] -- Override CMake install command with custom implementation using symlinks instead of copying resources
[0.755s] -- Configuring done
[0.755s] -- Generating done
[0.755s] -- Build files have been written to: /home/cityu/autoware/build/sample_vehicle_description
[0.755s] CMake Warning:
[0.756s]   Manually-specified variables were not used by the project:
[0.756s] 
[0.756s]     DOWNLOAD_ARTIFACTS
[0.756s] 
[0.757s] 
[0.829s] Invoked command in '/home/cityu/autoware/build/sample_vehicle_description' returned '0': CMAKE_PREFIX_PATH=/opt/ros/galactic /usr/bin/cmake /home/cityu/autoware/src/vehicle/sample_vehicle_launch/sample_vehicle_description -DCMAKE_BUILD_TYPE=Release -DDOWNLOAD_ARTIFACTS=ON -DAMENT_CMAKE_SYMLINK_INSTALL=1 -DCMAKE_INSTALL_PREFIX=/home/cityu/autoware/install/sample_vehicle_description
[0.831s] Invoking command in '/home/cityu/autoware/build/sample_vehicle_description': CMAKE_PREFIX_PATH=/opt/ros/galactic /usr/bin/cmake --build /home/cityu/autoware/build/sample_vehicle_description -- -j16 -l16
[0.955s] Invoked command in '/home/cityu/autoware/build/sample_vehicle_description' returned '0': CMAKE_PREFIX_PATH=/opt/ros/galactic /usr/bin/cmake --build /home/cityu/autoware/build/sample_vehicle_description -- -j16 -l16
[1.126s] Invoking command in '/home/cityu/autoware/build/sample_vehicle_description': CMAKE_PREFIX_PATH=/opt/ros/galactic /usr/bin/cmake --install /home/cityu/autoware/build/sample_vehicle_description
[1.216s] -- Install configuration: "Release"
[1.217s] -- Execute custom install script
[1.218s] -- Up-to-date symlink: /home/cityu/autoware/install/sample_vehicle_description/share/sample_vehicle_description/mesh/lexus.dae
[1.219s] -- Up-to-date symlink: /home/cityu/autoware/install/sample_vehicle_description/share/sample_vehicle_description/mesh/lexus.jpg
[1.219s] -- Up-to-date symlink: /home/cityu/autoware/install/sample_vehicle_description/share/sample_vehicle_description/urdf/vehicle.xacro
[1.219s] -- Up-to-date symlink: /home/cityu/autoware/install/sample_vehicle_description/share/sample_vehicle_description/config/mirror.param.yaml
[1.219s] -- Up-to-date symlink: /home/cityu/autoware/install/sample_vehicle_description/share/sample_vehicle_description/config/simulator_model.param.yaml
[1.220s] -- Up-to-date symlink: /home/cityu/autoware/install/sample_vehicle_description/share/sample_vehicle_description/config/vehicle_info.param.yaml
[1.220s] -- Up-to-date symlink: /home/cityu/autoware/install/sample_vehicle_description/share/ament_index/resource_index/package_run_dependencies/sample_vehicle_description
[1.220s] -- Up-to-date symlink: /home/cityu/autoware/install/sample_vehicle_description/share/ament_index/resource_index/parent_prefix_path/sample_vehicle_description
[1.223s] -- Up-to-date symlink: /home/cityu/autoware/install/sample_vehicle_description/share/sample_vehicle_description/environment/ament_prefix_path.sh
[1.224s] -- Up-to-date symlink: /home/cityu/autoware/install/sample_vehicle_description/share/sample_vehicle_description/environment/ament_prefix_path.dsv
[1.224s] -- Up-to-date symlink: /home/cityu/autoware/install/sample_vehicle_description/share/sample_vehicle_description/environment/path.sh
[1.224s] -- Up-to-date symlink: /home/cityu/autoware/install/sample_vehicle_description/share/sample_vehicle_description/environment/path.dsv
[1.224s] -- Up-to-date symlink: /home/cityu/autoware/install/sample_vehicle_description/share/sample_vehicle_description/local_setup.bash
[1.224s] -- Up-to-date symlink: /home/cityu/autoware/install/sample_vehicle_description/share/sample_vehicle_description/local_setup.sh
[1.225s] -- Up-to-date symlink: /home/cityu/autoware/install/sample_vehicle_description/share/sample_vehicle_description/local_setup.zsh
[1.225s] -- Up-to-date symlink: /home/cityu/autoware/install/sample_vehicle_description/share/sample_vehicle_description/local_setup.dsv
[1.225s] -- Symlinking: /home/cityu/autoware/install/sample_vehicle_description/share/sample_vehicle_description/package.dsv
[1.225s] -- Up-to-date symlink: /home/cityu/autoware/install/sample_vehicle_description/share/ament_index/resource_index/packages/sample_vehicle_description
[1.225s] -- Up-to-date symlink: /home/cityu/autoware/install/sample_vehicle_description/share/sample_vehicle_description/cmake/sample_vehicle_descriptionConfig.cmake
[1.225s] -- Up-to-date symlink: /home/cityu/autoware/install/sample_vehicle_description/share/sample_vehicle_description/cmake/sample_vehicle_descriptionConfig-version.cmake
[1.225s] -- Up-to-date symlink: /home/cityu/autoware/install/sample_vehicle_description/share/sample_vehicle_description/package.xml
[1.245s] Invoked command in '/home/cityu/autoware/build/sample_vehicle_description' returned '0': CMAKE_PREFIX_PATH=/opt/ros/galactic /usr/bin/cmake --install /home/cityu/autoware/build/sample_vehicle_description
