[0.072s] Invoking command in '/home/cityu/autoware/build/tier4_v2x_msgs': CMAKE_PREFIX_PATH=/opt/ros/galactic /usr/bin/cmake /home/cityu/autoware/src/universe/external/tier4_autoware_msgs/tier4_v2x_msgs -DCMAKE_BUILD_TYPE=Release -DAMENT_CMAKE_SYMLINK_INSTALL=1 -DCMAKE_INSTALL_PREFIX=/home/cityu/autoware/install/tier4_v2x_msgs
[2.535s] -- The C compiler identification is GNU 9.4.0
[2.539s] -- The CXX compiler identification is GNU 9.4.0
[2.539s] -- Check for working C compiler: /usr/bin/cc
[2.539s] -- Check for working C compiler: /usr/bin/cc -- works
[2.540s] -- Detecting C compiler ABI info
[2.540s] -- Detecting C compiler ABI info - done
[2.540s] -- Detecting C compile features
[2.540s] -- Detecting C compile features - done
[2.540s] -- Check for working CXX compiler: /usr/bin/c++
[2.540s] -- Check for working CXX compiler: /usr/bin/c++ -- works
[2.540s] -- Detecting CXX compiler ABI info
[2.540s] -- Detecting CXX compiler ABI info - done
[2.540s] -- Detecting CXX compile features
[2.540s] -- Detecting CXX compile features - done
[2.540s] -- Found ament_cmake_auto: 1.1.6 (/opt/ros/galactic/share/ament_cmake_auto/cmake)
[2.541s] -- Found PythonInterp: /usr/bin/python3 (found suitable version "3.8.10", minimum required is "3") 
[2.541s] -- Using PYTHON_EXECUTABLE: /usr/bin/python3
[2.541s] -- Override CMake install command with custom implementation using symlinks instead of copying resources
[2.541s] -- Using all available rosidl_typesupport_c: rosidl_typesupport_fastrtps_c;rosidl_typesupport_introspection_c
[2.541s] -- Found rosidl_adapter: 2.2.3 (/opt/ros/galactic/share/rosidl_adapter/cmake)
[2.541s] -- Found OpenSSL: /usr/lib/x86_64-linux-gnu/libcrypto.so (found version "1.1.1f")  
[2.541s] -- Found FastRTPS: /opt/ros/galactic/include  
[2.541s] -- Using all available rosidl_typesupport_cpp: rosidl_typesupport_fastrtps_cpp;rosidl_typesupport_introspection_cpp
[2.542s] -- Found PythonInterp: /usr/bin/python3 (found version "3.8.10") 
[2.542s] -- Found ament_cmake_ros: 0.9.2 (/opt/ros/galactic/share/ament_cmake_ros/cmake)
[2.542s] -- Using all available rosidl_typesupport_c: rosidl_typesupport_fastrtps_c;rosidl_typesupport_introspection_c
[2.542s] -- Using all available rosidl_typesupport_cpp: rosidl_typesupport_fastrtps_cpp;rosidl_typesupport_introspection_cpp
[2.542s] -- Found PythonInterp: /usr/bin/python3 (found suitable version "3.8.10", minimum required is "3.5") 
[2.542s] -- Found python_cmake_module: 0.8.1 (/opt/ros/galactic/share/python_cmake_module/cmake)
[2.551s] -- Found PythonLibs: /usr/lib/x86_64-linux-gnu/libpython3.8.so (found suitable version "3.8.10", minimum required is "3.5") 
[2.551s] -- Using PYTHON_EXECUTABLE: /usr/bin/python3
[2.551s] -- Using PYTHON_INCLUDE_DIRS: /usr/include/python3.8
[2.551s] -- Using PYTHON_LIBRARIES: /usr/lib/x86_64-linux-gnu/libpython3.8.so
[2.582s] -- Found PythonExtra: .so  
[2.836s] -- Found ament_lint_auto: 0.10.7 (/opt/ros/galactic/share/ament_lint_auto/cmake)
[2.870s] -- Added test 'copyright' to check source files copyright and LICENSE
[2.872s] -- Added test 'lint_cmake' to check CMake code style
[2.873s] -- Added test 'xmllint' to check XML markup files
[2.883s] -- Configuring done
[2.980s] -- Generating done
[2.981s] -- Build files have been written to: /home/cityu/autoware/build/tier4_v2x_msgs
[3.028s] Invoked command in '/home/cityu/autoware/build/tier4_v2x_msgs' returned '0': CMAKE_PREFIX_PATH=/opt/ros/galactic /usr/bin/cmake /home/cityu/autoware/src/universe/external/tier4_autoware_msgs/tier4_v2x_msgs -DCMAKE_BUILD_TYPE=Release -DAMENT_CMAKE_SYMLINK_INSTALL=1 -DCMAKE_INSTALL_PREFIX=/home/cityu/autoware/install/tier4_v2x_msgs
[3.030s] Invoking command in '/home/cityu/autoware/build/tier4_v2x_msgs': CMAKE_PREFIX_PATH=/opt/ros/galactic /usr/bin/cmake --build /home/cityu/autoware/build/tier4_v2x_msgs -- -j16 -l16
[3.668s] [  1%] [34m[1mGenerating C code for ROS interfaces[0m
[3.668s] [35m[1mScanning dependencies of target tier4_v2x_msgs__cpp[0m
[3.668s] [  3%] [34m[1mGenerating C++ code for ROS interfaces[0m
[5.023s] [  3%] Built target tier4_v2x_msgs__cpp
[5.105s] [  4%] [34m[1mGenerating C++ type support for eProsima Fast-RTPS[0m
[5.119s] [  6%] [34m[1mGenerating C++ introspection for ROS interfaces[0m
[5.127s] [  7%] [34m[1mGenerating C++ type support dispatch for ROS interfaces[0m
[5.602s] [35m[1mScanning dependencies of target tier4_v2x_msgs__rosidl_generator_c[0m
[5.755s] [  9%] [32mBuilding C object CMakeFiles/tier4_v2x_msgs__rosidl_generator_c.dir/rosidl_generator_c/tier4_v2x_msgs/msg/detail/infrastructure_command__functions.c.o[0m
[5.765s] [ 11%] [32mBuilding C object CMakeFiles/tier4_v2x_msgs__rosidl_generator_c.dir/rosidl_generator_c/tier4_v2x_msgs/msg/detail/infrastructure_command_array__functions.c.o[0m
[5.811s] [ 12%] [32mBuilding C object CMakeFiles/tier4_v2x_msgs__rosidl_generator_c.dir/rosidl_generator_c/tier4_v2x_msgs/msg/detail/key_value__functions.c.o[0m
[5.823s] [ 14%] [32mBuilding C object CMakeFiles/tier4_v2x_msgs__rosidl_generator_c.dir/rosidl_generator_c/tier4_v2x_msgs/msg/detail/virtual_traffic_light_state__functions.c.o[0m
[5.824s] [ 15%] [32mBuilding C object CMakeFiles/tier4_v2x_msgs__rosidl_generator_c.dir/rosidl_generator_c/tier4_v2x_msgs/msg/detail/virtual_traffic_light_state_array__functions.c.o[0m
[6.474s] [ 17%] [32m[1mLinking C shared library libtier4_v2x_msgs__rosidl_generator_c.so[0m
[6.771s] [ 17%] Built target tier4_v2x_msgs__rosidl_generator_c
[6.854s] [ 19%] [34m[1mGenerating C introspection for ROS interfaces[0m
[6.877s] [ 20%] [34m[1mGenerating C type support dispatch for ROS interfaces[0m
[8.090s] [35m[1mScanning dependencies of target tier4_v2x_msgs__rosidl_typesupport_cpp[0m
[8.216s] [ 22%] [32mBuilding CXX object CMakeFiles/tier4_v2x_msgs__rosidl_typesupport_cpp.dir/rosidl_typesupport_cpp/tier4_v2x_msgs/msg/infrastructure_command__type_support.cpp.o[0m
[8.239s] [ 23%] [32mBuilding CXX object CMakeFiles/tier4_v2x_msgs__rosidl_typesupport_cpp.dir/rosidl_typesupport_cpp/tier4_v2x_msgs/msg/infrastructure_command_array__type_support.cpp.o[0m
[8.306s] [ 25%] [32mBuilding CXX object CMakeFiles/tier4_v2x_msgs__rosidl_typesupport_cpp.dir/rosidl_typesupport_cpp/tier4_v2x_msgs/msg/key_value__type_support.cpp.o[0m
[8.306s] [ 26%] [32mBuilding CXX object CMakeFiles/tier4_v2x_msgs__rosidl_typesupport_cpp.dir/rosidl_typesupport_cpp/tier4_v2x_msgs/msg/virtual_traffic_light_state__type_support.cpp.o[0m
[8.355s] [ 28%] [32mBuilding CXX object CMakeFiles/tier4_v2x_msgs__rosidl_typesupport_cpp.dir/rosidl_typesupport_cpp/tier4_v2x_msgs/msg/virtual_traffic_light_state_array__type_support.cpp.o[0m
[8.714s] [35m[1mScanning dependencies of target tier4_v2x_msgs__rosidl_typesupport_fastrtps_cpp[0m
[8.739s] [35m[1mScanning dependencies of target tier4_v2x_msgs__rosidl_typesupport_introspection_cpp[0m
[8.850s] [ 30%] [32mBuilding CXX object CMakeFiles/tier4_v2x_msgs__rosidl_typesupport_introspection_cpp.dir/rosidl_typesupport_introspection_cpp/tier4_v2x_msgs/msg/detail/infrastructure_command__type_support.cpp.o[0m
[8.861s] [ 31%] [32mBuilding CXX object CMakeFiles/tier4_v2x_msgs__rosidl_typesupport_fastrtps_cpp.dir/rosidl_typesupport_fastrtps_cpp/tier4_v2x_msgs/msg/detail/dds_fastrtps/infrastructure_command__type_support.cpp.o[0m
[8.883s] [ 33%] [32mBuilding CXX object CMakeFiles/tier4_v2x_msgs__rosidl_typesupport_fastrtps_cpp.dir/rosidl_typesupport_fastrtps_cpp/tier4_v2x_msgs/msg/detail/dds_fastrtps/key_value__type_support.cpp.o[0m
[8.908s] [ 34%] [32mBuilding CXX object CMakeFiles/tier4_v2x_msgs__rosidl_typesupport_fastrtps_cpp.dir/rosidl_typesupport_fastrtps_cpp/tier4_v2x_msgs/msg/detail/dds_fastrtps/infrastructure_command_array__type_support.cpp.o[0m
[8.908s] [ 36%] [32mBuilding CXX object CMakeFiles/tier4_v2x_msgs__rosidl_typesupport_introspection_cpp.dir/rosidl_typesupport_introspection_cpp/tier4_v2x_msgs/msg/detail/infrastructure_command_array__type_support.cpp.o[0m
[8.909s] [ 38%] [32mBuilding CXX object CMakeFiles/tier4_v2x_msgs__rosidl_typesupport_fastrtps_cpp.dir/rosidl_typesupport_fastrtps_cpp/tier4_v2x_msgs/msg/detail/dds_fastrtps/virtual_traffic_light_state__type_support.cpp.o[0m
[8.925s] [ 39%] [32mBuilding CXX object CMakeFiles/tier4_v2x_msgs__rosidl_typesupport_introspection_cpp.dir/rosidl_typesupport_introspection_cpp/tier4_v2x_msgs/msg/detail/key_value__type_support.cpp.o[0m
[8.991s] [ 41%] [32mBuilding CXX object CMakeFiles/tier4_v2x_msgs__rosidl_typesupport_fastrtps_cpp.dir/rosidl_typesupport_fastrtps_cpp/tier4_v2x_msgs/msg/detail/dds_fastrtps/virtual_traffic_light_state_array__type_support.cpp.o[0m
[9.013s] [ 42%] [32mBuilding CXX object CMakeFiles/tier4_v2x_msgs__rosidl_typesupport_introspection_cpp.dir/rosidl_typesupport_introspection_cpp/tier4_v2x_msgs/msg/detail/virtual_traffic_light_state__type_support.cpp.o[0m
[9.131s] [ 44%] [32mBuilding CXX object CMakeFiles/tier4_v2x_msgs__rosidl_typesupport_introspection_cpp.dir/rosidl_typesupport_introspection_cpp/tier4_v2x_msgs/msg/detail/virtual_traffic_light_state_array__type_support.cpp.o[0m
[10.097s] [35m[1mScanning dependencies of target tier4_v2x_msgs__rosidl_typesupport_c[0m
[10.201s] [ 46%] [32mBuilding CXX object CMakeFiles/tier4_v2x_msgs__rosidl_typesupport_c.dir/rosidl_typesupport_c/tier4_v2x_msgs/msg/infrastructure_command__type_support.cpp.o[0m
[10.524s] [ 47%] [32mBuilding CXX object CMakeFiles/tier4_v2x_msgs__rosidl_typesupport_c.dir/rosidl_typesupport_c/tier4_v2x_msgs/msg/infrastructure_command_array__type_support.cpp.o[0m
[10.773s] [ 49%] [32mBuilding CXX object CMakeFiles/tier4_v2x_msgs__rosidl_typesupport_c.dir/rosidl_typesupport_c/tier4_v2x_msgs/msg/key_value__type_support.cpp.o[0m
[11.199s] [ 50%] [32mBuilding CXX object CMakeFiles/tier4_v2x_msgs__rosidl_typesupport_c.dir/rosidl_typesupport_c/tier4_v2x_msgs/msg/virtual_traffic_light_state__type_support.cpp.o[0m
[11.239s] [ 52%] [32mBuilding CXX object CMakeFiles/tier4_v2x_msgs__rosidl_typesupport_c.dir/rosidl_typesupport_c/tier4_v2x_msgs/msg/virtual_traffic_light_state_array__type_support.cpp.o[0m
[11.289s] [35m[1mScanning dependencies of target tier4_v2x_msgs__rosidl_typesupport_introspection_c[0m
[11.507s] [ 53%] [32mBuilding C object CMakeFiles/tier4_v2x_msgs__rosidl_typesupport_introspection_c.dir/rosidl_typesupport_introspection_c/tier4_v2x_msgs/msg/detail/key_value__type_support.c.o[0m
[11.513s] [ 55%] [32mBuilding C object CMakeFiles/tier4_v2x_msgs__rosidl_typesupport_introspection_c.dir/rosidl_typesupport_introspection_c/tier4_v2x_msgs/msg/detail/infrastructure_command__type_support.c.o[0m
[11.536s] [ 57%] [32m[1mLinking CXX shared library libtier4_v2x_msgs__rosidl_typesupport_cpp.so[0m
[11.551s] [ 58%] [32mBuilding C object CMakeFiles/tier4_v2x_msgs__rosidl_typesupport_introspection_c.dir/rosidl_typesupport_introspection_c/tier4_v2x_msgs/msg/detail/infrastructure_command_array__type_support.c.o[0m
[11.584s] [ 60%] [32mBuilding C object CMakeFiles/tier4_v2x_msgs__rosidl_typesupport_introspection_c.dir/rosidl_typesupport_introspection_c/tier4_v2x_msgs/msg/detail/virtual_traffic_light_state__type_support.c.o[0m
[11.713s] [ 61%] [32m[1mLinking CXX shared library libtier4_v2x_msgs__rosidl_typesupport_c.so[0m
[11.858s] [ 63%] [32mBuilding C object CMakeFiles/tier4_v2x_msgs__rosidl_typesupport_introspection_c.dir/rosidl_typesupport_introspection_c/tier4_v2x_msgs/msg/detail/virtual_traffic_light_state_array__type_support.c.o[0m
[12.029s] [ 63%] Built target tier4_v2x_msgs__rosidl_typesupport_cpp
[12.053s] [ 63%] Built target tier4_v2x_msgs__rosidl_typesupport_c
[12.231s] [ 65%] [32m[1mLinking C shared library libtier4_v2x_msgs__rosidl_typesupport_introspection_c.so[0m
[12.609s] [ 65%] Built target tier4_v2x_msgs__rosidl_typesupport_introspection_c
[13.118s] [ 66%] [32m[1mLinking CXX shared library libtier4_v2x_msgs__rosidl_typesupport_introspection_cpp.so[0m
[13.984s] [ 66%] Built target tier4_v2x_msgs__rosidl_typesupport_introspection_cpp
[14.103s] [ 68%] [32m[1mLinking CXX shared library libtier4_v2x_msgs__rosidl_typesupport_fastrtps_cpp.so[0m
[15.135s] [ 68%] Built target tier4_v2x_msgs__rosidl_typesupport_fastrtps_cpp
[15.218s] [ 69%] [34m[1mGenerating C type support for eProsima Fast-RTPS[0m
[17.651s] [35m[1mScanning dependencies of target tier4_v2x_msgs__rosidl_typesupport_fastrtps_c[0m
[17.737s] [ 71%] [32mBuilding CXX object CMakeFiles/tier4_v2x_msgs__rosidl_typesupport_fastrtps_c.dir/rosidl_typesupport_fastrtps_c/tier4_v2x_msgs/msg/detail/infrastructure_command__type_support_c.cpp.o[0m
[18.734s] [ 73%] [32mBuilding CXX object CMakeFiles/tier4_v2x_msgs__rosidl_typesupport_fastrtps_c.dir/rosidl_typesupport_fastrtps_c/tier4_v2x_msgs/msg/detail/virtual_traffic_light_state_array__type_support_c.cpp.o[0m
[19.410s] [ 74%] [32mBuilding CXX object CMakeFiles/tier4_v2x_msgs__rosidl_typesupport_fastrtps_c.dir/rosidl_typesupport_fastrtps_c/tier4_v2x_msgs/msg/detail/virtual_traffic_light_state__type_support_c.cpp.o[0m
[20.118s] [ 76%] [32mBuilding CXX object CMakeFiles/tier4_v2x_msgs__rosidl_typesupport_fastrtps_c.dir/rosidl_typesupport_fastrtps_c/tier4_v2x_msgs/msg/detail/key_value__type_support_c.cpp.o[0m
[20.817s] [ 77%] [32mBuilding CXX object CMakeFiles/tier4_v2x_msgs__rosidl_typesupport_fastrtps_c.dir/rosidl_typesupport_fastrtps_c/tier4_v2x_msgs/msg/detail/infrastructure_command_array__type_support_c.cpp.o[0m
[21.512s] [ 79%] [32m[1mLinking CXX shared library libtier4_v2x_msgs__rosidl_typesupport_fastrtps_c.so[0m
[21.737s] [ 79%] Built target tier4_v2x_msgs__rosidl_typesupport_fastrtps_c
[21.750s] [35m[1mScanning dependencies of target tier4_v2x_msgs[0m
[21.765s] [ 79%] Built target tier4_v2x_msgs
[21.782s] [35m[1mScanning dependencies of target tier4_v2x_msgs__py[0m
[21.799s] [ 80%] [34m[1mGenerating Python code for ROS interfaces[0m
[23.199s] [ 80%] Built target tier4_v2x_msgs__py
[23.213s] [35m[1mScanning dependencies of target tier4_v2x_msgs__python[0m
[23.251s] [ 82%] [32mBuilding C object CMakeFiles/tier4_v2x_msgs__python.dir/rosidl_generator_py/tier4_v2x_msgs/msg/_infrastructure_command_s.c.o[0m
[23.481s] [ 84%] [32mBuilding C object CMakeFiles/tier4_v2x_msgs__python.dir/rosidl_generator_py/tier4_v2x_msgs/msg/_virtual_traffic_light_state_array_s.c.o[0m
[23.689s] [ 85%] [32mBuilding C object CMakeFiles/tier4_v2x_msgs__python.dir/rosidl_generator_py/tier4_v2x_msgs/msg/_virtual_traffic_light_state_s.c.o[0m
[23.889s] [ 87%] [32mBuilding C object CMakeFiles/tier4_v2x_msgs__python.dir/rosidl_generator_py/tier4_v2x_msgs/msg/_key_value_s.c.o[0m
[24.106s] [ 88%] [32mBuilding C object CMakeFiles/tier4_v2x_msgs__python.dir/rosidl_generator_py/tier4_v2x_msgs/msg/_infrastructure_command_array_s.c.o[0m
[24.267s] [ 90%] [32m[1mLinking C shared library rosidl_generator_py/tier4_v2x_msgs/libtier4_v2x_msgs__python.so[0m
[24.330s] [ 90%] Built target tier4_v2x_msgs__python
[24.345s] [35m[1mScanning dependencies of target tier4_v2x_msgs__rosidl_typesupport_c__pyext[0m
[24.370s] [ 92%] [32mBuilding C object CMakeFiles/tier4_v2x_msgs__rosidl_typesupport_c__pyext.dir/rosidl_generator_py/tier4_v2x_msgs/_tier4_v2x_msgs_s.ep.rosidl_typesupport_c.c.o[0m
[24.613s] [ 93%] [32m[1mLinking C shared library rosidl_generator_py/tier4_v2x_msgs/tier4_v2x_msgs_s__rosidl_typesupport_c.cpython-38-x86_64-linux-gnu.so[0m
[24.655s] [ 93%] Built target tier4_v2x_msgs__rosidl_typesupport_c__pyext
[24.671s] [35m[1mScanning dependencies of target tier4_v2x_msgs__rosidl_typesupport_fastrtps_c__pyext[0m
[24.695s] [ 95%] [32mBuilding C object CMakeFiles/tier4_v2x_msgs__rosidl_typesupport_fastrtps_c__pyext.dir/rosidl_generator_py/tier4_v2x_msgs/_tier4_v2x_msgs_s.ep.rosidl_typesupport_fastrtps_c.c.o[0m
[24.918s] [ 96%] [32m[1mLinking CXX shared library rosidl_generator_py/tier4_v2x_msgs/tier4_v2x_msgs_s__rosidl_typesupport_fastrtps_c.cpython-38-x86_64-linux-gnu.so[0m
[25.051s] [ 96%] Built target tier4_v2x_msgs__rosidl_typesupport_fastrtps_c__pyext
[25.065s] [35m[1mScanning dependencies of target tier4_v2x_msgs__rosidl_typesupport_introspection_c__pyext[0m
[25.088s] [ 98%] [32mBuilding C object CMakeFiles/tier4_v2x_msgs__rosidl_typesupport_introspection_c__pyext.dir/rosidl_generator_py/tier4_v2x_msgs/_tier4_v2x_msgs_s.ep.rosidl_typesupport_introspection_c.c.o[0m
[25.377s] [100%] [32m[1mLinking C shared library rosidl_generator_py/tier4_v2x_msgs/tier4_v2x_msgs_s__rosidl_typesupport_introspection_c.cpython-38-x86_64-linux-gnu.so[0m
[25.448s] [100%] Built target tier4_v2x_msgs__rosidl_typesupport_introspection_c__pyext
[25.523s] Invoked command in '/home/cityu/autoware/build/tier4_v2x_msgs' returned '0': CMAKE_PREFIX_PATH=/opt/ros/galactic /usr/bin/cmake --build /home/cityu/autoware/build/tier4_v2x_msgs -- -j16 -l16
[25.836s] Invoking command in '/home/cityu/autoware/build/tier4_v2x_msgs': CMAKE_PREFIX_PATH=/opt/ros/galactic /usr/bin/cmake --install /home/cityu/autoware/build/tier4_v2x_msgs
[27.083s] -- Install configuration: "Release"
[27.084s] -- Execute custom install script
[27.084s] -- Symlinking: /home/cityu/autoware/install/tier4_v2x_msgs/share/ament_index/resource_index/rosidl_interfaces/tier4_v2x_msgs
[27.084s] -- Symlinking: /home/cityu/autoware/install/tier4_v2x_msgs/include/tier4_v2x_msgs/msg/detail/infrastructure_command__functions.h
[27.084s] -- Symlinking: /home/cityu/autoware/install/tier4_v2x_msgs/include/tier4_v2x_msgs/msg/detail/infrastructure_command__struct.h
[27.084s] -- Symlinking: /home/cityu/autoware/install/tier4_v2x_msgs/include/tier4_v2x_msgs/msg/detail/infrastructure_command__type_support.h
[27.084s] -- Symlinking: /home/cityu/autoware/install/tier4_v2x_msgs/include/tier4_v2x_msgs/msg/detail/infrastructure_command_array__functions.h
[27.084s] -- Symlinking: /home/cityu/autoware/install/tier4_v2x_msgs/include/tier4_v2x_msgs/msg/detail/infrastructure_command_array__struct.h
[27.085s] -- Symlinking: /home/cityu/autoware/install/tier4_v2x_msgs/include/tier4_v2x_msgs/msg/detail/infrastructure_command_array__type_support.h
[27.085s] -- Symlinking: /home/cityu/autoware/install/tier4_v2x_msgs/include/tier4_v2x_msgs/msg/detail/key_value__functions.h
[27.085s] -- Symlinking: /home/cityu/autoware/install/tier4_v2x_msgs/include/tier4_v2x_msgs/msg/detail/key_value__struct.h
[27.085s] -- Symlinking: /home/cityu/autoware/install/tier4_v2x_msgs/include/tier4_v2x_msgs/msg/detail/key_value__type_support.h
[27.085s] -- Symlinking: /home/cityu/autoware/install/tier4_v2x_msgs/include/tier4_v2x_msgs/msg/detail/virtual_traffic_light_state__functions.h
[27.085s] -- Symlinking: /home/cityu/autoware/install/tier4_v2x_msgs/include/tier4_v2x_msgs/msg/detail/virtual_traffic_light_state__struct.h
[27.085s] -- Symlinking: /home/cityu/autoware/install/tier4_v2x_msgs/include/tier4_v2x_msgs/msg/detail/virtual_traffic_light_state__type_support.h
[27.085s] -- Symlinking: /home/cityu/autoware/install/tier4_v2x_msgs/include/tier4_v2x_msgs/msg/detail/virtual_traffic_light_state_array__functions.h
[27.085s] -- Symlinking: /home/cityu/autoware/install/tier4_v2x_msgs/include/tier4_v2x_msgs/msg/detail/virtual_traffic_light_state_array__struct.h
[27.086s] -- Symlinking: /home/cityu/autoware/install/tier4_v2x_msgs/include/tier4_v2x_msgs/msg/detail/virtual_traffic_light_state_array__type_support.h
[27.086s] -- Symlinking: /home/cityu/autoware/install/tier4_v2x_msgs/include/tier4_v2x_msgs/msg/infrastructure_command.h
[27.086s] -- Symlinking: /home/cityu/autoware/install/tier4_v2x_msgs/include/tier4_v2x_msgs/msg/infrastructure_command_array.h
[27.086s] -- Symlinking: /home/cityu/autoware/install/tier4_v2x_msgs/include/tier4_v2x_msgs/msg/key_value.h
[27.086s] -- Symlinking: /home/cityu/autoware/install/tier4_v2x_msgs/include/tier4_v2x_msgs/msg/rosidl_generator_c__visibility_control.h
[27.086s] -- Symlinking: /home/cityu/autoware/install/tier4_v2x_msgs/include/tier4_v2x_msgs/msg/virtual_traffic_light_state.h
[27.086s] -- Symlinking: /home/cityu/autoware/install/tier4_v2x_msgs/include/tier4_v2x_msgs/msg/virtual_traffic_light_state_array.h
[27.086s] -- Symlinking: /home/cityu/autoware/install/tier4_v2x_msgs/share/tier4_v2x_msgs/environment/library_path.sh
[27.086s] -- Symlinking: /home/cityu/autoware/install/tier4_v2x_msgs/share/tier4_v2x_msgs/environment/library_path.dsv
[27.086s] -- Symlinking: /home/cityu/autoware/install/tier4_v2x_msgs/include/tier4_v2x_msgs/msg/detail/infrastructure_command__rosidl_typesupport_fastrtps_c.h
[27.087s] -- Symlinking: /home/cityu/autoware/install/tier4_v2x_msgs/include/tier4_v2x_msgs/msg/detail/infrastructure_command_array__rosidl_typesupport_fastrtps_c.h
[27.087s] -- Symlinking: /home/cityu/autoware/install/tier4_v2x_msgs/include/tier4_v2x_msgs/msg/detail/key_value__rosidl_typesupport_fastrtps_c.h
[27.087s] -- Symlinking: /home/cityu/autoware/install/tier4_v2x_msgs/include/tier4_v2x_msgs/msg/detail/virtual_traffic_light_state__rosidl_typesupport_fastrtps_c.h
[27.087s] -- Symlinking: /home/cityu/autoware/install/tier4_v2x_msgs/include/tier4_v2x_msgs/msg/detail/virtual_traffic_light_state_array__rosidl_typesupport_fastrtps_c.h
[27.087s] -- Symlinking: /home/cityu/autoware/install/tier4_v2x_msgs/include/tier4_v2x_msgs/msg/rosidl_typesupport_fastrtps_c__visibility_control.h
[27.099s] -- Symlinking: /home/cityu/autoware/install/tier4_v2x_msgs/lib/libtier4_v2x_msgs__rosidl_typesupport_fastrtps_c.so
[27.099s] -- Symlinking: /home/cityu/autoware/install/tier4_v2x_msgs/include/tier4_v2x_msgs/msg/detail/infrastructure_command__rosidl_typesupport_fastrtps_cpp.hpp
[27.099s] -- Symlinking: /home/cityu/autoware/install/tier4_v2x_msgs/include/tier4_v2x_msgs/msg/detail/infrastructure_command_array__rosidl_typesupport_fastrtps_cpp.hpp
[27.099s] -- Symlinking: /home/cityu/autoware/install/tier4_v2x_msgs/include/tier4_v2x_msgs/msg/detail/key_value__rosidl_typesupport_fastrtps_cpp.hpp
[27.099s] -- Symlinking: /home/cityu/autoware/install/tier4_v2x_msgs/include/tier4_v2x_msgs/msg/detail/virtual_traffic_light_state__rosidl_typesupport_fastrtps_cpp.hpp
[27.099s] -- Symlinking: /home/cityu/autoware/install/tier4_v2x_msgs/include/tier4_v2x_msgs/msg/detail/virtual_traffic_light_state_array__rosidl_typesupport_fastrtps_cpp.hpp
[27.099s] -- Symlinking: /home/cityu/autoware/install/tier4_v2x_msgs/include/tier4_v2x_msgs/msg/rosidl_typesupport_fastrtps_cpp__visibility_control.h
[27.099s] -- Symlinking: /home/cityu/autoware/install/tier4_v2x_msgs/lib/libtier4_v2x_msgs__rosidl_typesupport_fastrtps_cpp.so
[27.100s] -- Symlinking: /home/cityu/autoware/install/tier4_v2x_msgs/include/tier4_v2x_msgs/msg/detail/infrastructure_command__rosidl_typesupport_introspection_c.h
[27.100s] -- Symlinking: /home/cityu/autoware/install/tier4_v2x_msgs/include/tier4_v2x_msgs/msg/detail/infrastructure_command_array__rosidl_typesupport_introspection_c.h
[27.100s] -- Symlinking: /home/cityu/autoware/install/tier4_v2x_msgs/include/tier4_v2x_msgs/msg/detail/key_value__rosidl_typesupport_introspection_c.h
[27.100s] -- Symlinking: /home/cityu/autoware/install/tier4_v2x_msgs/include/tier4_v2x_msgs/msg/detail/virtual_traffic_light_state__rosidl_typesupport_introspection_c.h
[27.100s] -- Symlinking: /home/cityu/autoware/install/tier4_v2x_msgs/include/tier4_v2x_msgs/msg/detail/virtual_traffic_light_state_array__rosidl_typesupport_introspection_c.h
[27.100s] -- Symlinking: /home/cityu/autoware/install/tier4_v2x_msgs/include/tier4_v2x_msgs/msg/rosidl_typesupport_introspection_c__visibility_control.h
[27.100s] -- Symlinking: /home/cityu/autoware/install/tier4_v2x_msgs/include/tier4_v2x_msgs/msg/detail/infrastructure_command__builder.hpp
[27.100s] -- Symlinking: /home/cityu/autoware/install/tier4_v2x_msgs/include/tier4_v2x_msgs/msg/detail/infrastructure_command__struct.hpp
[27.100s] -- Symlinking: /home/cityu/autoware/install/tier4_v2x_msgs/include/tier4_v2x_msgs/msg/detail/infrastructure_command__traits.hpp
[27.100s] -- Symlinking: /home/cityu/autoware/install/tier4_v2x_msgs/include/tier4_v2x_msgs/msg/detail/infrastructure_command_array__builder.hpp
[27.101s] -- Symlinking: /home/cityu/autoware/install/tier4_v2x_msgs/include/tier4_v2x_msgs/msg/detail/infrastructure_command_array__struct.hpp
[27.101s] -- Symlinking: /home/cityu/autoware/install/tier4_v2x_msgs/include/tier4_v2x_msgs/msg/detail/infrastructure_command_array__traits.hpp
[27.101s] -- Symlinking: /home/cityu/autoware/install/tier4_v2x_msgs/include/tier4_v2x_msgs/msg/detail/key_value__builder.hpp
[27.101s] -- Symlinking: /home/cityu/autoware/install/tier4_v2x_msgs/include/tier4_v2x_msgs/msg/detail/key_value__struct.hpp
[27.101s] -- Symlinking: /home/cityu/autoware/install/tier4_v2x_msgs/include/tier4_v2x_msgs/msg/detail/key_value__traits.hpp
[27.101s] -- Symlinking: /home/cityu/autoware/install/tier4_v2x_msgs/include/tier4_v2x_msgs/msg/detail/virtual_traffic_light_state__builder.hpp
[27.101s] -- Symlinking: /home/cityu/autoware/install/tier4_v2x_msgs/include/tier4_v2x_msgs/msg/detail/virtual_traffic_light_state__struct.hpp
[27.101s] -- Symlinking: /home/cityu/autoware/install/tier4_v2x_msgs/include/tier4_v2x_msgs/msg/detail/virtual_traffic_light_state__traits.hpp
[27.101s] -- Symlinking: /home/cityu/autoware/install/tier4_v2x_msgs/include/tier4_v2x_msgs/msg/detail/virtual_traffic_light_state_array__builder.hpp
[27.101s] -- Symlinking: /home/cityu/autoware/install/tier4_v2x_msgs/include/tier4_v2x_msgs/msg/detail/virtual_traffic_light_state_array__struct.hpp
[27.102s] -- Symlinking: /home/cityu/autoware/install/tier4_v2x_msgs/include/tier4_v2x_msgs/msg/detail/virtual_traffic_light_state_array__traits.hpp
[27.102s] -- Symlinking: /home/cityu/autoware/install/tier4_v2x_msgs/include/tier4_v2x_msgs/msg/infrastructure_command.hpp
[27.102s] -- Symlinking: /home/cityu/autoware/install/tier4_v2x_msgs/include/tier4_v2x_msgs/msg/infrastructure_command_array.hpp
[27.102s] -- Symlinking: /home/cityu/autoware/install/tier4_v2x_msgs/include/tier4_v2x_msgs/msg/key_value.hpp
[27.102s] -- Symlinking: /home/cityu/autoware/install/tier4_v2x_msgs/include/tier4_v2x_msgs/msg/virtual_traffic_light_state.hpp
[27.102s] -- Symlinking: /home/cityu/autoware/install/tier4_v2x_msgs/include/tier4_v2x_msgs/msg/virtual_traffic_light_state_array.hpp
[27.102s] -- Symlinking: /home/cityu/autoware/install/tier4_v2x_msgs/include/tier4_v2x_msgs/msg/detail/infrastructure_command__rosidl_typesupport_introspection_cpp.hpp
[27.102s] -- Symlinking: /home/cityu/autoware/install/tier4_v2x_msgs/include/tier4_v2x_msgs/msg/detail/infrastructure_command_array__rosidl_typesupport_introspection_cpp.hpp
[27.102s] -- Symlinking: /home/cityu/autoware/install/tier4_v2x_msgs/include/tier4_v2x_msgs/msg/detail/key_value__rosidl_typesupport_introspection_cpp.hpp
[27.102s] -- Symlinking: /home/cityu/autoware/install/tier4_v2x_msgs/include/tier4_v2x_msgs/msg/detail/virtual_traffic_light_state__rosidl_typesupport_introspection_cpp.hpp
[27.103s] -- Symlinking: /home/cityu/autoware/install/tier4_v2x_msgs/include/tier4_v2x_msgs/msg/detail/virtual_traffic_light_state_array__rosidl_typesupport_introspection_cpp.hpp
[27.112s] -- Symlinking: /home/cityu/autoware/install/tier4_v2x_msgs/share/tier4_v2x_msgs/environment/pythonpath.sh
[27.127s] -- Symlinking: /home/cityu/autoware/install/tier4_v2x_msgs/share/tier4_v2x_msgs/environment/pythonpath.dsv
[27.145s] -- Symlinking: /home/cityu/autoware/install/tier4_v2x_msgs/lib/python3.8/site-packages/tier4_v2x_msgs/__init__.py
[27.163s] -- Symlinking: /home/cityu/autoware/install/tier4_v2x_msgs/lib/python3.8/site-packages/tier4_v2x_msgs/msg/__init__.py
[27.179s] -- Symlinking: /home/cityu/autoware/install/tier4_v2x_msgs/lib/python3.8/site-packages/tier4_v2x_msgs/msg/_infrastructure_command.py
[27.198s] -- Symlinking: /home/cityu/autoware/install/tier4_v2x_msgs/lib/python3.8/site-packages/tier4_v2x_msgs/msg/_infrastructure_command_array.py
[27.216s] -- Symlinking: /home/cityu/autoware/install/tier4_v2x_msgs/lib/python3.8/site-packages/tier4_v2x_msgs/msg/_key_value.py
[27.230s] -- Symlinking: /home/cityu/autoware/install/tier4_v2x_msgs/lib/python3.8/site-packages/tier4_v2x_msgs/msg/_virtual_traffic_light_state.py
[27.246s] -- Symlinking: /home/cityu/autoware/install/tier4_v2x_msgs/lib/python3.8/site-packages/tier4_v2x_msgs/msg/_virtual_traffic_light_state_array.py
[27.265s] -- Symlinking: /home/cityu/autoware/install/tier4_v2x_msgs/lib/python3.8/site-packages/tier4_v2x_msgs/tier4_v2x_msgs_s__rosidl_typesupport_fastrtps_c.cpython-38-x86_64-linux-gnu.so
[27.280s] -- Symlinking: /home/cityu/autoware/install/tier4_v2x_msgs/lib/python3.8/site-packages/tier4_v2x_msgs/tier4_v2x_msgs_s__rosidl_typesupport_introspection_c.cpython-38-x86_64-linux-gnu.so
[27.301s] -- Symlinking: /home/cityu/autoware/install/tier4_v2x_msgs/lib/python3.8/site-packages/tier4_v2x_msgs/tier4_v2x_msgs_s__rosidl_typesupport_c.cpython-38-x86_64-linux-gnu.so
[27.314s] -- Symlinking: /home/cityu/autoware/install/tier4_v2x_msgs/lib/libtier4_v2x_msgs__python.so
[27.330s] -- Symlinking: /home/cityu/autoware/install/tier4_v2x_msgs/share/tier4_v2x_msgs/msg/InfrastructureCommand.idl
[27.345s] -- Symlinking: /home/cityu/autoware/install/tier4_v2x_msgs/share/tier4_v2x_msgs/msg/InfrastructureCommandArray.idl
[27.361s] -- Symlinking: /home/cityu/autoware/install/tier4_v2x_msgs/share/tier4_v2x_msgs/msg/KeyValue.idl
[27.377s] -- Symlinking: /home/cityu/autoware/install/tier4_v2x_msgs/share/tier4_v2x_msgs/msg/VirtualTrafficLightState.idl
[27.393s] -- Symlinking: /home/cityu/autoware/install/tier4_v2x_msgs/share/tier4_v2x_msgs/msg/VirtualTrafficLightStateArray.idl
[27.407s] -- Symlinking: /home/cityu/autoware/install/tier4_v2x_msgs/share/tier4_v2x_msgs/msg/InfrastructureCommand.msg
[27.421s] -- Symlinking: /home/cityu/autoware/install/tier4_v2x_msgs/share/tier4_v2x_msgs/msg/InfrastructureCommandArray.msg
[27.434s] -- Symlinking: /home/cityu/autoware/install/tier4_v2x_msgs/share/tier4_v2x_msgs/msg/KeyValue.msg
[27.448s] -- Symlinking: /home/cityu/autoware/install/tier4_v2x_msgs/share/tier4_v2x_msgs/msg/VirtualTrafficLightState.msg
[27.461s] -- Symlinking: /home/cityu/autoware/install/tier4_v2x_msgs/share/tier4_v2x_msgs/msg/VirtualTrafficLightStateArray.msg
[27.476s] -- Symlinking: /home/cityu/autoware/install/tier4_v2x_msgs/share/ament_index/resource_index/package_run_dependencies/tier4_v2x_msgs
[27.498s] -- Symlinking: /home/cityu/autoware/install/tier4_v2x_msgs/share/ament_index/resource_index/parent_prefix_path/tier4_v2x_msgs
[27.517s] -- Symlinking: /home/cityu/autoware/install/tier4_v2x_msgs/share/tier4_v2x_msgs/environment/ament_prefix_path.sh
[27.524s] -- Symlinking: /home/cityu/autoware/install/tier4_v2x_msgs/share/tier4_v2x_msgs/environment/ament_prefix_path.dsv
[27.538s] -- Symlinking: /home/cityu/autoware/install/tier4_v2x_msgs/share/tier4_v2x_msgs/environment/path.sh
[27.551s] -- Symlinking: /home/cityu/autoware/install/tier4_v2x_msgs/share/tier4_v2x_msgs/environment/path.dsv
[27.563s] -- Symlinking: /home/cityu/autoware/install/tier4_v2x_msgs/share/tier4_v2x_msgs/local_setup.bash
[27.576s] -- Symlinking: /home/cityu/autoware/install/tier4_v2x_msgs/share/tier4_v2x_msgs/local_setup.sh
[27.589s] -- Symlinking: /home/cityu/autoware/install/tier4_v2x_msgs/share/tier4_v2x_msgs/local_setup.zsh
[27.603s] -- Symlinking: /home/cityu/autoware/install/tier4_v2x_msgs/share/tier4_v2x_msgs/local_setup.dsv
[27.620s] -- Symlinking: /home/cityu/autoware/install/tier4_v2x_msgs/share/tier4_v2x_msgs/package.dsv
[27.638s] -- Symlinking: /home/cityu/autoware/install/tier4_v2x_msgs/share/ament_index/resource_index/packages/tier4_v2x_msgs
[27.673s] -- Symlinking: /home/cityu/autoware/install/tier4_v2x_msgs/share/tier4_v2x_msgs/cmake/rosidl_cmake-extras.cmake
[27.709s] -- Symlinking: /home/cityu/autoware/install/tier4_v2x_msgs/share/tier4_v2x_msgs/cmake/ament_cmake_export_dependencies-extras.cmake
[27.726s] -- Symlinking: /home/cityu/autoware/install/tier4_v2x_msgs/share/tier4_v2x_msgs/cmake/ament_cmake_export_libraries-extras.cmake
[27.741s] -- Symlinking: /home/cityu/autoware/install/tier4_v2x_msgs/share/tier4_v2x_msgs/cmake/ament_cmake_export_targets-extras.cmake
[27.774s] -- Symlinking: /home/cityu/autoware/install/tier4_v2x_msgs/share/tier4_v2x_msgs/cmake/ament_cmake_export_include_directories-extras.cmake
[27.799s] -- Symlinking: /home/cityu/autoware/install/tier4_v2x_msgs/share/tier4_v2x_msgs/cmake/rosidl_cmake_export_typesupport_libraries-extras.cmake
[27.831s] -- Symlinking: /home/cityu/autoware/install/tier4_v2x_msgs/share/tier4_v2x_msgs/cmake/rosidl_cmake_export_typesupport_targets-extras.cmake
[27.849s] -- Symlinking: /home/cityu/autoware/install/tier4_v2x_msgs/share/tier4_v2x_msgs/cmake/tier4_v2x_msgsConfig.cmake
[27.865s] -- Symlinking: /home/cityu/autoware/install/tier4_v2x_msgs/share/tier4_v2x_msgs/cmake/tier4_v2x_msgsConfig-version.cmake
[27.881s] -- Symlinking: /home/cityu/autoware/install/tier4_v2x_msgs/share/tier4_v2x_msgs/package.xml
[27.896s] -- Installing: /home/cityu/autoware/install/tier4_v2x_msgs/lib/libtier4_v2x_msgs__rosidl_generator_c.so
[27.896s] -- Set runtime path of "/home/cityu/autoware/install/tier4_v2x_msgs/lib/libtier4_v2x_msgs__rosidl_generator_c.so" to ""
[27.896s] -- Installing: /home/cityu/autoware/install/tier4_v2x_msgs/lib/libtier4_v2x_msgs__rosidl_typesupport_introspection_c.so
[27.897s] -- Set runtime path of "/home/cityu/autoware/install/tier4_v2x_msgs/lib/libtier4_v2x_msgs__rosidl_typesupport_introspection_c.so" to ""
[27.897s] -- Installing: /home/cityu/autoware/install/tier4_v2x_msgs/lib/libtier4_v2x_msgs__rosidl_typesupport_c.so
[27.897s] -- Set runtime path of "/home/cityu/autoware/install/tier4_v2x_msgs/lib/libtier4_v2x_msgs__rosidl_typesupport_c.so" to ""
[27.897s] -- Installing: /home/cityu/autoware/install/tier4_v2x_msgs/lib/libtier4_v2x_msgs__rosidl_typesupport_introspection_cpp.so
[27.898s] -- Set runtime path of "/home/cityu/autoware/install/tier4_v2x_msgs/lib/libtier4_v2x_msgs__rosidl_typesupport_introspection_cpp.so" to ""
[27.898s] -- Installing: /home/cityu/autoware/install/tier4_v2x_msgs/lib/libtier4_v2x_msgs__rosidl_typesupport_cpp.so
[27.898s] -- Set runtime path of "/home/cityu/autoware/install/tier4_v2x_msgs/lib/libtier4_v2x_msgs__rosidl_typesupport_cpp.so" to ""
[27.946s] Compiling '/home/cityu/autoware/install/tier4_v2x_msgs/lib/python3.8/site-packages/tier4_v2x_msgs/__init__.py'...
[27.958s] -- Installing: /home/cityu/autoware/install/tier4_v2x_msgs/share/tier4_v2x_msgs/cmake/tier4_v2x_msgs__rosidl_generator_cExport.cmake
[27.959s] -- Installing: /home/cityu/autoware/install/tier4_v2x_msgs/share/tier4_v2x_msgs/cmake/tier4_v2x_msgs__rosidl_generator_cExport-release.cmake
[27.959s] -- Installing: /home/cityu/autoware/install/tier4_v2x_msgs/share/tier4_v2x_msgs/cmake/tier4_v2x_msgs__rosidl_typesupport_introspection_cExport.cmake
[27.959s] -- Installing: /home/cityu/autoware/install/tier4_v2x_msgs/share/tier4_v2x_msgs/cmake/tier4_v2x_msgs__rosidl_typesupport_introspection_cExport-release.cmake
[27.959s] -- Installing: /home/cityu/autoware/install/tier4_v2x_msgs/share/tier4_v2x_msgs/cmake/tier4_v2x_msgs__rosidl_typesupport_cExport.cmake
[27.963s] -- Installing: /home/cityu/autoware/install/tier4_v2x_msgs/share/tier4_v2x_msgs/cmake/tier4_v2x_msgs__rosidl_typesupport_cExport-release.cmake
[27.963s] -- Installing: /home/cityu/autoware/install/tier4_v2x_msgs/share/tier4_v2x_msgs/cmake/tier4_v2x_msgs__rosidl_generator_cppExport.cmake
[27.963s] -- Installing: /home/cityu/autoware/install/tier4_v2x_msgs/share/tier4_v2x_msgs/cmake/tier4_v2x_msgs__rosidl_typesupport_introspection_cppExport.cmake
[27.963s] -- Installing: /home/cityu/autoware/install/tier4_v2x_msgs/share/tier4_v2x_msgs/cmake/tier4_v2x_msgs__rosidl_typesupport_introspection_cppExport-release.cmake
[27.963s] -- Installing: /home/cityu/autoware/install/tier4_v2x_msgs/share/tier4_v2x_msgs/cmake/tier4_v2x_msgs__rosidl_typesupport_cppExport.cmake
[27.963s] -- Installing: /home/cityu/autoware/install/tier4_v2x_msgs/share/tier4_v2x_msgs/cmake/tier4_v2x_msgs__rosidl_typesupport_cppExport-release.cmake
[27.975s] Invoked command in '/home/cityu/autoware/build/tier4_v2x_msgs' returned '0': CMAKE_PREFIX_PATH=/opt/ros/galactic /usr/bin/cmake --install /home/cityu/autoware/build/tier4_v2x_msgs
