[0.200s] Invoking command in '/home/cityu/autoware/build/tier4_debug_rviz_plugin': AMENT_PREFIX_PATH=/home/cityu/autoware/install/autoware_cmake:/home/cityu/autoware/install/tier4_debug_msgs:/home/cityu/autoware/install/autoware_lint_common:${AMENT_PREFIX_PATH} CMAKE_PREFIX_PATH=/home/cityu/autoware/install/autoware_cmake:/home/cityu/autoware/install/tier4_debug_msgs:/home/cityu/autoware/install/autoware_lint_common:/opt/ros/galactic LD_LIBRARY_PATH=/home/cityu/autoware/install/tier4_debug_msgs/lib:${LD_LIBRARY_PATH} PYTHONPATH=/home/cityu/autoware/install/tier4_debug_msgs/lib/python3.8/site-packages:${PYTHONPATH} /usr/bin/cmake /home/cityu/autoware/src/universe/autoware.universe/common/tier4_debug_rviz_plugin -DCMAKE_BUILD_TYPE=Release -DDOWNLOAD_ARTIFACTS=ON -DAMENT_CMAKE_SYMLINK_INSTALL=1 -DCMAKE_INSTALL_PREFIX=/home/cityu/autoware/install/tier4_debug_rviz_plugin
[2.641s] -- Found autoware_cmake: 0.1.0 (/home/cityu/autoware/install/autoware_cmake/share/autoware_cmake/cmake)
[2.641s] -- Found ament_cmake_auto: 1.1.6 (/opt/ros/galactic/share/ament_cmake_auto/cmake)
[2.642s] -- Using PYTHON_EXECUTABLE: /usr/bin/python3
[2.642s] -- Override CMake install command with custom implementation using symlinks instead of copying resources
[2.642s] -- Using all available rosidl_typesupport_c: rosidl_typesupport_fastrtps_c;rosidl_typesupport_introspection_c
[2.642s] -- Found rosidl_adapter: 2.2.3 (/opt/ros/galactic/share/rosidl_adapter/cmake)
[2.642s] -- Using all available rosidl_typesupport_cpp: rosidl_typesupport_fastrtps_cpp;rosidl_typesupport_introspection_cpp
[2.642s] -- Found rmw_implementation_cmake: 3.3.1 (/opt/ros/galactic/share/rmw_implementation_cmake/cmake)
[2.642s] -- Found rmw_cyclonedds_cpp: 0.22.6 (/opt/ros/galactic/share/rmw_cyclonedds_cpp/cmake)
[2.642s] -- Using RMW implementation 'rmw_cyclonedds_cpp' as default
[2.642s] -- Setting OGRE_DIR to: '/opt/ros/galactic/share/rviz_ogre_vendor/cmake/../../../opt/rviz_ogre_vendor/lib/OGRE/cmake'
[2.643s] -- Found OGRE
[2.643s] --   static     : OFF
[2.643s] --   components : HLMS;MeshLodGenerator;Overlay;Paging;Property;RTShaderSystem;Terrain;Volume
[2.643s] --   plugins    : Plugin_BSPSceneManager;Plugin_OctreeSceneManager;Plugin_PCZSceneManager;Plugin_ParticleFX;RenderSystem_GL;RenderSystem_GL3Plus;Codec_STBI
[2.643s] --   media      : /opt/ros/galactic/opt/rviz_ogre_vendor/share/OGRE/Media
[2.643s] -- OGRE_LIBRARIES: OgreHLMS;OgreMeshLodGenerator;OgreOverlay;OgrePaging;OgreProperty;OgreRTShaderSystem;OgreTerrain;OgreVolume;OgreMain
[2.643s] -- OGRE_LIBRARY_DIRS: /opt/ros/galactic/opt/rviz_ogre_vendor/lib
[2.643s] -- OGRE_PLUGINS: Plugin_BSPSceneManager;Plugin_OctreeSceneManager;Plugin_PCZSceneManager;Plugin_ParticleFX;RenderSystem_GL;RenderSystem_GL3Plus;Codec_STBI
[2.643s] -- OGRE_PLUGIN_DIR: /opt/ros/galactic/opt/rviz_ogre_vendor/lib/OGRE
[2.643s] -- rviz_ogre_vendor::OgreOverlay for IMPORTED_LOCATION_RELEASE: /opt/ros/galactic/opt/rviz_ogre_vendor/lib/libOgreOverlay.so
[2.644s] -- rviz_ogre_vendor::OgreOverlay for IMPORTED_LOCATION_DEBUG: /opt/ros/galactic/opt/rviz_ogre_vendor/lib/libOgreOverlay.so
[2.644s] -- rviz_ogre_vendor::OgreMain for IMPORTED_LOCATION_RELEASE: /opt/ros/galactic/opt/rviz_ogre_vendor/lib/libOgreMain.so
[2.644s] -- rviz_ogre_vendor::OgreMain for IMPORTED_LOCATION_DEBUG: /opt/ros/galactic/opt/rviz_ogre_vendor/lib/libOgreMain.so
[2.644s] -- Could not find freeimage library
[2.644s] -- rviz_ogre_vendor::RenderSystem_GL for IMPORTED_LOCATION_RELEASE: _render_system_gl_static_library_abs-NOTFOUND
[2.644s] -- rviz_ogre_vendor::RenderSystem_GL for IMPORTED_LOCATION_DEBUG: _render_system_gl_static_library_abs-NOTFOUND
[2.644s] -- library: libassimp.so.5
[2.644s] -- library: /usr/lib/x86_64-linux-gnu/libcurl.so
[3.235s] -- Found ament_lint_auto: 0.10.7 (/opt/ros/galactic/share/ament_lint_auto/cmake)
[3.260s] -- Added test 'copyright' to check source files copyright and LICENSE
[3.262s] -- Added test 'cppcheck' to perform static code analysis on C / C++ code
[3.262s] -- Configured cppcheck include dirs: /home/cityu/autoware/src/universe/autoware.universe/common/tier4_debug_rviz_plugin/include
[3.263s] -- Configured cppcheck exclude dirs and/or files: 
[3.263s] -- Added test 'lint_cmake' to check CMake code style
[3.264s] -- Added test 'xmllint' to check XML markup files
[3.272s] -- Configuring done
[3.324s] -- Generating done
[3.327s] CMake Warning:
[3.327s]   Manually-specified variables were not used by the project:
[3.327s] 
[3.327s]     DOWNLOAD_ARTIFACTS
[3.327s] 
[3.327s] 
[3.328s] -- Build files have been written to: /home/cityu/autoware/build/tier4_debug_rviz_plugin
[3.358s] Invoked command in '/home/cityu/autoware/build/tier4_debug_rviz_plugin' returned '0': AMENT_PREFIX_PATH=/home/cityu/autoware/install/autoware_cmake:/home/cityu/autoware/install/tier4_debug_msgs:/home/cityu/autoware/install/autoware_lint_common:${AMENT_PREFIX_PATH} CMAKE_PREFIX_PATH=/home/cityu/autoware/install/autoware_cmake:/home/cityu/autoware/install/tier4_debug_msgs:/home/cityu/autoware/install/autoware_lint_common:/opt/ros/galactic LD_LIBRARY_PATH=/home/cityu/autoware/install/tier4_debug_msgs/lib:${LD_LIBRARY_PATH} PYTHONPATH=/home/cityu/autoware/install/tier4_debug_msgs/lib/python3.8/site-packages:${PYTHONPATH} /usr/bin/cmake /home/cityu/autoware/src/universe/autoware.universe/common/tier4_debug_rviz_plugin -DCMAKE_BUILD_TYPE=Release -DDOWNLOAD_ARTIFACTS=ON -DAMENT_CMAKE_SYMLINK_INSTALL=1 -DCMAKE_INSTALL_PREFIX=/home/cityu/autoware/install/tier4_debug_rviz_plugin
[3.359s] Invoking command in '/home/cityu/autoware/build/tier4_debug_rviz_plugin': AMENT_PREFIX_PATH=/home/cityu/autoware/install/autoware_cmake:/home/cityu/autoware/install/tier4_debug_msgs:/home/cityu/autoware/install/autoware_lint_common:${AMENT_PREFIX_PATH} CMAKE_PREFIX_PATH=/home/cityu/autoware/install/autoware_cmake:/home/cityu/autoware/install/tier4_debug_msgs:/home/cityu/autoware/install/autoware_lint_common:/opt/ros/galactic LD_LIBRARY_PATH=/home/cityu/autoware/install/tier4_debug_msgs/lib:${LD_LIBRARY_PATH} PYTHONPATH=/home/cityu/autoware/install/tier4_debug_msgs/lib/python3.8/site-packages:${PYTHONPATH} /usr/bin/cmake --build /home/cityu/autoware/build/tier4_debug_rviz_plugin -- -j16 -l16
[4.128s] [ 20%] [34m[1mAutomatic MOC for target tier4_debug_rviz_plugin[0m
[4.128s] [ 20%] Built target tier4_debug_rviz_plugin_autogen
[4.129s] [ 40%] [32m[1mLinking CXX shared library libtier4_debug_rviz_plugin.so[0m
[8.231s] [100%] Built target tier4_debug_rviz_plugin
[8.361s] Invoked command in '/home/cityu/autoware/build/tier4_debug_rviz_plugin' returned '0': AMENT_PREFIX_PATH=/home/cityu/autoware/install/autoware_cmake:/home/cityu/autoware/install/tier4_debug_msgs:/home/cityu/autoware/install/autoware_lint_common:${AMENT_PREFIX_PATH} CMAKE_PREFIX_PATH=/home/cityu/autoware/install/autoware_cmake:/home/cityu/autoware/install/tier4_debug_msgs:/home/cityu/autoware/install/autoware_lint_common:/opt/ros/galactic LD_LIBRARY_PATH=/home/cityu/autoware/install/tier4_debug_msgs/lib:${LD_LIBRARY_PATH} PYTHONPATH=/home/cityu/autoware/install/tier4_debug_msgs/lib/python3.8/site-packages:${PYTHONPATH} /usr/bin/cmake --build /home/cityu/autoware/build/tier4_debug_rviz_plugin -- -j16 -l16
[8.595s] Invoking command in '/home/cityu/autoware/build/tier4_debug_rviz_plugin': AMENT_PREFIX_PATH=/home/cityu/autoware/install/autoware_cmake:/home/cityu/autoware/install/tier4_debug_msgs:/home/cityu/autoware/install/autoware_lint_common:${AMENT_PREFIX_PATH} CMAKE_PREFIX_PATH=/home/cityu/autoware/install/autoware_cmake:/home/cityu/autoware/install/tier4_debug_msgs:/home/cityu/autoware/install/autoware_lint_common:/opt/ros/galactic LD_LIBRARY_PATH=/home/cityu/autoware/install/tier4_debug_msgs/lib:${LD_LIBRARY_PATH} PYTHONPATH=/home/cityu/autoware/install/tier4_debug_msgs/lib/python3.8/site-packages:${PYTHONPATH} /usr/bin/cmake --install /home/cityu/autoware/build/tier4_debug_rviz_plugin
[8.700s] -- Install configuration: "Release"
[8.700s] -- Execute custom install script
[8.700s] -- Up-to-date symlink: /home/cityu/autoware/install/tier4_debug_rviz_plugin/share/tier4_debug_rviz_plugin/plugins/plugin_description.xml
[8.700s] -- Up-to-date symlink: /home/cityu/autoware/install/tier4_debug_rviz_plugin/include/tier4_debug_rviz_plugin/float32_multi_array_stamped_pie_chart.hpp
[8.700s] -- Up-to-date symlink: /home/cityu/autoware/install/tier4_debug_rviz_plugin/include/tier4_debug_rviz_plugin/jsk_overlay_utils.hpp
[8.701s] -- Up-to-date symlink: /home/cityu/autoware/install/tier4_debug_rviz_plugin/share/tier4_debug_rviz_plugin/environment/library_path.sh
[8.701s] -- Up-to-date symlink: /home/cityu/autoware/install/tier4_debug_rviz_plugin/share/tier4_debug_rviz_plugin/environment/library_path.dsv
[8.701s] -- Up-to-date symlink: /home/cityu/autoware/install/tier4_debug_rviz_plugin/lib/libtier4_debug_rviz_plugin.so
[8.701s] -- Up-to-date symlink: /home/cityu/autoware/install/tier4_debug_rviz_plugin/share/tier4_debug_rviz_plugin/icons/classes/Float32MultiArrayStampedPieChart.png
[8.701s] -- Up-to-date symlink: /home/cityu/autoware/install/tier4_debug_rviz_plugin/share/tier4_debug_rviz_plugin/plugins/plugin_description.xml
[8.701s] -- Up-to-date symlink: /home/cityu/autoware/install/tier4_debug_rviz_plugin/share/ament_index/resource_index/package_run_dependencies/tier4_debug_rviz_plugin
[8.701s] -- Up-to-date symlink: /home/cityu/autoware/install/tier4_debug_rviz_plugin/share/ament_index/resource_index/parent_prefix_path/tier4_debug_rviz_plugin
[8.702s] -- Up-to-date symlink: /home/cityu/autoware/install/tier4_debug_rviz_plugin/share/tier4_debug_rviz_plugin/environment/ament_prefix_path.sh
[8.702s] -- Up-to-date symlink: /home/cityu/autoware/install/tier4_debug_rviz_plugin/share/tier4_debug_rviz_plugin/environment/ament_prefix_path.dsv
[8.702s] -- Up-to-date symlink: /home/cityu/autoware/install/tier4_debug_rviz_plugin/share/tier4_debug_rviz_plugin/environment/path.sh
[8.702s] -- Up-to-date symlink: /home/cityu/autoware/install/tier4_debug_rviz_plugin/share/tier4_debug_rviz_plugin/environment/path.dsv
[8.702s] -- Up-to-date symlink: /home/cityu/autoware/install/tier4_debug_rviz_plugin/share/tier4_debug_rviz_plugin/local_setup.bash
[8.702s] -- Up-to-date symlink: /home/cityu/autoware/install/tier4_debug_rviz_plugin/share/tier4_debug_rviz_plugin/local_setup.sh
[8.702s] -- Up-to-date symlink: /home/cityu/autoware/install/tier4_debug_rviz_plugin/share/tier4_debug_rviz_plugin/local_setup.zsh
[8.702s] -- Up-to-date symlink: /home/cityu/autoware/install/tier4_debug_rviz_plugin/share/tier4_debug_rviz_plugin/local_setup.dsv
[8.702s] -- Symlinking: /home/cityu/autoware/install/tier4_debug_rviz_plugin/share/tier4_debug_rviz_plugin/package.dsv
[8.702s] -- Up-to-date symlink: /home/cityu/autoware/install/tier4_debug_rviz_plugin/share/ament_index/resource_index/packages/tier4_debug_rviz_plugin
[8.703s] -- Up-to-date symlink: /home/cityu/autoware/install/tier4_debug_rviz_plugin/share/ament_index/resource_index/rviz_common__pluginlib__plugin/tier4_debug_rviz_plugin
[8.703s] -- Up-to-date symlink: /home/cityu/autoware/install/tier4_debug_rviz_plugin/share/tier4_debug_rviz_plugin/cmake/ament_cmake_export_dependencies-extras.cmake
[8.703s] -- Up-to-date symlink: /home/cityu/autoware/install/tier4_debug_rviz_plugin/share/tier4_debug_rviz_plugin/cmake/ament_cmake_export_include_directories-extras.cmake
[8.703s] -- Up-to-date symlink: /home/cityu/autoware/install/tier4_debug_rviz_plugin/share/tier4_debug_rviz_plugin/cmake/ament_cmake_export_libraries-extras.cmake
[8.703s] -- Up-to-date symlink: /home/cityu/autoware/install/tier4_debug_rviz_plugin/share/tier4_debug_rviz_plugin/cmake/tier4_debug_rviz_pluginConfig.cmake
[8.703s] -- Up-to-date symlink: /home/cityu/autoware/install/tier4_debug_rviz_plugin/share/tier4_debug_rviz_plugin/cmake/tier4_debug_rviz_pluginConfig-version.cmake
[8.703s] -- Up-to-date symlink: /home/cityu/autoware/install/tier4_debug_rviz_plugin/share/tier4_debug_rviz_plugin/package.xml
[8.757s] Invoked command in '/home/cityu/autoware/build/tier4_debug_rviz_plugin' returned '0': AMENT_PREFIX_PATH=/home/cityu/autoware/install/autoware_cmake:/home/cityu/autoware/install/tier4_debug_msgs:/home/cityu/autoware/install/autoware_lint_common:${AMENT_PREFIX_PATH} CMAKE_PREFIX_PATH=/home/cityu/autoware/install/autoware_cmake:/home/cityu/autoware/install/tier4_debug_msgs:/home/cityu/autoware/install/autoware_lint_common:/opt/ros/galactic LD_LIBRARY_PATH=/home/cityu/autoware/install/tier4_debug_msgs/lib:${LD_LIBRARY_PATH} PYTHONPATH=/home/cityu/autoware/install/tier4_debug_msgs/lib/python3.8/site-packages:${PYTHONPATH} /usr/bin/cmake --install /home/cityu/autoware/build/tier4_debug_rviz_plugin
