-- Install configuration: "Release"
-- Execute custom install script
-- Up-to-date symlink: /home/cityu/autoware/install/web_controller/share/web_controller//launch/web_controller.launch.xml
-- Up-to-date symlink: /home/cityu/autoware/install/web_controller/share/web_controller//www/web_controller/css/web_controller_style.css
-- Up-to-date symlink: /home/cityu/autoware/install/web_controller/share/web_controller//www/web_controller/icon/autoware.ico
-- Up-to-date symlink: /home/cityu/autoware/install/web_controller/share/web_controller//www/web_controller/index.html
-- Up-to-date symlink: /home/cityu/autoware/install/web_controller/share/web_controller//www/web_controller/js/autoware_engage.js
-- Up-to-date symlink: /home/cityu/autoware/install/web_controller/share/web_controller//www/web_controller/js/autoware_state.js
-- Up-to-date symlink: /home/cityu/autoware/install/web_controller/share/web_controller//www/web_controller/js/lane_change_approval.js
-- Up-to-date symlink: /home/cityu/autoware/install/web_controller/share/web_controller//www/web_controller/js/menu.js
-- Up-to-date symlink: /home/cityu/autoware/install/web_controller/share/web_controller//www/web_controller/js/path_change_approval.js
-- Up-to-date symlink: /home/cityu/autoware/install/web_controller/share/web_controller//www/web_controller/js/vehicle_engage.js
-- Up-to-date symlink: /home/cityu/autoware/install/web_controller/share/web_controller//www/web_controller/js/velocity_limit.js
-- Up-to-date symlink: /home/cityu/autoware/install/web_controller/share/ament_index/resource_index/package_run_dependencies/web_controller
-- Up-to-date symlink: /home/cityu/autoware/install/web_controller/share/ament_index/resource_index/parent_prefix_path/web_controller
-- Up-to-date symlink: /home/cityu/autoware/install/web_controller/share/web_controller/environment/ament_prefix_path.sh
-- Up-to-date symlink: /home/cityu/autoware/install/web_controller/share/web_controller/environment/ament_prefix_path.dsv
-- Up-to-date symlink: /home/cityu/autoware/install/web_controller/share/web_controller/environment/path.sh
-- Up-to-date symlink: /home/cityu/autoware/install/web_controller/share/web_controller/environment/path.dsv
-- Up-to-date symlink: /home/cityu/autoware/install/web_controller/share/web_controller/local_setup.bash
-- Up-to-date symlink: /home/cityu/autoware/install/web_controller/share/web_controller/local_setup.sh
-- Up-to-date symlink: /home/cityu/autoware/install/web_controller/share/web_controller/local_setup.zsh
-- Up-to-date symlink: /home/cityu/autoware/install/web_controller/share/web_controller/local_setup.dsv
-- Symlinking: /home/cityu/autoware/install/web_controller/share/web_controller/package.dsv
-- Up-to-date symlink: /home/cityu/autoware/install/web_controller/share/ament_index/resource_index/packages/web_controller
-- Up-to-date symlink: /home/cityu/autoware/install/web_controller/share/web_controller/cmake/web_controllerConfig.cmake
-- Up-to-date symlink: /home/cityu/autoware/install/web_controller/share/web_controller/cmake/web_controllerConfig-version.cmake
-- Up-to-date symlink: /home/cityu/autoware/install/web_controller/share/web_controller/package.xml
