[  1%] Built target autoware_auto_mapping_msgs__cpp
[ 12%] Built target autoware_auto_mapping_msgs__rosidl_generator_c
[ 23%] Built target autoware_auto_mapping_msgs__rosidl_typesupport_introspection_cpp
[ 34%] Built target autoware_auto_mapping_msgs__rosidl_typesupport_fastrtps_cpp
[ 45%] Built target autoware_auto_mapping_msgs__rosidl_typesupport_cpp
[ 56%] Built target autoware_auto_mapping_msgs__rosidl_typesupport_fastrtps_c
[ 67%] Built target autoware_auto_mapping_msgs__rosidl_typesupport_introspection_c
[ 78%] Built target autoware_auto_mapping_msgs__rosidl_typesupport_c
[ 78%] Built target autoware_auto_mapping_msgs
[ 80%] Built target autoware_auto_mapping_msgs__py
[ 89%] Built target autoware_auto_mapping_msgs__python
[ 92%] Built target autoware_auto_mapping_msgs__rosidl_typesupport_introspection_c__pyext
[ 96%] Built target autoware_auto_mapping_msgs__rosidl_typesupport_fastrtps_c__pyext
[100%] Built target autoware_auto_mapping_msgs__rosidl_typesupport_c__pyext
-- Install configuration: "Release"
-- Execute custom install script
-- Up-to-date symlink: /home/cityu/autoware/install/autoware_auto_mapping_msgs/share/ament_index/resource_index/rosidl_interfaces/autoware_auto_mapping_msgs
-- Up-to-date symlink: /home/cityu/autoware/install/autoware_auto_mapping_msgs/include/autoware_auto_mapping_msgs/msg/detail/had_map_bin__functions.h
-- Up-to-date symlink: /home/cityu/autoware/install/autoware_auto_mapping_msgs/include/autoware_auto_mapping_msgs/msg/detail/had_map_bin__struct.h
-- Up-to-date symlink: /home/cityu/autoware/install/autoware_auto_mapping_msgs/include/autoware_auto_mapping_msgs/msg/detail/had_map_bin__type_support.h
-- Up-to-date symlink: /home/cityu/autoware/install/autoware_auto_mapping_msgs/include/autoware_auto_mapping_msgs/msg/detail/had_map_segment__functions.h
-- Up-to-date symlink: /home/cityu/autoware/install/autoware_auto_mapping_msgs/include/autoware_auto_mapping_msgs/msg/detail/had_map_segment__struct.h
-- Up-to-date symlink: /home/cityu/autoware/install/autoware_auto_mapping_msgs/include/autoware_auto_mapping_msgs/msg/detail/had_map_segment__type_support.h
-- Up-to-date symlink: /home/cityu/autoware/install/autoware_auto_mapping_msgs/include/autoware_auto_mapping_msgs/msg/detail/map_primitive__functions.h
-- Up-to-date symlink: /home/cityu/autoware/install/autoware_auto_mapping_msgs/include/autoware_auto_mapping_msgs/msg/detail/map_primitive__struct.h
-- Up-to-date symlink: /home/cityu/autoware/install/autoware_auto_mapping_msgs/include/autoware_auto_mapping_msgs/msg/detail/map_primitive__type_support.h
-- Up-to-date symlink: /home/cityu/autoware/install/autoware_auto_mapping_msgs/include/autoware_auto_mapping_msgs/msg/had_map_bin.h
-- Up-to-date symlink: /home/cityu/autoware/install/autoware_auto_mapping_msgs/include/autoware_auto_mapping_msgs/msg/had_map_segment.h
-- Up-to-date symlink: /home/cityu/autoware/install/autoware_auto_mapping_msgs/include/autoware_auto_mapping_msgs/msg/map_primitive.h
-- Up-to-date symlink: /home/cityu/autoware/install/autoware_auto_mapping_msgs/include/autoware_auto_mapping_msgs/msg/rosidl_generator_c__visibility_control.h
-- Up-to-date symlink: /home/cityu/autoware/install/autoware_auto_mapping_msgs/include/autoware_auto_mapping_msgs/srv/detail/had_map_service__functions.h
-- Up-to-date symlink: /home/cityu/autoware/install/autoware_auto_mapping_msgs/include/autoware_auto_mapping_msgs/srv/detail/had_map_service__struct.h
-- Up-to-date symlink: /home/cityu/autoware/install/autoware_auto_mapping_msgs/include/autoware_auto_mapping_msgs/srv/detail/had_map_service__type_support.h
-- Up-to-date symlink: /home/cityu/autoware/install/autoware_auto_mapping_msgs/include/autoware_auto_mapping_msgs/srv/had_map_service.h
-- Up-to-date symlink: /home/cityu/autoware/install/autoware_auto_mapping_msgs/share/autoware_auto_mapping_msgs/environment/library_path.sh
-- Up-to-date symlink: /home/cityu/autoware/install/autoware_auto_mapping_msgs/share/autoware_auto_mapping_msgs/environment/library_path.dsv
-- Up-to-date symlink: /home/cityu/autoware/install/autoware_auto_mapping_msgs/include/autoware_auto_mapping_msgs/msg/detail/had_map_bin__rosidl_typesupport_fastrtps_c.h
-- Up-to-date symlink: /home/cityu/autoware/install/autoware_auto_mapping_msgs/include/autoware_auto_mapping_msgs/msg/detail/had_map_segment__rosidl_typesupport_fastrtps_c.h
-- Up-to-date symlink: /home/cityu/autoware/install/autoware_auto_mapping_msgs/include/autoware_auto_mapping_msgs/msg/detail/map_primitive__rosidl_typesupport_fastrtps_c.h
-- Up-to-date symlink: /home/cityu/autoware/install/autoware_auto_mapping_msgs/include/autoware_auto_mapping_msgs/msg/rosidl_typesupport_fastrtps_c__visibility_control.h
-- Up-to-date symlink: /home/cityu/autoware/install/autoware_auto_mapping_msgs/include/autoware_auto_mapping_msgs/srv/detail/had_map_service__rosidl_typesupport_fastrtps_c.h
-- Up-to-date symlink: /home/cityu/autoware/install/autoware_auto_mapping_msgs/lib/libautoware_auto_mapping_msgs__rosidl_typesupport_fastrtps_c.so
-- Up-to-date symlink: /home/cityu/autoware/install/autoware_auto_mapping_msgs/include/autoware_auto_mapping_msgs/msg/detail/had_map_bin__rosidl_typesupport_fastrtps_cpp.hpp
-- Up-to-date symlink: /home/cityu/autoware/install/autoware_auto_mapping_msgs/include/autoware_auto_mapping_msgs/msg/detail/had_map_segment__rosidl_typesupport_fastrtps_cpp.hpp
-- Up-to-date symlink: /home/cityu/autoware/install/autoware_auto_mapping_msgs/include/autoware_auto_mapping_msgs/msg/detail/map_primitive__rosidl_typesupport_fastrtps_cpp.hpp
-- Up-to-date symlink: /home/cityu/autoware/install/autoware_auto_mapping_msgs/include/autoware_auto_mapping_msgs/msg/rosidl_typesupport_fastrtps_cpp__visibility_control.h
-- Up-to-date symlink: /home/cityu/autoware/install/autoware_auto_mapping_msgs/include/autoware_auto_mapping_msgs/srv/detail/had_map_service__rosidl_typesupport_fastrtps_cpp.hpp
-- Up-to-date symlink: /home/cityu/autoware/install/autoware_auto_mapping_msgs/lib/libautoware_auto_mapping_msgs__rosidl_typesupport_fastrtps_cpp.so
-- Up-to-date symlink: /home/cityu/autoware/install/autoware_auto_mapping_msgs/include/autoware_auto_mapping_msgs/msg/detail/had_map_bin__rosidl_typesupport_introspection_c.h
-- Up-to-date symlink: /home/cityu/autoware/install/autoware_auto_mapping_msgs/include/autoware_auto_mapping_msgs/msg/detail/had_map_segment__rosidl_typesupport_introspection_c.h
-- Up-to-date symlink: /home/cityu/autoware/install/autoware_auto_mapping_msgs/include/autoware_auto_mapping_msgs/msg/detail/map_primitive__rosidl_typesupport_introspection_c.h
-- Up-to-date symlink: /home/cityu/autoware/install/autoware_auto_mapping_msgs/include/autoware_auto_mapping_msgs/msg/rosidl_typesupport_introspection_c__visibility_control.h
-- Up-to-date symlink: /home/cityu/autoware/install/autoware_auto_mapping_msgs/include/autoware_auto_mapping_msgs/srv/detail/had_map_service__rosidl_typesupport_introspection_c.h
-- Up-to-date symlink: /home/cityu/autoware/install/autoware_auto_mapping_msgs/include/autoware_auto_mapping_msgs/msg/detail/had_map_bin__builder.hpp
-- Up-to-date symlink: /home/cityu/autoware/install/autoware_auto_mapping_msgs/include/autoware_auto_mapping_msgs/msg/detail/had_map_bin__struct.hpp
-- Up-to-date symlink: /home/cityu/autoware/install/autoware_auto_mapping_msgs/include/autoware_auto_mapping_msgs/msg/detail/had_map_bin__traits.hpp
-- Up-to-date symlink: /home/cityu/autoware/install/autoware_auto_mapping_msgs/include/autoware_auto_mapping_msgs/msg/detail/had_map_segment__builder.hpp
-- Up-to-date symlink: /home/cityu/autoware/install/autoware_auto_mapping_msgs/include/autoware_auto_mapping_msgs/msg/detail/had_map_segment__struct.hpp
-- Up-to-date symlink: /home/cityu/autoware/install/autoware_auto_mapping_msgs/include/autoware_auto_mapping_msgs/msg/detail/had_map_segment__traits.hpp
-- Up-to-date symlink: /home/cityu/autoware/install/autoware_auto_mapping_msgs/include/autoware_auto_mapping_msgs/msg/detail/map_primitive__builder.hpp
-- Up-to-date symlink: /home/cityu/autoware/install/autoware_auto_mapping_msgs/include/autoware_auto_mapping_msgs/msg/detail/map_primitive__struct.hpp
-- Up-to-date symlink: /home/cityu/autoware/install/autoware_auto_mapping_msgs/include/autoware_auto_mapping_msgs/msg/detail/map_primitive__traits.hpp
-- Up-to-date symlink: /home/cityu/autoware/install/autoware_auto_mapping_msgs/include/autoware_auto_mapping_msgs/msg/had_map_bin.hpp
-- Up-to-date symlink: /home/cityu/autoware/install/autoware_auto_mapping_msgs/include/autoware_auto_mapping_msgs/msg/had_map_segment.hpp
-- Up-to-date symlink: /home/cityu/autoware/install/autoware_auto_mapping_msgs/include/autoware_auto_mapping_msgs/msg/map_primitive.hpp
-- Up-to-date symlink: /home/cityu/autoware/install/autoware_auto_mapping_msgs/include/autoware_auto_mapping_msgs/srv/detail/had_map_service__builder.hpp
-- Up-to-date symlink: /home/cityu/autoware/install/autoware_auto_mapping_msgs/include/autoware_auto_mapping_msgs/srv/detail/had_map_service__struct.hpp
-- Up-to-date symlink: /home/cityu/autoware/install/autoware_auto_mapping_msgs/include/autoware_auto_mapping_msgs/srv/detail/had_map_service__traits.hpp
-- Up-to-date symlink: /home/cityu/autoware/install/autoware_auto_mapping_msgs/include/autoware_auto_mapping_msgs/srv/had_map_service.hpp
-- Up-to-date symlink: /home/cityu/autoware/install/autoware_auto_mapping_msgs/include/autoware_auto_mapping_msgs/msg/detail/had_map_bin__rosidl_typesupport_introspection_cpp.hpp
-- Up-to-date symlink: /home/cityu/autoware/install/autoware_auto_mapping_msgs/include/autoware_auto_mapping_msgs/msg/detail/had_map_segment__rosidl_typesupport_introspection_cpp.hpp
-- Up-to-date symlink: /home/cityu/autoware/install/autoware_auto_mapping_msgs/include/autoware_auto_mapping_msgs/msg/detail/map_primitive__rosidl_typesupport_introspection_cpp.hpp
-- Up-to-date symlink: /home/cityu/autoware/install/autoware_auto_mapping_msgs/include/autoware_auto_mapping_msgs/srv/detail/had_map_service__rosidl_typesupport_introspection_cpp.hpp
-- Up-to-date symlink: /home/cityu/autoware/install/autoware_auto_mapping_msgs/share/autoware_auto_mapping_msgs/environment/pythonpath.sh
-- Up-to-date symlink: /home/cityu/autoware/install/autoware_auto_mapping_msgs/share/autoware_auto_mapping_msgs/environment/pythonpath.dsv
-- Up-to-date symlink: /home/cityu/autoware/install/autoware_auto_mapping_msgs/lib/python3.8/site-packages/autoware_auto_mapping_msgs/__init__.py
-- Up-to-date symlink: /home/cityu/autoware/install/autoware_auto_mapping_msgs/lib/python3.8/site-packages/autoware_auto_mapping_msgs/msg/__init__.py
-- Up-to-date symlink: /home/cityu/autoware/install/autoware_auto_mapping_msgs/lib/python3.8/site-packages/autoware_auto_mapping_msgs/msg/_had_map_bin.py
-- Up-to-date symlink: /home/cityu/autoware/install/autoware_auto_mapping_msgs/lib/python3.8/site-packages/autoware_auto_mapping_msgs/msg/_had_map_segment.py
-- Up-to-date symlink: /home/cityu/autoware/install/autoware_auto_mapping_msgs/lib/python3.8/site-packages/autoware_auto_mapping_msgs/msg/_map_primitive.py
-- Up-to-date symlink: /home/cityu/autoware/install/autoware_auto_mapping_msgs/lib/python3.8/site-packages/autoware_auto_mapping_msgs/srv/__init__.py
-- Up-to-date symlink: /home/cityu/autoware/install/autoware_auto_mapping_msgs/lib/python3.8/site-packages/autoware_auto_mapping_msgs/srv/_had_map_service.py
-- Up-to-date symlink: /home/cityu/autoware/install/autoware_auto_mapping_msgs/lib/python3.8/site-packages/autoware_auto_mapping_msgs/autoware_auto_mapping_msgs_s__rosidl_typesupport_fastrtps_c.cpython-38-x86_64-linux-gnu.so
-- Up-to-date symlink: /home/cityu/autoware/install/autoware_auto_mapping_msgs/lib/python3.8/site-packages/autoware_auto_mapping_msgs/autoware_auto_mapping_msgs_s__rosidl_typesupport_introspection_c.cpython-38-x86_64-linux-gnu.so
-- Up-to-date symlink: /home/cityu/autoware/install/autoware_auto_mapping_msgs/lib/python3.8/site-packages/autoware_auto_mapping_msgs/autoware_auto_mapping_msgs_s__rosidl_typesupport_c.cpython-38-x86_64-linux-gnu.so
-- Up-to-date symlink: /home/cityu/autoware/install/autoware_auto_mapping_msgs/lib/libautoware_auto_mapping_msgs__python.so
-- Up-to-date symlink: /home/cityu/autoware/install/autoware_auto_mapping_msgs/share/autoware_auto_mapping_msgs/msg/HADMapBin.idl
-- Up-to-date symlink: /home/cityu/autoware/install/autoware_auto_mapping_msgs/share/autoware_auto_mapping_msgs/msg/HADMapSegment.idl
-- Up-to-date symlink: /home/cityu/autoware/install/autoware_auto_mapping_msgs/share/autoware_auto_mapping_msgs/msg/MapPrimitive.idl
-- Up-to-date symlink: /home/cityu/autoware/install/autoware_auto_mapping_msgs/share/autoware_auto_mapping_msgs/srv/HADMapService.idl
-- Up-to-date symlink: /home/cityu/autoware/install/autoware_auto_mapping_msgs/share/ament_index/resource_index/package_run_dependencies/autoware_auto_mapping_msgs
-- Up-to-date symlink: /home/cityu/autoware/install/autoware_auto_mapping_msgs/share/ament_index/resource_index/parent_prefix_path/autoware_auto_mapping_msgs
-- Up-to-date symlink: /home/cityu/autoware/install/autoware_auto_mapping_msgs/share/autoware_auto_mapping_msgs/environment/ament_prefix_path.sh
-- Up-to-date symlink: /home/cityu/autoware/install/autoware_auto_mapping_msgs/share/autoware_auto_mapping_msgs/environment/ament_prefix_path.dsv
-- Up-to-date symlink: /home/cityu/autoware/install/autoware_auto_mapping_msgs/share/autoware_auto_mapping_msgs/environment/path.sh
-- Up-to-date symlink: /home/cityu/autoware/install/autoware_auto_mapping_msgs/share/autoware_auto_mapping_msgs/environment/path.dsv
-- Up-to-date symlink: /home/cityu/autoware/install/autoware_auto_mapping_msgs/share/autoware_auto_mapping_msgs/local_setup.bash
-- Up-to-date symlink: /home/cityu/autoware/install/autoware_auto_mapping_msgs/share/autoware_auto_mapping_msgs/local_setup.sh
-- Up-to-date symlink: /home/cityu/autoware/install/autoware_auto_mapping_msgs/share/autoware_auto_mapping_msgs/local_setup.zsh
-- Up-to-date symlink: /home/cityu/autoware/install/autoware_auto_mapping_msgs/share/autoware_auto_mapping_msgs/local_setup.dsv
-- Symlinking: /home/cityu/autoware/install/autoware_auto_mapping_msgs/share/autoware_auto_mapping_msgs/package.dsv
-- Up-to-date symlink: /home/cityu/autoware/install/autoware_auto_mapping_msgs/share/ament_index/resource_index/packages/autoware_auto_mapping_msgs
-- Up-to-date symlink: /home/cityu/autoware/install/autoware_auto_mapping_msgs/share/autoware_auto_mapping_msgs/cmake/rosidl_cmake-extras.cmake
-- Up-to-date symlink: /home/cityu/autoware/install/autoware_auto_mapping_msgs/share/autoware_auto_mapping_msgs/cmake/ament_cmake_export_dependencies-extras.cmake
-- Up-to-date symlink: /home/cityu/autoware/install/autoware_auto_mapping_msgs/share/autoware_auto_mapping_msgs/cmake/ament_cmake_export_libraries-extras.cmake
-- Up-to-date symlink: /home/cityu/autoware/install/autoware_auto_mapping_msgs/share/autoware_auto_mapping_msgs/cmake/ament_cmake_export_targets-extras.cmake
-- Up-to-date symlink: /home/cityu/autoware/install/autoware_auto_mapping_msgs/share/autoware_auto_mapping_msgs/cmake/ament_cmake_export_include_directories-extras.cmake
-- Up-to-date symlink: /home/cityu/autoware/install/autoware_auto_mapping_msgs/share/autoware_auto_mapping_msgs/cmake/rosidl_cmake_export_typesupport_libraries-extras.cmake
-- Up-to-date symlink: /home/cityu/autoware/install/autoware_auto_mapping_msgs/share/autoware_auto_mapping_msgs/cmake/rosidl_cmake_export_typesupport_targets-extras.cmake
-- Up-to-date symlink: /home/cityu/autoware/install/autoware_auto_mapping_msgs/share/autoware_auto_mapping_msgs/cmake/autoware_auto_mapping_msgsConfig.cmake
-- Up-to-date symlink: /home/cityu/autoware/install/autoware_auto_mapping_msgs/share/autoware_auto_mapping_msgs/cmake/autoware_auto_mapping_msgsConfig-version.cmake
-- Up-to-date symlink: /home/cityu/autoware/install/autoware_auto_mapping_msgs/share/autoware_auto_mapping_msgs/package.xml
-- Up-to-date: /home/cityu/autoware/install/autoware_auto_mapping_msgs/lib/libautoware_auto_mapping_msgs__rosidl_generator_c.so
-- Up-to-date: /home/cityu/autoware/install/autoware_auto_mapping_msgs/lib/libautoware_auto_mapping_msgs__rosidl_typesupport_introspection_c.so
-- Up-to-date: /home/cityu/autoware/install/autoware_auto_mapping_msgs/lib/libautoware_auto_mapping_msgs__rosidl_typesupport_c.so
-- Up-to-date: /home/cityu/autoware/install/autoware_auto_mapping_msgs/lib/libautoware_auto_mapping_msgs__rosidl_typesupport_introspection_cpp.so
-- Up-to-date: /home/cityu/autoware/install/autoware_auto_mapping_msgs/lib/libautoware_auto_mapping_msgs__rosidl_typesupport_cpp.so
-- Up-to-date: /home/cityu/autoware/install/autoware_auto_mapping_msgs/share/autoware_auto_mapping_msgs/cmake/autoware_auto_mapping_msgs__rosidl_generator_cExport.cmake
-- Up-to-date: /home/cityu/autoware/install/autoware_auto_mapping_msgs/share/autoware_auto_mapping_msgs/cmake/autoware_auto_mapping_msgs__rosidl_generator_cExport-release.cmake
-- Up-to-date: /home/cityu/autoware/install/autoware_auto_mapping_msgs/share/autoware_auto_mapping_msgs/cmake/autoware_auto_mapping_msgs__rosidl_typesupport_introspection_cExport.cmake
-- Up-to-date: /home/cityu/autoware/install/autoware_auto_mapping_msgs/share/autoware_auto_mapping_msgs/cmake/autoware_auto_mapping_msgs__rosidl_typesupport_introspection_cExport-release.cmake
-- Up-to-date: /home/cityu/autoware/install/autoware_auto_mapping_msgs/share/autoware_auto_mapping_msgs/cmake/autoware_auto_mapping_msgs__rosidl_typesupport_cExport.cmake
-- Up-to-date: /home/cityu/autoware/install/autoware_auto_mapping_msgs/share/autoware_auto_mapping_msgs/cmake/autoware_auto_mapping_msgs__rosidl_typesupport_cExport-release.cmake
-- Up-to-date: /home/cityu/autoware/install/autoware_auto_mapping_msgs/share/autoware_auto_mapping_msgs/cmake/autoware_auto_mapping_msgs__rosidl_generator_cppExport.cmake
-- Up-to-date: /home/cityu/autoware/install/autoware_auto_mapping_msgs/share/autoware_auto_mapping_msgs/cmake/autoware_auto_mapping_msgs__rosidl_typesupport_introspection_cppExport.cmake
-- Up-to-date: /home/cityu/autoware/install/autoware_auto_mapping_msgs/share/autoware_auto_mapping_msgs/cmake/autoware_auto_mapping_msgs__rosidl_typesupport_introspection_cppExport-release.cmake
-- Up-to-date: /home/cityu/autoware/install/autoware_auto_mapping_msgs/share/autoware_auto_mapping_msgs/cmake/autoware_auto_mapping_msgs__rosidl_typesupport_cppExport.cmake
-- Up-to-date: /home/cityu/autoware/install/autoware_auto_mapping_msgs/share/autoware_auto_mapping_msgs/cmake/autoware_auto_mapping_msgs__rosidl_typesupport_cppExport-release.cmake
