-- Found autoware_cmake: 0.1.0 (/home/cityu/autoware/install/autoware_cmake/share/autoware_cmake/cmake)
-- Found ament_cmake_auto: 1.1.6 (/opt/ros/galactic/share/ament_cmake_auto/cmake)
-- Using PYTHON_EXECUTABLE: /usr/bin/python3
-- Override CMake install command with custom implementation using symlinks instead of copying resources
-- Using all available rosidl_typesupport_c: rosidl_typesupport_fastrtps_c;rosidl_typesupport_introspection_c
-- Found rosidl_adapter: 2.2.3 (/opt/ros/galactic/share/rosidl_adapter/cmake)
-- Using all available rosidl_typesupport_cpp: rosidl_typesupport_fastrtps_cpp;rosidl_typesupport_introspection_cpp
-- Found rmw_implementation_cmake: 3.3.1 (/opt/ros/galactic/share/rmw_implementation_cmake/cmake)
-- Found rmw_cyclonedds_cpp: 0.22.6 (/opt/ros/galactic/share/rmw_cyclonedds_cpp/cmake)
-- Using RMW implementation 'rmw_cyclonedds_cpp' as default
-- Found eigen3_cmake_module: 0.1.1 (/opt/ros/galactic/share/eigen3_cmake_module/cmake)
-- Eigen found (include: /usr/include/eigen3, version: 3.3.7)
-- The imported target "vtkParseOGLExt" references the file
   "/usr/bin/vtkParseOGLExt-7.1"
but this file does not exist.  Possible reasons include:
* The file was deleted, renamed, or moved to another location.
* An install or uninstall procedure did not complete successfully.
* The installation package was faulty and contained
   "/usr/lib/cmake/vtk-7.1/VTKTargets.cmake"
but not all the files it references.

-- The imported target "vtkRenderingPythonTkWidgets" references the file
   "/usr/lib/x86_64-linux-gnu/libvtkRenderingPythonTkWidgets.so"
but this file does not exist.  Possible reasons include:
* The file was deleted, renamed, or moved to another location.
* An install or uninstall procedure did not complete successfully.
* The installation package was faulty and contained
   "/usr/lib/cmake/vtk-7.1/VTKTargets.cmake"
but not all the files it references.

-- The imported target "vtk" references the file
   "/usr/bin/vtk"
but this file does not exist.  Possible reasons include:
* The file was deleted, renamed, or moved to another location.
* An install or uninstall procedure did not complete successfully.
* The installation package was faulty and contained
   "/usr/lib/cmake/vtk-7.1/VTKTargets.cmake"
but not all the files it references.

-- The imported target "pvtk" references the file
   "/usr/bin/pvtk"
but this file does not exist.  Possible reasons include:
* The file was deleted, renamed, or moved to another location.
* An install or uninstall procedure did not complete successfully.
* The installation package was faulty and contained
   "/usr/lib/cmake/vtk-7.1/VTKTargets.cmake"
but not all the files it references.

-- Checking for module 'libusb-1.0'
--   No package 'libusb-1.0' found
-- Could NOT find USB_10 (missing: USB_10_LIBRARY USB_10_INCLUDE_DIR) 
-- OpenNI disabled because libusb-1.0 not found.
-- Checking for module 'libusb-1.0'
--   No package 'libusb-1.0' found
-- Could NOT find USB_10 (missing: USB_10_LIBRARY USB_10_INCLUDE_DIR) 
-- OpenNI 2 disabled because libusb-1.0 not found.
-- LIBUSB_1_LIBRARY (missing: LIBUSB_1_INCLUDE_DIR) 
-- Checking for module 'libusb-1.0'
--   No package 'libusb-1.0' found
-- Could NOT find USB_10 (missing: USB_10_LIBRARY USB_10_INCLUDE_DIR) 
-- OpenNI disabled because libusb-1.0 not found.
-- Checking for module 'libusb-1.0'
--   No package 'libusb-1.0' found
-- Could NOT find USB_10 (missing: USB_10_LIBRARY USB_10_INCLUDE_DIR) 
-- OpenNI 2 disabled because libusb-1.0 not found.
-- QHULL found (include: /usr/include, lib: optimized;/usr/lib/x86_64-linux-gnu/libqhull.so;debug;/usr/lib/x86_64-linux-gnu/libqhull.so)
-- Checking for module 'libusb-1.0'
--   No package 'libusb-1.0' found
-- Could NOT find USB_10 (missing: USB_10_LIBRARY USB_10_INCLUDE_DIR) 
-- OpenNI disabled because libusb-1.0 not found.
-- Found ament_lint_auto: 0.10.7 (/opt/ros/galactic/share/ament_lint_auto/cmake)
-- Downloading centerpoint_encoder-x86_64-llvm-2.1.0-20221102.tar.gz ...
-- Downloading centerpoint_backbone-x86_64-llvm-2.1.0-20221102.tar.gz ...
-- Added test 'copyright' to check source files copyright and LICENSE
-- Added test 'cppcheck' to perform static code analysis on C / C++ code
-- Configured cppcheck include dirs: /home/cityu/autoware/src/universe/autoware.universe/perception/lidar_centerpoint_tvm/include;/home/cityu/autoware/src/universe/autoware.universe/perception/lidar_centerpoint_tvm/data/models
-- Configured cppcheck exclude dirs and/or files: 
-- Added test 'lint_cmake' to check CMake code style
-- Added test 'xmllint' to check XML markup files
-- Configuring done
-- Generating done
-- Build files have been written to: /home/cityu/autoware/build/lidar_centerpoint_tvm
[35m[1mScanning dependencies of target centerpoint_backbone_llvm[0m
[  3%] [34m[1mCreating directories for 'centerpoint_backbone_llvm'[0m
[  6%] [34m[1mPerforming download step (download, verify and extract) for 'centerpoint_backbone_llvm'[0m
-- Downloading...
   dst='/home/cityu/autoware/src/universe/autoware.universe/perception/lidar_centerpoint_tvm/data/downloads/centerpoint_backbone-x86_64-llvm-2.1.0-20221102.tar.gz'
   timeout='none'
-- Using src='https://autoware-modelzoo.s3.us-east-2.amazonaws.com/models/2.1.0-20221102/centerpoint_backbone-x86_64-llvm-2.1.0-20221102.tar.gz'
-- [download 0% complete]
-- [download 1% complete]
-- [download 2% complete]
-- [download 3% complete]
-- [download 4% complete]
-- [download 5% complete]
-- [download 6% complete]
-- [download 7% complete]
-- [download 8% complete]
-- [download 9% complete]
-- [download 10% complete]
-- [download 11% complete]
-- [download 12% complete]
-- [download 13% complete]
-- [download 14% complete]
-- [download 15% complete]
-- [download 16% complete]
-- [download 17% complete]
-- [download 18% complete]
-- [download 19% complete]
-- [download 20% complete]
-- [download 21% complete]
-- [download 22% complete]
-- [download 23% complete]
-- [download 24% complete]
-- [download 25% complete]
-- [download 26% complete]
-- [download 27% complete]
-- [download 28% complete]
-- [download 29% complete]
-- [download 30% complete]
-- [download 31% complete]
-- [download 32% complete]
-- [download 33% complete]
-- [download 34% complete]
-- [download 35% complete]
-- [download 36% complete]
-- [download 37% complete]
-- [download 38% complete]
-- [download 39% complete]
-- [download 40% complete]
-- [download 41% complete]
-- [download 42% complete]
-- [download 43% complete]
-- [download 44% complete]
-- [download 45% complete]
-- [download 46% complete]
-- [download 47% complete]
-- [download 48% complete]
-- [download 49% complete]
-- [download 50% complete]
-- [download 51% complete]
-- [download 52% complete]
-- [download 53% complete]
-- [download 54% complete]
-- [download 55% complete]
-- [download 56% complete]
-- [download 57% complete]
-- [download 58% complete]
-- [download 59% complete]
-- [download 60% complete]
-- [download 61% complete]
-- [download 62% complete]
-- [download 63% complete]
-- [download 64% complete]
-- [download 65% complete]
-- [download 66% complete]
-- [download 67% complete]
-- [download 68% complete]
-- [download 69% complete]
-- [download 70% complete]
-- [download 71% complete]
-- [download 72% complete]
-- [download 73% complete]
-- [download 74% complete]
-- [download 75% complete]
-- [download 76% complete]
-- [download 77% complete]
-- [download 78% complete]
-- [download 79% complete]
-- [download 80% complete]
-- [download 81% complete]
-- [download 82% complete]
-- [download 83% complete]
-- [download 84% complete]
-- [download 85% complete]
-- [download 86% complete]
-- [download 87% complete]
-- [download 88% complete]
-- [download 89% complete]
-- [download 90% complete]
-- [download 91% complete]
-- [download 92% complete]
-- [download 93% complete]
-- [download 94% complete]
-- [download 95% complete]
-- [download 96% complete]
-- [download 97% complete]
-- [download 98% complete]
-- [download 99% complete]
-- [download 100% complete]
-- Downloading... done
-- extracting...
     src='/home/cityu/autoware/src/universe/autoware.universe/perception/lidar_centerpoint_tvm/data/downloads/centerpoint_backbone-x86_64-llvm-2.1.0-20221102.tar.gz'
     dst='/home/cityu/autoware/src/universe/autoware.universe/perception/lidar_centerpoint_tvm/data/models/centerpoint_backbone'
-- extracting... [tar xfz]
-- extracting... [analysis]
-- extracting... [rename]
-- extracting... [clean up]
-- extracting... done
[ 10%] [34m[1mNo patch step for 'centerpoint_backbone_llvm'[0m
[ 13%] [34m[1mNo update step for 'centerpoint_backbone_llvm'[0m
[ 16%] [34m[1mNo configure step for 'centerpoint_backbone_llvm'[0m
[ 20%] [34m[1mNo build step for 'centerpoint_backbone_llvm'[0m
[ 23%] [34m[1mNo install step for 'centerpoint_backbone_llvm'[0m
[ 26%] [34m[1mCompleted 'centerpoint_backbone_llvm'[0m
[ 26%] Built target centerpoint_backbone_llvm
[35m[1mScanning dependencies of target lidar_centerpoint_tvm_node[0m
[35m[1mScanning dependencies of target centerpoint_encoder_llvm[0m
[ 30%] [34m[1mCreating directories for 'centerpoint_encoder_llvm'[0m
[ 33%] [32mBuilding CXX object CMakeFiles/lidar_centerpoint_tvm_node.dir/rclcpp_components/node_main_lidar_centerpoint_tvm_node.cpp.o[0m
[ 36%] [34m[1mPerforming download step (download, verify and extract) for 'centerpoint_encoder_llvm'[0m
-- Downloading...
   dst='/home/cityu/autoware/src/universe/autoware.universe/perception/lidar_centerpoint_tvm/data/downloads/centerpoint_encoder-x86_64-llvm-2.1.0-20221102.tar.gz'
   timeout='none'
-- Using src='https://autoware-modelzoo.s3.us-east-2.amazonaws.com/models/2.1.0-20221102/centerpoint_encoder-x86_64-llvm-2.1.0-20221102.tar.gz'
-- [download 0% complete]
-- [download 50% complete]
-- [download 100% complete]
-- Downloading... done
-- extracting...
     src='/home/cityu/autoware/src/universe/autoware.universe/perception/lidar_centerpoint_tvm/data/downloads/centerpoint_encoder-x86_64-llvm-2.1.0-20221102.tar.gz'
     dst='/home/cityu/autoware/src/universe/autoware.universe/perception/lidar_centerpoint_tvm/data/models/centerpoint_encoder'
-- extracting... [tar xfz]
-- extracting... [analysis]
-- extracting... [rename]
-- extracting... [clean up]
-- extracting... done
[ 43%] [34m[1mNo update step for 'centerpoint_encoder_llvm'[0m
[ 43%] [34m[1mNo patch step for 'centerpoint_encoder_llvm'[0m
[ 46%] [34m[1mNo configure step for 'centerpoint_encoder_llvm'[0m
[ 50%] [34m[1mNo build step for 'centerpoint_encoder_llvm'[0m
[ 53%] [34m[1mNo install step for 'centerpoint_encoder_llvm'[0m
[ 56%] [34m[1mCompleted 'centerpoint_encoder_llvm'[0m
[ 56%] Built target centerpoint_encoder_llvm
[35m[1mScanning dependencies of target lidar_centerpoint_tvm[0m
[ 63%] [32mBuilding CXX object CMakeFiles/lidar_centerpoint_tvm.dir/lib/centerpoint_tvm.cpp.o[0m
[ 63%] [32mBuilding CXX object CMakeFiles/lidar_centerpoint_tvm.dir/lib/utils.cpp.o[0m
[ 66%] [32mBuilding CXX object CMakeFiles/lidar_centerpoint_tvm.dir/lib/postprocess/generate_detected_boxes.cpp.o[0m
[ 70%] [32m[1mLinking CXX executable lidar_centerpoint_tvm_node[0m
[ 73%] [32mBuilding CXX object CMakeFiles/lidar_centerpoint_tvm.dir/lib/postprocess/circle_nms.cpp.o[0m
[ 73%] Built target lidar_centerpoint_tvm_node
[ 76%] [32mBuilding CXX object CMakeFiles/lidar_centerpoint_tvm.dir/lib/preprocess/generate_features.cpp.o[0m
[ 80%] [32mBuilding CXX object CMakeFiles/lidar_centerpoint_tvm.dir/lib/preprocess/voxel_generator.cpp.o[0m
[ 83%] [32mBuilding CXX object CMakeFiles/lidar_centerpoint_tvm.dir/lib/preprocess/pointcloud_densification.cpp.o[0m
[ 86%] [32mBuilding CXX object CMakeFiles/lidar_centerpoint_tvm.dir/lib/network/scatter.cpp.o[0m
[ 90%] [32mBuilding CXX object CMakeFiles/lidar_centerpoint_tvm.dir/lib/ros_utils.cpp.o[0m
[ 93%] [32m[1mLinking CXX shared library liblidar_centerpoint_tvm.so[0m
[ 93%] Built target lidar_centerpoint_tvm
[35m[1mScanning dependencies of target lidar_centerpoint_tvm_component[0m
[ 96%] [32mBuilding CXX object CMakeFiles/lidar_centerpoint_tvm_component.dir/src/node.cpp.o[0m
[100%] [32m[1mLinking CXX shared library liblidar_centerpoint_tvm_component.so[0m
[100%] Built target lidar_centerpoint_tvm_component
-- Install configuration: "Release"
-- Execute custom install script
-- Symlinking: /home/cityu/autoware/install/lidar_centerpoint_tvm/lib/lidar_centerpoint_tvm/lidar_centerpoint_tvm_node
-- Up-to-date symlink: /home/cityu/autoware/install/lidar_centerpoint_tvm/include/lidar_centerpoint_tvm/centerpoint_config.hpp
-- Up-to-date symlink: /home/cityu/autoware/install/lidar_centerpoint_tvm/include/lidar_centerpoint_tvm/centerpoint_tvm.hpp
-- Up-to-date symlink: /home/cityu/autoware/install/lidar_centerpoint_tvm/include/lidar_centerpoint_tvm/network/scatter.hpp
-- Up-to-date symlink: /home/cityu/autoware/install/lidar_centerpoint_tvm/include/lidar_centerpoint_tvm/node.hpp
-- Up-to-date symlink: /home/cityu/autoware/install/lidar_centerpoint_tvm/include/lidar_centerpoint_tvm/postprocess/circle_nms.hpp
-- Up-to-date symlink: /home/cityu/autoware/install/lidar_centerpoint_tvm/include/lidar_centerpoint_tvm/postprocess/generate_detected_boxes.hpp
-- Up-to-date symlink: /home/cityu/autoware/install/lidar_centerpoint_tvm/include/lidar_centerpoint_tvm/preprocess/generate_features.hpp
-- Up-to-date symlink: /home/cityu/autoware/install/lidar_centerpoint_tvm/include/lidar_centerpoint_tvm/preprocess/pointcloud_densification.hpp
-- Up-to-date symlink: /home/cityu/autoware/install/lidar_centerpoint_tvm/include/lidar_centerpoint_tvm/preprocess/voxel_generator.hpp
-- Up-to-date symlink: /home/cityu/autoware/install/lidar_centerpoint_tvm/include/lidar_centerpoint_tvm/ros_utils.hpp
-- Up-to-date symlink: /home/cityu/autoware/install/lidar_centerpoint_tvm/include/lidar_centerpoint_tvm/utils.hpp
-- Up-to-date symlink: /home/cityu/autoware/install/lidar_centerpoint_tvm/include/lidar_centerpoint_tvm/visibility_control.hpp
-- Symlinking: /home/cityu/autoware/install/lidar_centerpoint_tvm/share/lidar_centerpoint_tvm/environment/library_path.sh
-- Symlinking: /home/cityu/autoware/install/lidar_centerpoint_tvm/share/lidar_centerpoint_tvm/environment/library_path.dsv
-- Symlinking: /home/cityu/autoware/install/lidar_centerpoint_tvm/lib/liblidar_centerpoint_tvm.so
-- Symlinking: /home/cityu/autoware/install/lidar_centerpoint_tvm/lib/liblidar_centerpoint_tvm_component.so
-- Symlinking: /home/cityu/autoware/install/lidar_centerpoint_tvm/share/lidar_centerpoint_tvm/launch/lidar_centerpoint_tvm.launch.xml
-- Symlinking: /home/cityu/autoware/install/lidar_centerpoint_tvm/share/lidar_centerpoint_tvm/config/centerpoint.param.yaml
-- Symlinking: /home/cityu/autoware/install/lidar_centerpoint_tvm/share/lidar_centerpoint_tvm/config/centerpoint_tiny.param.yaml
-- Up-to-date symlink: /home/cityu/autoware/install/lidar_centerpoint_tvm/share/ament_index/resource_index/package_run_dependencies/lidar_centerpoint_tvm
-- Up-to-date symlink: /home/cityu/autoware/install/lidar_centerpoint_tvm/share/ament_index/resource_index/parent_prefix_path/lidar_centerpoint_tvm
-- Up-to-date symlink: /home/cityu/autoware/install/lidar_centerpoint_tvm/share/lidar_centerpoint_tvm/environment/ament_prefix_path.sh
-- Up-to-date symlink: /home/cityu/autoware/install/lidar_centerpoint_tvm/share/lidar_centerpoint_tvm/environment/ament_prefix_path.dsv
-- Up-to-date symlink: /home/cityu/autoware/install/lidar_centerpoint_tvm/share/lidar_centerpoint_tvm/environment/path.sh
-- Up-to-date symlink: /home/cityu/autoware/install/lidar_centerpoint_tvm/share/lidar_centerpoint_tvm/environment/path.dsv
-- Up-to-date symlink: /home/cityu/autoware/install/lidar_centerpoint_tvm/share/lidar_centerpoint_tvm/local_setup.bash
-- Up-to-date symlink: /home/cityu/autoware/install/lidar_centerpoint_tvm/share/lidar_centerpoint_tvm/local_setup.sh
-- Up-to-date symlink: /home/cityu/autoware/install/lidar_centerpoint_tvm/share/lidar_centerpoint_tvm/local_setup.zsh
-- Up-to-date symlink: /home/cityu/autoware/install/lidar_centerpoint_tvm/share/lidar_centerpoint_tvm/local_setup.dsv
-- Symlinking: /home/cityu/autoware/install/lidar_centerpoint_tvm/share/lidar_centerpoint_tvm/package.dsv
-- Up-to-date symlink: /home/cityu/autoware/install/lidar_centerpoint_tvm/share/ament_index/resource_index/packages/lidar_centerpoint_tvm
-- Symlinking: /home/cityu/autoware/install/lidar_centerpoint_tvm/share/ament_index/resource_index/rclcpp_components/lidar_centerpoint_tvm
-- Up-to-date symlink: /home/cityu/autoware/install/lidar_centerpoint_tvm/share/lidar_centerpoint_tvm/cmake/ament_cmake_export_dependencies-extras.cmake
-- Up-to-date symlink: /home/cityu/autoware/install/lidar_centerpoint_tvm/share/lidar_centerpoint_tvm/cmake/ament_cmake_export_include_directories-extras.cmake
-- Symlinking: /home/cityu/autoware/install/lidar_centerpoint_tvm/share/lidar_centerpoint_tvm/cmake/ament_cmake_export_libraries-extras.cmake
-- Up-to-date symlink: /home/cityu/autoware/install/lidar_centerpoint_tvm/share/lidar_centerpoint_tvm/cmake/lidar_centerpoint_tvmConfig.cmake
-- Up-to-date symlink: /home/cityu/autoware/install/lidar_centerpoint_tvm/share/lidar_centerpoint_tvm/cmake/lidar_centerpoint_tvmConfig-version.cmake
-- Up-to-date symlink: /home/cityu/autoware/install/lidar_centerpoint_tvm/share/lidar_centerpoint_tvm/package.xml
-- Installing: /home/cityu/autoware/install/lidar_centerpoint_tvm/share/lidar_centerpoint_tvm/models//centerpoint_encoder
-- Installing: /home/cityu/autoware/install/lidar_centerpoint_tvm/share/lidar_centerpoint_tvm/models//centerpoint_encoder/deploy_graph.json
-- Installing: /home/cityu/autoware/install/lidar_centerpoint_tvm/share/lidar_centerpoint_tvm/models//centerpoint_encoder/deploy_lib.so
-- Installing: /home/cityu/autoware/install/lidar_centerpoint_tvm/share/lidar_centerpoint_tvm/models//centerpoint_encoder/deploy_param.params
-- Installing: /home/cityu/autoware/install/lidar_centerpoint_tvm/share/lidar_centerpoint_tvm/models//centerpoint_encoder/inference_engine_tvm_config.hpp
-- Installing: /home/cityu/autoware/install/lidar_centerpoint_tvm/share/lidar_centerpoint_tvm/models//centerpoint_backbone
-- Installing: /home/cityu/autoware/install/lidar_centerpoint_tvm/share/lidar_centerpoint_tvm/models//centerpoint_backbone/deploy_graph.json
-- Installing: /home/cityu/autoware/install/lidar_centerpoint_tvm/share/lidar_centerpoint_tvm/models//centerpoint_backbone/deploy_lib.so
-- Installing: /home/cityu/autoware/install/lidar_centerpoint_tvm/share/lidar_centerpoint_tvm/models//centerpoint_backbone/deploy_param.params
-- Installing: /home/cityu/autoware/install/lidar_centerpoint_tvm/share/lidar_centerpoint_tvm/models//centerpoint_backbone/inference_engine_tvm_config.hpp
