[0.068s] Invoking command in '/home/cityu/autoware/build/traffic_light_visualization': AMENT_PREFIX_PATH=/home/cityu/autoware/install/lanelet2_extension:/home/cityu/autoware/install/autoware_utils:/home/cityu/autoware/install/autoware_planning_msgs:/home/cityu/autoware/install/autoware_cmake:/home/cityu/autoware/install/autoware_auto_planning_msgs:/home/cityu/autoware/install/autoware_auto_perception_msgs:/home/cityu/autoware/install/autoware_lint_common:/home/cityu/autoware/install/autoware_common_msgs:/home/cityu/autoware/install/autoware_auto_mapping_msgs:/home/cityu/autoware/install/autoware_auto_geometry_msgs:${AMENT_PREFIX_PATH} CMAKE_PREFIX_PATH=/home/cityu/autoware/install/lanelet2_extension:/home/cityu/autoware/install/autoware_utils:/home/cityu/autoware/install/autoware_planning_msgs:/home/cityu/autoware/install/autoware_cmake:/home/cityu/autoware/install/autoware_auto_planning_msgs:/home/cityu/autoware/install/autoware_auto_perception_msgs:/home/cityu/autoware/install/autoware_lint_common:/home/cityu/autoware/install/autoware_common_msgs:/home/cityu/autoware/install/autoware_auto_mapping_msgs:/home/cityu/autoware/install/autoware_auto_geometry_msgs:/opt/ros/galactic LD_LIBRARY_PATH=/home/cityu/autoware/install/lanelet2_extension/lib:/home/cityu/autoware/install/autoware_utils/lib:/home/cityu/autoware/install/autoware_planning_msgs/lib:/home/cityu/autoware/install/autoware_auto_planning_msgs/lib:/home/cityu/autoware/install/autoware_auto_perception_msgs/lib:/home/cityu/autoware/install/autoware_common_msgs/lib:/home/cityu/autoware/install/autoware_auto_mapping_msgs/lib:/home/cityu/autoware/install/autoware_auto_geometry_msgs/lib:${LD_LIBRARY_PATH} PYTHONPATH=/home/cityu/autoware/install/autoware_planning_msgs/lib/python3.8/site-packages:/home/cityu/autoware/install/autoware_auto_planning_msgs/lib/python3.8/site-packages:/home/cityu/autoware/install/autoware_auto_perception_msgs/lib/python3.8/site-packages:/home/cityu/autoware/install/autoware_common_msgs/lib/python3.8/site-packages:/home/cityu/autoware/install/autoware_auto_mapping_msgs/lib/python3.8/site-packages:/home/cityu/autoware/install/autoware_auto_geometry_msgs/lib/python3.8/site-packages:${PYTHONPATH} /usr/bin/cmake /home/cityu/autoware/src/universe/autoware.universe/perception/traffic_light_visualization -DCMAKE_BUILD_TYPE=Release -DAMENT_CMAKE_SYMLINK_INSTALL=1 -DCMAKE_INSTALL_PREFIX=/home/cityu/autoware/install/traffic_light_visualization
[42.432s] -- The C compiler identification is GNU 9.4.0
[42.432s] -- The CXX compiler identification is GNU 9.4.0
[42.432s] -- Check for working C compiler: /usr/bin/cc
[42.433s] -- Check for working C compiler: /usr/bin/cc -- works
[42.433s] -- Detecting C compiler ABI info
[42.433s] -- Detecting C compiler ABI info - done
[42.433s] -- Detecting C compile features
[42.433s] -- Detecting C compile features - done
[42.433s] -- Check for working CXX compiler: /usr/bin/c++
[42.433s] -- Check for working CXX compiler: /usr/bin/c++ -- works
[42.433s] -- Detecting CXX compiler ABI info
[42.433s] -- Detecting CXX compiler ABI info - done
[42.433s] -- Detecting CXX compile features
[42.434s] -- Detecting CXX compile features - done
[42.434s] -- Found autoware_cmake: 0.1.0 (/home/cityu/autoware/install/autoware_cmake/share/autoware_cmake/cmake)
[42.434s] -- Found ament_cmake_auto: 1.1.6 (/opt/ros/galactic/share/ament_cmake_auto/cmake)
[42.434s] -- Found PythonInterp: /usr/bin/python3 (found suitable version "3.8.10", minimum required is "3") 
[42.434s] -- Using PYTHON_EXECUTABLE: /usr/bin/python3
[42.434s] -- Override CMake install command with custom implementation using symlinks instead of copying resources
[42.434s] -- Using all available rosidl_typesupport_c: rosidl_typesupport_fastrtps_c;rosidl_typesupport_introspection_c
[42.434s] -- Found rosidl_adapter: 2.2.3 (/opt/ros/galactic/share/rosidl_adapter/cmake)
[42.434s] -- Found OpenSSL: /usr/lib/x86_64-linux-gnu/libcrypto.so (found version "1.1.1f")  
[42.435s] -- Found FastRTPS: /opt/ros/galactic/include  
[42.435s] -- Using all available rosidl_typesupport_cpp: rosidl_typesupport_fastrtps_cpp;rosidl_typesupport_introspection_cpp
[42.435s] -- Found rmw_implementation_cmake: 3.3.1 (/opt/ros/galactic/share/rmw_implementation_cmake/cmake)
[42.435s] -- Found rmw_cyclonedds_cpp: 0.22.6 (/opt/ros/galactic/share/rmw_cyclonedds_cpp/cmake)
[42.435s] -- Using RMW implementation 'rmw_cyclonedds_cpp' as default
[42.435s] -- Looking for pthread.h
[42.435s] -- Looking for pthread.h - found
[42.435s] -- Performing Test CMAKE_HAVE_LIBC_PTHREAD
[42.435s] -- Performing Test CMAKE_HAVE_LIBC_PTHREAD - Failed
[42.436s] -- Looking for pthread_create in pthreads
[42.436s] -- Looking for pthread_create in pthreads - not found
[42.436s] -- Looking for pthread_create in pthread
[42.436s] -- Looking for pthread_create in pthread - found
[42.436s] -- Found Threads: TRUE  
[42.436s] -- Found mrt_cmake_modules: 1.0.9 (/opt/ros/galactic/share/mrt_cmake_modules/cmake)
[42.436s] -- Found Boost: /usr/lib/x86_64-linux-gnu/cmake/Boost-1.71.0/BoostConfig.cmake (found version "1.71.0") found components: wserialization thread random serialization log_setup prg_exec_monitor wave system chrono filesystem locale timer date_time regex graph program_options unit_test_framework log atomic iostreams 
[42.436s] -- Found OpenMP_C: -fopenmp (found version "4.5") 
[42.436s] -- Found OpenMP_CXX: -fopenmp (found version "4.5") 
[42.436s] -- Found OpenMP: TRUE (found version "4.5")  
[42.437s] -- Found pugixml: /usr/lib/x86_64-linux-gnu/libpugixml.so  
[42.437s] -- Found PkgConfig: /usr/bin/pkg-config (found version "0.29.1") 
[42.437s] -- Found GeographicLib: /usr/lib/x86_64-linux-gnu/libGeographic.so  
[42.437s] -- Found eigen3_cmake_module: 0.1.1 (/opt/ros/galactic/share/eigen3_cmake_module/cmake)
[42.437s] -- Found Eigen3: TRUE (found version "3.3.7") 
[42.437s] -- Found ament_lint_auto: 0.10.7 (/opt/ros/galactic/share/ament_lint_auto/cmake)
[42.437s] -- Found OpenCV: /usr (found version "4.2.0") 
[42.437s] -- Added test 'copyright' to check source files copyright and LICENSE
[42.437s] -- Added test 'cppcheck' to perform static code analysis on C / C++ code
[42.438s] -- Configured cppcheck include dirs: /home/cityu/autoware/src/universe/autoware.universe/perception/traffic_light_visualization/include
[42.438s] -- Configured cppcheck exclude dirs and/or files: 
[42.438s] -- Added test 'lint_cmake' to check CMake code style
[42.438s] -- Added test 'xmllint' to check XML markup files
[42.438s] -- Configuring done
[42.438s] -- Generating done
[42.438s] -- Build files have been written to: /home/cityu/autoware/build/traffic_light_visualization
[42.575s] Invoked command in '/home/cityu/autoware/build/traffic_light_visualization' returned '0': AMENT_PREFIX_PATH=/home/cityu/autoware/install/lanelet2_extension:/home/cityu/autoware/install/autoware_utils:/home/cityu/autoware/install/autoware_planning_msgs:/home/cityu/autoware/install/autoware_cmake:/home/cityu/autoware/install/autoware_auto_planning_msgs:/home/cityu/autoware/install/autoware_auto_perception_msgs:/home/cityu/autoware/install/autoware_lint_common:/home/cityu/autoware/install/autoware_common_msgs:/home/cityu/autoware/install/autoware_auto_mapping_msgs:/home/cityu/autoware/install/autoware_auto_geometry_msgs:${AMENT_PREFIX_PATH} CMAKE_PREFIX_PATH=/home/cityu/autoware/install/lanelet2_extension:/home/cityu/autoware/install/autoware_utils:/home/cityu/autoware/install/autoware_planning_msgs:/home/cityu/autoware/install/autoware_cmake:/home/cityu/autoware/install/autoware_auto_planning_msgs:/home/cityu/autoware/install/autoware_auto_perception_msgs:/home/cityu/autoware/install/autoware_lint_common:/home/cityu/autoware/install/autoware_common_msgs:/home/cityu/autoware/install/autoware_auto_mapping_msgs:/home/cityu/autoware/install/autoware_auto_geometry_msgs:/opt/ros/galactic LD_LIBRARY_PATH=/home/cityu/autoware/install/lanelet2_extension/lib:/home/cityu/autoware/install/autoware_utils/lib:/home/cityu/autoware/install/autoware_planning_msgs/lib:/home/cityu/autoware/install/autoware_auto_planning_msgs/lib:/home/cityu/autoware/install/autoware_auto_perception_msgs/lib:/home/cityu/autoware/install/autoware_common_msgs/lib:/home/cityu/autoware/install/autoware_auto_mapping_msgs/lib:/home/cityu/autoware/install/autoware_auto_geometry_msgs/lib:${LD_LIBRARY_PATH} PYTHONPATH=/home/cityu/autoware/install/autoware_planning_msgs/lib/python3.8/site-packages:/home/cityu/autoware/install/autoware_auto_planning_msgs/lib/python3.8/site-packages:/home/cityu/autoware/install/autoware_auto_perception_msgs/lib/python3.8/site-packages:/home/cityu/autoware/install/autoware_common_msgs/lib/python3.8/site-packages:/home/cityu/autoware/install/autoware_auto_mapping_msgs/lib/python3.8/site-packages:/home/cityu/autoware/install/autoware_auto_geometry_msgs/lib/python3.8/site-packages:${PYTHONPATH} /usr/bin/cmake /home/cityu/autoware/src/universe/autoware.universe/perception/traffic_light_visualization -DCMAKE_BUILD_TYPE=Release -DAMENT_CMAKE_SYMLINK_INSTALL=1 -DCMAKE_INSTALL_PREFIX=/home/cityu/autoware/install/traffic_light_visualization
[42.577s] Invoking command in '/home/cityu/autoware/build/traffic_light_visualization': AMENT_PREFIX_PATH=/home/cityu/autoware/install/lanelet2_extension:/home/cityu/autoware/install/autoware_utils:/home/cityu/autoware/install/autoware_planning_msgs:/home/cityu/autoware/install/autoware_cmake:/home/cityu/autoware/install/autoware_auto_planning_msgs:/home/cityu/autoware/install/autoware_auto_perception_msgs:/home/cityu/autoware/install/autoware_lint_common:/home/cityu/autoware/install/autoware_common_msgs:/home/cityu/autoware/install/autoware_auto_mapping_msgs:/home/cityu/autoware/install/autoware_auto_geometry_msgs:${AMENT_PREFIX_PATH} CMAKE_PREFIX_PATH=/home/cityu/autoware/install/lanelet2_extension:/home/cityu/autoware/install/autoware_utils:/home/cityu/autoware/install/autoware_planning_msgs:/home/cityu/autoware/install/autoware_cmake:/home/cityu/autoware/install/autoware_auto_planning_msgs:/home/cityu/autoware/install/autoware_auto_perception_msgs:/home/cityu/autoware/install/autoware_lint_common:/home/cityu/autoware/install/autoware_common_msgs:/home/cityu/autoware/install/autoware_auto_mapping_msgs:/home/cityu/autoware/install/autoware_auto_geometry_msgs:/opt/ros/galactic LD_LIBRARY_PATH=/home/cityu/autoware/install/lanelet2_extension/lib:/home/cityu/autoware/install/autoware_utils/lib:/home/cityu/autoware/install/autoware_planning_msgs/lib:/home/cityu/autoware/install/autoware_auto_planning_msgs/lib:/home/cityu/autoware/install/autoware_auto_perception_msgs/lib:/home/cityu/autoware/install/autoware_common_msgs/lib:/home/cityu/autoware/install/autoware_auto_mapping_msgs/lib:/home/cityu/autoware/install/autoware_auto_geometry_msgs/lib:${LD_LIBRARY_PATH} PYTHONPATH=/home/cityu/autoware/install/autoware_planning_msgs/lib/python3.8/site-packages:/home/cityu/autoware/install/autoware_auto_planning_msgs/lib/python3.8/site-packages:/home/cityu/autoware/install/autoware_auto_perception_msgs/lib/python3.8/site-packages:/home/cityu/autoware/install/autoware_common_msgs/lib/python3.8/site-packages:/home/cityu/autoware/install/autoware_auto_mapping_msgs/lib/python3.8/site-packages:/home/cityu/autoware/install/autoware_auto_geometry_msgs/lib/python3.8/site-packages:${PYTHONPATH} /usr/bin/cmake --build /home/cityu/autoware/build/traffic_light_visualization -- -j16 -l16
[46.197s] [35m[1mScanning dependencies of target traffic_light_visualization_node[0m
[46.203s] [35m[1mScanning dependencies of target traffic_light_roi_visualizer_nodelet[0m
[46.204s] [ 14%] [32mBuilding CXX object CMakeFiles/traffic_light_visualization_node.dir/rclcpp_components/node_main_traffic_light_visualization_node.cpp.o[0m
[46.204s] [ 28%] [32mBuilding CXX object CMakeFiles/traffic_light_roi_visualizer_nodelet.dir/src/traffic_light_roi_visualizer/nodelet.cpp.o[0m
[50.571s] [ 42%] [32m[1mLinking CXX executable traffic_light_visualization_node[0m
[51.085s] [ 42%] Built target traffic_light_visualization_node
[82.707s] [ 57%] [32m[1mLinking CXX shared library libtraffic_light_roi_visualizer_nodelet.so[0m
[83.694s] [ 57%] Built target traffic_light_roi_visualizer_nodelet
[83.714s] [35m[1mScanning dependencies of target traffic_light_map_visualizer_node[0m
[83.853s] [ 71%] [32mBuilding CXX object CMakeFiles/traffic_light_map_visualizer_node.dir/src/traffic_light_map_visualizer/node.cpp.o[0m
[83.856s] [ 85%] [32mBuilding CXX object CMakeFiles/traffic_light_map_visualizer_node.dir/src/traffic_light_map_visualizer/main.cpp.o[0m
[111.639s] [100%] [32m[1mLinking CXX executable traffic_light_map_visualizer_node[0m
[112.345s] [100%] Built target traffic_light_map_visualizer_node
[112.367s] Invoked command in '/home/cityu/autoware/build/traffic_light_visualization' returned '0': AMENT_PREFIX_PATH=/home/cityu/autoware/install/lanelet2_extension:/home/cityu/autoware/install/autoware_utils:/home/cityu/autoware/install/autoware_planning_msgs:/home/cityu/autoware/install/autoware_cmake:/home/cityu/autoware/install/autoware_auto_planning_msgs:/home/cityu/autoware/install/autoware_auto_perception_msgs:/home/cityu/autoware/install/autoware_lint_common:/home/cityu/autoware/install/autoware_common_msgs:/home/cityu/autoware/install/autoware_auto_mapping_msgs:/home/cityu/autoware/install/autoware_auto_geometry_msgs:${AMENT_PREFIX_PATH} CMAKE_PREFIX_PATH=/home/cityu/autoware/install/lanelet2_extension:/home/cityu/autoware/install/autoware_utils:/home/cityu/autoware/install/autoware_planning_msgs:/home/cityu/autoware/install/autoware_cmake:/home/cityu/autoware/install/autoware_auto_planning_msgs:/home/cityu/autoware/install/autoware_auto_perception_msgs:/home/cityu/autoware/install/autoware_lint_common:/home/cityu/autoware/install/autoware_common_msgs:/home/cityu/autoware/install/autoware_auto_mapping_msgs:/home/cityu/autoware/install/autoware_auto_geometry_msgs:/opt/ros/galactic LD_LIBRARY_PATH=/home/cityu/autoware/install/lanelet2_extension/lib:/home/cityu/autoware/install/autoware_utils/lib:/home/cityu/autoware/install/autoware_planning_msgs/lib:/home/cityu/autoware/install/autoware_auto_planning_msgs/lib:/home/cityu/autoware/install/autoware_auto_perception_msgs/lib:/home/cityu/autoware/install/autoware_common_msgs/lib:/home/cityu/autoware/install/autoware_auto_mapping_msgs/lib:/home/cityu/autoware/install/autoware_auto_geometry_msgs/lib:${LD_LIBRARY_PATH} PYTHONPATH=/home/cityu/autoware/install/autoware_planning_msgs/lib/python3.8/site-packages:/home/cityu/autoware/install/autoware_auto_planning_msgs/lib/python3.8/site-packages:/home/cityu/autoware/install/autoware_auto_perception_msgs/lib/python3.8/site-packages:/home/cityu/autoware/install/autoware_common_msgs/lib/python3.8/site-packages:/home/cityu/autoware/install/autoware_auto_mapping_msgs/lib/python3.8/site-packages:/home/cityu/autoware/install/autoware_auto_geometry_msgs/lib/python3.8/site-packages:${PYTHONPATH} /usr/bin/cmake --build /home/cityu/autoware/build/traffic_light_visualization -- -j16 -l16
[112.402s] Invoking command in '/home/cityu/autoware/build/traffic_light_visualization': AMENT_PREFIX_PATH=/home/cityu/autoware/install/lanelet2_extension:/home/cityu/autoware/install/autoware_utils:/home/cityu/autoware/install/autoware_planning_msgs:/home/cityu/autoware/install/autoware_cmake:/home/cityu/autoware/install/autoware_auto_planning_msgs:/home/cityu/autoware/install/autoware_auto_perception_msgs:/home/cityu/autoware/install/autoware_lint_common:/home/cityu/autoware/install/autoware_common_msgs:/home/cityu/autoware/install/autoware_auto_mapping_msgs:/home/cityu/autoware/install/autoware_auto_geometry_msgs:${AMENT_PREFIX_PATH} CMAKE_PREFIX_PATH=/home/cityu/autoware/install/lanelet2_extension:/home/cityu/autoware/install/autoware_utils:/home/cityu/autoware/install/autoware_planning_msgs:/home/cityu/autoware/install/autoware_cmake:/home/cityu/autoware/install/autoware_auto_planning_msgs:/home/cityu/autoware/install/autoware_auto_perception_msgs:/home/cityu/autoware/install/autoware_lint_common:/home/cityu/autoware/install/autoware_common_msgs:/home/cityu/autoware/install/autoware_auto_mapping_msgs:/home/cityu/autoware/install/autoware_auto_geometry_msgs:/opt/ros/galactic LD_LIBRARY_PATH=/home/cityu/autoware/install/lanelet2_extension/lib:/home/cityu/autoware/install/autoware_utils/lib:/home/cityu/autoware/install/autoware_planning_msgs/lib:/home/cityu/autoware/install/autoware_auto_planning_msgs/lib:/home/cityu/autoware/install/autoware_auto_perception_msgs/lib:/home/cityu/autoware/install/autoware_common_msgs/lib:/home/cityu/autoware/install/autoware_auto_mapping_msgs/lib:/home/cityu/autoware/install/autoware_auto_geometry_msgs/lib:${LD_LIBRARY_PATH} PYTHONPATH=/home/cityu/autoware/install/autoware_planning_msgs/lib/python3.8/site-packages:/home/cityu/autoware/install/autoware_auto_planning_msgs/lib/python3.8/site-packages:/home/cityu/autoware/install/autoware_auto_perception_msgs/lib/python3.8/site-packages:/home/cityu/autoware/install/autoware_common_msgs/lib/python3.8/site-packages:/home/cityu/autoware/install/autoware_auto_mapping_msgs/lib/python3.8/site-packages:/home/cityu/autoware/install/autoware_auto_geometry_msgs/lib/python3.8/site-packages:${PYTHONPATH} /usr/bin/cmake --install /home/cityu/autoware/build/traffic_light_visualization
[118.753s] -- Install configuration: "Release"
[118.753s] -- Execute custom install script
[118.753s] -- Symlinking: /home/cityu/autoware/install/traffic_light_visualization/lib/traffic_light_visualization/traffic_light_visualization_node
[118.753s] -- Symlinking: /home/cityu/autoware/install/traffic_light_visualization/include/traffic_light_map_visualizer/node.hpp
[118.753s] -- Symlinking: /home/cityu/autoware/install/traffic_light_visualization/include/traffic_light_roi_visualizer/nodelet.hpp
[118.753s] -- Symlinking: /home/cityu/autoware/install/traffic_light_visualization/share/traffic_light_visualization/environment/library_path.sh
[118.753s] -- Symlinking: /home/cityu/autoware/install/traffic_light_visualization/share/traffic_light_visualization/environment/library_path.dsv
[118.753s] -- Symlinking: /home/cityu/autoware/install/traffic_light_visualization/lib/libtraffic_light_roi_visualizer_nodelet.so
[118.754s] -- Symlinking: /home/cityu/autoware/install/traffic_light_visualization/lib/traffic_light_visualization/traffic_light_map_visualizer_node
[118.754s] -- Symlinking: /home/cityu/autoware/install/traffic_light_visualization/share/traffic_light_visualization/launch/traffic_light_map_visualizer.launch.xml
[118.754s] -- Symlinking: /home/cityu/autoware/install/traffic_light_visualization/share/traffic_light_visualization/launch/traffic_light_roi_visualizer.launch.xml
[118.754s] -- Symlinking: /home/cityu/autoware/install/traffic_light_visualization/share/ament_index/resource_index/package_run_dependencies/traffic_light_visualization
[118.754s] -- Symlinking: /home/cityu/autoware/install/traffic_light_visualization/share/ament_index/resource_index/parent_prefix_path/traffic_light_visualization
[118.754s] -- Symlinking: /home/cityu/autoware/install/traffic_light_visualization/share/traffic_light_visualization/environment/ament_prefix_path.sh
[118.754s] -- Symlinking: /home/cityu/autoware/install/traffic_light_visualization/share/traffic_light_visualization/environment/ament_prefix_path.dsv
[118.754s] -- Symlinking: /home/cityu/autoware/install/traffic_light_visualization/share/traffic_light_visualization/environment/path.sh
[118.754s] -- Symlinking: /home/cityu/autoware/install/traffic_light_visualization/share/traffic_light_visualization/environment/path.dsv
[118.754s] -- Symlinking: /home/cityu/autoware/install/traffic_light_visualization/share/traffic_light_visualization/local_setup.bash
[118.754s] -- Symlinking: /home/cityu/autoware/install/traffic_light_visualization/share/traffic_light_visualization/local_setup.sh
[118.755s] -- Symlinking: /home/cityu/autoware/install/traffic_light_visualization/share/traffic_light_visualization/local_setup.zsh
[118.755s] -- Symlinking: /home/cityu/autoware/install/traffic_light_visualization/share/traffic_light_visualization/local_setup.dsv
[118.755s] -- Symlinking: /home/cityu/autoware/install/traffic_light_visualization/share/traffic_light_visualization/package.dsv
[118.755s] -- Symlinking: /home/cityu/autoware/install/traffic_light_visualization/share/ament_index/resource_index/packages/traffic_light_visualization
[118.755s] -- Symlinking: /home/cityu/autoware/install/traffic_light_visualization/share/ament_index/resource_index/rclcpp_components/traffic_light_visualization
[118.755s] -- Symlinking: /home/cityu/autoware/install/traffic_light_visualization/share/traffic_light_visualization/cmake/ament_cmake_export_dependencies-extras.cmake
[118.755s] -- Symlinking: /home/cityu/autoware/install/traffic_light_visualization/share/traffic_light_visualization/cmake/ament_cmake_export_include_directories-extras.cmake
[118.755s] -- Symlinking: /home/cityu/autoware/install/traffic_light_visualization/share/traffic_light_visualization/cmake/ament_cmake_export_libraries-extras.cmake
[118.755s] -- Symlinking: /home/cityu/autoware/install/traffic_light_visualization/share/traffic_light_visualization/cmake/traffic_light_visualizationConfig.cmake
[118.755s] -- Symlinking: /home/cityu/autoware/install/traffic_light_visualization/share/traffic_light_visualization/cmake/traffic_light_visualizationConfig-version.cmake
[118.755s] -- Symlinking: /home/cityu/autoware/install/traffic_light_visualization/share/traffic_light_visualization/package.xml
[118.998s] Invoked command in '/home/cityu/autoware/build/traffic_light_visualization' returned '0': AMENT_PREFIX_PATH=/home/cityu/autoware/install/lanelet2_extension:/home/cityu/autoware/install/autoware_utils:/home/cityu/autoware/install/autoware_planning_msgs:/home/cityu/autoware/install/autoware_cmake:/home/cityu/autoware/install/autoware_auto_planning_msgs:/home/cityu/autoware/install/autoware_auto_perception_msgs:/home/cityu/autoware/install/autoware_lint_common:/home/cityu/autoware/install/autoware_common_msgs:/home/cityu/autoware/install/autoware_auto_mapping_msgs:/home/cityu/autoware/install/autoware_auto_geometry_msgs:${AMENT_PREFIX_PATH} CMAKE_PREFIX_PATH=/home/cityu/autoware/install/lanelet2_extension:/home/cityu/autoware/install/autoware_utils:/home/cityu/autoware/install/autoware_planning_msgs:/home/cityu/autoware/install/autoware_cmake:/home/cityu/autoware/install/autoware_auto_planning_msgs:/home/cityu/autoware/install/autoware_auto_perception_msgs:/home/cityu/autoware/install/autoware_lint_common:/home/cityu/autoware/install/autoware_common_msgs:/home/cityu/autoware/install/autoware_auto_mapping_msgs:/home/cityu/autoware/install/autoware_auto_geometry_msgs:/opt/ros/galactic LD_LIBRARY_PATH=/home/cityu/autoware/install/lanelet2_extension/lib:/home/cityu/autoware/install/autoware_utils/lib:/home/cityu/autoware/install/autoware_planning_msgs/lib:/home/cityu/autoware/install/autoware_auto_planning_msgs/lib:/home/cityu/autoware/install/autoware_auto_perception_msgs/lib:/home/cityu/autoware/install/autoware_common_msgs/lib:/home/cityu/autoware/install/autoware_auto_mapping_msgs/lib:/home/cityu/autoware/install/autoware_auto_geometry_msgs/lib:${LD_LIBRARY_PATH} PYTHONPATH=/home/cityu/autoware/install/autoware_planning_msgs/lib/python3.8/site-packages:/home/cityu/autoware/install/autoware_auto_planning_msgs/lib/python3.8/site-packages:/home/cityu/autoware/install/autoware_auto_perception_msgs/lib/python3.8/site-packages:/home/cityu/autoware/install/autoware_common_msgs/lib/python3.8/site-packages:/home/cityu/autoware/install/autoware_auto_mapping_msgs/lib/python3.8/site-packages:/home/cityu/autoware/install/autoware_auto_geometry_msgs/lib/python3.8/site-packages:${PYTHONPATH} /usr/bin/cmake --install /home/cityu/autoware/build/traffic_light_visualization
