-- Found autoware_cmake: 0.1.0 (/home/cityu/autoware/install/autoware_cmake/share/autoware_cmake/cmake)
-- Found ament_cmake_auto: 1.1.6 (/opt/ros/galactic/share/ament_cmake_auto/cmake)
-- Using PYTHON_EXECUTABLE: /usr/bin/python3
-- Override CMake install command with custom implementation using symlinks instead of copying resources
-- Using all available rosidl_typesupport_c: rosidl_typesupport_fastrtps_c;rosidl_typesupport_introspection_c
-- Found rosidl_adapter: 2.2.3 (/opt/ros/galactic/share/rosidl_adapter/cmake)
-- Using all available rosidl_typesupport_cpp: rosidl_typesupport_fastrtps_cpp;rosidl_typesupport_introspection_cpp
-- Found rmw_implementation_cmake: 3.3.1 (/opt/ros/galactic/share/rmw_implementation_cmake/cmake)
-- Found rmw_cyclonedds_cpp: 0.22.6 (/opt/ros/galactic/share/rmw_cyclonedds_cpp/cmake)
-- Using RMW implementation 'rmw_cyclonedds_cpp' as default
-- Found ament_lint_auto: 0.10.7 (/opt/ros/galactic/share/ament_lint_auto/cmake)
-- Added test 'copyright' to check source files copyright and LICENSE
-- Added test 'cppcheck' to perform static code analysis on C / C++ code
-- Configured cppcheck include dirs: /home/cityu/autoware/src/universe/autoware.universe/perception/object_range_splitter/include
-- Configured cppcheck exclude dirs and/or files: 
-- Added test 'lint_cmake' to check CMake code style
-- Added test 'xmllint' to check XML markup files
-- Configuring done
-- Generating done
-- Build files have been written to: /home/cityu/autoware/build/object_range_splitter
[ 25%] [32m[1mLinking CXX shared library libobject_range_splitter.so[0m
[ 50%] Built target object_range_splitter
[100%] Built target object_range_splitter_node
-- Install configuration: "Release"
-- Execute custom install script
-- Up-to-date symlink: /home/cityu/autoware/install/object_range_splitter/lib/object_range_splitter/object_range_splitter_node
-- Up-to-date symlink: /home/cityu/autoware/install/object_range_splitter/include/object_range_splitter/node.hpp
-- Up-to-date symlink: /home/cityu/autoware/install/object_range_splitter/share/object_range_splitter/environment/library_path.sh
-- Up-to-date symlink: /home/cityu/autoware/install/object_range_splitter/share/object_range_splitter/environment/library_path.dsv
-- Up-to-date symlink: /home/cityu/autoware/install/object_range_splitter/lib/libobject_range_splitter.so
-- Up-to-date symlink: /home/cityu/autoware/install/object_range_splitter/share/object_range_splitter/launch/object_range_splitter.launch.xml
-- Up-to-date symlink: /home/cityu/autoware/install/object_range_splitter/share/ament_index/resource_index/package_run_dependencies/object_range_splitter
-- Up-to-date symlink: /home/cityu/autoware/install/object_range_splitter/share/ament_index/resource_index/parent_prefix_path/object_range_splitter
-- Up-to-date symlink: /home/cityu/autoware/install/object_range_splitter/share/object_range_splitter/environment/ament_prefix_path.sh
-- Up-to-date symlink: /home/cityu/autoware/install/object_range_splitter/share/object_range_splitter/environment/ament_prefix_path.dsv
-- Up-to-date symlink: /home/cityu/autoware/install/object_range_splitter/share/object_range_splitter/environment/path.sh
-- Up-to-date symlink: /home/cityu/autoware/install/object_range_splitter/share/object_range_splitter/environment/path.dsv
-- Up-to-date symlink: /home/cityu/autoware/install/object_range_splitter/share/object_range_splitter/local_setup.bash
-- Up-to-date symlink: /home/cityu/autoware/install/object_range_splitter/share/object_range_splitter/local_setup.sh
-- Up-to-date symlink: /home/cityu/autoware/install/object_range_splitter/share/object_range_splitter/local_setup.zsh
-- Up-to-date symlink: /home/cityu/autoware/install/object_range_splitter/share/object_range_splitter/local_setup.dsv
-- Symlinking: /home/cityu/autoware/install/object_range_splitter/share/object_range_splitter/package.dsv
-- Up-to-date symlink: /home/cityu/autoware/install/object_range_splitter/share/ament_index/resource_index/packages/object_range_splitter
-- Up-to-date symlink: /home/cityu/autoware/install/object_range_splitter/share/ament_index/resource_index/rclcpp_components/object_range_splitter
-- Up-to-date symlink: /home/cityu/autoware/install/object_range_splitter/share/object_range_splitter/cmake/ament_cmake_export_dependencies-extras.cmake
-- Up-to-date symlink: /home/cityu/autoware/install/object_range_splitter/share/object_range_splitter/cmake/ament_cmake_export_include_directories-extras.cmake
-- Up-to-date symlink: /home/cityu/autoware/install/object_range_splitter/share/object_range_splitter/cmake/ament_cmake_export_libraries-extras.cmake
-- Up-to-date symlink: /home/cityu/autoware/install/object_range_splitter/share/object_range_splitter/cmake/object_range_splitterConfig.cmake
-- Up-to-date symlink: /home/cityu/autoware/install/object_range_splitter/share/object_range_splitter/cmake/object_range_splitterConfig-version.cmake
-- Up-to-date symlink: /home/cityu/autoware/install/object_range_splitter/share/object_range_splitter/package.xml
