[100%] Built target accel_brake_map_calibrator
-- Install configuration: "Release"
-- Execute custom install script
-- Up-to-date symlink: /home/cityu/autoware/install/accel_brake_map_calibrator/lib/accel_brake_map_calibrator/__init__.py
-- Up-to-date symlink: /home/cityu/autoware/install/accel_brake_map_calibrator/lib/accel_brake_map_calibrator/actuation_cmd_publisher.py
-- Up-to-date symlink: /home/cityu/autoware/install/accel_brake_map_calibrator/lib/accel_brake_map_calibrator/accel_tester.py
-- Up-to-date symlink: /home/cityu/autoware/install/accel_brake_map_calibrator/lib/accel_brake_map_calibrator/brake_tester.py
-- Up-to-date symlink: /home/cityu/autoware/install/accel_brake_map_calibrator/lib/accel_brake_map_calibrator/config.py
-- Up-to-date symlink: /home/cityu/autoware/install/accel_brake_map_calibrator/lib/accel_brake_map_calibrator/delay_estimator.py
-- Up-to-date symlink: /home/cityu/autoware/install/accel_brake_map_calibrator/lib/accel_brake_map_calibrator/plotter.py
-- Up-to-date symlink: /home/cityu/autoware/install/accel_brake_map_calibrator/lib/accel_brake_map_calibrator/view_statistics.py
-- Up-to-date symlink: /home/cityu/autoware/install/accel_brake_map_calibrator/lib/accel_brake_map_calibrator/calc_utils.py
-- Up-to-date symlink: /home/cityu/autoware/install/accel_brake_map_calibrator/lib/accel_brake_map_calibrator/csv_reader.py
-- Up-to-date symlink: /home/cityu/autoware/install/accel_brake_map_calibrator/lib/accel_brake_map_calibrator/log_analyzer.py
-- Up-to-date symlink: /home/cityu/autoware/install/accel_brake_map_calibrator/lib/accel_brake_map_calibrator/view_plot.py
-- Up-to-date symlink: /home/cityu/autoware/install/accel_brake_map_calibrator/lib/accel_brake_map_calibrator/new_accel_brake_map_server.py
-- Up-to-date symlink: /home/cityu/autoware/install/accel_brake_map_calibrator/lib/accel_brake_map_calibrator/plot_csv_client_node.py
-- Up-to-date symlink: /home/cityu/autoware/install/accel_brake_map_calibrator/lib/accel_brake_map_calibrator/sim_actuation_status_publisher.py
-- Up-to-date symlink: /home/cityu/autoware/install/accel_brake_map_calibrator/include/accel_brake_map_calibrator/accel_brake_map_calibrator_node.hpp
-- Up-to-date symlink: /home/cityu/autoware/install/accel_brake_map_calibrator/lib/accel_brake_map_calibrator/accel_brake_map_calibrator
-- Up-to-date symlink: /home/cityu/autoware/install/accel_brake_map_calibrator/share/accel_brake_map_calibrator/launch/accel_brake_map_calibrator.launch.xml
-- Up-to-date symlink: /home/cityu/autoware/install/accel_brake_map_calibrator/share/accel_brake_map_calibrator/config/accel_brake_map_calibrator.param.yaml
-- Up-to-date symlink: /home/cityu/autoware/install/accel_brake_map_calibrator/share/accel_brake_map_calibrator/config/accel_brake_map_calibrator.xml
-- Up-to-date symlink: /home/cityu/autoware/install/accel_brake_map_calibrator/share/accel_brake_map_calibrator/rviz/occupancy.rviz
-- Up-to-date symlink: /home/cityu/autoware/install/accel_brake_map_calibrator/share/ament_index/resource_index/package_run_dependencies/accel_brake_map_calibrator
-- Up-to-date symlink: /home/cityu/autoware/install/accel_brake_map_calibrator/share/ament_index/resource_index/parent_prefix_path/accel_brake_map_calibrator
-- Up-to-date symlink: /home/cityu/autoware/install/accel_brake_map_calibrator/share/accel_brake_map_calibrator/environment/ament_prefix_path.sh
-- Up-to-date symlink: /home/cityu/autoware/install/accel_brake_map_calibrator/share/accel_brake_map_calibrator/environment/ament_prefix_path.dsv
-- Up-to-date symlink: /home/cityu/autoware/install/accel_brake_map_calibrator/share/accel_brake_map_calibrator/environment/path.sh
-- Up-to-date symlink: /home/cityu/autoware/install/accel_brake_map_calibrator/share/accel_brake_map_calibrator/environment/path.dsv
-- Up-to-date symlink: /home/cityu/autoware/install/accel_brake_map_calibrator/share/accel_brake_map_calibrator/local_setup.bash
-- Up-to-date symlink: /home/cityu/autoware/install/accel_brake_map_calibrator/share/accel_brake_map_calibrator/local_setup.sh
-- Up-to-date symlink: /home/cityu/autoware/install/accel_brake_map_calibrator/share/accel_brake_map_calibrator/local_setup.zsh
-- Up-to-date symlink: /home/cityu/autoware/install/accel_brake_map_calibrator/share/accel_brake_map_calibrator/local_setup.dsv
-- Symlinking: /home/cityu/autoware/install/accel_brake_map_calibrator/share/accel_brake_map_calibrator/package.dsv
-- Up-to-date symlink: /home/cityu/autoware/install/accel_brake_map_calibrator/share/ament_index/resource_index/packages/accel_brake_map_calibrator
-- Up-to-date symlink: /home/cityu/autoware/install/accel_brake_map_calibrator/share/accel_brake_map_calibrator/cmake/ament_cmake_export_dependencies-extras.cmake
-- Up-to-date symlink: /home/cityu/autoware/install/accel_brake_map_calibrator/share/accel_brake_map_calibrator/cmake/ament_cmake_export_include_directories-extras.cmake
-- Up-to-date symlink: /home/cityu/autoware/install/accel_brake_map_calibrator/share/accel_brake_map_calibrator/cmake/accel_brake_map_calibratorConfig.cmake
-- Up-to-date symlink: /home/cityu/autoware/install/accel_brake_map_calibrator/share/accel_brake_map_calibrator/cmake/accel_brake_map_calibratorConfig-version.cmake
-- Up-to-date symlink: /home/cityu/autoware/install/accel_brake_map_calibrator/share/accel_brake_map_calibrator/package.xml
