-- Found autoware_cmake: 0.1.0 (/home/cityu/autoware/install/autoware_cmake/share/autoware_cmake/cmake)
-- Found ament_cmake_auto: 1.1.6 (/opt/ros/galactic/share/ament_cmake_auto/cmake)
-- Using PYTHON_EXECUTABLE: /usr/bin/python3
-- Override CMake install command with custom implementation using symlinks instead of copying resources
-- Using all available rosidl_typesupport_c: rosidl_typesupport_fastrtps_c;rosidl_typesupport_introspection_c
-- Found rosidl_adapter: 2.2.3 (/opt/ros/galactic/share/rosidl_adapter/cmake)
-- Using all available rosidl_typesupport_cpp: rosidl_typesupport_fastrtps_cpp;rosidl_typesupport_introspection_cpp
-- Found rmw_implementation_cmake: 3.3.1 (/opt/ros/galactic/share/rmw_implementation_cmake/cmake)
-- Found rmw_cyclonedds_cpp: 0.22.6 (/opt/ros/galactic/share/rmw_cyclonedds_cpp/cmake)
-- Using RMW implementation 'rmw_cyclonedds_cpp' as default
-- Found ament_lint_auto: 0.10.7 (/opt/ros/galactic/share/ament_lint_auto/cmake)
-- Added test 'copyright' to check source files copyright and LICENSE
-- Added test 'cppcheck' to perform static code analysis on C / C++ code
-- Configured cppcheck include dirs: /home/cityu/autoware/src/universe/autoware.universe/perception/detected_object_feature_remover/include
-- Configured cppcheck exclude dirs and/or files: 
-- Added test 'lint_cmake' to check CMake code style
-- Added test 'xmllint' to check XML markup files
-- Configuring done
-- Generating done
CMake Warning:
  Manually-specified variables were not used by the project:

    DOWNLOAD_ARTIFACTS


-- Build files have been written to: /home/cityu/autoware/build/detected_object_feature_remover
[ 25%] [32m[1mLinking CXX shared library libdetected_object_feature_remover_node.so[0m
[ 50%] Built target detected_object_feature_remover_node
[100%] Built target detected_object_feature_remover
-- Install configuration: "Release"
-- Execute custom install script
-- Up-to-date symlink: /home/cityu/autoware/install/detected_object_feature_remover/lib/detected_object_feature_remover/detected_object_feature_remover
-- Up-to-date symlink: /home/cityu/autoware/install/detected_object_feature_remover/include/detected_object_feature_remover/detected_object_feature_remover.hpp
-- Up-to-date symlink: /home/cityu/autoware/install/detected_object_feature_remover/share/detected_object_feature_remover/environment/library_path.sh
-- Up-to-date symlink: /home/cityu/autoware/install/detected_object_feature_remover/share/detected_object_feature_remover/environment/library_path.dsv
-- Up-to-date symlink: /home/cityu/autoware/install/detected_object_feature_remover/lib/libdetected_object_feature_remover_node.so
-- Up-to-date symlink: /home/cityu/autoware/install/detected_object_feature_remover/share/detected_object_feature_remover/launch/detected_object_feature_remover.launch.xml
-- Up-to-date symlink: /home/cityu/autoware/install/detected_object_feature_remover/share/ament_index/resource_index/package_run_dependencies/detected_object_feature_remover
-- Up-to-date symlink: /home/cityu/autoware/install/detected_object_feature_remover/share/ament_index/resource_index/parent_prefix_path/detected_object_feature_remover
-- Up-to-date symlink: /home/cityu/autoware/install/detected_object_feature_remover/share/detected_object_feature_remover/environment/ament_prefix_path.sh
-- Up-to-date symlink: /home/cityu/autoware/install/detected_object_feature_remover/share/detected_object_feature_remover/environment/ament_prefix_path.dsv
-- Up-to-date symlink: /home/cityu/autoware/install/detected_object_feature_remover/share/detected_object_feature_remover/environment/path.sh
-- Up-to-date symlink: /home/cityu/autoware/install/detected_object_feature_remover/share/detected_object_feature_remover/environment/path.dsv
-- Up-to-date symlink: /home/cityu/autoware/install/detected_object_feature_remover/share/detected_object_feature_remover/local_setup.bash
-- Up-to-date symlink: /home/cityu/autoware/install/detected_object_feature_remover/share/detected_object_feature_remover/local_setup.sh
-- Up-to-date symlink: /home/cityu/autoware/install/detected_object_feature_remover/share/detected_object_feature_remover/local_setup.zsh
-- Up-to-date symlink: /home/cityu/autoware/install/detected_object_feature_remover/share/detected_object_feature_remover/local_setup.dsv
-- Symlinking: /home/cityu/autoware/install/detected_object_feature_remover/share/detected_object_feature_remover/package.dsv
-- Up-to-date symlink: /home/cityu/autoware/install/detected_object_feature_remover/share/ament_index/resource_index/packages/detected_object_feature_remover
-- Up-to-date symlink: /home/cityu/autoware/install/detected_object_feature_remover/share/ament_index/resource_index/rclcpp_components/detected_object_feature_remover
-- Up-to-date symlink: /home/cityu/autoware/install/detected_object_feature_remover/share/detected_object_feature_remover/cmake/ament_cmake_export_dependencies-extras.cmake
-- Up-to-date symlink: /home/cityu/autoware/install/detected_object_feature_remover/share/detected_object_feature_remover/cmake/ament_cmake_export_include_directories-extras.cmake
-- Up-to-date symlink: /home/cityu/autoware/install/detected_object_feature_remover/share/detected_object_feature_remover/cmake/ament_cmake_export_libraries-extras.cmake
-- Up-to-date symlink: /home/cityu/autoware/install/detected_object_feature_remover/share/detected_object_feature_remover/cmake/detected_object_feature_removerConfig.cmake
-- Up-to-date symlink: /home/cityu/autoware/install/detected_object_feature_remover/share/detected_object_feature_remover/cmake/detected_object_feature_removerConfig-version.cmake
-- Up-to-date symlink: /home/cityu/autoware/install/detected_object_feature_remover/share/detected_object_feature_remover/package.xml
