[0.213s] Invoking command in '/home/cityu/autoware/build/imu_description': CMAKE_PREFIX_PATH=/opt/ros/galactic /usr/bin/cmake --build /home/cityu/autoware/build/imu_description -- -j16 -l16
[0.393s] Invoked command in '/home/cityu/autoware/build/imu_description' returned '0': CMAKE_PREFIX_PATH=/opt/ros/galactic /usr/bin/cmake --build /home/cityu/autoware/build/imu_description -- -j16 -l16
[0.531s] Invoking command in '/home/cityu/autoware/build/imu_description': CMAKE_PREFIX_PATH=/opt/ros/galactic /usr/bin/cmake --install /home/cityu/autoware/build/imu_description
[0.629s] -- Install configuration: "Release"
[0.629s] -- Execute custom install script
[0.629s] -- Up-to-date symlink: /home/cityu/autoware/install/imu_description/share/imu_description/urdf/imu.xacro
[0.629s] -- Up-to-date symlink: /home/cityu/autoware/install/imu_description/share/ament_index/resource_index/package_run_dependencies/imu_description
[0.630s] -- Up-to-date symlink: /home/cityu/autoware/install/imu_description/share/ament_index/resource_index/parent_prefix_path/imu_description
[0.630s] -- Up-to-date symlink: /home/cityu/autoware/install/imu_description/share/imu_description/environment/ament_prefix_path.sh
[0.631s] -- Up-to-date symlink: /home/cityu/autoware/install/imu_description/share/imu_description/environment/ament_prefix_path.dsv
[0.632s] -- Up-to-date symlink: /home/cityu/autoware/install/imu_description/share/imu_description/environment/path.sh
[0.632s] -- Up-to-date symlink: /home/cityu/autoware/install/imu_description/share/imu_description/environment/path.dsv
[0.633s] -- Up-to-date symlink: /home/cityu/autoware/install/imu_description/share/imu_description/local_setup.bash
[0.634s] -- Up-to-date symlink: /home/cityu/autoware/install/imu_description/share/imu_description/local_setup.sh
[0.634s] -- Up-to-date symlink: /home/cityu/autoware/install/imu_description/share/imu_description/local_setup.zsh
[0.634s] -- Up-to-date symlink: /home/cityu/autoware/install/imu_description/share/imu_description/local_setup.dsv
[0.636s] -- Symlinking: /home/cityu/autoware/install/imu_description/share/imu_description/package.dsv
[0.636s] -- Up-to-date symlink: /home/cityu/autoware/install/imu_description/share/ament_index/resource_index/packages/imu_description
[0.636s] -- Up-to-date symlink: /home/cityu/autoware/install/imu_description/share/imu_description/cmake/imu_descriptionConfig.cmake
[0.637s] -- Up-to-date symlink: /home/cityu/autoware/install/imu_description/share/imu_description/cmake/imu_descriptionConfig-version.cmake
[0.637s] -- Up-to-date symlink: /home/cityu/autoware/install/imu_description/share/imu_description/package.xml
[0.742s] Invoked command in '/home/cityu/autoware/build/imu_description' returned '0': CMAKE_PREFIX_PATH=/opt/ros/galactic /usr/bin/cmake --install /home/cityu/autoware/build/imu_description
