-- Found autoware_cmake: 0.1.0 (/home/cityu/autoware/install/autoware_cmake/share/autoware_cmake/cmake)
-- Found ament_cmake_auto: 1.1.6 (/opt/ros/galactic/share/ament_cmake_auto/cmake)
-- Using PYTHON_EXECUTABLE: /usr/bin/python3
-- Override CMake install command with custom implementation using symlinks instead of copying resources
-- Using all available rosidl_typesupport_c: rosidl_typesupport_fastrtps_c;rosidl_typesupport_introspection_c
-- Found rosidl_adapter: 2.2.3 (/opt/ros/galactic/share/rosidl_adapter/cmake)
-- Using all available rosidl_typesupport_cpp: rosidl_typesupport_fastrtps_cpp;rosidl_typesupport_introspection_cpp
-- Found rmw_implementation_cmake: 3.3.1 (/opt/ros/galactic/share/rmw_implementation_cmake/cmake)
-- Found rmw_cyclonedds_cpp: 0.22.6 (/opt/ros/galactic/share/rmw_cyclonedds_cpp/cmake)
-- Using RMW implementation 'rmw_cyclonedds_cpp' as default
-- Found eigen3_cmake_module: 0.1.1 (/opt/ros/galactic/share/eigen3_cmake_module/cmake)
-- Found ament_lint_auto: 0.10.7 (/opt/ros/galactic/share/ament_lint_auto/cmake)
-- Found gtest sources under '/opt/ros/galactic/src/gtest_vendor': C++ tests using 'Google Test' will be built
-- Added test 'copyright' to check source files copyright and LICENSE
-- Added test 'cppcheck' to perform static code analysis on C / C++ code
-- Configured cppcheck include dirs: /home/cityu/autoware/src/universe/autoware.universe/planning/planning_evaluator/include
-- Configured cppcheck exclude dirs and/or files: 
-- Added test 'lint_cmake' to check CMake code style
-- Added test 'xmllint' to check XML markup files
-- Configuring done
-- Generating done
-- Build files have been written to: /home/cityu/autoware/build/planning_evaluator
[ 10%] Built target gtest
[ 15%] [32m[1mLinking CXX executable planning_evaluator[0m
[ 21%] Built target planning_evaluator
[ 26%] [32m[1mLinking CXX executable motion_evaluator[0m
[ 31%] Built target motion_evaluator
[ 42%] Built target gtest_main
[ 47%] [32m[1mLinking CXX shared library libplanning_evaluator_node.so[0m
[ 89%] Built target planning_evaluator_node
[ 94%] [32mBuilding CXX object CMakeFiles/test_planning_evaluator.dir/test/test_planning_evaluator_node.cpp.o[0m
[100%] [32m[1mLinking CXX executable test_planning_evaluator[0m
[100%] Built target test_planning_evaluator
-- Install configuration: "Release"
-- Execute custom install script
-- Up-to-date symlink: /home/cityu/autoware/install/planning_evaluator/lib/planning_evaluator/planning_evaluator
-- Up-to-date symlink: /home/cityu/autoware/install/planning_evaluator/lib/planning_evaluator/motion_evaluator
-- Up-to-date symlink: /home/cityu/autoware/install/planning_evaluator/include/planning_evaluator/metrics/deviation_metrics.hpp
-- Up-to-date symlink: /home/cityu/autoware/install/planning_evaluator/include/planning_evaluator/metrics/metric.hpp
-- Up-to-date symlink: /home/cityu/autoware/install/planning_evaluator/include/planning_evaluator/metrics/metrics_utils.hpp
-- Up-to-date symlink: /home/cityu/autoware/install/planning_evaluator/include/planning_evaluator/metrics/obstacle_metrics.hpp
-- Up-to-date symlink: /home/cityu/autoware/install/planning_evaluator/include/planning_evaluator/metrics/stability_metrics.hpp
-- Up-to-date symlink: /home/cityu/autoware/install/planning_evaluator/include/planning_evaluator/metrics/trajectory_metrics.hpp
-- Up-to-date symlink: /home/cityu/autoware/install/planning_evaluator/include/planning_evaluator/metrics_calculator.hpp
-- Up-to-date symlink: /home/cityu/autoware/install/planning_evaluator/include/planning_evaluator/motion_evaluator_node.hpp
-- Up-to-date symlink: /home/cityu/autoware/install/planning_evaluator/include/planning_evaluator/parameters.hpp
-- Up-to-date symlink: /home/cityu/autoware/install/planning_evaluator/include/planning_evaluator/planning_evaluator_node.hpp
-- Up-to-date symlink: /home/cityu/autoware/install/planning_evaluator/include/planning_evaluator/stat.hpp
-- Up-to-date symlink: /home/cityu/autoware/install/planning_evaluator/share/planning_evaluator/environment/library_path.sh
-- Up-to-date symlink: /home/cityu/autoware/install/planning_evaluator/share/planning_evaluator/environment/library_path.dsv
-- Up-to-date symlink: /home/cityu/autoware/install/planning_evaluator/lib/libplanning_evaluator_node.so
-- Up-to-date symlink: /home/cityu/autoware/install/planning_evaluator/share/planning_evaluator/param/planning_evaluator.defaults.yaml
-- Up-to-date symlink: /home/cityu/autoware/install/planning_evaluator/share/planning_evaluator/launch/motion_evaluator.launch.xml
-- Up-to-date symlink: /home/cityu/autoware/install/planning_evaluator/share/planning_evaluator/launch/planning_evaluator.launch.xml
-- Up-to-date symlink: /home/cityu/autoware/install/planning_evaluator/share/ament_index/resource_index/package_run_dependencies/planning_evaluator
-- Up-to-date symlink: /home/cityu/autoware/install/planning_evaluator/share/ament_index/resource_index/parent_prefix_path/planning_evaluator
-- Up-to-date symlink: /home/cityu/autoware/install/planning_evaluator/share/planning_evaluator/environment/ament_prefix_path.sh
-- Up-to-date symlink: /home/cityu/autoware/install/planning_evaluator/share/planning_evaluator/environment/ament_prefix_path.dsv
-- Up-to-date symlink: /home/cityu/autoware/install/planning_evaluator/share/planning_evaluator/environment/path.sh
-- Up-to-date symlink: /home/cityu/autoware/install/planning_evaluator/share/planning_evaluator/environment/path.dsv
-- Up-to-date symlink: /home/cityu/autoware/install/planning_evaluator/share/planning_evaluator/local_setup.bash
-- Up-to-date symlink: /home/cityu/autoware/install/planning_evaluator/share/planning_evaluator/local_setup.sh
-- Up-to-date symlink: /home/cityu/autoware/install/planning_evaluator/share/planning_evaluator/local_setup.zsh
-- Up-to-date symlink: /home/cityu/autoware/install/planning_evaluator/share/planning_evaluator/local_setup.dsv
-- Symlinking: /home/cityu/autoware/install/planning_evaluator/share/planning_evaluator/package.dsv
-- Up-to-date symlink: /home/cityu/autoware/install/planning_evaluator/share/ament_index/resource_index/packages/planning_evaluator
-- Up-to-date symlink: /home/cityu/autoware/install/planning_evaluator/share/ament_index/resource_index/rclcpp_components/planning_evaluator
-- Up-to-date symlink: /home/cityu/autoware/install/planning_evaluator/share/planning_evaluator/cmake/ament_cmake_export_dependencies-extras.cmake
-- Up-to-date symlink: /home/cityu/autoware/install/planning_evaluator/share/planning_evaluator/cmake/ament_cmake_export_include_directories-extras.cmake
-- Up-to-date symlink: /home/cityu/autoware/install/planning_evaluator/share/planning_evaluator/cmake/ament_cmake_export_libraries-extras.cmake
-- Up-to-date symlink: /home/cityu/autoware/install/planning_evaluator/share/planning_evaluator/cmake/planning_evaluatorConfig.cmake
-- Up-to-date symlink: /home/cityu/autoware/install/planning_evaluator/share/planning_evaluator/cmake/planning_evaluatorConfig-version.cmake
-- Up-to-date symlink: /home/cityu/autoware/install/planning_evaluator/share/planning_evaluator/package.xml
