[0.346s] Invoking command in '/home/cityu/autoware/build/planning_evaluator': AMENT_PREFIX_PATH=/home/cityu/autoware/install/motion_utils:/home/cityu/autoware/install/interpolation:/home/cityu/autoware/install/tier4_autoware_utils:/home/cityu/autoware/install/autoware_auto_vehicle_msgs:/home/cityu/autoware/install/autoware_cmake:/home/cityu/autoware/install/autoware_auto_planning_msgs:/home/cityu/autoware/install/autoware_auto_perception_msgs:/home/cityu/autoware/install/tier4_debug_msgs:/home/cityu/autoware/install/autoware_lint_common:/home/cityu/autoware/install/autoware_auto_mapping_msgs:/home/cityu/autoware/install/autoware_auto_geometry_msgs:${AMENT_PREFIX_PATH} CMAKE_PREFIX_PATH=/home/cityu/autoware/install/motion_utils:/home/cityu/autoware/install/interpolation:/home/cityu/autoware/install/tier4_autoware_utils:/home/cityu/autoware/install/autoware_auto_vehicle_msgs:/home/cityu/autoware/install/autoware_cmake:/home/cityu/autoware/install/autoware_auto_planning_msgs:/home/cityu/autoware/install/autoware_auto_perception_msgs:/home/cityu/autoware/install/tier4_debug_msgs:/home/cityu/autoware/install/autoware_lint_common:/home/cityu/autoware/install/autoware_auto_mapping_msgs:/home/cityu/autoware/install/autoware_auto_geometry_msgs:/opt/ros/galactic LD_LIBRARY_PATH=/home/cityu/autoware/install/motion_utils/lib:/home/cityu/autoware/install/interpolation/lib:/home/cityu/autoware/install/tier4_autoware_utils/lib:/home/cityu/autoware/install/autoware_auto_vehicle_msgs/lib:/home/cityu/autoware/install/autoware_auto_planning_msgs/lib:/home/cityu/autoware/install/autoware_auto_perception_msgs/lib:/home/cityu/autoware/install/tier4_debug_msgs/lib:/home/cityu/autoware/install/autoware_auto_mapping_msgs/lib:/home/cityu/autoware/install/autoware_auto_geometry_msgs/lib:${LD_LIBRARY_PATH} PYTHONPATH=/home/cityu/autoware/install/autoware_auto_vehicle_msgs/lib/python3.8/site-packages:/home/cityu/autoware/install/autoware_auto_planning_msgs/lib/python3.8/site-packages:/home/cityu/autoware/install/autoware_auto_perception_msgs/lib/python3.8/site-packages:/home/cityu/autoware/install/tier4_debug_msgs/lib/python3.8/site-packages:/home/cityu/autoware/install/autoware_auto_mapping_msgs/lib/python3.8/site-packages:/home/cityu/autoware/install/autoware_auto_geometry_msgs/lib/python3.8/site-packages:${PYTHONPATH} /usr/bin/cmake /home/cityu/autoware/src/universe/autoware.universe/planning/planning_evaluator -DCMAKE_BUILD_TYPE=Release -DDOWNLOAD_ARTIFACTS=ON -DAMENT_CMAKE_SYMLINK_INSTALL=1 -DCMAKE_INSTALL_PREFIX=/home/cityu/autoware/install/planning_evaluator
[11.560s] -- Found autoware_cmake: 0.1.0 (/home/cityu/autoware/install/autoware_cmake/share/autoware_cmake/cmake)
[11.560s] -- Found ament_cmake_auto: 1.1.6 (/opt/ros/galactic/share/ament_cmake_auto/cmake)
[11.561s] -- Using PYTHON_EXECUTABLE: /usr/bin/python3
[11.561s] -- Override CMake install command with custom implementation using symlinks instead of copying resources
[11.561s] -- Using all available rosidl_typesupport_c: rosidl_typesupport_fastrtps_c;rosidl_typesupport_introspection_c
[11.562s] -- Found rosidl_adapter: 2.2.3 (/opt/ros/galactic/share/rosidl_adapter/cmake)
[11.562s] -- Using all available rosidl_typesupport_cpp: rosidl_typesupport_fastrtps_cpp;rosidl_typesupport_introspection_cpp
[11.563s] -- Found rmw_implementation_cmake: 3.3.1 (/opt/ros/galactic/share/rmw_implementation_cmake/cmake)
[11.563s] -- Found rmw_cyclonedds_cpp: 0.22.6 (/opt/ros/galactic/share/rmw_cyclonedds_cpp/cmake)
[11.569s] -- Using RMW implementation 'rmw_cyclonedds_cpp' as default
[11.571s] -- Found eigen3_cmake_module: 0.1.1 (/opt/ros/galactic/share/eigen3_cmake_module/cmake)
[11.571s] -- Found ament_lint_auto: 0.10.7 (/opt/ros/galactic/share/ament_lint_auto/cmake)
[11.572s] -- Found gtest sources under '/opt/ros/galactic/src/gtest_vendor': C++ tests using 'Google Test' will be built
[11.572s] -- Added test 'copyright' to check source files copyright and LICENSE
[11.572s] -- Added test 'cppcheck' to perform static code analysis on C / C++ code
[11.573s] -- Configured cppcheck include dirs: /home/cityu/autoware/src/universe/autoware.universe/planning/planning_evaluator/include
[11.573s] -- Configured cppcheck exclude dirs and/or files: 
[11.574s] -- Added test 'lint_cmake' to check CMake code style
[11.574s] -- Added test 'xmllint' to check XML markup files
[11.581s] -- Configuring done
[11.582s] -- Generating done
[11.583s] -- Build files have been written to: /home/cityu/autoware/build/planning_evaluator
[11.583s] CMake Warning:
[11.583s]   Manually-specified variables were not used by the project:
[11.584s] 
[11.584s]     DOWNLOAD_ARTIFACTS
[11.585s] 
[11.585s] 
[11.624s] Invoked command in '/home/cityu/autoware/build/planning_evaluator' returned '0': AMENT_PREFIX_PATH=/home/cityu/autoware/install/motion_utils:/home/cityu/autoware/install/interpolation:/home/cityu/autoware/install/tier4_autoware_utils:/home/cityu/autoware/install/autoware_auto_vehicle_msgs:/home/cityu/autoware/install/autoware_cmake:/home/cityu/autoware/install/autoware_auto_planning_msgs:/home/cityu/autoware/install/autoware_auto_perception_msgs:/home/cityu/autoware/install/tier4_debug_msgs:/home/cityu/autoware/install/autoware_lint_common:/home/cityu/autoware/install/autoware_auto_mapping_msgs:/home/cityu/autoware/install/autoware_auto_geometry_msgs:${AMENT_PREFIX_PATH} CMAKE_PREFIX_PATH=/home/cityu/autoware/install/motion_utils:/home/cityu/autoware/install/interpolation:/home/cityu/autoware/install/tier4_autoware_utils:/home/cityu/autoware/install/autoware_auto_vehicle_msgs:/home/cityu/autoware/install/autoware_cmake:/home/cityu/autoware/install/autoware_auto_planning_msgs:/home/cityu/autoware/install/autoware_auto_perception_msgs:/home/cityu/autoware/install/tier4_debug_msgs:/home/cityu/autoware/install/autoware_lint_common:/home/cityu/autoware/install/autoware_auto_mapping_msgs:/home/cityu/autoware/install/autoware_auto_geometry_msgs:/opt/ros/galactic LD_LIBRARY_PATH=/home/cityu/autoware/install/motion_utils/lib:/home/cityu/autoware/install/interpolation/lib:/home/cityu/autoware/install/tier4_autoware_utils/lib:/home/cityu/autoware/install/autoware_auto_vehicle_msgs/lib:/home/cityu/autoware/install/autoware_auto_planning_msgs/lib:/home/cityu/autoware/install/autoware_auto_perception_msgs/lib:/home/cityu/autoware/install/tier4_debug_msgs/lib:/home/cityu/autoware/install/autoware_auto_mapping_msgs/lib:/home/cityu/autoware/install/autoware_auto_geometry_msgs/lib:${LD_LIBRARY_PATH} PYTHONPATH=/home/cityu/autoware/install/autoware_auto_vehicle_msgs/lib/python3.8/site-packages:/home/cityu/autoware/install/autoware_auto_planning_msgs/lib/python3.8/site-packages:/home/cityu/autoware/install/autoware_auto_perception_msgs/lib/python3.8/site-packages:/home/cityu/autoware/install/tier4_debug_msgs/lib/python3.8/site-packages:/home/cityu/autoware/install/autoware_auto_mapping_msgs/lib/python3.8/site-packages:/home/cityu/autoware/install/autoware_auto_geometry_msgs/lib/python3.8/site-packages:${PYTHONPATH} /usr/bin/cmake /home/cityu/autoware/src/universe/autoware.universe/planning/planning_evaluator -DCMAKE_BUILD_TYPE=Release -DDOWNLOAD_ARTIFACTS=ON -DAMENT_CMAKE_SYMLINK_INSTALL=1 -DCMAKE_INSTALL_PREFIX=/home/cityu/autoware/install/planning_evaluator
[11.625s] Invoking command in '/home/cityu/autoware/build/planning_evaluator': AMENT_PREFIX_PATH=/home/cityu/autoware/install/motion_utils:/home/cityu/autoware/install/interpolation:/home/cityu/autoware/install/tier4_autoware_utils:/home/cityu/autoware/install/autoware_auto_vehicle_msgs:/home/cityu/autoware/install/autoware_cmake:/home/cityu/autoware/install/autoware_auto_planning_msgs:/home/cityu/autoware/install/autoware_auto_perception_msgs:/home/cityu/autoware/install/tier4_debug_msgs:/home/cityu/autoware/install/autoware_lint_common:/home/cityu/autoware/install/autoware_auto_mapping_msgs:/home/cityu/autoware/install/autoware_auto_geometry_msgs:${AMENT_PREFIX_PATH} CMAKE_PREFIX_PATH=/home/cityu/autoware/install/motion_utils:/home/cityu/autoware/install/interpolation:/home/cityu/autoware/install/tier4_autoware_utils:/home/cityu/autoware/install/autoware_auto_vehicle_msgs:/home/cityu/autoware/install/autoware_cmake:/home/cityu/autoware/install/autoware_auto_planning_msgs:/home/cityu/autoware/install/autoware_auto_perception_msgs:/home/cityu/autoware/install/tier4_debug_msgs:/home/cityu/autoware/install/autoware_lint_common:/home/cityu/autoware/install/autoware_auto_mapping_msgs:/home/cityu/autoware/install/autoware_auto_geometry_msgs:/opt/ros/galactic LD_LIBRARY_PATH=/home/cityu/autoware/install/motion_utils/lib:/home/cityu/autoware/install/interpolation/lib:/home/cityu/autoware/install/tier4_autoware_utils/lib:/home/cityu/autoware/install/autoware_auto_vehicle_msgs/lib:/home/cityu/autoware/install/autoware_auto_planning_msgs/lib:/home/cityu/autoware/install/autoware_auto_perception_msgs/lib:/home/cityu/autoware/install/tier4_debug_msgs/lib:/home/cityu/autoware/install/autoware_auto_mapping_msgs/lib:/home/cityu/autoware/install/autoware_auto_geometry_msgs/lib:${LD_LIBRARY_PATH} PYTHONPATH=/home/cityu/autoware/install/autoware_auto_vehicle_msgs/lib/python3.8/site-packages:/home/cityu/autoware/install/autoware_auto_planning_msgs/lib/python3.8/site-packages:/home/cityu/autoware/install/autoware_auto_perception_msgs/lib/python3.8/site-packages:/home/cityu/autoware/install/tier4_debug_msgs/lib/python3.8/site-packages:/home/cityu/autoware/install/autoware_auto_mapping_msgs/lib/python3.8/site-packages:/home/cityu/autoware/install/autoware_auto_geometry_msgs/lib/python3.8/site-packages:${PYTHONPATH} /usr/bin/cmake --build /home/cityu/autoware/build/planning_evaluator -- -j16 -l16
[13.420s] [ 10%] Built target gtest
[13.421s] [ 15%] [32m[1mLinking CXX executable planning_evaluator[0m
[13.421s] [ 21%] Built target planning_evaluator
[13.421s] [ 26%] [32m[1mLinking CXX executable motion_evaluator[0m
[13.421s] [ 31%] Built target motion_evaluator
[13.421s] [ 42%] Built target gtest_main
[13.421s] [ 47%] [32m[1mLinking CXX shared library libplanning_evaluator_node.so[0m
[14.186s] [ 89%] Built target planning_evaluator_node
[14.239s] [ 94%] [32mBuilding CXX object CMakeFiles/test_planning_evaluator.dir/test/test_planning_evaluator_node.cpp.o[0m
[34.113s] [100%] [32m[1mLinking CXX executable test_planning_evaluator[0m
[34.773s] [100%] Built target test_planning_evaluator
[34.805s] Invoked command in '/home/cityu/autoware/build/planning_evaluator' returned '0': AMENT_PREFIX_PATH=/home/cityu/autoware/install/motion_utils:/home/cityu/autoware/install/interpolation:/home/cityu/autoware/install/tier4_autoware_utils:/home/cityu/autoware/install/autoware_auto_vehicle_msgs:/home/cityu/autoware/install/autoware_cmake:/home/cityu/autoware/install/autoware_auto_planning_msgs:/home/cityu/autoware/install/autoware_auto_perception_msgs:/home/cityu/autoware/install/tier4_debug_msgs:/home/cityu/autoware/install/autoware_lint_common:/home/cityu/autoware/install/autoware_auto_mapping_msgs:/home/cityu/autoware/install/autoware_auto_geometry_msgs:${AMENT_PREFIX_PATH} CMAKE_PREFIX_PATH=/home/cityu/autoware/install/motion_utils:/home/cityu/autoware/install/interpolation:/home/cityu/autoware/install/tier4_autoware_utils:/home/cityu/autoware/install/autoware_auto_vehicle_msgs:/home/cityu/autoware/install/autoware_cmake:/home/cityu/autoware/install/autoware_auto_planning_msgs:/home/cityu/autoware/install/autoware_auto_perception_msgs:/home/cityu/autoware/install/tier4_debug_msgs:/home/cityu/autoware/install/autoware_lint_common:/home/cityu/autoware/install/autoware_auto_mapping_msgs:/home/cityu/autoware/install/autoware_auto_geometry_msgs:/opt/ros/galactic LD_LIBRARY_PATH=/home/cityu/autoware/install/motion_utils/lib:/home/cityu/autoware/install/interpolation/lib:/home/cityu/autoware/install/tier4_autoware_utils/lib:/home/cityu/autoware/install/autoware_auto_vehicle_msgs/lib:/home/cityu/autoware/install/autoware_auto_planning_msgs/lib:/home/cityu/autoware/install/autoware_auto_perception_msgs/lib:/home/cityu/autoware/install/tier4_debug_msgs/lib:/home/cityu/autoware/install/autoware_auto_mapping_msgs/lib:/home/cityu/autoware/install/autoware_auto_geometry_msgs/lib:${LD_LIBRARY_PATH} PYTHONPATH=/home/cityu/autoware/install/autoware_auto_vehicle_msgs/lib/python3.8/site-packages:/home/cityu/autoware/install/autoware_auto_planning_msgs/lib/python3.8/site-packages:/home/cityu/autoware/install/autoware_auto_perception_msgs/lib/python3.8/site-packages:/home/cityu/autoware/install/tier4_debug_msgs/lib/python3.8/site-packages:/home/cityu/autoware/install/autoware_auto_mapping_msgs/lib/python3.8/site-packages:/home/cityu/autoware/install/autoware_auto_geometry_msgs/lib/python3.8/site-packages:${PYTHONPATH} /usr/bin/cmake --build /home/cityu/autoware/build/planning_evaluator -- -j16 -l16
[34.888s] Invoking command in '/home/cityu/autoware/build/planning_evaluator': AMENT_PREFIX_PATH=/home/cityu/autoware/install/motion_utils:/home/cityu/autoware/install/interpolation:/home/cityu/autoware/install/tier4_autoware_utils:/home/cityu/autoware/install/autoware_auto_vehicle_msgs:/home/cityu/autoware/install/autoware_cmake:/home/cityu/autoware/install/autoware_auto_planning_msgs:/home/cityu/autoware/install/autoware_auto_perception_msgs:/home/cityu/autoware/install/tier4_debug_msgs:/home/cityu/autoware/install/autoware_lint_common:/home/cityu/autoware/install/autoware_auto_mapping_msgs:/home/cityu/autoware/install/autoware_auto_geometry_msgs:${AMENT_PREFIX_PATH} CMAKE_PREFIX_PATH=/home/cityu/autoware/install/motion_utils:/home/cityu/autoware/install/interpolation:/home/cityu/autoware/install/tier4_autoware_utils:/home/cityu/autoware/install/autoware_auto_vehicle_msgs:/home/cityu/autoware/install/autoware_cmake:/home/cityu/autoware/install/autoware_auto_planning_msgs:/home/cityu/autoware/install/autoware_auto_perception_msgs:/home/cityu/autoware/install/tier4_debug_msgs:/home/cityu/autoware/install/autoware_lint_common:/home/cityu/autoware/install/autoware_auto_mapping_msgs:/home/cityu/autoware/install/autoware_auto_geometry_msgs:/opt/ros/galactic LD_LIBRARY_PATH=/home/cityu/autoware/install/motion_utils/lib:/home/cityu/autoware/install/interpolation/lib:/home/cityu/autoware/install/tier4_autoware_utils/lib:/home/cityu/autoware/install/autoware_auto_vehicle_msgs/lib:/home/cityu/autoware/install/autoware_auto_planning_msgs/lib:/home/cityu/autoware/install/autoware_auto_perception_msgs/lib:/home/cityu/autoware/install/tier4_debug_msgs/lib:/home/cityu/autoware/install/autoware_auto_mapping_msgs/lib:/home/cityu/autoware/install/autoware_auto_geometry_msgs/lib:${LD_LIBRARY_PATH} PYTHONPATH=/home/cityu/autoware/install/autoware_auto_vehicle_msgs/lib/python3.8/site-packages:/home/cityu/autoware/install/autoware_auto_planning_msgs/lib/python3.8/site-packages:/home/cityu/autoware/install/autoware_auto_perception_msgs/lib/python3.8/site-packages:/home/cityu/autoware/install/tier4_debug_msgs/lib/python3.8/site-packages:/home/cityu/autoware/install/autoware_auto_mapping_msgs/lib/python3.8/site-packages:/home/cityu/autoware/install/autoware_auto_geometry_msgs/lib/python3.8/site-packages:${PYTHONPATH} /usr/bin/cmake --install /home/cityu/autoware/build/planning_evaluator
[34.910s] -- Install configuration: "Release"
[34.910s] -- Execute custom install script
[34.910s] -- Up-to-date symlink: /home/cityu/autoware/install/planning_evaluator/lib/planning_evaluator/planning_evaluator
[34.911s] -- Up-to-date symlink: /home/cityu/autoware/install/planning_evaluator/lib/planning_evaluator/motion_evaluator
[34.912s] -- Up-to-date symlink: /home/cityu/autoware/install/planning_evaluator/include/planning_evaluator/metrics/deviation_metrics.hpp
[34.912s] -- Up-to-date symlink: /home/cityu/autoware/install/planning_evaluator/include/planning_evaluator/metrics/metric.hpp
[34.912s] -- Up-to-date symlink: /home/cityu/autoware/install/planning_evaluator/include/planning_evaluator/metrics/metrics_utils.hpp
[34.913s] -- Up-to-date symlink: /home/cityu/autoware/install/planning_evaluator/include/planning_evaluator/metrics/obstacle_metrics.hpp
[34.913s] -- Up-to-date symlink: /home/cityu/autoware/install/planning_evaluator/include/planning_evaluator/metrics/stability_metrics.hpp
[34.913s] -- Up-to-date symlink: /home/cityu/autoware/install/planning_evaluator/include/planning_evaluator/metrics/trajectory_metrics.hpp
[34.913s] -- Up-to-date symlink: /home/cityu/autoware/install/planning_evaluator/include/planning_evaluator/metrics_calculator.hpp
[34.913s] -- Up-to-date symlink: /home/cityu/autoware/install/planning_evaluator/include/planning_evaluator/motion_evaluator_node.hpp
[34.914s] -- Up-to-date symlink: /home/cityu/autoware/install/planning_evaluator/include/planning_evaluator/parameters.hpp
[34.914s] -- Up-to-date symlink: /home/cityu/autoware/install/planning_evaluator/include/planning_evaluator/planning_evaluator_node.hpp
[34.914s] -- Up-to-date symlink: /home/cityu/autoware/install/planning_evaluator/include/planning_evaluator/stat.hpp
[34.914s] -- Up-to-date symlink: /home/cityu/autoware/install/planning_evaluator/share/planning_evaluator/environment/library_path.sh
[34.915s] -- Up-to-date symlink: /home/cityu/autoware/install/planning_evaluator/share/planning_evaluator/environment/library_path.dsv
[34.915s] -- Up-to-date symlink: /home/cityu/autoware/install/planning_evaluator/lib/libplanning_evaluator_node.so
[34.917s] -- Up-to-date symlink: /home/cityu/autoware/install/planning_evaluator/share/planning_evaluator/param/planning_evaluator.defaults.yaml
[34.917s] -- Up-to-date symlink: /home/cityu/autoware/install/planning_evaluator/share/planning_evaluator/launch/motion_evaluator.launch.xml
[34.917s] -- Up-to-date symlink: /home/cityu/autoware/install/planning_evaluator/share/planning_evaluator/launch/planning_evaluator.launch.xml
[34.918s] -- Up-to-date symlink: /home/cityu/autoware/install/planning_evaluator/share/ament_index/resource_index/package_run_dependencies/planning_evaluator
[34.918s] -- Up-to-date symlink: /home/cityu/autoware/install/planning_evaluator/share/ament_index/resource_index/parent_prefix_path/planning_evaluator
[34.918s] -- Up-to-date symlink: /home/cityu/autoware/install/planning_evaluator/share/planning_evaluator/environment/ament_prefix_path.sh
[34.918s] -- Up-to-date symlink: /home/cityu/autoware/install/planning_evaluator/share/planning_evaluator/environment/ament_prefix_path.dsv
[34.919s] -- Up-to-date symlink: /home/cityu/autoware/install/planning_evaluator/share/planning_evaluator/environment/path.sh
[34.919s] -- Up-to-date symlink: /home/cityu/autoware/install/planning_evaluator/share/planning_evaluator/environment/path.dsv
[34.919s] -- Up-to-date symlink: /home/cityu/autoware/install/planning_evaluator/share/planning_evaluator/local_setup.bash
[34.920s] -- Up-to-date symlink: /home/cityu/autoware/install/planning_evaluator/share/planning_evaluator/local_setup.sh
[34.920s] -- Up-to-date symlink: /home/cityu/autoware/install/planning_evaluator/share/planning_evaluator/local_setup.zsh
[34.920s] -- Up-to-date symlink: /home/cityu/autoware/install/planning_evaluator/share/planning_evaluator/local_setup.dsv
[34.920s] -- Symlinking: /home/cityu/autoware/install/planning_evaluator/share/planning_evaluator/package.dsv
[34.944s] -- Up-to-date symlink: /home/cityu/autoware/install/planning_evaluator/share/ament_index/resource_index/packages/planning_evaluator
[34.944s] -- Up-to-date symlink: /home/cityu/autoware/install/planning_evaluator/share/ament_index/resource_index/rclcpp_components/planning_evaluator
[34.944s] -- Up-to-date symlink: /home/cityu/autoware/install/planning_evaluator/share/planning_evaluator/cmake/ament_cmake_export_dependencies-extras.cmake
[34.944s] -- Up-to-date symlink: /home/cityu/autoware/install/planning_evaluator/share/planning_evaluator/cmake/ament_cmake_export_include_directories-extras.cmake
[34.945s] -- Up-to-date symlink: /home/cityu/autoware/install/planning_evaluator/share/planning_evaluator/cmake/ament_cmake_export_libraries-extras.cmake
[34.945s] -- Up-to-date symlink: /home/cityu/autoware/install/planning_evaluator/share/planning_evaluator/cmake/planning_evaluatorConfig.cmake
[34.945s] -- Up-to-date symlink: /home/cityu/autoware/install/planning_evaluator/share/planning_evaluator/cmake/planning_evaluatorConfig-version.cmake
[34.945s] -- Up-to-date symlink: /home/cityu/autoware/install/planning_evaluator/share/planning_evaluator/package.xml
[34.965s] Invoked command in '/home/cityu/autoware/build/planning_evaluator' returned '0': AMENT_PREFIX_PATH=/home/cityu/autoware/install/motion_utils:/home/cityu/autoware/install/interpolation:/home/cityu/autoware/install/tier4_autoware_utils:/home/cityu/autoware/install/autoware_auto_vehicle_msgs:/home/cityu/autoware/install/autoware_cmake:/home/cityu/autoware/install/autoware_auto_planning_msgs:/home/cityu/autoware/install/autoware_auto_perception_msgs:/home/cityu/autoware/install/tier4_debug_msgs:/home/cityu/autoware/install/autoware_lint_common:/home/cityu/autoware/install/autoware_auto_mapping_msgs:/home/cityu/autoware/install/autoware_auto_geometry_msgs:${AMENT_PREFIX_PATH} CMAKE_PREFIX_PATH=/home/cityu/autoware/install/motion_utils:/home/cityu/autoware/install/interpolation:/home/cityu/autoware/install/tier4_autoware_utils:/home/cityu/autoware/install/autoware_auto_vehicle_msgs:/home/cityu/autoware/install/autoware_cmake:/home/cityu/autoware/install/autoware_auto_planning_msgs:/home/cityu/autoware/install/autoware_auto_perception_msgs:/home/cityu/autoware/install/tier4_debug_msgs:/home/cityu/autoware/install/autoware_lint_common:/home/cityu/autoware/install/autoware_auto_mapping_msgs:/home/cityu/autoware/install/autoware_auto_geometry_msgs:/opt/ros/galactic LD_LIBRARY_PATH=/home/cityu/autoware/install/motion_utils/lib:/home/cityu/autoware/install/interpolation/lib:/home/cityu/autoware/install/tier4_autoware_utils/lib:/home/cityu/autoware/install/autoware_auto_vehicle_msgs/lib:/home/cityu/autoware/install/autoware_auto_planning_msgs/lib:/home/cityu/autoware/install/autoware_auto_perception_msgs/lib:/home/cityu/autoware/install/tier4_debug_msgs/lib:/home/cityu/autoware/install/autoware_auto_mapping_msgs/lib:/home/cityu/autoware/install/autoware_auto_geometry_msgs/lib:${LD_LIBRARY_PATH} PYTHONPATH=/home/cityu/autoware/install/autoware_auto_vehicle_msgs/lib/python3.8/site-packages:/home/cityu/autoware/install/autoware_auto_planning_msgs/lib/python3.8/site-packages:/home/cityu/autoware/install/autoware_auto_perception_msgs/lib/python3.8/site-packages:/home/cityu/autoware/install/tier4_debug_msgs/lib/python3.8/site-packages:/home/cityu/autoware/install/autoware_auto_mapping_msgs/lib/python3.8/site-packages:/home/cityu/autoware/install/autoware_auto_geometry_msgs/lib/python3.8/site-packages:${PYTHONPATH} /usr/bin/cmake --install /home/cityu/autoware/build/planning_evaluator
