[0.125s] Invoking command in '/home/cityu/autoware/build/autoware_auto_geometry_msgs': CMAKE_PREFIX_PATH=/opt/ros/galactic /usr/bin/cmake /home/cityu/autoware/src/core/external/autoware_auto_msgs/autoware_auto_geometry_msgs -DCMAKE_BUILD_TYPE=Release -DDOWNLOAD_ARTIFACTS=ON -DAMENT_CMAKE_SYMLINK_INSTALL=1 -DCMAKE_INSTALL_PREFIX=/home/cityu/autoware/install/autoware_auto_geometry_msgs
[0.299s] -- Found ament_cmake_auto: 1.1.6 (/opt/ros/galactic/share/ament_cmake_auto/cmake)
[0.300s] -- Found PythonInterp: /usr/bin/python3 (found suitable version "3.8.10", minimum required is "3") 
[0.300s] -- Using PYTHON_EXECUTABLE: /usr/bin/python3
[0.300s] -- Override CMake install command with custom implementation using symlinks instead of copying resources
[0.446s] -- Using all available rosidl_typesupport_c: rosidl_typesupport_fastrtps_c;rosidl_typesupport_introspection_c
[0.450s] -- Found rosidl_adapter: 2.2.3 (/opt/ros/galactic/share/rosidl_adapter/cmake)
[0.641s] -- Using all available rosidl_typesupport_cpp: rosidl_typesupport_fastrtps_cpp;rosidl_typesupport_introspection_cpp
[0.928s] -- Found ament_cmake_cppcheck: 0.10.7 (/opt/ros/galactic/share/ament_cmake_cppcheck/cmake)
[0.929s] -- Found ament_cmake_cpplint: 0.10.7 (/opt/ros/galactic/share/ament_cmake_cpplint/cmake)
[0.930s] -- Found ament_cmake_uncrustify: 0.10.7 (/opt/ros/galactic/share/ament_cmake_uncrustify/cmake)
[0.932s] -- Found ament_cmake_ros: 0.9.2 (/opt/ros/galactic/share/ament_cmake_ros/cmake)
[1.321s] -- Using all available rosidl_typesupport_c: rosidl_typesupport_fastrtps_c;rosidl_typesupport_introspection_c
[1.756s] -- Using all available rosidl_typesupport_cpp: rosidl_typesupport_fastrtps_cpp;rosidl_typesupport_introspection_cpp
[1.952s] -- Found PythonInterp: /usr/bin/python3 (found suitable version "3.8.10", minimum required is "3.5") 
[1.952s] -- Found python_cmake_module: 0.8.1 (/opt/ros/galactic/share/python_cmake_module/cmake)
[2.112s] -- Using PYTHON_EXECUTABLE: /usr/bin/python3
[2.113s] -- Using PYTHON_INCLUDE_DIRS: /usr/include/python3.8
[2.113s] -- Using PYTHON_LIBRARIES: /usr/lib/x86_64-linux-gnu/libpython3.8.so
[2.573s] -- Found ament_cmake_flake8: 0.10.7 (/opt/ros/galactic/share/ament_cmake_flake8/cmake)
[2.575s] -- Found ament_cmake_pep257: 0.10.7 (/opt/ros/galactic/share/ament_cmake_pep257/cmake)
[2.595s] -- Found ament_lint_auto: 0.10.7 (/opt/ros/galactic/share/ament_lint_auto/cmake)
[2.669s] -- Added test 'copyright' to check source files copyright and LICENSE
[2.669s] -- Added test 'lint_cmake' to check CMake code style
[2.669s] -- Added test 'xmllint' to check XML markup files
[2.715s] -- Configuring done
[3.249s] -- Generating done
[3.272s] -- Build files have been written to: /home/cityu/autoware/build/autoware_auto_geometry_msgs
[3.388s] Invoked command in '/home/cityu/autoware/build/autoware_auto_geometry_msgs' returned '0': CMAKE_PREFIX_PATH=/opt/ros/galactic /usr/bin/cmake /home/cityu/autoware/src/core/external/autoware_auto_msgs/autoware_auto_geometry_msgs -DCMAKE_BUILD_TYPE=Release -DDOWNLOAD_ARTIFACTS=ON -DAMENT_CMAKE_SYMLINK_INSTALL=1 -DCMAKE_INSTALL_PREFIX=/home/cityu/autoware/install/autoware_auto_geometry_msgs
[3.391s] Invoking command in '/home/cityu/autoware/build/autoware_auto_geometry_msgs': CMAKE_PREFIX_PATH=/opt/ros/galactic /usr/bin/cmake --build /home/cityu/autoware/build/autoware_auto_geometry_msgs -- -j16 -l16
[8.275s] [  2%] [32mBuilding C object CMakeFiles/autoware_auto_geometry_msgs__rosidl_generator_c.dir/rosidl_generator_c/autoware_auto_geometry_msgs/msg/detail/complex32__functions.c.o[0m
[8.275s] [  4%] Built target autoware_auto_geometry_msgs__cpp
[8.275s] [  6%] [32mBuilding C object CMakeFiles/autoware_auto_geometry_msgs__rosidl_generator_c.dir/rosidl_generator_c/autoware_auto_geometry_msgs/msg/detail/quaternion32__functions.c.o[0m
[8.275s] [  8%] [32mBuilding C object CMakeFiles/autoware_auto_geometry_msgs__rosidl_generator_c.dir/rosidl_generator_c/autoware_auto_geometry_msgs/msg/detail/relative_position_with_covariance_stamped__functions.c.o[0m
[8.275s] [ 10%] [32mBuilding CXX object CMakeFiles/autoware_auto_geometry_msgs__rosidl_typesupport_cpp.dir/rosidl_typesupport_cpp/autoware_auto_geometry_msgs/msg/quaternion32__type_support.cpp.o[0m
[8.275s] [ 14%] [32mBuilding CXX object CMakeFiles/autoware_auto_geometry_msgs__rosidl_typesupport_fastrtps_cpp.dir/rosidl_typesupport_fastrtps_cpp/autoware_auto_geometry_msgs/msg/detail/dds_fastrtps/complex32__type_support.cpp.o[0m
[8.276s] [ 12%] [32mBuilding CXX object CMakeFiles/autoware_auto_geometry_msgs__rosidl_typesupport_fastrtps_cpp.dir/rosidl_typesupport_fastrtps_cpp/autoware_auto_geometry_msgs/msg/detail/dds_fastrtps/quaternion32__type_support.cpp.o[0m
[8.276s] [ 17%] [32mBuilding CXX object CMakeFiles/autoware_auto_geometry_msgs__rosidl_typesupport_cpp.dir/rosidl_typesupport_cpp/autoware_auto_geometry_msgs/msg/complex32__type_support.cpp.o[0m
[8.276s] [ 19%] [32mBuilding CXX object CMakeFiles/autoware_auto_geometry_msgs__rosidl_typesupport_fastrtps_cpp.dir/rosidl_typesupport_fastrtps_cpp/autoware_auto_geometry_msgs/msg/detail/dds_fastrtps/relative_position_with_covariance_stamped__type_support.cpp.o[0m
[8.276s] [ 21%] [32mBuilding CXX object CMakeFiles/autoware_auto_geometry_msgs__rosidl_typesupport_cpp.dir/rosidl_typesupport_cpp/autoware_auto_geometry_msgs/msg/relative_position_with_covariance_stamped__type_support.cpp.o[0m
[8.276s] [ 23%] [32m[1mLinking C shared library libautoware_auto_geometry_msgs__rosidl_generator_c.so[0m
[8.276s] [ 25%] Built target autoware_auto_geometry_msgs__rosidl_generator_c
[8.276s] [ 27%] [32mBuilding CXX object CMakeFiles/autoware_auto_geometry_msgs__rosidl_typesupport_introspection_cpp.dir/rosidl_typesupport_introspection_cpp/autoware_auto_geometry_msgs/msg/detail/complex32__type_support.cpp.o[0m
[8.276s] [ 29%] [32mBuilding CXX object CMakeFiles/autoware_auto_geometry_msgs__rosidl_typesupport_introspection_cpp.dir/rosidl_typesupport_introspection_cpp/autoware_auto_geometry_msgs/msg/detail/relative_position_with_covariance_stamped__type_support.cpp.o[0m
[8.276s] [ 31%] [32mBuilding CXX object CMakeFiles/autoware_auto_geometry_msgs__rosidl_typesupport_introspection_cpp.dir/rosidl_typesupport_introspection_cpp/autoware_auto_geometry_msgs/msg/detail/quaternion32__type_support.cpp.o[0m
[8.276s] [ 34%] [32mBuilding CXX object CMakeFiles/autoware_auto_geometry_msgs__rosidl_typesupport_c.dir/rosidl_typesupport_c/autoware_auto_geometry_msgs/msg/complex32__type_support.cpp.o[0m
[8.276s] [ 36%] [32mBuilding CXX object CMakeFiles/autoware_auto_geometry_msgs__rosidl_typesupport_c.dir/rosidl_typesupport_c/autoware_auto_geometry_msgs/msg/quaternion32__type_support.cpp.o[0m
[8.276s] [ 38%] [32mBuilding CXX object CMakeFiles/autoware_auto_geometry_msgs__rosidl_typesupport_c.dir/rosidl_typesupport_c/autoware_auto_geometry_msgs/msg/relative_position_with_covariance_stamped__type_support.cpp.o[0m
[8.277s] [ 40%] [32m[1mLinking CXX shared library libautoware_auto_geometry_msgs__rosidl_typesupport_c.so[0m
[8.277s] [ 42%] Built target autoware_auto_geometry_msgs__rosidl_typesupport_c
[8.277s] [ 44%] [32mBuilding C object CMakeFiles/autoware_auto_geometry_msgs__rosidl_typesupport_introspection_c.dir/rosidl_typesupport_introspection_c/autoware_auto_geometry_msgs/msg/detail/quaternion32__type_support.c.o[0m
[8.277s] [ 46%] [32mBuilding C object CMakeFiles/autoware_auto_geometry_msgs__rosidl_typesupport_introspection_c.dir/rosidl_typesupport_introspection_c/autoware_auto_geometry_msgs/msg/detail/complex32__type_support.c.o[0m
[8.277s] [ 48%] [32mBuilding C object CMakeFiles/autoware_auto_geometry_msgs__rosidl_typesupport_introspection_c.dir/rosidl_typesupport_introspection_c/autoware_auto_geometry_msgs/msg/detail/relative_position_with_covariance_stamped__type_support.c.o[0m
[8.277s] [ 51%] [32m[1mLinking CXX shared library libautoware_auto_geometry_msgs__rosidl_typesupport_cpp.so[0m
[8.277s] [ 53%] [32m[1mLinking C shared library libautoware_auto_geometry_msgs__rosidl_typesupport_introspection_c.so[0m
[8.277s] [ 55%] Built target autoware_auto_geometry_msgs__rosidl_typesupport_cpp
[8.277s] [ 57%] Built target autoware_auto_geometry_msgs__rosidl_typesupport_introspection_c
[8.362s] [ 59%] [32m[1mLinking CXX shared library libautoware_auto_geometry_msgs__rosidl_typesupport_fastrtps_cpp.so[0m
[8.526s] [ 61%] [32m[1mLinking CXX shared library libautoware_auto_geometry_msgs__rosidl_typesupport_introspection_cpp.so[0m
[8.863s] [ 63%] Built target autoware_auto_geometry_msgs__rosidl_typesupport_fastrtps_cpp
[9.238s] [ 65%] Built target autoware_auto_geometry_msgs__rosidl_typesupport_introspection_cpp
[9.315s] [ 68%] [32mBuilding CXX object CMakeFiles/autoware_auto_geometry_msgs__rosidl_typesupport_fastrtps_c.dir/rosidl_typesupport_fastrtps_c/autoware_auto_geometry_msgs/msg/detail/complex32__type_support_c.cpp.o[0m
[10.112s] [ 70%] [32mBuilding CXX object CMakeFiles/autoware_auto_geometry_msgs__rosidl_typesupport_fastrtps_c.dir/rosidl_typesupport_fastrtps_c/autoware_auto_geometry_msgs/msg/detail/relative_position_with_covariance_stamped__type_support_c.cpp.o[0m
[10.788s] [ 72%] [32mBuilding CXX object CMakeFiles/autoware_auto_geometry_msgs__rosidl_typesupport_fastrtps_c.dir/rosidl_typesupport_fastrtps_c/autoware_auto_geometry_msgs/msg/detail/quaternion32__type_support_c.cpp.o[0m
[11.305s] [ 74%] [32m[1mLinking CXX shared library libautoware_auto_geometry_msgs__rosidl_typesupport_fastrtps_c.so[0m
[11.503s] [ 76%] Built target autoware_auto_geometry_msgs__rosidl_typesupport_fastrtps_c
[11.534s] [ 76%] Built target autoware_auto_geometry_msgs
[11.555s] [ 78%] Built target autoware_auto_geometry_msgs__py
[11.581s] [ 80%] [32mBuilding C object CMakeFiles/autoware_auto_geometry_msgs__python.dir/rosidl_generator_py/autoware_auto_geometry_msgs/msg/_complex32_s.c.o[0m
[11.685s] [ 82%] [32mBuilding C object CMakeFiles/autoware_auto_geometry_msgs__python.dir/rosidl_generator_py/autoware_auto_geometry_msgs/msg/_relative_position_with_covariance_stamped_s.c.o[0m
[11.825s] [ 85%] [32mBuilding C object CMakeFiles/autoware_auto_geometry_msgs__python.dir/rosidl_generator_py/autoware_auto_geometry_msgs/msg/_quaternion32_s.c.o[0m
[11.987s] [ 87%] [32m[1mLinking C shared library rosidl_generator_py/autoware_auto_geometry_msgs/libautoware_auto_geometry_msgs__python.so[0m
[12.046s] [ 87%] Built target autoware_auto_geometry_msgs__python
[12.117s] [ 89%] [32mBuilding C object CMakeFiles/autoware_auto_geometry_msgs__rosidl_typesupport_introspection_c__pyext.dir/rosidl_generator_py/autoware_auto_geometry_msgs/_autoware_auto_geometry_msgs_s.ep.rosidl_typesupport_introspection_c.c.o[0m
[12.272s] [ 91%] [32m[1mLinking C shared library rosidl_generator_py/autoware_auto_geometry_msgs/autoware_auto_geometry_msgs_s__rosidl_typesupport_introspection_c.cpython-38-x86_64-linux-gnu.so[0m
[12.339s] [ 91%] Built target autoware_auto_geometry_msgs__rosidl_typesupport_introspection_c__pyext
[12.407s] [ 93%] [32mBuilding C object CMakeFiles/autoware_auto_geometry_msgs__rosidl_typesupport_c__pyext.dir/rosidl_generator_py/autoware_auto_geometry_msgs/_autoware_auto_geometry_msgs_s.ep.rosidl_typesupport_c.c.o[0m
[12.597s] [ 95%] [32m[1mLinking C shared library rosidl_generator_py/autoware_auto_geometry_msgs/autoware_auto_geometry_msgs_s__rosidl_typesupport_c.cpython-38-x86_64-linux-gnu.so[0m
[12.652s] [ 95%] Built target autoware_auto_geometry_msgs__rosidl_typesupport_c__pyext
[12.688s] [ 97%] [32mBuilding C object CMakeFiles/autoware_auto_geometry_msgs__rosidl_typesupport_fastrtps_c__pyext.dir/rosidl_generator_py/autoware_auto_geometry_msgs/_autoware_auto_geometry_msgs_s.ep.rosidl_typesupport_fastrtps_c.c.o[0m
[12.894s] [100%] [32m[1mLinking CXX shared library rosidl_generator_py/autoware_auto_geometry_msgs/autoware_auto_geometry_msgs_s__rosidl_typesupport_fastrtps_c.cpython-38-x86_64-linux-gnu.so[0m
[12.979s] [100%] Built target autoware_auto_geometry_msgs__rosidl_typesupport_fastrtps_c__pyext
[13.144s] Invoked command in '/home/cityu/autoware/build/autoware_auto_geometry_msgs' returned '0': CMAKE_PREFIX_PATH=/opt/ros/galactic /usr/bin/cmake --build /home/cityu/autoware/build/autoware_auto_geometry_msgs -- -j16 -l16
[13.397s] Invoking command in '/home/cityu/autoware/build/autoware_auto_geometry_msgs': CMAKE_PREFIX_PATH=/opt/ros/galactic /usr/bin/cmake --install /home/cityu/autoware/build/autoware_auto_geometry_msgs
[14.399s] -- Install configuration: "Release"
[14.399s] -- Execute custom install script
[14.400s] -- Up-to-date symlink: /home/cityu/autoware/install/autoware_auto_geometry_msgs/share/ament_index/resource_index/rosidl_interfaces/autoware_auto_geometry_msgs
[14.406s] -- Up-to-date symlink: /home/cityu/autoware/install/autoware_auto_geometry_msgs/include/autoware_auto_geometry_msgs/msg/complex32.h
[14.406s] -- Up-to-date symlink: /home/cityu/autoware/install/autoware_auto_geometry_msgs/include/autoware_auto_geometry_msgs/msg/detail/complex32__functions.h
[14.406s] -- Up-to-date symlink: /home/cityu/autoware/install/autoware_auto_geometry_msgs/include/autoware_auto_geometry_msgs/msg/detail/complex32__struct.h
[14.406s] -- Up-to-date symlink: /home/cityu/autoware/install/autoware_auto_geometry_msgs/include/autoware_auto_geometry_msgs/msg/detail/complex32__type_support.h
[14.406s] -- Up-to-date symlink: /home/cityu/autoware/install/autoware_auto_geometry_msgs/include/autoware_auto_geometry_msgs/msg/detail/quaternion32__functions.h
[14.406s] -- Up-to-date symlink: /home/cityu/autoware/install/autoware_auto_geometry_msgs/include/autoware_auto_geometry_msgs/msg/detail/quaternion32__struct.h
[14.406s] -- Up-to-date symlink: /home/cityu/autoware/install/autoware_auto_geometry_msgs/include/autoware_auto_geometry_msgs/msg/detail/quaternion32__type_support.h
[14.407s] -- Up-to-date symlink: /home/cityu/autoware/install/autoware_auto_geometry_msgs/include/autoware_auto_geometry_msgs/msg/detail/relative_position_with_covariance_stamped__functions.h
[14.407s] -- Up-to-date symlink: /home/cityu/autoware/install/autoware_auto_geometry_msgs/include/autoware_auto_geometry_msgs/msg/detail/relative_position_with_covariance_stamped__struct.h
[14.407s] -- Up-to-date symlink: /home/cityu/autoware/install/autoware_auto_geometry_msgs/include/autoware_auto_geometry_msgs/msg/detail/relative_position_with_covariance_stamped__type_support.h
[14.407s] -- Up-to-date symlink: /home/cityu/autoware/install/autoware_auto_geometry_msgs/include/autoware_auto_geometry_msgs/msg/quaternion32.h
[14.407s] -- Up-to-date symlink: /home/cityu/autoware/install/autoware_auto_geometry_msgs/include/autoware_auto_geometry_msgs/msg/relative_position_with_covariance_stamped.h
[14.407s] -- Up-to-date symlink: /home/cityu/autoware/install/autoware_auto_geometry_msgs/include/autoware_auto_geometry_msgs/msg/rosidl_generator_c__visibility_control.h
[14.408s] -- Up-to-date symlink: /home/cityu/autoware/install/autoware_auto_geometry_msgs/share/autoware_auto_geometry_msgs/environment/library_path.sh
[14.408s] -- Up-to-date symlink: /home/cityu/autoware/install/autoware_auto_geometry_msgs/share/autoware_auto_geometry_msgs/environment/library_path.dsv
[14.408s] -- Up-to-date symlink: /home/cityu/autoware/install/autoware_auto_geometry_msgs/include/autoware_auto_geometry_msgs/msg/detail/complex32__rosidl_typesupport_fastrtps_c.h
[14.409s] -- Up-to-date symlink: /home/cityu/autoware/install/autoware_auto_geometry_msgs/include/autoware_auto_geometry_msgs/msg/detail/quaternion32__rosidl_typesupport_fastrtps_c.h
[14.409s] -- Up-to-date symlink: /home/cityu/autoware/install/autoware_auto_geometry_msgs/include/autoware_auto_geometry_msgs/msg/detail/relative_position_with_covariance_stamped__rosidl_typesupport_fastrtps_c.h
[14.410s] -- Up-to-date symlink: /home/cityu/autoware/install/autoware_auto_geometry_msgs/include/autoware_auto_geometry_msgs/msg/rosidl_typesupport_fastrtps_c__visibility_control.h
[14.410s] -- Up-to-date symlink: /home/cityu/autoware/install/autoware_auto_geometry_msgs/lib/libautoware_auto_geometry_msgs__rosidl_typesupport_fastrtps_c.so
[14.411s] -- Up-to-date symlink: /home/cityu/autoware/install/autoware_auto_geometry_msgs/include/autoware_auto_geometry_msgs/msg/detail/complex32__rosidl_typesupport_fastrtps_cpp.hpp
[14.412s] -- Up-to-date symlink: /home/cityu/autoware/install/autoware_auto_geometry_msgs/include/autoware_auto_geometry_msgs/msg/detail/quaternion32__rosidl_typesupport_fastrtps_cpp.hpp
[14.419s] -- Up-to-date symlink: /home/cityu/autoware/install/autoware_auto_geometry_msgs/include/autoware_auto_geometry_msgs/msg/detail/relative_position_with_covariance_stamped__rosidl_typesupport_fastrtps_cpp.hpp
[14.419s] -- Up-to-date symlink: /home/cityu/autoware/install/autoware_auto_geometry_msgs/include/autoware_auto_geometry_msgs/msg/rosidl_typesupport_fastrtps_cpp__visibility_control.h
[14.420s] -- Up-to-date symlink: /home/cityu/autoware/install/autoware_auto_geometry_msgs/lib/libautoware_auto_geometry_msgs__rosidl_typesupport_fastrtps_cpp.so
[14.420s] -- Up-to-date symlink: /home/cityu/autoware/install/autoware_auto_geometry_msgs/include/autoware_auto_geometry_msgs/msg/detail/complex32__rosidl_typesupport_introspection_c.h
[14.420s] -- Up-to-date symlink: /home/cityu/autoware/install/autoware_auto_geometry_msgs/include/autoware_auto_geometry_msgs/msg/detail/quaternion32__rosidl_typesupport_introspection_c.h
[14.421s] -- Up-to-date symlink: /home/cityu/autoware/install/autoware_auto_geometry_msgs/include/autoware_auto_geometry_msgs/msg/detail/relative_position_with_covariance_stamped__rosidl_typesupport_introspection_c.h
[14.421s] -- Up-to-date symlink: /home/cityu/autoware/install/autoware_auto_geometry_msgs/include/autoware_auto_geometry_msgs/msg/rosidl_typesupport_introspection_c__visibility_control.h
[14.421s] -- Up-to-date symlink: /home/cityu/autoware/install/autoware_auto_geometry_msgs/include/autoware_auto_geometry_msgs/msg/complex32.hpp
[14.422s] -- Up-to-date symlink: /home/cityu/autoware/install/autoware_auto_geometry_msgs/include/autoware_auto_geometry_msgs/msg/detail/complex32__builder.hpp
[14.422s] -- Up-to-date symlink: /home/cityu/autoware/install/autoware_auto_geometry_msgs/include/autoware_auto_geometry_msgs/msg/detail/complex32__struct.hpp
[14.422s] -- Up-to-date symlink: /home/cityu/autoware/install/autoware_auto_geometry_msgs/include/autoware_auto_geometry_msgs/msg/detail/complex32__traits.hpp
[14.423s] -- Up-to-date symlink: /home/cityu/autoware/install/autoware_auto_geometry_msgs/include/autoware_auto_geometry_msgs/msg/detail/quaternion32__builder.hpp
[14.440s] -- Up-to-date symlink: /home/cityu/autoware/install/autoware_auto_geometry_msgs/include/autoware_auto_geometry_msgs/msg/detail/quaternion32__struct.hpp
[14.441s] -- Up-to-date symlink: /home/cityu/autoware/install/autoware_auto_geometry_msgs/include/autoware_auto_geometry_msgs/msg/detail/quaternion32__traits.hpp
[14.442s] -- Up-to-date symlink: /home/cityu/autoware/install/autoware_auto_geometry_msgs/include/autoware_auto_geometry_msgs/msg/detail/relative_position_with_covariance_stamped__builder.hpp
[14.442s] -- Up-to-date symlink: /home/cityu/autoware/install/autoware_auto_geometry_msgs/include/autoware_auto_geometry_msgs/msg/detail/relative_position_with_covariance_stamped__struct.hpp
[14.442s] -- Up-to-date symlink: /home/cityu/autoware/install/autoware_auto_geometry_msgs/include/autoware_auto_geometry_msgs/msg/detail/relative_position_with_covariance_stamped__traits.hpp
[14.443s] -- Up-to-date symlink: /home/cityu/autoware/install/autoware_auto_geometry_msgs/include/autoware_auto_geometry_msgs/msg/quaternion32.hpp
[14.443s] -- Up-to-date symlink: /home/cityu/autoware/install/autoware_auto_geometry_msgs/include/autoware_auto_geometry_msgs/msg/relative_position_with_covariance_stamped.hpp
[14.444s] -- Up-to-date symlink: /home/cityu/autoware/install/autoware_auto_geometry_msgs/include/autoware_auto_geometry_msgs/msg/detail/complex32__rosidl_typesupport_introspection_cpp.hpp
[14.444s] -- Up-to-date symlink: /home/cityu/autoware/install/autoware_auto_geometry_msgs/include/autoware_auto_geometry_msgs/msg/detail/quaternion32__rosidl_typesupport_introspection_cpp.hpp
[14.444s] -- Up-to-date symlink: /home/cityu/autoware/install/autoware_auto_geometry_msgs/include/autoware_auto_geometry_msgs/msg/detail/relative_position_with_covariance_stamped__rosidl_typesupport_introspection_cpp.hpp
[14.445s] -- Up-to-date symlink: /home/cityu/autoware/install/autoware_auto_geometry_msgs/share/autoware_auto_geometry_msgs/environment/pythonpath.sh
[14.445s] -- Up-to-date symlink: /home/cityu/autoware/install/autoware_auto_geometry_msgs/share/autoware_auto_geometry_msgs/environment/pythonpath.dsv
[14.445s] -- Up-to-date symlink: /home/cityu/autoware/install/autoware_auto_geometry_msgs/lib/python3.8/site-packages/autoware_auto_geometry_msgs/__init__.py
[14.446s] -- Up-to-date symlink: /home/cityu/autoware/install/autoware_auto_geometry_msgs/lib/python3.8/site-packages/autoware_auto_geometry_msgs/msg/__init__.py
[14.456s] -- Up-to-date symlink: /home/cityu/autoware/install/autoware_auto_geometry_msgs/lib/python3.8/site-packages/autoware_auto_geometry_msgs/msg/_complex32.py
[14.456s] -- Up-to-date symlink: /home/cityu/autoware/install/autoware_auto_geometry_msgs/lib/python3.8/site-packages/autoware_auto_geometry_msgs/msg/_quaternion32.py
[14.456s] -- Up-to-date symlink: /home/cityu/autoware/install/autoware_auto_geometry_msgs/lib/python3.8/site-packages/autoware_auto_geometry_msgs/msg/_relative_position_with_covariance_stamped.py
[14.456s] -- Up-to-date symlink: /home/cityu/autoware/install/autoware_auto_geometry_msgs/lib/python3.8/site-packages/autoware_auto_geometry_msgs/autoware_auto_geometry_msgs_s__rosidl_typesupport_fastrtps_c.cpython-38-x86_64-linux-gnu.so
[14.456s] -- Up-to-date symlink: /home/cityu/autoware/install/autoware_auto_geometry_msgs/lib/python3.8/site-packages/autoware_auto_geometry_msgs/autoware_auto_geometry_msgs_s__rosidl_typesupport_introspection_c.cpython-38-x86_64-linux-gnu.so
[14.456s] -- Up-to-date symlink: /home/cityu/autoware/install/autoware_auto_geometry_msgs/lib/python3.8/site-packages/autoware_auto_geometry_msgs/autoware_auto_geometry_msgs_s__rosidl_typesupport_c.cpython-38-x86_64-linux-gnu.so
[14.456s] -- Up-to-date symlink: /home/cityu/autoware/install/autoware_auto_geometry_msgs/lib/libautoware_auto_geometry_msgs__python.so
[14.456s] -- Up-to-date symlink: /home/cityu/autoware/install/autoware_auto_geometry_msgs/share/autoware_auto_geometry_msgs/msg/Complex32.idl
[14.457s] -- Up-to-date symlink: /home/cityu/autoware/install/autoware_auto_geometry_msgs/share/autoware_auto_geometry_msgs/msg/Quaternion32.idl
[14.457s] -- Up-to-date symlink: /home/cityu/autoware/install/autoware_auto_geometry_msgs/share/autoware_auto_geometry_msgs/msg/RelativePositionWithCovarianceStamped.idl
[14.457s] -- Up-to-date symlink: /home/cityu/autoware/install/autoware_auto_geometry_msgs/share/ament_index/resource_index/package_run_dependencies/autoware_auto_geometry_msgs
[14.457s] -- Up-to-date symlink: /home/cityu/autoware/install/autoware_auto_geometry_msgs/share/ament_index/resource_index/parent_prefix_path/autoware_auto_geometry_msgs
[14.457s] -- Up-to-date symlink: /home/cityu/autoware/install/autoware_auto_geometry_msgs/share/autoware_auto_geometry_msgs/environment/ament_prefix_path.sh
[14.457s] -- Up-to-date symlink: /home/cityu/autoware/install/autoware_auto_geometry_msgs/share/autoware_auto_geometry_msgs/environment/ament_prefix_path.dsv
[14.457s] -- Up-to-date symlink: /home/cityu/autoware/install/autoware_auto_geometry_msgs/share/autoware_auto_geometry_msgs/environment/path.sh
[14.457s] -- Up-to-date symlink: /home/cityu/autoware/install/autoware_auto_geometry_msgs/share/autoware_auto_geometry_msgs/environment/path.dsv
[14.458s] -- Up-to-date symlink: /home/cityu/autoware/install/autoware_auto_geometry_msgs/share/autoware_auto_geometry_msgs/local_setup.bash
[14.458s] -- Up-to-date symlink: /home/cityu/autoware/install/autoware_auto_geometry_msgs/share/autoware_auto_geometry_msgs/local_setup.sh
[14.458s] -- Up-to-date symlink: /home/cityu/autoware/install/autoware_auto_geometry_msgs/share/autoware_auto_geometry_msgs/local_setup.zsh
[14.458s] -- Up-to-date symlink: /home/cityu/autoware/install/autoware_auto_geometry_msgs/share/autoware_auto_geometry_msgs/local_setup.dsv
[14.458s] -- Symlinking: /home/cityu/autoware/install/autoware_auto_geometry_msgs/share/autoware_auto_geometry_msgs/package.dsv
[14.459s] -- Up-to-date symlink: /home/cityu/autoware/install/autoware_auto_geometry_msgs/share/ament_index/resource_index/packages/autoware_auto_geometry_msgs
[14.459s] -- Up-to-date symlink: /home/cityu/autoware/install/autoware_auto_geometry_msgs/share/autoware_auto_geometry_msgs/cmake/rosidl_cmake-extras.cmake
[14.459s] -- Up-to-date symlink: /home/cityu/autoware/install/autoware_auto_geometry_msgs/share/autoware_auto_geometry_msgs/cmake/ament_cmake_export_dependencies-extras.cmake
[14.459s] -- Up-to-date symlink: /home/cityu/autoware/install/autoware_auto_geometry_msgs/share/autoware_auto_geometry_msgs/cmake/ament_cmake_export_libraries-extras.cmake
[14.459s] -- Up-to-date symlink: /home/cityu/autoware/install/autoware_auto_geometry_msgs/share/autoware_auto_geometry_msgs/cmake/ament_cmake_export_targets-extras.cmake
[14.460s] -- Up-to-date symlink: /home/cityu/autoware/install/autoware_auto_geometry_msgs/share/autoware_auto_geometry_msgs/cmake/ament_cmake_export_include_directories-extras.cmake
[14.461s] -- Up-to-date symlink: /home/cityu/autoware/install/autoware_auto_geometry_msgs/share/autoware_auto_geometry_msgs/cmake/rosidl_cmake_export_typesupport_libraries-extras.cmake
[14.461s] -- Up-to-date symlink: /home/cityu/autoware/install/autoware_auto_geometry_msgs/share/autoware_auto_geometry_msgs/cmake/rosidl_cmake_export_typesupport_targets-extras.cmake
[14.461s] -- Up-to-date symlink: /home/cityu/autoware/install/autoware_auto_geometry_msgs/share/autoware_auto_geometry_msgs/cmake/autoware_auto_geometry_msgsConfig.cmake
[14.461s] -- Up-to-date symlink: /home/cityu/autoware/install/autoware_auto_geometry_msgs/share/autoware_auto_geometry_msgs/cmake/autoware_auto_geometry_msgsConfig-version.cmake
[14.461s] -- Up-to-date symlink: /home/cityu/autoware/install/autoware_auto_geometry_msgs/share/autoware_auto_geometry_msgs/package.xml
[14.461s] -- Installing: /home/cityu/autoware/install/autoware_auto_geometry_msgs/lib/libautoware_auto_geometry_msgs__rosidl_generator_c.so
[14.461s] -- Set runtime path of "/home/cityu/autoware/install/autoware_auto_geometry_msgs/lib/libautoware_auto_geometry_msgs__rosidl_generator_c.so" to ""
[14.461s] -- Installing: /home/cityu/autoware/install/autoware_auto_geometry_msgs/lib/libautoware_auto_geometry_msgs__rosidl_typesupport_introspection_c.so
[14.462s] -- Set runtime path of "/home/cityu/autoware/install/autoware_auto_geometry_msgs/lib/libautoware_auto_geometry_msgs__rosidl_typesupport_introspection_c.so" to ""
[14.462s] -- Installing: /home/cityu/autoware/install/autoware_auto_geometry_msgs/lib/libautoware_auto_geometry_msgs__rosidl_typesupport_c.so
[14.462s] -- Set runtime path of "/home/cityu/autoware/install/autoware_auto_geometry_msgs/lib/libautoware_auto_geometry_msgs__rosidl_typesupport_c.so" to ""
[14.462s] -- Installing: /home/cityu/autoware/install/autoware_auto_geometry_msgs/lib/libautoware_auto_geometry_msgs__rosidl_typesupport_introspection_cpp.so
[14.462s] -- Set runtime path of "/home/cityu/autoware/install/autoware_auto_geometry_msgs/lib/libautoware_auto_geometry_msgs__rosidl_typesupport_introspection_cpp.so" to ""
[14.462s] -- Installing: /home/cityu/autoware/install/autoware_auto_geometry_msgs/lib/libautoware_auto_geometry_msgs__rosidl_typesupport_cpp.so
[14.462s] -- Set runtime path of "/home/cityu/autoware/install/autoware_auto_geometry_msgs/lib/libautoware_auto_geometry_msgs__rosidl_typesupport_cpp.so" to ""
[14.462s] Compiling '/home/cityu/autoware/install/autoware_auto_geometry_msgs/lib/python3.8/site-packages/autoware_auto_geometry_msgs/__init__.py'...
[14.462s] -- Up-to-date: /home/cityu/autoware/install/autoware_auto_geometry_msgs/share/autoware_auto_geometry_msgs/cmake/autoware_auto_geometry_msgs__rosidl_generator_cExport.cmake
[14.463s] -- Installing: /home/cityu/autoware/install/autoware_auto_geometry_msgs/share/autoware_auto_geometry_msgs/cmake/autoware_auto_geometry_msgs__rosidl_generator_cExport-release.cmake
[14.463s] -- Up-to-date: /home/cityu/autoware/install/autoware_auto_geometry_msgs/share/autoware_auto_geometry_msgs/cmake/autoware_auto_geometry_msgs__rosidl_typesupport_introspection_cExport.cmake
[14.463s] -- Installing: /home/cityu/autoware/install/autoware_auto_geometry_msgs/share/autoware_auto_geometry_msgs/cmake/autoware_auto_geometry_msgs__rosidl_typesupport_introspection_cExport-release.cmake
[14.463s] -- Up-to-date: /home/cityu/autoware/install/autoware_auto_geometry_msgs/share/autoware_auto_geometry_msgs/cmake/autoware_auto_geometry_msgs__rosidl_typesupport_cExport.cmake
[14.463s] -- Installing: /home/cityu/autoware/install/autoware_auto_geometry_msgs/share/autoware_auto_geometry_msgs/cmake/autoware_auto_geometry_msgs__rosidl_typesupport_cExport-release.cmake
[14.463s] -- Up-to-date: /home/cityu/autoware/install/autoware_auto_geometry_msgs/share/autoware_auto_geometry_msgs/cmake/autoware_auto_geometry_msgs__rosidl_generator_cppExport.cmake
[14.463s] -- Up-to-date: /home/cityu/autoware/install/autoware_auto_geometry_msgs/share/autoware_auto_geometry_msgs/cmake/autoware_auto_geometry_msgs__rosidl_typesupport_introspection_cppExport.cmake
[14.463s] -- Installing: /home/cityu/autoware/install/autoware_auto_geometry_msgs/share/autoware_auto_geometry_msgs/cmake/autoware_auto_geometry_msgs__rosidl_typesupport_introspection_cppExport-release.cmake
[14.463s] -- Up-to-date: /home/cityu/autoware/install/autoware_auto_geometry_msgs/share/autoware_auto_geometry_msgs/cmake/autoware_auto_geometry_msgs__rosidl_typesupport_cppExport.cmake
[14.464s] -- Installing: /home/cityu/autoware/install/autoware_auto_geometry_msgs/share/autoware_auto_geometry_msgs/cmake/autoware_auto_geometry_msgs__rosidl_typesupport_cppExport-release.cmake
[14.499s] Invoked command in '/home/cityu/autoware/build/autoware_auto_geometry_msgs' returned '0': CMAKE_PREFIX_PATH=/opt/ros/galactic /usr/bin/cmake --install /home/cityu/autoware/build/autoware_auto_geometry_msgs
