[0.143s] Invoking command in '/home/cityu/autoware/build/tier4_simulation_msgs': CMAKE_PREFIX_PATH=/opt/ros/galactic /usr/bin/cmake /home/cityu/autoware/src/universe/external/tier4_autoware_msgs/tier4_simulation_msgs -DCMAKE_BUILD_TYPE=Release -DDOWNLOAD_ARTIFACTS=ON -DAMENT_CMAKE_SYMLINK_INSTALL=1 -DCMAKE_INSTALL_PREFIX=/home/cityu/autoware/install/tier4_simulation_msgs
[0.898s] -- Found ament_cmake_auto: 1.1.6 (/opt/ros/galactic/share/ament_cmake_auto/cmake)
[0.898s] -- Found PythonInterp: /usr/bin/python3 (found suitable version "3.8.10", minimum required is "3") 
[0.898s] -- Using PYTHON_EXECUTABLE: /usr/bin/python3
[0.899s] -- Override CMake install command with custom implementation using symlinks instead of copying resources
[0.899s] -- Using all available rosidl_typesupport_c: rosidl_typesupport_fastrtps_c;rosidl_typesupport_introspection_c
[0.899s] -- Found rosidl_adapter: 2.2.3 (/opt/ros/galactic/share/rosidl_adapter/cmake)
[0.899s] -- Using all available rosidl_typesupport_cpp: rosidl_typesupport_fastrtps_cpp;rosidl_typesupport_introspection_cpp
[0.899s] -- Found PythonInterp: /usr/bin/python3 (found version "3.8.10") 
[0.899s] -- Found ament_cmake_ros: 0.9.2 (/opt/ros/galactic/share/ament_cmake_ros/cmake)
[0.967s] -- Using all available rosidl_typesupport_c: rosidl_typesupport_fastrtps_c;rosidl_typesupport_introspection_c
[1.070s] -- Using all available rosidl_typesupport_cpp: rosidl_typesupport_fastrtps_cpp;rosidl_typesupport_introspection_cpp
[1.110s] -- Found PythonInterp: /usr/bin/python3 (found suitable version "3.8.10", minimum required is "3.5") 
[1.110s] -- Found python_cmake_module: 0.8.1 (/opt/ros/galactic/share/python_cmake_module/cmake)
[1.142s] -- Using PYTHON_EXECUTABLE: /usr/bin/python3
[1.143s] -- Using PYTHON_INCLUDE_DIRS: /usr/include/python3.8
[1.143s] -- Using PYTHON_LIBRARIES: /usr/lib/x86_64-linux-gnu/libpython3.8.so
[1.206s] -- Found ament_lint_auto: 0.10.7 (/opt/ros/galactic/share/ament_lint_auto/cmake)
[1.225s] -- Added test 'copyright' to check source files copyright and LICENSE
[1.227s] -- Added test 'lint_cmake' to check CMake code style
[1.228s] -- Added test 'xmllint' to check XML markup files
[1.236s] -- Configuring done
[1.309s] -- Generating done
[1.313s] CMake Warning:
[1.313s]   Manually-specified variables were not used by the project:
[1.314s] 
[1.314s]     DOWNLOAD_ARTIFACTS
[1.314s] 
[1.314s] 
[1.314s] -- Build files have been written to: /home/cityu/autoware/build/tier4_simulation_msgs
[1.323s] Invoked command in '/home/cityu/autoware/build/tier4_simulation_msgs' returned '0': CMAKE_PREFIX_PATH=/opt/ros/galactic /usr/bin/cmake /home/cityu/autoware/src/universe/external/tier4_autoware_msgs/tier4_simulation_msgs -DCMAKE_BUILD_TYPE=Release -DDOWNLOAD_ARTIFACTS=ON -DAMENT_CMAKE_SYMLINK_INSTALL=1 -DCMAKE_INSTALL_PREFIX=/home/cityu/autoware/install/tier4_simulation_msgs
[1.338s] Invoking command in '/home/cityu/autoware/build/tier4_simulation_msgs': CMAKE_PREFIX_PATH=/opt/ros/galactic /usr/bin/cmake --build /home/cityu/autoware/build/tier4_simulation_msgs -- -j16 -l16
[1.567s] [  2%] Built target tier4_simulation_msgs__cpp
[1.567s] [ 12%] Built target tier4_simulation_msgs__rosidl_generator_c
[1.567s] [ 23%] Built target tier4_simulation_msgs__rosidl_typesupport_introspection_cpp
[1.567s] [ 33%] Built target tier4_simulation_msgs__rosidl_typesupport_c
[1.567s] [ 43%] Built target tier4_simulation_msgs__rosidl_typesupport_introspection_c
[1.572s] [ 53%] Built target tier4_simulation_msgs__rosidl_typesupport_fastrtps_cpp
[1.598s] [ 64%] Built target tier4_simulation_msgs__rosidl_typesupport_cpp
[1.641s] [ 74%] Built target tier4_simulation_msgs__rosidl_typesupport_fastrtps_c
[1.672s] [ 74%] Built target tier4_simulation_msgs
[1.706s] [ 76%] Built target tier4_simulation_msgs__py
[1.739s] [ 84%] Built target tier4_simulation_msgs__python
[1.759s] [ 89%] Built target tier4_simulation_msgs__rosidl_typesupport_c__pyext
[1.790s] [ 94%] Built target tier4_simulation_msgs__rosidl_typesupport_fastrtps_c__pyext
[1.832s] [100%] Built target tier4_simulation_msgs__rosidl_typesupport_introspection_c__pyext
[1.930s] Invoked command in '/home/cityu/autoware/build/tier4_simulation_msgs' returned '0': CMAKE_PREFIX_PATH=/opt/ros/galactic /usr/bin/cmake --build /home/cityu/autoware/build/tier4_simulation_msgs -- -j16 -l16
[2.034s] Invoking command in '/home/cityu/autoware/build/tier4_simulation_msgs': CMAKE_PREFIX_PATH=/opt/ros/galactic /usr/bin/cmake --install /home/cityu/autoware/build/tier4_simulation_msgs
[2.400s] -- Install configuration: "Release"
[2.400s] -- Execute custom install script
[2.401s] -- Up-to-date symlink: /home/cityu/autoware/install/tier4_simulation_msgs/share/ament_index/resource_index/rosidl_interfaces/tier4_simulation_msgs
[2.401s] -- Up-to-date symlink: /home/cityu/autoware/install/tier4_simulation_msgs/include/tier4_simulation_msgs/msg/detail/fault_injection_event__functions.h
[2.401s] -- Up-to-date symlink: /home/cityu/autoware/install/tier4_simulation_msgs/include/tier4_simulation_msgs/msg/detail/fault_injection_event__struct.h
[2.401s] -- Up-to-date symlink: /home/cityu/autoware/install/tier4_simulation_msgs/include/tier4_simulation_msgs/msg/detail/fault_injection_event__type_support.h
[2.401s] -- Up-to-date symlink: /home/cityu/autoware/install/tier4_simulation_msgs/include/tier4_simulation_msgs/msg/detail/simulation_events__functions.h
[2.401s] -- Up-to-date symlink: /home/cityu/autoware/install/tier4_simulation_msgs/include/tier4_simulation_msgs/msg/detail/simulation_events__struct.h
[2.401s] -- Up-to-date symlink: /home/cityu/autoware/install/tier4_simulation_msgs/include/tier4_simulation_msgs/msg/detail/simulation_events__type_support.h
[2.401s] -- Up-to-date symlink: /home/cityu/autoware/install/tier4_simulation_msgs/include/tier4_simulation_msgs/msg/fault_injection_event.h
[2.401s] -- Up-to-date symlink: /home/cityu/autoware/install/tier4_simulation_msgs/include/tier4_simulation_msgs/msg/rosidl_generator_c__visibility_control.h
[2.401s] -- Up-to-date symlink: /home/cityu/autoware/install/tier4_simulation_msgs/include/tier4_simulation_msgs/msg/simulation_events.h
[2.401s] -- Up-to-date symlink: /home/cityu/autoware/install/tier4_simulation_msgs/share/tier4_simulation_msgs/environment/library_path.sh
[2.402s] -- Up-to-date symlink: /home/cityu/autoware/install/tier4_simulation_msgs/share/tier4_simulation_msgs/environment/library_path.dsv
[2.402s] -- Up-to-date symlink: /home/cityu/autoware/install/tier4_simulation_msgs/include/tier4_simulation_msgs/msg/detail/fault_injection_event__rosidl_typesupport_fastrtps_c.h
[2.402s] -- Up-to-date symlink: /home/cityu/autoware/install/tier4_simulation_msgs/include/tier4_simulation_msgs/msg/detail/simulation_events__rosidl_typesupport_fastrtps_c.h
[2.402s] -- Up-to-date symlink: /home/cityu/autoware/install/tier4_simulation_msgs/include/tier4_simulation_msgs/msg/rosidl_typesupport_fastrtps_c__visibility_control.h
[2.402s] -- Up-to-date symlink: /home/cityu/autoware/install/tier4_simulation_msgs/lib/libtier4_simulation_msgs__rosidl_typesupport_fastrtps_c.so
[2.402s] -- Up-to-date symlink: /home/cityu/autoware/install/tier4_simulation_msgs/include/tier4_simulation_msgs/msg/detail/fault_injection_event__rosidl_typesupport_fastrtps_cpp.hpp
[2.402s] -- Up-to-date symlink: /home/cityu/autoware/install/tier4_simulation_msgs/include/tier4_simulation_msgs/msg/detail/simulation_events__rosidl_typesupport_fastrtps_cpp.hpp
[2.402s] -- Up-to-date symlink: /home/cityu/autoware/install/tier4_simulation_msgs/include/tier4_simulation_msgs/msg/rosidl_typesupport_fastrtps_cpp__visibility_control.h
[2.402s] -- Up-to-date symlink: /home/cityu/autoware/install/tier4_simulation_msgs/lib/libtier4_simulation_msgs__rosidl_typesupport_fastrtps_cpp.so
[2.402s] -- Up-to-date symlink: /home/cityu/autoware/install/tier4_simulation_msgs/include/tier4_simulation_msgs/msg/detail/fault_injection_event__rosidl_typesupport_introspection_c.h
[2.402s] -- Up-to-date symlink: /home/cityu/autoware/install/tier4_simulation_msgs/include/tier4_simulation_msgs/msg/detail/simulation_events__rosidl_typesupport_introspection_c.h
[2.402s] -- Up-to-date symlink: /home/cityu/autoware/install/tier4_simulation_msgs/include/tier4_simulation_msgs/msg/rosidl_typesupport_introspection_c__visibility_control.h
[2.402s] -- Up-to-date symlink: /home/cityu/autoware/install/tier4_simulation_msgs/include/tier4_simulation_msgs/msg/detail/fault_injection_event__builder.hpp
[2.403s] -- Up-to-date symlink: /home/cityu/autoware/install/tier4_simulation_msgs/include/tier4_simulation_msgs/msg/detail/fault_injection_event__struct.hpp
[2.403s] -- Up-to-date symlink: /home/cityu/autoware/install/tier4_simulation_msgs/include/tier4_simulation_msgs/msg/detail/fault_injection_event__traits.hpp
[2.405s] -- Up-to-date symlink: /home/cityu/autoware/install/tier4_simulation_msgs/include/tier4_simulation_msgs/msg/detail/simulation_events__builder.hpp
[2.405s] -- Up-to-date symlink: /home/cityu/autoware/install/tier4_simulation_msgs/include/tier4_simulation_msgs/msg/detail/simulation_events__struct.hpp
[2.405s] -- Up-to-date symlink: /home/cityu/autoware/install/tier4_simulation_msgs/include/tier4_simulation_msgs/msg/detail/simulation_events__traits.hpp
[2.405s] -- Up-to-date symlink: /home/cityu/autoware/install/tier4_simulation_msgs/include/tier4_simulation_msgs/msg/fault_injection_event.hpp
[2.405s] -- Up-to-date symlink: /home/cityu/autoware/install/tier4_simulation_msgs/include/tier4_simulation_msgs/msg/simulation_events.hpp
[2.405s] -- Up-to-date symlink: /home/cityu/autoware/install/tier4_simulation_msgs/include/tier4_simulation_msgs/msg/detail/fault_injection_event__rosidl_typesupport_introspection_cpp.hpp
[2.405s] -- Up-to-date symlink: /home/cityu/autoware/install/tier4_simulation_msgs/include/tier4_simulation_msgs/msg/detail/simulation_events__rosidl_typesupport_introspection_cpp.hpp
[2.405s] -- Up-to-date symlink: /home/cityu/autoware/install/tier4_simulation_msgs/share/tier4_simulation_msgs/environment/pythonpath.sh
[2.405s] -- Up-to-date symlink: /home/cityu/autoware/install/tier4_simulation_msgs/share/tier4_simulation_msgs/environment/pythonpath.dsv
[2.405s] -- Up-to-date symlink: /home/cityu/autoware/install/tier4_simulation_msgs/lib/python3.8/site-packages/tier4_simulation_msgs/__init__.py
[2.405s] -- Up-to-date symlink: /home/cityu/autoware/install/tier4_simulation_msgs/lib/python3.8/site-packages/tier4_simulation_msgs/msg/__init__.py
[2.406s] -- Up-to-date symlink: /home/cityu/autoware/install/tier4_simulation_msgs/lib/python3.8/site-packages/tier4_simulation_msgs/msg/_fault_injection_event.py
[2.406s] -- Up-to-date symlink: /home/cityu/autoware/install/tier4_simulation_msgs/lib/python3.8/site-packages/tier4_simulation_msgs/msg/_simulation_events.py
[2.406s] -- Up-to-date symlink: /home/cityu/autoware/install/tier4_simulation_msgs/lib/python3.8/site-packages/tier4_simulation_msgs/tier4_simulation_msgs_s__rosidl_typesupport_fastrtps_c.cpython-38-x86_64-linux-gnu.so
[2.406s] -- Up-to-date symlink: /home/cityu/autoware/install/tier4_simulation_msgs/lib/python3.8/site-packages/tier4_simulation_msgs/tier4_simulation_msgs_s__rosidl_typesupport_introspection_c.cpython-38-x86_64-linux-gnu.so
[2.406s] -- Up-to-date symlink: /home/cityu/autoware/install/tier4_simulation_msgs/lib/python3.8/site-packages/tier4_simulation_msgs/tier4_simulation_msgs_s__rosidl_typesupport_c.cpython-38-x86_64-linux-gnu.so
[2.406s] -- Up-to-date symlink: /home/cityu/autoware/install/tier4_simulation_msgs/lib/libtier4_simulation_msgs__python.so
[2.406s] -- Up-to-date symlink: /home/cityu/autoware/install/tier4_simulation_msgs/share/tier4_simulation_msgs/msg/FaultInjectionEvent.idl
[2.406s] -- Up-to-date symlink: /home/cityu/autoware/install/tier4_simulation_msgs/share/tier4_simulation_msgs/msg/SimulationEvents.idl
[2.406s] -- Up-to-date symlink: /home/cityu/autoware/install/tier4_simulation_msgs/share/tier4_simulation_msgs/msg/FaultInjectionEvent.msg
[2.406s] -- Up-to-date symlink: /home/cityu/autoware/install/tier4_simulation_msgs/share/tier4_simulation_msgs/msg/SimulationEvents.msg
[2.406s] -- Up-to-date symlink: /home/cityu/autoware/install/tier4_simulation_msgs/share/ament_index/resource_index/package_run_dependencies/tier4_simulation_msgs
[2.406s] -- Up-to-date symlink: /home/cityu/autoware/install/tier4_simulation_msgs/share/ament_index/resource_index/parent_prefix_path/tier4_simulation_msgs
[2.407s] -- Up-to-date symlink: /home/cityu/autoware/install/tier4_simulation_msgs/share/tier4_simulation_msgs/environment/ament_prefix_path.sh
[2.407s] -- Up-to-date symlink: /home/cityu/autoware/install/tier4_simulation_msgs/share/tier4_simulation_msgs/environment/ament_prefix_path.dsv
[2.407s] -- Up-to-date symlink: /home/cityu/autoware/install/tier4_simulation_msgs/share/tier4_simulation_msgs/environment/path.sh
[2.407s] -- Up-to-date symlink: /home/cityu/autoware/install/tier4_simulation_msgs/share/tier4_simulation_msgs/environment/path.dsv
[2.407s] -- Up-to-date symlink: /home/cityu/autoware/install/tier4_simulation_msgs/share/tier4_simulation_msgs/local_setup.bash
[2.407s] -- Up-to-date symlink: /home/cityu/autoware/install/tier4_simulation_msgs/share/tier4_simulation_msgs/local_setup.sh
[2.407s] -- Up-to-date symlink: /home/cityu/autoware/install/tier4_simulation_msgs/share/tier4_simulation_msgs/local_setup.zsh
[2.407s] -- Up-to-date symlink: /home/cityu/autoware/install/tier4_simulation_msgs/share/tier4_simulation_msgs/local_setup.dsv
[2.407s] -- Symlinking: /home/cityu/autoware/install/tier4_simulation_msgs/share/tier4_simulation_msgs/package.dsv
[2.407s] -- Up-to-date symlink: /home/cityu/autoware/install/tier4_simulation_msgs/share/ament_index/resource_index/packages/tier4_simulation_msgs
[2.407s] -- Up-to-date symlink: /home/cityu/autoware/install/tier4_simulation_msgs/share/tier4_simulation_msgs/cmake/rosidl_cmake-extras.cmake
[2.407s] -- Up-to-date symlink: /home/cityu/autoware/install/tier4_simulation_msgs/share/tier4_simulation_msgs/cmake/ament_cmake_export_dependencies-extras.cmake
[2.408s] -- Up-to-date symlink: /home/cityu/autoware/install/tier4_simulation_msgs/share/tier4_simulation_msgs/cmake/ament_cmake_export_libraries-extras.cmake
[2.408s] -- Up-to-date symlink: /home/cityu/autoware/install/tier4_simulation_msgs/share/tier4_simulation_msgs/cmake/ament_cmake_export_targets-extras.cmake
[2.408s] -- Up-to-date symlink: /home/cityu/autoware/install/tier4_simulation_msgs/share/tier4_simulation_msgs/cmake/ament_cmake_export_include_directories-extras.cmake
[2.408s] -- Up-to-date symlink: /home/cityu/autoware/install/tier4_simulation_msgs/share/tier4_simulation_msgs/cmake/rosidl_cmake_export_typesupport_libraries-extras.cmake
[2.408s] -- Up-to-date symlink: /home/cityu/autoware/install/tier4_simulation_msgs/share/tier4_simulation_msgs/cmake/rosidl_cmake_export_typesupport_targets-extras.cmake
[2.408s] -- Up-to-date symlink: /home/cityu/autoware/install/tier4_simulation_msgs/share/tier4_simulation_msgs/cmake/tier4_simulation_msgsConfig.cmake
[2.408s] -- Up-to-date symlink: /home/cityu/autoware/install/tier4_simulation_msgs/share/tier4_simulation_msgs/cmake/tier4_simulation_msgsConfig-version.cmake
[2.408s] -- Up-to-date symlink: /home/cityu/autoware/install/tier4_simulation_msgs/share/tier4_simulation_msgs/package.xml
[2.408s] -- Up-to-date: /home/cityu/autoware/install/tier4_simulation_msgs/lib/libtier4_simulation_msgs__rosidl_generator_c.so
[2.408s] -- Up-to-date: /home/cityu/autoware/install/tier4_simulation_msgs/lib/libtier4_simulation_msgs__rosidl_typesupport_introspection_c.so
[2.408s] -- Up-to-date: /home/cityu/autoware/install/tier4_simulation_msgs/lib/libtier4_simulation_msgs__rosidl_typesupport_c.so
[2.408s] -- Up-to-date: /home/cityu/autoware/install/tier4_simulation_msgs/lib/libtier4_simulation_msgs__rosidl_typesupport_introspection_cpp.so
[2.409s] -- Up-to-date: /home/cityu/autoware/install/tier4_simulation_msgs/lib/libtier4_simulation_msgs__rosidl_typesupport_cpp.so
[2.409s] Compiling '/home/cityu/autoware/install/tier4_simulation_msgs/lib/python3.8/site-packages/tier4_simulation_msgs/__init__.py'...
[2.409s] -- Up-to-date: /home/cityu/autoware/install/tier4_simulation_msgs/share/tier4_simulation_msgs/cmake/tier4_simulation_msgs__rosidl_generator_cExport.cmake
[2.409s] -- Installing: /home/cityu/autoware/install/tier4_simulation_msgs/share/tier4_simulation_msgs/cmake/tier4_simulation_msgs__rosidl_generator_cExport-release.cmake
[2.409s] -- Up-to-date: /home/cityu/autoware/install/tier4_simulation_msgs/share/tier4_simulation_msgs/cmake/tier4_simulation_msgs__rosidl_typesupport_introspection_cExport.cmake
[2.409s] -- Installing: /home/cityu/autoware/install/tier4_simulation_msgs/share/tier4_simulation_msgs/cmake/tier4_simulation_msgs__rosidl_typesupport_introspection_cExport-release.cmake
[2.409s] -- Up-to-date: /home/cityu/autoware/install/tier4_simulation_msgs/share/tier4_simulation_msgs/cmake/tier4_simulation_msgs__rosidl_typesupport_cExport.cmake
[2.409s] -- Installing: /home/cityu/autoware/install/tier4_simulation_msgs/share/tier4_simulation_msgs/cmake/tier4_simulation_msgs__rosidl_typesupport_cExport-release.cmake
[2.409s] -- Up-to-date: /home/cityu/autoware/install/tier4_simulation_msgs/share/tier4_simulation_msgs/cmake/tier4_simulation_msgs__rosidl_generator_cppExport.cmake
[2.413s] -- Up-to-date: /home/cityu/autoware/install/tier4_simulation_msgs/share/tier4_simulation_msgs/cmake/tier4_simulation_msgs__rosidl_typesupport_introspection_cppExport.cmake
[2.413s] -- Installing: /home/cityu/autoware/install/tier4_simulation_msgs/share/tier4_simulation_msgs/cmake/tier4_simulation_msgs__rosidl_typesupport_introspection_cppExport-release.cmake
[2.413s] -- Up-to-date: /home/cityu/autoware/install/tier4_simulation_msgs/share/tier4_simulation_msgs/cmake/tier4_simulation_msgs__rosidl_typesupport_cppExport.cmake
[2.413s] -- Installing: /home/cityu/autoware/install/tier4_simulation_msgs/share/tier4_simulation_msgs/cmake/tier4_simulation_msgs__rosidl_typesupport_cppExport-release.cmake
[2.491s] Invoked command in '/home/cityu/autoware/build/tier4_simulation_msgs' returned '0': CMAKE_PREFIX_PATH=/opt/ros/galactic /usr/bin/cmake --install /home/cityu/autoware/build/tier4_simulation_msgs
