[0.219s] Invoking command in '/home/cityu/autoware/build/rtc_auto_mode_manager': AMENT_PREFIX_PATH=/home/cityu/autoware/install/autoware_cmake:/home/cityu/autoware/install/tier4_rtc_msgs:/home/cityu/autoware/install/autoware_lint_common:${AMENT_PREFIX_PATH} CMAKE_PREFIX_PATH=/home/cityu/autoware/install/autoware_cmake:/home/cityu/autoware/install/tier4_rtc_msgs:/home/cityu/autoware/install/autoware_lint_common:/opt/ros/galactic LD_LIBRARY_PATH=/home/cityu/autoware/install/tier4_rtc_msgs/lib:${LD_LIBRARY_PATH} PYTHONPATH=/home/cityu/autoware/install/tier4_rtc_msgs/lib/python3.8/site-packages:${PYTHONPATH} /usr/bin/cmake --build /home/cityu/autoware/build/rtc_auto_mode_manager -- -j16 -l16
[0.272s] [ 40%] Built target rtc_auto_mode_manager_node
[0.272s] [100%] Built target rtc_auto_mode_manager
[0.398s] Invoked command in '/home/cityu/autoware/build/rtc_auto_mode_manager' returned '0': AMENT_PREFIX_PATH=/home/cityu/autoware/install/autoware_cmake:/home/cityu/autoware/install/tier4_rtc_msgs:/home/cityu/autoware/install/autoware_lint_common:${AMENT_PREFIX_PATH} CMAKE_PREFIX_PATH=/home/cityu/autoware/install/autoware_cmake:/home/cityu/autoware/install/tier4_rtc_msgs:/home/cityu/autoware/install/autoware_lint_common:/opt/ros/galactic LD_LIBRARY_PATH=/home/cityu/autoware/install/tier4_rtc_msgs/lib:${LD_LIBRARY_PATH} PYTHONPATH=/home/cityu/autoware/install/tier4_rtc_msgs/lib/python3.8/site-packages:${PYTHONPATH} /usr/bin/cmake --build /home/cityu/autoware/build/rtc_auto_mode_manager -- -j16 -l16
[0.608s] Invoking command in '/home/cityu/autoware/build/rtc_auto_mode_manager': AMENT_PREFIX_PATH=/home/cityu/autoware/install/autoware_cmake:/home/cityu/autoware/install/tier4_rtc_msgs:/home/cityu/autoware/install/autoware_lint_common:${AMENT_PREFIX_PATH} CMAKE_PREFIX_PATH=/home/cityu/autoware/install/autoware_cmake:/home/cityu/autoware/install/tier4_rtc_msgs:/home/cityu/autoware/install/autoware_lint_common:/opt/ros/galactic LD_LIBRARY_PATH=/home/cityu/autoware/install/tier4_rtc_msgs/lib:${LD_LIBRARY_PATH} PYTHONPATH=/home/cityu/autoware/install/tier4_rtc_msgs/lib/python3.8/site-packages:${PYTHONPATH} /usr/bin/cmake --install /home/cityu/autoware/build/rtc_auto_mode_manager
[0.667s] -- Install configuration: "Release"
[0.667s] -- Execute custom install script
[0.667s] -- Up-to-date symlink: /home/cityu/autoware/install/rtc_auto_mode_manager/lib/rtc_auto_mode_manager/rtc_auto_mode_manager_node
[0.667s] -- Up-to-date symlink: /home/cityu/autoware/install/rtc_auto_mode_manager/include/rtc_auto_mode_manager/node.hpp
[0.667s] -- Up-to-date symlink: /home/cityu/autoware/install/rtc_auto_mode_manager/include/rtc_auto_mode_manager/rtc_auto_mode_manager_interface.hpp
[0.667s] -- Up-to-date symlink: /home/cityu/autoware/install/rtc_auto_mode_manager/share/rtc_auto_mode_manager/environment/library_path.sh
[0.667s] -- Up-to-date symlink: /home/cityu/autoware/install/rtc_auto_mode_manager/share/rtc_auto_mode_manager/environment/library_path.dsv
[0.667s] -- Up-to-date symlink: /home/cityu/autoware/install/rtc_auto_mode_manager/lib/librtc_auto_mode_manager.so
[0.667s] -- Up-to-date symlink: /home/cityu/autoware/install/rtc_auto_mode_manager/share/rtc_auto_mode_manager/config/rtc_auto_mode_manager.param.yaml
[0.667s] -- Up-to-date symlink: /home/cityu/autoware/install/rtc_auto_mode_manager/share/rtc_auto_mode_manager/launch/rtc_auto_mode_manager.launch.xml
[0.667s] -- Up-to-date symlink: /home/cityu/autoware/install/rtc_auto_mode_manager/share/ament_index/resource_index/package_run_dependencies/rtc_auto_mode_manager
[0.667s] -- Up-to-date symlink: /home/cityu/autoware/install/rtc_auto_mode_manager/share/ament_index/resource_index/parent_prefix_path/rtc_auto_mode_manager
[0.667s] -- Up-to-date symlink: /home/cityu/autoware/install/rtc_auto_mode_manager/share/rtc_auto_mode_manager/environment/ament_prefix_path.sh
[0.668s] -- Up-to-date symlink: /home/cityu/autoware/install/rtc_auto_mode_manager/share/rtc_auto_mode_manager/environment/ament_prefix_path.dsv
[0.668s] -- Up-to-date symlink: /home/cityu/autoware/install/rtc_auto_mode_manager/share/rtc_auto_mode_manager/environment/path.sh
[0.668s] -- Up-to-date symlink: /home/cityu/autoware/install/rtc_auto_mode_manager/share/rtc_auto_mode_manager/environment/path.dsv
[0.668s] -- Up-to-date symlink: /home/cityu/autoware/install/rtc_auto_mode_manager/share/rtc_auto_mode_manager/local_setup.bash
[0.668s] -- Up-to-date symlink: /home/cityu/autoware/install/rtc_auto_mode_manager/share/rtc_auto_mode_manager/local_setup.sh
[0.668s] -- Up-to-date symlink: /home/cityu/autoware/install/rtc_auto_mode_manager/share/rtc_auto_mode_manager/local_setup.zsh
[0.668s] -- Up-to-date symlink: /home/cityu/autoware/install/rtc_auto_mode_manager/share/rtc_auto_mode_manager/local_setup.dsv
[0.668s] -- Symlinking: /home/cityu/autoware/install/rtc_auto_mode_manager/share/rtc_auto_mode_manager/package.dsv
[0.668s] -- Up-to-date symlink: /home/cityu/autoware/install/rtc_auto_mode_manager/share/ament_index/resource_index/packages/rtc_auto_mode_manager
[0.668s] -- Up-to-date symlink: /home/cityu/autoware/install/rtc_auto_mode_manager/share/ament_index/resource_index/rclcpp_components/rtc_auto_mode_manager
[0.668s] -- Up-to-date symlink: /home/cityu/autoware/install/rtc_auto_mode_manager/share/rtc_auto_mode_manager/cmake/ament_cmake_export_dependencies-extras.cmake
[0.668s] -- Up-to-date symlink: /home/cityu/autoware/install/rtc_auto_mode_manager/share/rtc_auto_mode_manager/cmake/ament_cmake_export_include_directories-extras.cmake
[0.668s] -- Up-to-date symlink: /home/cityu/autoware/install/rtc_auto_mode_manager/share/rtc_auto_mode_manager/cmake/ament_cmake_export_libraries-extras.cmake
[0.668s] -- Up-to-date symlink: /home/cityu/autoware/install/rtc_auto_mode_manager/share/rtc_auto_mode_manager/cmake/rtc_auto_mode_managerConfig.cmake
[0.668s] -- Up-to-date symlink: /home/cityu/autoware/install/rtc_auto_mode_manager/share/rtc_auto_mode_manager/cmake/rtc_auto_mode_managerConfig-version.cmake
[0.668s] -- Up-to-date symlink: /home/cityu/autoware/install/rtc_auto_mode_manager/share/rtc_auto_mode_manager/package.xml
[0.779s] Invoked command in '/home/cityu/autoware/build/rtc_auto_mode_manager' returned '0': AMENT_PREFIX_PATH=/home/cityu/autoware/install/autoware_cmake:/home/cityu/autoware/install/tier4_rtc_msgs:/home/cityu/autoware/install/autoware_lint_common:${AMENT_PREFIX_PATH} CMAKE_PREFIX_PATH=/home/cityu/autoware/install/autoware_cmake:/home/cityu/autoware/install/tier4_rtc_msgs:/home/cityu/autoware/install/autoware_lint_common:/opt/ros/galactic LD_LIBRARY_PATH=/home/cityu/autoware/install/tier4_rtc_msgs/lib:${LD_LIBRARY_PATH} PYTHONPATH=/home/cityu/autoware/install/tier4_rtc_msgs/lib/python3.8/site-packages:${PYTHONPATH} /usr/bin/cmake --install /home/cityu/autoware/build/rtc_auto_mode_manager
