[0.064s] Invoking command in '/home/cityu/autoware/build/rtc_manager_rviz_plugin': AMENT_PREFIX_PATH=/home/cityu/autoware/install/autoware_cmake:/home/cityu/autoware/install/tier4_rtc_msgs:/home/cityu/autoware/install/tier4_planning_msgs:/home/cityu/autoware/install/tier4_external_api_msgs:/home/cityu/autoware/install/autoware_lint_common:${AMENT_PREFIX_PATH} CMAKE_PREFIX_PATH=/home/cityu/autoware/install/autoware_cmake:/home/cityu/autoware/install/tier4_rtc_msgs:/home/cityu/autoware/install/tier4_planning_msgs:/home/cityu/autoware/install/tier4_external_api_msgs:/home/cityu/autoware/install/autoware_lint_common:/opt/ros/galactic LD_LIBRARY_PATH=/home/cityu/autoware/install/tier4_rtc_msgs/lib:/home/cityu/autoware/install/tier4_planning_msgs/lib:/home/cityu/autoware/install/tier4_external_api_msgs/lib:${LD_LIBRARY_PATH} PYTHONPATH=/home/cityu/autoware/install/tier4_rtc_msgs/lib/python3.8/site-packages:/home/cityu/autoware/install/tier4_planning_msgs/lib/python3.8/site-packages:/home/cityu/autoware/install/tier4_external_api_msgs/lib/python3.8/site-packages:${PYTHONPATH} /usr/bin/cmake /home/cityu/autoware/src/universe/autoware.universe/common/rtc_manager_rviz_plugin -DCMAKE_BUILD_TYPE=Release -DAMENT_CMAKE_SYMLINK_INSTALL=1 -DCMAKE_INSTALL_PREFIX=/home/cityu/autoware/install/rtc_manager_rviz_plugin
[9.913s] -- The C compiler identification is GNU 9.4.0
[9.914s] -- The CXX compiler identification is GNU 9.4.0
[9.914s] -- Check for working C compiler: /usr/bin/cc
[9.914s] -- Check for working C compiler: /usr/bin/cc -- works
[9.914s] -- Detecting C compiler ABI info
[9.914s] -- Detecting C compiler ABI info - done
[9.914s] -- Detecting C compile features
[9.914s] -- Detecting C compile features - done
[9.914s] -- Check for working CXX compiler: /usr/bin/c++
[9.914s] -- Check for working CXX compiler: /usr/bin/c++ -- works
[9.914s] -- Detecting CXX compiler ABI info
[9.914s] -- Detecting CXX compiler ABI info - done
[9.914s] -- Detecting CXX compile features
[9.914s] -- Detecting CXX compile features - done
[9.914s] -- Found autoware_cmake: 0.1.0 (/home/cityu/autoware/install/autoware_cmake/share/autoware_cmake/cmake)
[9.914s] -- Found ament_cmake_auto: 1.1.6 (/opt/ros/galactic/share/ament_cmake_auto/cmake)
[9.914s] -- Found PythonInterp: /usr/bin/python3 (found suitable version "3.8.10", minimum required is "3") 
[9.915s] -- Using PYTHON_EXECUTABLE: /usr/bin/python3
[9.915s] -- Override CMake install command with custom implementation using symlinks instead of copying resources
[9.915s] -- Using all available rosidl_typesupport_c: rosidl_typesupport_fastrtps_c;rosidl_typesupport_introspection_c
[9.915s] -- Found rosidl_adapter: 2.2.3 (/opt/ros/galactic/share/rosidl_adapter/cmake)
[9.915s] -- Found OpenSSL: /usr/lib/x86_64-linux-gnu/libcrypto.so (found version "1.1.1f")  
[9.915s] -- Found FastRTPS: /opt/ros/galactic/include  
[9.915s] -- Using all available rosidl_typesupport_cpp: rosidl_typesupport_fastrtps_cpp;rosidl_typesupport_introspection_cpp
[9.915s] -- Found rmw_implementation_cmake: 3.3.1 (/opt/ros/galactic/share/rmw_implementation_cmake/cmake)
[9.915s] -- Found rmw_cyclonedds_cpp: 0.22.6 (/opt/ros/galactic/share/rmw_cyclonedds_cpp/cmake)
[9.915s] -- Using RMW implementation 'rmw_cyclonedds_cpp' as default
[9.915s] -- Looking for pthread.h
[9.915s] -- Looking for pthread.h - found
[9.915s] -- Performing Test CMAKE_HAVE_LIBC_PTHREAD
[9.915s] -- Performing Test CMAKE_HAVE_LIBC_PTHREAD - Failed
[9.915s] -- Looking for pthread_create in pthreads
[9.915s] -- Looking for pthread_create in pthreads - not found
[9.915s] -- Looking for pthread_create in pthread
[9.916s] -- Looking for pthread_create in pthread - found
[9.916s] -- Found Threads: TRUE  
[9.916s] -- Setting OGRE_DIR to: '/opt/ros/galactic/share/rviz_ogre_vendor/cmake/../../../opt/rviz_ogre_vendor/lib/OGRE/cmake'
[9.916s] -- Found OGRE
[9.916s] --   static     : OFF
[9.916s] --   components : HLMS;MeshLodGenerator;Overlay;Paging;Property;RTShaderSystem;Terrain;Volume
[9.916s] --   plugins    : Plugin_BSPSceneManager;Plugin_OctreeSceneManager;Plugin_PCZSceneManager;Plugin_ParticleFX;RenderSystem_GL;RenderSystem_GL3Plus;Codec_STBI
[9.916s] --   media      : /opt/ros/galactic/opt/rviz_ogre_vendor/share/OGRE/Media
[9.916s] -- OGRE_LIBRARIES: OgreHLMS;OgreMeshLodGenerator;OgreOverlay;OgrePaging;OgreProperty;OgreRTShaderSystem;OgreTerrain;OgreVolume;OgreMain
[9.916s] -- OGRE_LIBRARY_DIRS: /opt/ros/galactic/opt/rviz_ogre_vendor/lib
[9.916s] -- OGRE_PLUGINS: Plugin_BSPSceneManager;Plugin_OctreeSceneManager;Plugin_PCZSceneManager;Plugin_ParticleFX;RenderSystem_GL;RenderSystem_GL3Plus;Codec_STBI
[9.916s] -- OGRE_PLUGIN_DIR: /opt/ros/galactic/opt/rviz_ogre_vendor/lib/OGRE
[9.916s] -- rviz_ogre_vendor::OgreOverlay for IMPORTED_LOCATION_RELEASE: /opt/ros/galactic/opt/rviz_ogre_vendor/lib/libOgreOverlay.so
[9.916s] -- rviz_ogre_vendor::OgreOverlay for IMPORTED_LOCATION_DEBUG: /opt/ros/galactic/opt/rviz_ogre_vendor/lib/libOgreOverlay.so
[9.916s] -- rviz_ogre_vendor::OgreMain for IMPORTED_LOCATION_RELEASE: /opt/ros/galactic/opt/rviz_ogre_vendor/lib/libOgreMain.so
[9.916s] -- rviz_ogre_vendor::OgreMain for IMPORTED_LOCATION_DEBUG: /opt/ros/galactic/opt/rviz_ogre_vendor/lib/libOgreMain.so
[9.916s] -- Could not find freeimage library
[9.917s] -- Found ZLIB: /usr/lib/x86_64-linux-gnu/libz.so (found version "1.2.11") 
[9.917s] -- Found OpenGL: /usr/lib/x86_64-linux-gnu/libOpenGL.so   
[9.917s] -- Found X11: /usr/include   
[9.917s] -- Looking for XOpenDisplay in /usr/lib/x86_64-linux-gnu/libX11.so;/usr/lib/x86_64-linux-gnu/libXext.so
[9.917s] -- Looking for XOpenDisplay in /usr/lib/x86_64-linux-gnu/libX11.so;/usr/lib/x86_64-linux-gnu/libXext.so - found
[9.917s] -- Looking for gethostbyname
[9.918s] -- Looking for gethostbyname - found
[9.918s] -- Looking for connect
[9.918s] -- Looking for connect - found
[9.918s] -- Looking for remove
[9.918s] -- Looking for remove - found
[9.918s] -- Looking for shmat
[9.918s] -- Looking for shmat - found
[9.918s] -- Looking for IceConnectionNumber in ICE
[9.918s] -- Looking for IceConnectionNumber in ICE - found
[9.918s] -- rviz_ogre_vendor::RenderSystem_GL for IMPORTED_LOCATION_RELEASE: _render_system_gl_static_library_abs-NOTFOUND
[9.919s] -- rviz_ogre_vendor::RenderSystem_GL for IMPORTED_LOCATION_DEBUG: _render_system_gl_static_library_abs-NOTFOUND
[9.919s] -- library: libassimp.so.5
[9.919s] -- library: /usr/lib/x86_64-linux-gnu/libcurl.so
[9.919s] -- Found Eigen3: TRUE (found version "3.3.7") 
[9.919s] -- Found ament_lint_auto: 0.10.7 (/opt/ros/galactic/share/ament_lint_auto/cmake)
[9.919s] -- Added test 'copyright' to check source files copyright and LICENSE
[9.919s] -- Added test 'cppcheck' to perform static code analysis on C / C++ code
[9.919s] -- Configured cppcheck include dirs: 
[9.919s] -- Configured cppcheck exclude dirs and/or files: 
[9.919s] -- Added test 'lint_cmake' to check CMake code style
[9.919s] -- Added test 'xmllint' to check XML markup files
[9.919s] -- Configuring done
[9.919s] -- Generating done
[9.919s] -- Build files have been written to: /home/cityu/autoware/build/rtc_manager_rviz_plugin
[9.936s] Invoked command in '/home/cityu/autoware/build/rtc_manager_rviz_plugin' returned '0': AMENT_PREFIX_PATH=/home/cityu/autoware/install/autoware_cmake:/home/cityu/autoware/install/tier4_rtc_msgs:/home/cityu/autoware/install/tier4_planning_msgs:/home/cityu/autoware/install/tier4_external_api_msgs:/home/cityu/autoware/install/autoware_lint_common:${AMENT_PREFIX_PATH} CMAKE_PREFIX_PATH=/home/cityu/autoware/install/autoware_cmake:/home/cityu/autoware/install/tier4_rtc_msgs:/home/cityu/autoware/install/tier4_planning_msgs:/home/cityu/autoware/install/tier4_external_api_msgs:/home/cityu/autoware/install/autoware_lint_common:/opt/ros/galactic LD_LIBRARY_PATH=/home/cityu/autoware/install/tier4_rtc_msgs/lib:/home/cityu/autoware/install/tier4_planning_msgs/lib:/home/cityu/autoware/install/tier4_external_api_msgs/lib:${LD_LIBRARY_PATH} PYTHONPATH=/home/cityu/autoware/install/tier4_rtc_msgs/lib/python3.8/site-packages:/home/cityu/autoware/install/tier4_planning_msgs/lib/python3.8/site-packages:/home/cityu/autoware/install/tier4_external_api_msgs/lib/python3.8/site-packages:${PYTHONPATH} /usr/bin/cmake /home/cityu/autoware/src/universe/autoware.universe/common/rtc_manager_rviz_plugin -DCMAKE_BUILD_TYPE=Release -DAMENT_CMAKE_SYMLINK_INSTALL=1 -DCMAKE_INSTALL_PREFIX=/home/cityu/autoware/install/rtc_manager_rviz_plugin
[9.936s] Invoking command in '/home/cityu/autoware/build/rtc_manager_rviz_plugin': AMENT_PREFIX_PATH=/home/cityu/autoware/install/autoware_cmake:/home/cityu/autoware/install/tier4_rtc_msgs:/home/cityu/autoware/install/tier4_planning_msgs:/home/cityu/autoware/install/tier4_external_api_msgs:/home/cityu/autoware/install/autoware_lint_common:${AMENT_PREFIX_PATH} CMAKE_PREFIX_PATH=/home/cityu/autoware/install/autoware_cmake:/home/cityu/autoware/install/tier4_rtc_msgs:/home/cityu/autoware/install/tier4_planning_msgs:/home/cityu/autoware/install/tier4_external_api_msgs:/home/cityu/autoware/install/autoware_lint_common:/opt/ros/galactic LD_LIBRARY_PATH=/home/cityu/autoware/install/tier4_rtc_msgs/lib:/home/cityu/autoware/install/tier4_planning_msgs/lib:/home/cityu/autoware/install/tier4_external_api_msgs/lib:${LD_LIBRARY_PATH} PYTHONPATH=/home/cityu/autoware/install/tier4_rtc_msgs/lib/python3.8/site-packages:/home/cityu/autoware/install/tier4_planning_msgs/lib/python3.8/site-packages:/home/cityu/autoware/install/tier4_external_api_msgs/lib/python3.8/site-packages:${PYTHONPATH} /usr/bin/cmake --build /home/cityu/autoware/build/rtc_manager_rviz_plugin -- -j16 -l16
[22.751s] [35m[1mScanning dependencies of target rtc_manager_rviz_plugin_autogen[0m
[22.755s] [ 25%] [34m[1mAutomatic MOC for target rtc_manager_rviz_plugin[0m
[22.756s] [ 25%] Built target rtc_manager_rviz_plugin_autogen
[22.756s] [35m[1mScanning dependencies of target rtc_manager_rviz_plugin[0m
[22.756s] [ 50%] [32mBuilding CXX object CMakeFiles/rtc_manager_rviz_plugin.dir/rtc_manager_rviz_plugin_autogen/mocs_compilation.cpp.o[0m
[22.756s] [ 75%] [32mBuilding CXX object CMakeFiles/rtc_manager_rviz_plugin.dir/src/rtc_manager_panel.cpp.o[0m
[35.722s] [100%] [32m[1mLinking CXX shared library librtc_manager_rviz_plugin.so[0m
[38.389s] [100%] Built target rtc_manager_rviz_plugin
[38.441s] Invoked command in '/home/cityu/autoware/build/rtc_manager_rviz_plugin' returned '0': AMENT_PREFIX_PATH=/home/cityu/autoware/install/autoware_cmake:/home/cityu/autoware/install/tier4_rtc_msgs:/home/cityu/autoware/install/tier4_planning_msgs:/home/cityu/autoware/install/tier4_external_api_msgs:/home/cityu/autoware/install/autoware_lint_common:${AMENT_PREFIX_PATH} CMAKE_PREFIX_PATH=/home/cityu/autoware/install/autoware_cmake:/home/cityu/autoware/install/tier4_rtc_msgs:/home/cityu/autoware/install/tier4_planning_msgs:/home/cityu/autoware/install/tier4_external_api_msgs:/home/cityu/autoware/install/autoware_lint_common:/opt/ros/galactic LD_LIBRARY_PATH=/home/cityu/autoware/install/tier4_rtc_msgs/lib:/home/cityu/autoware/install/tier4_planning_msgs/lib:/home/cityu/autoware/install/tier4_external_api_msgs/lib:${LD_LIBRARY_PATH} PYTHONPATH=/home/cityu/autoware/install/tier4_rtc_msgs/lib/python3.8/site-packages:/home/cityu/autoware/install/tier4_planning_msgs/lib/python3.8/site-packages:/home/cityu/autoware/install/tier4_external_api_msgs/lib/python3.8/site-packages:${PYTHONPATH} /usr/bin/cmake --build /home/cityu/autoware/build/rtc_manager_rviz_plugin -- -j16 -l16
[38.637s] Invoking command in '/home/cityu/autoware/build/rtc_manager_rviz_plugin': AMENT_PREFIX_PATH=/home/cityu/autoware/install/autoware_cmake:/home/cityu/autoware/install/tier4_rtc_msgs:/home/cityu/autoware/install/tier4_planning_msgs:/home/cityu/autoware/install/tier4_external_api_msgs:/home/cityu/autoware/install/autoware_lint_common:${AMENT_PREFIX_PATH} CMAKE_PREFIX_PATH=/home/cityu/autoware/install/autoware_cmake:/home/cityu/autoware/install/tier4_rtc_msgs:/home/cityu/autoware/install/tier4_planning_msgs:/home/cityu/autoware/install/tier4_external_api_msgs:/home/cityu/autoware/install/autoware_lint_common:/opt/ros/galactic LD_LIBRARY_PATH=/home/cityu/autoware/install/tier4_rtc_msgs/lib:/home/cityu/autoware/install/tier4_planning_msgs/lib:/home/cityu/autoware/install/tier4_external_api_msgs/lib:${LD_LIBRARY_PATH} PYTHONPATH=/home/cityu/autoware/install/tier4_rtc_msgs/lib/python3.8/site-packages:/home/cityu/autoware/install/tier4_planning_msgs/lib/python3.8/site-packages:/home/cityu/autoware/install/tier4_external_api_msgs/lib/python3.8/site-packages:${PYTHONPATH} /usr/bin/cmake --install /home/cityu/autoware/build/rtc_manager_rviz_plugin
[55.919s] -- Install configuration: "Release"
[55.923s] -- Execute custom install script
[55.927s] -- Symlinking: /home/cityu/autoware/install/rtc_manager_rviz_plugin/share/rtc_manager_rviz_plugin/plugins/plugin_description.xml
[55.927s] -- Symlinking: /home/cityu/autoware/install/rtc_manager_rviz_plugin/share/rtc_manager_rviz_plugin/environment/library_path.sh
[55.928s] -- Symlinking: /home/cityu/autoware/install/rtc_manager_rviz_plugin/share/rtc_manager_rviz_plugin/environment/library_path.dsv
[55.928s] -- Symlinking: /home/cityu/autoware/install/rtc_manager_rviz_plugin/lib/librtc_manager_rviz_plugin.so
[55.928s] -- Symlinking: /home/cityu/autoware/install/rtc_manager_rviz_plugin/share/rtc_manager_rviz_plugin/icons/classes/RTCManagerPanel.png
[55.928s] -- Up-to-date symlink: /home/cityu/autoware/install/rtc_manager_rviz_plugin/share/rtc_manager_rviz_plugin/plugins/plugin_description.xml
[55.928s] -- Symlinking: /home/cityu/autoware/install/rtc_manager_rviz_plugin/share/ament_index/resource_index/package_run_dependencies/rtc_manager_rviz_plugin
[55.928s] -- Symlinking: /home/cityu/autoware/install/rtc_manager_rviz_plugin/share/ament_index/resource_index/parent_prefix_path/rtc_manager_rviz_plugin
[55.928s] -- Symlinking: /home/cityu/autoware/install/rtc_manager_rviz_plugin/share/rtc_manager_rviz_plugin/environment/ament_prefix_path.sh
[55.928s] -- Symlinking: /home/cityu/autoware/install/rtc_manager_rviz_plugin/share/rtc_manager_rviz_plugin/environment/ament_prefix_path.dsv
[55.928s] -- Symlinking: /home/cityu/autoware/install/rtc_manager_rviz_plugin/share/rtc_manager_rviz_plugin/environment/path.sh
[55.929s] -- Symlinking: /home/cityu/autoware/install/rtc_manager_rviz_plugin/share/rtc_manager_rviz_plugin/environment/path.dsv
[55.929s] -- Symlinking: /home/cityu/autoware/install/rtc_manager_rviz_plugin/share/rtc_manager_rviz_plugin/local_setup.bash
[55.929s] -- Symlinking: /home/cityu/autoware/install/rtc_manager_rviz_plugin/share/rtc_manager_rviz_plugin/local_setup.sh
[55.929s] -- Symlinking: /home/cityu/autoware/install/rtc_manager_rviz_plugin/share/rtc_manager_rviz_plugin/local_setup.zsh
[55.929s] -- Symlinking: /home/cityu/autoware/install/rtc_manager_rviz_plugin/share/rtc_manager_rviz_plugin/local_setup.dsv
[55.929s] -- Symlinking: /home/cityu/autoware/install/rtc_manager_rviz_plugin/share/rtc_manager_rviz_plugin/package.dsv
[55.929s] -- Symlinking: /home/cityu/autoware/install/rtc_manager_rviz_plugin/share/ament_index/resource_index/packages/rtc_manager_rviz_plugin
[55.929s] -- Symlinking: /home/cityu/autoware/install/rtc_manager_rviz_plugin/share/ament_index/resource_index/rviz_common__pluginlib__plugin/rtc_manager_rviz_plugin
[55.929s] -- Symlinking: /home/cityu/autoware/install/rtc_manager_rviz_plugin/share/rtc_manager_rviz_plugin/cmake/ament_cmake_export_dependencies-extras.cmake
[55.930s] -- Symlinking: /home/cityu/autoware/install/rtc_manager_rviz_plugin/share/rtc_manager_rviz_plugin/cmake/ament_cmake_export_libraries-extras.cmake
[55.930s] -- Symlinking: /home/cityu/autoware/install/rtc_manager_rviz_plugin/share/rtc_manager_rviz_plugin/cmake/rtc_manager_rviz_pluginConfig.cmake
[55.930s] -- Symlinking: /home/cityu/autoware/install/rtc_manager_rviz_plugin/share/rtc_manager_rviz_plugin/cmake/rtc_manager_rviz_pluginConfig-version.cmake
[55.930s] -- Symlinking: /home/cityu/autoware/install/rtc_manager_rviz_plugin/share/rtc_manager_rviz_plugin/package.xml
[55.975s] Invoked command in '/home/cityu/autoware/build/rtc_manager_rviz_plugin' returned '0': AMENT_PREFIX_PATH=/home/cityu/autoware/install/autoware_cmake:/home/cityu/autoware/install/tier4_rtc_msgs:/home/cityu/autoware/install/tier4_planning_msgs:/home/cityu/autoware/install/tier4_external_api_msgs:/home/cityu/autoware/install/autoware_lint_common:${AMENT_PREFIX_PATH} CMAKE_PREFIX_PATH=/home/cityu/autoware/install/autoware_cmake:/home/cityu/autoware/install/tier4_rtc_msgs:/home/cityu/autoware/install/tier4_planning_msgs:/home/cityu/autoware/install/tier4_external_api_msgs:/home/cityu/autoware/install/autoware_lint_common:/opt/ros/galactic LD_LIBRARY_PATH=/home/cityu/autoware/install/tier4_rtc_msgs/lib:/home/cityu/autoware/install/tier4_planning_msgs/lib:/home/cityu/autoware/install/tier4_external_api_msgs/lib:${LD_LIBRARY_PATH} PYTHONPATH=/home/cityu/autoware/install/tier4_rtc_msgs/lib/python3.8/site-packages:/home/cityu/autoware/install/tier4_planning_msgs/lib/python3.8/site-packages:/home/cityu/autoware/install/tier4_external_api_msgs/lib/python3.8/site-packages:${PYTHONPATH} /usr/bin/cmake --install /home/cityu/autoware/build/rtc_manager_rviz_plugin
