-- Found ament_cmake: 1.1.6 (/opt/ros/galactic/share/ament_cmake/cmake)
-- Using PYTHON_EXECUTABLE: /usr/bin/python3
-- Override CMake install command with custom implementation using symlinks instead of copying resources
-- Found cv_bridge: 3.1.3 (/opt/ros/galactic/share/cv_bridge/cmake)
-- Using all available rosidl_typesupport_c: rosidl_typesupport_fastrtps_c;rosidl_typesupport_introspection_c
-- Found rosidl_adapter: 2.2.3 (/opt/ros/galactic/share/rosidl_adapter/cmake)
-- Using all available rosidl_typesupport_cpp: rosidl_typesupport_fastrtps_cpp;rosidl_typesupport_introspection_cpp
-- Found filters: 2.1.0 (/opt/ros/galactic/share/filters/cmake)
-- Found grid_map_cmake_helpers: 2.0.0 (/home/cityu/autoware/install/grid_map_cmake_helpers/share/grid_map_cmake_helpers/cmake)
-- Found grid_map_core: 2.0.0 (/home/cityu/autoware/install/grid_map_core/share/grid_map_core/cmake)
-- Found pluginlib: 5.0.1 (/opt/ros/galactic/share/pluginlib/cmake)
-- Found rclcpp: 9.2.2 (/opt/ros/galactic/share/rclcpp/cmake)
-- Found rmw_implementation_cmake: 3.3.1 (/opt/ros/galactic/share/rmw_implementation_cmake/cmake)
-- Found rmw_cyclonedds_cpp: 0.22.6 (/opt/ros/galactic/share/rmw_cyclonedds_cpp/cmake)
-- Using RMW implementation 'rmw_cyclonedds_cpp' as default
-- Found ament_lint_auto: 0.10.7 (/opt/ros/galactic/share/ament_lint_auto/cmake)
-- Found ament_cmake_gtest: 1.1.6 (/opt/ros/galactic/share/ament_cmake_gtest/cmake)
-- Found gtest sources under '/opt/ros/galactic/src/gtest_vendor': C++ tests using 'Google Test' will be built
-- Added test 'cppcheck' to perform static code analysis on C / C++ code
-- Configured cppcheck include dirs: /home/cityu/autoware/src/universe/external/grid_map/grid_map_cv/include
-- Configured cppcheck exclude dirs and/or files: 
-- Added test 'lint_cmake' to check CMake code style
-- Added test 'uncrustify' to check C / C++ code style
-- Configured uncrustify additional arguments: 
-- Added test 'xmllint' to check XML markup files
-- Configuring done
-- Generating done
CMake Warning:
  Manually-specified variables were not used by the project:

    DOWNLOAD_ARTIFACTS


-- Build files have been written to: /home/cityu/autoware/build/grid_map_cv
[ 18%] Built target gtest
[ 36%] Built target gtest_main
[ 45%] [32m[1mLinking CXX shared library libgrid_map_cv.so[0m
[ 63%] Built target grid_map_cv
[ 72%] [32mBuilding CXX object CMakeFiles/grid_map_cv-test.dir/test/test_grid_map_cv.cpp.o[0m
[ 81%] [32mBuilding CXX object CMakeFiles/grid_map_cv-test.dir/test/GridMapCvProcessingTest.cpp.o[0m
[ 90%] [32mBuilding CXX object CMakeFiles/grid_map_cv-test.dir/test/GridMapCvTest.cpp.o[0m
[100%] [32m[1mLinking CXX executable grid_map_cv-test[0m
[100%] Built target grid_map_cv-test
-- Install configuration: "Release"
-- Execute custom install script
-- Up-to-date symlink: /home/cityu/autoware/install/grid_map_cv/lib/libgrid_map_cv.so
-- Up-to-date symlink: /home/cityu/autoware/install/grid_map_cv/share/grid_map_cv/filter_plugins.xml
-- Up-to-date symlink: /home/cityu/autoware/install/grid_map_cv/share/grid_map_cv/environment/library_path.sh
-- Up-to-date symlink: /home/cityu/autoware/install/grid_map_cv/share/grid_map_cv/environment/library_path.dsv
-- Up-to-date symlink: /home/cityu/autoware/install/grid_map_cv/share/grid_map_cv//filter_plugins.xml
-- Up-to-date symlink: /home/cityu/autoware/install/grid_map_cv/share/ament_index/resource_index/package_run_dependencies/grid_map_cv
-- Up-to-date symlink: /home/cityu/autoware/install/grid_map_cv/share/ament_index/resource_index/parent_prefix_path/grid_map_cv
-- Up-to-date symlink: /home/cityu/autoware/install/grid_map_cv/share/grid_map_cv/environment/ament_prefix_path.sh
-- Up-to-date symlink: /home/cityu/autoware/install/grid_map_cv/share/grid_map_cv/environment/ament_prefix_path.dsv
-- Up-to-date symlink: /home/cityu/autoware/install/grid_map_cv/share/grid_map_cv/environment/path.sh
-- Up-to-date symlink: /home/cityu/autoware/install/grid_map_cv/share/grid_map_cv/environment/path.dsv
-- Up-to-date symlink: /home/cityu/autoware/install/grid_map_cv/share/grid_map_cv/local_setup.bash
-- Up-to-date symlink: /home/cityu/autoware/install/grid_map_cv/share/grid_map_cv/local_setup.sh
-- Up-to-date symlink: /home/cityu/autoware/install/grid_map_cv/share/grid_map_cv/local_setup.zsh
-- Up-to-date symlink: /home/cityu/autoware/install/grid_map_cv/share/grid_map_cv/local_setup.dsv
-- Symlinking: /home/cityu/autoware/install/grid_map_cv/share/grid_map_cv/package.dsv
-- Up-to-date symlink: /home/cityu/autoware/install/grid_map_cv/share/ament_index/resource_index/packages/grid_map_cv
-- Up-to-date symlink: /home/cityu/autoware/install/grid_map_cv/share/ament_index/resource_index/filters__pluginlib__plugin/grid_map_cv
-- Up-to-date symlink: /home/cityu/autoware/install/grid_map_cv/share/grid_map_cv/cmake/ament_cmake_export_include_directories-extras.cmake
-- Up-to-date symlink: /home/cityu/autoware/install/grid_map_cv/share/grid_map_cv/cmake/ament_cmake_export_libraries-extras.cmake
-- Up-to-date symlink: /home/cityu/autoware/install/grid_map_cv/share/grid_map_cv/cmake/ament_cmake_export_dependencies-extras.cmake
-- Up-to-date symlink: /home/cityu/autoware/install/grid_map_cv/share/grid_map_cv/cmake/grid_map_cvConfig.cmake
-- Up-to-date symlink: /home/cityu/autoware/install/grid_map_cv/share/grid_map_cv/cmake/grid_map_cvConfig-version.cmake
-- Up-to-date symlink: /home/cityu/autoware/install/grid_map_cv/share/grid_map_cv/package.xml
-- Up-to-date: /home/cityu/autoware/install/grid_map_cv/include/grid_map_cv
-- Up-to-date: /home/cityu/autoware/install/grid_map_cv/include/grid_map_cv/InpaintFilter.hpp
-- Up-to-date: /home/cityu/autoware/install/grid_map_cv/include/grid_map_cv/GridMapCvConverter.hpp
-- Up-to-date: /home/cityu/autoware/install/grid_map_cv/include/grid_map_cv/grid_map_cv.hpp
-- Up-to-date: /home/cityu/autoware/install/grid_map_cv/include/grid_map_cv/utilities.hpp
-- Up-to-date: /home/cityu/autoware/install/grid_map_cv/include/grid_map_cv/GridMapCvProcessing.hpp
