[0.084s] Invoking command in '/home/cityu/autoware/build/tier4_debug_tools': AMENT_PREFIX_PATH=/home/cityu/autoware/install/motion_utils:/home/cityu/autoware/install/interpolation:/home/cityu/autoware/install/tier4_autoware_utils:/home/cityu/autoware/install/autoware_auto_vehicle_msgs:/home/cityu/autoware/install/autoware_cmake:/home/cityu/autoware/install/autoware_auto_planning_msgs:/home/cityu/autoware/install/autoware_auto_perception_msgs:/home/cityu/autoware/install/tier4_debug_msgs:/home/cityu/autoware/install/autoware_lint_common:/home/cityu/autoware/install/autoware_auto_mapping_msgs:/home/cityu/autoware/install/autoware_auto_geometry_msgs:${AMENT_PREFIX_PATH} CMAKE_PREFIX_PATH=/home/cityu/autoware/install/motion_utils:/home/cityu/autoware/install/interpolation:/home/cityu/autoware/install/tier4_autoware_utils:/home/cityu/autoware/install/autoware_auto_vehicle_msgs:/home/cityu/autoware/install/autoware_cmake:/home/cityu/autoware/install/autoware_auto_planning_msgs:/home/cityu/autoware/install/autoware_auto_perception_msgs:/home/cityu/autoware/install/tier4_debug_msgs:/home/cityu/autoware/install/autoware_lint_common:/home/cityu/autoware/install/autoware_auto_mapping_msgs:/home/cityu/autoware/install/autoware_auto_geometry_msgs:/opt/ros/galactic LD_LIBRARY_PATH=/home/cityu/autoware/install/motion_utils/lib:/home/cityu/autoware/install/interpolation/lib:/home/cityu/autoware/install/tier4_autoware_utils/lib:/home/cityu/autoware/install/autoware_auto_vehicle_msgs/lib:/home/cityu/autoware/install/autoware_auto_planning_msgs/lib:/home/cityu/autoware/install/autoware_auto_perception_msgs/lib:/home/cityu/autoware/install/tier4_debug_msgs/lib:/home/cityu/autoware/install/autoware_auto_mapping_msgs/lib:/home/cityu/autoware/install/autoware_auto_geometry_msgs/lib:${LD_LIBRARY_PATH} PYTHONPATH=/home/cityu/autoware/install/autoware_auto_vehicle_msgs/lib/python3.8/site-packages:/home/cityu/autoware/install/autoware_auto_planning_msgs/lib/python3.8/site-packages:/home/cityu/autoware/install/autoware_auto_perception_msgs/lib/python3.8/site-packages:/home/cityu/autoware/install/tier4_debug_msgs/lib/python3.8/site-packages:/home/cityu/autoware/install/autoware_auto_mapping_msgs/lib/python3.8/site-packages:/home/cityu/autoware/install/autoware_auto_geometry_msgs/lib/python3.8/site-packages:${PYTHONPATH} /usr/bin/cmake /home/cityu/autoware/src/universe/autoware.universe/common/tier4_debug_tools -DCMAKE_BUILD_TYPE=Release -DAMENT_CMAKE_SYMLINK_INSTALL=1 -DCMAKE_INSTALL_PREFIX=/home/cityu/autoware/install/tier4_debug_tools
[63.678s] -- The C compiler identification is GNU 9.4.0
[63.678s] -- The CXX compiler identification is GNU 9.4.0
[63.678s] -- Check for working C compiler: /usr/bin/cc
[63.678s] -- Check for working C compiler: /usr/bin/cc -- works
[63.678s] -- Detecting C compiler ABI info
[63.678s] -- Detecting C compiler ABI info - done
[63.678s] -- Detecting C compile features
[63.678s] -- Detecting C compile features - done
[63.679s] -- Check for working CXX compiler: /usr/bin/c++
[63.679s] -- Check for working CXX compiler: /usr/bin/c++ -- works
[63.679s] -- Detecting CXX compiler ABI info
[63.679s] -- Detecting CXX compiler ABI info - done
[63.679s] -- Detecting CXX compile features
[63.679s] -- Detecting CXX compile features - done
[63.679s] -- Found autoware_cmake: 0.1.0 (/home/cityu/autoware/install/autoware_cmake/share/autoware_cmake/cmake)
[63.679s] -- Found ament_cmake_auto: 1.1.6 (/opt/ros/galactic/share/ament_cmake_auto/cmake)
[63.680s] -- Found PythonInterp: /usr/bin/python3 (found suitable version "3.8.10", minimum required is "3") 
[63.680s] -- Using PYTHON_EXECUTABLE: /usr/bin/python3
[63.680s] -- Override CMake install command with custom implementation using symlinks instead of copying resources
[63.680s] -- Using all available rosidl_typesupport_c: rosidl_typesupport_fastrtps_c;rosidl_typesupport_introspection_c
[63.680s] -- Found rosidl_adapter: 2.2.3 (/opt/ros/galactic/share/rosidl_adapter/cmake)
[63.680s] -- Found OpenSSL: /usr/lib/x86_64-linux-gnu/libcrypto.so (found version "1.1.1f")  
[63.680s] -- Found FastRTPS: /opt/ros/galactic/include  
[63.680s] -- Using all available rosidl_typesupport_cpp: rosidl_typesupport_fastrtps_cpp;rosidl_typesupport_introspection_cpp
[63.680s] -- Found rmw_implementation_cmake: 3.3.1 (/opt/ros/galactic/share/rmw_implementation_cmake/cmake)
[63.681s] -- Found rmw_cyclonedds_cpp: 0.22.6 (/opt/ros/galactic/share/rmw_cyclonedds_cpp/cmake)
[63.681s] -- Using RMW implementation 'rmw_cyclonedds_cpp' as default
[63.681s] -- Looking for pthread.h
[63.681s] -- Looking for pthread.h - found
[63.681s] -- Performing Test CMAKE_HAVE_LIBC_PTHREAD
[63.681s] -- Performing Test CMAKE_HAVE_LIBC_PTHREAD - Failed
[63.681s] -- Looking for pthread_create in pthreads
[63.681s] -- Looking for pthread_create in pthreads - not found
[63.681s] -- Looking for pthread_create in pthread
[63.682s] -- Looking for pthread_create in pthread - found
[63.682s] -- Found Threads: TRUE  
[63.682s] -- Found eigen3_cmake_module: 0.1.1 (/opt/ros/galactic/share/eigen3_cmake_module/cmake)
[63.682s] -- Found Eigen3: TRUE (found version "3.3.7") 
[63.682s] -- Found ament_lint_auto: 0.10.7 (/opt/ros/galactic/share/ament_lint_auto/cmake)
[63.682s] -- Added test 'copyright' to check source files copyright and LICENSE
[63.682s] -- Added test 'cppcheck' to perform static code analysis on C / C++ code
[63.682s] -- Configured cppcheck include dirs: /home/cityu/autoware/src/universe/autoware.universe/common/tier4_debug_tools/include
[63.682s] -- Configured cppcheck exclude dirs and/or files: 
[63.683s] -- Added test 'lint_cmake' to check CMake code style
[63.683s] -- Added test 'xmllint' to check XML markup files
[63.683s] -- Configuring done
[63.683s] -- Generating done
[63.683s] -- Build files have been written to: /home/cityu/autoware/build/tier4_debug_tools
[63.738s] Invoked command in '/home/cityu/autoware/build/tier4_debug_tools' returned '0': AMENT_PREFIX_PATH=/home/cityu/autoware/install/motion_utils:/home/cityu/autoware/install/interpolation:/home/cityu/autoware/install/tier4_autoware_utils:/home/cityu/autoware/install/autoware_auto_vehicle_msgs:/home/cityu/autoware/install/autoware_cmake:/home/cityu/autoware/install/autoware_auto_planning_msgs:/home/cityu/autoware/install/autoware_auto_perception_msgs:/home/cityu/autoware/install/tier4_debug_msgs:/home/cityu/autoware/install/autoware_lint_common:/home/cityu/autoware/install/autoware_auto_mapping_msgs:/home/cityu/autoware/install/autoware_auto_geometry_msgs:${AMENT_PREFIX_PATH} CMAKE_PREFIX_PATH=/home/cityu/autoware/install/motion_utils:/home/cityu/autoware/install/interpolation:/home/cityu/autoware/install/tier4_autoware_utils:/home/cityu/autoware/install/autoware_auto_vehicle_msgs:/home/cityu/autoware/install/autoware_cmake:/home/cityu/autoware/install/autoware_auto_planning_msgs:/home/cityu/autoware/install/autoware_auto_perception_msgs:/home/cityu/autoware/install/tier4_debug_msgs:/home/cityu/autoware/install/autoware_lint_common:/home/cityu/autoware/install/autoware_auto_mapping_msgs:/home/cityu/autoware/install/autoware_auto_geometry_msgs:/opt/ros/galactic LD_LIBRARY_PATH=/home/cityu/autoware/install/motion_utils/lib:/home/cityu/autoware/install/interpolation/lib:/home/cityu/autoware/install/tier4_autoware_utils/lib:/home/cityu/autoware/install/autoware_auto_vehicle_msgs/lib:/home/cityu/autoware/install/autoware_auto_planning_msgs/lib:/home/cityu/autoware/install/autoware_auto_perception_msgs/lib:/home/cityu/autoware/install/tier4_debug_msgs/lib:/home/cityu/autoware/install/autoware_auto_mapping_msgs/lib:/home/cityu/autoware/install/autoware_auto_geometry_msgs/lib:${LD_LIBRARY_PATH} PYTHONPATH=/home/cityu/autoware/install/autoware_auto_vehicle_msgs/lib/python3.8/site-packages:/home/cityu/autoware/install/autoware_auto_planning_msgs/lib/python3.8/site-packages:/home/cityu/autoware/install/autoware_auto_perception_msgs/lib/python3.8/site-packages:/home/cityu/autoware/install/tier4_debug_msgs/lib/python3.8/site-packages:/home/cityu/autoware/install/autoware_auto_mapping_msgs/lib/python3.8/site-packages:/home/cityu/autoware/install/autoware_auto_geometry_msgs/lib/python3.8/site-packages:${PYTHONPATH} /usr/bin/cmake /home/cityu/autoware/src/universe/autoware.universe/common/tier4_debug_tools -DCMAKE_BUILD_TYPE=Release -DAMENT_CMAKE_SYMLINK_INSTALL=1 -DCMAKE_INSTALL_PREFIX=/home/cityu/autoware/install/tier4_debug_tools
[63.740s] Invoking command in '/home/cityu/autoware/build/tier4_debug_tools': AMENT_PREFIX_PATH=/home/cityu/autoware/install/motion_utils:/home/cityu/autoware/install/interpolation:/home/cityu/autoware/install/tier4_autoware_utils:/home/cityu/autoware/install/autoware_auto_vehicle_msgs:/home/cityu/autoware/install/autoware_cmake:/home/cityu/autoware/install/autoware_auto_planning_msgs:/home/cityu/autoware/install/autoware_auto_perception_msgs:/home/cityu/autoware/install/tier4_debug_msgs:/home/cityu/autoware/install/autoware_lint_common:/home/cityu/autoware/install/autoware_auto_mapping_msgs:/home/cityu/autoware/install/autoware_auto_geometry_msgs:${AMENT_PREFIX_PATH} CMAKE_PREFIX_PATH=/home/cityu/autoware/install/motion_utils:/home/cityu/autoware/install/interpolation:/home/cityu/autoware/install/tier4_autoware_utils:/home/cityu/autoware/install/autoware_auto_vehicle_msgs:/home/cityu/autoware/install/autoware_cmake:/home/cityu/autoware/install/autoware_auto_planning_msgs:/home/cityu/autoware/install/autoware_auto_perception_msgs:/home/cityu/autoware/install/tier4_debug_msgs:/home/cityu/autoware/install/autoware_lint_common:/home/cityu/autoware/install/autoware_auto_mapping_msgs:/home/cityu/autoware/install/autoware_auto_geometry_msgs:/opt/ros/galactic LD_LIBRARY_PATH=/home/cityu/autoware/install/motion_utils/lib:/home/cityu/autoware/install/interpolation/lib:/home/cityu/autoware/install/tier4_autoware_utils/lib:/home/cityu/autoware/install/autoware_auto_vehicle_msgs/lib:/home/cityu/autoware/install/autoware_auto_planning_msgs/lib:/home/cityu/autoware/install/autoware_auto_perception_msgs/lib:/home/cityu/autoware/install/tier4_debug_msgs/lib:/home/cityu/autoware/install/autoware_auto_mapping_msgs/lib:/home/cityu/autoware/install/autoware_auto_geometry_msgs/lib:${LD_LIBRARY_PATH} PYTHONPATH=/home/cityu/autoware/install/autoware_auto_vehicle_msgs/lib/python3.8/site-packages:/home/cityu/autoware/install/autoware_auto_planning_msgs/lib/python3.8/site-packages:/home/cityu/autoware/install/autoware_auto_perception_msgs/lib/python3.8/site-packages:/home/cityu/autoware/install/tier4_debug_msgs/lib/python3.8/site-packages:/home/cityu/autoware/install/autoware_auto_mapping_msgs/lib/python3.8/site-packages:/home/cityu/autoware/install/autoware_auto_geometry_msgs/lib/python3.8/site-packages:${PYTHONPATH} /usr/bin/cmake --build /home/cityu/autoware/build/tier4_debug_tools -- -j16 -l16
[63.946s] [35m[1mScanning dependencies of target lateral_error_publisher_node[0m
[63.966s] [35m[1mScanning dependencies of target lateral_error_publisher[0m
[64.075s] [ 25%] [32mBuilding CXX object CMakeFiles/lateral_error_publisher_node.dir/rclcpp_components/node_main_lateral_error_publisher_node.cpp.o[0m
[64.171s] [ 50%] [32mBuilding CXX object CMakeFiles/lateral_error_publisher.dir/src/lateral_error_publisher.cpp.o[0m
[71.257s] [ 75%] [32m[1mLinking CXX executable lateral_error_publisher_node[0m
[71.585s] [ 75%] Built target lateral_error_publisher_node
[93.241s] [100%] [32m[1mLinking CXX shared library liblateral_error_publisher.so[0m
[93.577s] [100%] Built target lateral_error_publisher
[93.593s] Invoked command in '/home/cityu/autoware/build/tier4_debug_tools' returned '0': AMENT_PREFIX_PATH=/home/cityu/autoware/install/motion_utils:/home/cityu/autoware/install/interpolation:/home/cityu/autoware/install/tier4_autoware_utils:/home/cityu/autoware/install/autoware_auto_vehicle_msgs:/home/cityu/autoware/install/autoware_cmake:/home/cityu/autoware/install/autoware_auto_planning_msgs:/home/cityu/autoware/install/autoware_auto_perception_msgs:/home/cityu/autoware/install/tier4_debug_msgs:/home/cityu/autoware/install/autoware_lint_common:/home/cityu/autoware/install/autoware_auto_mapping_msgs:/home/cityu/autoware/install/autoware_auto_geometry_msgs:${AMENT_PREFIX_PATH} CMAKE_PREFIX_PATH=/home/cityu/autoware/install/motion_utils:/home/cityu/autoware/install/interpolation:/home/cityu/autoware/install/tier4_autoware_utils:/home/cityu/autoware/install/autoware_auto_vehicle_msgs:/home/cityu/autoware/install/autoware_cmake:/home/cityu/autoware/install/autoware_auto_planning_msgs:/home/cityu/autoware/install/autoware_auto_perception_msgs:/home/cityu/autoware/install/tier4_debug_msgs:/home/cityu/autoware/install/autoware_lint_common:/home/cityu/autoware/install/autoware_auto_mapping_msgs:/home/cityu/autoware/install/autoware_auto_geometry_msgs:/opt/ros/galactic LD_LIBRARY_PATH=/home/cityu/autoware/install/motion_utils/lib:/home/cityu/autoware/install/interpolation/lib:/home/cityu/autoware/install/tier4_autoware_utils/lib:/home/cityu/autoware/install/autoware_auto_vehicle_msgs/lib:/home/cityu/autoware/install/autoware_auto_planning_msgs/lib:/home/cityu/autoware/install/autoware_auto_perception_msgs/lib:/home/cityu/autoware/install/tier4_debug_msgs/lib:/home/cityu/autoware/install/autoware_auto_mapping_msgs/lib:/home/cityu/autoware/install/autoware_auto_geometry_msgs/lib:${LD_LIBRARY_PATH} PYTHONPATH=/home/cityu/autoware/install/autoware_auto_vehicle_msgs/lib/python3.8/site-packages:/home/cityu/autoware/install/autoware_auto_planning_msgs/lib/python3.8/site-packages:/home/cityu/autoware/install/autoware_auto_perception_msgs/lib/python3.8/site-packages:/home/cityu/autoware/install/tier4_debug_msgs/lib/python3.8/site-packages:/home/cityu/autoware/install/autoware_auto_mapping_msgs/lib/python3.8/site-packages:/home/cityu/autoware/install/autoware_auto_geometry_msgs/lib/python3.8/site-packages:${PYTHONPATH} /usr/bin/cmake --build /home/cityu/autoware/build/tier4_debug_tools -- -j16 -l16
[93.630s] Invoking command in '/home/cityu/autoware/build/tier4_debug_tools': AMENT_PREFIX_PATH=/home/cityu/autoware/install/motion_utils:/home/cityu/autoware/install/interpolation:/home/cityu/autoware/install/tier4_autoware_utils:/home/cityu/autoware/install/autoware_auto_vehicle_msgs:/home/cityu/autoware/install/autoware_cmake:/home/cityu/autoware/install/autoware_auto_planning_msgs:/home/cityu/autoware/install/autoware_auto_perception_msgs:/home/cityu/autoware/install/tier4_debug_msgs:/home/cityu/autoware/install/autoware_lint_common:/home/cityu/autoware/install/autoware_auto_mapping_msgs:/home/cityu/autoware/install/autoware_auto_geometry_msgs:${AMENT_PREFIX_PATH} CMAKE_PREFIX_PATH=/home/cityu/autoware/install/motion_utils:/home/cityu/autoware/install/interpolation:/home/cityu/autoware/install/tier4_autoware_utils:/home/cityu/autoware/install/autoware_auto_vehicle_msgs:/home/cityu/autoware/install/autoware_cmake:/home/cityu/autoware/install/autoware_auto_planning_msgs:/home/cityu/autoware/install/autoware_auto_perception_msgs:/home/cityu/autoware/install/tier4_debug_msgs:/home/cityu/autoware/install/autoware_lint_common:/home/cityu/autoware/install/autoware_auto_mapping_msgs:/home/cityu/autoware/install/autoware_auto_geometry_msgs:/opt/ros/galactic LD_LIBRARY_PATH=/home/cityu/autoware/install/motion_utils/lib:/home/cityu/autoware/install/interpolation/lib:/home/cityu/autoware/install/tier4_autoware_utils/lib:/home/cityu/autoware/install/autoware_auto_vehicle_msgs/lib:/home/cityu/autoware/install/autoware_auto_planning_msgs/lib:/home/cityu/autoware/install/autoware_auto_perception_msgs/lib:/home/cityu/autoware/install/tier4_debug_msgs/lib:/home/cityu/autoware/install/autoware_auto_mapping_msgs/lib:/home/cityu/autoware/install/autoware_auto_geometry_msgs/lib:${LD_LIBRARY_PATH} PYTHONPATH=/home/cityu/autoware/install/autoware_auto_vehicle_msgs/lib/python3.8/site-packages:/home/cityu/autoware/install/autoware_auto_planning_msgs/lib/python3.8/site-packages:/home/cityu/autoware/install/autoware_auto_perception_msgs/lib/python3.8/site-packages:/home/cityu/autoware/install/tier4_debug_msgs/lib/python3.8/site-packages:/home/cityu/autoware/install/autoware_auto_mapping_msgs/lib/python3.8/site-packages:/home/cityu/autoware/install/autoware_auto_geometry_msgs/lib/python3.8/site-packages:${PYTHONPATH} /usr/bin/cmake --install /home/cityu/autoware/build/tier4_debug_tools
[93.645s] -- Install configuration: "Release"
[93.645s] -- Execute custom install script
[93.646s] -- Symlinking: /home/cityu/autoware/install/tier4_debug_tools/lib/tier4_debug_tools/lateral_error_publisher_node
[93.659s] -- Symlinking: /home/cityu/autoware/install/tier4_debug_tools/include/tier4_debug_tools/lateral_error_publisher.hpp
[93.678s] -- Symlinking: /home/cityu/autoware/install/tier4_debug_tools/share/tier4_debug_tools/environment/library_path.sh
[93.693s] -- Symlinking: /home/cityu/autoware/install/tier4_debug_tools/share/tier4_debug_tools/environment/library_path.dsv
[93.708s] -- Symlinking: /home/cityu/autoware/install/tier4_debug_tools/lib/liblateral_error_publisher.so
[93.721s] -- Symlinking: /home/cityu/autoware/install/tier4_debug_tools/share/tier4_debug_tools/config/lateral_error_publisher.param.yaml
[93.734s] -- Symlinking: /home/cityu/autoware/install/tier4_debug_tools/share/tier4_debug_tools/launch/lateral_error_publisher.launch.xml
[93.746s] -- Symlinking: /home/cityu/autoware/install/tier4_debug_tools/share/ament_index/resource_index/package_run_dependencies/tier4_debug_tools
[93.759s] -- Symlinking: /home/cityu/autoware/install/tier4_debug_tools/share/ament_index/resource_index/parent_prefix_path/tier4_debug_tools
[93.771s] -- Symlinking: /home/cityu/autoware/install/tier4_debug_tools/share/tier4_debug_tools/environment/ament_prefix_path.sh
[93.785s] -- Symlinking: /home/cityu/autoware/install/tier4_debug_tools/share/tier4_debug_tools/environment/ament_prefix_path.dsv
[93.799s] -- Symlinking: /home/cityu/autoware/install/tier4_debug_tools/share/tier4_debug_tools/environment/path.sh
[93.816s] -- Symlinking: /home/cityu/autoware/install/tier4_debug_tools/share/tier4_debug_tools/environment/path.dsv
[93.830s] -- Symlinking: /home/cityu/autoware/install/tier4_debug_tools/share/tier4_debug_tools/local_setup.bash
[93.844s] -- Symlinking: /home/cityu/autoware/install/tier4_debug_tools/share/tier4_debug_tools/local_setup.sh
[93.856s] -- Symlinking: /home/cityu/autoware/install/tier4_debug_tools/share/tier4_debug_tools/local_setup.zsh
[93.870s] -- Symlinking: /home/cityu/autoware/install/tier4_debug_tools/share/tier4_debug_tools/local_setup.dsv
[93.884s] -- Symlinking: /home/cityu/autoware/install/tier4_debug_tools/share/tier4_debug_tools/package.dsv
[93.897s] -- Symlinking: /home/cityu/autoware/install/tier4_debug_tools/share/ament_index/resource_index/packages/tier4_debug_tools
[93.912s] -- Symlinking: /home/cityu/autoware/install/tier4_debug_tools/share/ament_index/resource_index/rclcpp_components/tier4_debug_tools
[93.926s] -- Symlinking: /home/cityu/autoware/install/tier4_debug_tools/share/tier4_debug_tools/cmake/ament_cmake_export_dependencies-extras.cmake
[93.939s] -- Symlinking: /home/cityu/autoware/install/tier4_debug_tools/share/tier4_debug_tools/cmake/ament_cmake_export_include_directories-extras.cmake
[93.952s] -- Symlinking: /home/cityu/autoware/install/tier4_debug_tools/share/tier4_debug_tools/cmake/ament_cmake_export_libraries-extras.cmake
[93.965s] -- Symlinking: /home/cityu/autoware/install/tier4_debug_tools/share/tier4_debug_tools/cmake/tier4_debug_toolsConfig.cmake
[93.978s] -- Symlinking: /home/cityu/autoware/install/tier4_debug_tools/share/tier4_debug_tools/cmake/tier4_debug_toolsConfig-version.cmake
[93.992s] -- Symlinking: /home/cityu/autoware/install/tier4_debug_tools/share/tier4_debug_tools/package.xml
[94.006s] -- Symlinking: /home/cityu/autoware/install/tier4_debug_tools/lib/tier4_debug_tools/stop_reason2pose.py
[94.019s] -- Symlinking: /home/cityu/autoware/install/tier4_debug_tools/lib/tier4_debug_tools/pose2tf.py
[94.031s] -- Symlinking: /home/cityu/autoware/install/tier4_debug_tools/lib/tier4_debug_tools/tf2pose.py
[94.044s] -- Symlinking: /home/cityu/autoware/install/tier4_debug_tools/lib/tier4_debug_tools/case_converter.py
[94.057s] -- Symlinking: /home/cityu/autoware/install/tier4_debug_tools/lib/tier4_debug_tools/self_pose_listener.py
[94.070s] -- Symlinking: /home/cityu/autoware/install/tier4_debug_tools/lib/tier4_debug_tools/stop_reason2tf
[94.096s] Invoked command in '/home/cityu/autoware/build/tier4_debug_tools' returned '0': AMENT_PREFIX_PATH=/home/cityu/autoware/install/motion_utils:/home/cityu/autoware/install/interpolation:/home/cityu/autoware/install/tier4_autoware_utils:/home/cityu/autoware/install/autoware_auto_vehicle_msgs:/home/cityu/autoware/install/autoware_cmake:/home/cityu/autoware/install/autoware_auto_planning_msgs:/home/cityu/autoware/install/autoware_auto_perception_msgs:/home/cityu/autoware/install/tier4_debug_msgs:/home/cityu/autoware/install/autoware_lint_common:/home/cityu/autoware/install/autoware_auto_mapping_msgs:/home/cityu/autoware/install/autoware_auto_geometry_msgs:${AMENT_PREFIX_PATH} CMAKE_PREFIX_PATH=/home/cityu/autoware/install/motion_utils:/home/cityu/autoware/install/interpolation:/home/cityu/autoware/install/tier4_autoware_utils:/home/cityu/autoware/install/autoware_auto_vehicle_msgs:/home/cityu/autoware/install/autoware_cmake:/home/cityu/autoware/install/autoware_auto_planning_msgs:/home/cityu/autoware/install/autoware_auto_perception_msgs:/home/cityu/autoware/install/tier4_debug_msgs:/home/cityu/autoware/install/autoware_lint_common:/home/cityu/autoware/install/autoware_auto_mapping_msgs:/home/cityu/autoware/install/autoware_auto_geometry_msgs:/opt/ros/galactic LD_LIBRARY_PATH=/home/cityu/autoware/install/motion_utils/lib:/home/cityu/autoware/install/interpolation/lib:/home/cityu/autoware/install/tier4_autoware_utils/lib:/home/cityu/autoware/install/autoware_auto_vehicle_msgs/lib:/home/cityu/autoware/install/autoware_auto_planning_msgs/lib:/home/cityu/autoware/install/autoware_auto_perception_msgs/lib:/home/cityu/autoware/install/tier4_debug_msgs/lib:/home/cityu/autoware/install/autoware_auto_mapping_msgs/lib:/home/cityu/autoware/install/autoware_auto_geometry_msgs/lib:${LD_LIBRARY_PATH} PYTHONPATH=/home/cityu/autoware/install/autoware_auto_vehicle_msgs/lib/python3.8/site-packages:/home/cityu/autoware/install/autoware_auto_planning_msgs/lib/python3.8/site-packages:/home/cityu/autoware/install/autoware_auto_perception_msgs/lib/python3.8/site-packages:/home/cityu/autoware/install/tier4_debug_msgs/lib/python3.8/site-packages:/home/cityu/autoware/install/autoware_auto_mapping_msgs/lib/python3.8/site-packages:/home/cityu/autoware/install/autoware_auto_geometry_msgs/lib/python3.8/site-packages:${PYTHONPATH} /usr/bin/cmake --install /home/cityu/autoware/build/tier4_debug_tools
