-- The C compiler identification is GNU 9.4.0
-- The CXX compiler identification is GNU 9.4.0
-- Check for working C compiler: /usr/bin/cc
-- Check for working C compiler: /usr/bin/cc -- works
-- Detecting C compiler ABI info
-- Detecting C compiler ABI info - done
-- Detecting C compile features
-- Detecting C compile features - done
-- Check for working CXX compiler: /usr/bin/c++
-- Check for working CXX compiler: /usr/bin/c++ -- works
-- Detecting CXX compiler ABI info
-- Detecting CXX compiler ABI info - done
-- Detecting CXX compile features
-- Detecting CXX compile features - done
-- Found ament_cmake_auto: 1.1.6 (/opt/ros/galactic/share/ament_cmake_auto/cmake)
-- Found PythonInterp: /usr/bin/python3 (found suitable version "3.8.10", minimum required is "3") 
-- Using PYTHON_EXECUTABLE: /usr/bin/python3
-- Override CMake install command with custom implementation using symlinks instead of copying resources
-- Using all available rosidl_typesupport_c: rosidl_typesupport_fastrtps_c;rosidl_typesupport_introspection_c
-- Found rosidl_adapter: 2.2.3 (/opt/ros/galactic/share/rosidl_adapter/cmake)
-- Found OpenSSL: /usr/lib/x86_64-linux-gnu/libcrypto.so (found version "1.1.1f")  
-- Found FastRTPS: /opt/ros/galactic/include  
-- Using all available rosidl_typesupport_cpp: rosidl_typesupport_fastrtps_cpp;rosidl_typesupport_introspection_cpp
-- Found PythonInterp: /usr/bin/python3 (found version "3.8.10") 
-- Found ament_cmake_ros: 0.9.2 (/opt/ros/galactic/share/ament_cmake_ros/cmake)
-- Using all available rosidl_typesupport_c: rosidl_typesupport_fastrtps_c;rosidl_typesupport_introspection_c
-- Using all available rosidl_typesupport_cpp: rosidl_typesupport_fastrtps_cpp;rosidl_typesupport_introspection_cpp
-- Found PythonInterp: /usr/bin/python3 (found suitable version "3.8.10", minimum required is "3.5") 
-- Found python_cmake_module: 0.8.1 (/opt/ros/galactic/share/python_cmake_module/cmake)
-- Found PythonLibs: /usr/lib/x86_64-linux-gnu/libpython3.8.so (found suitable version "3.8.10", minimum required is "3.5") 
-- Using PYTHON_EXECUTABLE: /usr/bin/python3
-- Using PYTHON_INCLUDE_DIRS: /usr/include/python3.8
-- Using PYTHON_LIBRARIES: /usr/lib/x86_64-linux-gnu/libpython3.8.so
-- Found PythonExtra: .so  
-- Found ament_lint_auto: 0.10.7 (/opt/ros/galactic/share/ament_lint_auto/cmake)
-- Added test 'copyright' to check source files copyright and LICENSE
-- Added test 'lint_cmake' to check CMake code style
-- Added test 'xmllint' to check XML markup files
-- Configuring done
-- Generating done
-- Build files have been written to: /home/cityu/autoware/build/tier4_vehicle_msgs
[35m[1mScanning dependencies of target tier4_vehicle_msgs__cpp[0m
[  0%] [34m[1mGenerating C++ code for ROS interfaces[0m
[  0%] Built target tier4_vehicle_msgs__cpp
[  1%] [34m[1mGenerating C code for ROS interfaces[0m
[35m[1mScanning dependencies of target tier4_vehicle_msgs__rosidl_generator_c[0m
[  2%] [32mBuilding C object CMakeFiles/tier4_vehicle_msgs__rosidl_generator_c.dir/rosidl_generator_c/tier4_vehicle_msgs/msg/detail/actuation_command__functions.c.o[0m
[  3%] [32mBuilding C object CMakeFiles/tier4_vehicle_msgs__rosidl_generator_c.dir/rosidl_generator_c/tier4_vehicle_msgs/srv/detail/update_accel_brake_map__functions.c.o[0m
[  4%] [32mBuilding C object CMakeFiles/tier4_vehicle_msgs__rosidl_generator_c.dir/rosidl_generator_c/tier4_vehicle_msgs/msg/detail/vehicle_emergency_stamped__functions.c.o[0m
[  4%] [32mBuilding C object CMakeFiles/tier4_vehicle_msgs__rosidl_generator_c.dir/rosidl_generator_c/tier4_vehicle_msgs/msg/detail/steering_wheel_status_stamped__functions.c.o[0m
[  5%] [32mBuilding C object CMakeFiles/tier4_vehicle_msgs__rosidl_generator_c.dir/rosidl_generator_c/tier4_vehicle_msgs/msg/detail/steering__functions.c.o[0m
[  6%] [32mBuilding C object CMakeFiles/tier4_vehicle_msgs__rosidl_generator_c.dir/rosidl_generator_c/tier4_vehicle_msgs/msg/detail/turn_signal__functions.c.o[0m
[  7%] [32mBuilding C object CMakeFiles/tier4_vehicle_msgs__rosidl_generator_c.dir/rosidl_generator_c/tier4_vehicle_msgs/msg/detail/shift_stamped__functions.c.o[0m
[  8%] [32mBuilding C object CMakeFiles/tier4_vehicle_msgs__rosidl_generator_c.dir/rosidl_generator_c/tier4_vehicle_msgs/msg/detail/shift__functions.c.o[0m
[  9%] [32mBuilding C object CMakeFiles/tier4_vehicle_msgs__rosidl_generator_c.dir/rosidl_generator_c/tier4_vehicle_msgs/msg/detail/battery_status__functions.c.o[0m
[ 10%] [32mBuilding C object CMakeFiles/tier4_vehicle_msgs__rosidl_generator_c.dir/rosidl_generator_c/tier4_vehicle_msgs/msg/detail/actuation_status_stamped__functions.c.o[0m
[ 10%] [32mBuilding C object CMakeFiles/tier4_vehicle_msgs__rosidl_generator_c.dir/rosidl_generator_c/tier4_vehicle_msgs/msg/detail/actuation_status__functions.c.o[0m
[ 11%] [32mBuilding C object CMakeFiles/tier4_vehicle_msgs__rosidl_generator_c.dir/rosidl_generator_c/tier4_vehicle_msgs/msg/detail/actuation_command_stamped__functions.c.o[0m
[ 12%] [32m[1mLinking C shared library libtier4_vehicle_msgs__rosidl_generator_c.so[0m
[ 12%] Built target tier4_vehicle_msgs__rosidl_generator_c
[ 13%] [34m[1mGenerating C++ type support dispatch for ROS interfaces[0m
[35m[1mScanning dependencies of target tier4_vehicle_msgs__rosidl_typesupport_cpp[0m
[ 14%] [32mBuilding CXX object CMakeFiles/tier4_vehicle_msgs__rosidl_typesupport_cpp.dir/rosidl_typesupport_cpp/tier4_vehicle_msgs/msg/actuation_command_stamped__type_support.cpp.o[0m
[ 15%] [32mBuilding CXX object CMakeFiles/tier4_vehicle_msgs__rosidl_typesupport_cpp.dir/rosidl_typesupport_cpp/tier4_vehicle_msgs/msg/actuation_command__type_support.cpp.o[0m
[ 16%] [32mBuilding CXX object CMakeFiles/tier4_vehicle_msgs__rosidl_typesupport_cpp.dir/rosidl_typesupport_cpp/tier4_vehicle_msgs/srv/update_accel_brake_map__type_support.cpp.o[0m
[ 16%] [32mBuilding CXX object CMakeFiles/tier4_vehicle_msgs__rosidl_typesupport_cpp.dir/rosidl_typesupport_cpp/tier4_vehicle_msgs/msg/vehicle_emergency_stamped__type_support.cpp.o[0m
[ 17%] [32mBuilding CXX object CMakeFiles/tier4_vehicle_msgs__rosidl_typesupport_cpp.dir/rosidl_typesupport_cpp/tier4_vehicle_msgs/msg/steering_wheel_status_stamped__type_support.cpp.o[0m
[ 18%] [32mBuilding CXX object CMakeFiles/tier4_vehicle_msgs__rosidl_typesupport_cpp.dir/rosidl_typesupport_cpp/tier4_vehicle_msgs/msg/steering__type_support.cpp.o[0m
[ 19%] [32mBuilding CXX object CMakeFiles/tier4_vehicle_msgs__rosidl_typesupport_cpp.dir/rosidl_typesupport_cpp/tier4_vehicle_msgs/msg/turn_signal__type_support.cpp.o[0m
[ 20%] [32mBuilding CXX object CMakeFiles/tier4_vehicle_msgs__rosidl_typesupport_cpp.dir/rosidl_typesupport_cpp/tier4_vehicle_msgs/msg/shift_stamped__type_support.cpp.o[0m
[ 21%] [32mBuilding CXX object CMakeFiles/tier4_vehicle_msgs__rosidl_typesupport_cpp.dir/rosidl_typesupport_cpp/tier4_vehicle_msgs/msg/shift__type_support.cpp.o[0m
[ 21%] [32mBuilding CXX object CMakeFiles/tier4_vehicle_msgs__rosidl_typesupport_cpp.dir/rosidl_typesupport_cpp/tier4_vehicle_msgs/msg/battery_status__type_support.cpp.o[0m
[ 22%] [32mBuilding CXX object CMakeFiles/tier4_vehicle_msgs__rosidl_typesupport_cpp.dir/rosidl_typesupport_cpp/tier4_vehicle_msgs/msg/actuation_status_stamped__type_support.cpp.o[0m
[ 23%] [32mBuilding CXX object CMakeFiles/tier4_vehicle_msgs__rosidl_typesupport_cpp.dir/rosidl_typesupport_cpp/tier4_vehicle_msgs/msg/actuation_status__type_support.cpp.o[0m
[ 24%] [32m[1mLinking CXX shared library libtier4_vehicle_msgs__rosidl_typesupport_cpp.so[0m
[ 24%] Built target tier4_vehicle_msgs__rosidl_typesupport_cpp
[ 26%] [34m[1mGenerating C introspection for ROS interfaces[0m
[ 26%] [34m[1mGenerating C type support dispatch for ROS interfaces[0m
[35m[1mScanning dependencies of target tier4_vehicle_msgs__rosidl_typesupport_c[0m
[ 27%] [32mBuilding CXX object CMakeFiles/tier4_vehicle_msgs__rosidl_typesupport_c.dir/rosidl_typesupport_c/tier4_vehicle_msgs/msg/actuation_command__type_support.cpp.o[0m
[ 27%] [32mBuilding CXX object CMakeFiles/tier4_vehicle_msgs__rosidl_typesupport_c.dir/rosidl_typesupport_c/tier4_vehicle_msgs/msg/actuation_command_stamped__type_support.cpp.o[0m
[ 28%] [32mBuilding CXX object CMakeFiles/tier4_vehicle_msgs__rosidl_typesupport_c.dir/rosidl_typesupport_c/tier4_vehicle_msgs/srv/update_accel_brake_map__type_support.cpp.o[0m
[ 29%] [32mBuilding CXX object CMakeFiles/tier4_vehicle_msgs__rosidl_typesupport_c.dir/rosidl_typesupport_c/tier4_vehicle_msgs/msg/vehicle_emergency_stamped__type_support.cpp.o[0m
[ 30%] [32mBuilding CXX object CMakeFiles/tier4_vehicle_msgs__rosidl_typesupport_c.dir/rosidl_typesupport_c/tier4_vehicle_msgs/msg/steering_wheel_status_stamped__type_support.cpp.o[0m
[ 31%] [32mBuilding CXX object CMakeFiles/tier4_vehicle_msgs__rosidl_typesupport_c.dir/rosidl_typesupport_c/tier4_vehicle_msgs/msg/steering__type_support.cpp.o[0m
[ 31%] [32mBuilding CXX object CMakeFiles/tier4_vehicle_msgs__rosidl_typesupport_c.dir/rosidl_typesupport_c/tier4_vehicle_msgs/msg/turn_signal__type_support.cpp.o[0m
[ 32%] [32mBuilding CXX object CMakeFiles/tier4_vehicle_msgs__rosidl_typesupport_c.dir/rosidl_typesupport_c/tier4_vehicle_msgs/msg/shift_stamped__type_support.cpp.o[0m
[ 33%] [32mBuilding CXX object CMakeFiles/tier4_vehicle_msgs__rosidl_typesupport_c.dir/rosidl_typesupport_c/tier4_vehicle_msgs/msg/shift__type_support.cpp.o[0m
[35m[1mScanning dependencies of target tier4_vehicle_msgs__rosidl_typesupport_introspection_c[0m
[ 35%] [32mBuilding C object CMakeFiles/tier4_vehicle_msgs__rosidl_typesupport_introspection_c.dir/rosidl_typesupport_introspection_c/tier4_vehicle_msgs/msg/detail/actuation_command__type_support.c.o[0m
[ 35%] [32mBuilding CXX object CMakeFiles/tier4_vehicle_msgs__rosidl_typesupport_c.dir/rosidl_typesupport_c/tier4_vehicle_msgs/msg/battery_status__type_support.cpp.o[0m
[ 36%] [32mBuilding C object CMakeFiles/tier4_vehicle_msgs__rosidl_typesupport_introspection_c.dir/rosidl_typesupport_introspection_c/tier4_vehicle_msgs/msg/detail/actuation_command_stamped__type_support.c.o[0m
[ 37%] [32mBuilding CXX object CMakeFiles/tier4_vehicle_msgs__rosidl_typesupport_c.dir/rosidl_typesupport_c/tier4_vehicle_msgs/msg/actuation_status_stamped__type_support.cpp.o[0m
[ 38%] [32mBuilding CXX object CMakeFiles/tier4_vehicle_msgs__rosidl_typesupport_c.dir/rosidl_typesupport_c/tier4_vehicle_msgs/msg/actuation_status__type_support.cpp.o[0m
[ 39%] [32mBuilding C object CMakeFiles/tier4_vehicle_msgs__rosidl_typesupport_introspection_c.dir/rosidl_typesupport_introspection_c/tier4_vehicle_msgs/srv/detail/update_accel_brake_map__type_support.c.o[0m
[ 39%] [32mBuilding C object CMakeFiles/tier4_vehicle_msgs__rosidl_typesupport_introspection_c.dir/rosidl_typesupport_introspection_c/tier4_vehicle_msgs/msg/detail/vehicle_emergency_stamped__type_support.c.o[0m
[ 40%] [32m[1mLinking CXX shared library libtier4_vehicle_msgs__rosidl_typesupport_c.so[0m
[ 41%] [32mBuilding C object CMakeFiles/tier4_vehicle_msgs__rosidl_typesupport_introspection_c.dir/rosidl_typesupport_introspection_c/tier4_vehicle_msgs/msg/detail/steering__type_support.c.o[0m
[ 42%] [32mBuilding C object CMakeFiles/tier4_vehicle_msgs__rosidl_typesupport_introspection_c.dir/rosidl_typesupport_introspection_c/tier4_vehicle_msgs/msg/detail/steering_wheel_status_stamped__type_support.c.o[0m
[ 42%] Built target tier4_vehicle_msgs__rosidl_typesupport_c
[ 42%] [34m[1mGenerating C++ type support for eProsima Fast-RTPS[0m
[ 43%] [32mBuilding C object CMakeFiles/tier4_vehicle_msgs__rosidl_typesupport_introspection_c.dir/rosidl_typesupport_introspection_c/tier4_vehicle_msgs/msg/detail/turn_signal__type_support.c.o[0m
[ 44%] [32mBuilding C object CMakeFiles/tier4_vehicle_msgs__rosidl_typesupport_introspection_c.dir/rosidl_typesupport_introspection_c/tier4_vehicle_msgs/msg/detail/shift_stamped__type_support.c.o[0m
[ 45%] [32mBuilding C object CMakeFiles/tier4_vehicle_msgs__rosidl_typesupport_introspection_c.dir/rosidl_typesupport_introspection_c/tier4_vehicle_msgs/msg/detail/shift__type_support.c.o[0m
[ 46%] [32mBuilding C object CMakeFiles/tier4_vehicle_msgs__rosidl_typesupport_introspection_c.dir/rosidl_typesupport_introspection_c/tier4_vehicle_msgs/msg/detail/battery_status__type_support.c.o[0m
[ 46%] [32mBuilding C object CMakeFiles/tier4_vehicle_msgs__rosidl_typesupport_introspection_c.dir/rosidl_typesupport_introspection_c/tier4_vehicle_msgs/msg/detail/actuation_status_stamped__type_support.c.o[0m
[ 47%] [32mBuilding C object CMakeFiles/tier4_vehicle_msgs__rosidl_typesupport_introspection_c.dir/rosidl_typesupport_introspection_c/tier4_vehicle_msgs/msg/detail/actuation_status__type_support.c.o[0m
[ 48%] [32m[1mLinking C shared library libtier4_vehicle_msgs__rosidl_typesupport_introspection_c.so[0m
[ 48%] Built target tier4_vehicle_msgs__rosidl_typesupport_introspection_c
[35m[1mScanning dependencies of target tier4_vehicle_msgs__rosidl_typesupport_fastrtps_cpp[0m
[ 49%] [32mBuilding CXX object CMakeFiles/tier4_vehicle_msgs__rosidl_typesupport_fastrtps_cpp.dir/rosidl_typesupport_fastrtps_cpp/tier4_vehicle_msgs/msg/detail/dds_fastrtps/actuation_command__type_support.cpp.o[0m
[ 49%] [32mBuilding CXX object CMakeFiles/tier4_vehicle_msgs__rosidl_typesupport_fastrtps_cpp.dir/rosidl_typesupport_fastrtps_cpp/tier4_vehicle_msgs/srv/detail/dds_fastrtps/update_accel_brake_map__type_support.cpp.o[0m
[ 50%] [32mBuilding CXX object CMakeFiles/tier4_vehicle_msgs__rosidl_typesupport_fastrtps_cpp.dir/rosidl_typesupport_fastrtps_cpp/tier4_vehicle_msgs/msg/detail/dds_fastrtps/vehicle_emergency_stamped__type_support.cpp.o[0m
[ 51%] [32mBuilding CXX object CMakeFiles/tier4_vehicle_msgs__rosidl_typesupport_fastrtps_cpp.dir/rosidl_typesupport_fastrtps_cpp/tier4_vehicle_msgs/msg/detail/dds_fastrtps/steering_wheel_status_stamped__type_support.cpp.o[0m
[ 52%] [32mBuilding CXX object CMakeFiles/tier4_vehicle_msgs__rosidl_typesupport_fastrtps_cpp.dir/rosidl_typesupport_fastrtps_cpp/tier4_vehicle_msgs/msg/detail/dds_fastrtps/steering__type_support.cpp.o[0m
[ 53%] [32mBuilding CXX object CMakeFiles/tier4_vehicle_msgs__rosidl_typesupport_fastrtps_cpp.dir/rosidl_typesupport_fastrtps_cpp/tier4_vehicle_msgs/msg/detail/dds_fastrtps/turn_signal__type_support.cpp.o[0m
[ 53%] [32mBuilding CXX object CMakeFiles/tier4_vehicle_msgs__rosidl_typesupport_fastrtps_cpp.dir/rosidl_typesupport_fastrtps_cpp/tier4_vehicle_msgs/msg/detail/dds_fastrtps/shift__type_support.cpp.o[0m
[ 54%] [32mBuilding CXX object CMakeFiles/tier4_vehicle_msgs__rosidl_typesupport_fastrtps_cpp.dir/rosidl_typesupport_fastrtps_cpp/tier4_vehicle_msgs/msg/detail/dds_fastrtps/shift_stamped__type_support.cpp.o[0m
[ 55%] [32mBuilding CXX object CMakeFiles/tier4_vehicle_msgs__rosidl_typesupport_fastrtps_cpp.dir/rosidl_typesupport_fastrtps_cpp/tier4_vehicle_msgs/msg/detail/dds_fastrtps/battery_status__type_support.cpp.o[0m
[ 56%] [32mBuilding CXX object CMakeFiles/tier4_vehicle_msgs__rosidl_typesupport_fastrtps_cpp.dir/rosidl_typesupport_fastrtps_cpp/tier4_vehicle_msgs/msg/detail/dds_fastrtps/actuation_status_stamped__type_support.cpp.o[0m
[ 57%] [32mBuilding CXX object CMakeFiles/tier4_vehicle_msgs__rosidl_typesupport_fastrtps_cpp.dir/rosidl_typesupport_fastrtps_cpp/tier4_vehicle_msgs/msg/detail/dds_fastrtps/actuation_status__type_support.cpp.o[0m
[ 58%] [32mBuilding CXX object CMakeFiles/tier4_vehicle_msgs__rosidl_typesupport_fastrtps_cpp.dir/rosidl_typesupport_fastrtps_cpp/tier4_vehicle_msgs/msg/detail/dds_fastrtps/actuation_command_stamped__type_support.cpp.o[0m
[ 59%] [32m[1mLinking CXX shared library libtier4_vehicle_msgs__rosidl_typesupport_fastrtps_cpp.so[0m
[ 59%] Built target tier4_vehicle_msgs__rosidl_typesupport_fastrtps_cpp
[ 60%] [34m[1mGenerating C++ introspection for ROS interfaces[0m
[ 61%] [34m[1mGenerating C type support for eProsima Fast-RTPS[0m
[35m[1mScanning dependencies of target tier4_vehicle_msgs__rosidl_typesupport_introspection_cpp[0m
[ 61%] [32mBuilding CXX object CMakeFiles/tier4_vehicle_msgs__rosidl_typesupport_introspection_cpp.dir/rosidl_typesupport_introspection_cpp/tier4_vehicle_msgs/msg/detail/actuation_command__type_support.cpp.o[0m
[35m[1mScanning dependencies of target tier4_vehicle_msgs__rosidl_typesupport_fastrtps_c[0m
[ 62%] [32mBuilding CXX object CMakeFiles/tier4_vehicle_msgs__rosidl_typesupport_fastrtps_c.dir/rosidl_typesupport_fastrtps_c/tier4_vehicle_msgs/msg/detail/actuation_command__type_support_c.cpp.o[0m
[ 63%] [32mBuilding CXX object CMakeFiles/tier4_vehicle_msgs__rosidl_typesupport_introspection_cpp.dir/rosidl_typesupport_introspection_cpp/tier4_vehicle_msgs/srv/detail/update_accel_brake_map__type_support.cpp.o[0m
[ 64%] [32mBuilding CXX object CMakeFiles/tier4_vehicle_msgs__rosidl_typesupport_fastrtps_c.dir/rosidl_typesupport_fastrtps_c/tier4_vehicle_msgs/msg/detail/battery_status__type_support_c.cpp.o[0m
[ 65%] [32mBuilding CXX object CMakeFiles/tier4_vehicle_msgs__rosidl_typesupport_introspection_cpp.dir/rosidl_typesupport_introspection_cpp/tier4_vehicle_msgs/msg/detail/vehicle_emergency_stamped__type_support.cpp.o[0m
[ 66%] [32mBuilding CXX object CMakeFiles/tier4_vehicle_msgs__rosidl_typesupport_fastrtps_c.dir/rosidl_typesupport_fastrtps_c/tier4_vehicle_msgs/msg/detail/shift_stamped__type_support_c.cpp.o[0m
[ 67%] [32mBuilding CXX object CMakeFiles/tier4_vehicle_msgs__rosidl_typesupport_introspection_cpp.dir/rosidl_typesupport_introspection_cpp/tier4_vehicle_msgs/msg/detail/steering_wheel_status_stamped__type_support.cpp.o[0m
[ 67%] [32mBuilding CXX object CMakeFiles/tier4_vehicle_msgs__rosidl_typesupport_fastrtps_c.dir/rosidl_typesupport_fastrtps_c/tier4_vehicle_msgs/msg/detail/steering__type_support_c.cpp.o[0m
[ 68%] [32mBuilding CXX object CMakeFiles/tier4_vehicle_msgs__rosidl_typesupport_introspection_cpp.dir/rosidl_typesupport_introspection_cpp/tier4_vehicle_msgs/msg/detail/steering__type_support.cpp.o[0m
[ 69%] [32mBuilding CXX object CMakeFiles/tier4_vehicle_msgs__rosidl_typesupport_fastrtps_c.dir/rosidl_typesupport_fastrtps_c/tier4_vehicle_msgs/msg/detail/vehicle_emergency_stamped__type_support_c.cpp.o[0m
[ 70%] [32mBuilding CXX object CMakeFiles/tier4_vehicle_msgs__rosidl_typesupport_introspection_cpp.dir/rosidl_typesupport_introspection_cpp/tier4_vehicle_msgs/msg/detail/turn_signal__type_support.cpp.o[0m
[ 71%] [32mBuilding CXX object CMakeFiles/tier4_vehicle_msgs__rosidl_typesupport_fastrtps_c.dir/rosidl_typesupport_fastrtps_c/tier4_vehicle_msgs/srv/detail/update_accel_brake_map__type_support_c.cpp.o[0m
[ 71%] [32mBuilding CXX object CMakeFiles/tier4_vehicle_msgs__rosidl_typesupport_introspection_cpp.dir/rosidl_typesupport_introspection_cpp/tier4_vehicle_msgs/msg/detail/shift_stamped__type_support.cpp.o[0m
[ 72%] [32mBuilding CXX object CMakeFiles/tier4_vehicle_msgs__rosidl_typesupport_introspection_cpp.dir/rosidl_typesupport_introspection_cpp/tier4_vehicle_msgs/msg/detail/shift__type_support.cpp.o[0m
[ 73%] [32mBuilding CXX object CMakeFiles/tier4_vehicle_msgs__rosidl_typesupport_fastrtps_c.dir/rosidl_typesupport_fastrtps_c/tier4_vehicle_msgs/msg/detail/steering_wheel_status_stamped__type_support_c.cpp.o[0m
[ 74%] [32mBuilding CXX object CMakeFiles/tier4_vehicle_msgs__rosidl_typesupport_introspection_cpp.dir/rosidl_typesupport_introspection_cpp/tier4_vehicle_msgs/msg/detail/battery_status__type_support.cpp.o[0m
[ 75%] [32mBuilding CXX object CMakeFiles/tier4_vehicle_msgs__rosidl_typesupport_fastrtps_c.dir/rosidl_typesupport_fastrtps_c/tier4_vehicle_msgs/msg/detail/turn_signal__type_support_c.cpp.o[0m
[ 76%] [32mBuilding CXX object CMakeFiles/tier4_vehicle_msgs__rosidl_typesupport_introspection_cpp.dir/rosidl_typesupport_introspection_cpp/tier4_vehicle_msgs/msg/detail/actuation_status_stamped__type_support.cpp.o[0m
[ 77%] [32mBuilding CXX object CMakeFiles/tier4_vehicle_msgs__rosidl_typesupport_fastrtps_c.dir/rosidl_typesupport_fastrtps_c/tier4_vehicle_msgs/msg/detail/shift__type_support_c.cpp.o[0m
[ 78%] [32mBuilding CXX object CMakeFiles/tier4_vehicle_msgs__rosidl_typesupport_introspection_cpp.dir/rosidl_typesupport_introspection_cpp/tier4_vehicle_msgs/msg/detail/actuation_status__type_support.cpp.o[0m
[ 79%] [32mBuilding CXX object CMakeFiles/tier4_vehicle_msgs__rosidl_typesupport_fastrtps_c.dir/rosidl_typesupport_fastrtps_c/tier4_vehicle_msgs/msg/detail/actuation_status_stamped__type_support_c.cpp.o[0m
[ 80%] [32mBuilding CXX object CMakeFiles/tier4_vehicle_msgs__rosidl_typesupport_introspection_cpp.dir/rosidl_typesupport_introspection_cpp/tier4_vehicle_msgs/msg/detail/actuation_command_stamped__type_support.cpp.o[0m
[ 81%] [32m[1mLinking CXX shared library libtier4_vehicle_msgs__rosidl_typesupport_introspection_cpp.so[0m
[ 81%] Built target tier4_vehicle_msgs__rosidl_typesupport_introspection_cpp
[ 81%] [32mBuilding CXX object CMakeFiles/tier4_vehicle_msgs__rosidl_typesupport_fastrtps_c.dir/rosidl_typesupport_fastrtps_c/tier4_vehicle_msgs/msg/detail/actuation_status__type_support_c.cpp.o[0m
[ 82%] [32mBuilding CXX object CMakeFiles/tier4_vehicle_msgs__rosidl_typesupport_fastrtps_c.dir/rosidl_typesupport_fastrtps_c/tier4_vehicle_msgs/msg/detail/actuation_command_stamped__type_support_c.cpp.o[0m
[ 83%] [32m[1mLinking CXX shared library libtier4_vehicle_msgs__rosidl_typesupport_fastrtps_c.so[0m
[ 83%] Built target tier4_vehicle_msgs__rosidl_typesupport_fastrtps_c
[35m[1mScanning dependencies of target tier4_vehicle_msgs[0m
[ 83%] Built target tier4_vehicle_msgs
[35m[1mScanning dependencies of target tier4_vehicle_msgs__py[0m
[ 84%] [34m[1mGenerating Python code for ROS interfaces[0m
[ 84%] Built target tier4_vehicle_msgs__py
[35m[1mScanning dependencies of target tier4_vehicle_msgs__python[0m
[ 85%] [32mBuilding C object CMakeFiles/tier4_vehicle_msgs__python.dir/rosidl_generator_py/tier4_vehicle_msgs/msg/_actuation_command_s.c.o[0m
[ 86%] [32mBuilding C object CMakeFiles/tier4_vehicle_msgs__python.dir/rosidl_generator_py/tier4_vehicle_msgs/srv/_update_accel_brake_map_s.c.o[0m
[ 86%] [32mBuilding C object CMakeFiles/tier4_vehicle_msgs__python.dir/rosidl_generator_py/tier4_vehicle_msgs/msg/_vehicle_emergency_stamped_s.c.o[0m
[ 87%] [32mBuilding C object CMakeFiles/tier4_vehicle_msgs__python.dir/rosidl_generator_py/tier4_vehicle_msgs/msg/_steering_wheel_status_stamped_s.c.o[0m
[ 88%] [32mBuilding C object CMakeFiles/tier4_vehicle_msgs__python.dir/rosidl_generator_py/tier4_vehicle_msgs/msg/_steering_s.c.o[0m
[ 89%] [32mBuilding C object CMakeFiles/tier4_vehicle_msgs__python.dir/rosidl_generator_py/tier4_vehicle_msgs/msg/_turn_signal_s.c.o[0m
[ 90%] [32mBuilding C object CMakeFiles/tier4_vehicle_msgs__python.dir/rosidl_generator_py/tier4_vehicle_msgs/msg/_shift_stamped_s.c.o[0m
[ 91%] [32mBuilding C object CMakeFiles/tier4_vehicle_msgs__python.dir/rosidl_generator_py/tier4_vehicle_msgs/msg/_shift_s.c.o[0m
[ 91%] [32mBuilding C object CMakeFiles/tier4_vehicle_msgs__python.dir/rosidl_generator_py/tier4_vehicle_msgs/msg/_battery_status_s.c.o[0m
[ 92%] [32mBuilding C object CMakeFiles/tier4_vehicle_msgs__python.dir/rosidl_generator_py/tier4_vehicle_msgs/msg/_actuation_status_stamped_s.c.o[0m
[ 93%] [32mBuilding C object CMakeFiles/tier4_vehicle_msgs__python.dir/rosidl_generator_py/tier4_vehicle_msgs/msg/_actuation_status_s.c.o[0m
[ 94%] [32mBuilding C object CMakeFiles/tier4_vehicle_msgs__python.dir/rosidl_generator_py/tier4_vehicle_msgs/msg/_actuation_command_stamped_s.c.o[0m
[ 95%] [32m[1mLinking C shared library rosidl_generator_py/tier4_vehicle_msgs/libtier4_vehicle_msgs__python.so[0m
[ 95%] Built target tier4_vehicle_msgs__python
[35m[1mScanning dependencies of target tier4_vehicle_msgs__rosidl_typesupport_introspection_c__pyext[0m
[ 96%] [32mBuilding C object CMakeFiles/tier4_vehicle_msgs__rosidl_typesupport_introspection_c__pyext.dir/rosidl_generator_py/tier4_vehicle_msgs/_tier4_vehicle_msgs_s.ep.rosidl_typesupport_introspection_c.c.o[0m
[ 97%] [32m[1mLinking C shared library rosidl_generator_py/tier4_vehicle_msgs/tier4_vehicle_msgs_s__rosidl_typesupport_introspection_c.cpython-38-x86_64-linux-gnu.so[0m
[ 97%] Built target tier4_vehicle_msgs__rosidl_typesupport_introspection_c__pyext
[35m[1mScanning dependencies of target tier4_vehicle_msgs__rosidl_typesupport_fastrtps_c__pyext[0m
[ 98%] [32mBuilding C object CMakeFiles/tier4_vehicle_msgs__rosidl_typesupport_fastrtps_c__pyext.dir/rosidl_generator_py/tier4_vehicle_msgs/_tier4_vehicle_msgs_s.ep.rosidl_typesupport_fastrtps_c.c.o[0m
[ 99%] [32m[1mLinking CXX shared library rosidl_generator_py/tier4_vehicle_msgs/tier4_vehicle_msgs_s__rosidl_typesupport_fastrtps_c.cpython-38-x86_64-linux-gnu.so[0m
[ 99%] Built target tier4_vehicle_msgs__rosidl_typesupport_fastrtps_c__pyext
[35m[1mScanning dependencies of target tier4_vehicle_msgs__rosidl_typesupport_c__pyext[0m
[ 99%] [32mBuilding C object CMakeFiles/tier4_vehicle_msgs__rosidl_typesupport_c__pyext.dir/rosidl_generator_py/tier4_vehicle_msgs/_tier4_vehicle_msgs_s.ep.rosidl_typesupport_c.c.o[0m
[100%] [32m[1mLinking C shared library rosidl_generator_py/tier4_vehicle_msgs/tier4_vehicle_msgs_s__rosidl_typesupport_c.cpython-38-x86_64-linux-gnu.so[0m
[100%] Built target tier4_vehicle_msgs__rosidl_typesupport_c__pyext
-- Install configuration: "Release"
-- Execute custom install script
-- Symlinking: /home/cityu/autoware/install/tier4_vehicle_msgs/share/ament_index/resource_index/rosidl_interfaces/tier4_vehicle_msgs
-- Symlinking: /home/cityu/autoware/install/tier4_vehicle_msgs/include/tier4_vehicle_msgs/msg/actuation_command.h
-- Symlinking: /home/cityu/autoware/install/tier4_vehicle_msgs/include/tier4_vehicle_msgs/msg/actuation_command_stamped.h
-- Symlinking: /home/cityu/autoware/install/tier4_vehicle_msgs/include/tier4_vehicle_msgs/msg/actuation_status.h
-- Symlinking: /home/cityu/autoware/install/tier4_vehicle_msgs/include/tier4_vehicle_msgs/msg/actuation_status_stamped.h
-- Symlinking: /home/cityu/autoware/install/tier4_vehicle_msgs/include/tier4_vehicle_msgs/msg/battery_status.h
-- Symlinking: /home/cityu/autoware/install/tier4_vehicle_msgs/include/tier4_vehicle_msgs/msg/detail/actuation_command__functions.h
-- Symlinking: /home/cityu/autoware/install/tier4_vehicle_msgs/include/tier4_vehicle_msgs/msg/detail/actuation_command__struct.h
-- Symlinking: /home/cityu/autoware/install/tier4_vehicle_msgs/include/tier4_vehicle_msgs/msg/detail/actuation_command__type_support.h
-- Symlinking: /home/cityu/autoware/install/tier4_vehicle_msgs/include/tier4_vehicle_msgs/msg/detail/actuation_command_stamped__functions.h
-- Symlinking: /home/cityu/autoware/install/tier4_vehicle_msgs/include/tier4_vehicle_msgs/msg/detail/actuation_command_stamped__struct.h
-- Symlinking: /home/cityu/autoware/install/tier4_vehicle_msgs/include/tier4_vehicle_msgs/msg/detail/actuation_command_stamped__type_support.h
-- Symlinking: /home/cityu/autoware/install/tier4_vehicle_msgs/include/tier4_vehicle_msgs/msg/detail/actuation_status__functions.h
-- Symlinking: /home/cityu/autoware/install/tier4_vehicle_msgs/include/tier4_vehicle_msgs/msg/detail/actuation_status__struct.h
-- Symlinking: /home/cityu/autoware/install/tier4_vehicle_msgs/include/tier4_vehicle_msgs/msg/detail/actuation_status__type_support.h
-- Symlinking: /home/cityu/autoware/install/tier4_vehicle_msgs/include/tier4_vehicle_msgs/msg/detail/actuation_status_stamped__functions.h
-- Symlinking: /home/cityu/autoware/install/tier4_vehicle_msgs/include/tier4_vehicle_msgs/msg/detail/actuation_status_stamped__struct.h
-- Symlinking: /home/cityu/autoware/install/tier4_vehicle_msgs/include/tier4_vehicle_msgs/msg/detail/actuation_status_stamped__type_support.h
-- Symlinking: /home/cityu/autoware/install/tier4_vehicle_msgs/include/tier4_vehicle_msgs/msg/detail/battery_status__functions.h
-- Symlinking: /home/cityu/autoware/install/tier4_vehicle_msgs/include/tier4_vehicle_msgs/msg/detail/battery_status__struct.h
-- Symlinking: /home/cityu/autoware/install/tier4_vehicle_msgs/include/tier4_vehicle_msgs/msg/detail/battery_status__type_support.h
-- Symlinking: /home/cityu/autoware/install/tier4_vehicle_msgs/include/tier4_vehicle_msgs/msg/detail/shift__functions.h
-- Symlinking: /home/cityu/autoware/install/tier4_vehicle_msgs/include/tier4_vehicle_msgs/msg/detail/shift__struct.h
-- Symlinking: /home/cityu/autoware/install/tier4_vehicle_msgs/include/tier4_vehicle_msgs/msg/detail/shift__type_support.h
-- Symlinking: /home/cityu/autoware/install/tier4_vehicle_msgs/include/tier4_vehicle_msgs/msg/detail/shift_stamped__functions.h
-- Symlinking: /home/cityu/autoware/install/tier4_vehicle_msgs/include/tier4_vehicle_msgs/msg/detail/shift_stamped__struct.h
-- Symlinking: /home/cityu/autoware/install/tier4_vehicle_msgs/include/tier4_vehicle_msgs/msg/detail/shift_stamped__type_support.h
-- Symlinking: /home/cityu/autoware/install/tier4_vehicle_msgs/include/tier4_vehicle_msgs/msg/detail/steering__functions.h
-- Symlinking: /home/cityu/autoware/install/tier4_vehicle_msgs/include/tier4_vehicle_msgs/msg/detail/steering__struct.h
-- Symlinking: /home/cityu/autoware/install/tier4_vehicle_msgs/include/tier4_vehicle_msgs/msg/detail/steering__type_support.h
-- Symlinking: /home/cityu/autoware/install/tier4_vehicle_msgs/include/tier4_vehicle_msgs/msg/detail/steering_wheel_status_stamped__functions.h
-- Symlinking: /home/cityu/autoware/install/tier4_vehicle_msgs/include/tier4_vehicle_msgs/msg/detail/steering_wheel_status_stamped__struct.h
-- Symlinking: /home/cityu/autoware/install/tier4_vehicle_msgs/include/tier4_vehicle_msgs/msg/detail/steering_wheel_status_stamped__type_support.h
-- Symlinking: /home/cityu/autoware/install/tier4_vehicle_msgs/include/tier4_vehicle_msgs/msg/detail/turn_signal__functions.h
-- Symlinking: /home/cityu/autoware/install/tier4_vehicle_msgs/include/tier4_vehicle_msgs/msg/detail/turn_signal__struct.h
-- Symlinking: /home/cityu/autoware/install/tier4_vehicle_msgs/include/tier4_vehicle_msgs/msg/detail/turn_signal__type_support.h
-- Symlinking: /home/cityu/autoware/install/tier4_vehicle_msgs/include/tier4_vehicle_msgs/msg/detail/vehicle_emergency_stamped__functions.h
-- Symlinking: /home/cityu/autoware/install/tier4_vehicle_msgs/include/tier4_vehicle_msgs/msg/detail/vehicle_emergency_stamped__struct.h
-- Symlinking: /home/cityu/autoware/install/tier4_vehicle_msgs/include/tier4_vehicle_msgs/msg/detail/vehicle_emergency_stamped__type_support.h
-- Symlinking: /home/cityu/autoware/install/tier4_vehicle_msgs/include/tier4_vehicle_msgs/msg/rosidl_generator_c__visibility_control.h
-- Symlinking: /home/cityu/autoware/install/tier4_vehicle_msgs/include/tier4_vehicle_msgs/msg/shift.h
-- Symlinking: /home/cityu/autoware/install/tier4_vehicle_msgs/include/tier4_vehicle_msgs/msg/shift_stamped.h
-- Symlinking: /home/cityu/autoware/install/tier4_vehicle_msgs/include/tier4_vehicle_msgs/msg/steering.h
-- Symlinking: /home/cityu/autoware/install/tier4_vehicle_msgs/include/tier4_vehicle_msgs/msg/steering_wheel_status_stamped.h
-- Symlinking: /home/cityu/autoware/install/tier4_vehicle_msgs/include/tier4_vehicle_msgs/msg/turn_signal.h
-- Symlinking: /home/cityu/autoware/install/tier4_vehicle_msgs/include/tier4_vehicle_msgs/msg/vehicle_emergency_stamped.h
-- Symlinking: /home/cityu/autoware/install/tier4_vehicle_msgs/include/tier4_vehicle_msgs/srv/detail/update_accel_brake_map__functions.h
-- Symlinking: /home/cityu/autoware/install/tier4_vehicle_msgs/include/tier4_vehicle_msgs/srv/detail/update_accel_brake_map__struct.h
-- Symlinking: /home/cityu/autoware/install/tier4_vehicle_msgs/include/tier4_vehicle_msgs/srv/detail/update_accel_brake_map__type_support.h
-- Symlinking: /home/cityu/autoware/install/tier4_vehicle_msgs/include/tier4_vehicle_msgs/srv/update_accel_brake_map.h
-- Symlinking: /home/cityu/autoware/install/tier4_vehicle_msgs/share/tier4_vehicle_msgs/environment/library_path.sh
-- Symlinking: /home/cityu/autoware/install/tier4_vehicle_msgs/share/tier4_vehicle_msgs/environment/library_path.dsv
-- Symlinking: /home/cityu/autoware/install/tier4_vehicle_msgs/include/tier4_vehicle_msgs/msg/detail/actuation_command__rosidl_typesupport_fastrtps_c.h
-- Symlinking: /home/cityu/autoware/install/tier4_vehicle_msgs/include/tier4_vehicle_msgs/msg/detail/actuation_command_stamped__rosidl_typesupport_fastrtps_c.h
-- Symlinking: /home/cityu/autoware/install/tier4_vehicle_msgs/include/tier4_vehicle_msgs/msg/detail/actuation_status__rosidl_typesupport_fastrtps_c.h
-- Symlinking: /home/cityu/autoware/install/tier4_vehicle_msgs/include/tier4_vehicle_msgs/msg/detail/actuation_status_stamped__rosidl_typesupport_fastrtps_c.h
-- Symlinking: /home/cityu/autoware/install/tier4_vehicle_msgs/include/tier4_vehicle_msgs/msg/detail/battery_status__rosidl_typesupport_fastrtps_c.h
-- Symlinking: /home/cityu/autoware/install/tier4_vehicle_msgs/include/tier4_vehicle_msgs/msg/detail/shift__rosidl_typesupport_fastrtps_c.h
-- Symlinking: /home/cityu/autoware/install/tier4_vehicle_msgs/include/tier4_vehicle_msgs/msg/detail/shift_stamped__rosidl_typesupport_fastrtps_c.h
-- Symlinking: /home/cityu/autoware/install/tier4_vehicle_msgs/include/tier4_vehicle_msgs/msg/detail/steering__rosidl_typesupport_fastrtps_c.h
-- Symlinking: /home/cityu/autoware/install/tier4_vehicle_msgs/include/tier4_vehicle_msgs/msg/detail/steering_wheel_status_stamped__rosidl_typesupport_fastrtps_c.h
-- Symlinking: /home/cityu/autoware/install/tier4_vehicle_msgs/include/tier4_vehicle_msgs/msg/detail/turn_signal__rosidl_typesupport_fastrtps_c.h
-- Symlinking: /home/cityu/autoware/install/tier4_vehicle_msgs/include/tier4_vehicle_msgs/msg/detail/vehicle_emergency_stamped__rosidl_typesupport_fastrtps_c.h
-- Symlinking: /home/cityu/autoware/install/tier4_vehicle_msgs/include/tier4_vehicle_msgs/msg/rosidl_typesupport_fastrtps_c__visibility_control.h
-- Symlinking: /home/cityu/autoware/install/tier4_vehicle_msgs/include/tier4_vehicle_msgs/srv/detail/update_accel_brake_map__rosidl_typesupport_fastrtps_c.h
-- Symlinking: /home/cityu/autoware/install/tier4_vehicle_msgs/lib/libtier4_vehicle_msgs__rosidl_typesupport_fastrtps_c.so
-- Symlinking: /home/cityu/autoware/install/tier4_vehicle_msgs/include/tier4_vehicle_msgs/msg/detail/actuation_command__rosidl_typesupport_fastrtps_cpp.hpp
-- Symlinking: /home/cityu/autoware/install/tier4_vehicle_msgs/include/tier4_vehicle_msgs/msg/detail/actuation_command_stamped__rosidl_typesupport_fastrtps_cpp.hpp
-- Symlinking: /home/cityu/autoware/install/tier4_vehicle_msgs/include/tier4_vehicle_msgs/msg/detail/actuation_status__rosidl_typesupport_fastrtps_cpp.hpp
-- Symlinking: /home/cityu/autoware/install/tier4_vehicle_msgs/include/tier4_vehicle_msgs/msg/detail/actuation_status_stamped__rosidl_typesupport_fastrtps_cpp.hpp
-- Symlinking: /home/cityu/autoware/install/tier4_vehicle_msgs/include/tier4_vehicle_msgs/msg/detail/battery_status__rosidl_typesupport_fastrtps_cpp.hpp
-- Symlinking: /home/cityu/autoware/install/tier4_vehicle_msgs/include/tier4_vehicle_msgs/msg/detail/shift__rosidl_typesupport_fastrtps_cpp.hpp
-- Symlinking: /home/cityu/autoware/install/tier4_vehicle_msgs/include/tier4_vehicle_msgs/msg/detail/shift_stamped__rosidl_typesupport_fastrtps_cpp.hpp
-- Symlinking: /home/cityu/autoware/install/tier4_vehicle_msgs/include/tier4_vehicle_msgs/msg/detail/steering__rosidl_typesupport_fastrtps_cpp.hpp
-- Symlinking: /home/cityu/autoware/install/tier4_vehicle_msgs/include/tier4_vehicle_msgs/msg/detail/steering_wheel_status_stamped__rosidl_typesupport_fastrtps_cpp.hpp
-- Symlinking: /home/cityu/autoware/install/tier4_vehicle_msgs/include/tier4_vehicle_msgs/msg/detail/turn_signal__rosidl_typesupport_fastrtps_cpp.hpp
-- Symlinking: /home/cityu/autoware/install/tier4_vehicle_msgs/include/tier4_vehicle_msgs/msg/detail/vehicle_emergency_stamped__rosidl_typesupport_fastrtps_cpp.hpp
-- Symlinking: /home/cityu/autoware/install/tier4_vehicle_msgs/include/tier4_vehicle_msgs/msg/rosidl_typesupport_fastrtps_cpp__visibility_control.h
-- Symlinking: /home/cityu/autoware/install/tier4_vehicle_msgs/include/tier4_vehicle_msgs/srv/detail/update_accel_brake_map__rosidl_typesupport_fastrtps_cpp.hpp
-- Symlinking: /home/cityu/autoware/install/tier4_vehicle_msgs/lib/libtier4_vehicle_msgs__rosidl_typesupport_fastrtps_cpp.so
-- Symlinking: /home/cityu/autoware/install/tier4_vehicle_msgs/include/tier4_vehicle_msgs/msg/detail/actuation_command__rosidl_typesupport_introspection_c.h
-- Symlinking: /home/cityu/autoware/install/tier4_vehicle_msgs/include/tier4_vehicle_msgs/msg/detail/actuation_command_stamped__rosidl_typesupport_introspection_c.h
-- Symlinking: /home/cityu/autoware/install/tier4_vehicle_msgs/include/tier4_vehicle_msgs/msg/detail/actuation_status__rosidl_typesupport_introspection_c.h
-- Symlinking: /home/cityu/autoware/install/tier4_vehicle_msgs/include/tier4_vehicle_msgs/msg/detail/actuation_status_stamped__rosidl_typesupport_introspection_c.h
-- Symlinking: /home/cityu/autoware/install/tier4_vehicle_msgs/include/tier4_vehicle_msgs/msg/detail/battery_status__rosidl_typesupport_introspection_c.h
-- Symlinking: /home/cityu/autoware/install/tier4_vehicle_msgs/include/tier4_vehicle_msgs/msg/detail/shift__rosidl_typesupport_introspection_c.h
-- Symlinking: /home/cityu/autoware/install/tier4_vehicle_msgs/include/tier4_vehicle_msgs/msg/detail/shift_stamped__rosidl_typesupport_introspection_c.h
-- Symlinking: /home/cityu/autoware/install/tier4_vehicle_msgs/include/tier4_vehicle_msgs/msg/detail/steering__rosidl_typesupport_introspection_c.h
-- Symlinking: /home/cityu/autoware/install/tier4_vehicle_msgs/include/tier4_vehicle_msgs/msg/detail/steering_wheel_status_stamped__rosidl_typesupport_introspection_c.h
-- Symlinking: /home/cityu/autoware/install/tier4_vehicle_msgs/include/tier4_vehicle_msgs/msg/detail/turn_signal__rosidl_typesupport_introspection_c.h
-- Symlinking: /home/cityu/autoware/install/tier4_vehicle_msgs/include/tier4_vehicle_msgs/msg/detail/vehicle_emergency_stamped__rosidl_typesupport_introspection_c.h
-- Symlinking: /home/cityu/autoware/install/tier4_vehicle_msgs/include/tier4_vehicle_msgs/msg/rosidl_typesupport_introspection_c__visibility_control.h
-- Symlinking: /home/cityu/autoware/install/tier4_vehicle_msgs/include/tier4_vehicle_msgs/srv/detail/update_accel_brake_map__rosidl_typesupport_introspection_c.h
-- Symlinking: /home/cityu/autoware/install/tier4_vehicle_msgs/include/tier4_vehicle_msgs/msg/actuation_command.hpp
-- Symlinking: /home/cityu/autoware/install/tier4_vehicle_msgs/include/tier4_vehicle_msgs/msg/actuation_command_stamped.hpp
-- Symlinking: /home/cityu/autoware/install/tier4_vehicle_msgs/include/tier4_vehicle_msgs/msg/actuation_status.hpp
-- Symlinking: /home/cityu/autoware/install/tier4_vehicle_msgs/include/tier4_vehicle_msgs/msg/actuation_status_stamped.hpp
-- Symlinking: /home/cityu/autoware/install/tier4_vehicle_msgs/include/tier4_vehicle_msgs/msg/battery_status.hpp
-- Symlinking: /home/cityu/autoware/install/tier4_vehicle_msgs/include/tier4_vehicle_msgs/msg/detail/actuation_command__builder.hpp
-- Symlinking: /home/cityu/autoware/install/tier4_vehicle_msgs/include/tier4_vehicle_msgs/msg/detail/actuation_command__struct.hpp
-- Symlinking: /home/cityu/autoware/install/tier4_vehicle_msgs/include/tier4_vehicle_msgs/msg/detail/actuation_command__traits.hpp
-- Symlinking: /home/cityu/autoware/install/tier4_vehicle_msgs/include/tier4_vehicle_msgs/msg/detail/actuation_command_stamped__builder.hpp
-- Symlinking: /home/cityu/autoware/install/tier4_vehicle_msgs/include/tier4_vehicle_msgs/msg/detail/actuation_command_stamped__struct.hpp
-- Symlinking: /home/cityu/autoware/install/tier4_vehicle_msgs/include/tier4_vehicle_msgs/msg/detail/actuation_command_stamped__traits.hpp
-- Symlinking: /home/cityu/autoware/install/tier4_vehicle_msgs/include/tier4_vehicle_msgs/msg/detail/actuation_status__builder.hpp
-- Symlinking: /home/cityu/autoware/install/tier4_vehicle_msgs/include/tier4_vehicle_msgs/msg/detail/actuation_status__struct.hpp
-- Symlinking: /home/cityu/autoware/install/tier4_vehicle_msgs/include/tier4_vehicle_msgs/msg/detail/actuation_status__traits.hpp
-- Symlinking: /home/cityu/autoware/install/tier4_vehicle_msgs/include/tier4_vehicle_msgs/msg/detail/actuation_status_stamped__builder.hpp
-- Symlinking: /home/cityu/autoware/install/tier4_vehicle_msgs/include/tier4_vehicle_msgs/msg/detail/actuation_status_stamped__struct.hpp
-- Symlinking: /home/cityu/autoware/install/tier4_vehicle_msgs/include/tier4_vehicle_msgs/msg/detail/actuation_status_stamped__traits.hpp
-- Symlinking: /home/cityu/autoware/install/tier4_vehicle_msgs/include/tier4_vehicle_msgs/msg/detail/battery_status__builder.hpp
-- Symlinking: /home/cityu/autoware/install/tier4_vehicle_msgs/include/tier4_vehicle_msgs/msg/detail/battery_status__struct.hpp
-- Symlinking: /home/cityu/autoware/install/tier4_vehicle_msgs/include/tier4_vehicle_msgs/msg/detail/battery_status__traits.hpp
-- Symlinking: /home/cityu/autoware/install/tier4_vehicle_msgs/include/tier4_vehicle_msgs/msg/detail/shift__builder.hpp
-- Symlinking: /home/cityu/autoware/install/tier4_vehicle_msgs/include/tier4_vehicle_msgs/msg/detail/shift__struct.hpp
-- Symlinking: /home/cityu/autoware/install/tier4_vehicle_msgs/include/tier4_vehicle_msgs/msg/detail/shift__traits.hpp
-- Symlinking: /home/cityu/autoware/install/tier4_vehicle_msgs/include/tier4_vehicle_msgs/msg/detail/shift_stamped__builder.hpp
-- Symlinking: /home/cityu/autoware/install/tier4_vehicle_msgs/include/tier4_vehicle_msgs/msg/detail/shift_stamped__struct.hpp
-- Symlinking: /home/cityu/autoware/install/tier4_vehicle_msgs/include/tier4_vehicle_msgs/msg/detail/shift_stamped__traits.hpp
-- Symlinking: /home/cityu/autoware/install/tier4_vehicle_msgs/include/tier4_vehicle_msgs/msg/detail/steering__builder.hpp
-- Symlinking: /home/cityu/autoware/install/tier4_vehicle_msgs/include/tier4_vehicle_msgs/msg/detail/steering__struct.hpp
-- Symlinking: /home/cityu/autoware/install/tier4_vehicle_msgs/include/tier4_vehicle_msgs/msg/detail/steering__traits.hpp
-- Symlinking: /home/cityu/autoware/install/tier4_vehicle_msgs/include/tier4_vehicle_msgs/msg/detail/steering_wheel_status_stamped__builder.hpp
-- Symlinking: /home/cityu/autoware/install/tier4_vehicle_msgs/include/tier4_vehicle_msgs/msg/detail/steering_wheel_status_stamped__struct.hpp
-- Symlinking: /home/cityu/autoware/install/tier4_vehicle_msgs/include/tier4_vehicle_msgs/msg/detail/steering_wheel_status_stamped__traits.hpp
-- Symlinking: /home/cityu/autoware/install/tier4_vehicle_msgs/include/tier4_vehicle_msgs/msg/detail/turn_signal__builder.hpp
-- Symlinking: /home/cityu/autoware/install/tier4_vehicle_msgs/include/tier4_vehicle_msgs/msg/detail/turn_signal__struct.hpp
-- Symlinking: /home/cityu/autoware/install/tier4_vehicle_msgs/include/tier4_vehicle_msgs/msg/detail/turn_signal__traits.hpp
-- Symlinking: /home/cityu/autoware/install/tier4_vehicle_msgs/include/tier4_vehicle_msgs/msg/detail/vehicle_emergency_stamped__builder.hpp
-- Symlinking: /home/cityu/autoware/install/tier4_vehicle_msgs/include/tier4_vehicle_msgs/msg/detail/vehicle_emergency_stamped__struct.hpp
-- Symlinking: /home/cityu/autoware/install/tier4_vehicle_msgs/include/tier4_vehicle_msgs/msg/detail/vehicle_emergency_stamped__traits.hpp
-- Symlinking: /home/cityu/autoware/install/tier4_vehicle_msgs/include/tier4_vehicle_msgs/msg/shift.hpp
-- Symlinking: /home/cityu/autoware/install/tier4_vehicle_msgs/include/tier4_vehicle_msgs/msg/shift_stamped.hpp
-- Symlinking: /home/cityu/autoware/install/tier4_vehicle_msgs/include/tier4_vehicle_msgs/msg/steering.hpp
-- Symlinking: /home/cityu/autoware/install/tier4_vehicle_msgs/include/tier4_vehicle_msgs/msg/steering_wheel_status_stamped.hpp
-- Symlinking: /home/cityu/autoware/install/tier4_vehicle_msgs/include/tier4_vehicle_msgs/msg/turn_signal.hpp
-- Symlinking: /home/cityu/autoware/install/tier4_vehicle_msgs/include/tier4_vehicle_msgs/msg/vehicle_emergency_stamped.hpp
-- Symlinking: /home/cityu/autoware/install/tier4_vehicle_msgs/include/tier4_vehicle_msgs/srv/detail/update_accel_brake_map__builder.hpp
-- Symlinking: /home/cityu/autoware/install/tier4_vehicle_msgs/include/tier4_vehicle_msgs/srv/detail/update_accel_brake_map__struct.hpp
-- Symlinking: /home/cityu/autoware/install/tier4_vehicle_msgs/include/tier4_vehicle_msgs/srv/detail/update_accel_brake_map__traits.hpp
-- Symlinking: /home/cityu/autoware/install/tier4_vehicle_msgs/include/tier4_vehicle_msgs/srv/update_accel_brake_map.hpp
-- Symlinking: /home/cityu/autoware/install/tier4_vehicle_msgs/include/tier4_vehicle_msgs/msg/detail/actuation_command__rosidl_typesupport_introspection_cpp.hpp
-- Symlinking: /home/cityu/autoware/install/tier4_vehicle_msgs/include/tier4_vehicle_msgs/msg/detail/actuation_command_stamped__rosidl_typesupport_introspection_cpp.hpp
-- Symlinking: /home/cityu/autoware/install/tier4_vehicle_msgs/include/tier4_vehicle_msgs/msg/detail/actuation_status__rosidl_typesupport_introspection_cpp.hpp
-- Symlinking: /home/cityu/autoware/install/tier4_vehicle_msgs/include/tier4_vehicle_msgs/msg/detail/actuation_status_stamped__rosidl_typesupport_introspection_cpp.hpp
-- Symlinking: /home/cityu/autoware/install/tier4_vehicle_msgs/include/tier4_vehicle_msgs/msg/detail/battery_status__rosidl_typesupport_introspection_cpp.hpp
-- Symlinking: /home/cityu/autoware/install/tier4_vehicle_msgs/include/tier4_vehicle_msgs/msg/detail/shift__rosidl_typesupport_introspection_cpp.hpp
-- Symlinking: /home/cityu/autoware/install/tier4_vehicle_msgs/include/tier4_vehicle_msgs/msg/detail/shift_stamped__rosidl_typesupport_introspection_cpp.hpp
-- Symlinking: /home/cityu/autoware/install/tier4_vehicle_msgs/include/tier4_vehicle_msgs/msg/detail/steering__rosidl_typesupport_introspection_cpp.hpp
-- Symlinking: /home/cityu/autoware/install/tier4_vehicle_msgs/include/tier4_vehicle_msgs/msg/detail/steering_wheel_status_stamped__rosidl_typesupport_introspection_cpp.hpp
-- Symlinking: /home/cityu/autoware/install/tier4_vehicle_msgs/include/tier4_vehicle_msgs/msg/detail/turn_signal__rosidl_typesupport_introspection_cpp.hpp
-- Symlinking: /home/cityu/autoware/install/tier4_vehicle_msgs/include/tier4_vehicle_msgs/msg/detail/vehicle_emergency_stamped__rosidl_typesupport_introspection_cpp.hpp
-- Symlinking: /home/cityu/autoware/install/tier4_vehicle_msgs/include/tier4_vehicle_msgs/srv/detail/update_accel_brake_map__rosidl_typesupport_introspection_cpp.hpp
-- Symlinking: /home/cityu/autoware/install/tier4_vehicle_msgs/share/tier4_vehicle_msgs/environment/pythonpath.sh
-- Symlinking: /home/cityu/autoware/install/tier4_vehicle_msgs/share/tier4_vehicle_msgs/environment/pythonpath.dsv
-- Symlinking: /home/cityu/autoware/install/tier4_vehicle_msgs/lib/python3.8/site-packages/tier4_vehicle_msgs/__init__.py
-- Symlinking: /home/cityu/autoware/install/tier4_vehicle_msgs/lib/python3.8/site-packages/tier4_vehicle_msgs/msg/__init__.py
-- Symlinking: /home/cityu/autoware/install/tier4_vehicle_msgs/lib/python3.8/site-packages/tier4_vehicle_msgs/msg/_actuation_command.py
-- Symlinking: /home/cityu/autoware/install/tier4_vehicle_msgs/lib/python3.8/site-packages/tier4_vehicle_msgs/msg/_actuation_command_stamped.py
-- Symlinking: /home/cityu/autoware/install/tier4_vehicle_msgs/lib/python3.8/site-packages/tier4_vehicle_msgs/msg/_actuation_status.py
-- Symlinking: /home/cityu/autoware/install/tier4_vehicle_msgs/lib/python3.8/site-packages/tier4_vehicle_msgs/msg/_actuation_status_stamped.py
-- Symlinking: /home/cityu/autoware/install/tier4_vehicle_msgs/lib/python3.8/site-packages/tier4_vehicle_msgs/msg/_battery_status.py
-- Symlinking: /home/cityu/autoware/install/tier4_vehicle_msgs/lib/python3.8/site-packages/tier4_vehicle_msgs/msg/_shift.py
-- Symlinking: /home/cityu/autoware/install/tier4_vehicle_msgs/lib/python3.8/site-packages/tier4_vehicle_msgs/msg/_shift_stamped.py
-- Symlinking: /home/cityu/autoware/install/tier4_vehicle_msgs/lib/python3.8/site-packages/tier4_vehicle_msgs/msg/_steering.py
-- Symlinking: /home/cityu/autoware/install/tier4_vehicle_msgs/lib/python3.8/site-packages/tier4_vehicle_msgs/msg/_steering_wheel_status_stamped.py
-- Symlinking: /home/cityu/autoware/install/tier4_vehicle_msgs/lib/python3.8/site-packages/tier4_vehicle_msgs/msg/_turn_signal.py
-- Symlinking: /home/cityu/autoware/install/tier4_vehicle_msgs/lib/python3.8/site-packages/tier4_vehicle_msgs/msg/_vehicle_emergency_stamped.py
-- Symlinking: /home/cityu/autoware/install/tier4_vehicle_msgs/lib/python3.8/site-packages/tier4_vehicle_msgs/srv/__init__.py
-- Symlinking: /home/cityu/autoware/install/tier4_vehicle_msgs/lib/python3.8/site-packages/tier4_vehicle_msgs/srv/_update_accel_brake_map.py
-- Symlinking: /home/cityu/autoware/install/tier4_vehicle_msgs/lib/python3.8/site-packages/tier4_vehicle_msgs/tier4_vehicle_msgs_s__rosidl_typesupport_fastrtps_c.cpython-38-x86_64-linux-gnu.so
-- Symlinking: /home/cityu/autoware/install/tier4_vehicle_msgs/lib/python3.8/site-packages/tier4_vehicle_msgs/tier4_vehicle_msgs_s__rosidl_typesupport_introspection_c.cpython-38-x86_64-linux-gnu.so
-- Symlinking: /home/cityu/autoware/install/tier4_vehicle_msgs/lib/python3.8/site-packages/tier4_vehicle_msgs/tier4_vehicle_msgs_s__rosidl_typesupport_c.cpython-38-x86_64-linux-gnu.so
-- Symlinking: /home/cityu/autoware/install/tier4_vehicle_msgs/lib/libtier4_vehicle_msgs__python.so
-- Symlinking: /home/cityu/autoware/install/tier4_vehicle_msgs/share/tier4_vehicle_msgs/msg/ActuationCommand.idl
-- Symlinking: /home/cityu/autoware/install/tier4_vehicle_msgs/share/tier4_vehicle_msgs/msg/ActuationCommandStamped.idl
-- Symlinking: /home/cityu/autoware/install/tier4_vehicle_msgs/share/tier4_vehicle_msgs/msg/ActuationStatus.idl
-- Symlinking: /home/cityu/autoware/install/tier4_vehicle_msgs/share/tier4_vehicle_msgs/msg/ActuationStatusStamped.idl
-- Symlinking: /home/cityu/autoware/install/tier4_vehicle_msgs/share/tier4_vehicle_msgs/msg/BatteryStatus.idl
-- Symlinking: /home/cityu/autoware/install/tier4_vehicle_msgs/share/tier4_vehicle_msgs/msg/Shift.idl
-- Symlinking: /home/cityu/autoware/install/tier4_vehicle_msgs/share/tier4_vehicle_msgs/msg/ShiftStamped.idl
-- Symlinking: /home/cityu/autoware/install/tier4_vehicle_msgs/share/tier4_vehicle_msgs/msg/TurnSignal.idl
-- Symlinking: /home/cityu/autoware/install/tier4_vehicle_msgs/share/tier4_vehicle_msgs/msg/Steering.idl
-- Symlinking: /home/cityu/autoware/install/tier4_vehicle_msgs/share/tier4_vehicle_msgs/msg/SteeringWheelStatusStamped.idl
-- Symlinking: /home/cityu/autoware/install/tier4_vehicle_msgs/share/tier4_vehicle_msgs/msg/VehicleEmergencyStamped.idl
-- Symlinking: /home/cityu/autoware/install/tier4_vehicle_msgs/share/tier4_vehicle_msgs/srv/UpdateAccelBrakeMap.idl
-- Symlinking: /home/cityu/autoware/install/tier4_vehicle_msgs/share/tier4_vehicle_msgs/msg/ActuationCommand.msg
-- Symlinking: /home/cityu/autoware/install/tier4_vehicle_msgs/share/tier4_vehicle_msgs/msg/ActuationCommandStamped.msg
-- Symlinking: /home/cityu/autoware/install/tier4_vehicle_msgs/share/tier4_vehicle_msgs/msg/ActuationStatus.msg
-- Symlinking: /home/cityu/autoware/install/tier4_vehicle_msgs/share/tier4_vehicle_msgs/msg/ActuationStatusStamped.msg
-- Symlinking: /home/cityu/autoware/install/tier4_vehicle_msgs/share/tier4_vehicle_msgs/msg/BatteryStatus.msg
-- Symlinking: /home/cityu/autoware/install/tier4_vehicle_msgs/share/tier4_vehicle_msgs/msg/Shift.msg
-- Symlinking: /home/cityu/autoware/install/tier4_vehicle_msgs/share/tier4_vehicle_msgs/msg/ShiftStamped.msg
-- Symlinking: /home/cityu/autoware/install/tier4_vehicle_msgs/share/tier4_vehicle_msgs/msg/TurnSignal.msg
-- Symlinking: /home/cityu/autoware/install/tier4_vehicle_msgs/share/tier4_vehicle_msgs/msg/Steering.msg
-- Symlinking: /home/cityu/autoware/install/tier4_vehicle_msgs/share/tier4_vehicle_msgs/msg/SteeringWheelStatusStamped.msg
-- Symlinking: /home/cityu/autoware/install/tier4_vehicle_msgs/share/tier4_vehicle_msgs/msg/VehicleEmergencyStamped.msg
-- Symlinking: /home/cityu/autoware/install/tier4_vehicle_msgs/share/tier4_vehicle_msgs/srv/UpdateAccelBrakeMap.srv
-- Symlinking: /home/cityu/autoware/install/tier4_vehicle_msgs/share/tier4_vehicle_msgs/srv/UpdateAccelBrakeMap_Request.msg
-- Symlinking: /home/cityu/autoware/install/tier4_vehicle_msgs/share/tier4_vehicle_msgs/srv/UpdateAccelBrakeMap_Response.msg
-- Symlinking: /home/cityu/autoware/install/tier4_vehicle_msgs/share/ament_index/resource_index/package_run_dependencies/tier4_vehicle_msgs
-- Symlinking: /home/cityu/autoware/install/tier4_vehicle_msgs/share/ament_index/resource_index/parent_prefix_path/tier4_vehicle_msgs
-- Symlinking: /home/cityu/autoware/install/tier4_vehicle_msgs/share/tier4_vehicle_msgs/environment/ament_prefix_path.sh
-- Symlinking: /home/cityu/autoware/install/tier4_vehicle_msgs/share/tier4_vehicle_msgs/environment/ament_prefix_path.dsv
-- Symlinking: /home/cityu/autoware/install/tier4_vehicle_msgs/share/tier4_vehicle_msgs/environment/path.sh
-- Symlinking: /home/cityu/autoware/install/tier4_vehicle_msgs/share/tier4_vehicle_msgs/environment/path.dsv
-- Symlinking: /home/cityu/autoware/install/tier4_vehicle_msgs/share/tier4_vehicle_msgs/local_setup.bash
-- Symlinking: /home/cityu/autoware/install/tier4_vehicle_msgs/share/tier4_vehicle_msgs/local_setup.sh
-- Symlinking: /home/cityu/autoware/install/tier4_vehicle_msgs/share/tier4_vehicle_msgs/local_setup.zsh
-- Symlinking: /home/cityu/autoware/install/tier4_vehicle_msgs/share/tier4_vehicle_msgs/local_setup.dsv
-- Symlinking: /home/cityu/autoware/install/tier4_vehicle_msgs/share/tier4_vehicle_msgs/package.dsv
-- Symlinking: /home/cityu/autoware/install/tier4_vehicle_msgs/share/ament_index/resource_index/packages/tier4_vehicle_msgs
-- Symlinking: /home/cityu/autoware/install/tier4_vehicle_msgs/share/tier4_vehicle_msgs/cmake/rosidl_cmake-extras.cmake
-- Symlinking: /home/cityu/autoware/install/tier4_vehicle_msgs/share/tier4_vehicle_msgs/cmake/ament_cmake_export_dependencies-extras.cmake
-- Symlinking: /home/cityu/autoware/install/tier4_vehicle_msgs/share/tier4_vehicle_msgs/cmake/ament_cmake_export_libraries-extras.cmake
-- Symlinking: /home/cityu/autoware/install/tier4_vehicle_msgs/share/tier4_vehicle_msgs/cmake/ament_cmake_export_targets-extras.cmake
-- Symlinking: /home/cityu/autoware/install/tier4_vehicle_msgs/share/tier4_vehicle_msgs/cmake/ament_cmake_export_include_directories-extras.cmake
-- Symlinking: /home/cityu/autoware/install/tier4_vehicle_msgs/share/tier4_vehicle_msgs/cmake/rosidl_cmake_export_typesupport_libraries-extras.cmake
-- Symlinking: /home/cityu/autoware/install/tier4_vehicle_msgs/share/tier4_vehicle_msgs/cmake/rosidl_cmake_export_typesupport_targets-extras.cmake
-- Symlinking: /home/cityu/autoware/install/tier4_vehicle_msgs/share/tier4_vehicle_msgs/cmake/tier4_vehicle_msgsConfig.cmake
-- Symlinking: /home/cityu/autoware/install/tier4_vehicle_msgs/share/tier4_vehicle_msgs/cmake/tier4_vehicle_msgsConfig-version.cmake
-- Symlinking: /home/cityu/autoware/install/tier4_vehicle_msgs/share/tier4_vehicle_msgs/package.xml
-- Installing: /home/cityu/autoware/install/tier4_vehicle_msgs/lib/libtier4_vehicle_msgs__rosidl_generator_c.so
-- Set runtime path of "/home/cityu/autoware/install/tier4_vehicle_msgs/lib/libtier4_vehicle_msgs__rosidl_generator_c.so" to ""
-- Installing: /home/cityu/autoware/install/tier4_vehicle_msgs/lib/libtier4_vehicle_msgs__rosidl_typesupport_introspection_c.so
-- Set runtime path of "/home/cityu/autoware/install/tier4_vehicle_msgs/lib/libtier4_vehicle_msgs__rosidl_typesupport_introspection_c.so" to ""
-- Installing: /home/cityu/autoware/install/tier4_vehicle_msgs/lib/libtier4_vehicle_msgs__rosidl_typesupport_c.so
-- Set runtime path of "/home/cityu/autoware/install/tier4_vehicle_msgs/lib/libtier4_vehicle_msgs__rosidl_typesupport_c.so" to ""
-- Installing: /home/cityu/autoware/install/tier4_vehicle_msgs/lib/libtier4_vehicle_msgs__rosidl_typesupport_introspection_cpp.so
-- Set runtime path of "/home/cityu/autoware/install/tier4_vehicle_msgs/lib/libtier4_vehicle_msgs__rosidl_typesupport_introspection_cpp.so" to ""
-- Installing: /home/cityu/autoware/install/tier4_vehicle_msgs/lib/libtier4_vehicle_msgs__rosidl_typesupport_cpp.so
-- Set runtime path of "/home/cityu/autoware/install/tier4_vehicle_msgs/lib/libtier4_vehicle_msgs__rosidl_typesupport_cpp.so" to ""
Compiling '/home/cityu/autoware/install/tier4_vehicle_msgs/lib/python3.8/site-packages/tier4_vehicle_msgs/__init__.py'...
-- Installing: /home/cityu/autoware/install/tier4_vehicle_msgs/share/tier4_vehicle_msgs/cmake/tier4_vehicle_msgs__rosidl_generator_cExport.cmake
-- Installing: /home/cityu/autoware/install/tier4_vehicle_msgs/share/tier4_vehicle_msgs/cmake/tier4_vehicle_msgs__rosidl_generator_cExport-release.cmake
-- Installing: /home/cityu/autoware/install/tier4_vehicle_msgs/share/tier4_vehicle_msgs/cmake/tier4_vehicle_msgs__rosidl_typesupport_introspection_cExport.cmake
-- Installing: /home/cityu/autoware/install/tier4_vehicle_msgs/share/tier4_vehicle_msgs/cmake/tier4_vehicle_msgs__rosidl_typesupport_introspection_cExport-release.cmake
-- Installing: /home/cityu/autoware/install/tier4_vehicle_msgs/share/tier4_vehicle_msgs/cmake/tier4_vehicle_msgs__rosidl_typesupport_cExport.cmake
-- Installing: /home/cityu/autoware/install/tier4_vehicle_msgs/share/tier4_vehicle_msgs/cmake/tier4_vehicle_msgs__rosidl_typesupport_cExport-release.cmake
-- Installing: /home/cityu/autoware/install/tier4_vehicle_msgs/share/tier4_vehicle_msgs/cmake/tier4_vehicle_msgs__rosidl_generator_cppExport.cmake
-- Installing: /home/cityu/autoware/install/tier4_vehicle_msgs/share/tier4_vehicle_msgs/cmake/tier4_vehicle_msgs__rosidl_typesupport_introspection_cppExport.cmake
-- Installing: /home/cityu/autoware/install/tier4_vehicle_msgs/share/tier4_vehicle_msgs/cmake/tier4_vehicle_msgs__rosidl_typesupport_introspection_cppExport-release.cmake
-- Installing: /home/cityu/autoware/install/tier4_vehicle_msgs/share/tier4_vehicle_msgs/cmake/tier4_vehicle_msgs__rosidl_typesupport_cppExport.cmake
-- Installing: /home/cityu/autoware/install/tier4_vehicle_msgs/share/tier4_vehicle_msgs/cmake/tier4_vehicle_msgs__rosidl_typesupport_cppExport-release.cmake
