[0.407s] Invoking command in '/home/cityu/autoware/build/vehicle_info_util': AMENT_PREFIX_PATH=/home/cityu/autoware/install/autoware_cmake:/home/cityu/autoware/install/autoware_lint_common:${AMENT_PREFIX_PATH} CMAKE_PREFIX_PATH=/home/cityu/autoware/install/autoware_cmake:/home/cityu/autoware/install/autoware_lint_common:/opt/ros/galactic /usr/bin/cmake --build /home/cityu/autoware/build/vehicle_info_util -- -j16 -l16
[0.451s] [100%] Built target vehicle_info_util
[0.606s] Invoked command in '/home/cityu/autoware/build/vehicle_info_util' returned '0': AMENT_PREFIX_PATH=/home/cityu/autoware/install/autoware_cmake:/home/cityu/autoware/install/autoware_lint_common:${AMENT_PREFIX_PATH} CMAKE_PREFIX_PATH=/home/cityu/autoware/install/autoware_cmake:/home/cityu/autoware/install/autoware_lint_common:/opt/ros/galactic /usr/bin/cmake --build /home/cityu/autoware/build/vehicle_info_util -- -j16 -l16
[0.804s] Invoking command in '/home/cityu/autoware/build/vehicle_info_util': AMENT_PREFIX_PATH=/home/cityu/autoware/install/autoware_cmake:/home/cityu/autoware/install/autoware_lint_common:${AMENT_PREFIX_PATH} CMAKE_PREFIX_PATH=/home/cityu/autoware/install/autoware_cmake:/home/cityu/autoware/install/autoware_lint_common:/opt/ros/galactic /usr/bin/cmake --install /home/cityu/autoware/build/vehicle_info_util
[0.856s] -- Install configuration: "Release"
[0.856s] -- Execute custom install script
[0.857s] -- Up-to-date symlink: /home/cityu/autoware/install/vehicle_info_util/include/vehicle_info_util/vehicle_info.hpp
[0.857s] -- Up-to-date symlink: /home/cityu/autoware/install/vehicle_info_util/include/vehicle_info_util/vehicle_info_util.hpp
[0.857s] -- Up-to-date symlink: /home/cityu/autoware/install/vehicle_info_util/share/vehicle_info_util/environment/library_path.sh
[0.857s] -- Up-to-date symlink: /home/cityu/autoware/install/vehicle_info_util/share/vehicle_info_util/environment/library_path.dsv
[0.859s] -- Up-to-date symlink: /home/cityu/autoware/install/vehicle_info_util/lib/libvehicle_info_util.so
[0.859s] -- Up-to-date symlink: /home/cityu/autoware/install/vehicle_info_util/share/vehicle_info_util/config/polygon_remover.yaml
[0.859s] -- Up-to-date symlink: /home/cityu/autoware/install/vehicle_info_util/share/vehicle_info_util/config/vehicle_info.param.yaml
[0.860s] -- Up-to-date symlink: /home/cityu/autoware/install/vehicle_info_util/share/vehicle_info_util/config/vehicle_mirror.param.yaml
[0.866s] -- Up-to-date symlink: /home/cityu/autoware/install/vehicle_info_util/share/vehicle_info_util/launch/sample.launch.py
[0.867s] -- Up-to-date symlink: /home/cityu/autoware/install/vehicle_info_util/share/vehicle_info_util/launch/vehicle_info.launch.py
[0.867s] -- Up-to-date symlink: /home/cityu/autoware/install/vehicle_info_util/share/ament_index/resource_index/package_run_dependencies/vehicle_info_util
[0.868s] -- Up-to-date symlink: /home/cityu/autoware/install/vehicle_info_util/share/ament_index/resource_index/parent_prefix_path/vehicle_info_util
[0.868s] -- Up-to-date symlink: /home/cityu/autoware/install/vehicle_info_util/share/vehicle_info_util/environment/ament_prefix_path.sh
[0.868s] -- Up-to-date symlink: /home/cityu/autoware/install/vehicle_info_util/share/vehicle_info_util/environment/ament_prefix_path.dsv
[0.868s] -- Up-to-date symlink: /home/cityu/autoware/install/vehicle_info_util/share/vehicle_info_util/environment/path.sh
[0.868s] -- Up-to-date symlink: /home/cityu/autoware/install/vehicle_info_util/share/vehicle_info_util/environment/path.dsv
[0.869s] -- Up-to-date symlink: /home/cityu/autoware/install/vehicle_info_util/share/vehicle_info_util/local_setup.bash
[0.869s] -- Up-to-date symlink: /home/cityu/autoware/install/vehicle_info_util/share/vehicle_info_util/local_setup.sh
[0.869s] -- Up-to-date symlink: /home/cityu/autoware/install/vehicle_info_util/share/vehicle_info_util/local_setup.zsh
[0.869s] -- Up-to-date symlink: /home/cityu/autoware/install/vehicle_info_util/share/vehicle_info_util/local_setup.dsv
[0.869s] -- Symlinking: /home/cityu/autoware/install/vehicle_info_util/share/vehicle_info_util/package.dsv
[0.869s] -- Up-to-date symlink: /home/cityu/autoware/install/vehicle_info_util/share/ament_index/resource_index/packages/vehicle_info_util
[0.869s] -- Up-to-date symlink: /home/cityu/autoware/install/vehicle_info_util/share/vehicle_info_util/cmake/ament_cmake_export_dependencies-extras.cmake
[0.870s] -- Up-to-date symlink: /home/cityu/autoware/install/vehicle_info_util/share/vehicle_info_util/cmake/ament_cmake_export_include_directories-extras.cmake
[0.870s] -- Up-to-date symlink: /home/cityu/autoware/install/vehicle_info_util/share/vehicle_info_util/cmake/ament_cmake_export_libraries-extras.cmake
[0.870s] -- Up-to-date symlink: /home/cityu/autoware/install/vehicle_info_util/share/vehicle_info_util/cmake/vehicle_info_utilConfig.cmake
[0.870s] -- Up-to-date symlink: /home/cityu/autoware/install/vehicle_info_util/share/vehicle_info_util/cmake/vehicle_info_utilConfig-version.cmake
[0.870s] -- Up-to-date symlink: /home/cityu/autoware/install/vehicle_info_util/share/vehicle_info_util/package.xml
[0.870s] -- Up-to-date symlink: /home/cityu/autoware/install/vehicle_info_util/lib/vehicle_info_util/min_turning_radius_calculator.py
[0.916s] Invoked command in '/home/cityu/autoware/build/vehicle_info_util' returned '0': AMENT_PREFIX_PATH=/home/cityu/autoware/install/autoware_cmake:/home/cityu/autoware/install/autoware_lint_common:${AMENT_PREFIX_PATH} CMAKE_PREFIX_PATH=/home/cityu/autoware/install/autoware_cmake:/home/cityu/autoware/install/autoware_lint_common:/opt/ros/galactic /usr/bin/cmake --install /home/cityu/autoware/build/vehicle_info_util
