[0.124s] Invoking command in '/home/cityu/autoware/build/compare_map_segmentation': AMENT_PREFIX_PATH=/home/cityu/autoware/install/pointcloud_preprocessor:/home/cityu/autoware/install/grid_map_pcl:/home/cityu/autoware/install/tier4_autoware_utils:/home/cityu/autoware/install/lanelet2_extension:/home/cityu/autoware/install/grid_map_ros:/home/cityu/autoware/install/tier4_pcl_extensions:/home/cityu/autoware/install/grid_map_cv:/home/cityu/autoware/install/autoware_utils:/home/cityu/autoware/install/autoware_point_types:/home/cityu/autoware/install/autoware_auto_vehicle_msgs:/home/cityu/autoware/install/grid_map_msgs:/home/cityu/autoware/install/grid_map_core:/home/cityu/autoware/install/autoware_planning_msgs:/home/cityu/autoware/install/autoware_cmake:/home/cityu/autoware/install/autoware_auto_planning_msgs:/home/cityu/autoware/install/autoware_auto_perception_msgs:/home/cityu/autoware/install/tier4_debug_msgs:/home/cityu/autoware/install/autoware_lint_common:/home/cityu/autoware/install/autoware_common_msgs:/home/cityu/autoware/install/autoware_auto_mapping_msgs:/home/cityu/autoware/install/autoware_auto_geometry_msgs:${AMENT_PREFIX_PATH} CMAKE_PREFIX_PATH=/home/cityu/autoware/install/pointcloud_preprocessor:/home/cityu/autoware/install/grid_map_pcl:/home/cityu/autoware/install/tier4_autoware_utils:/home/cityu/autoware/install/lanelet2_extension:/home/cityu/autoware/install/grid_map_ros:/home/cityu/autoware/install/tier4_pcl_extensions:/home/cityu/autoware/install/grid_map_cv:/home/cityu/autoware/install/autoware_utils:/home/cityu/autoware/install/autoware_point_types:/home/cityu/autoware/install/autoware_auto_vehicle_msgs:/home/cityu/autoware/install/grid_map_msgs:/home/cityu/autoware/install/grid_map_core:/home/cityu/autoware/install/autoware_planning_msgs:/home/cityu/autoware/install/autoware_cmake:/home/cityu/autoware/install/autoware_auto_planning_msgs:/home/cityu/autoware/install/autoware_auto_perception_msgs:/home/cityu/autoware/install/tier4_debug_msgs:/home/cityu/autoware/install/autoware_lint_common:/home/cityu/autoware/install/autoware_common_msgs:/home/cityu/autoware/install/autoware_auto_mapping_msgs:/home/cityu/autoware/install/autoware_auto_geometry_msgs:/opt/ros/galactic LD_LIBRARY_PATH=/home/cityu/autoware/install/pointcloud_preprocessor/lib:/home/cityu/autoware/install/grid_map_pcl/lib:/home/cityu/autoware/install/tier4_autoware_utils/lib:/home/cityu/autoware/install/lanelet2_extension/lib:/home/cityu/autoware/install/grid_map_ros/lib:/home/cityu/autoware/install/tier4_pcl_extensions/lib:/home/cityu/autoware/install/grid_map_cv/lib:/home/cityu/autoware/install/autoware_utils/lib:/home/cityu/autoware/install/autoware_auto_vehicle_msgs/lib:/home/cityu/autoware/install/grid_map_msgs/lib:/home/cityu/autoware/install/grid_map_core/lib:/home/cityu/autoware/install/autoware_planning_msgs/lib:/home/cityu/autoware/install/autoware_auto_planning_msgs/lib:/home/cityu/autoware/install/autoware_auto_perception_msgs/lib:/home/cityu/autoware/install/tier4_debug_msgs/lib:/home/cityu/autoware/install/autoware_common_msgs/lib:/home/cityu/autoware/install/autoware_auto_mapping_msgs/lib:/home/cityu/autoware/install/autoware_auto_geometry_msgs/lib:${LD_LIBRARY_PATH} PYTHONPATH=/home/cityu/autoware/install/autoware_auto_vehicle_msgs/lib/python3.8/site-packages:/home/cityu/autoware/install/grid_map_msgs/lib/python3.8/site-packages:/home/cityu/autoware/install/autoware_planning_msgs/lib/python3.8/site-packages:/home/cityu/autoware/install/autoware_auto_planning_msgs/lib/python3.8/site-packages:/home/cityu/autoware/install/autoware_auto_perception_msgs/lib/python3.8/site-packages:/home/cityu/autoware/install/tier4_debug_msgs/lib/python3.8/site-packages:/home/cityu/autoware/install/autoware_common_msgs/lib/python3.8/site-packages:/home/cityu/autoware/install/autoware_auto_mapping_msgs/lib/python3.8/site-packages:/home/cityu/autoware/install/autoware_auto_geometry_msgs/lib/python3.8/site-packages:${PYTHONPATH} /usr/bin/cmake /home/cityu/autoware/src/universe/autoware.universe/perception/compare_map_segmentation -DCMAKE_BUILD_TYPE=Release -DAMENT_CMAKE_SYMLINK_INSTALL=1 -DCMAKE_INSTALL_PREFIX=/home/cityu/autoware/install/compare_map_segmentation
[17.830s] -- The C compiler identification is GNU 9.4.0
[17.830s] -- The CXX compiler identification is GNU 9.4.0
[17.831s] -- Check for working C compiler: /usr/bin/cc
[17.837s] -- Check for working C compiler: /usr/bin/cc -- works
[17.838s] -- Detecting C compiler ABI info
[17.839s] -- Detecting C compiler ABI info - done
[17.839s] -- Detecting C compile features
[17.839s] -- Detecting C compile features - done
[17.839s] -- Check for working CXX compiler: /usr/bin/c++
[17.839s] -- Check for working CXX compiler: /usr/bin/c++ -- works
[17.839s] -- Detecting CXX compiler ABI info
[17.839s] -- Detecting CXX compiler ABI info - done
[17.839s] -- Detecting CXX compile features
[17.839s] -- Detecting CXX compile features - done
[17.839s] -- Found autoware_cmake: 0.1.0 (/home/cityu/autoware/install/autoware_cmake/share/autoware_cmake/cmake)
[17.840s] -- Found ament_cmake_auto: 1.1.6 (/opt/ros/galactic/share/ament_cmake_auto/cmake)
[17.840s] -- Found PythonInterp: /usr/bin/python3 (found suitable version "3.8.10", minimum required is "3") 
[17.840s] -- Using PYTHON_EXECUTABLE: /usr/bin/python3
[17.840s] -- Override CMake install command with custom implementation using symlinks instead of copying resources
[17.840s] -- Using all available rosidl_typesupport_c: rosidl_typesupport_fastrtps_c;rosidl_typesupport_introspection_c
[17.840s] -- Found rosidl_adapter: 2.2.3 (/opt/ros/galactic/share/rosidl_adapter/cmake)
[17.840s] -- Found OpenSSL: /usr/lib/x86_64-linux-gnu/libcrypto.so (found version "1.1.1f")  
[17.840s] -- Found FastRTPS: /opt/ros/galactic/include  
[17.840s] -- Using all available rosidl_typesupport_cpp: rosidl_typesupport_fastrtps_cpp;rosidl_typesupport_introspection_cpp
[17.841s] -- Found rmw_implementation_cmake: 3.3.1 (/opt/ros/galactic/share/rmw_implementation_cmake/cmake)
[17.841s] -- Found rmw_cyclonedds_cpp: 0.22.6 (/opt/ros/galactic/share/rmw_cyclonedds_cpp/cmake)
[17.841s] -- Using RMW implementation 'rmw_cyclonedds_cpp' as default
[17.841s] -- Looking for pthread.h
[17.841s] -- Looking for pthread.h - found
[17.841s] -- Performing Test CMAKE_HAVE_LIBC_PTHREAD
[17.841s] -- Performing Test CMAKE_HAVE_LIBC_PTHREAD - Failed
[17.841s] -- Looking for pthread_create in pthreads
[17.841s] -- Looking for pthread_create in pthreads - not found
[17.841s] -- Looking for pthread_create in pthread
[17.842s] -- Looking for pthread_create in pthread - found
[17.842s] -- Found Threads: TRUE  
[17.842s] -- Found eigen3_cmake_module: 0.1.1 (/opt/ros/galactic/share/eigen3_cmake_module/cmake)
[17.842s] -- Found Eigen3: TRUE (found version "3.3.7") 
[17.842s] -- Checking for module 'eigen3'
[17.842s] --   Found eigen3, version 3.3.7
[17.842s] -- Found Eigen: /usr/include/eigen3 (Required is at least version "3.1") 
[17.842s] -- Eigen found (include: /usr/include/eigen3, version: 3.3.7)
[17.842s] -- Checking for module 'flann'
[17.842s] --   Found flann, version 1.9.1
[17.842s] -- Found FLANN: /usr/lib/x86_64-linux-gnu/libflann_cpp.so  
[17.842s] -- The imported target "vtkParseOGLExt" references the file
[17.842s]    "/usr/bin/vtkParseOGLExt-7.1"
[17.843s] but this file does not exist.  Possible reasons include:
[17.843s] * The file was deleted, renamed, or moved to another location.
[17.843s] * An install or uninstall procedure did not complete successfully.
[17.843s] * The installation package was faulty and contained
[17.843s]    "/usr/lib/cmake/vtk-7.1/VTKTargets.cmake"
[17.843s] but not all the files it references.
[17.843s] 
[17.843s] -- The imported target "vtkRenderingPythonTkWidgets" references the file
[17.843s]    "/usr/lib/x86_64-linux-gnu/libvtkRenderingPythonTkWidgets.so"
[17.843s] but this file does not exist.  Possible reasons include:
[17.843s] * The file was deleted, renamed, or moved to another location.
[17.843s] * An install or uninstall procedure did not complete successfully.
[17.843s] * The installation package was faulty and contained
[17.843s]    "/usr/lib/cmake/vtk-7.1/VTKTargets.cmake"
[17.843s] but not all the files it references.
[17.843s] 
[17.844s] -- The imported target "vtk" references the file
[17.844s]    "/usr/bin/vtk"
[17.844s] but this file does not exist.  Possible reasons include:
[17.844s] * The file was deleted, renamed, or moved to another location.
[17.844s] * An install or uninstall procedure did not complete successfully.
[17.844s] * The installation package was faulty and contained
[17.844s]    "/usr/lib/cmake/vtk-7.1/VTKTargets.cmake"
[17.844s] but not all the files it references.
[17.844s] 
[17.844s] -- The imported target "pvtk" references the file
[17.844s]    "/usr/bin/pvtk"
[17.844s] but this file does not exist.  Possible reasons include:
[17.845s] * The file was deleted, renamed, or moved to another location.
[17.852s] * An install or uninstall procedure did not complete successfully.
[17.852s] * The installation package was faulty and contained
[17.852s]    "/usr/lib/cmake/vtk-7.1/VTKTargets.cmake"
[17.852s] but not all the files it references.
[17.852s] 
[17.852s] -- Checking for module 'libusb-1.0'
[17.852s] --   No package 'libusb-1.0' found
[17.852s] -- Could NOT find USB_10 (missing: USB_10_LIBRARY USB_10_INCLUDE_DIR) 
[17.852s] -- OpenNI disabled because libusb-1.0 not found.
[17.852s] -- Checking for module 'libusb-1.0'
[17.852s] --   No package 'libusb-1.0' found
[17.854s] -- Could NOT find USB_10 (missing: USB_10_LIBRARY USB_10_INCLUDE_DIR) 
[17.854s] -- OpenNI 2 disabled because libusb-1.0 not found.
[17.854s] -- LIBUSB_1_LIBRARY (missing: LIBUSB_1_INCLUDE_DIR) 
[17.854s] -- Checking for module 'libusb-1.0'
[17.855s] --   No package 'libusb-1.0' found
[17.855s] -- Could NOT find USB_10 (missing: USB_10_LIBRARY USB_10_INCLUDE_DIR) 
[17.855s] -- OpenNI disabled because libusb-1.0 not found.
[17.855s] -- Checking for module 'libusb-1.0'
[17.855s] --   No package 'libusb-1.0' found
[17.855s] -- Could NOT find USB_10 (missing: USB_10_LIBRARY USB_10_INCLUDE_DIR) 
[17.855s] -- OpenNI 2 disabled because libusb-1.0 not found.
[17.855s] -- Found Qhull: optimized;/usr/lib/x86_64-linux-gnu/libqhull.so;debug;/usr/lib/x86_64-linux-gnu/libqhull.so  
[17.855s] -- QHULL found (include: /usr/include, lib: optimized;/usr/lib/x86_64-linux-gnu/libqhull.so;debug;/usr/lib/x86_64-linux-gnu/libqhull.so)
[17.855s] -- Checking for module 'libusb-1.0'
[17.855s] --   No package 'libusb-1.0' found
[17.856s] -- Could NOT find USB_10 (missing: USB_10_LIBRARY USB_10_INCLUDE_DIR) 
[17.856s] -- OpenNI disabled because libusb-1.0 not found.
[17.856s] -- Found PCL_COMMON: /usr/lib/x86_64-linux-gnu/libpcl_common.so  
[17.856s] -- Found PCL_KDTREE: /usr/lib/x86_64-linux-gnu/libpcl_kdtree.so  
[17.856s] -- Found PCL_OCTREE: /usr/lib/x86_64-linux-gnu/libpcl_octree.so  
[17.856s] -- Found PCL_SEARCH: /usr/lib/x86_64-linux-gnu/libpcl_search.so  
[17.856s] -- Found PCL_SAMPLE_CONSENSUS: /usr/lib/x86_64-linux-gnu/libpcl_sample_consensus.so  
[17.856s] -- Found PCL_FILTERS: /usr/lib/x86_64-linux-gnu/libpcl_filters.so  
[17.856s] -- Found PCL_2D: /usr/include/pcl-1.10  
[17.856s] -- Found PCL_GEOMETRY: /usr/include/pcl-1.10  
[17.856s] -- Found PCL_IO: /usr/lib/x86_64-linux-gnu/libpcl_io.so  
[17.857s] -- Found PCL_FEATURES: /usr/lib/x86_64-linux-gnu/libpcl_features.so  
[17.857s] -- Found PCL_ML: /usr/lib/x86_64-linux-gnu/libpcl_ml.so  
[17.857s] -- Found PCL_SEGMENTATION: /usr/lib/x86_64-linux-gnu/libpcl_segmentation.so  
[17.857s] -- Found PCL_VISUALIZATION: /usr/lib/x86_64-linux-gnu/libpcl_visualization.so  
[17.857s] -- Found PCL_SURFACE: /usr/lib/x86_64-linux-gnu/libpcl_surface.so  
[17.857s] -- Found PCL_REGISTRATION: /usr/lib/x86_64-linux-gnu/libpcl_registration.so  
[17.857s] -- Found PCL_KEYPOINTS: /usr/lib/x86_64-linux-gnu/libpcl_keypoints.so  
[17.857s] -- Found PCL_TRACKING: /usr/lib/x86_64-linux-gnu/libpcl_tracking.so  
[17.857s] -- Found PCL_RECOGNITION: /usr/lib/x86_64-linux-gnu/libpcl_recognition.so  
[17.857s] -- Found PCL_STEREO: /usr/lib/x86_64-linux-gnu/libpcl_stereo.so  
[17.858s] -- Found PCL_APPS: /usr/lib/x86_64-linux-gnu/libpcl_apps.so  
[17.858s] -- Found PCL_IN_HAND_SCANNER: /usr/include/pcl-1.10  
[17.858s] -- Found PCL_POINT_CLOUD_EDITOR: /usr/include/pcl-1.10  
[17.858s] -- Found PCL_OUTOFCORE: /usr/lib/x86_64-linux-gnu/libpcl_outofcore.so  
[17.858s] -- Found PCL_PEOPLE: /usr/lib/x86_64-linux-gnu/libpcl_people.so  
[17.858s] -- Found mrt_cmake_modules: 1.0.9 (/opt/ros/galactic/share/mrt_cmake_modules/cmake)
[17.858s] -- Found Boost: /usr/include (found version "1.71.0") found components: wserialization thread random serialization log_setup prg_exec_monitor wave system chrono filesystem locale timer date_time regex graph program_options unit_test_framework log atomic iostreams 
[17.858s] -- Found OpenMP_C: -fopenmp (found version "4.5") 
[17.858s] -- Found OpenMP_CXX: -fopenmp (found version "4.5") 
[17.858s] -- Found OpenMP: TRUE (found version "4.5")  
[17.858s] -- Found pugixml: /usr/lib/x86_64-linux-gnu/libpugixml.so  
[17.859s] -- Found PkgConfig: /usr/bin/pkg-config (found version "0.29.1") 
[17.859s] -- Found GeographicLib: /usr/lib/x86_64-linux-gnu/libGeographic.so  
[17.859s] -- Found ament_lint_auto: 0.10.7 (/opt/ros/galactic/share/ament_lint_auto/cmake)
[17.859s] -- Found OpenCV: /usr (found version "4.2.0") 
[17.859s] -- Found Boost: /usr/include (found version "1.71.0")  
[17.859s] -- Found OpenMP_C: -fopenmp (found version "4.5") 
[17.859s] -- Found OpenMP_CXX: -fopenmp (found version "4.5") 
[17.859s] -- Added test 'copyright' to check source files copyright and LICENSE
[17.859s] -- Added test 'cppcheck' to perform static code analysis on C / C++ code
[17.859s] -- Configured cppcheck include dirs: /home/cityu/autoware/src/universe/autoware.universe/perception/compare_map_segmentation/include
[17.860s] -- Configured cppcheck exclude dirs and/or files: 
[17.860s] -- Added test 'lint_cmake' to check CMake code style
[17.860s] -- Added test 'xmllint' to check XML markup files
[17.860s] -- Configuring done
[18.135s] -- Generating done
[18.142s] -- Build files have been written to: /home/cityu/autoware/build/compare_map_segmentation
[18.231s] Invoked command in '/home/cityu/autoware/build/compare_map_segmentation' returned '0': AMENT_PREFIX_PATH=/home/cityu/autoware/install/pointcloud_preprocessor:/home/cityu/autoware/install/grid_map_pcl:/home/cityu/autoware/install/tier4_autoware_utils:/home/cityu/autoware/install/lanelet2_extension:/home/cityu/autoware/install/grid_map_ros:/home/cityu/autoware/install/tier4_pcl_extensions:/home/cityu/autoware/install/grid_map_cv:/home/cityu/autoware/install/autoware_utils:/home/cityu/autoware/install/autoware_point_types:/home/cityu/autoware/install/autoware_auto_vehicle_msgs:/home/cityu/autoware/install/grid_map_msgs:/home/cityu/autoware/install/grid_map_core:/home/cityu/autoware/install/autoware_planning_msgs:/home/cityu/autoware/install/autoware_cmake:/home/cityu/autoware/install/autoware_auto_planning_msgs:/home/cityu/autoware/install/autoware_auto_perception_msgs:/home/cityu/autoware/install/tier4_debug_msgs:/home/cityu/autoware/install/autoware_lint_common:/home/cityu/autoware/install/autoware_common_msgs:/home/cityu/autoware/install/autoware_auto_mapping_msgs:/home/cityu/autoware/install/autoware_auto_geometry_msgs:${AMENT_PREFIX_PATH} CMAKE_PREFIX_PATH=/home/cityu/autoware/install/pointcloud_preprocessor:/home/cityu/autoware/install/grid_map_pcl:/home/cityu/autoware/install/tier4_autoware_utils:/home/cityu/autoware/install/lanelet2_extension:/home/cityu/autoware/install/grid_map_ros:/home/cityu/autoware/install/tier4_pcl_extensions:/home/cityu/autoware/install/grid_map_cv:/home/cityu/autoware/install/autoware_utils:/home/cityu/autoware/install/autoware_point_types:/home/cityu/autoware/install/autoware_auto_vehicle_msgs:/home/cityu/autoware/install/grid_map_msgs:/home/cityu/autoware/install/grid_map_core:/home/cityu/autoware/install/autoware_planning_msgs:/home/cityu/autoware/install/autoware_cmake:/home/cityu/autoware/install/autoware_auto_planning_msgs:/home/cityu/autoware/install/autoware_auto_perception_msgs:/home/cityu/autoware/install/tier4_debug_msgs:/home/cityu/autoware/install/autoware_lint_common:/home/cityu/autoware/install/autoware_common_msgs:/home/cityu/autoware/install/autoware_auto_mapping_msgs:/home/cityu/autoware/install/autoware_auto_geometry_msgs:/opt/ros/galactic LD_LIBRARY_PATH=/home/cityu/autoware/install/pointcloud_preprocessor/lib:/home/cityu/autoware/install/grid_map_pcl/lib:/home/cityu/autoware/install/tier4_autoware_utils/lib:/home/cityu/autoware/install/lanelet2_extension/lib:/home/cityu/autoware/install/grid_map_ros/lib:/home/cityu/autoware/install/tier4_pcl_extensions/lib:/home/cityu/autoware/install/grid_map_cv/lib:/home/cityu/autoware/install/autoware_utils/lib:/home/cityu/autoware/install/autoware_auto_vehicle_msgs/lib:/home/cityu/autoware/install/grid_map_msgs/lib:/home/cityu/autoware/install/grid_map_core/lib:/home/cityu/autoware/install/autoware_planning_msgs/lib:/home/cityu/autoware/install/autoware_auto_planning_msgs/lib:/home/cityu/autoware/install/autoware_auto_perception_msgs/lib:/home/cityu/autoware/install/tier4_debug_msgs/lib:/home/cityu/autoware/install/autoware_common_msgs/lib:/home/cityu/autoware/install/autoware_auto_mapping_msgs/lib:/home/cityu/autoware/install/autoware_auto_geometry_msgs/lib:${LD_LIBRARY_PATH} PYTHONPATH=/home/cityu/autoware/install/autoware_auto_vehicle_msgs/lib/python3.8/site-packages:/home/cityu/autoware/install/grid_map_msgs/lib/python3.8/site-packages:/home/cityu/autoware/install/autoware_planning_msgs/lib/python3.8/site-packages:/home/cityu/autoware/install/autoware_auto_planning_msgs/lib/python3.8/site-packages:/home/cityu/autoware/install/autoware_auto_perception_msgs/lib/python3.8/site-packages:/home/cityu/autoware/install/tier4_debug_msgs/lib/python3.8/site-packages:/home/cityu/autoware/install/autoware_common_msgs/lib/python3.8/site-packages:/home/cityu/autoware/install/autoware_auto_mapping_msgs/lib/python3.8/site-packages:/home/cityu/autoware/install/autoware_auto_geometry_msgs/lib/python3.8/site-packages:${PYTHONPATH} /usr/bin/cmake /home/cityu/autoware/src/universe/autoware.universe/perception/compare_map_segmentation -DCMAKE_BUILD_TYPE=Release -DAMENT_CMAKE_SYMLINK_INSTALL=1 -DCMAKE_INSTALL_PREFIX=/home/cityu/autoware/install/compare_map_segmentation
[18.232s] Invoking command in '/home/cityu/autoware/build/compare_map_segmentation': AMENT_PREFIX_PATH=/home/cityu/autoware/install/pointcloud_preprocessor:/home/cityu/autoware/install/grid_map_pcl:/home/cityu/autoware/install/tier4_autoware_utils:/home/cityu/autoware/install/lanelet2_extension:/home/cityu/autoware/install/grid_map_ros:/home/cityu/autoware/install/tier4_pcl_extensions:/home/cityu/autoware/install/grid_map_cv:/home/cityu/autoware/install/autoware_utils:/home/cityu/autoware/install/autoware_point_types:/home/cityu/autoware/install/autoware_auto_vehicle_msgs:/home/cityu/autoware/install/grid_map_msgs:/home/cityu/autoware/install/grid_map_core:/home/cityu/autoware/install/autoware_planning_msgs:/home/cityu/autoware/install/autoware_cmake:/home/cityu/autoware/install/autoware_auto_planning_msgs:/home/cityu/autoware/install/autoware_auto_perception_msgs:/home/cityu/autoware/install/tier4_debug_msgs:/home/cityu/autoware/install/autoware_lint_common:/home/cityu/autoware/install/autoware_common_msgs:/home/cityu/autoware/install/autoware_auto_mapping_msgs:/home/cityu/autoware/install/autoware_auto_geometry_msgs:${AMENT_PREFIX_PATH} CMAKE_PREFIX_PATH=/home/cityu/autoware/install/pointcloud_preprocessor:/home/cityu/autoware/install/grid_map_pcl:/home/cityu/autoware/install/tier4_autoware_utils:/home/cityu/autoware/install/lanelet2_extension:/home/cityu/autoware/install/grid_map_ros:/home/cityu/autoware/install/tier4_pcl_extensions:/home/cityu/autoware/install/grid_map_cv:/home/cityu/autoware/install/autoware_utils:/home/cityu/autoware/install/autoware_point_types:/home/cityu/autoware/install/autoware_auto_vehicle_msgs:/home/cityu/autoware/install/grid_map_msgs:/home/cityu/autoware/install/grid_map_core:/home/cityu/autoware/install/autoware_planning_msgs:/home/cityu/autoware/install/autoware_cmake:/home/cityu/autoware/install/autoware_auto_planning_msgs:/home/cityu/autoware/install/autoware_auto_perception_msgs:/home/cityu/autoware/install/tier4_debug_msgs:/home/cityu/autoware/install/autoware_lint_common:/home/cityu/autoware/install/autoware_common_msgs:/home/cityu/autoware/install/autoware_auto_mapping_msgs:/home/cityu/autoware/install/autoware_auto_geometry_msgs:/opt/ros/galactic LD_LIBRARY_PATH=/home/cityu/autoware/install/pointcloud_preprocessor/lib:/home/cityu/autoware/install/grid_map_pcl/lib:/home/cityu/autoware/install/tier4_autoware_utils/lib:/home/cityu/autoware/install/lanelet2_extension/lib:/home/cityu/autoware/install/grid_map_ros/lib:/home/cityu/autoware/install/tier4_pcl_extensions/lib:/home/cityu/autoware/install/grid_map_cv/lib:/home/cityu/autoware/install/autoware_utils/lib:/home/cityu/autoware/install/autoware_auto_vehicle_msgs/lib:/home/cityu/autoware/install/grid_map_msgs/lib:/home/cityu/autoware/install/grid_map_core/lib:/home/cityu/autoware/install/autoware_planning_msgs/lib:/home/cityu/autoware/install/autoware_auto_planning_msgs/lib:/home/cityu/autoware/install/autoware_auto_perception_msgs/lib:/home/cityu/autoware/install/tier4_debug_msgs/lib:/home/cityu/autoware/install/autoware_common_msgs/lib:/home/cityu/autoware/install/autoware_auto_mapping_msgs/lib:/home/cityu/autoware/install/autoware_auto_geometry_msgs/lib:${LD_LIBRARY_PATH} PYTHONPATH=/home/cityu/autoware/install/autoware_auto_vehicle_msgs/lib/python3.8/site-packages:/home/cityu/autoware/install/grid_map_msgs/lib/python3.8/site-packages:/home/cityu/autoware/install/autoware_planning_msgs/lib/python3.8/site-packages:/home/cityu/autoware/install/autoware_auto_planning_msgs/lib/python3.8/site-packages:/home/cityu/autoware/install/autoware_auto_perception_msgs/lib/python3.8/site-packages:/home/cityu/autoware/install/tier4_debug_msgs/lib/python3.8/site-packages:/home/cityu/autoware/install/autoware_common_msgs/lib/python3.8/site-packages:/home/cityu/autoware/install/autoware_auto_mapping_msgs/lib/python3.8/site-packages:/home/cityu/autoware/install/autoware_auto_geometry_msgs/lib/python3.8/site-packages:${PYTHONPATH} /usr/bin/cmake --build /home/cityu/autoware/build/compare_map_segmentation -- -j16 -l16
[30.501s] [35m[1mScanning dependencies of target compare_map_segmentation[0m
[30.501s] [35m[1mScanning dependencies of target compare_elevation_map_filter_node[0m
[30.501s] [35m[1mScanning dependencies of target voxel_distance_based_compare_map_filter_node[0m
[30.501s] [  6%] [32mBuilding CXX object CMakeFiles/compare_elevation_map_filter_node.dir/rclcpp_components/node_main_compare_elevation_map_filter_node.cpp.o[0m
[30.502s] [ 12%] [32mBuilding CXX object CMakeFiles/voxel_distance_based_compare_map_filter_node.dir/rclcpp_components/node_main_voxel_distance_based_compare_map_filter_node.cpp.o[0m
[30.502s] [ 18%] [32mBuilding CXX object CMakeFiles/compare_map_segmentation.dir/src/distance_based_compare_map_filter_nodelet.cpp.o[0m
[30.502s] [ 25%] [32mBuilding CXX object CMakeFiles/compare_map_segmentation.dir/src/voxel_based_approximate_compare_map_filter_nodelet.cpp.o[0m
[30.502s] [ 31%] [32mBuilding CXX object CMakeFiles/compare_map_segmentation.dir/src/voxel_based_compare_map_filter_nodelet.cpp.o[0m
[30.502s] [ 37%] [32m[1mLinking CXX executable compare_elevation_map_filter_node[0m
[30.502s] [ 37%] Built target compare_elevation_map_filter_node
[30.502s] [ 43%] [32m[1mLinking CXX executable voxel_distance_based_compare_map_filter_node[0m
[30.502s] [ 43%] Built target voxel_distance_based_compare_map_filter_node
[71.193s] [ 50%] [32mBuilding CXX object CMakeFiles/compare_map_segmentation.dir/src/compare_elevation_map_filter_node.cpp.o[0m
[116.147s] [ 56%] [32mBuilding CXX object CMakeFiles/compare_map_segmentation.dir/src/voxel_distance_based_compare_map_filter_nodelet.cpp.o[0m
[164.117s] [ 62%] [32m[1mLinking CXX shared library libcompare_map_segmentation.so[0m
[172.632s] [ 62%] Built target compare_map_segmentation
[172.716s] [35m[1mScanning dependencies of target voxel_based_approximate_compare_map_filter_node[0m
[172.897s] [ 68%] [32mBuilding CXX object CMakeFiles/voxel_based_approximate_compare_map_filter_node.dir/rclcpp_components/node_main_voxel_based_approximate_compare_map_filter_node.cpp.o[0m
[180.111s] [ 75%] [32m[1mLinking CXX executable voxel_based_approximate_compare_map_filter_node[0m
[180.593s] [ 75%] Built target voxel_based_approximate_compare_map_filter_node
[180.617s] [35m[1mScanning dependencies of target voxel_based_compare_map_filter_node[0m
[180.692s] [ 81%] [32mBuilding CXX object CMakeFiles/voxel_based_compare_map_filter_node.dir/rclcpp_components/node_main_voxel_based_compare_map_filter_node.cpp.o[0m
[186.968s] [ 87%] [32m[1mLinking CXX executable voxel_based_compare_map_filter_node[0m
[187.281s] [ 87%] Built target voxel_based_compare_map_filter_node
[187.307s] [35m[1mScanning dependencies of target distance_based_compare_map_filter_node[0m
[187.358s] [ 93%] [32mBuilding CXX object CMakeFiles/distance_based_compare_map_filter_node.dir/rclcpp_components/node_main_distance_based_compare_map_filter_node.cpp.o[0m
[192.567s] [100%] [32m[1mLinking CXX executable distance_based_compare_map_filter_node[0m
[192.858s] [100%] Built target distance_based_compare_map_filter_node
[192.883s] Invoked command in '/home/cityu/autoware/build/compare_map_segmentation' returned '0': AMENT_PREFIX_PATH=/home/cityu/autoware/install/pointcloud_preprocessor:/home/cityu/autoware/install/grid_map_pcl:/home/cityu/autoware/install/tier4_autoware_utils:/home/cityu/autoware/install/lanelet2_extension:/home/cityu/autoware/install/grid_map_ros:/home/cityu/autoware/install/tier4_pcl_extensions:/home/cityu/autoware/install/grid_map_cv:/home/cityu/autoware/install/autoware_utils:/home/cityu/autoware/install/autoware_point_types:/home/cityu/autoware/install/autoware_auto_vehicle_msgs:/home/cityu/autoware/install/grid_map_msgs:/home/cityu/autoware/install/grid_map_core:/home/cityu/autoware/install/autoware_planning_msgs:/home/cityu/autoware/install/autoware_cmake:/home/cityu/autoware/install/autoware_auto_planning_msgs:/home/cityu/autoware/install/autoware_auto_perception_msgs:/home/cityu/autoware/install/tier4_debug_msgs:/home/cityu/autoware/install/autoware_lint_common:/home/cityu/autoware/install/autoware_common_msgs:/home/cityu/autoware/install/autoware_auto_mapping_msgs:/home/cityu/autoware/install/autoware_auto_geometry_msgs:${AMENT_PREFIX_PATH} CMAKE_PREFIX_PATH=/home/cityu/autoware/install/pointcloud_preprocessor:/home/cityu/autoware/install/grid_map_pcl:/home/cityu/autoware/install/tier4_autoware_utils:/home/cityu/autoware/install/lanelet2_extension:/home/cityu/autoware/install/grid_map_ros:/home/cityu/autoware/install/tier4_pcl_extensions:/home/cityu/autoware/install/grid_map_cv:/home/cityu/autoware/install/autoware_utils:/home/cityu/autoware/install/autoware_point_types:/home/cityu/autoware/install/autoware_auto_vehicle_msgs:/home/cityu/autoware/install/grid_map_msgs:/home/cityu/autoware/install/grid_map_core:/home/cityu/autoware/install/autoware_planning_msgs:/home/cityu/autoware/install/autoware_cmake:/home/cityu/autoware/install/autoware_auto_planning_msgs:/home/cityu/autoware/install/autoware_auto_perception_msgs:/home/cityu/autoware/install/tier4_debug_msgs:/home/cityu/autoware/install/autoware_lint_common:/home/cityu/autoware/install/autoware_common_msgs:/home/cityu/autoware/install/autoware_auto_mapping_msgs:/home/cityu/autoware/install/autoware_auto_geometry_msgs:/opt/ros/galactic LD_LIBRARY_PATH=/home/cityu/autoware/install/pointcloud_preprocessor/lib:/home/cityu/autoware/install/grid_map_pcl/lib:/home/cityu/autoware/install/tier4_autoware_utils/lib:/home/cityu/autoware/install/lanelet2_extension/lib:/home/cityu/autoware/install/grid_map_ros/lib:/home/cityu/autoware/install/tier4_pcl_extensions/lib:/home/cityu/autoware/install/grid_map_cv/lib:/home/cityu/autoware/install/autoware_utils/lib:/home/cityu/autoware/install/autoware_auto_vehicle_msgs/lib:/home/cityu/autoware/install/grid_map_msgs/lib:/home/cityu/autoware/install/grid_map_core/lib:/home/cityu/autoware/install/autoware_planning_msgs/lib:/home/cityu/autoware/install/autoware_auto_planning_msgs/lib:/home/cityu/autoware/install/autoware_auto_perception_msgs/lib:/home/cityu/autoware/install/tier4_debug_msgs/lib:/home/cityu/autoware/install/autoware_common_msgs/lib:/home/cityu/autoware/install/autoware_auto_mapping_msgs/lib:/home/cityu/autoware/install/autoware_auto_geometry_msgs/lib:${LD_LIBRARY_PATH} PYTHONPATH=/home/cityu/autoware/install/autoware_auto_vehicle_msgs/lib/python3.8/site-packages:/home/cityu/autoware/install/grid_map_msgs/lib/python3.8/site-packages:/home/cityu/autoware/install/autoware_planning_msgs/lib/python3.8/site-packages:/home/cityu/autoware/install/autoware_auto_planning_msgs/lib/python3.8/site-packages:/home/cityu/autoware/install/autoware_auto_perception_msgs/lib/python3.8/site-packages:/home/cityu/autoware/install/tier4_debug_msgs/lib/python3.8/site-packages:/home/cityu/autoware/install/autoware_common_msgs/lib/python3.8/site-packages:/home/cityu/autoware/install/autoware_auto_mapping_msgs/lib/python3.8/site-packages:/home/cityu/autoware/install/autoware_auto_geometry_msgs/lib/python3.8/site-packages:${PYTHONPATH} /usr/bin/cmake --build /home/cityu/autoware/build/compare_map_segmentation -- -j16 -l16
[192.950s] Invoking command in '/home/cityu/autoware/build/compare_map_segmentation': AMENT_PREFIX_PATH=/home/cityu/autoware/install/pointcloud_preprocessor:/home/cityu/autoware/install/grid_map_pcl:/home/cityu/autoware/install/tier4_autoware_utils:/home/cityu/autoware/install/lanelet2_extension:/home/cityu/autoware/install/grid_map_ros:/home/cityu/autoware/install/tier4_pcl_extensions:/home/cityu/autoware/install/grid_map_cv:/home/cityu/autoware/install/autoware_utils:/home/cityu/autoware/install/autoware_point_types:/home/cityu/autoware/install/autoware_auto_vehicle_msgs:/home/cityu/autoware/install/grid_map_msgs:/home/cityu/autoware/install/grid_map_core:/home/cityu/autoware/install/autoware_planning_msgs:/home/cityu/autoware/install/autoware_cmake:/home/cityu/autoware/install/autoware_auto_planning_msgs:/home/cityu/autoware/install/autoware_auto_perception_msgs:/home/cityu/autoware/install/tier4_debug_msgs:/home/cityu/autoware/install/autoware_lint_common:/home/cityu/autoware/install/autoware_common_msgs:/home/cityu/autoware/install/autoware_auto_mapping_msgs:/home/cityu/autoware/install/autoware_auto_geometry_msgs:${AMENT_PREFIX_PATH} CMAKE_PREFIX_PATH=/home/cityu/autoware/install/pointcloud_preprocessor:/home/cityu/autoware/install/grid_map_pcl:/home/cityu/autoware/install/tier4_autoware_utils:/home/cityu/autoware/install/lanelet2_extension:/home/cityu/autoware/install/grid_map_ros:/home/cityu/autoware/install/tier4_pcl_extensions:/home/cityu/autoware/install/grid_map_cv:/home/cityu/autoware/install/autoware_utils:/home/cityu/autoware/install/autoware_point_types:/home/cityu/autoware/install/autoware_auto_vehicle_msgs:/home/cityu/autoware/install/grid_map_msgs:/home/cityu/autoware/install/grid_map_core:/home/cityu/autoware/install/autoware_planning_msgs:/home/cityu/autoware/install/autoware_cmake:/home/cityu/autoware/install/autoware_auto_planning_msgs:/home/cityu/autoware/install/autoware_auto_perception_msgs:/home/cityu/autoware/install/tier4_debug_msgs:/home/cityu/autoware/install/autoware_lint_common:/home/cityu/autoware/install/autoware_common_msgs:/home/cityu/autoware/install/autoware_auto_mapping_msgs:/home/cityu/autoware/install/autoware_auto_geometry_msgs:/opt/ros/galactic LD_LIBRARY_PATH=/home/cityu/autoware/install/pointcloud_preprocessor/lib:/home/cityu/autoware/install/grid_map_pcl/lib:/home/cityu/autoware/install/tier4_autoware_utils/lib:/home/cityu/autoware/install/lanelet2_extension/lib:/home/cityu/autoware/install/grid_map_ros/lib:/home/cityu/autoware/install/tier4_pcl_extensions/lib:/home/cityu/autoware/install/grid_map_cv/lib:/home/cityu/autoware/install/autoware_utils/lib:/home/cityu/autoware/install/autoware_auto_vehicle_msgs/lib:/home/cityu/autoware/install/grid_map_msgs/lib:/home/cityu/autoware/install/grid_map_core/lib:/home/cityu/autoware/install/autoware_planning_msgs/lib:/home/cityu/autoware/install/autoware_auto_planning_msgs/lib:/home/cityu/autoware/install/autoware_auto_perception_msgs/lib:/home/cityu/autoware/install/tier4_debug_msgs/lib:/home/cityu/autoware/install/autoware_common_msgs/lib:/home/cityu/autoware/install/autoware_auto_mapping_msgs/lib:/home/cityu/autoware/install/autoware_auto_geometry_msgs/lib:${LD_LIBRARY_PATH} PYTHONPATH=/home/cityu/autoware/install/autoware_auto_vehicle_msgs/lib/python3.8/site-packages:/home/cityu/autoware/install/grid_map_msgs/lib/python3.8/site-packages:/home/cityu/autoware/install/autoware_planning_msgs/lib/python3.8/site-packages:/home/cityu/autoware/install/autoware_auto_planning_msgs/lib/python3.8/site-packages:/home/cityu/autoware/install/autoware_auto_perception_msgs/lib/python3.8/site-packages:/home/cityu/autoware/install/tier4_debug_msgs/lib/python3.8/site-packages:/home/cityu/autoware/install/autoware_common_msgs/lib/python3.8/site-packages:/home/cityu/autoware/install/autoware_auto_mapping_msgs/lib/python3.8/site-packages:/home/cityu/autoware/install/autoware_auto_geometry_msgs/lib/python3.8/site-packages:${PYTHONPATH} /usr/bin/cmake --install /home/cityu/autoware/build/compare_map_segmentation
[200.242s] -- Install configuration: "Release"
[200.242s] -- Execute custom install script
[200.242s] -- Symlinking: /home/cityu/autoware/install/compare_map_segmentation/lib/compare_map_segmentation/distance_based_compare_map_filter_node
[200.242s] -- Symlinking: /home/cityu/autoware/install/compare_map_segmentation/lib/compare_map_segmentation/voxel_based_approximate_compare_map_filter_node
[200.243s] -- Symlinking: /home/cityu/autoware/install/compare_map_segmentation/lib/compare_map_segmentation/voxel_based_compare_map_filter_node
[200.243s] -- Symlinking: /home/cityu/autoware/install/compare_map_segmentation/lib/compare_map_segmentation/voxel_distance_based_compare_map_filter_node
[200.243s] -- Symlinking: /home/cityu/autoware/install/compare_map_segmentation/lib/compare_map_segmentation/compare_elevation_map_filter_node
[200.243s] -- Symlinking: /home/cityu/autoware/install/compare_map_segmentation/lib/libcompare_map_segmentation.so
[200.243s] -- Symlinking: /home/cityu/autoware/install/compare_map_segmentation/include/compare_map_segmentation/compare_elevation_map_filter_node.hpp
[200.243s] -- Symlinking: /home/cityu/autoware/install/compare_map_segmentation/include/compare_map_segmentation/distance_based_compare_map_filter_nodelet.hpp
[200.243s] -- Symlinking: /home/cityu/autoware/install/compare_map_segmentation/include/compare_map_segmentation/voxel_based_approximate_compare_map_filter_nodelet.hpp
[200.243s] -- Symlinking: /home/cityu/autoware/install/compare_map_segmentation/include/compare_map_segmentation/voxel_based_compare_map_filter_nodelet.hpp
[200.243s] -- Symlinking: /home/cityu/autoware/install/compare_map_segmentation/include/compare_map_segmentation/voxel_distance_based_compare_map_filter_nodelet.hpp
[200.244s] -- Symlinking: /home/cityu/autoware/install/compare_map_segmentation/share/compare_map_segmentation/launch/compare_elevation_map_filter.launch.xml
[200.244s] -- Symlinking: /home/cityu/autoware/install/compare_map_segmentation/share/compare_map_segmentation/launch/distance_based_compare_map_filter.launch.xml
[200.244s] -- Symlinking: /home/cityu/autoware/install/compare_map_segmentation/share/compare_map_segmentation/launch/voxel_based_approximate_compare_map_filter.launch.xml
[200.244s] -- Symlinking: /home/cityu/autoware/install/compare_map_segmentation/share/compare_map_segmentation/launch/voxel_based_compare_map_filter.launch.xml
[200.245s] -- Symlinking: /home/cityu/autoware/install/compare_map_segmentation/share/compare_map_segmentation/launch/voxel_distance_based_compare_map_filter.launch.xml
[200.245s] -- Symlinking: /home/cityu/autoware/install/compare_map_segmentation/share/ament_index/resource_index/package_run_dependencies/compare_map_segmentation
[200.245s] -- Symlinking: /home/cityu/autoware/install/compare_map_segmentation/share/ament_index/resource_index/parent_prefix_path/compare_map_segmentation
[200.245s] -- Symlinking: /home/cityu/autoware/install/compare_map_segmentation/share/compare_map_segmentation/environment/ament_prefix_path.sh
[200.245s] -- Symlinking: /home/cityu/autoware/install/compare_map_segmentation/share/compare_map_segmentation/environment/ament_prefix_path.dsv
[200.245s] -- Symlinking: /home/cityu/autoware/install/compare_map_segmentation/share/compare_map_segmentation/environment/path.sh
[200.246s] -- Symlinking: /home/cityu/autoware/install/compare_map_segmentation/share/compare_map_segmentation/environment/path.dsv
[200.246s] -- Symlinking: /home/cityu/autoware/install/compare_map_segmentation/share/compare_map_segmentation/local_setup.bash
[200.246s] -- Symlinking: /home/cityu/autoware/install/compare_map_segmentation/share/compare_map_segmentation/local_setup.sh
[200.251s] -- Symlinking: /home/cityu/autoware/install/compare_map_segmentation/share/compare_map_segmentation/local_setup.zsh
[200.253s] -- Symlinking: /home/cityu/autoware/install/compare_map_segmentation/share/compare_map_segmentation/local_setup.dsv
[200.253s] -- Symlinking: /home/cityu/autoware/install/compare_map_segmentation/share/compare_map_segmentation/package.dsv
[200.253s] -- Symlinking: /home/cityu/autoware/install/compare_map_segmentation/share/ament_index/resource_index/packages/compare_map_segmentation
[200.254s] -- Symlinking: /home/cityu/autoware/install/compare_map_segmentation/share/ament_index/resource_index/rclcpp_components/compare_map_segmentation
[200.254s] -- Symlinking: /home/cityu/autoware/install/compare_map_segmentation/share/compare_map_segmentation/cmake/ament_cmake_export_dependencies-extras.cmake
[200.254s] -- Symlinking: /home/cityu/autoware/install/compare_map_segmentation/share/compare_map_segmentation/cmake/ament_cmake_export_include_directories-extras.cmake
[200.255s] -- Symlinking: /home/cityu/autoware/install/compare_map_segmentation/share/compare_map_segmentation/cmake/compare_map_segmentationConfig.cmake
[200.255s] -- Symlinking: /home/cityu/autoware/install/compare_map_segmentation/share/compare_map_segmentation/cmake/compare_map_segmentationConfig-version.cmake
[200.255s] -- Symlinking: /home/cityu/autoware/install/compare_map_segmentation/share/compare_map_segmentation/package.xml
[200.335s] Invoked command in '/home/cityu/autoware/build/compare_map_segmentation' returned '0': AMENT_PREFIX_PATH=/home/cityu/autoware/install/pointcloud_preprocessor:/home/cityu/autoware/install/grid_map_pcl:/home/cityu/autoware/install/tier4_autoware_utils:/home/cityu/autoware/install/lanelet2_extension:/home/cityu/autoware/install/grid_map_ros:/home/cityu/autoware/install/tier4_pcl_extensions:/home/cityu/autoware/install/grid_map_cv:/home/cityu/autoware/install/autoware_utils:/home/cityu/autoware/install/autoware_point_types:/home/cityu/autoware/install/autoware_auto_vehicle_msgs:/home/cityu/autoware/install/grid_map_msgs:/home/cityu/autoware/install/grid_map_core:/home/cityu/autoware/install/autoware_planning_msgs:/home/cityu/autoware/install/autoware_cmake:/home/cityu/autoware/install/autoware_auto_planning_msgs:/home/cityu/autoware/install/autoware_auto_perception_msgs:/home/cityu/autoware/install/tier4_debug_msgs:/home/cityu/autoware/install/autoware_lint_common:/home/cityu/autoware/install/autoware_common_msgs:/home/cityu/autoware/install/autoware_auto_mapping_msgs:/home/cityu/autoware/install/autoware_auto_geometry_msgs:${AMENT_PREFIX_PATH} CMAKE_PREFIX_PATH=/home/cityu/autoware/install/pointcloud_preprocessor:/home/cityu/autoware/install/grid_map_pcl:/home/cityu/autoware/install/tier4_autoware_utils:/home/cityu/autoware/install/lanelet2_extension:/home/cityu/autoware/install/grid_map_ros:/home/cityu/autoware/install/tier4_pcl_extensions:/home/cityu/autoware/install/grid_map_cv:/home/cityu/autoware/install/autoware_utils:/home/cityu/autoware/install/autoware_point_types:/home/cityu/autoware/install/autoware_auto_vehicle_msgs:/home/cityu/autoware/install/grid_map_msgs:/home/cityu/autoware/install/grid_map_core:/home/cityu/autoware/install/autoware_planning_msgs:/home/cityu/autoware/install/autoware_cmake:/home/cityu/autoware/install/autoware_auto_planning_msgs:/home/cityu/autoware/install/autoware_auto_perception_msgs:/home/cityu/autoware/install/tier4_debug_msgs:/home/cityu/autoware/install/autoware_lint_common:/home/cityu/autoware/install/autoware_common_msgs:/home/cityu/autoware/install/autoware_auto_mapping_msgs:/home/cityu/autoware/install/autoware_auto_geometry_msgs:/opt/ros/galactic LD_LIBRARY_PATH=/home/cityu/autoware/install/pointcloud_preprocessor/lib:/home/cityu/autoware/install/grid_map_pcl/lib:/home/cityu/autoware/install/tier4_autoware_utils/lib:/home/cityu/autoware/install/lanelet2_extension/lib:/home/cityu/autoware/install/grid_map_ros/lib:/home/cityu/autoware/install/tier4_pcl_extensions/lib:/home/cityu/autoware/install/grid_map_cv/lib:/home/cityu/autoware/install/autoware_utils/lib:/home/cityu/autoware/install/autoware_auto_vehicle_msgs/lib:/home/cityu/autoware/install/grid_map_msgs/lib:/home/cityu/autoware/install/grid_map_core/lib:/home/cityu/autoware/install/autoware_planning_msgs/lib:/home/cityu/autoware/install/autoware_auto_planning_msgs/lib:/home/cityu/autoware/install/autoware_auto_perception_msgs/lib:/home/cityu/autoware/install/tier4_debug_msgs/lib:/home/cityu/autoware/install/autoware_common_msgs/lib:/home/cityu/autoware/install/autoware_auto_mapping_msgs/lib:/home/cityu/autoware/install/autoware_auto_geometry_msgs/lib:${LD_LIBRARY_PATH} PYTHONPATH=/home/cityu/autoware/install/autoware_auto_vehicle_msgs/lib/python3.8/site-packages:/home/cityu/autoware/install/grid_map_msgs/lib/python3.8/site-packages:/home/cityu/autoware/install/autoware_planning_msgs/lib/python3.8/site-packages:/home/cityu/autoware/install/autoware_auto_planning_msgs/lib/python3.8/site-packages:/home/cityu/autoware/install/autoware_auto_perception_msgs/lib/python3.8/site-packages:/home/cityu/autoware/install/tier4_debug_msgs/lib/python3.8/site-packages:/home/cityu/autoware/install/autoware_common_msgs/lib/python3.8/site-packages:/home/cityu/autoware/install/autoware_auto_mapping_msgs/lib/python3.8/site-packages:/home/cityu/autoware/install/autoware_auto_geometry_msgs/lib/python3.8/site-packages:${PYTHONPATH} /usr/bin/cmake --install /home/cityu/autoware/build/compare_map_segmentation
