-- The C compiler identification is GNU 9.4.0
-- The CXX compiler identification is GNU 9.4.0
-- Check for working C compiler: /usr/bin/cc
-- Check for working C compiler: /usr/bin/cc -- works
-- Detecting C compiler ABI info
-- Detecting C compiler ABI info - done
-- Detecting C compile features
-- Detecting C compile features - done
-- Check for working CXX compiler: /usr/bin/c++
-- Check for working CXX compiler: /usr/bin/c++ -- works
-- Detecting CXX compiler ABI info
-- Detecting CXX compiler ABI info - done
-- Detecting CXX compile features
-- Detecting CXX compile features - done
-- Found ament_cmake: 1.1.6 (/opt/ros/galactic/share/ament_cmake/cmake)
-- Found PythonInterp: /usr/bin/python3 (found suitable version "3.8.10", minimum required is "3") 
-- Using PYTHON_EXECUTABLE: /usr/bin/python3
-- Override CMake install command with custom implementation using symlinks instead of copying resources
-- Found grid_map_cmake_helpers: 2.0.0 (/home/cityu/autoware/install/grid_map_cmake_helpers/share/grid_map_cmake_helpers/cmake)
-- Found std_msgs: 2.2.4 (/opt/ros/galactic/share/std_msgs/cmake)
-- Using all available rosidl_typesupport_c: rosidl_typesupport_fastrtps_c;rosidl_typesupport_introspection_c
-- Found rosidl_adapter: 2.2.3 (/opt/ros/galactic/share/rosidl_adapter/cmake)
-- Found OpenSSL: /usr/lib/x86_64-linux-gnu/libcrypto.so (found version "1.1.1f")  
-- Found FastRTPS: /opt/ros/galactic/include  
-- Using all available rosidl_typesupport_cpp: rosidl_typesupport_fastrtps_cpp;rosidl_typesupport_introspection_cpp
-- Found geometry_msgs: 2.2.4 (/opt/ros/galactic/share/geometry_msgs/cmake)
-- Found rosidl_default_generators: 1.1.1 (/opt/ros/galactic/share/rosidl_default_generators/cmake)
-- Found PythonInterp: /usr/bin/python3 (found version "3.8.10") 
-- Found ament_cmake_ros: 0.9.2 (/opt/ros/galactic/share/ament_cmake_ros/cmake)
-- Using all available rosidl_typesupport_c: rosidl_typesupport_fastrtps_c;rosidl_typesupport_introspection_c
-- Using all available rosidl_typesupport_cpp: rosidl_typesupport_fastrtps_cpp;rosidl_typesupport_introspection_cpp
-- Found PythonInterp: /usr/bin/python3 (found suitable version "3.8.10", minimum required is "3.5") 
-- Found python_cmake_module: 0.8.1 (/opt/ros/galactic/share/python_cmake_module/cmake)
-- Found PythonLibs: /usr/lib/x86_64-linux-gnu/libpython3.8.so (found suitable version "3.8.10", minimum required is "3.5") 
-- Using PYTHON_EXECUTABLE: /usr/bin/python3
-- Using PYTHON_INCLUDE_DIRS: /usr/include/python3.8
-- Using PYTHON_LIBRARIES: /usr/lib/x86_64-linux-gnu/libpython3.8.so
-- Found PythonExtra: .so  
-- Configuring done
-- Generating done
-- Build files have been written to: /home/cityu/autoware/build/grid_map_msgs
[35m[1mScanning dependencies of target grid_map_msgs__cpp[0m
[  1%] [34m[1mGenerating C++ code for ROS interfaces[0m
[  1%] Built target grid_map_msgs__cpp
[  2%] [34m[1mGenerating C code for ROS interfaces[0m
[35m[1mScanning dependencies of target grid_map_msgs__rosidl_generator_c[0m
[  4%] [32mBuilding C object CMakeFiles/grid_map_msgs__rosidl_generator_c.dir/rosidl_generator_c/grid_map_msgs/msg/detail/grid_map_info__functions.c.o[0m
[  5%] [32mBuilding C object CMakeFiles/grid_map_msgs__rosidl_generator_c.dir/rosidl_generator_c/grid_map_msgs/srv/detail/process_file__functions.c.o[0m
[  7%] [32mBuilding C object CMakeFiles/grid_map_msgs__rosidl_generator_c.dir/rosidl_generator_c/grid_map_msgs/srv/detail/get_grid_map_info__functions.c.o[0m
[  8%] [32mBuilding C object CMakeFiles/grid_map_msgs__rosidl_generator_c.dir/rosidl_generator_c/grid_map_msgs/srv/detail/get_grid_map__functions.c.o[0m
[  9%] [32mBuilding C object CMakeFiles/grid_map_msgs__rosidl_generator_c.dir/rosidl_generator_c/grid_map_msgs/srv/detail/set_grid_map__functions.c.o[0m
[ 11%] [32mBuilding C object CMakeFiles/grid_map_msgs__rosidl_generator_c.dir/rosidl_generator_c/grid_map_msgs/msg/detail/grid_map__functions.c.o[0m
[ 12%] [32m[1mLinking C shared library libgrid_map_msgs__rosidl_generator_c.so[0m
[ 12%] Built target grid_map_msgs__rosidl_generator_c
[ 14%] [34m[1mGenerating C++ introspection for ROS interfaces[0m
[35m[1mScanning dependencies of target grid_map_msgs__rosidl_typesupport_introspection_cpp[0m
[ 15%] [32mBuilding CXX object CMakeFiles/grid_map_msgs__rosidl_typesupport_introspection_cpp.dir/rosidl_typesupport_introspection_cpp/grid_map_msgs/msg/detail/grid_map_info__type_support.cpp.o[0m
[ 16%] [32mBuilding CXX object CMakeFiles/grid_map_msgs__rosidl_typesupport_introspection_cpp.dir/rosidl_typesupport_introspection_cpp/grid_map_msgs/srv/detail/process_file__type_support.cpp.o[0m
[ 18%] [32mBuilding CXX object CMakeFiles/grid_map_msgs__rosidl_typesupport_introspection_cpp.dir/rosidl_typesupport_introspection_cpp/grid_map_msgs/srv/detail/get_grid_map_info__type_support.cpp.o[0m
[ 19%] [32mBuilding CXX object CMakeFiles/grid_map_msgs__rosidl_typesupport_introspection_cpp.dir/rosidl_typesupport_introspection_cpp/grid_map_msgs/srv/detail/get_grid_map__type_support.cpp.o[0m
[ 21%] [32mBuilding CXX object CMakeFiles/grid_map_msgs__rosidl_typesupport_introspection_cpp.dir/rosidl_typesupport_introspection_cpp/grid_map_msgs/srv/detail/set_grid_map__type_support.cpp.o[0m
[ 22%] [32mBuilding CXX object CMakeFiles/grid_map_msgs__rosidl_typesupport_introspection_cpp.dir/rosidl_typesupport_introspection_cpp/grid_map_msgs/msg/detail/grid_map__type_support.cpp.o[0m
[ 23%] [32m[1mLinking CXX shared library libgrid_map_msgs__rosidl_typesupport_introspection_cpp.so[0m
[ 23%] Built target grid_map_msgs__rosidl_typesupport_introspection_cpp
[ 25%] [34m[1mGenerating C type support dispatch for ROS interfaces[0m
[35m[1mScanning dependencies of target grid_map_msgs__rosidl_typesupport_c[0m
[ 26%] [32mBuilding CXX object CMakeFiles/grid_map_msgs__rosidl_typesupport_c.dir/rosidl_typesupport_c/grid_map_msgs/msg/grid_map_info__type_support.cpp.o[0m
[ 28%] [32mBuilding CXX object CMakeFiles/grid_map_msgs__rosidl_typesupport_c.dir/rosidl_typesupport_c/grid_map_msgs/srv/process_file__type_support.cpp.o[0m
[ 29%] [32mBuilding CXX object CMakeFiles/grid_map_msgs__rosidl_typesupport_c.dir/rosidl_typesupport_c/grid_map_msgs/srv/get_grid_map_info__type_support.cpp.o[0m
[ 30%] [32mBuilding CXX object CMakeFiles/grid_map_msgs__rosidl_typesupport_c.dir/rosidl_typesupport_c/grid_map_msgs/srv/get_grid_map__type_support.cpp.o[0m
[ 32%] [32mBuilding CXX object CMakeFiles/grid_map_msgs__rosidl_typesupport_c.dir/rosidl_typesupport_c/grid_map_msgs/srv/set_grid_map__type_support.cpp.o[0m
[ 33%] [32mBuilding CXX object CMakeFiles/grid_map_msgs__rosidl_typesupport_c.dir/rosidl_typesupport_c/grid_map_msgs/msg/grid_map__type_support.cpp.o[0m
[ 35%] [32m[1mLinking CXX shared library libgrid_map_msgs__rosidl_typesupport_c.so[0m
[ 35%] Built target grid_map_msgs__rosidl_typesupport_c
[ 36%] [34m[1mGenerating C introspection for ROS interfaces[0m
[35m[1mScanning dependencies of target grid_map_msgs__rosidl_typesupport_introspection_c[0m
[ 38%] [32mBuilding C object CMakeFiles/grid_map_msgs__rosidl_typesupport_introspection_c.dir/rosidl_typesupport_introspection_c/grid_map_msgs/msg/detail/grid_map_info__type_support.c.o[0m
[ 39%] [32mBuilding C object CMakeFiles/grid_map_msgs__rosidl_typesupport_introspection_c.dir/rosidl_typesupport_introspection_c/grid_map_msgs/srv/detail/process_file__type_support.c.o[0m
[ 40%] [32mBuilding C object CMakeFiles/grid_map_msgs__rosidl_typesupport_introspection_c.dir/rosidl_typesupport_introspection_c/grid_map_msgs/srv/detail/get_grid_map_info__type_support.c.o[0m
[ 42%] [32mBuilding C object CMakeFiles/grid_map_msgs__rosidl_typesupport_introspection_c.dir/rosidl_typesupport_introspection_c/grid_map_msgs/srv/detail/get_grid_map__type_support.c.o[0m
[ 43%] [32mBuilding C object CMakeFiles/grid_map_msgs__rosidl_typesupport_introspection_c.dir/rosidl_typesupport_introspection_c/grid_map_msgs/srv/detail/set_grid_map__type_support.c.o[0m
[ 45%] [32mBuilding C object CMakeFiles/grid_map_msgs__rosidl_typesupport_introspection_c.dir/rosidl_typesupport_introspection_c/grid_map_msgs/msg/detail/grid_map__type_support.c.o[0m
[ 46%] [32m[1mLinking C shared library libgrid_map_msgs__rosidl_typesupport_introspection_c.so[0m
[ 46%] Built target grid_map_msgs__rosidl_typesupport_introspection_c
[ 47%] [34m[1mGenerating C++ type support for eProsima Fast-RTPS[0m
[35m[1mScanning dependencies of target grid_map_msgs__rosidl_typesupport_fastrtps_cpp[0m
[ 49%] [32mBuilding CXX object CMakeFiles/grid_map_msgs__rosidl_typesupport_fastrtps_cpp.dir/rosidl_typesupport_fastrtps_cpp/grid_map_msgs/msg/detail/dds_fastrtps/grid_map_info__type_support.cpp.o[0m
[ 50%] [32mBuilding CXX object CMakeFiles/grid_map_msgs__rosidl_typesupport_fastrtps_cpp.dir/rosidl_typesupport_fastrtps_cpp/grid_map_msgs/srv/detail/dds_fastrtps/process_file__type_support.cpp.o[0m
[ 52%] [32mBuilding CXX object CMakeFiles/grid_map_msgs__rosidl_typesupport_fastrtps_cpp.dir/rosidl_typesupport_fastrtps_cpp/grid_map_msgs/srv/detail/dds_fastrtps/get_grid_map_info__type_support.cpp.o[0m
[ 53%] [32mBuilding CXX object CMakeFiles/grid_map_msgs__rosidl_typesupport_fastrtps_cpp.dir/rosidl_typesupport_fastrtps_cpp/grid_map_msgs/srv/detail/dds_fastrtps/get_grid_map__type_support.cpp.o[0m
[ 54%] [32mBuilding CXX object CMakeFiles/grid_map_msgs__rosidl_typesupport_fastrtps_cpp.dir/rosidl_typesupport_fastrtps_cpp/grid_map_msgs/srv/detail/dds_fastrtps/set_grid_map__type_support.cpp.o[0m
[ 56%] [32mBuilding CXX object CMakeFiles/grid_map_msgs__rosidl_typesupport_fastrtps_cpp.dir/rosidl_typesupport_fastrtps_cpp/grid_map_msgs/msg/detail/dds_fastrtps/grid_map__type_support.cpp.o[0m
[ 57%] [32m[1mLinking CXX shared library libgrid_map_msgs__rosidl_typesupport_fastrtps_cpp.so[0m
[ 57%] Built target grid_map_msgs__rosidl_typesupport_fastrtps_cpp
[ 59%] [34m[1mGenerating C++ type support dispatch for ROS interfaces[0m
[35m[1mScanning dependencies of target grid_map_msgs__rosidl_typesupport_cpp[0m
[ 60%] [32mBuilding CXX object CMakeFiles/grid_map_msgs__rosidl_typesupport_cpp.dir/rosidl_typesupport_cpp/grid_map_msgs/msg/grid_map_info__type_support.cpp.o[0m
[ 61%] [32mBuilding CXX object CMakeFiles/grid_map_msgs__rosidl_typesupport_cpp.dir/rosidl_typesupport_cpp/grid_map_msgs/srv/process_file__type_support.cpp.o[0m
[ 63%] [32mBuilding CXX object CMakeFiles/grid_map_msgs__rosidl_typesupport_cpp.dir/rosidl_typesupport_cpp/grid_map_msgs/srv/get_grid_map_info__type_support.cpp.o[0m
[ 64%] [32mBuilding CXX object CMakeFiles/grid_map_msgs__rosidl_typesupport_cpp.dir/rosidl_typesupport_cpp/grid_map_msgs/srv/get_grid_map__type_support.cpp.o[0m
[ 66%] [32mBuilding CXX object CMakeFiles/grid_map_msgs__rosidl_typesupport_cpp.dir/rosidl_typesupport_cpp/grid_map_msgs/srv/set_grid_map__type_support.cpp.o[0m
[ 67%] [32mBuilding CXX object CMakeFiles/grid_map_msgs__rosidl_typesupport_cpp.dir/rosidl_typesupport_cpp/grid_map_msgs/msg/grid_map__type_support.cpp.o[0m
[ 69%] [32m[1mLinking CXX shared library libgrid_map_msgs__rosidl_typesupport_cpp.so[0m
[ 69%] Built target grid_map_msgs__rosidl_typesupport_cpp
[ 70%] [34m[1mGenerating C type support for eProsima Fast-RTPS[0m
[35m[1mScanning dependencies of target grid_map_msgs__rosidl_typesupport_fastrtps_c[0m
[ 71%] [32mBuilding CXX object CMakeFiles/grid_map_msgs__rosidl_typesupport_fastrtps_c.dir/rosidl_typesupport_fastrtps_c/grid_map_msgs/msg/detail/grid_map_info__type_support_c.cpp.o[0m
[ 73%] [32mBuilding CXX object CMakeFiles/grid_map_msgs__rosidl_typesupport_fastrtps_c.dir/rosidl_typesupport_fastrtps_c/grid_map_msgs/srv/detail/process_file__type_support_c.cpp.o[0m
[ 74%] [32mBuilding CXX object CMakeFiles/grid_map_msgs__rosidl_typesupport_fastrtps_c.dir/rosidl_typesupport_fastrtps_c/grid_map_msgs/srv/detail/get_grid_map_info__type_support_c.cpp.o[0m
[ 76%] [32mBuilding CXX object CMakeFiles/grid_map_msgs__rosidl_typesupport_fastrtps_c.dir/rosidl_typesupport_fastrtps_c/grid_map_msgs/srv/detail/get_grid_map__type_support_c.cpp.o[0m
[ 77%] [32mBuilding CXX object CMakeFiles/grid_map_msgs__rosidl_typesupport_fastrtps_c.dir/rosidl_typesupport_fastrtps_c/grid_map_msgs/srv/detail/set_grid_map__type_support_c.cpp.o[0m
[ 78%] [32mBuilding CXX object CMakeFiles/grid_map_msgs__rosidl_typesupport_fastrtps_c.dir/rosidl_typesupport_fastrtps_c/grid_map_msgs/msg/detail/grid_map__type_support_c.cpp.o[0m
[ 80%] [32m[1mLinking CXX shared library libgrid_map_msgs__rosidl_typesupport_fastrtps_c.so[0m
[ 80%] Built target grid_map_msgs__rosidl_typesupport_fastrtps_c
[35m[1mScanning dependencies of target grid_map_msgs[0m
[ 80%] Built target grid_map_msgs
[35m[1mScanning dependencies of target grid_map_msgs__py[0m
[ 81%] [34m[1mGenerating Python code for ROS interfaces[0m
[ 81%] Built target grid_map_msgs__py
[35m[1mScanning dependencies of target grid_map_msgs__python[0m
[ 83%] [32mBuilding C object CMakeFiles/grid_map_msgs__python.dir/rosidl_generator_py/grid_map_msgs/msg/_grid_map_info_s.c.o[0m
[ 84%] [32mBuilding C object CMakeFiles/grid_map_msgs__python.dir/rosidl_generator_py/grid_map_msgs/srv/_process_file_s.c.o[0m
[ 85%] [32mBuilding C object CMakeFiles/grid_map_msgs__python.dir/rosidl_generator_py/grid_map_msgs/srv/_get_grid_map_info_s.c.o[0m
[ 87%] [32mBuilding C object CMakeFiles/grid_map_msgs__python.dir/rosidl_generator_py/grid_map_msgs/srv/_get_grid_map_s.c.o[0m
[ 88%] [32mBuilding C object CMakeFiles/grid_map_msgs__python.dir/rosidl_generator_py/grid_map_msgs/srv/_set_grid_map_s.c.o[0m
[ 90%] [32mBuilding C object CMakeFiles/grid_map_msgs__python.dir/rosidl_generator_py/grid_map_msgs/msg/_grid_map_s.c.o[0m
[ 91%] [32m[1mLinking C shared library rosidl_generator_py/grid_map_msgs/libgrid_map_msgs__python.so[0m
[ 91%] Built target grid_map_msgs__python
[35m[1mScanning dependencies of target grid_map_msgs__rosidl_typesupport_introspection_c__pyext[0m
[ 92%] [32mBuilding C object CMakeFiles/grid_map_msgs__rosidl_typesupport_introspection_c__pyext.dir/rosidl_generator_py/grid_map_msgs/_grid_map_msgs_s.ep.rosidl_typesupport_introspection_c.c.o[0m
[ 94%] [32m[1mLinking C shared library rosidl_generator_py/grid_map_msgs/grid_map_msgs_s__rosidl_typesupport_introspection_c.cpython-38-x86_64-linux-gnu.so[0m
[ 94%] Built target grid_map_msgs__rosidl_typesupport_introspection_c__pyext
[35m[1mScanning dependencies of target grid_map_msgs__rosidl_typesupport_c__pyext[0m
[ 95%] [32mBuilding C object CMakeFiles/grid_map_msgs__rosidl_typesupport_c__pyext.dir/rosidl_generator_py/grid_map_msgs/_grid_map_msgs_s.ep.rosidl_typesupport_c.c.o[0m
[ 97%] [32m[1mLinking C shared library rosidl_generator_py/grid_map_msgs/grid_map_msgs_s__rosidl_typesupport_c.cpython-38-x86_64-linux-gnu.so[0m
[ 97%] Built target grid_map_msgs__rosidl_typesupport_c__pyext
[35m[1mScanning dependencies of target grid_map_msgs__rosidl_typesupport_fastrtps_c__pyext[0m
[ 98%] [32mBuilding C object CMakeFiles/grid_map_msgs__rosidl_typesupport_fastrtps_c__pyext.dir/rosidl_generator_py/grid_map_msgs/_grid_map_msgs_s.ep.rosidl_typesupport_fastrtps_c.c.o[0m
[100%] [32m[1mLinking CXX shared library rosidl_generator_py/grid_map_msgs/grid_map_msgs_s__rosidl_typesupport_fastrtps_c.cpython-38-x86_64-linux-gnu.so[0m
[100%] Built target grid_map_msgs__rosidl_typesupport_fastrtps_c__pyext
-- Install configuration: "Release"
-- Execute custom install script
-- Symlinking: /home/cityu/autoware/install/grid_map_msgs/share/ament_index/resource_index/rosidl_interfaces/grid_map_msgs
-- Symlinking: /home/cityu/autoware/install/grid_map_msgs/include/grid_map_msgs/msg/detail/grid_map__functions.h
-- Symlinking: /home/cityu/autoware/install/grid_map_msgs/include/grid_map_msgs/msg/detail/grid_map__struct.h
-- Symlinking: /home/cityu/autoware/install/grid_map_msgs/include/grid_map_msgs/msg/detail/grid_map__type_support.h
-- Symlinking: /home/cityu/autoware/install/grid_map_msgs/include/grid_map_msgs/msg/detail/grid_map_info__functions.h
-- Symlinking: /home/cityu/autoware/install/grid_map_msgs/include/grid_map_msgs/msg/detail/grid_map_info__struct.h
-- Symlinking: /home/cityu/autoware/install/grid_map_msgs/include/grid_map_msgs/msg/detail/grid_map_info__type_support.h
-- Symlinking: /home/cityu/autoware/install/grid_map_msgs/include/grid_map_msgs/msg/grid_map.h
-- Symlinking: /home/cityu/autoware/install/grid_map_msgs/include/grid_map_msgs/msg/grid_map_info.h
-- Symlinking: /home/cityu/autoware/install/grid_map_msgs/include/grid_map_msgs/msg/rosidl_generator_c__visibility_control.h
-- Symlinking: /home/cityu/autoware/install/grid_map_msgs/include/grid_map_msgs/srv/detail/get_grid_map__functions.h
-- Symlinking: /home/cityu/autoware/install/grid_map_msgs/include/grid_map_msgs/srv/detail/get_grid_map__struct.h
-- Symlinking: /home/cityu/autoware/install/grid_map_msgs/include/grid_map_msgs/srv/detail/get_grid_map__type_support.h
-- Symlinking: /home/cityu/autoware/install/grid_map_msgs/include/grid_map_msgs/srv/detail/get_grid_map_info__functions.h
-- Symlinking: /home/cityu/autoware/install/grid_map_msgs/include/grid_map_msgs/srv/detail/get_grid_map_info__struct.h
-- Symlinking: /home/cityu/autoware/install/grid_map_msgs/include/grid_map_msgs/srv/detail/get_grid_map_info__type_support.h
-- Symlinking: /home/cityu/autoware/install/grid_map_msgs/include/grid_map_msgs/srv/detail/process_file__functions.h
-- Symlinking: /home/cityu/autoware/install/grid_map_msgs/include/grid_map_msgs/srv/detail/process_file__struct.h
-- Symlinking: /home/cityu/autoware/install/grid_map_msgs/include/grid_map_msgs/srv/detail/process_file__type_support.h
-- Symlinking: /home/cityu/autoware/install/grid_map_msgs/include/grid_map_msgs/srv/detail/set_grid_map__functions.h
-- Symlinking: /home/cityu/autoware/install/grid_map_msgs/include/grid_map_msgs/srv/detail/set_grid_map__struct.h
-- Symlinking: /home/cityu/autoware/install/grid_map_msgs/include/grid_map_msgs/srv/detail/set_grid_map__type_support.h
-- Symlinking: /home/cityu/autoware/install/grid_map_msgs/include/grid_map_msgs/srv/get_grid_map.h
-- Symlinking: /home/cityu/autoware/install/grid_map_msgs/include/grid_map_msgs/srv/get_grid_map_info.h
-- Symlinking: /home/cityu/autoware/install/grid_map_msgs/include/grid_map_msgs/srv/process_file.h
-- Symlinking: /home/cityu/autoware/install/grid_map_msgs/include/grid_map_msgs/srv/set_grid_map.h
-- Symlinking: /home/cityu/autoware/install/grid_map_msgs/share/grid_map_msgs/environment/library_path.sh
-- Symlinking: /home/cityu/autoware/install/grid_map_msgs/share/grid_map_msgs/environment/library_path.dsv
-- Symlinking: /home/cityu/autoware/install/grid_map_msgs/include/grid_map_msgs/msg/detail/grid_map__rosidl_typesupport_fastrtps_c.h
-- Symlinking: /home/cityu/autoware/install/grid_map_msgs/include/grid_map_msgs/msg/detail/grid_map_info__rosidl_typesupport_fastrtps_c.h
-- Symlinking: /home/cityu/autoware/install/grid_map_msgs/include/grid_map_msgs/msg/rosidl_typesupport_fastrtps_c__visibility_control.h
-- Symlinking: /home/cityu/autoware/install/grid_map_msgs/include/grid_map_msgs/srv/detail/get_grid_map__rosidl_typesupport_fastrtps_c.h
-- Symlinking: /home/cityu/autoware/install/grid_map_msgs/include/grid_map_msgs/srv/detail/get_grid_map_info__rosidl_typesupport_fastrtps_c.h
-- Symlinking: /home/cityu/autoware/install/grid_map_msgs/include/grid_map_msgs/srv/detail/process_file__rosidl_typesupport_fastrtps_c.h
-- Symlinking: /home/cityu/autoware/install/grid_map_msgs/include/grid_map_msgs/srv/detail/set_grid_map__rosidl_typesupport_fastrtps_c.h
-- Symlinking: /home/cityu/autoware/install/grid_map_msgs/lib/libgrid_map_msgs__rosidl_typesupport_fastrtps_c.so
-- Symlinking: /home/cityu/autoware/install/grid_map_msgs/include/grid_map_msgs/msg/detail/grid_map__rosidl_typesupport_fastrtps_cpp.hpp
-- Symlinking: /home/cityu/autoware/install/grid_map_msgs/include/grid_map_msgs/msg/detail/grid_map_info__rosidl_typesupport_fastrtps_cpp.hpp
-- Symlinking: /home/cityu/autoware/install/grid_map_msgs/include/grid_map_msgs/msg/rosidl_typesupport_fastrtps_cpp__visibility_control.h
-- Symlinking: /home/cityu/autoware/install/grid_map_msgs/include/grid_map_msgs/srv/detail/get_grid_map__rosidl_typesupport_fastrtps_cpp.hpp
-- Symlinking: /home/cityu/autoware/install/grid_map_msgs/include/grid_map_msgs/srv/detail/get_grid_map_info__rosidl_typesupport_fastrtps_cpp.hpp
-- Symlinking: /home/cityu/autoware/install/grid_map_msgs/include/grid_map_msgs/srv/detail/process_file__rosidl_typesupport_fastrtps_cpp.hpp
-- Symlinking: /home/cityu/autoware/install/grid_map_msgs/include/grid_map_msgs/srv/detail/set_grid_map__rosidl_typesupport_fastrtps_cpp.hpp
-- Symlinking: /home/cityu/autoware/install/grid_map_msgs/lib/libgrid_map_msgs__rosidl_typesupport_fastrtps_cpp.so
-- Symlinking: /home/cityu/autoware/install/grid_map_msgs/include/grid_map_msgs/msg/detail/grid_map__rosidl_typesupport_introspection_c.h
-- Symlinking: /home/cityu/autoware/install/grid_map_msgs/include/grid_map_msgs/msg/detail/grid_map_info__rosidl_typesupport_introspection_c.h
-- Symlinking: /home/cityu/autoware/install/grid_map_msgs/include/grid_map_msgs/msg/rosidl_typesupport_introspection_c__visibility_control.h
-- Symlinking: /home/cityu/autoware/install/grid_map_msgs/include/grid_map_msgs/srv/detail/get_grid_map__rosidl_typesupport_introspection_c.h
-- Symlinking: /home/cityu/autoware/install/grid_map_msgs/include/grid_map_msgs/srv/detail/get_grid_map_info__rosidl_typesupport_introspection_c.h
-- Symlinking: /home/cityu/autoware/install/grid_map_msgs/include/grid_map_msgs/srv/detail/process_file__rosidl_typesupport_introspection_c.h
-- Symlinking: /home/cityu/autoware/install/grid_map_msgs/include/grid_map_msgs/srv/detail/set_grid_map__rosidl_typesupport_introspection_c.h
-- Symlinking: /home/cityu/autoware/install/grid_map_msgs/include/grid_map_msgs/msg/detail/grid_map__builder.hpp
-- Symlinking: /home/cityu/autoware/install/grid_map_msgs/include/grid_map_msgs/msg/detail/grid_map__struct.hpp
-- Symlinking: /home/cityu/autoware/install/grid_map_msgs/include/grid_map_msgs/msg/detail/grid_map__traits.hpp
-- Symlinking: /home/cityu/autoware/install/grid_map_msgs/include/grid_map_msgs/msg/detail/grid_map_info__builder.hpp
-- Symlinking: /home/cityu/autoware/install/grid_map_msgs/include/grid_map_msgs/msg/detail/grid_map_info__struct.hpp
-- Symlinking: /home/cityu/autoware/install/grid_map_msgs/include/grid_map_msgs/msg/detail/grid_map_info__traits.hpp
-- Symlinking: /home/cityu/autoware/install/grid_map_msgs/include/grid_map_msgs/msg/grid_map.hpp
-- Symlinking: /home/cityu/autoware/install/grid_map_msgs/include/grid_map_msgs/msg/grid_map_info.hpp
-- Symlinking: /home/cityu/autoware/install/grid_map_msgs/include/grid_map_msgs/srv/detail/get_grid_map__builder.hpp
-- Symlinking: /home/cityu/autoware/install/grid_map_msgs/include/grid_map_msgs/srv/detail/get_grid_map__struct.hpp
-- Symlinking: /home/cityu/autoware/install/grid_map_msgs/include/grid_map_msgs/srv/detail/get_grid_map__traits.hpp
-- Symlinking: /home/cityu/autoware/install/grid_map_msgs/include/grid_map_msgs/srv/detail/get_grid_map_info__builder.hpp
-- Symlinking: /home/cityu/autoware/install/grid_map_msgs/include/grid_map_msgs/srv/detail/get_grid_map_info__struct.hpp
-- Symlinking: /home/cityu/autoware/install/grid_map_msgs/include/grid_map_msgs/srv/detail/get_grid_map_info__traits.hpp
-- Symlinking: /home/cityu/autoware/install/grid_map_msgs/include/grid_map_msgs/srv/detail/process_file__builder.hpp
-- Symlinking: /home/cityu/autoware/install/grid_map_msgs/include/grid_map_msgs/srv/detail/process_file__struct.hpp
-- Symlinking: /home/cityu/autoware/install/grid_map_msgs/include/grid_map_msgs/srv/detail/process_file__traits.hpp
-- Symlinking: /home/cityu/autoware/install/grid_map_msgs/include/grid_map_msgs/srv/detail/set_grid_map__builder.hpp
-- Symlinking: /home/cityu/autoware/install/grid_map_msgs/include/grid_map_msgs/srv/detail/set_grid_map__struct.hpp
-- Symlinking: /home/cityu/autoware/install/grid_map_msgs/include/grid_map_msgs/srv/detail/set_grid_map__traits.hpp
-- Symlinking: /home/cityu/autoware/install/grid_map_msgs/include/grid_map_msgs/srv/get_grid_map.hpp
-- Symlinking: /home/cityu/autoware/install/grid_map_msgs/include/grid_map_msgs/srv/get_grid_map_info.hpp
-- Symlinking: /home/cityu/autoware/install/grid_map_msgs/include/grid_map_msgs/srv/process_file.hpp
-- Symlinking: /home/cityu/autoware/install/grid_map_msgs/include/grid_map_msgs/srv/set_grid_map.hpp
-- Symlinking: /home/cityu/autoware/install/grid_map_msgs/include/grid_map_msgs/msg/detail/grid_map__rosidl_typesupport_introspection_cpp.hpp
-- Symlinking: /home/cityu/autoware/install/grid_map_msgs/include/grid_map_msgs/msg/detail/grid_map_info__rosidl_typesupport_introspection_cpp.hpp
-- Symlinking: /home/cityu/autoware/install/grid_map_msgs/include/grid_map_msgs/srv/detail/get_grid_map__rosidl_typesupport_introspection_cpp.hpp
-- Symlinking: /home/cityu/autoware/install/grid_map_msgs/include/grid_map_msgs/srv/detail/get_grid_map_info__rosidl_typesupport_introspection_cpp.hpp
-- Symlinking: /home/cityu/autoware/install/grid_map_msgs/include/grid_map_msgs/srv/detail/process_file__rosidl_typesupport_introspection_cpp.hpp
-- Symlinking: /home/cityu/autoware/install/grid_map_msgs/include/grid_map_msgs/srv/detail/set_grid_map__rosidl_typesupport_introspection_cpp.hpp
-- Symlinking: /home/cityu/autoware/install/grid_map_msgs/share/grid_map_msgs/environment/pythonpath.sh
-- Symlinking: /home/cityu/autoware/install/grid_map_msgs/share/grid_map_msgs/environment/pythonpath.dsv
-- Symlinking: /home/cityu/autoware/install/grid_map_msgs/lib/python3.8/site-packages/grid_map_msgs/__init__.py
-- Symlinking: /home/cityu/autoware/install/grid_map_msgs/lib/python3.8/site-packages/grid_map_msgs/msg/__init__.py
-- Symlinking: /home/cityu/autoware/install/grid_map_msgs/lib/python3.8/site-packages/grid_map_msgs/msg/_grid_map.py
-- Symlinking: /home/cityu/autoware/install/grid_map_msgs/lib/python3.8/site-packages/grid_map_msgs/msg/_grid_map_info.py
-- Symlinking: /home/cityu/autoware/install/grid_map_msgs/lib/python3.8/site-packages/grid_map_msgs/srv/__init__.py
-- Symlinking: /home/cityu/autoware/install/grid_map_msgs/lib/python3.8/site-packages/grid_map_msgs/srv/_get_grid_map.py
-- Symlinking: /home/cityu/autoware/install/grid_map_msgs/lib/python3.8/site-packages/grid_map_msgs/srv/_get_grid_map_info.py
-- Symlinking: /home/cityu/autoware/install/grid_map_msgs/lib/python3.8/site-packages/grid_map_msgs/srv/_process_file.py
-- Symlinking: /home/cityu/autoware/install/grid_map_msgs/lib/python3.8/site-packages/grid_map_msgs/srv/_set_grid_map.py
-- Symlinking: /home/cityu/autoware/install/grid_map_msgs/lib/python3.8/site-packages/grid_map_msgs/grid_map_msgs_s__rosidl_typesupport_fastrtps_c.cpython-38-x86_64-linux-gnu.so
-- Symlinking: /home/cityu/autoware/install/grid_map_msgs/lib/python3.8/site-packages/grid_map_msgs/grid_map_msgs_s__rosidl_typesupport_introspection_c.cpython-38-x86_64-linux-gnu.so
-- Symlinking: /home/cityu/autoware/install/grid_map_msgs/lib/python3.8/site-packages/grid_map_msgs/grid_map_msgs_s__rosidl_typesupport_c.cpython-38-x86_64-linux-gnu.so
-- Symlinking: /home/cityu/autoware/install/grid_map_msgs/lib/libgrid_map_msgs__python.so
-- Symlinking: /home/cityu/autoware/install/grid_map_msgs/share/grid_map_msgs/msg/GridMapInfo.idl
-- Symlinking: /home/cityu/autoware/install/grid_map_msgs/share/grid_map_msgs/msg/GridMap.idl
-- Symlinking: /home/cityu/autoware/install/grid_map_msgs/share/grid_map_msgs/srv/SetGridMap.idl
-- Symlinking: /home/cityu/autoware/install/grid_map_msgs/share/grid_map_msgs/srv/GetGridMap.idl
-- Symlinking: /home/cityu/autoware/install/grid_map_msgs/share/grid_map_msgs/srv/GetGridMapInfo.idl
-- Symlinking: /home/cityu/autoware/install/grid_map_msgs/share/grid_map_msgs/srv/ProcessFile.idl
-- Symlinking: /home/cityu/autoware/install/grid_map_msgs/share/grid_map_msgs/msg/GridMapInfo.msg
-- Symlinking: /home/cityu/autoware/install/grid_map_msgs/share/grid_map_msgs/msg/GridMap.msg
-- Symlinking: /home/cityu/autoware/install/grid_map_msgs/share/grid_map_msgs/srv/SetGridMap.srv
-- Symlinking: /home/cityu/autoware/install/grid_map_msgs/share/grid_map_msgs/srv/SetGridMap_Request.msg
-- Symlinking: /home/cityu/autoware/install/grid_map_msgs/share/grid_map_msgs/srv/SetGridMap_Response.msg
-- Symlinking: /home/cityu/autoware/install/grid_map_msgs/share/grid_map_msgs/srv/GetGridMap.srv
-- Symlinking: /home/cityu/autoware/install/grid_map_msgs/share/grid_map_msgs/srv/GetGridMap_Request.msg
-- Symlinking: /home/cityu/autoware/install/grid_map_msgs/share/grid_map_msgs/srv/GetGridMap_Response.msg
-- Symlinking: /home/cityu/autoware/install/grid_map_msgs/share/grid_map_msgs/srv/GetGridMapInfo.srv
-- Symlinking: /home/cityu/autoware/install/grid_map_msgs/share/grid_map_msgs/srv/GetGridMapInfo_Request.msg
-- Symlinking: /home/cityu/autoware/install/grid_map_msgs/share/grid_map_msgs/srv/GetGridMapInfo_Response.msg
-- Symlinking: /home/cityu/autoware/install/grid_map_msgs/share/grid_map_msgs/srv/ProcessFile.srv
-- Symlinking: /home/cityu/autoware/install/grid_map_msgs/share/grid_map_msgs/srv/ProcessFile_Request.msg
-- Symlinking: /home/cityu/autoware/install/grid_map_msgs/share/grid_map_msgs/srv/ProcessFile_Response.msg
-- Symlinking: /home/cityu/autoware/install/grid_map_msgs/share/ament_index/resource_index/package_run_dependencies/grid_map_msgs
-- Symlinking: /home/cityu/autoware/install/grid_map_msgs/share/ament_index/resource_index/parent_prefix_path/grid_map_msgs
-- Symlinking: /home/cityu/autoware/install/grid_map_msgs/share/grid_map_msgs/environment/ament_prefix_path.sh
-- Symlinking: /home/cityu/autoware/install/grid_map_msgs/share/grid_map_msgs/environment/ament_prefix_path.dsv
-- Symlinking: /home/cityu/autoware/install/grid_map_msgs/share/grid_map_msgs/environment/path.sh
-- Symlinking: /home/cityu/autoware/install/grid_map_msgs/share/grid_map_msgs/environment/path.dsv
-- Symlinking: /home/cityu/autoware/install/grid_map_msgs/share/grid_map_msgs/local_setup.bash
-- Symlinking: /home/cityu/autoware/install/grid_map_msgs/share/grid_map_msgs/local_setup.sh
-- Symlinking: /home/cityu/autoware/install/grid_map_msgs/share/grid_map_msgs/local_setup.zsh
-- Symlinking: /home/cityu/autoware/install/grid_map_msgs/share/grid_map_msgs/local_setup.dsv
-- Symlinking: /home/cityu/autoware/install/grid_map_msgs/share/grid_map_msgs/package.dsv
-- Symlinking: /home/cityu/autoware/install/grid_map_msgs/share/ament_index/resource_index/packages/grid_map_msgs
-- Symlinking: /home/cityu/autoware/install/grid_map_msgs/share/grid_map_msgs/cmake/rosidl_cmake-extras.cmake
-- Symlinking: /home/cityu/autoware/install/grid_map_msgs/share/grid_map_msgs/cmake/ament_cmake_export_dependencies-extras.cmake
-- Symlinking: /home/cityu/autoware/install/grid_map_msgs/share/grid_map_msgs/cmake/ament_cmake_export_libraries-extras.cmake
-- Symlinking: /home/cityu/autoware/install/grid_map_msgs/share/grid_map_msgs/cmake/ament_cmake_export_targets-extras.cmake
-- Symlinking: /home/cityu/autoware/install/grid_map_msgs/share/grid_map_msgs/cmake/ament_cmake_export_include_directories-extras.cmake
-- Symlinking: /home/cityu/autoware/install/grid_map_msgs/share/grid_map_msgs/cmake/rosidl_cmake_export_typesupport_libraries-extras.cmake
-- Symlinking: /home/cityu/autoware/install/grid_map_msgs/share/grid_map_msgs/cmake/rosidl_cmake_export_typesupport_targets-extras.cmake
-- Symlinking: /home/cityu/autoware/install/grid_map_msgs/share/grid_map_msgs/cmake/grid_map_msgsConfig.cmake
-- Symlinking: /home/cityu/autoware/install/grid_map_msgs/share/grid_map_msgs/cmake/grid_map_msgsConfig-version.cmake
-- Symlinking: /home/cityu/autoware/install/grid_map_msgs/share/grid_map_msgs/package.xml
-- Installing: /home/cityu/autoware/install/grid_map_msgs/lib/libgrid_map_msgs__rosidl_generator_c.so
-- Set runtime path of "/home/cityu/autoware/install/grid_map_msgs/lib/libgrid_map_msgs__rosidl_generator_c.so" to ""
-- Installing: /home/cityu/autoware/install/grid_map_msgs/lib/libgrid_map_msgs__rosidl_typesupport_introspection_c.so
-- Set runtime path of "/home/cityu/autoware/install/grid_map_msgs/lib/libgrid_map_msgs__rosidl_typesupport_introspection_c.so" to ""
-- Installing: /home/cityu/autoware/install/grid_map_msgs/lib/libgrid_map_msgs__rosidl_typesupport_c.so
-- Set runtime path of "/home/cityu/autoware/install/grid_map_msgs/lib/libgrid_map_msgs__rosidl_typesupport_c.so" to ""
-- Installing: /home/cityu/autoware/install/grid_map_msgs/lib/libgrid_map_msgs__rosidl_typesupport_introspection_cpp.so
-- Set runtime path of "/home/cityu/autoware/install/grid_map_msgs/lib/libgrid_map_msgs__rosidl_typesupport_introspection_cpp.so" to ""
-- Installing: /home/cityu/autoware/install/grid_map_msgs/lib/libgrid_map_msgs__rosidl_typesupport_cpp.so
-- Set runtime path of "/home/cityu/autoware/install/grid_map_msgs/lib/libgrid_map_msgs__rosidl_typesupport_cpp.so" to ""
Compiling '/home/cityu/autoware/install/grid_map_msgs/lib/python3.8/site-packages/grid_map_msgs/__init__.py'...
-- Installing: /home/cityu/autoware/install/grid_map_msgs/share/grid_map_msgs/cmake/grid_map_msgs__rosidl_generator_cExport.cmake
-- Installing: /home/cityu/autoware/install/grid_map_msgs/share/grid_map_msgs/cmake/grid_map_msgs__rosidl_generator_cExport-release.cmake
-- Installing: /home/cityu/autoware/install/grid_map_msgs/share/grid_map_msgs/cmake/grid_map_msgs__rosidl_typesupport_introspection_cExport.cmake
-- Installing: /home/cityu/autoware/install/grid_map_msgs/share/grid_map_msgs/cmake/grid_map_msgs__rosidl_typesupport_introspection_cExport-release.cmake
-- Installing: /home/cityu/autoware/install/grid_map_msgs/share/grid_map_msgs/cmake/grid_map_msgs__rosidl_typesupport_cExport.cmake
-- Installing: /home/cityu/autoware/install/grid_map_msgs/share/grid_map_msgs/cmake/grid_map_msgs__rosidl_typesupport_cExport-release.cmake
-- Installing: /home/cityu/autoware/install/grid_map_msgs/share/grid_map_msgs/cmake/grid_map_msgs__rosidl_generator_cppExport.cmake
-- Installing: /home/cityu/autoware/install/grid_map_msgs/share/grid_map_msgs/cmake/grid_map_msgs__rosidl_typesupport_introspection_cppExport.cmake
-- Installing: /home/cityu/autoware/install/grid_map_msgs/share/grid_map_msgs/cmake/grid_map_msgs__rosidl_typesupport_introspection_cppExport-release.cmake
-- Installing: /home/cityu/autoware/install/grid_map_msgs/share/grid_map_msgs/cmake/grid_map_msgs__rosidl_typesupport_cppExport.cmake
-- Installing: /home/cityu/autoware/install/grid_map_msgs/share/grid_map_msgs/cmake/grid_map_msgs__rosidl_typesupport_cppExport-release.cmake
