-- Found autoware_cmake: 0.1.0 (/home/cityu/autoware/install/autoware_cmake/share/autoware_cmake/cmake)
-- Found ament_cmake_auto: 1.1.6 (/opt/ros/galactic/share/ament_cmake_auto/cmake)
-- Using PYTHON_EXECUTABLE: /usr/bin/python3
-- Override CMake install command with custom implementation using symlinks instead of copying resources
-- Using all available rosidl_typesupport_c: rosidl_typesupport_fastrtps_c;rosidl_typesupport_introspection_c
-- Found rosidl_adapter: 2.2.3 (/opt/ros/galactic/share/rosidl_adapter/cmake)
-- Using all available rosidl_typesupport_cpp: rosidl_typesupport_fastrtps_cpp;rosidl_typesupport_introspection_cpp
-- Found rmw_implementation_cmake: 3.3.1 (/opt/ros/galactic/share/rmw_implementation_cmake/cmake)
-- Found rmw_cyclonedds_cpp: 0.22.6 (/opt/ros/galactic/share/rmw_cyclonedds_cpp/cmake)
-- Using RMW implementation 'rmw_cyclonedds_cpp' as default
-- Found mrt_cmake_modules: 1.0.9 (/opt/ros/galactic/share/mrt_cmake_modules/cmake)
-- Found OpenMP_C: -fopenmp  
-- Found OpenMP_CXX: -fopenmp  
-- Found OpenMP: TRUE   
-- Found eigen3_cmake_module: 0.1.1 (/opt/ros/galactic/share/eigen3_cmake_module/cmake)
-- Found ament_lint_auto: 0.10.7 (/opt/ros/galactic/share/ament_lint_auto/cmake)
-- Found gtest sources under '/opt/ros/galactic/src/gtest_vendor': C++ tests using 'Google Test' will be built
-- Found gtest sources under '/opt/ros/galactic/src/gtest_vendor': C++ tests using 'Google Test' will be built
-- Found gtest sources under '/opt/ros/galactic/src/gtest_vendor': C++ tests using 'Google Test' will be built
-- Found gtest sources under '/opt/ros/galactic/src/gtest_vendor': C++ tests using 'Google Test' will be built
-- Found gtest sources under '/opt/ros/galactic/src/gtest_vendor': C++ tests using 'Google Test' will be built
-- Found gtest sources under '/opt/ros/galactic/src/gtest_vendor': C++ tests using 'Google Test' will be built
-- Configuring done
CMake Warning:
  Manually-specified variables were not used by the project:

    DOWNLOAD_ARTIFACTS


-- Generating done
-- Build files have been written to: /home/cityu/autoware/build/lanelet2_extension
[  5%] Built target gtest
[ 11%] Built target gtest_main
[ 13%] [32mBuilding CXX object CMakeFiles/lanelet2_extension_lib.dir/lib/autoware_osm_parser.cpp.o[0m
[ 16%] [32mBuilding CXX object CMakeFiles/lanelet2_extension_lib.dir/lib/route_checker.cpp.o[0m
[ 19%] [32mBuilding CXX object CMakeFiles/lanelet2_extension_lib.dir/lib/visualization.cpp.o[0m
[ 22%] [32mBuilding CXX object CMakeFiles/lanelet2_extension_lib.dir/lib/virtual_traffic_light.cpp.o[0m
[ 25%] [32mBuilding CXX object CMakeFiles/lanelet2_extension_lib.dir/lib/utilities.cpp.o[0m
[ 36%] [32mBuilding CXX object CMakeFiles/lanelet2_extension_lib.dir/lib/speed_bump.cpp.o[0m
[ 36%] [32mBuilding CXX object CMakeFiles/lanelet2_extension_lib.dir/lib/query.cpp.o[0m
[ 36%] [32mBuilding CXX object CMakeFiles/lanelet2_extension_lib.dir/lib/mgrs_projector.cpp.o[0m
[ 36%] [32mBuilding CXX object CMakeFiles/lanelet2_extension_lib.dir/lib/road_marking.cpp.o[0m
[ 44%] [32mBuilding CXX object CMakeFiles/lanelet2_extension_lib.dir/lib/message_conversion.cpp.o[0m
[ 44%] [32mBuilding CXX object CMakeFiles/lanelet2_extension_lib.dir/lib/detection_area.cpp.o[0m
[ 44%] [32mBuilding CXX object CMakeFiles/lanelet2_extension_lib.dir/lib/no_stopping_area.cpp.o[0m
[ 47%] [32mBuilding CXX object CMakeFiles/lanelet2_extension_lib.dir/lib/autoware_traffic_light.cpp.o[0m
[ 50%] [32m[1mLinking CXX shared library liblanelet2_extension_lib.so[0m
[ 50%] Built target lanelet2_extension_lib
[ 52%] [32mBuilding CXX object CMakeFiles/route-test.dir/test/src/test_route_checker.cpp.o[0m
[ 55%] [32m[1mLinking CXX executable route-test[0m
[ 55%] Built target route-test
[ 58%] [32mBuilding CXX object CMakeFiles/regulatory_elements-test.dir/test/src/test_regulatory_elements.cpp.o[0m
[ 61%] [32m[1mLinking CXX executable regulatory_elements-test[0m
[ 61%] Built target regulatory_elements-test
[ 63%] [32mBuilding CXX object CMakeFiles/lanelet2_extension_sample.dir/src/sample_code.cpp.o[0m
[ 66%] [32m[1mLinking CXX executable lanelet2_extension_sample[0m
[ 66%] Built target lanelet2_extension_sample
[ 69%] [32mBuilding CXX object CMakeFiles/query-test.dir/test/src/test_query.cpp.o[0m
[ 72%] [32mBuilding CXX object CMakeFiles/utilities-test.dir/test/src/test_utilities.cpp.o[0m
[ 75%] [32m[1mLinking CXX executable query-test[0m
[ 75%] Built target query-test
[ 77%] [32mBuilding CXX object CMakeFiles/projector-test.dir/test/src/test_projector.cpp.o[0m
[ 80%] [32mBuilding CXX object CMakeFiles/message_conversion-test.dir/test/src/test_message_conversion.cpp.o[0m
[ 83%] [32m[1mLinking CXX executable projector-test[0m
[ 83%] Built target projector-test
[ 86%] [32mBuilding CXX object CMakeFiles/check_right_of_way.dir/src/check_right_of_way.cpp.o[0m
[ 88%] [32mBuilding CXX object CMakeFiles/autoware_lanelet2_validation.dir/src/validation.cpp.o[0m
[ 91%] [32m[1mLinking CXX executable message_conversion-test[0m
[ 94%] [32m[1mLinking CXX executable utilities-test[0m
[ 94%] Built target message_conversion-test
[ 94%] Built target utilities-test
[ 97%] [32m[1mLinking CXX executable check_right_of_way[0m
[ 97%] Built target check_right_of_way
[100%] [32m[1mLinking CXX executable autoware_lanelet2_validation[0m
[100%] Built target autoware_lanelet2_validation
-- Install configuration: "Release"
-- Execute custom install script
-- Up-to-date symlink: /home/cityu/autoware/install/lanelet2_extension/include/lanelet2_extension/io/autoware_osm_parser.hpp
-- Up-to-date symlink: /home/cityu/autoware/install/lanelet2_extension/include/lanelet2_extension/projection/mgrs_projector.hpp
-- Up-to-date symlink: /home/cityu/autoware/install/lanelet2_extension/include/lanelet2_extension/regulatory_elements/autoware_traffic_light.hpp
-- Up-to-date symlink: /home/cityu/autoware/install/lanelet2_extension/include/lanelet2_extension/regulatory_elements/detection_area.hpp
-- Up-to-date symlink: /home/cityu/autoware/install/lanelet2_extension/include/lanelet2_extension/regulatory_elements/no_stopping_area.hpp
-- Up-to-date symlink: /home/cityu/autoware/install/lanelet2_extension/include/lanelet2_extension/regulatory_elements/road_marking.hpp
-- Up-to-date symlink: /home/cityu/autoware/install/lanelet2_extension/include/lanelet2_extension/regulatory_elements/speed_bump.hpp
-- Up-to-date symlink: /home/cityu/autoware/install/lanelet2_extension/include/lanelet2_extension/regulatory_elements/virtual_traffic_light.hpp
-- Up-to-date symlink: /home/cityu/autoware/install/lanelet2_extension/include/lanelet2_extension/utility/message_conversion.hpp
-- Up-to-date symlink: /home/cityu/autoware/install/lanelet2_extension/include/lanelet2_extension/utility/query.hpp
-- Up-to-date symlink: /home/cityu/autoware/install/lanelet2_extension/include/lanelet2_extension/utility/route_checker.hpp
-- Up-to-date symlink: /home/cityu/autoware/install/lanelet2_extension/include/lanelet2_extension/utility/utilities.hpp
-- Up-to-date symlink: /home/cityu/autoware/install/lanelet2_extension/include/lanelet2_extension/visualization/visualization.hpp
-- Up-to-date symlink: /home/cityu/autoware/install/lanelet2_extension/share/lanelet2_extension/environment/library_path.sh
-- Up-to-date symlink: /home/cityu/autoware/install/lanelet2_extension/share/lanelet2_extension/environment/library_path.dsv
-- Up-to-date symlink: /home/cityu/autoware/install/lanelet2_extension/lib/liblanelet2_extension_lib.so
-- Up-to-date symlink: /home/cityu/autoware/install/lanelet2_extension/lib/lanelet2_extension/lanelet2_extension_sample
-- Up-to-date symlink: /home/cityu/autoware/install/lanelet2_extension/lib/lanelet2_extension/autoware_lanelet2_validation
-- Up-to-date symlink: /home/cityu/autoware/install/lanelet2_extension/lib/lanelet2_extension/check_right_of_way
-- Up-to-date symlink: /home/cityu/autoware/install/lanelet2_extension/share/ament_index/resource_index/package_run_dependencies/lanelet2_extension
-- Up-to-date symlink: /home/cityu/autoware/install/lanelet2_extension/share/ament_index/resource_index/parent_prefix_path/lanelet2_extension
-- Up-to-date symlink: /home/cityu/autoware/install/lanelet2_extension/share/lanelet2_extension/environment/ament_prefix_path.sh
-- Up-to-date symlink: /home/cityu/autoware/install/lanelet2_extension/share/lanelet2_extension/environment/ament_prefix_path.dsv
-- Up-to-date symlink: /home/cityu/autoware/install/lanelet2_extension/share/lanelet2_extension/environment/path.sh
-- Up-to-date symlink: /home/cityu/autoware/install/lanelet2_extension/share/lanelet2_extension/environment/path.dsv
-- Up-to-date symlink: /home/cityu/autoware/install/lanelet2_extension/share/lanelet2_extension/local_setup.bash
-- Up-to-date symlink: /home/cityu/autoware/install/lanelet2_extension/share/lanelet2_extension/local_setup.sh
-- Up-to-date symlink: /home/cityu/autoware/install/lanelet2_extension/share/lanelet2_extension/local_setup.zsh
-- Up-to-date symlink: /home/cityu/autoware/install/lanelet2_extension/share/lanelet2_extension/local_setup.dsv
-- Symlinking: /home/cityu/autoware/install/lanelet2_extension/share/lanelet2_extension/package.dsv
-- Up-to-date symlink: /home/cityu/autoware/install/lanelet2_extension/share/ament_index/resource_index/packages/lanelet2_extension
-- Up-to-date symlink: /home/cityu/autoware/install/lanelet2_extension/share/lanelet2_extension/cmake/ament_cmake_export_dependencies-extras.cmake
-- Up-to-date symlink: /home/cityu/autoware/install/lanelet2_extension/share/lanelet2_extension/cmake/ament_cmake_export_include_directories-extras.cmake
-- Up-to-date symlink: /home/cityu/autoware/install/lanelet2_extension/share/lanelet2_extension/cmake/ament_cmake_export_libraries-extras.cmake
-- Up-to-date symlink: /home/cityu/autoware/install/lanelet2_extension/share/lanelet2_extension/cmake/lanelet2_extensionConfig.cmake
-- Up-to-date symlink: /home/cityu/autoware/install/lanelet2_extension/share/lanelet2_extension/cmake/lanelet2_extensionConfig-version.cmake
-- Up-to-date symlink: /home/cityu/autoware/install/lanelet2_extension/share/lanelet2_extension/package.xml
