[0.209s] Invoking command in '/home/cityu/autoware/build/component_interface_utils': AMENT_PREFIX_PATH=/home/cityu/autoware/install/tier4_system_msgs:/home/cityu/autoware/install/autoware_cmake:/home/cityu/autoware/install/autoware_lint_common:/home/cityu/autoware/install/autoware_common_msgs:/home/cityu/autoware/install/autoware_adapi_v1_msgs:${AMENT_PREFIX_PATH} CMAKE_PREFIX_PATH=/home/cityu/autoware/install/tier4_system_msgs:/home/cityu/autoware/install/autoware_cmake:/home/cityu/autoware/install/autoware_lint_common:/home/cityu/autoware/install/autoware_common_msgs:/home/cityu/autoware/install/autoware_adapi_v1_msgs:/opt/ros/galactic LD_LIBRARY_PATH=/home/cityu/autoware/install/tier4_system_msgs/lib:/home/cityu/autoware/install/autoware_common_msgs/lib:/home/cityu/autoware/install/autoware_adapi_v1_msgs/lib:${LD_LIBRARY_PATH} PYTHONPATH=/home/cityu/autoware/install/tier4_system_msgs/lib/python3.8/site-packages:/home/cityu/autoware/install/autoware_common_msgs/lib/python3.8/site-packages:/home/cityu/autoware/install/autoware_adapi_v1_msgs/lib/python3.8/site-packages:${PYTHONPATH} /usr/bin/cmake /home/cityu/autoware/src/universe/autoware.universe/common/component_interface_utils -DCMAKE_BUILD_TYPE=Release -DDOWNLOAD_ARTIFACTS=ON -DAMENT_CMAKE_SYMLINK_INSTALL=1 -DCMAKE_INSTALL_PREFIX=/home/cityu/autoware/install/component_interface_utils
[0.331s] -- Found autoware_cmake: 0.1.0 (/home/cityu/autoware/install/autoware_cmake/share/autoware_cmake/cmake)
[0.337s] -- Found ament_cmake_auto: 1.1.6 (/opt/ros/galactic/share/ament_cmake_auto/cmake)
[0.337s] -- Using PYTHON_EXECUTABLE: /usr/bin/python3
[0.365s] -- Override CMake install command with custom implementation using symlinks instead of copying resources
[0.512s] -- Using all available rosidl_typesupport_c: rosidl_typesupport_fastrtps_c;rosidl_typesupport_introspection_c
[0.517s] -- Found rosidl_adapter: 2.2.3 (/opt/ros/galactic/share/rosidl_adapter/cmake)
[0.702s] -- Using all available rosidl_typesupport_cpp: rosidl_typesupport_fastrtps_cpp;rosidl_typesupport_introspection_cpp
[1.025s] -- Found rmw_implementation_cmake: 3.3.1 (/opt/ros/galactic/share/rmw_implementation_cmake/cmake)
[1.028s] -- Found rmw_cyclonedds_cpp: 0.22.6 (/opt/ros/galactic/share/rmw_cyclonedds_cpp/cmake)
[1.061s] -- Using RMW implementation 'rmw_cyclonedds_cpp' as default
[1.425s] -- Found ament_lint_auto: 0.10.7 (/opt/ros/galactic/share/ament_lint_auto/cmake)
[1.442s] -- Added test 'copyright' to check source files copyright and LICENSE
[1.444s] -- Added test 'cppcheck' to perform static code analysis on C / C++ code
[1.444s] -- Configured cppcheck include dirs: 
[1.444s] -- Configured cppcheck exclude dirs and/or files: 
[1.445s] -- Added test 'lint_cmake' to check CMake code style
[1.445s] -- Added test 'xmllint' to check XML markup files
[1.468s] CMake Warning:
[1.469s]   Manually-specified variables were not used by the project:
[1.480s] 
[1.481s]     DOWNLOAD_ARTIFACTS
[1.482s] 
[1.482s] 
[1.482s] -- Configuring done
[1.482s] -- Generating done
[1.482s] -- Build files have been written to: /home/cityu/autoware/build/component_interface_utils
[1.543s] Invoked command in '/home/cityu/autoware/build/component_interface_utils' returned '0': AMENT_PREFIX_PATH=/home/cityu/autoware/install/tier4_system_msgs:/home/cityu/autoware/install/autoware_cmake:/home/cityu/autoware/install/autoware_lint_common:/home/cityu/autoware/install/autoware_common_msgs:/home/cityu/autoware/install/autoware_adapi_v1_msgs:${AMENT_PREFIX_PATH} CMAKE_PREFIX_PATH=/home/cityu/autoware/install/tier4_system_msgs:/home/cityu/autoware/install/autoware_cmake:/home/cityu/autoware/install/autoware_lint_common:/home/cityu/autoware/install/autoware_common_msgs:/home/cityu/autoware/install/autoware_adapi_v1_msgs:/opt/ros/galactic LD_LIBRARY_PATH=/home/cityu/autoware/install/tier4_system_msgs/lib:/home/cityu/autoware/install/autoware_common_msgs/lib:/home/cityu/autoware/install/autoware_adapi_v1_msgs/lib:${LD_LIBRARY_PATH} PYTHONPATH=/home/cityu/autoware/install/tier4_system_msgs/lib/python3.8/site-packages:/home/cityu/autoware/install/autoware_common_msgs/lib/python3.8/site-packages:/home/cityu/autoware/install/autoware_adapi_v1_msgs/lib/python3.8/site-packages:${PYTHONPATH} /usr/bin/cmake /home/cityu/autoware/src/universe/autoware.universe/common/component_interface_utils -DCMAKE_BUILD_TYPE=Release -DDOWNLOAD_ARTIFACTS=ON -DAMENT_CMAKE_SYMLINK_INSTALL=1 -DCMAKE_INSTALL_PREFIX=/home/cityu/autoware/install/component_interface_utils
[1.544s] Invoking command in '/home/cityu/autoware/build/component_interface_utils': AMENT_PREFIX_PATH=/home/cityu/autoware/install/tier4_system_msgs:/home/cityu/autoware/install/autoware_cmake:/home/cityu/autoware/install/autoware_lint_common:/home/cityu/autoware/install/autoware_common_msgs:/home/cityu/autoware/install/autoware_adapi_v1_msgs:${AMENT_PREFIX_PATH} CMAKE_PREFIX_PATH=/home/cityu/autoware/install/tier4_system_msgs:/home/cityu/autoware/install/autoware_cmake:/home/cityu/autoware/install/autoware_lint_common:/home/cityu/autoware/install/autoware_common_msgs:/home/cityu/autoware/install/autoware_adapi_v1_msgs:/opt/ros/galactic LD_LIBRARY_PATH=/home/cityu/autoware/install/tier4_system_msgs/lib:/home/cityu/autoware/install/autoware_common_msgs/lib:/home/cityu/autoware/install/autoware_adapi_v1_msgs/lib:${LD_LIBRARY_PATH} PYTHONPATH=/home/cityu/autoware/install/tier4_system_msgs/lib/python3.8/site-packages:/home/cityu/autoware/install/autoware_common_msgs/lib/python3.8/site-packages:/home/cityu/autoware/install/autoware_adapi_v1_msgs/lib/python3.8/site-packages:${PYTHONPATH} /usr/bin/cmake --build /home/cityu/autoware/build/component_interface_utils -- -j16 -l16
[2.005s] Invoked command in '/home/cityu/autoware/build/component_interface_utils' returned '0': AMENT_PREFIX_PATH=/home/cityu/autoware/install/tier4_system_msgs:/home/cityu/autoware/install/autoware_cmake:/home/cityu/autoware/install/autoware_lint_common:/home/cityu/autoware/install/autoware_common_msgs:/home/cityu/autoware/install/autoware_adapi_v1_msgs:${AMENT_PREFIX_PATH} CMAKE_PREFIX_PATH=/home/cityu/autoware/install/tier4_system_msgs:/home/cityu/autoware/install/autoware_cmake:/home/cityu/autoware/install/autoware_lint_common:/home/cityu/autoware/install/autoware_common_msgs:/home/cityu/autoware/install/autoware_adapi_v1_msgs:/opt/ros/galactic LD_LIBRARY_PATH=/home/cityu/autoware/install/tier4_system_msgs/lib:/home/cityu/autoware/install/autoware_common_msgs/lib:/home/cityu/autoware/install/autoware_adapi_v1_msgs/lib:${LD_LIBRARY_PATH} PYTHONPATH=/home/cityu/autoware/install/tier4_system_msgs/lib/python3.8/site-packages:/home/cityu/autoware/install/autoware_common_msgs/lib/python3.8/site-packages:/home/cityu/autoware/install/autoware_adapi_v1_msgs/lib/python3.8/site-packages:${PYTHONPATH} /usr/bin/cmake --build /home/cityu/autoware/build/component_interface_utils -- -j16 -l16
[2.051s] Invoking command in '/home/cityu/autoware/build/component_interface_utils': AMENT_PREFIX_PATH=/home/cityu/autoware/install/tier4_system_msgs:/home/cityu/autoware/install/autoware_cmake:/home/cityu/autoware/install/autoware_lint_common:/home/cityu/autoware/install/autoware_common_msgs:/home/cityu/autoware/install/autoware_adapi_v1_msgs:${AMENT_PREFIX_PATH} CMAKE_PREFIX_PATH=/home/cityu/autoware/install/tier4_system_msgs:/home/cityu/autoware/install/autoware_cmake:/home/cityu/autoware/install/autoware_lint_common:/home/cityu/autoware/install/autoware_common_msgs:/home/cityu/autoware/install/autoware_adapi_v1_msgs:/opt/ros/galactic LD_LIBRARY_PATH=/home/cityu/autoware/install/tier4_system_msgs/lib:/home/cityu/autoware/install/autoware_common_msgs/lib:/home/cityu/autoware/install/autoware_adapi_v1_msgs/lib:${LD_LIBRARY_PATH} PYTHONPATH=/home/cityu/autoware/install/tier4_system_msgs/lib/python3.8/site-packages:/home/cityu/autoware/install/autoware_common_msgs/lib/python3.8/site-packages:/home/cityu/autoware/install/autoware_adapi_v1_msgs/lib/python3.8/site-packages:${PYTHONPATH} /usr/bin/cmake --install /home/cityu/autoware/build/component_interface_utils
[4.284s] -- Install configuration: "Release"
[4.285s] -- Execute custom install script
[4.285s] -- Up-to-date symlink: /home/cityu/autoware/install/component_interface_utils/include/component_interface_utils/rclcpp.hpp
[4.285s] -- Up-to-date symlink: /home/cityu/autoware/install/component_interface_utils/include/component_interface_utils/rclcpp/create_interface.hpp
[4.285s] -- Up-to-date symlink: /home/cityu/autoware/install/component_interface_utils/include/component_interface_utils/rclcpp/exceptions.hpp
[4.285s] -- Up-to-date symlink: /home/cityu/autoware/install/component_interface_utils/include/component_interface_utils/rclcpp/interface.hpp
[4.285s] -- Up-to-date symlink: /home/cityu/autoware/install/component_interface_utils/include/component_interface_utils/rclcpp/service_client.hpp
[4.285s] -- Up-to-date symlink: /home/cityu/autoware/install/component_interface_utils/include/component_interface_utils/rclcpp/service_server.hpp
[4.285s] -- Up-to-date symlink: /home/cityu/autoware/install/component_interface_utils/include/component_interface_utils/rclcpp/topic_publisher.hpp
[4.285s] -- Up-to-date symlink: /home/cityu/autoware/install/component_interface_utils/include/component_interface_utils/rclcpp/topic_subscription.hpp
[4.286s] -- Up-to-date symlink: /home/cityu/autoware/install/component_interface_utils/include/component_interface_utils/specs.hpp
[4.286s] -- Up-to-date symlink: /home/cityu/autoware/install/component_interface_utils/include/component_interface_utils/status.hpp
[4.286s] -- Up-to-date symlink: /home/cityu/autoware/install/component_interface_utils/share/ament_index/resource_index/package_run_dependencies/component_interface_utils
[4.286s] -- Up-to-date symlink: /home/cityu/autoware/install/component_interface_utils/share/ament_index/resource_index/parent_prefix_path/component_interface_utils
[4.286s] -- Up-to-date symlink: /home/cityu/autoware/install/component_interface_utils/share/component_interface_utils/environment/ament_prefix_path.sh
[4.286s] -- Up-to-date symlink: /home/cityu/autoware/install/component_interface_utils/share/component_interface_utils/environment/ament_prefix_path.dsv
[4.286s] -- Up-to-date symlink: /home/cityu/autoware/install/component_interface_utils/share/component_interface_utils/environment/path.sh
[4.286s] -- Up-to-date symlink: /home/cityu/autoware/install/component_interface_utils/share/component_interface_utils/environment/path.dsv
[4.286s] -- Up-to-date symlink: /home/cityu/autoware/install/component_interface_utils/share/component_interface_utils/local_setup.bash
[4.286s] -- Up-to-date symlink: /home/cityu/autoware/install/component_interface_utils/share/component_interface_utils/local_setup.sh
[4.287s] -- Up-to-date symlink: /home/cityu/autoware/install/component_interface_utils/share/component_interface_utils/local_setup.zsh
[4.287s] -- Up-to-date symlink: /home/cityu/autoware/install/component_interface_utils/share/component_interface_utils/local_setup.dsv
[4.287s] -- Symlinking: /home/cityu/autoware/install/component_interface_utils/share/component_interface_utils/package.dsv
[4.287s] -- Up-to-date symlink: /home/cityu/autoware/install/component_interface_utils/share/ament_index/resource_index/packages/component_interface_utils
[4.287s] -- Up-to-date symlink: /home/cityu/autoware/install/component_interface_utils/share/component_interface_utils/cmake/ament_cmake_export_dependencies-extras.cmake
[4.287s] -- Up-to-date symlink: /home/cityu/autoware/install/component_interface_utils/share/component_interface_utils/cmake/ament_cmake_export_include_directories-extras.cmake
[4.287s] -- Up-to-date symlink: /home/cityu/autoware/install/component_interface_utils/share/component_interface_utils/cmake/component_interface_utilsConfig.cmake
[4.287s] -- Up-to-date symlink: /home/cityu/autoware/install/component_interface_utils/share/component_interface_utils/cmake/component_interface_utilsConfig-version.cmake
[4.287s] -- Up-to-date symlink: /home/cityu/autoware/install/component_interface_utils/share/component_interface_utils/package.xml
[4.373s] Invoked command in '/home/cityu/autoware/build/component_interface_utils' returned '0': AMENT_PREFIX_PATH=/home/cityu/autoware/install/tier4_system_msgs:/home/cityu/autoware/install/autoware_cmake:/home/cityu/autoware/install/autoware_lint_common:/home/cityu/autoware/install/autoware_common_msgs:/home/cityu/autoware/install/autoware_adapi_v1_msgs:${AMENT_PREFIX_PATH} CMAKE_PREFIX_PATH=/home/cityu/autoware/install/tier4_system_msgs:/home/cityu/autoware/install/autoware_cmake:/home/cityu/autoware/install/autoware_lint_common:/home/cityu/autoware/install/autoware_common_msgs:/home/cityu/autoware/install/autoware_adapi_v1_msgs:/opt/ros/galactic LD_LIBRARY_PATH=/home/cityu/autoware/install/tier4_system_msgs/lib:/home/cityu/autoware/install/autoware_common_msgs/lib:/home/cityu/autoware/install/autoware_adapi_v1_msgs/lib:${LD_LIBRARY_PATH} PYTHONPATH=/home/cityu/autoware/install/tier4_system_msgs/lib/python3.8/site-packages:/home/cityu/autoware/install/autoware_common_msgs/lib/python3.8/site-packages:/home/cityu/autoware/install/autoware_adapi_v1_msgs/lib/python3.8/site-packages:${PYTHONPATH} /usr/bin/cmake --install /home/cityu/autoware/build/component_interface_utils
