[100%] Built target velodyne_monitor
-- Install configuration: "Release"
-- Execute custom install script
-- Up-to-date symlink: /home/cityu/autoware/install/velodyne_monitor/include/velodyne_monitor/velodyne_monitor.hpp
-- Up-to-date symlink: /home/cityu/autoware/install/velodyne_monitor/lib/velodyne_monitor/velodyne_monitor
-- Up-to-date symlink: /home/cityu/autoware/install/velodyne_monitor/share/velodyne_monitor/launch/velodyne_monitor.launch.xml
-- Up-to-date symlink: /home/cityu/autoware/install/velodyne_monitor/share/velodyne_monitor/config/HDL-32E.param.yaml
-- Up-to-date symlink: /home/cityu/autoware/install/velodyne_monitor/share/velodyne_monitor/config/VLP-16.param.yaml
-- Up-to-date symlink: /home/cityu/autoware/install/velodyne_monitor/share/velodyne_monitor/config/VLP-32C.param.yaml
-- Up-to-date symlink: /home/cityu/autoware/install/velodyne_monitor/share/velodyne_monitor/config/VLS-128.param.yaml
-- Up-to-date symlink: /home/cityu/autoware/install/velodyne_monitor/share/velodyne_monitor/config/Velarray_M1600.param.yaml
-- Up-to-date symlink: /home/cityu/autoware/install/velodyne_monitor/share/ament_index/resource_index/package_run_dependencies/velodyne_monitor
-- Up-to-date symlink: /home/cityu/autoware/install/velodyne_monitor/share/ament_index/resource_index/parent_prefix_path/velodyne_monitor
-- Up-to-date symlink: /home/cityu/autoware/install/velodyne_monitor/share/velodyne_monitor/environment/ament_prefix_path.sh
-- Up-to-date symlink: /home/cityu/autoware/install/velodyne_monitor/share/velodyne_monitor/environment/ament_prefix_path.dsv
-- Up-to-date symlink: /home/cityu/autoware/install/velodyne_monitor/share/velodyne_monitor/environment/path.sh
-- Up-to-date symlink: /home/cityu/autoware/install/velodyne_monitor/share/velodyne_monitor/environment/path.dsv
-- Up-to-date symlink: /home/cityu/autoware/install/velodyne_monitor/share/velodyne_monitor/local_setup.bash
-- Up-to-date symlink: /home/cityu/autoware/install/velodyne_monitor/share/velodyne_monitor/local_setup.sh
-- Up-to-date symlink: /home/cityu/autoware/install/velodyne_monitor/share/velodyne_monitor/local_setup.zsh
-- Up-to-date symlink: /home/cityu/autoware/install/velodyne_monitor/share/velodyne_monitor/local_setup.dsv
-- Symlinking: /home/cityu/autoware/install/velodyne_monitor/share/velodyne_monitor/package.dsv
-- Up-to-date symlink: /home/cityu/autoware/install/velodyne_monitor/share/ament_index/resource_index/packages/velodyne_monitor
-- Up-to-date symlink: /home/cityu/autoware/install/velodyne_monitor/share/velodyne_monitor/cmake/ament_cmake_export_dependencies-extras.cmake
-- Up-to-date symlink: /home/cityu/autoware/install/velodyne_monitor/share/velodyne_monitor/cmake/ament_cmake_export_include_directories-extras.cmake
-- Up-to-date symlink: /home/cityu/autoware/install/velodyne_monitor/share/velodyne_monitor/cmake/velodyne_monitorConfig.cmake
-- Up-to-date symlink: /home/cityu/autoware/install/velodyne_monitor/share/velodyne_monitor/cmake/velodyne_monitorConfig-version.cmake
-- Up-to-date symlink: /home/cityu/autoware/install/velodyne_monitor/share/velodyne_monitor/package.xml
