[0.225s] Invoking command in '/home/cityu/autoware/build/velodyne_monitor': AMENT_PREFIX_PATH=/home/cityu/autoware/install/autoware_cmake:/home/cityu/autoware/install/autoware_lint_common:${AMENT_PREFIX_PATH} CMAKE_PREFIX_PATH=/home/cityu/autoware/install/autoware_cmake:/home/cityu/autoware/install/autoware_lint_common:/opt/ros/galactic /usr/bin/cmake --build /home/cityu/autoware/build/velodyne_monitor -- -j16 -l16
[0.317s] [100%] Built target velodyne_monitor
[0.551s] Invoked command in '/home/cityu/autoware/build/velodyne_monitor' returned '0': AMENT_PREFIX_PATH=/home/cityu/autoware/install/autoware_cmake:/home/cityu/autoware/install/autoware_lint_common:${AMENT_PREFIX_PATH} CMAKE_PREFIX_PATH=/home/cityu/autoware/install/autoware_cmake:/home/cityu/autoware/install/autoware_lint_common:/opt/ros/galactic /usr/bin/cmake --build /home/cityu/autoware/build/velodyne_monitor -- -j16 -l16
[0.697s] Invoking command in '/home/cityu/autoware/build/velodyne_monitor': AMENT_PREFIX_PATH=/home/cityu/autoware/install/autoware_cmake:/home/cityu/autoware/install/autoware_lint_common:${AMENT_PREFIX_PATH} CMAKE_PREFIX_PATH=/home/cityu/autoware/install/autoware_cmake:/home/cityu/autoware/install/autoware_lint_common:/opt/ros/galactic /usr/bin/cmake --install /home/cityu/autoware/build/velodyne_monitor
[0.721s] -- Install configuration: "Release"
[0.721s] -- Execute custom install script
[0.721s] -- Up-to-date symlink: /home/cityu/autoware/install/velodyne_monitor/include/velodyne_monitor/velodyne_monitor.hpp
[0.722s] -- Up-to-date symlink: /home/cityu/autoware/install/velodyne_monitor/lib/velodyne_monitor/velodyne_monitor
[0.722s] -- Up-to-date symlink: /home/cityu/autoware/install/velodyne_monitor/share/velodyne_monitor/launch/velodyne_monitor.launch.xml
[0.722s] -- Up-to-date symlink: /home/cityu/autoware/install/velodyne_monitor/share/velodyne_monitor/config/HDL-32E.param.yaml
[0.722s] -- Up-to-date symlink: /home/cityu/autoware/install/velodyne_monitor/share/velodyne_monitor/config/VLP-16.param.yaml
[0.722s] -- Up-to-date symlink: /home/cityu/autoware/install/velodyne_monitor/share/velodyne_monitor/config/VLP-32C.param.yaml
[0.722s] -- Up-to-date symlink: /home/cityu/autoware/install/velodyne_monitor/share/velodyne_monitor/config/VLS-128.param.yaml
[0.722s] -- Up-to-date symlink: /home/cityu/autoware/install/velodyne_monitor/share/velodyne_monitor/config/Velarray_M1600.param.yaml
[0.724s] -- Up-to-date symlink: /home/cityu/autoware/install/velodyne_monitor/share/ament_index/resource_index/package_run_dependencies/velodyne_monitor
[0.725s] -- Up-to-date symlink: /home/cityu/autoware/install/velodyne_monitor/share/ament_index/resource_index/parent_prefix_path/velodyne_monitor
[0.725s] -- Up-to-date symlink: /home/cityu/autoware/install/velodyne_monitor/share/velodyne_monitor/environment/ament_prefix_path.sh
[0.725s] -- Up-to-date symlink: /home/cityu/autoware/install/velodyne_monitor/share/velodyne_monitor/environment/ament_prefix_path.dsv
[0.725s] -- Up-to-date symlink: /home/cityu/autoware/install/velodyne_monitor/share/velodyne_monitor/environment/path.sh
[0.725s] -- Up-to-date symlink: /home/cityu/autoware/install/velodyne_monitor/share/velodyne_monitor/environment/path.dsv
[0.725s] -- Up-to-date symlink: /home/cityu/autoware/install/velodyne_monitor/share/velodyne_monitor/local_setup.bash
[0.725s] -- Up-to-date symlink: /home/cityu/autoware/install/velodyne_monitor/share/velodyne_monitor/local_setup.sh
[0.725s] -- Up-to-date symlink: /home/cityu/autoware/install/velodyne_monitor/share/velodyne_monitor/local_setup.zsh
[0.725s] -- Up-to-date symlink: /home/cityu/autoware/install/velodyne_monitor/share/velodyne_monitor/local_setup.dsv
[0.725s] -- Symlinking: /home/cityu/autoware/install/velodyne_monitor/share/velodyne_monitor/package.dsv
[0.725s] -- Up-to-date symlink: /home/cityu/autoware/install/velodyne_monitor/share/ament_index/resource_index/packages/velodyne_monitor
[0.726s] -- Up-to-date symlink: /home/cityu/autoware/install/velodyne_monitor/share/velodyne_monitor/cmake/ament_cmake_export_dependencies-extras.cmake
[0.727s] -- Up-to-date symlink: /home/cityu/autoware/install/velodyne_monitor/share/velodyne_monitor/cmake/ament_cmake_export_include_directories-extras.cmake
[0.727s] -- Up-to-date symlink: /home/cityu/autoware/install/velodyne_monitor/share/velodyne_monitor/cmake/velodyne_monitorConfig.cmake
[0.731s] -- Up-to-date symlink: /home/cityu/autoware/install/velodyne_monitor/share/velodyne_monitor/cmake/velodyne_monitorConfig-version.cmake
[0.736s] -- Up-to-date symlink: /home/cityu/autoware/install/velodyne_monitor/share/velodyne_monitor/package.xml
[0.863s] Invoked command in '/home/cityu/autoware/build/velodyne_monitor' returned '0': AMENT_PREFIX_PATH=/home/cityu/autoware/install/autoware_cmake:/home/cityu/autoware/install/autoware_lint_common:${AMENT_PREFIX_PATH} CMAKE_PREFIX_PATH=/home/cityu/autoware/install/autoware_cmake:/home/cityu/autoware/install/autoware_lint_common:/opt/ros/galactic /usr/bin/cmake --install /home/cityu/autoware/build/velodyne_monitor
