[0.151s] Invoking command in '/home/cityu/autoware/build/tier4_sensing_launch': AMENT_PREFIX_PATH=/home/cityu/autoware/install/vehicle_info_util:/home/cityu/autoware/install/autoware_cmake:/home/cityu/autoware/install/autoware_lint_common:${AMENT_PREFIX_PATH} CMAKE_PREFIX_PATH=/home/cityu/autoware/install/vehicle_info_util:/home/cityu/autoware/install/autoware_cmake:/home/cityu/autoware/install/autoware_lint_common:/opt/ros/galactic LD_LIBRARY_PATH=/home/cityu/autoware/install/vehicle_info_util/lib:${LD_LIBRARY_PATH} /usr/bin/cmake /home/cityu/autoware/src/universe/autoware.universe/launch/tier4_sensing_launch -DCMAKE_BUILD_TYPE=Release -DDOWNLOAD_ARTIFACTS=ON -DAMENT_CMAKE_SYMLINK_INSTALL=1 -DCMAKE_INSTALL_PREFIX=/home/cityu/autoware/install/tier4_sensing_launch
[0.464s] -- Found autoware_cmake: 0.1.0 (/home/cityu/autoware/install/autoware_cmake/share/autoware_cmake/cmake)
[0.468s] -- Found ament_cmake_auto: 1.1.6 (/opt/ros/galactic/share/ament_cmake_auto/cmake)
[0.469s] -- Using PYTHON_EXECUTABLE: /usr/bin/python3
[0.469s] -- Override CMake install command with custom implementation using symlinks instead of copying resources
[0.469s] -- Found ament_lint_auto: 0.10.7 (/opt/ros/galactic/share/ament_lint_auto/cmake)
[0.469s] -- Added test 'copyright' to check source files copyright and LICENSE
[0.469s] -- Added test 'lint_cmake' to check CMake code style
[0.469s] -- Added test 'xmllint' to check XML markup files
[0.469s] -- Configuring done
[0.469s] -- Generating done
[0.469s] -- Build files have been written to: /home/cityu/autoware/build/tier4_sensing_launch
[0.470s] CMake Warning:
[0.470s]   Manually-specified variables were not used by the project:
[0.470s] 
[0.470s]     DOWNLOAD_ARTIFACTS
[0.470s] 
[0.470s] 
[0.475s] Invoked command in '/home/cityu/autoware/build/tier4_sensing_launch' returned '0': AMENT_PREFIX_PATH=/home/cityu/autoware/install/vehicle_info_util:/home/cityu/autoware/install/autoware_cmake:/home/cityu/autoware/install/autoware_lint_common:${AMENT_PREFIX_PATH} CMAKE_PREFIX_PATH=/home/cityu/autoware/install/vehicle_info_util:/home/cityu/autoware/install/autoware_cmake:/home/cityu/autoware/install/autoware_lint_common:/opt/ros/galactic LD_LIBRARY_PATH=/home/cityu/autoware/install/vehicle_info_util/lib:${LD_LIBRARY_PATH} /usr/bin/cmake /home/cityu/autoware/src/universe/autoware.universe/launch/tier4_sensing_launch -DCMAKE_BUILD_TYPE=Release -DDOWNLOAD_ARTIFACTS=ON -DAMENT_CMAKE_SYMLINK_INSTALL=1 -DCMAKE_INSTALL_PREFIX=/home/cityu/autoware/install/tier4_sensing_launch
[0.481s] Invoking command in '/home/cityu/autoware/build/tier4_sensing_launch': AMENT_PREFIX_PATH=/home/cityu/autoware/install/vehicle_info_util:/home/cityu/autoware/install/autoware_cmake:/home/cityu/autoware/install/autoware_lint_common:${AMENT_PREFIX_PATH} CMAKE_PREFIX_PATH=/home/cityu/autoware/install/vehicle_info_util:/home/cityu/autoware/install/autoware_cmake:/home/cityu/autoware/install/autoware_lint_common:/opt/ros/galactic LD_LIBRARY_PATH=/home/cityu/autoware/install/vehicle_info_util/lib:${LD_LIBRARY_PATH} /usr/bin/cmake --build /home/cityu/autoware/build/tier4_sensing_launch -- -j16 -l16
[1.224s] Invoked command in '/home/cityu/autoware/build/tier4_sensing_launch' returned '0': AMENT_PREFIX_PATH=/home/cityu/autoware/install/vehicle_info_util:/home/cityu/autoware/install/autoware_cmake:/home/cityu/autoware/install/autoware_lint_common:${AMENT_PREFIX_PATH} CMAKE_PREFIX_PATH=/home/cityu/autoware/install/vehicle_info_util:/home/cityu/autoware/install/autoware_cmake:/home/cityu/autoware/install/autoware_lint_common:/opt/ros/galactic LD_LIBRARY_PATH=/home/cityu/autoware/install/vehicle_info_util/lib:${LD_LIBRARY_PATH} /usr/bin/cmake --build /home/cityu/autoware/build/tier4_sensing_launch -- -j16 -l16
[1.293s] Invoking command in '/home/cityu/autoware/build/tier4_sensing_launch': AMENT_PREFIX_PATH=/home/cityu/autoware/install/vehicle_info_util:/home/cityu/autoware/install/autoware_cmake:/home/cityu/autoware/install/autoware_lint_common:${AMENT_PREFIX_PATH} CMAKE_PREFIX_PATH=/home/cityu/autoware/install/vehicle_info_util:/home/cityu/autoware/install/autoware_cmake:/home/cityu/autoware/install/autoware_lint_common:/opt/ros/galactic LD_LIBRARY_PATH=/home/cityu/autoware/install/vehicle_info_util/lib:${LD_LIBRARY_PATH} /usr/bin/cmake --install /home/cityu/autoware/build/tier4_sensing_launch
[1.403s] -- Install configuration: "Release"
[1.403s] -- Execute custom install script
[1.403s] -- Up-to-date symlink: /home/cityu/autoware/install/tier4_sensing_launch/share/tier4_sensing_launch/launch/sensing.launch.xml
[1.404s] -- Up-to-date symlink: /home/cityu/autoware/install/tier4_sensing_launch/share/ament_index/resource_index/package_run_dependencies/tier4_sensing_launch
[1.406s] -- Up-to-date symlink: /home/cityu/autoware/install/tier4_sensing_launch/share/ament_index/resource_index/parent_prefix_path/tier4_sensing_launch
[1.406s] -- Up-to-date symlink: /home/cityu/autoware/install/tier4_sensing_launch/share/tier4_sensing_launch/environment/ament_prefix_path.sh
[1.406s] -- Up-to-date symlink: /home/cityu/autoware/install/tier4_sensing_launch/share/tier4_sensing_launch/environment/ament_prefix_path.dsv
[1.406s] -- Up-to-date symlink: /home/cityu/autoware/install/tier4_sensing_launch/share/tier4_sensing_launch/environment/path.sh
[1.406s] -- Up-to-date symlink: /home/cityu/autoware/install/tier4_sensing_launch/share/tier4_sensing_launch/environment/path.dsv
[1.407s] -- Up-to-date symlink: /home/cityu/autoware/install/tier4_sensing_launch/share/tier4_sensing_launch/local_setup.bash
[1.407s] -- Up-to-date symlink: /home/cityu/autoware/install/tier4_sensing_launch/share/tier4_sensing_launch/local_setup.sh
[1.407s] -- Up-to-date symlink: /home/cityu/autoware/install/tier4_sensing_launch/share/tier4_sensing_launch/local_setup.zsh
[1.407s] -- Up-to-date symlink: /home/cityu/autoware/install/tier4_sensing_launch/share/tier4_sensing_launch/local_setup.dsv
[1.407s] -- Symlinking: /home/cityu/autoware/install/tier4_sensing_launch/share/tier4_sensing_launch/package.dsv
[1.407s] -- Up-to-date symlink: /home/cityu/autoware/install/tier4_sensing_launch/share/ament_index/resource_index/packages/tier4_sensing_launch
[1.410s] -- Up-to-date symlink: /home/cityu/autoware/install/tier4_sensing_launch/share/tier4_sensing_launch/cmake/tier4_sensing_launchConfig.cmake
[1.410s] -- Up-to-date symlink: /home/cityu/autoware/install/tier4_sensing_launch/share/tier4_sensing_launch/cmake/tier4_sensing_launchConfig-version.cmake
[1.410s] -- Up-to-date symlink: /home/cityu/autoware/install/tier4_sensing_launch/share/tier4_sensing_launch/package.xml
[1.444s] Invoked command in '/home/cityu/autoware/build/tier4_sensing_launch' returned '0': AMENT_PREFIX_PATH=/home/cityu/autoware/install/vehicle_info_util:/home/cityu/autoware/install/autoware_cmake:/home/cityu/autoware/install/autoware_lint_common:${AMENT_PREFIX_PATH} CMAKE_PREFIX_PATH=/home/cityu/autoware/install/vehicle_info_util:/home/cityu/autoware/install/autoware_cmake:/home/cityu/autoware/install/autoware_lint_common:/opt/ros/galactic LD_LIBRARY_PATH=/home/cityu/autoware/install/vehicle_info_util/lib:${LD_LIBRARY_PATH} /usr/bin/cmake --install /home/cityu/autoware/build/tier4_sensing_launch
