[0.319s] Invoking command in '/home/cityu/autoware/build/dummy_diag_publisher': AMENT_PREFIX_PATH=/home/cityu/autoware/install/tier4_autoware_utils:/home/cityu/autoware/install/autoware_auto_vehicle_msgs:/home/cityu/autoware/install/autoware_cmake:/home/cityu/autoware/install/autoware_auto_planning_msgs:/home/cityu/autoware/install/autoware_auto_perception_msgs:/home/cityu/autoware/install/tier4_debug_msgs:/home/cityu/autoware/install/autoware_lint_common:/home/cityu/autoware/install/autoware_auto_mapping_msgs:/home/cityu/autoware/install/autoware_auto_geometry_msgs:${AMENT_PREFIX_PATH} CMAKE_PREFIX_PATH=/home/cityu/autoware/install/tier4_autoware_utils:/home/cityu/autoware/install/autoware_auto_vehicle_msgs:/home/cityu/autoware/install/autoware_cmake:/home/cityu/autoware/install/autoware_auto_planning_msgs:/home/cityu/autoware/install/autoware_auto_perception_msgs:/home/cityu/autoware/install/tier4_debug_msgs:/home/cityu/autoware/install/autoware_lint_common:/home/cityu/autoware/install/autoware_auto_mapping_msgs:/home/cityu/autoware/install/autoware_auto_geometry_msgs:/opt/ros/galactic LD_LIBRARY_PATH=/home/cityu/autoware/install/tier4_autoware_utils/lib:/home/cityu/autoware/install/autoware_auto_vehicle_msgs/lib:/home/cityu/autoware/install/autoware_auto_planning_msgs/lib:/home/cityu/autoware/install/autoware_auto_perception_msgs/lib:/home/cityu/autoware/install/tier4_debug_msgs/lib:/home/cityu/autoware/install/autoware_auto_mapping_msgs/lib:/home/cityu/autoware/install/autoware_auto_geometry_msgs/lib:${LD_LIBRARY_PATH} PYTHONPATH=/home/cityu/autoware/install/autoware_auto_vehicle_msgs/lib/python3.8/site-packages:/home/cityu/autoware/install/autoware_auto_planning_msgs/lib/python3.8/site-packages:/home/cityu/autoware/install/autoware_auto_perception_msgs/lib/python3.8/site-packages:/home/cityu/autoware/install/tier4_debug_msgs/lib/python3.8/site-packages:/home/cityu/autoware/install/autoware_auto_mapping_msgs/lib/python3.8/site-packages:/home/cityu/autoware/install/autoware_auto_geometry_msgs/lib/python3.8/site-packages:${PYTHONPATH} /usr/bin/cmake /home/cityu/autoware/src/universe/autoware.universe/system/dummy_diag_publisher -DCMAKE_BUILD_TYPE=Release -DAMENT_CMAKE_SYMLINK_INSTALL=1 -DCMAKE_INSTALL_PREFIX=/home/cityu/autoware/install/dummy_diag_publisher
[13.369s] -- The C compiler identification is GNU 9.4.0
[13.369s] -- The CXX compiler identification is GNU 9.4.0
[13.369s] -- Check for working C compiler: /usr/bin/cc
[13.369s] -- Check for working C compiler: /usr/bin/cc -- works
[13.369s] -- Detecting C compiler ABI info
[13.369s] -- Detecting C compiler ABI info - done
[13.369s] -- Detecting C compile features
[13.369s] -- Detecting C compile features - done
[13.369s] -- Check for working CXX compiler: /usr/bin/c++
[13.369s] -- Check for working CXX compiler: /usr/bin/c++ -- works
[13.369s] -- Detecting CXX compiler ABI info
[13.370s] -- Detecting CXX compiler ABI info - done
[13.370s] -- Detecting CXX compile features
[13.370s] -- Detecting CXX compile features - done
[13.370s] -- Found autoware_cmake: 0.1.0 (/home/cityu/autoware/install/autoware_cmake/share/autoware_cmake/cmake)
[13.370s] -- Found ament_cmake_auto: 1.1.6 (/opt/ros/galactic/share/ament_cmake_auto/cmake)
[13.370s] -- Found PythonInterp: /usr/bin/python3 (found suitable version "3.8.10", minimum required is "3") 
[13.370s] -- Using PYTHON_EXECUTABLE: /usr/bin/python3
[13.370s] -- Override CMake install command with custom implementation using symlinks instead of copying resources
[13.370s] -- Using all available rosidl_typesupport_c: rosidl_typesupport_fastrtps_c;rosidl_typesupport_introspection_c
[13.370s] -- Found rosidl_adapter: 2.2.3 (/opt/ros/galactic/share/rosidl_adapter/cmake)
[13.370s] -- Found OpenSSL: /usr/lib/x86_64-linux-gnu/libcrypto.so (found version "1.1.1f")  
[13.371s] -- Found FastRTPS: /opt/ros/galactic/include  
[13.371s] -- Using all available rosidl_typesupport_cpp: rosidl_typesupport_fastrtps_cpp;rosidl_typesupport_introspection_cpp
[13.371s] -- Found rmw_implementation_cmake: 3.3.1 (/opt/ros/galactic/share/rmw_implementation_cmake/cmake)
[13.371s] -- Found rmw_cyclonedds_cpp: 0.22.6 (/opt/ros/galactic/share/rmw_cyclonedds_cpp/cmake)
[13.371s] -- Using RMW implementation 'rmw_cyclonedds_cpp' as default
[13.371s] -- Looking for pthread.h
[13.371s] -- Looking for pthread.h - found
[13.371s] -- Performing Test CMAKE_HAVE_LIBC_PTHREAD
[13.371s] -- Performing Test CMAKE_HAVE_LIBC_PTHREAD - Failed
[13.371s] -- Looking for pthread_create in pthreads
[13.372s] -- Looking for pthread_create in pthreads - not found
[13.372s] -- Looking for pthread_create in pthread
[13.372s] -- Looking for pthread_create in pthread - found
[13.372s] -- Found Threads: TRUE  
[13.372s] -- Found eigen3_cmake_module: 0.1.1 (/opt/ros/galactic/share/eigen3_cmake_module/cmake)
[13.390s] -- Found Eigen3: TRUE (found version "3.3.7") 
[13.390s] -- Found ament_lint_auto: 0.10.7 (/opt/ros/galactic/share/ament_lint_auto/cmake)
[13.390s] -- Added test 'copyright' to check source files copyright and LICENSE
[13.390s] -- Added test 'cppcheck' to perform static code analysis on C / C++ code
[13.390s] -- Configured cppcheck include dirs: /home/cityu/autoware/src/universe/autoware.universe/system/dummy_diag_publisher/include
[13.390s] -- Configured cppcheck exclude dirs and/or files: 
[13.391s] -- Added test 'lint_cmake' to check CMake code style
[13.391s] -- Added test 'xmllint' to check XML markup files
[13.391s] -- Configuring done
[13.391s] -- Generating done
[13.391s] -- Build files have been written to: /home/cityu/autoware/build/dummy_diag_publisher
[13.455s] Invoked command in '/home/cityu/autoware/build/dummy_diag_publisher' returned '0': AMENT_PREFIX_PATH=/home/cityu/autoware/install/tier4_autoware_utils:/home/cityu/autoware/install/autoware_auto_vehicle_msgs:/home/cityu/autoware/install/autoware_cmake:/home/cityu/autoware/install/autoware_auto_planning_msgs:/home/cityu/autoware/install/autoware_auto_perception_msgs:/home/cityu/autoware/install/tier4_debug_msgs:/home/cityu/autoware/install/autoware_lint_common:/home/cityu/autoware/install/autoware_auto_mapping_msgs:/home/cityu/autoware/install/autoware_auto_geometry_msgs:${AMENT_PREFIX_PATH} CMAKE_PREFIX_PATH=/home/cityu/autoware/install/tier4_autoware_utils:/home/cityu/autoware/install/autoware_auto_vehicle_msgs:/home/cityu/autoware/install/autoware_cmake:/home/cityu/autoware/install/autoware_auto_planning_msgs:/home/cityu/autoware/install/autoware_auto_perception_msgs:/home/cityu/autoware/install/tier4_debug_msgs:/home/cityu/autoware/install/autoware_lint_common:/home/cityu/autoware/install/autoware_auto_mapping_msgs:/home/cityu/autoware/install/autoware_auto_geometry_msgs:/opt/ros/galactic LD_LIBRARY_PATH=/home/cityu/autoware/install/tier4_autoware_utils/lib:/home/cityu/autoware/install/autoware_auto_vehicle_msgs/lib:/home/cityu/autoware/install/autoware_auto_planning_msgs/lib:/home/cityu/autoware/install/autoware_auto_perception_msgs/lib:/home/cityu/autoware/install/tier4_debug_msgs/lib:/home/cityu/autoware/install/autoware_auto_mapping_msgs/lib:/home/cityu/autoware/install/autoware_auto_geometry_msgs/lib:${LD_LIBRARY_PATH} PYTHONPATH=/home/cityu/autoware/install/autoware_auto_vehicle_msgs/lib/python3.8/site-packages:/home/cityu/autoware/install/autoware_auto_planning_msgs/lib/python3.8/site-packages:/home/cityu/autoware/install/autoware_auto_perception_msgs/lib/python3.8/site-packages:/home/cityu/autoware/install/tier4_debug_msgs/lib/python3.8/site-packages:/home/cityu/autoware/install/autoware_auto_mapping_msgs/lib/python3.8/site-packages:/home/cityu/autoware/install/autoware_auto_geometry_msgs/lib/python3.8/site-packages:${PYTHONPATH} /usr/bin/cmake /home/cityu/autoware/src/universe/autoware.universe/system/dummy_diag_publisher -DCMAKE_BUILD_TYPE=Release -DAMENT_CMAKE_SYMLINK_INSTALL=1 -DCMAKE_INSTALL_PREFIX=/home/cityu/autoware/install/dummy_diag_publisher
[13.457s] Invoking command in '/home/cityu/autoware/build/dummy_diag_publisher': AMENT_PREFIX_PATH=/home/cityu/autoware/install/tier4_autoware_utils:/home/cityu/autoware/install/autoware_auto_vehicle_msgs:/home/cityu/autoware/install/autoware_cmake:/home/cityu/autoware/install/autoware_auto_planning_msgs:/home/cityu/autoware/install/autoware_auto_perception_msgs:/home/cityu/autoware/install/tier4_debug_msgs:/home/cityu/autoware/install/autoware_lint_common:/home/cityu/autoware/install/autoware_auto_mapping_msgs:/home/cityu/autoware/install/autoware_auto_geometry_msgs:${AMENT_PREFIX_PATH} CMAKE_PREFIX_PATH=/home/cityu/autoware/install/tier4_autoware_utils:/home/cityu/autoware/install/autoware_auto_vehicle_msgs:/home/cityu/autoware/install/autoware_cmake:/home/cityu/autoware/install/autoware_auto_planning_msgs:/home/cityu/autoware/install/autoware_auto_perception_msgs:/home/cityu/autoware/install/tier4_debug_msgs:/home/cityu/autoware/install/autoware_lint_common:/home/cityu/autoware/install/autoware_auto_mapping_msgs:/home/cityu/autoware/install/autoware_auto_geometry_msgs:/opt/ros/galactic LD_LIBRARY_PATH=/home/cityu/autoware/install/tier4_autoware_utils/lib:/home/cityu/autoware/install/autoware_auto_vehicle_msgs/lib:/home/cityu/autoware/install/autoware_auto_planning_msgs/lib:/home/cityu/autoware/install/autoware_auto_perception_msgs/lib:/home/cityu/autoware/install/tier4_debug_msgs/lib:/home/cityu/autoware/install/autoware_auto_mapping_msgs/lib:/home/cityu/autoware/install/autoware_auto_geometry_msgs/lib:${LD_LIBRARY_PATH} PYTHONPATH=/home/cityu/autoware/install/autoware_auto_vehicle_msgs/lib/python3.8/site-packages:/home/cityu/autoware/install/autoware_auto_planning_msgs/lib/python3.8/site-packages:/home/cityu/autoware/install/autoware_auto_perception_msgs/lib/python3.8/site-packages:/home/cityu/autoware/install/tier4_debug_msgs/lib/python3.8/site-packages:/home/cityu/autoware/install/autoware_auto_mapping_msgs/lib/python3.8/site-packages:/home/cityu/autoware/install/autoware_auto_geometry_msgs/lib/python3.8/site-packages:${PYTHONPATH} /usr/bin/cmake --build /home/cityu/autoware/build/dummy_diag_publisher -- -j16 -l16
[16.022s] [35m[1mScanning dependencies of target dummy_diag_publisher[0m
[16.022s] [ 25%] [32mBuilding CXX object CMakeFiles/dummy_diag_publisher.dir/src/dummy_diag_publisher_node/dummy_diag_publisher_node.cpp.o[0m
[23.717s] [ 50%] [32m[1mLinking CXX shared library libdummy_diag_publisher.so[0m
[24.089s] [ 50%] Built target dummy_diag_publisher
[24.107s] [35m[1mScanning dependencies of target dummy_diag_publisher_node[0m
[24.167s] [ 75%] [32mBuilding CXX object CMakeFiles/dummy_diag_publisher_node.dir/rclcpp_components/node_main_dummy_diag_publisher_node.cpp.o[0m
[30.002s] [100%] [32m[1mLinking CXX executable dummy_diag_publisher_node[0m
[30.277s] [100%] Built target dummy_diag_publisher_node
[30.331s] Invoked command in '/home/cityu/autoware/build/dummy_diag_publisher' returned '0': AMENT_PREFIX_PATH=/home/cityu/autoware/install/tier4_autoware_utils:/home/cityu/autoware/install/autoware_auto_vehicle_msgs:/home/cityu/autoware/install/autoware_cmake:/home/cityu/autoware/install/autoware_auto_planning_msgs:/home/cityu/autoware/install/autoware_auto_perception_msgs:/home/cityu/autoware/install/tier4_debug_msgs:/home/cityu/autoware/install/autoware_lint_common:/home/cityu/autoware/install/autoware_auto_mapping_msgs:/home/cityu/autoware/install/autoware_auto_geometry_msgs:${AMENT_PREFIX_PATH} CMAKE_PREFIX_PATH=/home/cityu/autoware/install/tier4_autoware_utils:/home/cityu/autoware/install/autoware_auto_vehicle_msgs:/home/cityu/autoware/install/autoware_cmake:/home/cityu/autoware/install/autoware_auto_planning_msgs:/home/cityu/autoware/install/autoware_auto_perception_msgs:/home/cityu/autoware/install/tier4_debug_msgs:/home/cityu/autoware/install/autoware_lint_common:/home/cityu/autoware/install/autoware_auto_mapping_msgs:/home/cityu/autoware/install/autoware_auto_geometry_msgs:/opt/ros/galactic LD_LIBRARY_PATH=/home/cityu/autoware/install/tier4_autoware_utils/lib:/home/cityu/autoware/install/autoware_auto_vehicle_msgs/lib:/home/cityu/autoware/install/autoware_auto_planning_msgs/lib:/home/cityu/autoware/install/autoware_auto_perception_msgs/lib:/home/cityu/autoware/install/tier4_debug_msgs/lib:/home/cityu/autoware/install/autoware_auto_mapping_msgs/lib:/home/cityu/autoware/install/autoware_auto_geometry_msgs/lib:${LD_LIBRARY_PATH} PYTHONPATH=/home/cityu/autoware/install/autoware_auto_vehicle_msgs/lib/python3.8/site-packages:/home/cityu/autoware/install/autoware_auto_planning_msgs/lib/python3.8/site-packages:/home/cityu/autoware/install/autoware_auto_perception_msgs/lib/python3.8/site-packages:/home/cityu/autoware/install/tier4_debug_msgs/lib/python3.8/site-packages:/home/cityu/autoware/install/autoware_auto_mapping_msgs/lib/python3.8/site-packages:/home/cityu/autoware/install/autoware_auto_geometry_msgs/lib/python3.8/site-packages:${PYTHONPATH} /usr/bin/cmake --build /home/cityu/autoware/build/dummy_diag_publisher -- -j16 -l16
[30.360s] Invoking command in '/home/cityu/autoware/build/dummy_diag_publisher': AMENT_PREFIX_PATH=/home/cityu/autoware/install/tier4_autoware_utils:/home/cityu/autoware/install/autoware_auto_vehicle_msgs:/home/cityu/autoware/install/autoware_cmake:/home/cityu/autoware/install/autoware_auto_planning_msgs:/home/cityu/autoware/install/autoware_auto_perception_msgs:/home/cityu/autoware/install/tier4_debug_msgs:/home/cityu/autoware/install/autoware_lint_common:/home/cityu/autoware/install/autoware_auto_mapping_msgs:/home/cityu/autoware/install/autoware_auto_geometry_msgs:${AMENT_PREFIX_PATH} CMAKE_PREFIX_PATH=/home/cityu/autoware/install/tier4_autoware_utils:/home/cityu/autoware/install/autoware_auto_vehicle_msgs:/home/cityu/autoware/install/autoware_cmake:/home/cityu/autoware/install/autoware_auto_planning_msgs:/home/cityu/autoware/install/autoware_auto_perception_msgs:/home/cityu/autoware/install/tier4_debug_msgs:/home/cityu/autoware/install/autoware_lint_common:/home/cityu/autoware/install/autoware_auto_mapping_msgs:/home/cityu/autoware/install/autoware_auto_geometry_msgs:/opt/ros/galactic LD_LIBRARY_PATH=/home/cityu/autoware/install/tier4_autoware_utils/lib:/home/cityu/autoware/install/autoware_auto_vehicle_msgs/lib:/home/cityu/autoware/install/autoware_auto_planning_msgs/lib:/home/cityu/autoware/install/autoware_auto_perception_msgs/lib:/home/cityu/autoware/install/tier4_debug_msgs/lib:/home/cityu/autoware/install/autoware_auto_mapping_msgs/lib:/home/cityu/autoware/install/autoware_auto_geometry_msgs/lib:${LD_LIBRARY_PATH} PYTHONPATH=/home/cityu/autoware/install/autoware_auto_vehicle_msgs/lib/python3.8/site-packages:/home/cityu/autoware/install/autoware_auto_planning_msgs/lib/python3.8/site-packages:/home/cityu/autoware/install/autoware_auto_perception_msgs/lib/python3.8/site-packages:/home/cityu/autoware/install/tier4_debug_msgs/lib/python3.8/site-packages:/home/cityu/autoware/install/autoware_auto_mapping_msgs/lib/python3.8/site-packages:/home/cityu/autoware/install/autoware_auto_geometry_msgs/lib/python3.8/site-packages:${PYTHONPATH} /usr/bin/cmake --install /home/cityu/autoware/build/dummy_diag_publisher
[43.128s] -- Install configuration: "Release"
[43.128s] -- Execute custom install script
[43.128s] -- Symlinking: /home/cityu/autoware/install/dummy_diag_publisher/lib/dummy_diag_publisher/dummy_diag_publisher_node
[43.128s] -- Symlinking: /home/cityu/autoware/install/dummy_diag_publisher/include/dummy_diag_publisher/dummy_diag_publisher_node.hpp
[43.128s] -- Symlinking: /home/cityu/autoware/install/dummy_diag_publisher/share/dummy_diag_publisher/environment/library_path.sh
[43.129s] -- Symlinking: /home/cityu/autoware/install/dummy_diag_publisher/share/dummy_diag_publisher/environment/library_path.dsv
[43.129s] -- Symlinking: /home/cityu/autoware/install/dummy_diag_publisher/lib/libdummy_diag_publisher.so
[43.129s] -- Symlinking: /home/cityu/autoware/install/dummy_diag_publisher/share/dummy_diag_publisher/launch/dummy_diag_publisher.launch.xml
[43.129s] -- Symlinking: /home/cityu/autoware/install/dummy_diag_publisher/share/dummy_diag_publisher/launch/dummy_diag_publisher_node.launch.xml
[43.129s] -- Symlinking: /home/cityu/autoware/install/dummy_diag_publisher/share/ament_index/resource_index/package_run_dependencies/dummy_diag_publisher
[43.129s] -- Symlinking: /home/cityu/autoware/install/dummy_diag_publisher/share/ament_index/resource_index/parent_prefix_path/dummy_diag_publisher
[43.129s] -- Symlinking: /home/cityu/autoware/install/dummy_diag_publisher/share/dummy_diag_publisher/environment/ament_prefix_path.sh
[43.129s] -- Symlinking: /home/cityu/autoware/install/dummy_diag_publisher/share/dummy_diag_publisher/environment/ament_prefix_path.dsv
[43.129s] -- Symlinking: /home/cityu/autoware/install/dummy_diag_publisher/share/dummy_diag_publisher/environment/path.sh
[43.129s] -- Symlinking: /home/cityu/autoware/install/dummy_diag_publisher/share/dummy_diag_publisher/environment/path.dsv
[43.130s] -- Symlinking: /home/cityu/autoware/install/dummy_diag_publisher/share/dummy_diag_publisher/local_setup.bash
[43.130s] -- Symlinking: /home/cityu/autoware/install/dummy_diag_publisher/share/dummy_diag_publisher/local_setup.sh
[43.130s] -- Symlinking: /home/cityu/autoware/install/dummy_diag_publisher/share/dummy_diag_publisher/local_setup.zsh
[43.130s] -- Symlinking: /home/cityu/autoware/install/dummy_diag_publisher/share/dummy_diag_publisher/local_setup.dsv
[43.130s] -- Symlinking: /home/cityu/autoware/install/dummy_diag_publisher/share/dummy_diag_publisher/package.dsv
[43.130s] -- Symlinking: /home/cityu/autoware/install/dummy_diag_publisher/share/ament_index/resource_index/packages/dummy_diag_publisher
[43.130s] -- Symlinking: /home/cityu/autoware/install/dummy_diag_publisher/share/ament_index/resource_index/rclcpp_components/dummy_diag_publisher
[43.130s] -- Symlinking: /home/cityu/autoware/install/dummy_diag_publisher/share/dummy_diag_publisher/cmake/ament_cmake_export_dependencies-extras.cmake
[43.130s] -- Symlinking: /home/cityu/autoware/install/dummy_diag_publisher/share/dummy_diag_publisher/cmake/ament_cmake_export_include_directories-extras.cmake
[43.131s] -- Symlinking: /home/cityu/autoware/install/dummy_diag_publisher/share/dummy_diag_publisher/cmake/ament_cmake_export_libraries-extras.cmake
[43.131s] -- Symlinking: /home/cityu/autoware/install/dummy_diag_publisher/share/dummy_diag_publisher/cmake/dummy_diag_publisherConfig.cmake
[43.131s] -- Symlinking: /home/cityu/autoware/install/dummy_diag_publisher/share/dummy_diag_publisher/cmake/dummy_diag_publisherConfig-version.cmake
[43.131s] -- Symlinking: /home/cityu/autoware/install/dummy_diag_publisher/share/dummy_diag_publisher/package.xml
[43.178s] Invoked command in '/home/cityu/autoware/build/dummy_diag_publisher' returned '0': AMENT_PREFIX_PATH=/home/cityu/autoware/install/tier4_autoware_utils:/home/cityu/autoware/install/autoware_auto_vehicle_msgs:/home/cityu/autoware/install/autoware_cmake:/home/cityu/autoware/install/autoware_auto_planning_msgs:/home/cityu/autoware/install/autoware_auto_perception_msgs:/home/cityu/autoware/install/tier4_debug_msgs:/home/cityu/autoware/install/autoware_lint_common:/home/cityu/autoware/install/autoware_auto_mapping_msgs:/home/cityu/autoware/install/autoware_auto_geometry_msgs:${AMENT_PREFIX_PATH} CMAKE_PREFIX_PATH=/home/cityu/autoware/install/tier4_autoware_utils:/home/cityu/autoware/install/autoware_auto_vehicle_msgs:/home/cityu/autoware/install/autoware_cmake:/home/cityu/autoware/install/autoware_auto_planning_msgs:/home/cityu/autoware/install/autoware_auto_perception_msgs:/home/cityu/autoware/install/tier4_debug_msgs:/home/cityu/autoware/install/autoware_lint_common:/home/cityu/autoware/install/autoware_auto_mapping_msgs:/home/cityu/autoware/install/autoware_auto_geometry_msgs:/opt/ros/galactic LD_LIBRARY_PATH=/home/cityu/autoware/install/tier4_autoware_utils/lib:/home/cityu/autoware/install/autoware_auto_vehicle_msgs/lib:/home/cityu/autoware/install/autoware_auto_planning_msgs/lib:/home/cityu/autoware/install/autoware_auto_perception_msgs/lib:/home/cityu/autoware/install/tier4_debug_msgs/lib:/home/cityu/autoware/install/autoware_auto_mapping_msgs/lib:/home/cityu/autoware/install/autoware_auto_geometry_msgs/lib:${LD_LIBRARY_PATH} PYTHONPATH=/home/cityu/autoware/install/autoware_auto_vehicle_msgs/lib/python3.8/site-packages:/home/cityu/autoware/install/autoware_auto_planning_msgs/lib/python3.8/site-packages:/home/cityu/autoware/install/autoware_auto_perception_msgs/lib/python3.8/site-packages:/home/cityu/autoware/install/tier4_debug_msgs/lib/python3.8/site-packages:/home/cityu/autoware/install/autoware_auto_mapping_msgs/lib/python3.8/site-packages:/home/cityu/autoware/install/autoware_auto_geometry_msgs/lib/python3.8/site-packages:${PYTHONPATH} /usr/bin/cmake --install /home/cityu/autoware/build/dummy_diag_publisher
