-- Found ament_cmake_auto: 1.1.6 (/opt/ros/galactic/share/ament_cmake_auto/cmake)
-- Found PythonInterp: /usr/bin/python3 (found suitable version "3.8.10", minimum required is "3") 
-- Using PYTHON_EXECUTABLE: /usr/bin/python3
-- Override CMake install command with custom implementation using symlinks instead of copying resources
-- Using all available rosidl_typesupport_c: rosidl_typesupport_fastrtps_c;rosidl_typesupport_introspection_c
-- Found rosidl_adapter: 2.2.3 (/opt/ros/galactic/share/rosidl_adapter/cmake)
-- Using all available rosidl_typesupport_cpp: rosidl_typesupport_fastrtps_cpp;rosidl_typesupport_introspection_cpp
-- Found ament_cmake_cppcheck: 0.10.7 (/opt/ros/galactic/share/ament_cmake_cppcheck/cmake)
-- Found ament_cmake_cpplint: 0.10.7 (/opt/ros/galactic/share/ament_cmake_cpplint/cmake)
-- Found ament_cmake_uncrustify: 0.10.7 (/opt/ros/galactic/share/ament_cmake_uncrustify/cmake)
-- Found ament_cmake_ros: 0.9.2 (/opt/ros/galactic/share/ament_cmake_ros/cmake)
-- Using all available rosidl_typesupport_c: rosidl_typesupport_fastrtps_c;rosidl_typesupport_introspection_c
-- Using all available rosidl_typesupport_cpp: rosidl_typesupport_fastrtps_cpp;rosidl_typesupport_introspection_cpp
-- Found PythonInterp: /usr/bin/python3 (found suitable version "3.8.10", minimum required is "3.5") 
-- Found python_cmake_module: 0.8.1 (/opt/ros/galactic/share/python_cmake_module/cmake)
-- Using PYTHON_EXECUTABLE: /usr/bin/python3
-- Using PYTHON_INCLUDE_DIRS: /usr/include/python3.8
-- Using PYTHON_LIBRARIES: /usr/lib/x86_64-linux-gnu/libpython3.8.so
-- Found ament_cmake_flake8: 0.10.7 (/opt/ros/galactic/share/ament_cmake_flake8/cmake)
-- Found ament_cmake_pep257: 0.10.7 (/opt/ros/galactic/share/ament_cmake_pep257/cmake)
-- Found ament_lint_auto: 0.10.7 (/opt/ros/galactic/share/ament_lint_auto/cmake)
-- Added test 'copyright' to check source files copyright and LICENSE
-- Added test 'lint_cmake' to check CMake code style
-- Added test 'xmllint' to check XML markup files
-- Configuring done
-- Generating done
CMake Warning:
  Manually-specified variables were not used by the project:

    DOWNLOAD_ARTIFACTS


-- Build files have been written to: /home/cityu/autoware/build/autoware_auto_planning_msgs
[  0%] Built target autoware_auto_planning_msgs__cpp
[  1%] [32m[1mLinking C shared library libautoware_auto_planning_msgs__rosidl_generator_c.so[0m
[ 12%] Built target autoware_auto_planning_msgs__rosidl_generator_c
[ 13%] [32m[1mLinking CXX shared library libautoware_auto_planning_msgs__rosidl_typesupport_introspection_cpp.so[0m
[ 24%] Built target autoware_auto_planning_msgs__rosidl_typesupport_introspection_cpp
[ 25%] [32m[1mLinking CXX shared library libautoware_auto_planning_msgs__rosidl_typesupport_c.so[0m
[ 36%] Built target autoware_auto_planning_msgs__rosidl_typesupport_c
[ 37%] [32m[1mLinking C shared library libautoware_auto_planning_msgs__rosidl_typesupport_introspection_c.so[0m
[ 48%] Built target autoware_auto_planning_msgs__rosidl_typesupport_introspection_c
[ 49%] [32m[1mLinking CXX shared library libautoware_auto_planning_msgs__rosidl_typesupport_cpp.so[0m
[ 60%] Built target autoware_auto_planning_msgs__rosidl_typesupport_cpp
[ 60%] [32m[1mLinking CXX shared library libautoware_auto_planning_msgs__rosidl_typesupport_fastrtps_cpp.so[0m
[ 72%] Built target autoware_auto_planning_msgs__rosidl_typesupport_fastrtps_cpp
[ 73%] [32m[1mLinking CXX shared library libautoware_auto_planning_msgs__rosidl_typesupport_fastrtps_c.so[0m
[ 84%] Built target autoware_auto_planning_msgs__rosidl_typesupport_fastrtps_c
[ 84%] Built target autoware_auto_planning_msgs
[ 85%] Built target autoware_auto_planning_msgs__py
[ 86%] [32m[1mLinking C shared library rosidl_generator_py/autoware_auto_planning_msgs/libautoware_auto_planning_msgs__python.so[0m
[ 96%] Built target autoware_auto_planning_msgs__python
[ 96%] [32m[1mLinking C shared library rosidl_generator_py/autoware_auto_planning_msgs/autoware_auto_planning_msgs_s__rosidl_typesupport_c.cpython-38-x86_64-linux-gnu.so[0m
[ 97%] Built target autoware_auto_planning_msgs__rosidl_typesupport_c__pyext
[ 98%] [32m[1mLinking C shared library rosidl_generator_py/autoware_auto_planning_msgs/autoware_auto_planning_msgs_s__rosidl_typesupport_introspection_c.cpython-38-x86_64-linux-gnu.so[0m
[ 99%] Built target autoware_auto_planning_msgs__rosidl_typesupport_introspection_c__pyext
[ 99%] [32m[1mLinking CXX shared library rosidl_generator_py/autoware_auto_planning_msgs/autoware_auto_planning_msgs_s__rosidl_typesupport_fastrtps_c.cpython-38-x86_64-linux-gnu.so[0m
[100%] Built target autoware_auto_planning_msgs__rosidl_typesupport_fastrtps_c__pyext
-- Install configuration: "Release"
-- Execute custom install script
-- Up-to-date symlink: /home/cityu/autoware/install/autoware_auto_planning_msgs/share/ament_index/resource_index/rosidl_interfaces/autoware_auto_planning_msgs
-- Up-to-date symlink: /home/cityu/autoware/install/autoware_auto_planning_msgs/include/autoware_auto_planning_msgs/action/detail/plan_trajectory__functions.h
-- Up-to-date symlink: /home/cityu/autoware/install/autoware_auto_planning_msgs/include/autoware_auto_planning_msgs/action/detail/plan_trajectory__struct.h
-- Up-to-date symlink: /home/cityu/autoware/install/autoware_auto_planning_msgs/include/autoware_auto_planning_msgs/action/detail/plan_trajectory__type_support.h
-- Up-to-date symlink: /home/cityu/autoware/install/autoware_auto_planning_msgs/include/autoware_auto_planning_msgs/action/detail/planner_costmap__functions.h
-- Up-to-date symlink: /home/cityu/autoware/install/autoware_auto_planning_msgs/include/autoware_auto_planning_msgs/action/detail/planner_costmap__struct.h
-- Up-to-date symlink: /home/cityu/autoware/install/autoware_auto_planning_msgs/include/autoware_auto_planning_msgs/action/detail/planner_costmap__type_support.h
-- Up-to-date symlink: /home/cityu/autoware/install/autoware_auto_planning_msgs/include/autoware_auto_planning_msgs/action/detail/record_trajectory__functions.h
-- Up-to-date symlink: /home/cityu/autoware/install/autoware_auto_planning_msgs/include/autoware_auto_planning_msgs/action/detail/record_trajectory__struct.h
-- Up-to-date symlink: /home/cityu/autoware/install/autoware_auto_planning_msgs/include/autoware_auto_planning_msgs/action/detail/record_trajectory__type_support.h
-- Up-to-date symlink: /home/cityu/autoware/install/autoware_auto_planning_msgs/include/autoware_auto_planning_msgs/action/detail/replay_trajectory__functions.h
-- Up-to-date symlink: /home/cityu/autoware/install/autoware_auto_planning_msgs/include/autoware_auto_planning_msgs/action/detail/replay_trajectory__struct.h
-- Up-to-date symlink: /home/cityu/autoware/install/autoware_auto_planning_msgs/include/autoware_auto_planning_msgs/action/detail/replay_trajectory__type_support.h
-- Up-to-date symlink: /home/cityu/autoware/install/autoware_auto_planning_msgs/include/autoware_auto_planning_msgs/action/plan_trajectory.h
-- Up-to-date symlink: /home/cityu/autoware/install/autoware_auto_planning_msgs/include/autoware_auto_planning_msgs/action/planner_costmap.h
-- Up-to-date symlink: /home/cityu/autoware/install/autoware_auto_planning_msgs/include/autoware_auto_planning_msgs/action/record_trajectory.h
-- Up-to-date symlink: /home/cityu/autoware/install/autoware_auto_planning_msgs/include/autoware_auto_planning_msgs/action/replay_trajectory.h
-- Up-to-date symlink: /home/cityu/autoware/install/autoware_auto_planning_msgs/include/autoware_auto_planning_msgs/msg/detail/had_map_route__functions.h
-- Up-to-date symlink: /home/cityu/autoware/install/autoware_auto_planning_msgs/include/autoware_auto_planning_msgs/msg/detail/had_map_route__struct.h
-- Up-to-date symlink: /home/cityu/autoware/install/autoware_auto_planning_msgs/include/autoware_auto_planning_msgs/msg/detail/had_map_route__type_support.h
-- Up-to-date symlink: /home/cityu/autoware/install/autoware_auto_planning_msgs/include/autoware_auto_planning_msgs/msg/detail/order_movement__functions.h
-- Up-to-date symlink: /home/cityu/autoware/install/autoware_auto_planning_msgs/include/autoware_auto_planning_msgs/msg/detail/order_movement__struct.h
-- Up-to-date symlink: /home/cityu/autoware/install/autoware_auto_planning_msgs/include/autoware_auto_planning_msgs/msg/detail/order_movement__type_support.h
-- Up-to-date symlink: /home/cityu/autoware/install/autoware_auto_planning_msgs/include/autoware_auto_planning_msgs/msg/detail/path__functions.h
-- Up-to-date symlink: /home/cityu/autoware/install/autoware_auto_planning_msgs/include/autoware_auto_planning_msgs/msg/detail/path__struct.h
-- Up-to-date symlink: /home/cityu/autoware/install/autoware_auto_planning_msgs/include/autoware_auto_planning_msgs/msg/detail/path__type_support.h
-- Up-to-date symlink: /home/cityu/autoware/install/autoware_auto_planning_msgs/include/autoware_auto_planning_msgs/msg/detail/path_point__functions.h
-- Up-to-date symlink: /home/cityu/autoware/install/autoware_auto_planning_msgs/include/autoware_auto_planning_msgs/msg/detail/path_point__struct.h
-- Up-to-date symlink: /home/cityu/autoware/install/autoware_auto_planning_msgs/include/autoware_auto_planning_msgs/msg/detail/path_point__type_support.h
-- Up-to-date symlink: /home/cityu/autoware/install/autoware_auto_planning_msgs/include/autoware_auto_planning_msgs/msg/detail/path_point_with_lane_id__functions.h
-- Up-to-date symlink: /home/cityu/autoware/install/autoware_auto_planning_msgs/include/autoware_auto_planning_msgs/msg/detail/path_point_with_lane_id__struct.h
-- Up-to-date symlink: /home/cityu/autoware/install/autoware_auto_planning_msgs/include/autoware_auto_planning_msgs/msg/detail/path_point_with_lane_id__type_support.h
-- Up-to-date symlink: /home/cityu/autoware/install/autoware_auto_planning_msgs/include/autoware_auto_planning_msgs/msg/detail/path_with_lane_id__functions.h
-- Up-to-date symlink: /home/cityu/autoware/install/autoware_auto_planning_msgs/include/autoware_auto_planning_msgs/msg/detail/path_with_lane_id__struct.h
-- Up-to-date symlink: /home/cityu/autoware/install/autoware_auto_planning_msgs/include/autoware_auto_planning_msgs/msg/detail/path_with_lane_id__type_support.h
-- Up-to-date symlink: /home/cityu/autoware/install/autoware_auto_planning_msgs/include/autoware_auto_planning_msgs/msg/detail/route__functions.h
-- Up-to-date symlink: /home/cityu/autoware/install/autoware_auto_planning_msgs/include/autoware_auto_planning_msgs/msg/detail/route__struct.h
-- Up-to-date symlink: /home/cityu/autoware/install/autoware_auto_planning_msgs/include/autoware_auto_planning_msgs/msg/detail/route__type_support.h
-- Up-to-date symlink: /home/cityu/autoware/install/autoware_auto_planning_msgs/include/autoware_auto_planning_msgs/msg/detail/trajectory__functions.h
-- Up-to-date symlink: /home/cityu/autoware/install/autoware_auto_planning_msgs/include/autoware_auto_planning_msgs/msg/detail/trajectory__struct.h
-- Up-to-date symlink: /home/cityu/autoware/install/autoware_auto_planning_msgs/include/autoware_auto_planning_msgs/msg/detail/trajectory__type_support.h
-- Up-to-date symlink: /home/cityu/autoware/install/autoware_auto_planning_msgs/include/autoware_auto_planning_msgs/msg/detail/trajectory_point__functions.h
-- Up-to-date symlink: /home/cityu/autoware/install/autoware_auto_planning_msgs/include/autoware_auto_planning_msgs/msg/detail/trajectory_point__struct.h
-- Up-to-date symlink: /home/cityu/autoware/install/autoware_auto_planning_msgs/include/autoware_auto_planning_msgs/msg/detail/trajectory_point__type_support.h
-- Up-to-date symlink: /home/cityu/autoware/install/autoware_auto_planning_msgs/include/autoware_auto_planning_msgs/msg/had_map_route.h
-- Up-to-date symlink: /home/cityu/autoware/install/autoware_auto_planning_msgs/include/autoware_auto_planning_msgs/msg/order_movement.h
-- Up-to-date symlink: /home/cityu/autoware/install/autoware_auto_planning_msgs/include/autoware_auto_planning_msgs/msg/path.h
-- Up-to-date symlink: /home/cityu/autoware/install/autoware_auto_planning_msgs/include/autoware_auto_planning_msgs/msg/path_point.h
-- Up-to-date symlink: /home/cityu/autoware/install/autoware_auto_planning_msgs/include/autoware_auto_planning_msgs/msg/path_point_with_lane_id.h
-- Up-to-date symlink: /home/cityu/autoware/install/autoware_auto_planning_msgs/include/autoware_auto_planning_msgs/msg/path_with_lane_id.h
-- Up-to-date symlink: /home/cityu/autoware/install/autoware_auto_planning_msgs/include/autoware_auto_planning_msgs/msg/rosidl_generator_c__visibility_control.h
-- Up-to-date symlink: /home/cityu/autoware/install/autoware_auto_planning_msgs/include/autoware_auto_planning_msgs/msg/route.h
-- Up-to-date symlink: /home/cityu/autoware/install/autoware_auto_planning_msgs/include/autoware_auto_planning_msgs/msg/trajectory.h
-- Up-to-date symlink: /home/cityu/autoware/install/autoware_auto_planning_msgs/include/autoware_auto_planning_msgs/msg/trajectory_point.h
-- Up-to-date symlink: /home/cityu/autoware/install/autoware_auto_planning_msgs/include/autoware_auto_planning_msgs/srv/detail/modify_trajectory__functions.h
-- Up-to-date symlink: /home/cityu/autoware/install/autoware_auto_planning_msgs/include/autoware_auto_planning_msgs/srv/detail/modify_trajectory__struct.h
-- Up-to-date symlink: /home/cityu/autoware/install/autoware_auto_planning_msgs/include/autoware_auto_planning_msgs/srv/detail/modify_trajectory__type_support.h
-- Up-to-date symlink: /home/cityu/autoware/install/autoware_auto_planning_msgs/include/autoware_auto_planning_msgs/srv/modify_trajectory.h
-- Up-to-date symlink: /home/cityu/autoware/install/autoware_auto_planning_msgs/share/autoware_auto_planning_msgs/environment/library_path.sh
-- Up-to-date symlink: /home/cityu/autoware/install/autoware_auto_planning_msgs/share/autoware_auto_planning_msgs/environment/library_path.dsv
-- Up-to-date symlink: /home/cityu/autoware/install/autoware_auto_planning_msgs/include/autoware_auto_planning_msgs/action/detail/plan_trajectory__rosidl_typesupport_fastrtps_c.h
-- Up-to-date symlink: /home/cityu/autoware/install/autoware_auto_planning_msgs/include/autoware_auto_planning_msgs/action/detail/planner_costmap__rosidl_typesupport_fastrtps_c.h
-- Up-to-date symlink: /home/cityu/autoware/install/autoware_auto_planning_msgs/include/autoware_auto_planning_msgs/action/detail/record_trajectory__rosidl_typesupport_fastrtps_c.h
-- Up-to-date symlink: /home/cityu/autoware/install/autoware_auto_planning_msgs/include/autoware_auto_planning_msgs/action/detail/replay_trajectory__rosidl_typesupport_fastrtps_c.h
-- Up-to-date symlink: /home/cityu/autoware/install/autoware_auto_planning_msgs/include/autoware_auto_planning_msgs/msg/detail/had_map_route__rosidl_typesupport_fastrtps_c.h
-- Up-to-date symlink: /home/cityu/autoware/install/autoware_auto_planning_msgs/include/autoware_auto_planning_msgs/msg/detail/order_movement__rosidl_typesupport_fastrtps_c.h
-- Up-to-date symlink: /home/cityu/autoware/install/autoware_auto_planning_msgs/include/autoware_auto_planning_msgs/msg/detail/path__rosidl_typesupport_fastrtps_c.h
-- Up-to-date symlink: /home/cityu/autoware/install/autoware_auto_planning_msgs/include/autoware_auto_planning_msgs/msg/detail/path_point__rosidl_typesupport_fastrtps_c.h
-- Up-to-date symlink: /home/cityu/autoware/install/autoware_auto_planning_msgs/include/autoware_auto_planning_msgs/msg/detail/path_point_with_lane_id__rosidl_typesupport_fastrtps_c.h
-- Up-to-date symlink: /home/cityu/autoware/install/autoware_auto_planning_msgs/include/autoware_auto_planning_msgs/msg/detail/path_with_lane_id__rosidl_typesupport_fastrtps_c.h
-- Up-to-date symlink: /home/cityu/autoware/install/autoware_auto_planning_msgs/include/autoware_auto_planning_msgs/msg/detail/route__rosidl_typesupport_fastrtps_c.h
-- Up-to-date symlink: /home/cityu/autoware/install/autoware_auto_planning_msgs/include/autoware_auto_planning_msgs/msg/detail/trajectory__rosidl_typesupport_fastrtps_c.h
-- Up-to-date symlink: /home/cityu/autoware/install/autoware_auto_planning_msgs/include/autoware_auto_planning_msgs/msg/detail/trajectory_point__rosidl_typesupport_fastrtps_c.h
-- Up-to-date symlink: /home/cityu/autoware/install/autoware_auto_planning_msgs/include/autoware_auto_planning_msgs/msg/rosidl_typesupport_fastrtps_c__visibility_control.h
-- Up-to-date symlink: /home/cityu/autoware/install/autoware_auto_planning_msgs/include/autoware_auto_planning_msgs/srv/detail/modify_trajectory__rosidl_typesupport_fastrtps_c.h
-- Up-to-date symlink: /home/cityu/autoware/install/autoware_auto_planning_msgs/lib/libautoware_auto_planning_msgs__rosidl_typesupport_fastrtps_c.so
-- Up-to-date symlink: /home/cityu/autoware/install/autoware_auto_planning_msgs/include/autoware_auto_planning_msgs/action/detail/plan_trajectory__rosidl_typesupport_fastrtps_cpp.hpp
-- Up-to-date symlink: /home/cityu/autoware/install/autoware_auto_planning_msgs/include/autoware_auto_planning_msgs/action/detail/planner_costmap__rosidl_typesupport_fastrtps_cpp.hpp
-- Up-to-date symlink: /home/cityu/autoware/install/autoware_auto_planning_msgs/include/autoware_auto_planning_msgs/action/detail/record_trajectory__rosidl_typesupport_fastrtps_cpp.hpp
-- Up-to-date symlink: /home/cityu/autoware/install/autoware_auto_planning_msgs/include/autoware_auto_planning_msgs/action/detail/replay_trajectory__rosidl_typesupport_fastrtps_cpp.hpp
-- Up-to-date symlink: /home/cityu/autoware/install/autoware_auto_planning_msgs/include/autoware_auto_planning_msgs/msg/detail/had_map_route__rosidl_typesupport_fastrtps_cpp.hpp
-- Up-to-date symlink: /home/cityu/autoware/install/autoware_auto_planning_msgs/include/autoware_auto_planning_msgs/msg/detail/order_movement__rosidl_typesupport_fastrtps_cpp.hpp
-- Up-to-date symlink: /home/cityu/autoware/install/autoware_auto_planning_msgs/include/autoware_auto_planning_msgs/msg/detail/path__rosidl_typesupport_fastrtps_cpp.hpp
-- Up-to-date symlink: /home/cityu/autoware/install/autoware_auto_planning_msgs/include/autoware_auto_planning_msgs/msg/detail/path_point__rosidl_typesupport_fastrtps_cpp.hpp
-- Up-to-date symlink: /home/cityu/autoware/install/autoware_auto_planning_msgs/include/autoware_auto_planning_msgs/msg/detail/path_point_with_lane_id__rosidl_typesupport_fastrtps_cpp.hpp
-- Up-to-date symlink: /home/cityu/autoware/install/autoware_auto_planning_msgs/include/autoware_auto_planning_msgs/msg/detail/path_with_lane_id__rosidl_typesupport_fastrtps_cpp.hpp
-- Up-to-date symlink: /home/cityu/autoware/install/autoware_auto_planning_msgs/include/autoware_auto_planning_msgs/msg/detail/route__rosidl_typesupport_fastrtps_cpp.hpp
-- Up-to-date symlink: /home/cityu/autoware/install/autoware_auto_planning_msgs/include/autoware_auto_planning_msgs/msg/detail/trajectory__rosidl_typesupport_fastrtps_cpp.hpp
-- Up-to-date symlink: /home/cityu/autoware/install/autoware_auto_planning_msgs/include/autoware_auto_planning_msgs/msg/detail/trajectory_point__rosidl_typesupport_fastrtps_cpp.hpp
-- Up-to-date symlink: /home/cityu/autoware/install/autoware_auto_planning_msgs/include/autoware_auto_planning_msgs/msg/rosidl_typesupport_fastrtps_cpp__visibility_control.h
-- Up-to-date symlink: /home/cityu/autoware/install/autoware_auto_planning_msgs/include/autoware_auto_planning_msgs/srv/detail/modify_trajectory__rosidl_typesupport_fastrtps_cpp.hpp
-- Up-to-date symlink: /home/cityu/autoware/install/autoware_auto_planning_msgs/lib/libautoware_auto_planning_msgs__rosidl_typesupport_fastrtps_cpp.so
-- Up-to-date symlink: /home/cityu/autoware/install/autoware_auto_planning_msgs/include/autoware_auto_planning_msgs/action/detail/plan_trajectory__rosidl_typesupport_introspection_c.h
-- Up-to-date symlink: /home/cityu/autoware/install/autoware_auto_planning_msgs/include/autoware_auto_planning_msgs/action/detail/planner_costmap__rosidl_typesupport_introspection_c.h
-- Up-to-date symlink: /home/cityu/autoware/install/autoware_auto_planning_msgs/include/autoware_auto_planning_msgs/action/detail/record_trajectory__rosidl_typesupport_introspection_c.h
-- Up-to-date symlink: /home/cityu/autoware/install/autoware_auto_planning_msgs/include/autoware_auto_planning_msgs/action/detail/replay_trajectory__rosidl_typesupport_introspection_c.h
-- Up-to-date symlink: /home/cityu/autoware/install/autoware_auto_planning_msgs/include/autoware_auto_planning_msgs/msg/detail/had_map_route__rosidl_typesupport_introspection_c.h
-- Up-to-date symlink: /home/cityu/autoware/install/autoware_auto_planning_msgs/include/autoware_auto_planning_msgs/msg/detail/order_movement__rosidl_typesupport_introspection_c.h
-- Up-to-date symlink: /home/cityu/autoware/install/autoware_auto_planning_msgs/include/autoware_auto_planning_msgs/msg/detail/path__rosidl_typesupport_introspection_c.h
-- Up-to-date symlink: /home/cityu/autoware/install/autoware_auto_planning_msgs/include/autoware_auto_planning_msgs/msg/detail/path_point__rosidl_typesupport_introspection_c.h
-- Up-to-date symlink: /home/cityu/autoware/install/autoware_auto_planning_msgs/include/autoware_auto_planning_msgs/msg/detail/path_point_with_lane_id__rosidl_typesupport_introspection_c.h
-- Up-to-date symlink: /home/cityu/autoware/install/autoware_auto_planning_msgs/include/autoware_auto_planning_msgs/msg/detail/path_with_lane_id__rosidl_typesupport_introspection_c.h
-- Up-to-date symlink: /home/cityu/autoware/install/autoware_auto_planning_msgs/include/autoware_auto_planning_msgs/msg/detail/route__rosidl_typesupport_introspection_c.h
-- Up-to-date symlink: /home/cityu/autoware/install/autoware_auto_planning_msgs/include/autoware_auto_planning_msgs/msg/detail/trajectory__rosidl_typesupport_introspection_c.h
-- Up-to-date symlink: /home/cityu/autoware/install/autoware_auto_planning_msgs/include/autoware_auto_planning_msgs/msg/detail/trajectory_point__rosidl_typesupport_introspection_c.h
-- Up-to-date symlink: /home/cityu/autoware/install/autoware_auto_planning_msgs/include/autoware_auto_planning_msgs/msg/rosidl_typesupport_introspection_c__visibility_control.h
-- Up-to-date symlink: /home/cityu/autoware/install/autoware_auto_planning_msgs/include/autoware_auto_planning_msgs/srv/detail/modify_trajectory__rosidl_typesupport_introspection_c.h
-- Up-to-date symlink: /home/cityu/autoware/install/autoware_auto_planning_msgs/include/autoware_auto_planning_msgs/action/detail/plan_trajectory__builder.hpp
-- Up-to-date symlink: /home/cityu/autoware/install/autoware_auto_planning_msgs/include/autoware_auto_planning_msgs/action/detail/plan_trajectory__struct.hpp
-- Up-to-date symlink: /home/cityu/autoware/install/autoware_auto_planning_msgs/include/autoware_auto_planning_msgs/action/detail/plan_trajectory__traits.hpp
-- Up-to-date symlink: /home/cityu/autoware/install/autoware_auto_planning_msgs/include/autoware_auto_planning_msgs/action/detail/planner_costmap__builder.hpp
-- Up-to-date symlink: /home/cityu/autoware/install/autoware_auto_planning_msgs/include/autoware_auto_planning_msgs/action/detail/planner_costmap__struct.hpp
-- Up-to-date symlink: /home/cityu/autoware/install/autoware_auto_planning_msgs/include/autoware_auto_planning_msgs/action/detail/planner_costmap__traits.hpp
-- Up-to-date symlink: /home/cityu/autoware/install/autoware_auto_planning_msgs/include/autoware_auto_planning_msgs/action/detail/record_trajectory__builder.hpp
-- Up-to-date symlink: /home/cityu/autoware/install/autoware_auto_planning_msgs/include/autoware_auto_planning_msgs/action/detail/record_trajectory__struct.hpp
-- Up-to-date symlink: /home/cityu/autoware/install/autoware_auto_planning_msgs/include/autoware_auto_planning_msgs/action/detail/record_trajectory__traits.hpp
-- Up-to-date symlink: /home/cityu/autoware/install/autoware_auto_planning_msgs/include/autoware_auto_planning_msgs/action/detail/replay_trajectory__builder.hpp
-- Up-to-date symlink: /home/cityu/autoware/install/autoware_auto_planning_msgs/include/autoware_auto_planning_msgs/action/detail/replay_trajectory__struct.hpp
-- Up-to-date symlink: /home/cityu/autoware/install/autoware_auto_planning_msgs/include/autoware_auto_planning_msgs/action/detail/replay_trajectory__traits.hpp
-- Up-to-date symlink: /home/cityu/autoware/install/autoware_auto_planning_msgs/include/autoware_auto_planning_msgs/action/plan_trajectory.hpp
-- Up-to-date symlink: /home/cityu/autoware/install/autoware_auto_planning_msgs/include/autoware_auto_planning_msgs/action/planner_costmap.hpp
-- Up-to-date symlink: /home/cityu/autoware/install/autoware_auto_planning_msgs/include/autoware_auto_planning_msgs/action/record_trajectory.hpp
-- Up-to-date symlink: /home/cityu/autoware/install/autoware_auto_planning_msgs/include/autoware_auto_planning_msgs/action/replay_trajectory.hpp
-- Up-to-date symlink: /home/cityu/autoware/install/autoware_auto_planning_msgs/include/autoware_auto_planning_msgs/msg/detail/had_map_route__builder.hpp
-- Up-to-date symlink: /home/cityu/autoware/install/autoware_auto_planning_msgs/include/autoware_auto_planning_msgs/msg/detail/had_map_route__struct.hpp
-- Up-to-date symlink: /home/cityu/autoware/install/autoware_auto_planning_msgs/include/autoware_auto_planning_msgs/msg/detail/had_map_route__traits.hpp
-- Up-to-date symlink: /home/cityu/autoware/install/autoware_auto_planning_msgs/include/autoware_auto_planning_msgs/msg/detail/order_movement__builder.hpp
-- Up-to-date symlink: /home/cityu/autoware/install/autoware_auto_planning_msgs/include/autoware_auto_planning_msgs/msg/detail/order_movement__struct.hpp
-- Up-to-date symlink: /home/cityu/autoware/install/autoware_auto_planning_msgs/include/autoware_auto_planning_msgs/msg/detail/order_movement__traits.hpp
-- Up-to-date symlink: /home/cityu/autoware/install/autoware_auto_planning_msgs/include/autoware_auto_planning_msgs/msg/detail/path__builder.hpp
-- Up-to-date symlink: /home/cityu/autoware/install/autoware_auto_planning_msgs/include/autoware_auto_planning_msgs/msg/detail/path__struct.hpp
-- Up-to-date symlink: /home/cityu/autoware/install/autoware_auto_planning_msgs/include/autoware_auto_planning_msgs/msg/detail/path__traits.hpp
-- Up-to-date symlink: /home/cityu/autoware/install/autoware_auto_planning_msgs/include/autoware_auto_planning_msgs/msg/detail/path_point__builder.hpp
-- Up-to-date symlink: /home/cityu/autoware/install/autoware_auto_planning_msgs/include/autoware_auto_planning_msgs/msg/detail/path_point__struct.hpp
-- Up-to-date symlink: /home/cityu/autoware/install/autoware_auto_planning_msgs/include/autoware_auto_planning_msgs/msg/detail/path_point__traits.hpp
-- Up-to-date symlink: /home/cityu/autoware/install/autoware_auto_planning_msgs/include/autoware_auto_planning_msgs/msg/detail/path_point_with_lane_id__builder.hpp
-- Up-to-date symlink: /home/cityu/autoware/install/autoware_auto_planning_msgs/include/autoware_auto_planning_msgs/msg/detail/path_point_with_lane_id__struct.hpp
-- Up-to-date symlink: /home/cityu/autoware/install/autoware_auto_planning_msgs/include/autoware_auto_planning_msgs/msg/detail/path_point_with_lane_id__traits.hpp
-- Up-to-date symlink: /home/cityu/autoware/install/autoware_auto_planning_msgs/include/autoware_auto_planning_msgs/msg/detail/path_with_lane_id__builder.hpp
-- Up-to-date symlink: /home/cityu/autoware/install/autoware_auto_planning_msgs/include/autoware_auto_planning_msgs/msg/detail/path_with_lane_id__struct.hpp
-- Up-to-date symlink: /home/cityu/autoware/install/autoware_auto_planning_msgs/include/autoware_auto_planning_msgs/msg/detail/path_with_lane_id__traits.hpp
-- Up-to-date symlink: /home/cityu/autoware/install/autoware_auto_planning_msgs/include/autoware_auto_planning_msgs/msg/detail/route__builder.hpp
-- Up-to-date symlink: /home/cityu/autoware/install/autoware_auto_planning_msgs/include/autoware_auto_planning_msgs/msg/detail/route__struct.hpp
-- Up-to-date symlink: /home/cityu/autoware/install/autoware_auto_planning_msgs/include/autoware_auto_planning_msgs/msg/detail/route__traits.hpp
-- Up-to-date symlink: /home/cityu/autoware/install/autoware_auto_planning_msgs/include/autoware_auto_planning_msgs/msg/detail/trajectory__builder.hpp
-- Up-to-date symlink: /home/cityu/autoware/install/autoware_auto_planning_msgs/include/autoware_auto_planning_msgs/msg/detail/trajectory__struct.hpp
-- Up-to-date symlink: /home/cityu/autoware/install/autoware_auto_planning_msgs/include/autoware_auto_planning_msgs/msg/detail/trajectory__traits.hpp
-- Up-to-date symlink: /home/cityu/autoware/install/autoware_auto_planning_msgs/include/autoware_auto_planning_msgs/msg/detail/trajectory_point__builder.hpp
-- Up-to-date symlink: /home/cityu/autoware/install/autoware_auto_planning_msgs/include/autoware_auto_planning_msgs/msg/detail/trajectory_point__struct.hpp
-- Up-to-date symlink: /home/cityu/autoware/install/autoware_auto_planning_msgs/include/autoware_auto_planning_msgs/msg/detail/trajectory_point__traits.hpp
-- Up-to-date symlink: /home/cityu/autoware/install/autoware_auto_planning_msgs/include/autoware_auto_planning_msgs/msg/had_map_route.hpp
-- Up-to-date symlink: /home/cityu/autoware/install/autoware_auto_planning_msgs/include/autoware_auto_planning_msgs/msg/order_movement.hpp
-- Up-to-date symlink: /home/cityu/autoware/install/autoware_auto_planning_msgs/include/autoware_auto_planning_msgs/msg/path.hpp
-- Up-to-date symlink: /home/cityu/autoware/install/autoware_auto_planning_msgs/include/autoware_auto_planning_msgs/msg/path_point.hpp
-- Up-to-date symlink: /home/cityu/autoware/install/autoware_auto_planning_msgs/include/autoware_auto_planning_msgs/msg/path_point_with_lane_id.hpp
-- Up-to-date symlink: /home/cityu/autoware/install/autoware_auto_planning_msgs/include/autoware_auto_planning_msgs/msg/path_with_lane_id.hpp
-- Up-to-date symlink: /home/cityu/autoware/install/autoware_auto_planning_msgs/include/autoware_auto_planning_msgs/msg/route.hpp
-- Up-to-date symlink: /home/cityu/autoware/install/autoware_auto_planning_msgs/include/autoware_auto_planning_msgs/msg/trajectory.hpp
-- Up-to-date symlink: /home/cityu/autoware/install/autoware_auto_planning_msgs/include/autoware_auto_planning_msgs/msg/trajectory_point.hpp
-- Up-to-date symlink: /home/cityu/autoware/install/autoware_auto_planning_msgs/include/autoware_auto_planning_msgs/srv/detail/modify_trajectory__builder.hpp
-- Up-to-date symlink: /home/cityu/autoware/install/autoware_auto_planning_msgs/include/autoware_auto_planning_msgs/srv/detail/modify_trajectory__struct.hpp
-- Up-to-date symlink: /home/cityu/autoware/install/autoware_auto_planning_msgs/include/autoware_auto_planning_msgs/srv/detail/modify_trajectory__traits.hpp
-- Up-to-date symlink: /home/cityu/autoware/install/autoware_auto_planning_msgs/include/autoware_auto_planning_msgs/srv/modify_trajectory.hpp
-- Up-to-date symlink: /home/cityu/autoware/install/autoware_auto_planning_msgs/include/autoware_auto_planning_msgs/action/detail/plan_trajectory__rosidl_typesupport_introspection_cpp.hpp
-- Up-to-date symlink: /home/cityu/autoware/install/autoware_auto_planning_msgs/include/autoware_auto_planning_msgs/action/detail/planner_costmap__rosidl_typesupport_introspection_cpp.hpp
-- Up-to-date symlink: /home/cityu/autoware/install/autoware_auto_planning_msgs/include/autoware_auto_planning_msgs/action/detail/record_trajectory__rosidl_typesupport_introspection_cpp.hpp
-- Up-to-date symlink: /home/cityu/autoware/install/autoware_auto_planning_msgs/include/autoware_auto_planning_msgs/action/detail/replay_trajectory__rosidl_typesupport_introspection_cpp.hpp
-- Up-to-date symlink: /home/cityu/autoware/install/autoware_auto_planning_msgs/include/autoware_auto_planning_msgs/msg/detail/had_map_route__rosidl_typesupport_introspection_cpp.hpp
-- Up-to-date symlink: /home/cityu/autoware/install/autoware_auto_planning_msgs/include/autoware_auto_planning_msgs/msg/detail/order_movement__rosidl_typesupport_introspection_cpp.hpp
-- Up-to-date symlink: /home/cityu/autoware/install/autoware_auto_planning_msgs/include/autoware_auto_planning_msgs/msg/detail/path__rosidl_typesupport_introspection_cpp.hpp
-- Up-to-date symlink: /home/cityu/autoware/install/autoware_auto_planning_msgs/include/autoware_auto_planning_msgs/msg/detail/path_point__rosidl_typesupport_introspection_cpp.hpp
-- Up-to-date symlink: /home/cityu/autoware/install/autoware_auto_planning_msgs/include/autoware_auto_planning_msgs/msg/detail/path_point_with_lane_id__rosidl_typesupport_introspection_cpp.hpp
-- Up-to-date symlink: /home/cityu/autoware/install/autoware_auto_planning_msgs/include/autoware_auto_planning_msgs/msg/detail/path_with_lane_id__rosidl_typesupport_introspection_cpp.hpp
-- Up-to-date symlink: /home/cityu/autoware/install/autoware_auto_planning_msgs/include/autoware_auto_planning_msgs/msg/detail/route__rosidl_typesupport_introspection_cpp.hpp
-- Up-to-date symlink: /home/cityu/autoware/install/autoware_auto_planning_msgs/include/autoware_auto_planning_msgs/msg/detail/trajectory__rosidl_typesupport_introspection_cpp.hpp
-- Up-to-date symlink: /home/cityu/autoware/install/autoware_auto_planning_msgs/include/autoware_auto_planning_msgs/msg/detail/trajectory_point__rosidl_typesupport_introspection_cpp.hpp
-- Up-to-date symlink: /home/cityu/autoware/install/autoware_auto_planning_msgs/include/autoware_auto_planning_msgs/srv/detail/modify_trajectory__rosidl_typesupport_introspection_cpp.hpp
-- Up-to-date symlink: /home/cityu/autoware/install/autoware_auto_planning_msgs/share/autoware_auto_planning_msgs/environment/pythonpath.sh
-- Up-to-date symlink: /home/cityu/autoware/install/autoware_auto_planning_msgs/share/autoware_auto_planning_msgs/environment/pythonpath.dsv
-- Up-to-date symlink: /home/cityu/autoware/install/autoware_auto_planning_msgs/lib/python3.8/site-packages/autoware_auto_planning_msgs/__init__.py
-- Up-to-date symlink: /home/cityu/autoware/install/autoware_auto_planning_msgs/lib/python3.8/site-packages/autoware_auto_planning_msgs/action/__init__.py
-- Up-to-date symlink: /home/cityu/autoware/install/autoware_auto_planning_msgs/lib/python3.8/site-packages/autoware_auto_planning_msgs/action/_plan_trajectory.py
-- Up-to-date symlink: /home/cityu/autoware/install/autoware_auto_planning_msgs/lib/python3.8/site-packages/autoware_auto_planning_msgs/action/_planner_costmap.py
-- Up-to-date symlink: /home/cityu/autoware/install/autoware_auto_planning_msgs/lib/python3.8/site-packages/autoware_auto_planning_msgs/action/_record_trajectory.py
-- Up-to-date symlink: /home/cityu/autoware/install/autoware_auto_planning_msgs/lib/python3.8/site-packages/autoware_auto_planning_msgs/action/_replay_trajectory.py
-- Up-to-date symlink: /home/cityu/autoware/install/autoware_auto_planning_msgs/lib/python3.8/site-packages/autoware_auto_planning_msgs/msg/__init__.py
-- Up-to-date symlink: /home/cityu/autoware/install/autoware_auto_planning_msgs/lib/python3.8/site-packages/autoware_auto_planning_msgs/msg/_had_map_route.py
-- Up-to-date symlink: /home/cityu/autoware/install/autoware_auto_planning_msgs/lib/python3.8/site-packages/autoware_auto_planning_msgs/msg/_order_movement.py
-- Up-to-date symlink: /home/cityu/autoware/install/autoware_auto_planning_msgs/lib/python3.8/site-packages/autoware_auto_planning_msgs/msg/_path.py
-- Up-to-date symlink: /home/cityu/autoware/install/autoware_auto_planning_msgs/lib/python3.8/site-packages/autoware_auto_planning_msgs/msg/_path_point.py
-- Up-to-date symlink: /home/cityu/autoware/install/autoware_auto_planning_msgs/lib/python3.8/site-packages/autoware_auto_planning_msgs/msg/_path_point_with_lane_id.py
-- Up-to-date symlink: /home/cityu/autoware/install/autoware_auto_planning_msgs/lib/python3.8/site-packages/autoware_auto_planning_msgs/msg/_path_with_lane_id.py
-- Up-to-date symlink: /home/cityu/autoware/install/autoware_auto_planning_msgs/lib/python3.8/site-packages/autoware_auto_planning_msgs/msg/_route.py
-- Up-to-date symlink: /home/cityu/autoware/install/autoware_auto_planning_msgs/lib/python3.8/site-packages/autoware_auto_planning_msgs/msg/_trajectory.py
-- Up-to-date symlink: /home/cityu/autoware/install/autoware_auto_planning_msgs/lib/python3.8/site-packages/autoware_auto_planning_msgs/msg/_trajectory_point.py
-- Up-to-date symlink: /home/cityu/autoware/install/autoware_auto_planning_msgs/lib/python3.8/site-packages/autoware_auto_planning_msgs/srv/__init__.py
-- Up-to-date symlink: /home/cityu/autoware/install/autoware_auto_planning_msgs/lib/python3.8/site-packages/autoware_auto_planning_msgs/srv/_modify_trajectory.py
-- Up-to-date symlink: /home/cityu/autoware/install/autoware_auto_planning_msgs/lib/python3.8/site-packages/autoware_auto_planning_msgs/autoware_auto_planning_msgs_s__rosidl_typesupport_fastrtps_c.cpython-38-x86_64-linux-gnu.so
-- Up-to-date symlink: /home/cityu/autoware/install/autoware_auto_planning_msgs/lib/python3.8/site-packages/autoware_auto_planning_msgs/autoware_auto_planning_msgs_s__rosidl_typesupport_introspection_c.cpython-38-x86_64-linux-gnu.so
-- Up-to-date symlink: /home/cityu/autoware/install/autoware_auto_planning_msgs/lib/python3.8/site-packages/autoware_auto_planning_msgs/autoware_auto_planning_msgs_s__rosidl_typesupport_c.cpython-38-x86_64-linux-gnu.so
-- Up-to-date symlink: /home/cityu/autoware/install/autoware_auto_planning_msgs/lib/libautoware_auto_planning_msgs__python.so
-- Up-to-date symlink: /home/cityu/autoware/install/autoware_auto_planning_msgs/share/autoware_auto_planning_msgs/action/PlannerCostmap.idl
-- Up-to-date symlink: /home/cityu/autoware/install/autoware_auto_planning_msgs/share/autoware_auto_planning_msgs/action/PlanTrajectory.idl
-- Up-to-date symlink: /home/cityu/autoware/install/autoware_auto_planning_msgs/share/autoware_auto_planning_msgs/action/RecordTrajectory.idl
-- Up-to-date symlink: /home/cityu/autoware/install/autoware_auto_planning_msgs/share/autoware_auto_planning_msgs/action/ReplayTrajectory.idl
-- Up-to-date symlink: /home/cityu/autoware/install/autoware_auto_planning_msgs/share/autoware_auto_planning_msgs/msg/HADMapRoute.idl
-- Up-to-date symlink: /home/cityu/autoware/install/autoware_auto_planning_msgs/share/autoware_auto_planning_msgs/msg/OrderMovement.idl
-- Up-to-date symlink: /home/cityu/autoware/install/autoware_auto_planning_msgs/share/autoware_auto_planning_msgs/msg/Route.idl
-- Up-to-date symlink: /home/cityu/autoware/install/autoware_auto_planning_msgs/share/autoware_auto_planning_msgs/msg/Trajectory.idl
-- Up-to-date symlink: /home/cityu/autoware/install/autoware_auto_planning_msgs/share/autoware_auto_planning_msgs/msg/TrajectoryPoint.idl
-- Up-to-date symlink: /home/cityu/autoware/install/autoware_auto_planning_msgs/share/autoware_auto_planning_msgs/msg/Path.idl
-- Up-to-date symlink: /home/cityu/autoware/install/autoware_auto_planning_msgs/share/autoware_auto_planning_msgs/msg/PathPoint.idl
-- Up-to-date symlink: /home/cityu/autoware/install/autoware_auto_planning_msgs/share/autoware_auto_planning_msgs/msg/PathWithLaneId.idl
-- Up-to-date symlink: /home/cityu/autoware/install/autoware_auto_planning_msgs/share/autoware_auto_planning_msgs/msg/PathPointWithLaneId.idl
-- Up-to-date symlink: /home/cityu/autoware/install/autoware_auto_planning_msgs/share/autoware_auto_planning_msgs/srv/ModifyTrajectory.idl
-- Up-to-date symlink: /home/cityu/autoware/install/autoware_auto_planning_msgs/share/ament_index/resource_index/package_run_dependencies/autoware_auto_planning_msgs
-- Up-to-date symlink: /home/cityu/autoware/install/autoware_auto_planning_msgs/share/ament_index/resource_index/parent_prefix_path/autoware_auto_planning_msgs
-- Up-to-date symlink: /home/cityu/autoware/install/autoware_auto_planning_msgs/share/autoware_auto_planning_msgs/environment/ament_prefix_path.sh
-- Up-to-date symlink: /home/cityu/autoware/install/autoware_auto_planning_msgs/share/autoware_auto_planning_msgs/environment/ament_prefix_path.dsv
-- Up-to-date symlink: /home/cityu/autoware/install/autoware_auto_planning_msgs/share/autoware_auto_planning_msgs/environment/path.sh
-- Up-to-date symlink: /home/cityu/autoware/install/autoware_auto_planning_msgs/share/autoware_auto_planning_msgs/environment/path.dsv
-- Up-to-date symlink: /home/cityu/autoware/install/autoware_auto_planning_msgs/share/autoware_auto_planning_msgs/local_setup.bash
-- Up-to-date symlink: /home/cityu/autoware/install/autoware_auto_planning_msgs/share/autoware_auto_planning_msgs/local_setup.sh
-- Up-to-date symlink: /home/cityu/autoware/install/autoware_auto_planning_msgs/share/autoware_auto_planning_msgs/local_setup.zsh
-- Up-to-date symlink: /home/cityu/autoware/install/autoware_auto_planning_msgs/share/autoware_auto_planning_msgs/local_setup.dsv
-- Symlinking: /home/cityu/autoware/install/autoware_auto_planning_msgs/share/autoware_auto_planning_msgs/package.dsv
-- Up-to-date symlink: /home/cityu/autoware/install/autoware_auto_planning_msgs/share/ament_index/resource_index/packages/autoware_auto_planning_msgs
-- Up-to-date symlink: /home/cityu/autoware/install/autoware_auto_planning_msgs/share/autoware_auto_planning_msgs/cmake/rosidl_cmake-extras.cmake
-- Up-to-date symlink: /home/cityu/autoware/install/autoware_auto_planning_msgs/share/autoware_auto_planning_msgs/cmake/ament_cmake_export_dependencies-extras.cmake
-- Up-to-date symlink: /home/cityu/autoware/install/autoware_auto_planning_msgs/share/autoware_auto_planning_msgs/cmake/ament_cmake_export_libraries-extras.cmake
-- Up-to-date symlink: /home/cityu/autoware/install/autoware_auto_planning_msgs/share/autoware_auto_planning_msgs/cmake/ament_cmake_export_targets-extras.cmake
-- Up-to-date symlink: /home/cityu/autoware/install/autoware_auto_planning_msgs/share/autoware_auto_planning_msgs/cmake/ament_cmake_export_include_directories-extras.cmake
-- Up-to-date symlink: /home/cityu/autoware/install/autoware_auto_planning_msgs/share/autoware_auto_planning_msgs/cmake/rosidl_cmake_export_typesupport_libraries-extras.cmake
-- Up-to-date symlink: /home/cityu/autoware/install/autoware_auto_planning_msgs/share/autoware_auto_planning_msgs/cmake/rosidl_cmake_export_typesupport_targets-extras.cmake
-- Up-to-date symlink: /home/cityu/autoware/install/autoware_auto_planning_msgs/share/autoware_auto_planning_msgs/cmake/autoware_auto_planning_msgsConfig.cmake
-- Up-to-date symlink: /home/cityu/autoware/install/autoware_auto_planning_msgs/share/autoware_auto_planning_msgs/cmake/autoware_auto_planning_msgsConfig-version.cmake
-- Up-to-date symlink: /home/cityu/autoware/install/autoware_auto_planning_msgs/share/autoware_auto_planning_msgs/package.xml
-- Installing: /home/cityu/autoware/install/autoware_auto_planning_msgs/lib/libautoware_auto_planning_msgs__rosidl_generator_c.so
-- Set runtime path of "/home/cityu/autoware/install/autoware_auto_planning_msgs/lib/libautoware_auto_planning_msgs__rosidl_generator_c.so" to ""
-- Installing: /home/cityu/autoware/install/autoware_auto_planning_msgs/lib/libautoware_auto_planning_msgs__rosidl_typesupport_introspection_c.so
-- Set runtime path of "/home/cityu/autoware/install/autoware_auto_planning_msgs/lib/libautoware_auto_planning_msgs__rosidl_typesupport_introspection_c.so" to ""
-- Installing: /home/cityu/autoware/install/autoware_auto_planning_msgs/lib/libautoware_auto_planning_msgs__rosidl_typesupport_c.so
-- Set runtime path of "/home/cityu/autoware/install/autoware_auto_planning_msgs/lib/libautoware_auto_planning_msgs__rosidl_typesupport_c.so" to ""
-- Installing: /home/cityu/autoware/install/autoware_auto_planning_msgs/lib/libautoware_auto_planning_msgs__rosidl_typesupport_introspection_cpp.so
-- Set runtime path of "/home/cityu/autoware/install/autoware_auto_planning_msgs/lib/libautoware_auto_planning_msgs__rosidl_typesupport_introspection_cpp.so" to ""
-- Installing: /home/cityu/autoware/install/autoware_auto_planning_msgs/lib/libautoware_auto_planning_msgs__rosidl_typesupport_cpp.so
-- Set runtime path of "/home/cityu/autoware/install/autoware_auto_planning_msgs/lib/libautoware_auto_planning_msgs__rosidl_typesupport_cpp.so" to ""
Compiling '/home/cityu/autoware/install/autoware_auto_planning_msgs/lib/python3.8/site-packages/autoware_auto_planning_msgs/__init__.py'...
-- Up-to-date: /home/cityu/autoware/install/autoware_auto_planning_msgs/share/autoware_auto_planning_msgs/cmake/autoware_auto_planning_msgs__rosidl_generator_cExport.cmake
-- Installing: /home/cityu/autoware/install/autoware_auto_planning_msgs/share/autoware_auto_planning_msgs/cmake/autoware_auto_planning_msgs__rosidl_generator_cExport-release.cmake
-- Up-to-date: /home/cityu/autoware/install/autoware_auto_planning_msgs/share/autoware_auto_planning_msgs/cmake/autoware_auto_planning_msgs__rosidl_typesupport_introspection_cExport.cmake
-- Installing: /home/cityu/autoware/install/autoware_auto_planning_msgs/share/autoware_auto_planning_msgs/cmake/autoware_auto_planning_msgs__rosidl_typesupport_introspection_cExport-release.cmake
-- Up-to-date: /home/cityu/autoware/install/autoware_auto_planning_msgs/share/autoware_auto_planning_msgs/cmake/autoware_auto_planning_msgs__rosidl_typesupport_cExport.cmake
-- Installing: /home/cityu/autoware/install/autoware_auto_planning_msgs/share/autoware_auto_planning_msgs/cmake/autoware_auto_planning_msgs__rosidl_typesupport_cExport-release.cmake
-- Up-to-date: /home/cityu/autoware/install/autoware_auto_planning_msgs/share/autoware_auto_planning_msgs/cmake/autoware_auto_planning_msgs__rosidl_generator_cppExport.cmake
-- Up-to-date: /home/cityu/autoware/install/autoware_auto_planning_msgs/share/autoware_auto_planning_msgs/cmake/autoware_auto_planning_msgs__rosidl_typesupport_introspection_cppExport.cmake
-- Installing: /home/cityu/autoware/install/autoware_auto_planning_msgs/share/autoware_auto_planning_msgs/cmake/autoware_auto_planning_msgs__rosidl_typesupport_introspection_cppExport-release.cmake
-- Up-to-date: /home/cityu/autoware/install/autoware_auto_planning_msgs/share/autoware_auto_planning_msgs/cmake/autoware_auto_planning_msgs__rosidl_typesupport_cppExport.cmake
-- Installing: /home/cityu/autoware/install/autoware_auto_planning_msgs/share/autoware_auto_planning_msgs/cmake/autoware_auto_planning_msgs__rosidl_typesupport_cppExport-release.cmake
