[0.129s] Invoking command in '/home/cityu/autoware/build/autoware_lint_common': CMAKE_PREFIX_PATH=/opt/ros/galactic /usr/bin/cmake /home/cityu/autoware/src/core/autoware_common/autoware_lint_common -DCMAKE_BUILD_TYPE=Release -DDOWNLOAD_ARTIFACTS=ON -DAMENT_CMAKE_SYMLINK_INSTALL=1 -DCMAKE_INSTALL_PREFIX=/home/cityu/autoware/install/autoware_lint_common
[0.274s] -- Found ament_cmake_core: 1.1.6 (/opt/ros/galactic/share/ament_cmake_core/cmake)
[0.274s] -- Using PYTHON_EXECUTABLE: /usr/bin/python3
[0.290s] -- Override CMake install command with custom implementation using symlinks instead of copying resources
[0.291s] -- Found ament_cmake_export_dependencies: 1.1.6 (/opt/ros/galactic/share/ament_cmake_export_dependencies/cmake)
[0.291s] -- Found ament_cmake_test: 1.1.6 (/opt/ros/galactic/share/ament_cmake_test/cmake)
[0.434s] -- Configuring done
[0.438s] -- Generating done
[0.440s] -- Build files have been written to: /home/cityu/autoware/build/autoware_lint_common
[0.447s] Invoked command in '/home/cityu/autoware/build/autoware_lint_common' returned '0': CMAKE_PREFIX_PATH=/opt/ros/galactic /usr/bin/cmake /home/cityu/autoware/src/core/autoware_common/autoware_lint_common -DCMAKE_BUILD_TYPE=Release -DDOWNLOAD_ARTIFACTS=ON -DAMENT_CMAKE_SYMLINK_INSTALL=1 -DCMAKE_INSTALL_PREFIX=/home/cityu/autoware/install/autoware_lint_common
[0.456s] Invoking command in '/home/cityu/autoware/build/autoware_lint_common': CMAKE_PREFIX_PATH=/opt/ros/galactic /usr/bin/cmake --build /home/cityu/autoware/build/autoware_lint_common -- -j16 -l16
[1.699s] Invoked command in '/home/cityu/autoware/build/autoware_lint_common' returned '0': CMAKE_PREFIX_PATH=/opt/ros/galactic /usr/bin/cmake --build /home/cityu/autoware/build/autoware_lint_common -- -j16 -l16
[2.267s] Invoking command in '/home/cityu/autoware/build/autoware_lint_common': CMAKE_PREFIX_PATH=/opt/ros/galactic /usr/bin/cmake --install /home/cityu/autoware/build/autoware_lint_common
[7.551s] -- Install configuration: "Release"
[7.551s] -- Execute custom install script
[7.552s] -- Up-to-date symlink: /home/cityu/autoware/install/autoware_lint_common/share/ament_index/resource_index/package_run_dependencies/autoware_lint_common
[7.552s] -- Up-to-date symlink: /home/cityu/autoware/install/autoware_lint_common/share/ament_index/resource_index/parent_prefix_path/autoware_lint_common
[7.552s] -- Up-to-date symlink: /home/cityu/autoware/install/autoware_lint_common/share/autoware_lint_common/environment/ament_prefix_path.sh
[7.552s] -- Up-to-date symlink: /home/cityu/autoware/install/autoware_lint_common/share/autoware_lint_common/environment/ament_prefix_path.dsv
[7.552s] -- Up-to-date symlink: /home/cityu/autoware/install/autoware_lint_common/share/autoware_lint_common/environment/path.sh
[7.552s] -- Up-to-date symlink: /home/cityu/autoware/install/autoware_lint_common/share/autoware_lint_common/environment/path.dsv
[7.552s] -- Up-to-date symlink: /home/cityu/autoware/install/autoware_lint_common/share/autoware_lint_common/local_setup.bash
[7.552s] -- Up-to-date symlink: /home/cityu/autoware/install/autoware_lint_common/share/autoware_lint_common/local_setup.sh
[7.552s] -- Up-to-date symlink: /home/cityu/autoware/install/autoware_lint_common/share/autoware_lint_common/local_setup.zsh
[7.553s] -- Up-to-date symlink: /home/cityu/autoware/install/autoware_lint_common/share/autoware_lint_common/local_setup.dsv
[7.553s] -- Symlinking: /home/cityu/autoware/install/autoware_lint_common/share/autoware_lint_common/package.dsv
[7.553s] -- Up-to-date symlink: /home/cityu/autoware/install/autoware_lint_common/share/ament_index/resource_index/packages/autoware_lint_common
[7.553s] -- Up-to-date symlink: /home/cityu/autoware/install/autoware_lint_common/share/autoware_lint_common/cmake/ament_cmake_export_dependencies-extras.cmake
[7.553s] -- Up-to-date symlink: /home/cityu/autoware/install/autoware_lint_common/share/autoware_lint_common/cmake/autoware_lint_commonConfig.cmake
[7.553s] -- Up-to-date symlink: /home/cityu/autoware/install/autoware_lint_common/share/autoware_lint_common/cmake/autoware_lint_commonConfig-version.cmake
[7.553s] -- Up-to-date symlink: /home/cityu/autoware/install/autoware_lint_common/share/autoware_lint_common/package.xml
[7.819s] Invoked command in '/home/cityu/autoware/build/autoware_lint_common' returned '0': CMAKE_PREFIX_PATH=/opt/ros/galactic /usr/bin/cmake --install /home/cityu/autoware/build/autoware_lint_common
