-- Found autoware_cmake: 0.1.0 (/home/cityu/autoware/install/autoware_cmake/share/autoware_cmake/cmake)
-- Found ament_cmake_auto: 1.1.6 (/opt/ros/galactic/share/ament_cmake_auto/cmake)
-- Using PYTHON_EXECUTABLE: /usr/bin/python3
-- Override CMake install command with custom implementation using symlinks instead of copying resources
-- Using all available rosidl_typesupport_c: rosidl_typesupport_fastrtps_c;rosidl_typesupport_introspection_c
-- Found rosidl_adapter: 2.2.3 (/opt/ros/galactic/share/rosidl_adapter/cmake)
-- Using all available rosidl_typesupport_cpp: rosidl_typesupport_fastrtps_cpp;rosidl_typesupport_introspection_cpp
-- Found ament_lint_auto: 0.10.7 (/opt/ros/galactic/share/ament_lint_auto/cmake)
-- Added test 'copyright' to check source files copyright and LICENSE
-- Added test 'cppcheck' to perform static code analysis on C / C++ code
-- Configured cppcheck include dirs: 
-- Configured cppcheck exclude dirs and/or files: 
-- Added test 'lint_cmake' to check CMake code style
-- Added test 'xmllint' to check XML markup files
-- Configuring done
-- Generating done
CMake Warning:
  Manually-specified variables were not used by the project:

    DOWNLOAD_ARTIFACTS


-- Build files have been written to: /home/cityu/autoware/build/component_interface_specs
-- Install configuration: "Release"
-- Execute custom install script
-- Up-to-date symlink: /home/cityu/autoware/install/component_interface_specs/include/component_interface_specs/control.hpp
-- Up-to-date symlink: /home/cityu/autoware/install/component_interface_specs/include/component_interface_specs/localization.hpp
-- Up-to-date symlink: /home/cityu/autoware/install/component_interface_specs/include/component_interface_specs/planning.hpp
-- Up-to-date symlink: /home/cityu/autoware/install/component_interface_specs/include/component_interface_specs/system.hpp
-- Up-to-date symlink: /home/cityu/autoware/install/component_interface_specs/share/ament_index/resource_index/package_run_dependencies/component_interface_specs
-- Up-to-date symlink: /home/cityu/autoware/install/component_interface_specs/share/ament_index/resource_index/parent_prefix_path/component_interface_specs
-- Up-to-date symlink: /home/cityu/autoware/install/component_interface_specs/share/component_interface_specs/environment/ament_prefix_path.sh
-- Up-to-date symlink: /home/cityu/autoware/install/component_interface_specs/share/component_interface_specs/environment/ament_prefix_path.dsv
-- Up-to-date symlink: /home/cityu/autoware/install/component_interface_specs/share/component_interface_specs/environment/path.sh
-- Up-to-date symlink: /home/cityu/autoware/install/component_interface_specs/share/component_interface_specs/environment/path.dsv
-- Up-to-date symlink: /home/cityu/autoware/install/component_interface_specs/share/component_interface_specs/local_setup.bash
-- Up-to-date symlink: /home/cityu/autoware/install/component_interface_specs/share/component_interface_specs/local_setup.sh
-- Up-to-date symlink: /home/cityu/autoware/install/component_interface_specs/share/component_interface_specs/local_setup.zsh
-- Up-to-date symlink: /home/cityu/autoware/install/component_interface_specs/share/component_interface_specs/local_setup.dsv
-- Symlinking: /home/cityu/autoware/install/component_interface_specs/share/component_interface_specs/package.dsv
-- Up-to-date symlink: /home/cityu/autoware/install/component_interface_specs/share/ament_index/resource_index/packages/component_interface_specs
-- Up-to-date symlink: /home/cityu/autoware/install/component_interface_specs/share/component_interface_specs/cmake/ament_cmake_export_dependencies-extras.cmake
-- Up-to-date symlink: /home/cityu/autoware/install/component_interface_specs/share/component_interface_specs/cmake/ament_cmake_export_include_directories-extras.cmake
-- Up-to-date symlink: /home/cityu/autoware/install/component_interface_specs/share/component_interface_specs/cmake/component_interface_specsConfig.cmake
-- Up-to-date symlink: /home/cityu/autoware/install/component_interface_specs/share/component_interface_specs/cmake/component_interface_specsConfig-version.cmake
-- Up-to-date symlink: /home/cityu/autoware/install/component_interface_specs/share/component_interface_specs/package.xml
