[0.214s] Invoking command in '/home/cityu/autoware/build/traffic_light_classifier': AMENT_PREFIX_PATH=/home/cityu/autoware/install/autoware_cmake:/home/cityu/autoware/install/autoware_auto_perception_msgs:/home/cityu/autoware/install/autoware_auto_geometry_msgs:${AMENT_PREFIX_PATH} CMAKE_PREFIX_PATH=/home/cityu/autoware/install/autoware_cmake:/home/cityu/autoware/install/autoware_auto_perception_msgs:/home/cityu/autoware/install/autoware_auto_geometry_msgs:/opt/ros/galactic LD_LIBRARY_PATH=/home/cityu/autoware/install/autoware_auto_perception_msgs/lib:/home/cityu/autoware/install/autoware_auto_geometry_msgs/lib:${LD_LIBRARY_PATH} PYTHONPATH=/home/cityu/autoware/install/autoware_auto_perception_msgs/lib/python3.8/site-packages:/home/cityu/autoware/install/autoware_auto_geometry_msgs/lib/python3.8/site-packages:${PYTHONPATH} /usr/bin/cmake --build /home/cityu/autoware/build/traffic_light_classifier -- -j16 -l16
[0.266s] [ 25%] Built target traffic_light_classifier_node
[0.267s] [ 50%] Built target libutils
[0.313s] [100%] Built target traffic_light_classifier_nodelet
[0.448s] Invoked command in '/home/cityu/autoware/build/traffic_light_classifier' returned '0': AMENT_PREFIX_PATH=/home/cityu/autoware/install/autoware_cmake:/home/cityu/autoware/install/autoware_auto_perception_msgs:/home/cityu/autoware/install/autoware_auto_geometry_msgs:${AMENT_PREFIX_PATH} CMAKE_PREFIX_PATH=/home/cityu/autoware/install/autoware_cmake:/home/cityu/autoware/install/autoware_auto_perception_msgs:/home/cityu/autoware/install/autoware_auto_geometry_msgs:/opt/ros/galactic LD_LIBRARY_PATH=/home/cityu/autoware/install/autoware_auto_perception_msgs/lib:/home/cityu/autoware/install/autoware_auto_geometry_msgs/lib:${LD_LIBRARY_PATH} PYTHONPATH=/home/cityu/autoware/install/autoware_auto_perception_msgs/lib/python3.8/site-packages:/home/cityu/autoware/install/autoware_auto_geometry_msgs/lib/python3.8/site-packages:${PYTHONPATH} /usr/bin/cmake --build /home/cityu/autoware/build/traffic_light_classifier -- -j16 -l16
[0.677s] Invoking command in '/home/cityu/autoware/build/traffic_light_classifier': AMENT_PREFIX_PATH=/home/cityu/autoware/install/autoware_cmake:/home/cityu/autoware/install/autoware_auto_perception_msgs:/home/cityu/autoware/install/autoware_auto_geometry_msgs:${AMENT_PREFIX_PATH} CMAKE_PREFIX_PATH=/home/cityu/autoware/install/autoware_cmake:/home/cityu/autoware/install/autoware_auto_perception_msgs:/home/cityu/autoware/install/autoware_auto_geometry_msgs:/opt/ros/galactic LD_LIBRARY_PATH=/home/cityu/autoware/install/autoware_auto_perception_msgs/lib:/home/cityu/autoware/install/autoware_auto_geometry_msgs/lib:${LD_LIBRARY_PATH} PYTHONPATH=/home/cityu/autoware/install/autoware_auto_perception_msgs/lib/python3.8/site-packages:/home/cityu/autoware/install/autoware_auto_geometry_msgs/lib/python3.8/site-packages:${PYTHONPATH} /usr/bin/cmake --install /home/cityu/autoware/build/traffic_light_classifier
[0.742s] -- Install configuration: "Release"
[0.742s] -- Execute custom install script
[0.742s] -- Up-to-date symlink: /home/cityu/autoware/install/traffic_light_classifier/lib/traffic_light_classifier/traffic_light_classifier_node
[0.743s] -- Up-to-date symlink: /home/cityu/autoware/install/traffic_light_classifier/include/traffic_light_classifier/classifier_interface.hpp
[0.743s] -- Up-to-date symlink: /home/cityu/autoware/install/traffic_light_classifier/include/traffic_light_classifier/cnn_classifier.hpp
[0.743s] -- Up-to-date symlink: /home/cityu/autoware/install/traffic_light_classifier/include/traffic_light_classifier/color_classifier.hpp
[0.743s] -- Up-to-date symlink: /home/cityu/autoware/install/traffic_light_classifier/include/traffic_light_classifier/nodelet.hpp
[0.743s] -- Up-to-date symlink: /home/cityu/autoware/install/traffic_light_classifier/share/traffic_light_classifier/environment/library_path.sh
[0.743s] -- Up-to-date symlink: /home/cityu/autoware/install/traffic_light_classifier/share/traffic_light_classifier/environment/library_path.dsv
[0.743s] -- Up-to-date symlink: /home/cityu/autoware/install/traffic_light_classifier/lib/liblibutils.so
[0.744s] -- Up-to-date symlink: /home/cityu/autoware/install/traffic_light_classifier/lib/libtraffic_light_classifier_nodelet.so
[0.744s] -- Up-to-date symlink: /home/cityu/autoware/install/traffic_light_classifier/share/traffic_light_classifier/data/lamp_labels.txt
[0.744s] -- Up-to-date symlink: /home/cityu/autoware/install/traffic_light_classifier/share/traffic_light_classifier/data/traffic_light_classifier_mobilenetv2.onnx
[0.744s] -- Up-to-date symlink: /home/cityu/autoware/install/traffic_light_classifier/share/traffic_light_classifier/launch/traffic_light_classifier.launch.xml
[0.745s] -- Up-to-date symlink: /home/cityu/autoware/install/traffic_light_classifier/share/ament_index/resource_index/package_run_dependencies/traffic_light_classifier
[0.745s] -- Up-to-date symlink: /home/cityu/autoware/install/traffic_light_classifier/share/ament_index/resource_index/parent_prefix_path/traffic_light_classifier
[0.745s] -- Up-to-date symlink: /home/cityu/autoware/install/traffic_light_classifier/share/traffic_light_classifier/environment/ament_prefix_path.sh
[0.745s] -- Up-to-date symlink: /home/cityu/autoware/install/traffic_light_classifier/share/traffic_light_classifier/environment/ament_prefix_path.dsv
[0.745s] -- Up-to-date symlink: /home/cityu/autoware/install/traffic_light_classifier/share/traffic_light_classifier/environment/path.sh
[0.745s] -- Up-to-date symlink: /home/cityu/autoware/install/traffic_light_classifier/share/traffic_light_classifier/environment/path.dsv
[0.745s] -- Up-to-date symlink: /home/cityu/autoware/install/traffic_light_classifier/share/traffic_light_classifier/local_setup.bash
[0.745s] -- Up-to-date symlink: /home/cityu/autoware/install/traffic_light_classifier/share/traffic_light_classifier/local_setup.sh
[0.746s] -- Up-to-date symlink: /home/cityu/autoware/install/traffic_light_classifier/share/traffic_light_classifier/local_setup.zsh
[0.746s] -- Up-to-date symlink: /home/cityu/autoware/install/traffic_light_classifier/share/traffic_light_classifier/local_setup.dsv
[0.746s] -- Symlinking: /home/cityu/autoware/install/traffic_light_classifier/share/traffic_light_classifier/package.dsv
[0.746s] -- Up-to-date symlink: /home/cityu/autoware/install/traffic_light_classifier/share/ament_index/resource_index/packages/traffic_light_classifier
[0.747s] -- Up-to-date symlink: /home/cityu/autoware/install/traffic_light_classifier/share/ament_index/resource_index/rclcpp_components/traffic_light_classifier
[0.747s] -- Up-to-date symlink: /home/cityu/autoware/install/traffic_light_classifier/share/traffic_light_classifier/cmake/ament_cmake_export_dependencies-extras.cmake
[0.747s] -- Up-to-date symlink: /home/cityu/autoware/install/traffic_light_classifier/share/traffic_light_classifier/cmake/ament_cmake_export_include_directories-extras.cmake
[0.747s] -- Up-to-date symlink: /home/cityu/autoware/install/traffic_light_classifier/share/traffic_light_classifier/cmake/ament_cmake_export_libraries-extras.cmake
[0.747s] -- Up-to-date symlink: /home/cityu/autoware/install/traffic_light_classifier/share/traffic_light_classifier/cmake/traffic_light_classifierConfig.cmake
[0.747s] -- Up-to-date symlink: /home/cityu/autoware/install/traffic_light_classifier/share/traffic_light_classifier/cmake/traffic_light_classifierConfig-version.cmake
[0.747s] -- Up-to-date symlink: /home/cityu/autoware/install/traffic_light_classifier/share/traffic_light_classifier/package.xml
[0.827s] Invoked command in '/home/cityu/autoware/build/traffic_light_classifier' returned '0': AMENT_PREFIX_PATH=/home/cityu/autoware/install/autoware_cmake:/home/cityu/autoware/install/autoware_auto_perception_msgs:/home/cityu/autoware/install/autoware_auto_geometry_msgs:${AMENT_PREFIX_PATH} CMAKE_PREFIX_PATH=/home/cityu/autoware/install/autoware_cmake:/home/cityu/autoware/install/autoware_auto_perception_msgs:/home/cityu/autoware/install/autoware_auto_geometry_msgs:/opt/ros/galactic LD_LIBRARY_PATH=/home/cityu/autoware/install/autoware_auto_perception_msgs/lib:/home/cityu/autoware/install/autoware_auto_geometry_msgs/lib:${LD_LIBRARY_PATH} PYTHONPATH=/home/cityu/autoware/install/autoware_auto_perception_msgs/lib/python3.8/site-packages:/home/cityu/autoware/install/autoware_auto_geometry_msgs/lib/python3.8/site-packages:${PYTHONPATH} /usr/bin/cmake --install /home/cityu/autoware/build/traffic_light_classifier
