-- The C compiler identification is GNU 9.4.0
-- The CXX compiler identification is GNU 9.4.0
-- Check for working C compiler: /usr/bin/cc
-- Check for working C compiler: /usr/bin/cc -- works
-- Detecting C compiler ABI info
-- Detecting C compiler ABI info - done
-- Detecting C compile features
-- Detecting C compile features - done
-- Check for working CXX compiler: /usr/bin/c++
-- Check for working CXX compiler: /usr/bin/c++ -- works
-- Detecting CXX compiler ABI info
-- Detecting CXX compiler ABI info - done
-- Detecting CXX compile features
-- Detecting CXX compile features - done
-- Found autoware_cmake: 0.1.0 (/home/cityu/autoware/install/autoware_cmake/share/autoware_cmake/cmake)
-- Found ament_cmake_auto: 1.1.6 (/opt/ros/galactic/share/ament_cmake_auto/cmake)
-- Found PythonInterp: /usr/bin/python3 (found suitable version "3.8.10", minimum required is "3") 
-- Using PYTHON_EXECUTABLE: /usr/bin/python3
-- Override CMake install command with custom implementation using symlinks instead of copying resources
-- Using all available rosidl_typesupport_c: rosidl_typesupport_fastrtps_c;rosidl_typesupport_introspection_c
-- Found rosidl_adapter: 2.2.3 (/opt/ros/galactic/share/rosidl_adapter/cmake)
-- Found OpenSSL: /usr/lib/x86_64-linux-gnu/libcrypto.so (found version "1.1.1f")  
-- Found FastRTPS: /opt/ros/galactic/include  
-- Using all available rosidl_typesupport_cpp: rosidl_typesupport_fastrtps_cpp;rosidl_typesupport_introspection_cpp
-- Found rmw_implementation_cmake: 3.3.1 (/opt/ros/galactic/share/rmw_implementation_cmake/cmake)
-- Found rmw_cyclonedds_cpp: 0.22.6 (/opt/ros/galactic/share/rmw_cyclonedds_cpp/cmake)
-- Using RMW implementation 'rmw_cyclonedds_cpp' as default
-- Looking for pthread.h
-- Looking for pthread.h - found
-- Performing Test CMAKE_HAVE_LIBC_PTHREAD
-- Performing Test CMAKE_HAVE_LIBC_PTHREAD - Failed
-- Looking for pthread_create in pthreads
-- Looking for pthread_create in pthreads - not found
-- Looking for pthread_create in pthread
-- Looking for pthread_create in pthread - found
-- Found Threads: TRUE  
-- Found mrt_cmake_modules: 1.0.9 (/opt/ros/galactic/share/mrt_cmake_modules/cmake)
-- Found Boost: /usr/lib/x86_64-linux-gnu/cmake/Boost-1.71.0/BoostConfig.cmake (found version "1.71.0") found components: wserialization thread random serialization log_setup prg_exec_monitor wave system chrono filesystem locale timer date_time regex graph program_options unit_test_framework log atomic iostreams 
-- Found OpenMP_C: -fopenmp (found version "4.5") 
-- Found OpenMP_CXX: -fopenmp (found version "4.5") 
-- Found OpenMP: TRUE (found version "4.5")  
-- Found pugixml: /usr/lib/x86_64-linux-gnu/libpugixml.so  
-- Found PkgConfig: /usr/bin/pkg-config (found version "0.29.1") 
-- Found GeographicLib: /usr/lib/x86_64-linux-gnu/libGeographic.so  
-- Found eigen3_cmake_module: 0.1.1 (/opt/ros/galactic/share/eigen3_cmake_module/cmake)
-- Found Eigen3: TRUE (found version "3.3.7") 
-- Found ament_lint_auto: 0.10.7 (/opt/ros/galactic/share/ament_lint_auto/cmake)
-- Found gtest sources under '/opt/ros/galactic/src/gtest_vendor': C++ tests using 'Google Test' will be built
-- Check if compiler accepts -pthread
-- Check if compiler accepts -pthread - yes
-- Found gtest sources under '/opt/ros/galactic/src/gtest_vendor': C++ tests using 'Google Test' will be built
-- Found gtest sources under '/opt/ros/galactic/src/gtest_vendor': C++ tests using 'Google Test' will be built
-- Found gtest sources under '/opt/ros/galactic/src/gtest_vendor': C++ tests using 'Google Test' will be built
-- Found gtest sources under '/opt/ros/galactic/src/gtest_vendor': C++ tests using 'Google Test' will be built
-- Found gtest sources under '/opt/ros/galactic/src/gtest_vendor': C++ tests using 'Google Test' will be built
-- Configuring done
-- Generating done
-- Build files have been written to: /home/cityu/autoware/build/lanelet2_extension
[35m[1mScanning dependencies of target lanelet2_extension_lib[0m
[35m[1mScanning dependencies of target gtest[0m
[  2%] [32mBuilding CXX object gtest/CMakeFiles/gtest.dir/src/gtest-all.cc.o[0m
[  5%] [32mBuilding CXX object CMakeFiles/lanelet2_extension_lib.dir/lib/autoware_osm_parser.cpp.o[0m
[  8%] [32mBuilding CXX object CMakeFiles/lanelet2_extension_lib.dir/lib/autoware_traffic_light.cpp.o[0m
[ 11%] [32m[1mLinking CXX static library libgtest.a[0m
[ 11%] Built target gtest
[ 13%] [32mBuilding CXX object CMakeFiles/lanelet2_extension_lib.dir/lib/route_checker.cpp.o[0m
[ 16%] [32mBuilding CXX object CMakeFiles/lanelet2_extension_lib.dir/lib/visualization.cpp.o[0m
[ 19%] [32mBuilding CXX object CMakeFiles/lanelet2_extension_lib.dir/lib/virtual_traffic_light.cpp.o[0m
[ 22%] [32mBuilding CXX object CMakeFiles/lanelet2_extension_lib.dir/lib/utilities.cpp.o[0m
[ 25%] [32mBuilding CXX object CMakeFiles/lanelet2_extension_lib.dir/lib/speed_bump.cpp.o[0m
[ 27%] [32mBuilding CXX object CMakeFiles/lanelet2_extension_lib.dir/lib/road_marking.cpp.o[0m
[ 30%] [32mBuilding CXX object CMakeFiles/lanelet2_extension_lib.dir/lib/query.cpp.o[0m
[ 33%] [32mBuilding CXX object CMakeFiles/lanelet2_extension_lib.dir/lib/mgrs_projector.cpp.o[0m
[ 36%] [32mBuilding CXX object CMakeFiles/lanelet2_extension_lib.dir/lib/message_conversion.cpp.o[0m
[ 38%] [32mBuilding CXX object CMakeFiles/lanelet2_extension_lib.dir/lib/no_stopping_area.cpp.o[0m
[ 41%] [32mBuilding CXX object CMakeFiles/lanelet2_extension_lib.dir/lib/detection_area.cpp.o[0m
[ 44%] [32m[1mLinking CXX shared library liblanelet2_extension_lib.so[0m
[ 44%] Built target lanelet2_extension_lib
[35m[1mScanning dependencies of target gtest_main[0m
[ 47%] [32mBuilding CXX object gtest/CMakeFiles/gtest_main.dir/src/gtest_main.cc.o[0m
[ 50%] [32m[1mLinking CXX static library libgtest_main.a[0m
[ 50%] Built target gtest_main
[35m[1mScanning dependencies of target check_right_of_way[0m
[35m[1mScanning dependencies of target autoware_lanelet2_validation[0m
[35m[1mScanning dependencies of target lanelet2_extension_sample[0m
[ 52%] [32mBuilding CXX object CMakeFiles/check_right_of_way.dir/src/check_right_of_way.cpp.o[0m
[ 55%] [32mBuilding CXX object CMakeFiles/lanelet2_extension_sample.dir/src/sample_code.cpp.o[0m
[ 58%] [32mBuilding CXX object CMakeFiles/autoware_lanelet2_validation.dir/src/validation.cpp.o[0m
[ 61%] [32m[1mLinking CXX executable lanelet2_extension_sample[0m
[ 61%] Built target lanelet2_extension_sample
[ 63%] [32m[1mLinking CXX executable autoware_lanelet2_validation[0m
[ 63%] Built target autoware_lanelet2_validation
[ 66%] [32m[1mLinking CXX executable check_right_of_way[0m
[ 66%] Built target check_right_of_way
[35m[1mScanning dependencies of target regulatory_elements-test[0m
[ 69%] [32mBuilding CXX object CMakeFiles/regulatory_elements-test.dir/test/src/test_regulatory_elements.cpp.o[0m
[ 72%] [32m[1mLinking CXX executable regulatory_elements-test[0m
[ 72%] Built target regulatory_elements-test
[35m[1mScanning dependencies of target query-test[0m
[ 75%] [32mBuilding CXX object CMakeFiles/query-test.dir/test/src/test_query.cpp.o[0m
[ 77%] [32m[1mLinking CXX executable query-test[0m
[ 77%] Built target query-test
[35m[1mScanning dependencies of target utilities-test[0m
[ 80%] [32mBuilding CXX object CMakeFiles/utilities-test.dir/test/src/test_utilities.cpp.o[0m
[ 83%] [32m[1mLinking CXX executable utilities-test[0m
[ 83%] Built target utilities-test
[35m[1mScanning dependencies of target projector-test[0m
[ 86%] [32mBuilding CXX object CMakeFiles/projector-test.dir/test/src/test_projector.cpp.o[0m
[ 88%] [32m[1mLinking CXX executable projector-test[0m
[ 88%] Built target projector-test
[35m[1mScanning dependencies of target message_conversion-test[0m
[ 91%] [32mBuilding CXX object CMakeFiles/message_conversion-test.dir/test/src/test_message_conversion.cpp.o[0m
[ 94%] [32m[1mLinking CXX executable message_conversion-test[0m
[ 94%] Built target message_conversion-test
[35m[1mScanning dependencies of target route-test[0m
[ 97%] [32mBuilding CXX object CMakeFiles/route-test.dir/test/src/test_route_checker.cpp.o[0m
[100%] [32m[1mLinking CXX executable route-test[0m
[100%] Built target route-test
-- Install configuration: "Release"
-- Execute custom install script
-- Symlinking: /home/cityu/autoware/install/lanelet2_extension/include/lanelet2_extension/io/autoware_osm_parser.hpp
-- Symlinking: /home/cityu/autoware/install/lanelet2_extension/include/lanelet2_extension/projection/mgrs_projector.hpp
-- Symlinking: /home/cityu/autoware/install/lanelet2_extension/include/lanelet2_extension/regulatory_elements/autoware_traffic_light.hpp
-- Symlinking: /home/cityu/autoware/install/lanelet2_extension/include/lanelet2_extension/regulatory_elements/detection_area.hpp
-- Symlinking: /home/cityu/autoware/install/lanelet2_extension/include/lanelet2_extension/regulatory_elements/no_stopping_area.hpp
-- Symlinking: /home/cityu/autoware/install/lanelet2_extension/include/lanelet2_extension/regulatory_elements/road_marking.hpp
-- Symlinking: /home/cityu/autoware/install/lanelet2_extension/include/lanelet2_extension/regulatory_elements/speed_bump.hpp
-- Symlinking: /home/cityu/autoware/install/lanelet2_extension/include/lanelet2_extension/regulatory_elements/virtual_traffic_light.hpp
-- Symlinking: /home/cityu/autoware/install/lanelet2_extension/include/lanelet2_extension/utility/message_conversion.hpp
-- Symlinking: /home/cityu/autoware/install/lanelet2_extension/include/lanelet2_extension/utility/query.hpp
-- Symlinking: /home/cityu/autoware/install/lanelet2_extension/include/lanelet2_extension/utility/route_checker.hpp
-- Symlinking: /home/cityu/autoware/install/lanelet2_extension/include/lanelet2_extension/utility/utilities.hpp
-- Symlinking: /home/cityu/autoware/install/lanelet2_extension/include/lanelet2_extension/visualization/visualization.hpp
-- Symlinking: /home/cityu/autoware/install/lanelet2_extension/share/lanelet2_extension/environment/library_path.sh
-- Symlinking: /home/cityu/autoware/install/lanelet2_extension/share/lanelet2_extension/environment/library_path.dsv
-- Symlinking: /home/cityu/autoware/install/lanelet2_extension/lib/liblanelet2_extension_lib.so
-- Symlinking: /home/cityu/autoware/install/lanelet2_extension/lib/lanelet2_extension/lanelet2_extension_sample
-- Symlinking: /home/cityu/autoware/install/lanelet2_extension/lib/lanelet2_extension/autoware_lanelet2_validation
-- Symlinking: /home/cityu/autoware/install/lanelet2_extension/lib/lanelet2_extension/check_right_of_way
-- Symlinking: /home/cityu/autoware/install/lanelet2_extension/share/ament_index/resource_index/package_run_dependencies/lanelet2_extension
-- Symlinking: /home/cityu/autoware/install/lanelet2_extension/share/ament_index/resource_index/parent_prefix_path/lanelet2_extension
-- Symlinking: /home/cityu/autoware/install/lanelet2_extension/share/lanelet2_extension/environment/ament_prefix_path.sh
-- Symlinking: /home/cityu/autoware/install/lanelet2_extension/share/lanelet2_extension/environment/ament_prefix_path.dsv
-- Symlinking: /home/cityu/autoware/install/lanelet2_extension/share/lanelet2_extension/environment/path.sh
-- Symlinking: /home/cityu/autoware/install/lanelet2_extension/share/lanelet2_extension/environment/path.dsv
-- Symlinking: /home/cityu/autoware/install/lanelet2_extension/share/lanelet2_extension/local_setup.bash
-- Symlinking: /home/cityu/autoware/install/lanelet2_extension/share/lanelet2_extension/local_setup.sh
-- Symlinking: /home/cityu/autoware/install/lanelet2_extension/share/lanelet2_extension/local_setup.zsh
-- Symlinking: /home/cityu/autoware/install/lanelet2_extension/share/lanelet2_extension/local_setup.dsv
-- Symlinking: /home/cityu/autoware/install/lanelet2_extension/share/lanelet2_extension/package.dsv
-- Symlinking: /home/cityu/autoware/install/lanelet2_extension/share/ament_index/resource_index/packages/lanelet2_extension
-- Symlinking: /home/cityu/autoware/install/lanelet2_extension/share/lanelet2_extension/cmake/ament_cmake_export_dependencies-extras.cmake
-- Symlinking: /home/cityu/autoware/install/lanelet2_extension/share/lanelet2_extension/cmake/ament_cmake_export_include_directories-extras.cmake
-- Symlinking: /home/cityu/autoware/install/lanelet2_extension/share/lanelet2_extension/cmake/ament_cmake_export_libraries-extras.cmake
-- Symlinking: /home/cityu/autoware/install/lanelet2_extension/share/lanelet2_extension/cmake/lanelet2_extensionConfig.cmake
-- Symlinking: /home/cityu/autoware/install/lanelet2_extension/share/lanelet2_extension/cmake/lanelet2_extensionConfig-version.cmake
-- Symlinking: /home/cityu/autoware/install/lanelet2_extension/share/lanelet2_extension/package.xml
