[0.111s] Invoking command in '/home/cityu/autoware/build/autoware_adapi_version_msgs': CMAKE_PREFIX_PATH=/opt/ros/galactic /usr/bin/cmake /home/cityu/autoware/src/core/autoware_adapi_msgs/autoware_adapi_version_msgs -DCMAKE_BUILD_TYPE=Release -DDOWNLOAD_ARTIFACTS=ON -DAMENT_CMAKE_SYMLINK_INSTALL=1 -DCMAKE_INSTALL_PREFIX=/home/cityu/autoware/install/autoware_adapi_version_msgs
[0.403s] -- Found ament_cmake_auto: 1.1.6 (/opt/ros/galactic/share/ament_cmake_auto/cmake)
[0.403s] -- Found PythonInterp: /usr/bin/python3 (found suitable version "3.8.10", minimum required is "3") 
[0.403s] -- Using PYTHON_EXECUTABLE: /usr/bin/python3
[0.403s] -- Override CMake install command with custom implementation using symlinks instead of copying resources
[0.403s] -- Using all available rosidl_typesupport_c: rosidl_typesupport_fastrtps_c;rosidl_typesupport_introspection_c
[0.403s] -- Found rosidl_adapter: 2.2.3 (/opt/ros/galactic/share/rosidl_adapter/cmake)
[0.576s] -- Using all available rosidl_typesupport_cpp: rosidl_typesupport_fastrtps_cpp;rosidl_typesupport_introspection_cpp
[0.627s] -- Found PythonInterp: /usr/bin/python3 (found version "3.8.10") 
[0.714s] -- Found ament_cmake_ros: 0.9.2 (/opt/ros/galactic/share/ament_cmake_ros/cmake)
[0.853s] -- Using all available rosidl_typesupport_c: rosidl_typesupport_fastrtps_c;rosidl_typesupport_introspection_c
[0.854s] -- Using all available rosidl_typesupport_cpp: rosidl_typesupport_fastrtps_cpp;rosidl_typesupport_introspection_cpp
[0.883s] -- Found PythonInterp: /usr/bin/python3 (found suitable version "3.8.10", minimum required is "3.5") 
[0.883s] -- Found python_cmake_module: 0.8.1 (/opt/ros/galactic/share/python_cmake_module/cmake)
[0.917s] -- Using PYTHON_EXECUTABLE: /usr/bin/python3
[0.922s] -- Using PYTHON_INCLUDE_DIRS: /usr/include/python3.8
[0.922s] -- Using PYTHON_LIBRARIES: /usr/lib/x86_64-linux-gnu/libpython3.8.so
[0.956s] -- Configuring done
[0.980s] -- Generating done
[0.982s] CMake Warning:
[0.983s]   Manually-specified variables were not used by the project:
[0.983s] 
[0.983s]     DOWNLOAD_ARTIFACTS
[0.983s] 
[0.983s] 
[0.983s] -- Build files have been written to: /home/cityu/autoware/build/autoware_adapi_version_msgs
[1.093s] Invoked command in '/home/cityu/autoware/build/autoware_adapi_version_msgs' returned '0': CMAKE_PREFIX_PATH=/opt/ros/galactic /usr/bin/cmake /home/cityu/autoware/src/core/autoware_adapi_msgs/autoware_adapi_version_msgs -DCMAKE_BUILD_TYPE=Release -DDOWNLOAD_ARTIFACTS=ON -DAMENT_CMAKE_SYMLINK_INSTALL=1 -DCMAKE_INSTALL_PREFIX=/home/cityu/autoware/install/autoware_adapi_version_msgs
[1.098s] Invoking command in '/home/cityu/autoware/build/autoware_adapi_version_msgs': CMAKE_PREFIX_PATH=/opt/ros/galactic /usr/bin/cmake --build /home/cityu/autoware/build/autoware_adapi_version_msgs -- -j16 -l16
[1.177s] [  3%] Built target autoware_adapi_version_msgs__cpp
[1.212s] [ 12%] Built target autoware_adapi_version_msgs__rosidl_generator_c
[1.252s] [ 22%] Built target autoware_adapi_version_msgs__rosidl_typesupport_cpp
[1.294s] [ 32%] Built target autoware_adapi_version_msgs__rosidl_typesupport_c
[1.334s] [ 41%] Built target autoware_adapi_version_msgs__rosidl_typesupport_introspection_c
[1.375s] [ 51%] Built target autoware_adapi_version_msgs__rosidl_typesupport_fastrtps_cpp
[1.417s] [ 61%] Built target autoware_adapi_version_msgs__rosidl_typesupport_introspection_cpp
[1.464s] [ 70%] Built target autoware_adapi_version_msgs__rosidl_typesupport_fastrtps_c
[1.494s] [ 70%] Built target autoware_adapi_version_msgs
[1.527s] [ 74%] Built target autoware_adapi_version_msgs__py
[1.563s] [ 80%] Built target autoware_adapi_version_msgs__python
[1.604s] [ 87%] Built target autoware_adapi_version_msgs__rosidl_typesupport_c__pyext
[1.642s] [ 93%] Built target autoware_adapi_version_msgs__rosidl_typesupport_fastrtps_c__pyext
[1.680s] [100%] Built target autoware_adapi_version_msgs__rosidl_typesupport_introspection_c__pyext
[1.704s] Invoked command in '/home/cityu/autoware/build/autoware_adapi_version_msgs' returned '0': CMAKE_PREFIX_PATH=/opt/ros/galactic /usr/bin/cmake --build /home/cityu/autoware/build/autoware_adapi_version_msgs -- -j16 -l16
[1.795s] Invoking command in '/home/cityu/autoware/build/autoware_adapi_version_msgs': CMAKE_PREFIX_PATH=/opt/ros/galactic /usr/bin/cmake --install /home/cityu/autoware/build/autoware_adapi_version_msgs
[2.465s] -- Install configuration: "Release"
[2.465s] -- Execute custom install script
[2.465s] -- Up-to-date symlink: /home/cityu/autoware/install/autoware_adapi_version_msgs/share/ament_index/resource_index/rosidl_interfaces/autoware_adapi_version_msgs
[2.466s] -- Up-to-date symlink: /home/cityu/autoware/install/autoware_adapi_version_msgs/include/autoware_adapi_version_msgs/msg/rosidl_generator_c__visibility_control.h
[2.466s] -- Up-to-date symlink: /home/cityu/autoware/install/autoware_adapi_version_msgs/include/autoware_adapi_version_msgs/srv/detail/interface_version__functions.h
[2.466s] -- Up-to-date symlink: /home/cityu/autoware/install/autoware_adapi_version_msgs/include/autoware_adapi_version_msgs/srv/detail/interface_version__struct.h
[2.466s] -- Up-to-date symlink: /home/cityu/autoware/install/autoware_adapi_version_msgs/include/autoware_adapi_version_msgs/srv/detail/interface_version__type_support.h
[2.466s] -- Up-to-date symlink: /home/cityu/autoware/install/autoware_adapi_version_msgs/include/autoware_adapi_version_msgs/srv/interface_version.h
[2.466s] -- Up-to-date symlink: /home/cityu/autoware/install/autoware_adapi_version_msgs/share/autoware_adapi_version_msgs/environment/library_path.sh
[2.466s] -- Up-to-date symlink: /home/cityu/autoware/install/autoware_adapi_version_msgs/share/autoware_adapi_version_msgs/environment/library_path.dsv
[2.467s] -- Up-to-date symlink: /home/cityu/autoware/install/autoware_adapi_version_msgs/include/autoware_adapi_version_msgs/msg/rosidl_typesupport_fastrtps_c__visibility_control.h
[2.467s] -- Up-to-date symlink: /home/cityu/autoware/install/autoware_adapi_version_msgs/include/autoware_adapi_version_msgs/srv/detail/interface_version__rosidl_typesupport_fastrtps_c.h
[2.473s] -- Up-to-date symlink: /home/cityu/autoware/install/autoware_adapi_version_msgs/lib/libautoware_adapi_version_msgs__rosidl_typesupport_fastrtps_c.so
[2.474s] -- Up-to-date symlink: /home/cityu/autoware/install/autoware_adapi_version_msgs/include/autoware_adapi_version_msgs/msg/rosidl_typesupport_fastrtps_cpp__visibility_control.h
[2.474s] -- Up-to-date symlink: /home/cityu/autoware/install/autoware_adapi_version_msgs/include/autoware_adapi_version_msgs/srv/detail/interface_version__rosidl_typesupport_fastrtps_cpp.hpp
[2.474s] -- Up-to-date symlink: /home/cityu/autoware/install/autoware_adapi_version_msgs/lib/libautoware_adapi_version_msgs__rosidl_typesupport_fastrtps_cpp.so
[2.474s] -- Up-to-date symlink: /home/cityu/autoware/install/autoware_adapi_version_msgs/include/autoware_adapi_version_msgs/msg/rosidl_typesupport_introspection_c__visibility_control.h
[2.475s] -- Up-to-date symlink: /home/cityu/autoware/install/autoware_adapi_version_msgs/include/autoware_adapi_version_msgs/srv/detail/interface_version__rosidl_typesupport_introspection_c.h
[2.475s] -- Up-to-date symlink: /home/cityu/autoware/install/autoware_adapi_version_msgs/include/autoware_adapi_version_msgs/srv/detail/interface_version__builder.hpp
[2.475s] -- Up-to-date symlink: /home/cityu/autoware/install/autoware_adapi_version_msgs/include/autoware_adapi_version_msgs/srv/detail/interface_version__struct.hpp
[2.475s] -- Up-to-date symlink: /home/cityu/autoware/install/autoware_adapi_version_msgs/include/autoware_adapi_version_msgs/srv/detail/interface_version__traits.hpp
[2.475s] -- Up-to-date symlink: /home/cityu/autoware/install/autoware_adapi_version_msgs/include/autoware_adapi_version_msgs/srv/interface_version.hpp
[2.475s] -- Up-to-date symlink: /home/cityu/autoware/install/autoware_adapi_version_msgs/include/autoware_adapi_version_msgs/srv/detail/interface_version__rosidl_typesupport_introspection_cpp.hpp
[2.476s] -- Up-to-date symlink: /home/cityu/autoware/install/autoware_adapi_version_msgs/share/autoware_adapi_version_msgs/environment/pythonpath.sh
[2.476s] -- Up-to-date symlink: /home/cityu/autoware/install/autoware_adapi_version_msgs/share/autoware_adapi_version_msgs/environment/pythonpath.dsv
[2.476s] -- Up-to-date symlink: /home/cityu/autoware/install/autoware_adapi_version_msgs/lib/python3.8/site-packages/autoware_adapi_version_msgs/__init__.py
[2.476s] -- Up-to-date symlink: /home/cityu/autoware/install/autoware_adapi_version_msgs/lib/python3.8/site-packages/autoware_adapi_version_msgs/srv/__init__.py
[2.476s] -- Up-to-date symlink: /home/cityu/autoware/install/autoware_adapi_version_msgs/lib/python3.8/site-packages/autoware_adapi_version_msgs/srv/_interface_version.py
[2.476s] -- Up-to-date symlink: /home/cityu/autoware/install/autoware_adapi_version_msgs/lib/python3.8/site-packages/autoware_adapi_version_msgs/autoware_adapi_version_msgs_s__rosidl_typesupport_fastrtps_c.cpython-38-x86_64-linux-gnu.so
[2.476s] -- Up-to-date symlink: /home/cityu/autoware/install/autoware_adapi_version_msgs/lib/python3.8/site-packages/autoware_adapi_version_msgs/autoware_adapi_version_msgs_s__rosidl_typesupport_introspection_c.cpython-38-x86_64-linux-gnu.so
[2.476s] -- Up-to-date symlink: /home/cityu/autoware/install/autoware_adapi_version_msgs/lib/python3.8/site-packages/autoware_adapi_version_msgs/autoware_adapi_version_msgs_s__rosidl_typesupport_c.cpython-38-x86_64-linux-gnu.so
[2.476s] -- Up-to-date symlink: /home/cityu/autoware/install/autoware_adapi_version_msgs/lib/libautoware_adapi_version_msgs__python.so
[2.476s] -- Up-to-date symlink: /home/cityu/autoware/install/autoware_adapi_version_msgs/share/autoware_adapi_version_msgs/srv/InterfaceVersion.idl
[2.476s] -- Up-to-date symlink: /home/cityu/autoware/install/autoware_adapi_version_msgs/share/autoware_adapi_version_msgs/srv/InterfaceVersion.srv
[2.476s] -- Up-to-date symlink: /home/cityu/autoware/install/autoware_adapi_version_msgs/share/autoware_adapi_version_msgs/srv/InterfaceVersion_Request.msg
[2.476s] -- Up-to-date symlink: /home/cityu/autoware/install/autoware_adapi_version_msgs/share/autoware_adapi_version_msgs/srv/InterfaceVersion_Response.msg
[2.477s] -- Up-to-date symlink: /home/cityu/autoware/install/autoware_adapi_version_msgs/share/ament_index/resource_index/package_run_dependencies/autoware_adapi_version_msgs
[2.477s] -- Up-to-date symlink: /home/cityu/autoware/install/autoware_adapi_version_msgs/share/ament_index/resource_index/parent_prefix_path/autoware_adapi_version_msgs
[2.477s] -- Up-to-date symlink: /home/cityu/autoware/install/autoware_adapi_version_msgs/share/autoware_adapi_version_msgs/environment/ament_prefix_path.sh
[2.477s] -- Up-to-date symlink: /home/cityu/autoware/install/autoware_adapi_version_msgs/share/autoware_adapi_version_msgs/environment/ament_prefix_path.dsv
[2.477s] -- Up-to-date symlink: /home/cityu/autoware/install/autoware_adapi_version_msgs/share/autoware_adapi_version_msgs/environment/path.sh
[2.478s] -- Up-to-date symlink: /home/cityu/autoware/install/autoware_adapi_version_msgs/share/autoware_adapi_version_msgs/environment/path.dsv
[2.478s] -- Up-to-date symlink: /home/cityu/autoware/install/autoware_adapi_version_msgs/share/autoware_adapi_version_msgs/local_setup.bash
[2.478s] -- Up-to-date symlink: /home/cityu/autoware/install/autoware_adapi_version_msgs/share/autoware_adapi_version_msgs/local_setup.sh
[2.478s] -- Up-to-date symlink: /home/cityu/autoware/install/autoware_adapi_version_msgs/share/autoware_adapi_version_msgs/local_setup.zsh
[2.478s] -- Up-to-date symlink: /home/cityu/autoware/install/autoware_adapi_version_msgs/share/autoware_adapi_version_msgs/local_setup.dsv
[2.478s] -- Symlinking: /home/cityu/autoware/install/autoware_adapi_version_msgs/share/autoware_adapi_version_msgs/package.dsv
[2.478s] -- Up-to-date symlink: /home/cityu/autoware/install/autoware_adapi_version_msgs/share/ament_index/resource_index/packages/autoware_adapi_version_msgs
[2.478s] -- Up-to-date symlink: /home/cityu/autoware/install/autoware_adapi_version_msgs/share/autoware_adapi_version_msgs/cmake/rosidl_cmake-extras.cmake
[2.478s] -- Up-to-date symlink: /home/cityu/autoware/install/autoware_adapi_version_msgs/share/autoware_adapi_version_msgs/cmake/ament_cmake_export_dependencies-extras.cmake
[2.478s] -- Up-to-date symlink: /home/cityu/autoware/install/autoware_adapi_version_msgs/share/autoware_adapi_version_msgs/cmake/ament_cmake_export_libraries-extras.cmake
[2.478s] -- Up-to-date symlink: /home/cityu/autoware/install/autoware_adapi_version_msgs/share/autoware_adapi_version_msgs/cmake/ament_cmake_export_targets-extras.cmake
[2.478s] -- Up-to-date symlink: /home/cityu/autoware/install/autoware_adapi_version_msgs/share/autoware_adapi_version_msgs/cmake/ament_cmake_export_include_directories-extras.cmake
[2.479s] -- Up-to-date symlink: /home/cityu/autoware/install/autoware_adapi_version_msgs/share/autoware_adapi_version_msgs/cmake/rosidl_cmake_export_typesupport_libraries-extras.cmake
[2.479s] -- Up-to-date symlink: /home/cityu/autoware/install/autoware_adapi_version_msgs/share/autoware_adapi_version_msgs/cmake/rosidl_cmake_export_typesupport_targets-extras.cmake
[2.479s] -- Up-to-date symlink: /home/cityu/autoware/install/autoware_adapi_version_msgs/share/autoware_adapi_version_msgs/cmake/autoware_adapi_version_msgsConfig.cmake
[2.479s] -- Up-to-date symlink: /home/cityu/autoware/install/autoware_adapi_version_msgs/share/autoware_adapi_version_msgs/cmake/autoware_adapi_version_msgsConfig-version.cmake
[2.479s] -- Up-to-date symlink: /home/cityu/autoware/install/autoware_adapi_version_msgs/share/autoware_adapi_version_msgs/package.xml
[2.479s] -- Up-to-date: /home/cityu/autoware/install/autoware_adapi_version_msgs/lib/libautoware_adapi_version_msgs__rosidl_generator_c.so
[2.479s] -- Up-to-date: /home/cityu/autoware/install/autoware_adapi_version_msgs/lib/libautoware_adapi_version_msgs__rosidl_typesupport_introspection_c.so
[2.479s] -- Up-to-date: /home/cityu/autoware/install/autoware_adapi_version_msgs/lib/libautoware_adapi_version_msgs__rosidl_typesupport_c.so
[2.479s] -- Up-to-date: /home/cityu/autoware/install/autoware_adapi_version_msgs/lib/libautoware_adapi_version_msgs__rosidl_typesupport_introspection_cpp.so
[2.479s] -- Up-to-date: /home/cityu/autoware/install/autoware_adapi_version_msgs/lib/libautoware_adapi_version_msgs__rosidl_typesupport_cpp.so
[2.479s] Compiling '/home/cityu/autoware/install/autoware_adapi_version_msgs/lib/python3.8/site-packages/autoware_adapi_version_msgs/__init__.py'...
[2.480s] -- Up-to-date: /home/cityu/autoware/install/autoware_adapi_version_msgs/share/autoware_adapi_version_msgs/cmake/autoware_adapi_version_msgs__rosidl_generator_cExport.cmake
[2.480s] -- Installing: /home/cityu/autoware/install/autoware_adapi_version_msgs/share/autoware_adapi_version_msgs/cmake/autoware_adapi_version_msgs__rosidl_generator_cExport-release.cmake
[2.480s] -- Up-to-date: /home/cityu/autoware/install/autoware_adapi_version_msgs/share/autoware_adapi_version_msgs/cmake/autoware_adapi_version_msgs__rosidl_typesupport_introspection_cExport.cmake
[2.480s] -- Installing: /home/cityu/autoware/install/autoware_adapi_version_msgs/share/autoware_adapi_version_msgs/cmake/autoware_adapi_version_msgs__rosidl_typesupport_introspection_cExport-release.cmake
[2.480s] -- Up-to-date: /home/cityu/autoware/install/autoware_adapi_version_msgs/share/autoware_adapi_version_msgs/cmake/autoware_adapi_version_msgs__rosidl_typesupport_cExport.cmake
[2.480s] -- Installing: /home/cityu/autoware/install/autoware_adapi_version_msgs/share/autoware_adapi_version_msgs/cmake/autoware_adapi_version_msgs__rosidl_typesupport_cExport-release.cmake
[2.480s] -- Up-to-date: /home/cityu/autoware/install/autoware_adapi_version_msgs/share/autoware_adapi_version_msgs/cmake/autoware_adapi_version_msgs__rosidl_generator_cppExport.cmake
[2.480s] -- Up-to-date: /home/cityu/autoware/install/autoware_adapi_version_msgs/share/autoware_adapi_version_msgs/cmake/autoware_adapi_version_msgs__rosidl_typesupport_introspection_cppExport.cmake
[2.480s] -- Installing: /home/cityu/autoware/install/autoware_adapi_version_msgs/share/autoware_adapi_version_msgs/cmake/autoware_adapi_version_msgs__rosidl_typesupport_introspection_cppExport-release.cmake
[2.480s] -- Up-to-date: /home/cityu/autoware/install/autoware_adapi_version_msgs/share/autoware_adapi_version_msgs/cmake/autoware_adapi_version_msgs__rosidl_typesupport_cppExport.cmake
[2.480s] -- Installing: /home/cityu/autoware/install/autoware_adapi_version_msgs/share/autoware_adapi_version_msgs/cmake/autoware_adapi_version_msgs__rosidl_typesupport_cppExport-release.cmake
[2.507s] Invoked command in '/home/cityu/autoware/build/autoware_adapi_version_msgs' returned '0': CMAKE_PREFIX_PATH=/opt/ros/galactic /usr/bin/cmake --install /home/cityu/autoware/build/autoware_adapi_version_msgs
