[0.039s] Invoking command in '/home/cityu/autoware/build/detected_object_feature_remover': AMENT_PREFIX_PATH=/home/cityu/autoware/install/tier4_perception_msgs:/home/cityu/autoware/install/autoware_cmake:/home/cityu/autoware/install/autoware_auto_perception_msgs:/home/cityu/autoware/install/autoware_lint_common:/home/cityu/autoware/install/autoware_auto_geometry_msgs:${AMENT_PREFIX_PATH} CMAKE_PREFIX_PATH=/home/cityu/autoware/install/tier4_perception_msgs:/home/cityu/autoware/install/autoware_cmake:/home/cityu/autoware/install/autoware_auto_perception_msgs:/home/cityu/autoware/install/autoware_lint_common:/home/cityu/autoware/install/autoware_auto_geometry_msgs:/opt/ros/galactic LD_LIBRARY_PATH=/home/cityu/autoware/install/tier4_perception_msgs/lib:/home/cityu/autoware/install/autoware_auto_perception_msgs/lib:/home/cityu/autoware/install/autoware_auto_geometry_msgs/lib:${LD_LIBRARY_PATH} PYTHONPATH=/home/cityu/autoware/install/tier4_perception_msgs/lib/python3.8/site-packages:/home/cityu/autoware/install/autoware_auto_perception_msgs/lib/python3.8/site-packages:/home/cityu/autoware/install/autoware_auto_geometry_msgs/lib/python3.8/site-packages:${PYTHONPATH} /usr/bin/cmake /home/cityu/autoware/src/universe/autoware.universe/perception/detected_object_feature_remover -DCMAKE_BUILD_TYPE=Release -DAMENT_CMAKE_SYMLINK_INSTALL=1 -DCMAKE_INSTALL_PREFIX=/home/cityu/autoware/install/detected_object_feature_remover
[9.990s] -- The C compiler identification is GNU 9.4.0
[9.990s] -- The CXX compiler identification is GNU 9.4.0
[9.990s] -- Check for working C compiler: /usr/bin/cc
[9.990s] -- Check for working C compiler: /usr/bin/cc -- works
[9.990s] -- Detecting C compiler ABI info
[9.990s] -- Detecting C compiler ABI info - done
[9.990s] -- Detecting C compile features
[9.990s] -- Detecting C compile features - done
[9.991s] -- Check for working CXX compiler: /usr/bin/c++
[9.991s] -- Check for working CXX compiler: /usr/bin/c++ -- works
[9.991s] -- Detecting CXX compiler ABI info
[9.991s] -- Detecting CXX compiler ABI info - done
[9.991s] -- Detecting CXX compile features
[9.991s] -- Detecting CXX compile features - done
[9.991s] -- Found autoware_cmake: 0.1.0 (/home/cityu/autoware/install/autoware_cmake/share/autoware_cmake/cmake)
[9.991s] -- Found ament_cmake_auto: 1.1.6 (/opt/ros/galactic/share/ament_cmake_auto/cmake)
[9.991s] -- Found PythonInterp: /usr/bin/python3 (found suitable version "3.8.10", minimum required is "3") 
[9.992s] -- Using PYTHON_EXECUTABLE: /usr/bin/python3
[9.992s] -- Override CMake install command with custom implementation using symlinks instead of copying resources
[9.992s] -- Using all available rosidl_typesupport_c: rosidl_typesupport_fastrtps_c;rosidl_typesupport_introspection_c
[9.992s] -- Found rosidl_adapter: 2.2.3 (/opt/ros/galactic/share/rosidl_adapter/cmake)
[9.992s] -- Found OpenSSL: /usr/lib/x86_64-linux-gnu/libcrypto.so (found version "1.1.1f")  
[9.992s] -- Found FastRTPS: /opt/ros/galactic/include  
[9.992s] -- Using all available rosidl_typesupport_cpp: rosidl_typesupport_fastrtps_cpp;rosidl_typesupport_introspection_cpp
[9.992s] -- Found rmw_implementation_cmake: 3.3.1 (/opt/ros/galactic/share/rmw_implementation_cmake/cmake)
[9.992s] -- Found rmw_cyclonedds_cpp: 0.22.6 (/opt/ros/galactic/share/rmw_cyclonedds_cpp/cmake)
[9.992s] -- Using RMW implementation 'rmw_cyclonedds_cpp' as default
[9.993s] -- Looking for pthread.h
[9.993s] -- Looking for pthread.h - found
[9.993s] -- Performing Test CMAKE_HAVE_LIBC_PTHREAD
[9.993s] -- Performing Test CMAKE_HAVE_LIBC_PTHREAD - Failed
[9.993s] -- Looking for pthread_create in pthreads
[9.993s] -- Looking for pthread_create in pthreads - not found
[9.993s] -- Looking for pthread_create in pthread
[9.993s] -- Looking for pthread_create in pthread - found
[9.993s] -- Found Threads: TRUE  
[9.994s] -- Found ament_lint_auto: 0.10.7 (/opt/ros/galactic/share/ament_lint_auto/cmake)
[9.994s] -- Added test 'copyright' to check source files copyright and LICENSE
[9.994s] -- Added test 'cppcheck' to perform static code analysis on C / C++ code
[9.994s] -- Configured cppcheck include dirs: /home/cityu/autoware/src/universe/autoware.universe/perception/detected_object_feature_remover/include
[9.994s] -- Configured cppcheck exclude dirs and/or files: 
[9.994s] -- Added test 'lint_cmake' to check CMake code style
[9.994s] -- Added test 'xmllint' to check XML markup files
[9.994s] -- Configuring done
[9.994s] -- Generating done
[9.994s] -- Build files have been written to: /home/cityu/autoware/build/detected_object_feature_remover
[10.023s] Invoked command in '/home/cityu/autoware/build/detected_object_feature_remover' returned '0': AMENT_PREFIX_PATH=/home/cityu/autoware/install/tier4_perception_msgs:/home/cityu/autoware/install/autoware_cmake:/home/cityu/autoware/install/autoware_auto_perception_msgs:/home/cityu/autoware/install/autoware_lint_common:/home/cityu/autoware/install/autoware_auto_geometry_msgs:${AMENT_PREFIX_PATH} CMAKE_PREFIX_PATH=/home/cityu/autoware/install/tier4_perception_msgs:/home/cityu/autoware/install/autoware_cmake:/home/cityu/autoware/install/autoware_auto_perception_msgs:/home/cityu/autoware/install/autoware_lint_common:/home/cityu/autoware/install/autoware_auto_geometry_msgs:/opt/ros/galactic LD_LIBRARY_PATH=/home/cityu/autoware/install/tier4_perception_msgs/lib:/home/cityu/autoware/install/autoware_auto_perception_msgs/lib:/home/cityu/autoware/install/autoware_auto_geometry_msgs/lib:${LD_LIBRARY_PATH} PYTHONPATH=/home/cityu/autoware/install/tier4_perception_msgs/lib/python3.8/site-packages:/home/cityu/autoware/install/autoware_auto_perception_msgs/lib/python3.8/site-packages:/home/cityu/autoware/install/autoware_auto_geometry_msgs/lib/python3.8/site-packages:${PYTHONPATH} /usr/bin/cmake /home/cityu/autoware/src/universe/autoware.universe/perception/detected_object_feature_remover -DCMAKE_BUILD_TYPE=Release -DAMENT_CMAKE_SYMLINK_INSTALL=1 -DCMAKE_INSTALL_PREFIX=/home/cityu/autoware/install/detected_object_feature_remover
[10.024s] Invoking command in '/home/cityu/autoware/build/detected_object_feature_remover': AMENT_PREFIX_PATH=/home/cityu/autoware/install/tier4_perception_msgs:/home/cityu/autoware/install/autoware_cmake:/home/cityu/autoware/install/autoware_auto_perception_msgs:/home/cityu/autoware/install/autoware_lint_common:/home/cityu/autoware/install/autoware_auto_geometry_msgs:${AMENT_PREFIX_PATH} CMAKE_PREFIX_PATH=/home/cityu/autoware/install/tier4_perception_msgs:/home/cityu/autoware/install/autoware_cmake:/home/cityu/autoware/install/autoware_auto_perception_msgs:/home/cityu/autoware/install/autoware_lint_common:/home/cityu/autoware/install/autoware_auto_geometry_msgs:/opt/ros/galactic LD_LIBRARY_PATH=/home/cityu/autoware/install/tier4_perception_msgs/lib:/home/cityu/autoware/install/autoware_auto_perception_msgs/lib:/home/cityu/autoware/install/autoware_auto_geometry_msgs/lib:${LD_LIBRARY_PATH} PYTHONPATH=/home/cityu/autoware/install/tier4_perception_msgs/lib/python3.8/site-packages:/home/cityu/autoware/install/autoware_auto_perception_msgs/lib/python3.8/site-packages:/home/cityu/autoware/install/autoware_auto_geometry_msgs/lib/python3.8/site-packages:${PYTHONPATH} /usr/bin/cmake --build /home/cityu/autoware/build/detected_object_feature_remover -- -j16 -l16
[15.656s] [35m[1mScanning dependencies of target detected_object_feature_remover[0m
[15.657s] [35m[1mScanning dependencies of target detected_object_feature_remover_node[0m
[15.657s] [ 25%] [32mBuilding CXX object CMakeFiles/detected_object_feature_remover.dir/rclcpp_components/node_main_detected_object_feature_remover.cpp.o[0m
[15.657s] [ 50%] [32mBuilding CXX object CMakeFiles/detected_object_feature_remover_node.dir/src/detected_object_feature_remover.cpp.o[0m
[16.335s] [ 75%] [32m[1mLinking CXX executable detected_object_feature_remover[0m
[16.656s] [ 75%] Built target detected_object_feature_remover
[30.383s] [100%] [32m[1mLinking CXX shared library libdetected_object_feature_remover_node.so[0m
[30.784s] [100%] Built target detected_object_feature_remover_node
[30.826s] Invoked command in '/home/cityu/autoware/build/detected_object_feature_remover' returned '0': AMENT_PREFIX_PATH=/home/cityu/autoware/install/tier4_perception_msgs:/home/cityu/autoware/install/autoware_cmake:/home/cityu/autoware/install/autoware_auto_perception_msgs:/home/cityu/autoware/install/autoware_lint_common:/home/cityu/autoware/install/autoware_auto_geometry_msgs:${AMENT_PREFIX_PATH} CMAKE_PREFIX_PATH=/home/cityu/autoware/install/tier4_perception_msgs:/home/cityu/autoware/install/autoware_cmake:/home/cityu/autoware/install/autoware_auto_perception_msgs:/home/cityu/autoware/install/autoware_lint_common:/home/cityu/autoware/install/autoware_auto_geometry_msgs:/opt/ros/galactic LD_LIBRARY_PATH=/home/cityu/autoware/install/tier4_perception_msgs/lib:/home/cityu/autoware/install/autoware_auto_perception_msgs/lib:/home/cityu/autoware/install/autoware_auto_geometry_msgs/lib:${LD_LIBRARY_PATH} PYTHONPATH=/home/cityu/autoware/install/tier4_perception_msgs/lib/python3.8/site-packages:/home/cityu/autoware/install/autoware_auto_perception_msgs/lib/python3.8/site-packages:/home/cityu/autoware/install/autoware_auto_geometry_msgs/lib/python3.8/site-packages:${PYTHONPATH} /usr/bin/cmake --build /home/cityu/autoware/build/detected_object_feature_remover -- -j16 -l16
[31.004s] Invoking command in '/home/cityu/autoware/build/detected_object_feature_remover': AMENT_PREFIX_PATH=/home/cityu/autoware/install/tier4_perception_msgs:/home/cityu/autoware/install/autoware_cmake:/home/cityu/autoware/install/autoware_auto_perception_msgs:/home/cityu/autoware/install/autoware_lint_common:/home/cityu/autoware/install/autoware_auto_geometry_msgs:${AMENT_PREFIX_PATH} CMAKE_PREFIX_PATH=/home/cityu/autoware/install/tier4_perception_msgs:/home/cityu/autoware/install/autoware_cmake:/home/cityu/autoware/install/autoware_auto_perception_msgs:/home/cityu/autoware/install/autoware_lint_common:/home/cityu/autoware/install/autoware_auto_geometry_msgs:/opt/ros/galactic LD_LIBRARY_PATH=/home/cityu/autoware/install/tier4_perception_msgs/lib:/home/cityu/autoware/install/autoware_auto_perception_msgs/lib:/home/cityu/autoware/install/autoware_auto_geometry_msgs/lib:${LD_LIBRARY_PATH} PYTHONPATH=/home/cityu/autoware/install/tier4_perception_msgs/lib/python3.8/site-packages:/home/cityu/autoware/install/autoware_auto_perception_msgs/lib/python3.8/site-packages:/home/cityu/autoware/install/autoware_auto_geometry_msgs/lib/python3.8/site-packages:${PYTHONPATH} /usr/bin/cmake --install /home/cityu/autoware/build/detected_object_feature_remover
[32.511s] -- Install configuration: "Release"
[32.511s] -- Execute custom install script
[32.511s] -- Symlinking: /home/cityu/autoware/install/detected_object_feature_remover/lib/detected_object_feature_remover/detected_object_feature_remover
[32.517s] -- Symlinking: /home/cityu/autoware/install/detected_object_feature_remover/include/detected_object_feature_remover/detected_object_feature_remover.hpp
[32.519s] -- Symlinking: /home/cityu/autoware/install/detected_object_feature_remover/share/detected_object_feature_remover/environment/library_path.sh
[32.521s] -- Symlinking: /home/cityu/autoware/install/detected_object_feature_remover/share/detected_object_feature_remover/environment/library_path.dsv
[32.522s] -- Symlinking: /home/cityu/autoware/install/detected_object_feature_remover/lib/libdetected_object_feature_remover_node.so
[32.522s] -- Symlinking: /home/cityu/autoware/install/detected_object_feature_remover/share/detected_object_feature_remover/launch/detected_object_feature_remover.launch.xml
[32.522s] -- Symlinking: /home/cityu/autoware/install/detected_object_feature_remover/share/ament_index/resource_index/package_run_dependencies/detected_object_feature_remover
[32.522s] -- Symlinking: /home/cityu/autoware/install/detected_object_feature_remover/share/ament_index/resource_index/parent_prefix_path/detected_object_feature_remover
[32.522s] -- Symlinking: /home/cityu/autoware/install/detected_object_feature_remover/share/detected_object_feature_remover/environment/ament_prefix_path.sh
[32.522s] -- Symlinking: /home/cityu/autoware/install/detected_object_feature_remover/share/detected_object_feature_remover/environment/ament_prefix_path.dsv
[32.523s] -- Symlinking: /home/cityu/autoware/install/detected_object_feature_remover/share/detected_object_feature_remover/environment/path.sh
[32.523s] -- Symlinking: /home/cityu/autoware/install/detected_object_feature_remover/share/detected_object_feature_remover/environment/path.dsv
[32.523s] -- Symlinking: /home/cityu/autoware/install/detected_object_feature_remover/share/detected_object_feature_remover/local_setup.bash
[32.523s] -- Symlinking: /home/cityu/autoware/install/detected_object_feature_remover/share/detected_object_feature_remover/local_setup.sh
[32.523s] -- Symlinking: /home/cityu/autoware/install/detected_object_feature_remover/share/detected_object_feature_remover/local_setup.zsh
[32.523s] -- Symlinking: /home/cityu/autoware/install/detected_object_feature_remover/share/detected_object_feature_remover/local_setup.dsv
[32.523s] -- Symlinking: /home/cityu/autoware/install/detected_object_feature_remover/share/detected_object_feature_remover/package.dsv
[32.523s] -- Symlinking: /home/cityu/autoware/install/detected_object_feature_remover/share/ament_index/resource_index/packages/detected_object_feature_remover
[32.523s] -- Symlinking: /home/cityu/autoware/install/detected_object_feature_remover/share/ament_index/resource_index/rclcpp_components/detected_object_feature_remover
[32.523s] -- Symlinking: /home/cityu/autoware/install/detected_object_feature_remover/share/detected_object_feature_remover/cmake/ament_cmake_export_dependencies-extras.cmake
[32.523s] -- Symlinking: /home/cityu/autoware/install/detected_object_feature_remover/share/detected_object_feature_remover/cmake/ament_cmake_export_include_directories-extras.cmake
[32.524s] -- Symlinking: /home/cityu/autoware/install/detected_object_feature_remover/share/detected_object_feature_remover/cmake/ament_cmake_export_libraries-extras.cmake
[32.524s] -- Symlinking: /home/cityu/autoware/install/detected_object_feature_remover/share/detected_object_feature_remover/cmake/detected_object_feature_removerConfig.cmake
[32.524s] -- Symlinking: /home/cityu/autoware/install/detected_object_feature_remover/share/detected_object_feature_remover/cmake/detected_object_feature_removerConfig-version.cmake
[32.524s] -- Symlinking: /home/cityu/autoware/install/detected_object_feature_remover/share/detected_object_feature_remover/package.xml
[32.578s] Invoked command in '/home/cityu/autoware/build/detected_object_feature_remover' returned '0': AMENT_PREFIX_PATH=/home/cityu/autoware/install/tier4_perception_msgs:/home/cityu/autoware/install/autoware_cmake:/home/cityu/autoware/install/autoware_auto_perception_msgs:/home/cityu/autoware/install/autoware_lint_common:/home/cityu/autoware/install/autoware_auto_geometry_msgs:${AMENT_PREFIX_PATH} CMAKE_PREFIX_PATH=/home/cityu/autoware/install/tier4_perception_msgs:/home/cityu/autoware/install/autoware_cmake:/home/cityu/autoware/install/autoware_auto_perception_msgs:/home/cityu/autoware/install/autoware_lint_common:/home/cityu/autoware/install/autoware_auto_geometry_msgs:/opt/ros/galactic LD_LIBRARY_PATH=/home/cityu/autoware/install/tier4_perception_msgs/lib:/home/cityu/autoware/install/autoware_auto_perception_msgs/lib:/home/cityu/autoware/install/autoware_auto_geometry_msgs/lib:${LD_LIBRARY_PATH} PYTHONPATH=/home/cityu/autoware/install/tier4_perception_msgs/lib/python3.8/site-packages:/home/cityu/autoware/install/autoware_auto_perception_msgs/lib/python3.8/site-packages:/home/cityu/autoware/install/autoware_auto_geometry_msgs/lib/python3.8/site-packages:${PYTHONPATH} /usr/bin/cmake --install /home/cityu/autoware/build/detected_object_feature_remover
