[0.111s] Invoking command in '/home/cityu/autoware/build/tier4_perception_rviz_plugin': AMENT_PREFIX_PATH=/home/cityu/autoware/install/dummy_perception_publisher:/home/cityu/autoware/install/tier4_autoware_utils:/home/cityu/autoware/install/tier4_perception_msgs:/home/cityu/autoware/install/autoware_auto_vehicle_msgs:/home/cityu/autoware/install/autoware_cmake:/home/cityu/autoware/install/autoware_auto_planning_msgs:/home/cityu/autoware/install/autoware_auto_perception_msgs:/home/cityu/autoware/install/tier4_debug_msgs:/home/cityu/autoware/install/autoware_lint_common:/home/cityu/autoware/install/autoware_auto_mapping_msgs:/home/cityu/autoware/install/autoware_auto_geometry_msgs:${AMENT_PREFIX_PATH} CMAKE_PREFIX_PATH=/home/cityu/autoware/install/dummy_perception_publisher:/home/cityu/autoware/install/tier4_autoware_utils:/home/cityu/autoware/install/tier4_perception_msgs:/home/cityu/autoware/install/autoware_auto_vehicle_msgs:/home/cityu/autoware/install/autoware_cmake:/home/cityu/autoware/install/autoware_auto_planning_msgs:/home/cityu/autoware/install/autoware_auto_perception_msgs:/home/cityu/autoware/install/tier4_debug_msgs:/home/cityu/autoware/install/autoware_lint_common:/home/cityu/autoware/install/autoware_auto_mapping_msgs:/home/cityu/autoware/install/autoware_auto_geometry_msgs:/opt/ros/galactic LD_LIBRARY_PATH=/home/cityu/autoware/install/dummy_perception_publisher/lib:/home/cityu/autoware/install/tier4_autoware_utils/lib:/home/cityu/autoware/install/tier4_perception_msgs/lib:/home/cityu/autoware/install/autoware_auto_vehicle_msgs/lib:/home/cityu/autoware/install/autoware_auto_planning_msgs/lib:/home/cityu/autoware/install/autoware_auto_perception_msgs/lib:/home/cityu/autoware/install/tier4_debug_msgs/lib:/home/cityu/autoware/install/autoware_auto_mapping_msgs/lib:/home/cityu/autoware/install/autoware_auto_geometry_msgs/lib:${LD_LIBRARY_PATH} PYTHONPATH=/home/cityu/autoware/install/dummy_perception_publisher/lib/python3.8/site-packages:/home/cityu/autoware/install/tier4_perception_msgs/lib/python3.8/site-packages:/home/cityu/autoware/install/autoware_auto_vehicle_msgs/lib/python3.8/site-packages:/home/cityu/autoware/install/autoware_auto_planning_msgs/lib/python3.8/site-packages:/home/cityu/autoware/install/autoware_auto_perception_msgs/lib/python3.8/site-packages:/home/cityu/autoware/install/tier4_debug_msgs/lib/python3.8/site-packages:/home/cityu/autoware/install/autoware_auto_mapping_msgs/lib/python3.8/site-packages:/home/cityu/autoware/install/autoware_auto_geometry_msgs/lib/python3.8/site-packages:${PYTHONPATH} /usr/bin/cmake /home/cityu/autoware/src/universe/autoware.universe/common/tier4_perception_rviz_plugin -DCMAKE_BUILD_TYPE=Release -DAMENT_CMAKE_SYMLINK_INSTALL=1 -DCMAKE_INSTALL_PREFIX=/home/cityu/autoware/install/tier4_perception_rviz_plugin
[1.437s] -- The C compiler identification is GNU 9.4.0
[1.437s] -- The CXX compiler identification is GNU 9.4.0
[1.438s] -- Check for working C compiler: /usr/bin/cc
[1.438s] -- Check for working C compiler: /usr/bin/cc -- works
[1.438s] -- Detecting C compiler ABI info
[1.438s] -- Detecting C compiler ABI info - done
[1.438s] -- Detecting C compile features
[1.438s] -- Detecting C compile features - done
[1.438s] -- Check for working CXX compiler: /usr/bin/c++
[1.438s] -- Check for working CXX compiler: /usr/bin/c++ -- works
[1.438s] -- Detecting CXX compiler ABI info
[1.438s] -- Detecting CXX compiler ABI info - done
[1.439s] -- Detecting CXX compile features
[1.439s] -- Detecting CXX compile features - done
[1.439s] -- Found autoware_cmake: 0.1.0 (/home/cityu/autoware/install/autoware_cmake/share/autoware_cmake/cmake)
[1.439s] -- Found ament_cmake_auto: 1.1.6 (/opt/ros/galactic/share/ament_cmake_auto/cmake)
[1.439s] -- Found PythonInterp: /usr/bin/python3 (found suitable version "3.8.10", minimum required is "3") 
[1.439s] -- Using PYTHON_EXECUTABLE: /usr/bin/python3
[1.439s] -- Override CMake install command with custom implementation using symlinks instead of copying resources
[1.573s] -- Using all available rosidl_typesupport_c: rosidl_typesupport_fastrtps_c;rosidl_typesupport_introspection_c
[1.590s] -- Found rosidl_adapter: 2.2.3 (/opt/ros/galactic/share/rosidl_adapter/cmake)
[1.782s] -- Found OpenSSL: /usr/lib/x86_64-linux-gnu/libcrypto.so (found version "1.1.1f")  
[1.850s] -- Found FastRTPS: /opt/ros/galactic/include  
[1.977s] -- Using all available rosidl_typesupport_cpp: rosidl_typesupport_fastrtps_cpp;rosidl_typesupport_introspection_cpp
[5.109s] -- Found rmw_implementation_cmake: 3.3.1 (/opt/ros/galactic/share/rmw_implementation_cmake/cmake)
[5.114s] -- Found rmw_cyclonedds_cpp: 0.22.6 (/opt/ros/galactic/share/rmw_cyclonedds_cpp/cmake)
[5.138s] -- Using RMW implementation 'rmw_cyclonedds_cpp' as default
[5.139s] -- Looking for pthread.h
[5.264s] -- Looking for pthread.h - found
[5.264s] -- Performing Test CMAKE_HAVE_LIBC_PTHREAD
[5.383s] -- Performing Test CMAKE_HAVE_LIBC_PTHREAD - Failed
[5.383s] -- Looking for pthread_create in pthreads
[5.478s] -- Looking for pthread_create in pthreads - not found
[5.478s] -- Looking for pthread_create in pthread
[5.623s] -- Looking for pthread_create in pthread - found
[5.625s] -- Found Threads: TRUE  
[6.478s] -- Found eigen3_cmake_module: 0.1.1 (/opt/ros/galactic/share/eigen3_cmake_module/cmake)
[6.483s] -- Found Eigen3: TRUE (found version "3.3.7") 
[10.150s] -- Setting OGRE_DIR to: '/opt/ros/galactic/share/rviz_ogre_vendor/cmake/../../../opt/rviz_ogre_vendor/lib/OGRE/cmake'
[10.154s] -- Found OGRE
[10.155s] --   static     : OFF
[10.155s] --   components : HLMS;MeshLodGenerator;Overlay;Paging;Property;RTShaderSystem;Terrain;Volume
[10.155s] --   plugins    : Plugin_BSPSceneManager;Plugin_OctreeSceneManager;Plugin_PCZSceneManager;Plugin_ParticleFX;RenderSystem_GL;RenderSystem_GL3Plus;Codec_STBI
[10.155s] --   media      : /opt/ros/galactic/opt/rviz_ogre_vendor/share/OGRE/Media
[10.155s] -- OGRE_LIBRARIES: OgreHLMS;OgreMeshLodGenerator;OgreOverlay;OgrePaging;OgreProperty;OgreRTShaderSystem;OgreTerrain;OgreVolume;OgreMain
[10.155s] -- OGRE_LIBRARY_DIRS: /opt/ros/galactic/opt/rviz_ogre_vendor/lib
[10.155s] -- OGRE_PLUGINS: Plugin_BSPSceneManager;Plugin_OctreeSceneManager;Plugin_PCZSceneManager;Plugin_ParticleFX;RenderSystem_GL;RenderSystem_GL3Plus;Codec_STBI
[10.155s] -- OGRE_PLUGIN_DIR: /opt/ros/galactic/opt/rviz_ogre_vendor/lib/OGRE
[10.155s] -- rviz_ogre_vendor::OgreOverlay for IMPORTED_LOCATION_RELEASE: /opt/ros/galactic/opt/rviz_ogre_vendor/lib/libOgreOverlay.so
[10.156s] -- rviz_ogre_vendor::OgreOverlay for IMPORTED_LOCATION_DEBUG: /opt/ros/galactic/opt/rviz_ogre_vendor/lib/libOgreOverlay.so
[10.156s] -- rviz_ogre_vendor::OgreMain for IMPORTED_LOCATION_RELEASE: /opt/ros/galactic/opt/rviz_ogre_vendor/lib/libOgreMain.so
[10.156s] -- rviz_ogre_vendor::OgreMain for IMPORTED_LOCATION_DEBUG: /opt/ros/galactic/opt/rviz_ogre_vendor/lib/libOgreMain.so
[10.160s] -- Could not find freeimage library
[10.191s] -- Found ZLIB: /usr/lib/x86_64-linux-gnu/libz.so (found version "1.2.11") 
[10.200s] -- Found OpenGL: /usr/lib/x86_64-linux-gnu/libOpenGL.so   
[10.383s] -- Found X11: /usr/include   
[10.384s] -- Looking for XOpenDisplay in /usr/lib/x86_64-linux-gnu/libX11.so;/usr/lib/x86_64-linux-gnu/libXext.so
[10.518s] -- Looking for XOpenDisplay in /usr/lib/x86_64-linux-gnu/libX11.so;/usr/lib/x86_64-linux-gnu/libXext.so - found
[10.518s] -- Looking for gethostbyname
[10.625s] -- Looking for gethostbyname - found
[10.625s] -- Looking for connect
[10.757s] -- Looking for connect - found
[10.757s] -- Looking for remove
[10.863s] -- Looking for remove - found
[10.863s] -- Looking for shmat
[10.949s] -- Looking for shmat - found
[10.949s] -- Looking for IceConnectionNumber in ICE
[11.049s] -- Looking for IceConnectionNumber in ICE - found
[11.055s] -- rviz_ogre_vendor::RenderSystem_GL for IMPORTED_LOCATION_RELEASE: _render_system_gl_static_library_abs-NOTFOUND
[11.055s] -- rviz_ogre_vendor::RenderSystem_GL for IMPORTED_LOCATION_DEBUG: _render_system_gl_static_library_abs-NOTFOUND
[11.062s] -- library: libassimp.so.5
[11.227s] -- library: /usr/lib/x86_64-linux-gnu/libcurl.so
[11.730s] -- Found ament_lint_auto: 0.10.7 (/opt/ros/galactic/share/ament_lint_auto/cmake)
[11.762s] -- Added test 'copyright' to check source files copyright and LICENSE
[11.765s] -- Added test 'cppcheck' to perform static code analysis on C / C++ code
[11.765s] -- Configured cppcheck include dirs: 
[11.765s] -- Configured cppcheck exclude dirs and/or files: 
[11.766s] -- Added test 'lint_cmake' to check CMake code style
[11.767s] -- Added test 'xmllint' to check XML markup files
[11.775s] -- Configuring done
[11.843s] -- Generating done
[11.847s] -- Build files have been written to: /home/cityu/autoware/build/tier4_perception_rviz_plugin
[11.879s] Invoked command in '/home/cityu/autoware/build/tier4_perception_rviz_plugin' returned '0': AMENT_PREFIX_PATH=/home/cityu/autoware/install/dummy_perception_publisher:/home/cityu/autoware/install/tier4_autoware_utils:/home/cityu/autoware/install/tier4_perception_msgs:/home/cityu/autoware/install/autoware_auto_vehicle_msgs:/home/cityu/autoware/install/autoware_cmake:/home/cityu/autoware/install/autoware_auto_planning_msgs:/home/cityu/autoware/install/autoware_auto_perception_msgs:/home/cityu/autoware/install/tier4_debug_msgs:/home/cityu/autoware/install/autoware_lint_common:/home/cityu/autoware/install/autoware_auto_mapping_msgs:/home/cityu/autoware/install/autoware_auto_geometry_msgs:${AMENT_PREFIX_PATH} CMAKE_PREFIX_PATH=/home/cityu/autoware/install/dummy_perception_publisher:/home/cityu/autoware/install/tier4_autoware_utils:/home/cityu/autoware/install/tier4_perception_msgs:/home/cityu/autoware/install/autoware_auto_vehicle_msgs:/home/cityu/autoware/install/autoware_cmake:/home/cityu/autoware/install/autoware_auto_planning_msgs:/home/cityu/autoware/install/autoware_auto_perception_msgs:/home/cityu/autoware/install/tier4_debug_msgs:/home/cityu/autoware/install/autoware_lint_common:/home/cityu/autoware/install/autoware_auto_mapping_msgs:/home/cityu/autoware/install/autoware_auto_geometry_msgs:/opt/ros/galactic LD_LIBRARY_PATH=/home/cityu/autoware/install/dummy_perception_publisher/lib:/home/cityu/autoware/install/tier4_autoware_utils/lib:/home/cityu/autoware/install/tier4_perception_msgs/lib:/home/cityu/autoware/install/autoware_auto_vehicle_msgs/lib:/home/cityu/autoware/install/autoware_auto_planning_msgs/lib:/home/cityu/autoware/install/autoware_auto_perception_msgs/lib:/home/cityu/autoware/install/tier4_debug_msgs/lib:/home/cityu/autoware/install/autoware_auto_mapping_msgs/lib:/home/cityu/autoware/install/autoware_auto_geometry_msgs/lib:${LD_LIBRARY_PATH} PYTHONPATH=/home/cityu/autoware/install/dummy_perception_publisher/lib/python3.8/site-packages:/home/cityu/autoware/install/tier4_perception_msgs/lib/python3.8/site-packages:/home/cityu/autoware/install/autoware_auto_vehicle_msgs/lib/python3.8/site-packages:/home/cityu/autoware/install/autoware_auto_planning_msgs/lib/python3.8/site-packages:/home/cityu/autoware/install/autoware_auto_perception_msgs/lib/python3.8/site-packages:/home/cityu/autoware/install/tier4_debug_msgs/lib/python3.8/site-packages:/home/cityu/autoware/install/autoware_auto_mapping_msgs/lib/python3.8/site-packages:/home/cityu/autoware/install/autoware_auto_geometry_msgs/lib/python3.8/site-packages:${PYTHONPATH} /usr/bin/cmake /home/cityu/autoware/src/universe/autoware.universe/common/tier4_perception_rviz_plugin -DCMAKE_BUILD_TYPE=Release -DAMENT_CMAKE_SYMLINK_INSTALL=1 -DCMAKE_INSTALL_PREFIX=/home/cityu/autoware/install/tier4_perception_rviz_plugin
[11.894s] Invoking command in '/home/cityu/autoware/build/tier4_perception_rviz_plugin': AMENT_PREFIX_PATH=/home/cityu/autoware/install/dummy_perception_publisher:/home/cityu/autoware/install/tier4_autoware_utils:/home/cityu/autoware/install/tier4_perception_msgs:/home/cityu/autoware/install/autoware_auto_vehicle_msgs:/home/cityu/autoware/install/autoware_cmake:/home/cityu/autoware/install/autoware_auto_planning_msgs:/home/cityu/autoware/install/autoware_auto_perception_msgs:/home/cityu/autoware/install/tier4_debug_msgs:/home/cityu/autoware/install/autoware_lint_common:/home/cityu/autoware/install/autoware_auto_mapping_msgs:/home/cityu/autoware/install/autoware_auto_geometry_msgs:${AMENT_PREFIX_PATH} CMAKE_PREFIX_PATH=/home/cityu/autoware/install/dummy_perception_publisher:/home/cityu/autoware/install/tier4_autoware_utils:/home/cityu/autoware/install/tier4_perception_msgs:/home/cityu/autoware/install/autoware_auto_vehicle_msgs:/home/cityu/autoware/install/autoware_cmake:/home/cityu/autoware/install/autoware_auto_planning_msgs:/home/cityu/autoware/install/autoware_auto_perception_msgs:/home/cityu/autoware/install/tier4_debug_msgs:/home/cityu/autoware/install/autoware_lint_common:/home/cityu/autoware/install/autoware_auto_mapping_msgs:/home/cityu/autoware/install/autoware_auto_geometry_msgs:/opt/ros/galactic LD_LIBRARY_PATH=/home/cityu/autoware/install/dummy_perception_publisher/lib:/home/cityu/autoware/install/tier4_autoware_utils/lib:/home/cityu/autoware/install/tier4_perception_msgs/lib:/home/cityu/autoware/install/autoware_auto_vehicle_msgs/lib:/home/cityu/autoware/install/autoware_auto_planning_msgs/lib:/home/cityu/autoware/install/autoware_auto_perception_msgs/lib:/home/cityu/autoware/install/tier4_debug_msgs/lib:/home/cityu/autoware/install/autoware_auto_mapping_msgs/lib:/home/cityu/autoware/install/autoware_auto_geometry_msgs/lib:${LD_LIBRARY_PATH} PYTHONPATH=/home/cityu/autoware/install/dummy_perception_publisher/lib/python3.8/site-packages:/home/cityu/autoware/install/tier4_perception_msgs/lib/python3.8/site-packages:/home/cityu/autoware/install/autoware_auto_vehicle_msgs/lib/python3.8/site-packages:/home/cityu/autoware/install/autoware_auto_planning_msgs/lib/python3.8/site-packages:/home/cityu/autoware/install/autoware_auto_perception_msgs/lib/python3.8/site-packages:/home/cityu/autoware/install/tier4_debug_msgs/lib/python3.8/site-packages:/home/cityu/autoware/install/autoware_auto_mapping_msgs/lib/python3.8/site-packages:/home/cityu/autoware/install/autoware_auto_geometry_msgs/lib/python3.8/site-packages:${PYTHONPATH} /usr/bin/cmake --build /home/cityu/autoware/build/tier4_perception_rviz_plugin -- -j16 -l16
[13.039s] [35m[1mScanning dependencies of target tier4_perception_rviz_plugin_autogen[0m
[13.039s] [ 11%] [34m[1mAutomatic MOC for target tier4_perception_rviz_plugin[0m
[13.040s] [ 11%] Built target tier4_perception_rviz_plugin_autogen
[13.040s] [35m[1mScanning dependencies of target tier4_perception_rviz_plugin[0m
[13.040s] [ 22%] [32mBuilding CXX object CMakeFiles/tier4_perception_rviz_plugin.dir/tier4_perception_rviz_plugin_autogen/mocs_compilation.cpp.o[0m
[18.235s] [ 33%] [32mBuilding CXX object CMakeFiles/tier4_perception_rviz_plugin.dir/src/tools/delete_all_objects.cpp.o[0m
[28.898s] [ 44%] [32mBuilding CXX object CMakeFiles/tier4_perception_rviz_plugin.dir/src/tools/unknown_pose.cpp.o[0m
[35.769s] [ 55%] [32mBuilding CXX object CMakeFiles/tier4_perception_rviz_plugin.dir/src/tools/car_pose.cpp.o[0m
[43.720s] [ 66%] [32mBuilding CXX object CMakeFiles/tier4_perception_rviz_plugin.dir/src/tools/pedestrian_pose.cpp.o[0m
[51.736s] [ 77%] [32mBuilding CXX object CMakeFiles/tier4_perception_rviz_plugin.dir/src/tools/interactive_object.cpp.o[0m
[51.737s] [ 88%] [32mBuilding CXX object CMakeFiles/tier4_perception_rviz_plugin.dir/src/tools/util.cpp.o[0m
[66.421s] [100%] [32m[1mLinking CXX shared library libtier4_perception_rviz_plugin.so[0m
[70.584s] [100%] Built target tier4_perception_rviz_plugin
[70.617s] Invoked command in '/home/cityu/autoware/build/tier4_perception_rviz_plugin' returned '0': AMENT_PREFIX_PATH=/home/cityu/autoware/install/dummy_perception_publisher:/home/cityu/autoware/install/tier4_autoware_utils:/home/cityu/autoware/install/tier4_perception_msgs:/home/cityu/autoware/install/autoware_auto_vehicle_msgs:/home/cityu/autoware/install/autoware_cmake:/home/cityu/autoware/install/autoware_auto_planning_msgs:/home/cityu/autoware/install/autoware_auto_perception_msgs:/home/cityu/autoware/install/tier4_debug_msgs:/home/cityu/autoware/install/autoware_lint_common:/home/cityu/autoware/install/autoware_auto_mapping_msgs:/home/cityu/autoware/install/autoware_auto_geometry_msgs:${AMENT_PREFIX_PATH} CMAKE_PREFIX_PATH=/home/cityu/autoware/install/dummy_perception_publisher:/home/cityu/autoware/install/tier4_autoware_utils:/home/cityu/autoware/install/tier4_perception_msgs:/home/cityu/autoware/install/autoware_auto_vehicle_msgs:/home/cityu/autoware/install/autoware_cmake:/home/cityu/autoware/install/autoware_auto_planning_msgs:/home/cityu/autoware/install/autoware_auto_perception_msgs:/home/cityu/autoware/install/tier4_debug_msgs:/home/cityu/autoware/install/autoware_lint_common:/home/cityu/autoware/install/autoware_auto_mapping_msgs:/home/cityu/autoware/install/autoware_auto_geometry_msgs:/opt/ros/galactic LD_LIBRARY_PATH=/home/cityu/autoware/install/dummy_perception_publisher/lib:/home/cityu/autoware/install/tier4_autoware_utils/lib:/home/cityu/autoware/install/tier4_perception_msgs/lib:/home/cityu/autoware/install/autoware_auto_vehicle_msgs/lib:/home/cityu/autoware/install/autoware_auto_planning_msgs/lib:/home/cityu/autoware/install/autoware_auto_perception_msgs/lib:/home/cityu/autoware/install/tier4_debug_msgs/lib:/home/cityu/autoware/install/autoware_auto_mapping_msgs/lib:/home/cityu/autoware/install/autoware_auto_geometry_msgs/lib:${LD_LIBRARY_PATH} PYTHONPATH=/home/cityu/autoware/install/dummy_perception_publisher/lib/python3.8/site-packages:/home/cityu/autoware/install/tier4_perception_msgs/lib/python3.8/site-packages:/home/cityu/autoware/install/autoware_auto_vehicle_msgs/lib/python3.8/site-packages:/home/cityu/autoware/install/autoware_auto_planning_msgs/lib/python3.8/site-packages:/home/cityu/autoware/install/autoware_auto_perception_msgs/lib/python3.8/site-packages:/home/cityu/autoware/install/tier4_debug_msgs/lib/python3.8/site-packages:/home/cityu/autoware/install/autoware_auto_mapping_msgs/lib/python3.8/site-packages:/home/cityu/autoware/install/autoware_auto_geometry_msgs/lib/python3.8/site-packages:${PYTHONPATH} /usr/bin/cmake --build /home/cityu/autoware/build/tier4_perception_rviz_plugin -- -j16 -l16
[70.675s] Invoking command in '/home/cityu/autoware/build/tier4_perception_rviz_plugin': AMENT_PREFIX_PATH=/home/cityu/autoware/install/dummy_perception_publisher:/home/cityu/autoware/install/tier4_autoware_utils:/home/cityu/autoware/install/tier4_perception_msgs:/home/cityu/autoware/install/autoware_auto_vehicle_msgs:/home/cityu/autoware/install/autoware_cmake:/home/cityu/autoware/install/autoware_auto_planning_msgs:/home/cityu/autoware/install/autoware_auto_perception_msgs:/home/cityu/autoware/install/tier4_debug_msgs:/home/cityu/autoware/install/autoware_lint_common:/home/cityu/autoware/install/autoware_auto_mapping_msgs:/home/cityu/autoware/install/autoware_auto_geometry_msgs:${AMENT_PREFIX_PATH} CMAKE_PREFIX_PATH=/home/cityu/autoware/install/dummy_perception_publisher:/home/cityu/autoware/install/tier4_autoware_utils:/home/cityu/autoware/install/tier4_perception_msgs:/home/cityu/autoware/install/autoware_auto_vehicle_msgs:/home/cityu/autoware/install/autoware_cmake:/home/cityu/autoware/install/autoware_auto_planning_msgs:/home/cityu/autoware/install/autoware_auto_perception_msgs:/home/cityu/autoware/install/tier4_debug_msgs:/home/cityu/autoware/install/autoware_lint_common:/home/cityu/autoware/install/autoware_auto_mapping_msgs:/home/cityu/autoware/install/autoware_auto_geometry_msgs:/opt/ros/galactic LD_LIBRARY_PATH=/home/cityu/autoware/install/dummy_perception_publisher/lib:/home/cityu/autoware/install/tier4_autoware_utils/lib:/home/cityu/autoware/install/tier4_perception_msgs/lib:/home/cityu/autoware/install/autoware_auto_vehicle_msgs/lib:/home/cityu/autoware/install/autoware_auto_planning_msgs/lib:/home/cityu/autoware/install/autoware_auto_perception_msgs/lib:/home/cityu/autoware/install/tier4_debug_msgs/lib:/home/cityu/autoware/install/autoware_auto_mapping_msgs/lib:/home/cityu/autoware/install/autoware_auto_geometry_msgs/lib:${LD_LIBRARY_PATH} PYTHONPATH=/home/cityu/autoware/install/dummy_perception_publisher/lib/python3.8/site-packages:/home/cityu/autoware/install/tier4_perception_msgs/lib/python3.8/site-packages:/home/cityu/autoware/install/autoware_auto_vehicle_msgs/lib/python3.8/site-packages:/home/cityu/autoware/install/autoware_auto_planning_msgs/lib/python3.8/site-packages:/home/cityu/autoware/install/autoware_auto_perception_msgs/lib/python3.8/site-packages:/home/cityu/autoware/install/tier4_debug_msgs/lib/python3.8/site-packages:/home/cityu/autoware/install/autoware_auto_mapping_msgs/lib/python3.8/site-packages:/home/cityu/autoware/install/autoware_auto_geometry_msgs/lib/python3.8/site-packages:${PYTHONPATH} /usr/bin/cmake --install /home/cityu/autoware/build/tier4_perception_rviz_plugin
[103.071s] -- Install configuration: "Release"
[103.071s] -- Execute custom install script
[103.071s] -- Symlinking: /home/cityu/autoware/install/tier4_perception_rviz_plugin/share/tier4_perception_rviz_plugin/plugins/plugin_description.xml
[103.071s] -- Symlinking: /home/cityu/autoware/install/tier4_perception_rviz_plugin/share/tier4_perception_rviz_plugin/environment/library_path.sh
[103.071s] -- Symlinking: /home/cityu/autoware/install/tier4_perception_rviz_plugin/share/tier4_perception_rviz_plugin/environment/library_path.dsv
[103.071s] -- Symlinking: /home/cityu/autoware/install/tier4_perception_rviz_plugin/lib/libtier4_perception_rviz_plugin.so
[103.071s] -- Symlinking: /home/cityu/autoware/install/tier4_perception_rviz_plugin/share/tier4_perception_rviz_plugin/icons/classes/BusInitialPoseTool.png
[103.071s] -- Symlinking: /home/cityu/autoware/install/tier4_perception_rviz_plugin/share/tier4_perception_rviz_plugin/icons/classes/CarInitialPoseTool.png
[103.072s] -- Symlinking: /home/cityu/autoware/install/tier4_perception_rviz_plugin/share/tier4_perception_rviz_plugin/icons/classes/DeleteAllObjectsTool.png
[103.072s] -- Symlinking: /home/cityu/autoware/install/tier4_perception_rviz_plugin/share/tier4_perception_rviz_plugin/icons/classes/PedestrianInitialPoseTool.png
[103.072s] -- Symlinking: /home/cityu/autoware/install/tier4_perception_rviz_plugin/share/tier4_perception_rviz_plugin/icons/classes/UnknownInitialPoseTool.png
[103.072s] -- Up-to-date symlink: /home/cityu/autoware/install/tier4_perception_rviz_plugin/share/tier4_perception_rviz_plugin/plugins/plugin_description.xml
[103.072s] -- Symlinking: /home/cityu/autoware/install/tier4_perception_rviz_plugin/share/ament_index/resource_index/package_run_dependencies/tier4_perception_rviz_plugin
[103.072s] -- Symlinking: /home/cityu/autoware/install/tier4_perception_rviz_plugin/share/ament_index/resource_index/parent_prefix_path/tier4_perception_rviz_plugin
[103.072s] -- Symlinking: /home/cityu/autoware/install/tier4_perception_rviz_plugin/share/tier4_perception_rviz_plugin/environment/ament_prefix_path.sh
[103.072s] -- Symlinking: /home/cityu/autoware/install/tier4_perception_rviz_plugin/share/tier4_perception_rviz_plugin/environment/ament_prefix_path.dsv
[103.073s] -- Symlinking: /home/cityu/autoware/install/tier4_perception_rviz_plugin/share/tier4_perception_rviz_plugin/environment/path.sh
[103.073s] -- Symlinking: /home/cityu/autoware/install/tier4_perception_rviz_plugin/share/tier4_perception_rviz_plugin/environment/path.dsv
[103.073s] -- Symlinking: /home/cityu/autoware/install/tier4_perception_rviz_plugin/share/tier4_perception_rviz_plugin/local_setup.bash
[103.073s] -- Symlinking: /home/cityu/autoware/install/tier4_perception_rviz_plugin/share/tier4_perception_rviz_plugin/local_setup.sh
[103.073s] -- Symlinking: /home/cityu/autoware/install/tier4_perception_rviz_plugin/share/tier4_perception_rviz_plugin/local_setup.zsh
[103.073s] -- Symlinking: /home/cityu/autoware/install/tier4_perception_rviz_plugin/share/tier4_perception_rviz_plugin/local_setup.dsv
[103.073s] -- Symlinking: /home/cityu/autoware/install/tier4_perception_rviz_plugin/share/tier4_perception_rviz_plugin/package.dsv
[103.073s] -- Symlinking: /home/cityu/autoware/install/tier4_perception_rviz_plugin/share/ament_index/resource_index/packages/tier4_perception_rviz_plugin
[103.074s] -- Symlinking: /home/cityu/autoware/install/tier4_perception_rviz_plugin/share/ament_index/resource_index/rviz_common__pluginlib__plugin/tier4_perception_rviz_plugin
[103.074s] -- Symlinking: /home/cityu/autoware/install/tier4_perception_rviz_plugin/share/tier4_perception_rviz_plugin/cmake/ament_cmake_export_dependencies-extras.cmake
[103.074s] -- Symlinking: /home/cityu/autoware/install/tier4_perception_rviz_plugin/share/tier4_perception_rviz_plugin/cmake/ament_cmake_export_libraries-extras.cmake
[103.074s] -- Symlinking: /home/cityu/autoware/install/tier4_perception_rviz_plugin/share/tier4_perception_rviz_plugin/cmake/tier4_perception_rviz_pluginConfig.cmake
[103.074s] -- Symlinking: /home/cityu/autoware/install/tier4_perception_rviz_plugin/share/tier4_perception_rviz_plugin/cmake/tier4_perception_rviz_pluginConfig-version.cmake
[103.074s] -- Symlinking: /home/cityu/autoware/install/tier4_perception_rviz_plugin/share/tier4_perception_rviz_plugin/package.xml
[103.222s] Invoked command in '/home/cityu/autoware/build/tier4_perception_rviz_plugin' returned '0': AMENT_PREFIX_PATH=/home/cityu/autoware/install/dummy_perception_publisher:/home/cityu/autoware/install/tier4_autoware_utils:/home/cityu/autoware/install/tier4_perception_msgs:/home/cityu/autoware/install/autoware_auto_vehicle_msgs:/home/cityu/autoware/install/autoware_cmake:/home/cityu/autoware/install/autoware_auto_planning_msgs:/home/cityu/autoware/install/autoware_auto_perception_msgs:/home/cityu/autoware/install/tier4_debug_msgs:/home/cityu/autoware/install/autoware_lint_common:/home/cityu/autoware/install/autoware_auto_mapping_msgs:/home/cityu/autoware/install/autoware_auto_geometry_msgs:${AMENT_PREFIX_PATH} CMAKE_PREFIX_PATH=/home/cityu/autoware/install/dummy_perception_publisher:/home/cityu/autoware/install/tier4_autoware_utils:/home/cityu/autoware/install/tier4_perception_msgs:/home/cityu/autoware/install/autoware_auto_vehicle_msgs:/home/cityu/autoware/install/autoware_cmake:/home/cityu/autoware/install/autoware_auto_planning_msgs:/home/cityu/autoware/install/autoware_auto_perception_msgs:/home/cityu/autoware/install/tier4_debug_msgs:/home/cityu/autoware/install/autoware_lint_common:/home/cityu/autoware/install/autoware_auto_mapping_msgs:/home/cityu/autoware/install/autoware_auto_geometry_msgs:/opt/ros/galactic LD_LIBRARY_PATH=/home/cityu/autoware/install/dummy_perception_publisher/lib:/home/cityu/autoware/install/tier4_autoware_utils/lib:/home/cityu/autoware/install/tier4_perception_msgs/lib:/home/cityu/autoware/install/autoware_auto_vehicle_msgs/lib:/home/cityu/autoware/install/autoware_auto_planning_msgs/lib:/home/cityu/autoware/install/autoware_auto_perception_msgs/lib:/home/cityu/autoware/install/tier4_debug_msgs/lib:/home/cityu/autoware/install/autoware_auto_mapping_msgs/lib:/home/cityu/autoware/install/autoware_auto_geometry_msgs/lib:${LD_LIBRARY_PATH} PYTHONPATH=/home/cityu/autoware/install/dummy_perception_publisher/lib/python3.8/site-packages:/home/cityu/autoware/install/tier4_perception_msgs/lib/python3.8/site-packages:/home/cityu/autoware/install/autoware_auto_vehicle_msgs/lib/python3.8/site-packages:/home/cityu/autoware/install/autoware_auto_planning_msgs/lib/python3.8/site-packages:/home/cityu/autoware/install/autoware_auto_perception_msgs/lib/python3.8/site-packages:/home/cityu/autoware/install/tier4_debug_msgs/lib/python3.8/site-packages:/home/cityu/autoware/install/autoware_auto_mapping_msgs/lib/python3.8/site-packages:/home/cityu/autoware/install/autoware_auto_geometry_msgs/lib/python3.8/site-packages:${PYTHONPATH} /usr/bin/cmake --install /home/cityu/autoware/build/tier4_perception_rviz_plugin
