-- Install configuration: "Release"
-- Execute custom install script
-- Up-to-date symlink: /home/cityu/autoware/install/lidar_centerpoint_tvm/include/lidar_centerpoint_tvm/centerpoint_config.hpp
-- Up-to-date symlink: /home/cityu/autoware/install/lidar_centerpoint_tvm/include/lidar_centerpoint_tvm/centerpoint_tvm.hpp
-- Up-to-date symlink: /home/cityu/autoware/install/lidar_centerpoint_tvm/include/lidar_centerpoint_tvm/network/scatter.hpp
-- Up-to-date symlink: /home/cityu/autoware/install/lidar_centerpoint_tvm/include/lidar_centerpoint_tvm/node.hpp
-- Up-to-date symlink: /home/cityu/autoware/install/lidar_centerpoint_tvm/include/lidar_centerpoint_tvm/postprocess/circle_nms.hpp
-- Up-to-date symlink: /home/cityu/autoware/install/lidar_centerpoint_tvm/include/lidar_centerpoint_tvm/postprocess/generate_detected_boxes.hpp
-- Up-to-date symlink: /home/cityu/autoware/install/lidar_centerpoint_tvm/include/lidar_centerpoint_tvm/preprocess/generate_features.hpp
-- Up-to-date symlink: /home/cityu/autoware/install/lidar_centerpoint_tvm/include/lidar_centerpoint_tvm/preprocess/pointcloud_densification.hpp
-- Up-to-date symlink: /home/cityu/autoware/install/lidar_centerpoint_tvm/include/lidar_centerpoint_tvm/preprocess/voxel_generator.hpp
-- Up-to-date symlink: /home/cityu/autoware/install/lidar_centerpoint_tvm/include/lidar_centerpoint_tvm/ros_utils.hpp
-- Up-to-date symlink: /home/cityu/autoware/install/lidar_centerpoint_tvm/include/lidar_centerpoint_tvm/utils.hpp
-- Up-to-date symlink: /home/cityu/autoware/install/lidar_centerpoint_tvm/include/lidar_centerpoint_tvm/visibility_control.hpp
-- Up-to-date symlink: /home/cityu/autoware/install/lidar_centerpoint_tvm/share/ament_index/resource_index/package_run_dependencies/lidar_centerpoint_tvm
-- Up-to-date symlink: /home/cityu/autoware/install/lidar_centerpoint_tvm/share/ament_index/resource_index/parent_prefix_path/lidar_centerpoint_tvm
-- Up-to-date symlink: /home/cityu/autoware/install/lidar_centerpoint_tvm/share/lidar_centerpoint_tvm/environment/ament_prefix_path.sh
-- Up-to-date symlink: /home/cityu/autoware/install/lidar_centerpoint_tvm/share/lidar_centerpoint_tvm/environment/ament_prefix_path.dsv
-- Up-to-date symlink: /home/cityu/autoware/install/lidar_centerpoint_tvm/share/lidar_centerpoint_tvm/environment/path.sh
-- Up-to-date symlink: /home/cityu/autoware/install/lidar_centerpoint_tvm/share/lidar_centerpoint_tvm/environment/path.dsv
-- Up-to-date symlink: /home/cityu/autoware/install/lidar_centerpoint_tvm/share/lidar_centerpoint_tvm/local_setup.bash
-- Up-to-date symlink: /home/cityu/autoware/install/lidar_centerpoint_tvm/share/lidar_centerpoint_tvm/local_setup.sh
-- Up-to-date symlink: /home/cityu/autoware/install/lidar_centerpoint_tvm/share/lidar_centerpoint_tvm/local_setup.zsh
-- Up-to-date symlink: /home/cityu/autoware/install/lidar_centerpoint_tvm/share/lidar_centerpoint_tvm/local_setup.dsv
-- Symlinking: /home/cityu/autoware/install/lidar_centerpoint_tvm/share/lidar_centerpoint_tvm/package.dsv
-- Up-to-date symlink: /home/cityu/autoware/install/lidar_centerpoint_tvm/share/ament_index/resource_index/packages/lidar_centerpoint_tvm
-- Up-to-date symlink: /home/cityu/autoware/install/lidar_centerpoint_tvm/share/lidar_centerpoint_tvm/cmake/ament_cmake_export_dependencies-extras.cmake
-- Up-to-date symlink: /home/cityu/autoware/install/lidar_centerpoint_tvm/share/lidar_centerpoint_tvm/cmake/ament_cmake_export_include_directories-extras.cmake
-- Up-to-date symlink: /home/cityu/autoware/install/lidar_centerpoint_tvm/share/lidar_centerpoint_tvm/cmake/lidar_centerpoint_tvmConfig.cmake
-- Up-to-date symlink: /home/cityu/autoware/install/lidar_centerpoint_tvm/share/lidar_centerpoint_tvm/cmake/lidar_centerpoint_tvmConfig-version.cmake
-- Up-to-date symlink: /home/cityu/autoware/install/lidar_centerpoint_tvm/share/lidar_centerpoint_tvm/package.xml
