-- Found ament_cmake: 1.1.6 (/opt/ros/galactic/share/ament_cmake/cmake)
-- Using PYTHON_EXECUTABLE: /usr/bin/python3
-- Override CMake install command with custom implementation using symlinks instead of copying resources
-- Found cv_bridge: 3.1.3 (/opt/ros/galactic/share/cv_bridge/cmake)
-- Using all available rosidl_typesupport_c: rosidl_typesupport_fastrtps_c;rosidl_typesupport_introspection_c
-- Found rosidl_adapter: 2.2.3 (/opt/ros/galactic/share/rosidl_adapter/cmake)
-- Using all available rosidl_typesupport_cpp: rosidl_typesupport_fastrtps_cpp;rosidl_typesupport_introspection_cpp
-- Found filters: 2.1.0 (/opt/ros/galactic/share/filters/cmake)
-- Found grid_map_cmake_helpers: 2.0.0 (/home/cityu/autoware/install/grid_map_cmake_helpers/share/grid_map_cmake_helpers/cmake)
-- Found grid_map_core: 2.0.0 (/home/cityu/autoware/install/grid_map_core/share/grid_map_core/cmake)
-- Found grid_map_cv: 2.0.0 (/home/cityu/autoware/install/grid_map_cv/share/grid_map_cv/cmake)
-- Found rmw_implementation_cmake: 3.3.1 (/opt/ros/galactic/share/rmw_implementation_cmake/cmake)
-- Found rmw_cyclonedds_cpp: 0.22.6 (/opt/ros/galactic/share/rmw_cyclonedds_cpp/cmake)
-- Using RMW implementation 'rmw_cyclonedds_cpp' as default
-- Found grid_map_msgs: 2.0.0 (/home/cityu/autoware/install/grid_map_msgs/share/grid_map_msgs/cmake)
-- Found grid_map_octomap: 2.0.0 (/home/cityu/autoware/install/grid_map_octomap/share/grid_map_octomap/cmake)
-- Found grid_map_ros: 2.0.0 (/home/cityu/autoware/install/grid_map_ros/share/grid_map_ros/cmake)
-- Found octomap_msgs: 2.0.0 (/opt/ros/galactic/share/octomap_msgs/cmake)
-- Found ament_lint_auto: 0.10.7 (/opt/ros/galactic/share/ament_lint_auto/cmake)
-- Added test 'cppcheck' to perform static code analysis on C / C++ code
-- Configured cppcheck include dirs: /home/cityu/autoware/src/universe/external/grid_map/grid_map_demos/include
-- Configured cppcheck exclude dirs and/or files: 
-- Added test 'flake8' to check Python code syntax and style conventions
-- Added test 'lint_cmake' to check CMake code style
-- Added test 'pep257' to check Python code against some of the style conventions in PEP 257
-- Added test 'uncrustify' to check C / C++ code style
-- Configured uncrustify additional arguments: 
-- Added test 'xmllint' to check XML markup files
-- Configuring done
-- Generating done
-- Build files have been written to: /home/cityu/autoware/build/grid_map_demos
[  3%] [32m[1mLinking CXX executable interpolation_demo[0m
[ 10%] Built target interpolation_demo
[ 13%] [32m[1mLinking CXX shared library libfilters_demo_lib.so[0m
[ 16%] Built target filters_demo_lib
[ 20%] [32m[1mLinking CXX executable opencv_demo[0m
[ 23%] Built target opencv_demo
[ 26%] [32m[1mLinking CXX executable filters_demo[0m
[ 30%] Built target filters_demo
[ 33%] [32m[1mLinking CXX executable image_to_gridmap_demo[0m
[ 40%] Built target image_to_gridmap_demo
[ 43%] [32m[1mLinking CXX executable iterators_demo[0m
[ 50%] Built target iterators_demo
[ 53%] [32m[1mLinking CXX executable resolution_change_demo[0m
[ 56%] Built target resolution_change_demo
[ 60%] [32m[1mLinking CXX executable octomap_to_gridmap_demo[0m
[ 66%] Built target octomap_to_gridmap_demo
[ 70%] [32m[1mLinking CXX executable tutorial_demo[0m
[ 73%] Built target tutorial_demo
[ 80%] Built target iterator_benchmark
[ 83%] [32m[1mLinking CXX executable simple_demo[0m
[ 86%] Built target simple_demo
[ 90%] [32m[1mLinking CXX executable move_demo[0m
[ 93%] Built target move_demo
[ 96%] [32m[1mLinking CXX executable normal_filter_comparison_demo[0m
[100%] Built target normal_filter_comparison_demo
-- Install configuration: "Release"
-- Execute custom install script
-- Up-to-date symlink: /home/cityu/autoware/install/grid_map_demos/lib/grid_map_demos/filters_demo
-- Up-to-date symlink: /home/cityu/autoware/install/grid_map_demos/lib/libfilters_demo_lib.so
-- Up-to-date symlink: /home/cityu/autoware/install/grid_map_demos/lib/grid_map_demos/image_to_gridmap_demo
-- Up-to-date symlink: /home/cityu/autoware/install/grid_map_demos/lib/grid_map_demos/interpolation_demo
-- Up-to-date symlink: /home/cityu/autoware/install/grid_map_demos/lib/grid_map_demos/iterator_benchmark
-- Up-to-date symlink: /home/cityu/autoware/install/grid_map_demos/lib/grid_map_demos/iterators_demo
-- Up-to-date symlink: /home/cityu/autoware/install/grid_map_demos/lib/grid_map_demos/move_demo
-- Up-to-date symlink: /home/cityu/autoware/install/grid_map_demos/lib/grid_map_demos/normal_filter_comparison_demo
-- Up-to-date symlink: /home/cityu/autoware/install/grid_map_demos/lib/grid_map_demos/octomap_to_gridmap_demo
-- Up-to-date symlink: /home/cityu/autoware/install/grid_map_demos/lib/grid_map_demos/opencv_demo
-- Up-to-date symlink: /home/cityu/autoware/install/grid_map_demos/lib/grid_map_demos/resolution_change_demo
-- Up-to-date symlink: /home/cityu/autoware/install/grid_map_demos/lib/grid_map_demos/simple_demo
-- Up-to-date symlink: /home/cityu/autoware/install/grid_map_demos/lib/grid_map_demos/tutorial_demo
-- Up-to-date symlink: /home/cityu/autoware/install/grid_map_demos/share/grid_map_demos/config/filters_demo.yaml
-- Up-to-date symlink: /home/cityu/autoware/install/grid_map_demos/share/grid_map_demos/config/filters_demo_filter_chain.yaml
-- Up-to-date symlink: /home/cityu/autoware/install/grid_map_demos/share/grid_map_demos/config/grid_map_loader_demo.yaml
-- Up-to-date symlink: /home/cityu/autoware/install/grid_map_demos/share/grid_map_demos/config/image_to_gridmap_demo.yaml
-- Up-to-date symlink: /home/cityu/autoware/install/grid_map_demos/share/grid_map_demos/config/interpolation_demo.yaml
-- Up-to-date symlink: /home/cityu/autoware/install/grid_map_demos/share/grid_map_demos/config/iterators_demo.yaml
-- Up-to-date symlink: /home/cityu/autoware/install/grid_map_demos/share/grid_map_demos/config/move_demo.yaml
-- Up-to-date symlink: /home/cityu/autoware/install/grid_map_demos/share/grid_map_demos/config/normal_filter_comparison.yaml
-- Up-to-date symlink: /home/cityu/autoware/install/grid_map_demos/share/grid_map_demos/config/normal_filter_comparison_visualization.yaml
-- Up-to-date symlink: /home/cityu/autoware/install/grid_map_demos/share/grid_map_demos/config/octomap_to_gridmap_demo.yaml
-- Up-to-date symlink: /home/cityu/autoware/install/grid_map_demos/share/grid_map_demos/config/opencv_demo.yaml
-- Up-to-date symlink: /home/cityu/autoware/install/grid_map_demos/share/grid_map_demos/config/resolution_change_demo.yaml
-- Up-to-date symlink: /home/cityu/autoware/install/grid_map_demos/share/grid_map_demos/config/simple_demo.yaml
-- Up-to-date symlink: /home/cityu/autoware/install/grid_map_demos/share/grid_map_demos/config/tutorial_demo.yaml
-- Up-to-date symlink: /home/cityu/autoware/install/grid_map_demos/share/grid_map_demos/data/eth_logo.png
-- Up-to-date symlink: /home/cityu/autoware/install/grid_map_demos/share/grid_map_demos/data/freiburg1_360.bt
-- Up-to-date symlink: /home/cityu/autoware/install/grid_map_demos/share/grid_map_demos/data/grid_map_bag/grid_map_bag.db3
-- Up-to-date symlink: /home/cityu/autoware/install/grid_map_demos/share/grid_map_demos/data/grid_map_bag/metadata.yaml
-- Up-to-date symlink: /home/cityu/autoware/install/grid_map_demos/share/grid_map_demos/data/linearGradient_horizontal.png
-- Up-to-date symlink: /home/cityu/autoware/install/grid_map_demos/share/grid_map_demos/data/linearGradient_oblique_and_flat.png
-- Up-to-date symlink: /home/cityu/autoware/install/grid_map_demos/share/grid_map_demos/data/linearGradient_oblique_only.png
-- Up-to-date symlink: /home/cityu/autoware/install/grid_map_demos/share/grid_map_demos/data/linearGradient_vertical.png
-- Up-to-date symlink: /home/cityu/autoware/install/grid_map_demos/share/grid_map_demos/data/radialGradient_circle.png
-- Up-to-date symlink: /home/cityu/autoware/install/grid_map_demos/share/grid_map_demos/data/radialGradient_ellipse.png
-- Up-to-date symlink: /home/cityu/autoware/install/grid_map_demos/share/grid_map_demos/data/radialGradient_horizontal.png
-- Up-to-date symlink: /home/cityu/autoware/install/grid_map_demos/share/grid_map_demos/data/terrain.png
-- Up-to-date symlink: /home/cityu/autoware/install/grid_map_demos/share/grid_map_demos/doc/filters_demo.gif
-- Up-to-date symlink: /home/cityu/autoware/install/grid_map_demos/share/grid_map_demos/doc/filters_demo_preview.gif
-- Up-to-date symlink: /home/cityu/autoware/install/grid_map_demos/share/grid_map_demos/doc/image_to_grid_map_demo_result.png
-- Up-to-date symlink: /home/cityu/autoware/install/grid_map_demos/share/grid_map_demos/doc/opencv_demo_result.gif
-- Up-to-date symlink: /home/cityu/autoware/install/grid_map_demos/share/grid_map_demos/launch/filters_demo_launch.py
-- Up-to-date symlink: /home/cityu/autoware/install/grid_map_demos/share/grid_map_demos/launch/grid_map_loader_demo_launch.py
-- Up-to-date symlink: /home/cityu/autoware/install/grid_map_demos/share/grid_map_demos/launch/image_to_gridmap_demo_launch.py
-- Up-to-date symlink: /home/cityu/autoware/install/grid_map_demos/share/grid_map_demos/launch/interpolation_demo_launch.py
-- Up-to-date symlink: /home/cityu/autoware/install/grid_map_demos/share/grid_map_demos/launch/iterators_demo_launch.py
-- Up-to-date symlink: /home/cityu/autoware/install/grid_map_demos/share/grid_map_demos/launch/move_demo_launch.py
-- Up-to-date symlink: /home/cityu/autoware/install/grid_map_demos/share/grid_map_demos/launch/normal_filter_comparison_launch.py
-- Up-to-date symlink: /home/cityu/autoware/install/grid_map_demos/share/grid_map_demos/launch/octomap_to_gridmap_demo_launch.py
-- Up-to-date symlink: /home/cityu/autoware/install/grid_map_demos/share/grid_map_demos/launch/opencv_demo_launch.py
-- Up-to-date symlink: /home/cityu/autoware/install/grid_map_demos/share/grid_map_demos/launch/resolution_change_demo_launch.py
-- Up-to-date symlink: /home/cityu/autoware/install/grid_map_demos/share/grid_map_demos/launch/simple_demo_launch.py
-- Up-to-date symlink: /home/cityu/autoware/install/grid_map_demos/share/grid_map_demos/launch/tutorial_demo_launch.py
-- Up-to-date symlink: /home/cityu/autoware/install/grid_map_demos/share/grid_map_demos/rviz/filters_demo.rviz
-- Up-to-date symlink: /home/cityu/autoware/install/grid_map_demos/share/grid_map_demos/rviz/grid_map_demo.rviz
-- Up-to-date symlink: /home/cityu/autoware/install/grid_map_demos/share/grid_map_demos/rviz/grid_map_iterators_demo.rviz
-- Up-to-date symlink: /home/cityu/autoware/install/grid_map_demos/share/grid_map_demos/rviz/interpolation_demo.rviz
-- Up-to-date symlink: /home/cityu/autoware/install/grid_map_demos/share/grid_map_demos/rviz/normal_filter_comparison_demo.rviz
-- Up-to-date symlink: /home/cityu/autoware/install/grid_map_demos/share/grid_map_demos/rviz/octomap_to_gridmap_demo.rviz
-- Up-to-date symlink: /home/cityu/autoware/install/grid_map_demos/lib/grid_map_demos/image_publisher.py
-- Up-to-date symlink: /home/cityu/autoware/install/grid_map_demos/share/ament_index/resource_index/package_run_dependencies/grid_map_demos
-- Up-to-date symlink: /home/cityu/autoware/install/grid_map_demos/share/ament_index/resource_index/parent_prefix_path/grid_map_demos
-- Up-to-date symlink: /home/cityu/autoware/install/grid_map_demos/share/grid_map_demos/environment/ament_prefix_path.sh
-- Up-to-date symlink: /home/cityu/autoware/install/grid_map_demos/share/grid_map_demos/environment/ament_prefix_path.dsv
-- Up-to-date symlink: /home/cityu/autoware/install/grid_map_demos/share/grid_map_demos/environment/path.sh
-- Up-to-date symlink: /home/cityu/autoware/install/grid_map_demos/share/grid_map_demos/environment/path.dsv
-- Up-to-date symlink: /home/cityu/autoware/install/grid_map_demos/share/grid_map_demos/local_setup.bash
-- Up-to-date symlink: /home/cityu/autoware/install/grid_map_demos/share/grid_map_demos/local_setup.sh
-- Up-to-date symlink: /home/cityu/autoware/install/grid_map_demos/share/grid_map_demos/local_setup.zsh
-- Up-to-date symlink: /home/cityu/autoware/install/grid_map_demos/share/grid_map_demos/local_setup.dsv
-- Symlinking: /home/cityu/autoware/install/grid_map_demos/share/grid_map_demos/package.dsv
-- Up-to-date symlink: /home/cityu/autoware/install/grid_map_demos/share/ament_index/resource_index/packages/grid_map_demos
-- Up-to-date symlink: /home/cityu/autoware/install/grid_map_demos/share/grid_map_demos/cmake/ament_cmake_export_include_directories-extras.cmake
-- Up-to-date symlink: /home/cityu/autoware/install/grid_map_demos/share/grid_map_demos/cmake/grid_map_demosConfig.cmake
-- Up-to-date symlink: /home/cityu/autoware/install/grid_map_demos/share/grid_map_demos/cmake/grid_map_demosConfig-version.cmake
-- Up-to-date symlink: /home/cityu/autoware/install/grid_map_demos/share/grid_map_demos/package.xml
