[0.099s] Invoking command in '/home/cityu/autoware/build/tier4_rtc_msgs': CMAKE_PREFIX_PATH=/opt/ros/galactic /usr/bin/cmake /home/cityu/autoware/src/universe/external/tier4_autoware_msgs/tier4_rtc_msgs -DCMAKE_BUILD_TYPE=Release -DDOWNLOAD_ARTIFACTS=ON -DAMENT_CMAKE_SYMLINK_INSTALL=1 -DCMAKE_INSTALL_PREFIX=/home/cityu/autoware/install/tier4_rtc_msgs
[0.426s] -- Found ament_cmake_auto: 1.1.6 (/opt/ros/galactic/share/ament_cmake_auto/cmake)
[0.427s] -- Found PythonInterp: /usr/bin/python3 (found suitable version "3.8.10", minimum required is "3") 
[0.427s] -- Using PYTHON_EXECUTABLE: /usr/bin/python3
[0.427s] -- Override CMake install command with custom implementation using symlinks instead of copying resources
[0.427s] -- Using all available rosidl_typesupport_c: rosidl_typesupport_fastrtps_c;rosidl_typesupport_introspection_c
[0.430s] -- Found rosidl_adapter: 2.2.3 (/opt/ros/galactic/share/rosidl_adapter/cmake)
[0.617s] -- Using all available rosidl_typesupport_cpp: rosidl_typesupport_fastrtps_cpp;rosidl_typesupport_introspection_cpp
[0.688s] -- Found PythonInterp: /usr/bin/python3 (found version "3.8.10") 
[0.825s] -- Found ament_cmake_ros: 0.9.2 (/opt/ros/galactic/share/ament_cmake_ros/cmake)
[0.979s] -- Using all available rosidl_typesupport_c: rosidl_typesupport_fastrtps_c;rosidl_typesupport_introspection_c
[1.007s] -- Using all available rosidl_typesupport_cpp: rosidl_typesupport_fastrtps_cpp;rosidl_typesupport_introspection_cpp
[1.042s] -- Found PythonInterp: /usr/bin/python3 (found suitable version "3.8.10", minimum required is "3.5") 
[1.042s] -- Found python_cmake_module: 0.8.1 (/opt/ros/galactic/share/python_cmake_module/cmake)
[1.071s] -- Using PYTHON_EXECUTABLE: /usr/bin/python3
[1.071s] -- Using PYTHON_INCLUDE_DIRS: /usr/include/python3.8
[1.071s] -- Using PYTHON_LIBRARIES: /usr/lib/x86_64-linux-gnu/libpython3.8.so
[1.110s] -- Found ament_lint_auto: 0.10.7 (/opt/ros/galactic/share/ament_lint_auto/cmake)
[1.131s] -- Added test 'copyright' to check source files copyright and LICENSE
[1.134s] -- Added test 'lint_cmake' to check CMake code style
[1.136s] -- Added test 'xmllint' to check XML markup files
[1.145s] -- Configuring done
[1.275s] -- Generating done
[1.285s] -- Build files have been written to: /home/cityu/autoware/build/tier4_rtc_msgs
[1.318s] Invoked command in '/home/cityu/autoware/build/tier4_rtc_msgs' returned '0': CMAKE_PREFIX_PATH=/opt/ros/galactic /usr/bin/cmake /home/cityu/autoware/src/universe/external/tier4_autoware_msgs/tier4_rtc_msgs -DCMAKE_BUILD_TYPE=Release -DDOWNLOAD_ARTIFACTS=ON -DAMENT_CMAKE_SYMLINK_INSTALL=1 -DCMAKE_INSTALL_PREFIX=/home/cityu/autoware/install/tier4_rtc_msgs
[1.319s] Invoking command in '/home/cityu/autoware/build/tier4_rtc_msgs': CMAKE_PREFIX_PATH=/opt/ros/galactic /usr/bin/cmake --build /home/cityu/autoware/build/tier4_rtc_msgs -- -j16 -l16
[1.946s] [  1%] Built target tier4_rtc_msgs__cpp
[1.946s] [  2%] [32mBuilding C object CMakeFiles/tier4_rtc_msgs__rosidl_generator_c.dir/rosidl_generator_c/tier4_rtc_msgs/msg/detail/command__functions.c.o[0m
[1.946s] [  3%] [32mBuilding C object CMakeFiles/tier4_rtc_msgs__rosidl_generator_c.dir/rosidl_generator_c/tier4_rtc_msgs/msg/detail/cooperate_command__functions.c.o[0m
[1.946s] [  4%] [32mBuilding C object CMakeFiles/tier4_rtc_msgs__rosidl_generator_c.dir/rosidl_generator_c/tier4_rtc_msgs/msg/detail/cooperate_response__functions.c.o[0m
[1.946s] [  5%] [32mBuilding C object CMakeFiles/tier4_rtc_msgs__rosidl_generator_c.dir/rosidl_generator_c/tier4_rtc_msgs/msg/detail/module__functions.c.o[0m
[1.946s] [  6%] [32mBuilding C object CMakeFiles/tier4_rtc_msgs__rosidl_generator_c.dir/rosidl_generator_c/tier4_rtc_msgs/msg/detail/cooperate_status_array__functions.c.o[0m
[1.947s] [  8%] [32mBuilding C object CMakeFiles/tier4_rtc_msgs__rosidl_generator_c.dir/rosidl_generator_c/tier4_rtc_msgs/msg/detail/cooperate_status__functions.c.o[0m
[1.947s] [  9%] [32mBuilding CXX object CMakeFiles/tier4_rtc_msgs__rosidl_typesupport_cpp.dir/rosidl_typesupport_cpp/tier4_rtc_msgs/msg/cooperate_command__type_support.cpp.o[0m
[1.947s] [ 10%] [32mBuilding C object CMakeFiles/tier4_rtc_msgs__rosidl_generator_c.dir/rosidl_generator_c/tier4_rtc_msgs/srv/detail/auto_mode__functions.c.o[0m
[1.947s] [ 11%] [32mBuilding CXX object CMakeFiles/tier4_rtc_msgs__rosidl_typesupport_cpp.dir/rosidl_typesupport_cpp/tier4_rtc_msgs/msg/command__type_support.cpp.o[0m
[1.947s] [ 12%] [32mBuilding CXX object CMakeFiles/tier4_rtc_msgs__rosidl_typesupport_introspection_cpp.dir/rosidl_typesupport_introspection_cpp/tier4_rtc_msgs/msg/detail/command__type_support.cpp.o[0m
[1.948s] [ 13%] [32mBuilding CXX object CMakeFiles/tier4_rtc_msgs__rosidl_typesupport_fastrtps_cpp.dir/rosidl_typesupport_fastrtps_cpp/tier4_rtc_msgs/msg/detail/dds_fastrtps/cooperate_command__type_support.cpp.o[0m
[1.949s] [ 14%] [32mBuilding CXX object CMakeFiles/tier4_rtc_msgs__rosidl_typesupport_introspection_cpp.dir/rosidl_typesupport_introspection_cpp/tier4_rtc_msgs/msg/detail/cooperate_command__type_support.cpp.o[0m
[1.953s] [ 16%] [32mBuilding CXX object CMakeFiles/tier4_rtc_msgs__rosidl_typesupport_cpp.dir/rosidl_typesupport_cpp/tier4_rtc_msgs/msg/cooperate_response__type_support.cpp.o[0m
[1.954s] [ 17%] [32mBuilding CXX object CMakeFiles/tier4_rtc_msgs__rosidl_typesupport_fastrtps_cpp.dir/rosidl_typesupport_fastrtps_cpp/tier4_rtc_msgs/msg/detail/dds_fastrtps/command__type_support.cpp.o[0m
[1.954s] [ 18%] [32mBuilding CXX object CMakeFiles/tier4_rtc_msgs__rosidl_typesupport_introspection_cpp.dir/rosidl_typesupport_introspection_cpp/tier4_rtc_msgs/msg/detail/cooperate_response__type_support.cpp.o[0m
[1.955s] [ 19%] [32mBuilding CXX object CMakeFiles/tier4_rtc_msgs__rosidl_typesupport_fastrtps_cpp.dir/rosidl_typesupport_fastrtps_cpp/tier4_rtc_msgs/msg/detail/dds_fastrtps/cooperate_response__type_support.cpp.o[0m
[2.044s] [ 20%] [32mBuilding CXX object CMakeFiles/tier4_rtc_msgs__rosidl_typesupport_introspection_cpp.dir/rosidl_typesupport_introspection_cpp/tier4_rtc_msgs/msg/detail/cooperate_status__type_support.cpp.o[0m
[2.183s] [ 21%] [32mBuilding CXX object CMakeFiles/tier4_rtc_msgs__rosidl_typesupport_fastrtps_cpp.dir/rosidl_typesupport_fastrtps_cpp/tier4_rtc_msgs/msg/detail/dds_fastrtps/cooperate_status__type_support.cpp.o[0m
[2.314s] [ 22%] [32mBuilding C object CMakeFiles/tier4_rtc_msgs__rosidl_generator_c.dir/rosidl_generator_c/tier4_rtc_msgs/srv/detail/cooperate_commands__functions.c.o[0m
[2.323s] [ 24%] [32mBuilding CXX object CMakeFiles/tier4_rtc_msgs__rosidl_typesupport_fastrtps_cpp.dir/rosidl_typesupport_fastrtps_cpp/tier4_rtc_msgs/msg/detail/dds_fastrtps/cooperate_status_array__type_support.cpp.o[0m
[2.357s] [ 25%] [32mBuilding CXX object CMakeFiles/tier4_rtc_msgs__rosidl_typesupport_fastrtps_cpp.dir/rosidl_typesupport_fastrtps_cpp/tier4_rtc_msgs/msg/detail/dds_fastrtps/module__type_support.cpp.o[0m
[2.432s] [ 26%] [32mBuilding CXX object CMakeFiles/tier4_rtc_msgs__rosidl_typesupport_introspection_cpp.dir/rosidl_typesupport_introspection_cpp/tier4_rtc_msgs/msg/detail/cooperate_status_array__type_support.cpp.o[0m
[2.666s] [ 27%] [32mBuilding CXX object CMakeFiles/tier4_rtc_msgs__rosidl_typesupport_introspection_cpp.dir/rosidl_typesupport_introspection_cpp/tier4_rtc_msgs/msg/detail/module__type_support.cpp.o[0m
[2.867s] [ 28%] [32mBuilding CXX object CMakeFiles/tier4_rtc_msgs__rosidl_typesupport_cpp.dir/rosidl_typesupport_cpp/tier4_rtc_msgs/msg/cooperate_status__type_support.cpp.o[0m
[3.259s] [ 29%] [32mBuilding CXX object CMakeFiles/tier4_rtc_msgs__rosidl_typesupport_introspection_cpp.dir/rosidl_typesupport_introspection_cpp/tier4_rtc_msgs/srv/detail/auto_mode__type_support.cpp.o[0m
[3.605s] [ 31%] [32m[1mLinking C shared library libtier4_rtc_msgs__rosidl_generator_c.so[0m
[4.082s] [ 32%] Built target tier4_rtc_msgs__rosidl_generator_c
[4.234s] [ 33%] [32mBuilding CXX object CMakeFiles/tier4_rtc_msgs__rosidl_typesupport_introspection_cpp.dir/rosidl_typesupport_introspection_cpp/tier4_rtc_msgs/srv/detail/cooperate_commands__type_support.cpp.o[0m
[4.648s] [ 34%] [32mBuilding CXX object CMakeFiles/tier4_rtc_msgs__rosidl_typesupport_fastrtps_cpp.dir/rosidl_typesupport_fastrtps_cpp/tier4_rtc_msgs/srv/detail/dds_fastrtps/auto_mode__type_support.cpp.o[0m
[4.673s] [ 35%] [32mBuilding CXX object CMakeFiles/tier4_rtc_msgs__rosidl_typesupport_cpp.dir/rosidl_typesupport_cpp/tier4_rtc_msgs/msg/cooperate_status_array__type_support.cpp.o[0m
[4.787s] [ 36%] [32mBuilding CXX object CMakeFiles/tier4_rtc_msgs__rosidl_typesupport_cpp.dir/rosidl_typesupport_cpp/tier4_rtc_msgs/msg/module__type_support.cpp.o[0m
[4.850s] [ 37%] [32mBuilding CXX object CMakeFiles/tier4_rtc_msgs__rosidl_typesupport_fastrtps_cpp.dir/rosidl_typesupport_fastrtps_cpp/tier4_rtc_msgs/srv/detail/dds_fastrtps/cooperate_commands__type_support.cpp.o[0m
[5.008s] [ 39%] [32mBuilding CXX object CMakeFiles/tier4_rtc_msgs__rosidl_typesupport_cpp.dir/rosidl_typesupport_cpp/tier4_rtc_msgs/srv/auto_mode__type_support.cpp.o[0m
[5.935s] [ 40%] [32mBuilding C object CMakeFiles/tier4_rtc_msgs__rosidl_typesupport_introspection_c.dir/rosidl_typesupport_introspection_c/tier4_rtc_msgs/msg/detail/command__type_support.c.o[0m
[5.962s] [ 41%] [32mBuilding CXX object CMakeFiles/tier4_rtc_msgs__rosidl_typesupport_c.dir/rosidl_typesupport_c/tier4_rtc_msgs/msg/command__type_support.cpp.o[0m
[6.143s] [ 42%] [32mBuilding CXX object CMakeFiles/tier4_rtc_msgs__rosidl_typesupport_c.dir/rosidl_typesupport_c/tier4_rtc_msgs/msg/cooperate_command__type_support.cpp.o[0m
[6.149s] [ 43%] [32mBuilding CXX object CMakeFiles/tier4_rtc_msgs__rosidl_typesupport_cpp.dir/rosidl_typesupport_cpp/tier4_rtc_msgs/srv/cooperate_commands__type_support.cpp.o[0m
[6.239s] [ 44%] [32mBuilding CXX object CMakeFiles/tier4_rtc_msgs__rosidl_typesupport_c.dir/rosidl_typesupport_c/tier4_rtc_msgs/msg/cooperate_response__type_support.cpp.o[0m
[6.306s] [ 45%] [32mBuilding CXX object CMakeFiles/tier4_rtc_msgs__rosidl_typesupport_c.dir/rosidl_typesupport_c/tier4_rtc_msgs/msg/cooperate_status__type_support.cpp.o[0m
[6.344s] [ 47%] [32mBuilding C object CMakeFiles/tier4_rtc_msgs__rosidl_typesupport_introspection_c.dir/rosidl_typesupport_introspection_c/tier4_rtc_msgs/msg/detail/cooperate_command__type_support.c.o[0m
[6.544s] [ 48%] [32mBuilding C object CMakeFiles/tier4_rtc_msgs__rosidl_typesupport_introspection_c.dir/rosidl_typesupport_introspection_c/tier4_rtc_msgs/msg/detail/cooperate_response__type_support.c.o[0m
[6.558s] [ 49%] [32mBuilding CXX object CMakeFiles/tier4_rtc_msgs__rosidl_typesupport_c.dir/rosidl_typesupport_c/tier4_rtc_msgs/msg/cooperate_status_array__type_support.cpp.o[0m
[6.567s] [ 50%] [32mBuilding CXX object CMakeFiles/tier4_rtc_msgs__rosidl_typesupport_c.dir/rosidl_typesupport_c/tier4_rtc_msgs/msg/module__type_support.cpp.o[0m
[6.678s] [ 51%] [32mBuilding C object CMakeFiles/tier4_rtc_msgs__rosidl_typesupport_introspection_c.dir/rosidl_typesupport_introspection_c/tier4_rtc_msgs/msg/detail/cooperate_status__type_support.c.o[0m
[6.721s] [ 52%] [32mBuilding C object CMakeFiles/tier4_rtc_msgs__rosidl_typesupport_introspection_c.dir/rosidl_typesupport_introspection_c/tier4_rtc_msgs/msg/detail/cooperate_status_array__type_support.c.o[0m
[6.771s] [ 54%] [32mBuilding CXX object CMakeFiles/tier4_rtc_msgs__rosidl_typesupport_c.dir/rosidl_typesupport_c/tier4_rtc_msgs/srv/auto_mode__type_support.cpp.o[0m
[6.882s] [ 55%] [32mBuilding CXX object CMakeFiles/tier4_rtc_msgs__rosidl_typesupport_c.dir/rosidl_typesupport_c/tier4_rtc_msgs/srv/cooperate_commands__type_support.cpp.o[0m
[6.924s] [ 56%] [32mBuilding C object CMakeFiles/tier4_rtc_msgs__rosidl_typesupport_introspection_c.dir/rosidl_typesupport_introspection_c/tier4_rtc_msgs/msg/detail/module__type_support.c.o[0m
[7.006s] [ 57%] [32mBuilding C object CMakeFiles/tier4_rtc_msgs__rosidl_typesupport_introspection_c.dir/rosidl_typesupport_introspection_c/tier4_rtc_msgs/srv/detail/cooperate_commands__type_support.c.o[0m
[7.007s] [ 58%] [32mBuilding C object CMakeFiles/tier4_rtc_msgs__rosidl_typesupport_introspection_c.dir/rosidl_typesupport_introspection_c/tier4_rtc_msgs/srv/detail/auto_mode__type_support.c.o[0m
[7.262s] [ 59%] [32m[1mLinking CXX shared library libtier4_rtc_msgs__rosidl_typesupport_c.so[0m
[7.473s] [ 60%] [32m[1mLinking C shared library libtier4_rtc_msgs__rosidl_typesupport_introspection_c.so[0m
[7.697s] [ 62%] Built target tier4_rtc_msgs__rosidl_typesupport_c
[7.714s] [ 63%] Built target tier4_rtc_msgs__rosidl_typesupport_introspection_c
[7.969s] [ 64%] [32m[1mLinking CXX shared library libtier4_rtc_msgs__rosidl_typesupport_introspection_cpp.so[0m
[8.843s] [ 65%] Built target tier4_rtc_msgs__rosidl_typesupport_introspection_cpp
[9.010s] [ 66%] [32m[1mLinking CXX shared library libtier4_rtc_msgs__rosidl_typesupport_cpp.so[0m
[9.219s] [ 67%] Built target tier4_rtc_msgs__rosidl_typesupport_cpp
[9.482s] [ 68%] [32m[1mLinking CXX shared library libtier4_rtc_msgs__rosidl_typesupport_fastrtps_cpp.so[0m
[9.884s] [ 70%] Built target tier4_rtc_msgs__rosidl_typesupport_fastrtps_cpp
[9.974s] [ 71%] [32mBuilding CXX object CMakeFiles/tier4_rtc_msgs__rosidl_typesupport_fastrtps_c.dir/rosidl_typesupport_fastrtps_c/tier4_rtc_msgs/msg/detail/command__type_support_c.cpp.o[0m
[10.544s] [ 72%] [32mBuilding CXX object CMakeFiles/tier4_rtc_msgs__rosidl_typesupport_fastrtps_c.dir/rosidl_typesupport_fastrtps_c/tier4_rtc_msgs/srv/detail/cooperate_commands__type_support_c.cpp.o[0m
[11.168s] [ 73%] [32mBuilding CXX object CMakeFiles/tier4_rtc_msgs__rosidl_typesupport_fastrtps_c.dir/rosidl_typesupport_fastrtps_c/tier4_rtc_msgs/srv/detail/auto_mode__type_support_c.cpp.o[0m
[11.777s] [ 74%] [32mBuilding CXX object CMakeFiles/tier4_rtc_msgs__rosidl_typesupport_fastrtps_c.dir/rosidl_typesupport_fastrtps_c/tier4_rtc_msgs/msg/detail/module__type_support_c.cpp.o[0m
[12.276s] [ 75%] [32mBuilding CXX object CMakeFiles/tier4_rtc_msgs__rosidl_typesupport_fastrtps_c.dir/rosidl_typesupport_fastrtps_c/tier4_rtc_msgs/msg/detail/cooperate_status_array__type_support_c.cpp.o[0m
[12.912s] [ 77%] [32mBuilding CXX object CMakeFiles/tier4_rtc_msgs__rosidl_typesupport_fastrtps_c.dir/rosidl_typesupport_fastrtps_c/tier4_rtc_msgs/msg/detail/cooperate_status__type_support_c.cpp.o[0m
[13.517s] [ 78%] [32mBuilding CXX object CMakeFiles/tier4_rtc_msgs__rosidl_typesupport_fastrtps_c.dir/rosidl_typesupport_fastrtps_c/tier4_rtc_msgs/msg/detail/cooperate_response__type_support_c.cpp.o[0m
[14.093s] [ 79%] [32mBuilding CXX object CMakeFiles/tier4_rtc_msgs__rosidl_typesupport_fastrtps_c.dir/rosidl_typesupport_fastrtps_c/tier4_rtc_msgs/msg/detail/cooperate_command__type_support_c.cpp.o[0m
[14.693s] [ 80%] [32m[1mLinking CXX shared library libtier4_rtc_msgs__rosidl_typesupport_fastrtps_c.so[0m
[14.934s] [ 81%] Built target tier4_rtc_msgs__rosidl_typesupport_fastrtps_c
[14.971s] [ 81%] Built target tier4_rtc_msgs
[15.014s] [ 82%] Built target tier4_rtc_msgs__py
[15.069s] [ 83%] [32mBuilding C object CMakeFiles/tier4_rtc_msgs__python.dir/rosidl_generator_py/tier4_rtc_msgs/msg/_command_s.c.o[0m
[15.273s] [ 85%] [32mBuilding C object CMakeFiles/tier4_rtc_msgs__python.dir/rosidl_generator_py/tier4_rtc_msgs/srv/_cooperate_commands_s.c.o[0m
[15.569s] [ 86%] [32mBuilding C object CMakeFiles/tier4_rtc_msgs__python.dir/rosidl_generator_py/tier4_rtc_msgs/srv/_auto_mode_s.c.o[0m
[15.789s] [ 87%] [32mBuilding C object CMakeFiles/tier4_rtc_msgs__python.dir/rosidl_generator_py/tier4_rtc_msgs/msg/_module_s.c.o[0m
[15.989s] [ 88%] [32mBuilding C object CMakeFiles/tier4_rtc_msgs__python.dir/rosidl_generator_py/tier4_rtc_msgs/msg/_cooperate_status_array_s.c.o[0m
[16.221s] [ 89%] [32mBuilding C object CMakeFiles/tier4_rtc_msgs__python.dir/rosidl_generator_py/tier4_rtc_msgs/msg/_cooperate_status_s.c.o[0m
[16.439s] [ 90%] [32mBuilding C object CMakeFiles/tier4_rtc_msgs__python.dir/rosidl_generator_py/tier4_rtc_msgs/msg/_cooperate_response_s.c.o[0m
[16.622s] [ 91%] [32mBuilding C object CMakeFiles/tier4_rtc_msgs__python.dir/rosidl_generator_py/tier4_rtc_msgs/msg/_cooperate_command_s.c.o[0m
[16.816s] [ 93%] [32m[1mLinking C shared library rosidl_generator_py/tier4_rtc_msgs/libtier4_rtc_msgs__python.so[0m
[16.888s] [ 93%] Built target tier4_rtc_msgs__python
[16.922s] [ 94%] [32mBuilding C object CMakeFiles/tier4_rtc_msgs__rosidl_typesupport_c__pyext.dir/rosidl_generator_py/tier4_rtc_msgs/_tier4_rtc_msgs_s.ep.rosidl_typesupport_c.c.o[0m
[17.259s] [ 95%] [32m[1mLinking C shared library rosidl_generator_py/tier4_rtc_msgs/tier4_rtc_msgs_s__rosidl_typesupport_c.cpython-38-x86_64-linux-gnu.so[0m
[17.310s] [ 95%] Built target tier4_rtc_msgs__rosidl_typesupport_c__pyext
[17.343s] [ 96%] [32mBuilding C object CMakeFiles/tier4_rtc_msgs__rosidl_typesupport_fastrtps_c__pyext.dir/rosidl_generator_py/tier4_rtc_msgs/_tier4_rtc_msgs_s.ep.rosidl_typesupport_fastrtps_c.c.o[0m
[17.703s] [ 97%] [32m[1mLinking CXX shared library rosidl_generator_py/tier4_rtc_msgs/tier4_rtc_msgs_s__rosidl_typesupport_fastrtps_c.cpython-38-x86_64-linux-gnu.so[0m
[17.812s] [ 97%] Built target tier4_rtc_msgs__rosidl_typesupport_fastrtps_c__pyext
[17.851s] [ 98%] [32mBuilding C object CMakeFiles/tier4_rtc_msgs__rosidl_typesupport_introspection_c__pyext.dir/rosidl_generator_py/tier4_rtc_msgs/_tier4_rtc_msgs_s.ep.rosidl_typesupport_introspection_c.c.o[0m
[18.210s] [100%] [32m[1mLinking C shared library rosidl_generator_py/tier4_rtc_msgs/tier4_rtc_msgs_s__rosidl_typesupport_introspection_c.cpython-38-x86_64-linux-gnu.so[0m
[18.293s] [100%] Built target tier4_rtc_msgs__rosidl_typesupport_introspection_c__pyext
[18.319s] Invoked command in '/home/cityu/autoware/build/tier4_rtc_msgs' returned '0': CMAKE_PREFIX_PATH=/opt/ros/galactic /usr/bin/cmake --build /home/cityu/autoware/build/tier4_rtc_msgs -- -j16 -l16
[18.552s] Invoking command in '/home/cityu/autoware/build/tier4_rtc_msgs': CMAKE_PREFIX_PATH=/opt/ros/galactic /usr/bin/cmake --install /home/cityu/autoware/build/tier4_rtc_msgs
[19.619s] -- Install configuration: "Release"
[19.627s] -- Execute custom install script
[19.627s] -- Up-to-date symlink: /home/cityu/autoware/install/tier4_rtc_msgs/share/ament_index/resource_index/rosidl_interfaces/tier4_rtc_msgs
[19.627s] -- Up-to-date symlink: /home/cityu/autoware/install/tier4_rtc_msgs/include/tier4_rtc_msgs/msg/command.h
[19.627s] -- Up-to-date symlink: /home/cityu/autoware/install/tier4_rtc_msgs/include/tier4_rtc_msgs/msg/cooperate_command.h
[19.627s] -- Up-to-date symlink: /home/cityu/autoware/install/tier4_rtc_msgs/include/tier4_rtc_msgs/msg/cooperate_response.h
[19.628s] -- Up-to-date symlink: /home/cityu/autoware/install/tier4_rtc_msgs/include/tier4_rtc_msgs/msg/cooperate_status.h
[19.633s] -- Up-to-date symlink: /home/cityu/autoware/install/tier4_rtc_msgs/include/tier4_rtc_msgs/msg/cooperate_status_array.h
[19.633s] -- Up-to-date symlink: /home/cityu/autoware/install/tier4_rtc_msgs/include/tier4_rtc_msgs/msg/detail/command__functions.h
[19.633s] -- Up-to-date symlink: /home/cityu/autoware/install/tier4_rtc_msgs/include/tier4_rtc_msgs/msg/detail/command__struct.h
[19.633s] -- Up-to-date symlink: /home/cityu/autoware/install/tier4_rtc_msgs/include/tier4_rtc_msgs/msg/detail/command__type_support.h
[19.633s] -- Up-to-date symlink: /home/cityu/autoware/install/tier4_rtc_msgs/include/tier4_rtc_msgs/msg/detail/cooperate_command__functions.h
[19.633s] -- Up-to-date symlink: /home/cityu/autoware/install/tier4_rtc_msgs/include/tier4_rtc_msgs/msg/detail/cooperate_command__struct.h
[19.633s] -- Up-to-date symlink: /home/cityu/autoware/install/tier4_rtc_msgs/include/tier4_rtc_msgs/msg/detail/cooperate_command__type_support.h
[19.634s] -- Up-to-date symlink: /home/cityu/autoware/install/tier4_rtc_msgs/include/tier4_rtc_msgs/msg/detail/cooperate_response__functions.h
[19.634s] -- Up-to-date symlink: /home/cityu/autoware/install/tier4_rtc_msgs/include/tier4_rtc_msgs/msg/detail/cooperate_response__struct.h
[19.634s] -- Up-to-date symlink: /home/cityu/autoware/install/tier4_rtc_msgs/include/tier4_rtc_msgs/msg/detail/cooperate_response__type_support.h
[19.634s] -- Up-to-date symlink: /home/cityu/autoware/install/tier4_rtc_msgs/include/tier4_rtc_msgs/msg/detail/cooperate_status__functions.h
[19.634s] -- Up-to-date symlink: /home/cityu/autoware/install/tier4_rtc_msgs/include/tier4_rtc_msgs/msg/detail/cooperate_status__struct.h
[19.634s] -- Up-to-date symlink: /home/cityu/autoware/install/tier4_rtc_msgs/include/tier4_rtc_msgs/msg/detail/cooperate_status__type_support.h
[19.634s] -- Up-to-date symlink: /home/cityu/autoware/install/tier4_rtc_msgs/include/tier4_rtc_msgs/msg/detail/cooperate_status_array__functions.h
[19.634s] -- Up-to-date symlink: /home/cityu/autoware/install/tier4_rtc_msgs/include/tier4_rtc_msgs/msg/detail/cooperate_status_array__struct.h
[19.635s] -- Up-to-date symlink: /home/cityu/autoware/install/tier4_rtc_msgs/include/tier4_rtc_msgs/msg/detail/cooperate_status_array__type_support.h
[19.635s] -- Up-to-date symlink: /home/cityu/autoware/install/tier4_rtc_msgs/include/tier4_rtc_msgs/msg/detail/module__functions.h
[19.635s] -- Up-to-date symlink: /home/cityu/autoware/install/tier4_rtc_msgs/include/tier4_rtc_msgs/msg/detail/module__struct.h
[19.635s] -- Up-to-date symlink: /home/cityu/autoware/install/tier4_rtc_msgs/include/tier4_rtc_msgs/msg/detail/module__type_support.h
[19.635s] -- Up-to-date symlink: /home/cityu/autoware/install/tier4_rtc_msgs/include/tier4_rtc_msgs/msg/module.h
[19.635s] -- Up-to-date symlink: /home/cityu/autoware/install/tier4_rtc_msgs/include/tier4_rtc_msgs/msg/rosidl_generator_c__visibility_control.h
[19.635s] -- Up-to-date symlink: /home/cityu/autoware/install/tier4_rtc_msgs/include/tier4_rtc_msgs/srv/auto_mode.h
[19.635s] -- Up-to-date symlink: /home/cityu/autoware/install/tier4_rtc_msgs/include/tier4_rtc_msgs/srv/cooperate_commands.h
[19.635s] -- Up-to-date symlink: /home/cityu/autoware/install/tier4_rtc_msgs/include/tier4_rtc_msgs/srv/detail/auto_mode__functions.h
[19.636s] -- Up-to-date symlink: /home/cityu/autoware/install/tier4_rtc_msgs/include/tier4_rtc_msgs/srv/detail/auto_mode__struct.h
[19.636s] -- Up-to-date symlink: /home/cityu/autoware/install/tier4_rtc_msgs/include/tier4_rtc_msgs/srv/detail/auto_mode__type_support.h
[19.636s] -- Up-to-date symlink: /home/cityu/autoware/install/tier4_rtc_msgs/include/tier4_rtc_msgs/srv/detail/cooperate_commands__functions.h
[19.636s] -- Up-to-date symlink: /home/cityu/autoware/install/tier4_rtc_msgs/include/tier4_rtc_msgs/srv/detail/cooperate_commands__struct.h
[19.636s] -- Up-to-date symlink: /home/cityu/autoware/install/tier4_rtc_msgs/include/tier4_rtc_msgs/srv/detail/cooperate_commands__type_support.h
[19.636s] -- Up-to-date symlink: /home/cityu/autoware/install/tier4_rtc_msgs/share/tier4_rtc_msgs/environment/library_path.sh
[19.636s] -- Up-to-date symlink: /home/cityu/autoware/install/tier4_rtc_msgs/share/tier4_rtc_msgs/environment/library_path.dsv
[19.637s] -- Up-to-date symlink: /home/cityu/autoware/install/tier4_rtc_msgs/include/tier4_rtc_msgs/msg/detail/command__rosidl_typesupport_fastrtps_c.h
[19.637s] -- Up-to-date symlink: /home/cityu/autoware/install/tier4_rtc_msgs/include/tier4_rtc_msgs/msg/detail/cooperate_command__rosidl_typesupport_fastrtps_c.h
[19.637s] -- Up-to-date symlink: /home/cityu/autoware/install/tier4_rtc_msgs/include/tier4_rtc_msgs/msg/detail/cooperate_response__rosidl_typesupport_fastrtps_c.h
[19.637s] -- Up-to-date symlink: /home/cityu/autoware/install/tier4_rtc_msgs/include/tier4_rtc_msgs/msg/detail/cooperate_status__rosidl_typesupport_fastrtps_c.h
[19.637s] -- Up-to-date symlink: /home/cityu/autoware/install/tier4_rtc_msgs/include/tier4_rtc_msgs/msg/detail/cooperate_status_array__rosidl_typesupport_fastrtps_c.h
[19.637s] -- Up-to-date symlink: /home/cityu/autoware/install/tier4_rtc_msgs/include/tier4_rtc_msgs/msg/detail/module__rosidl_typesupport_fastrtps_c.h
[19.637s] -- Up-to-date symlink: /home/cityu/autoware/install/tier4_rtc_msgs/include/tier4_rtc_msgs/msg/rosidl_typesupport_fastrtps_c__visibility_control.h
[19.639s] -- Up-to-date symlink: /home/cityu/autoware/install/tier4_rtc_msgs/include/tier4_rtc_msgs/srv/detail/auto_mode__rosidl_typesupport_fastrtps_c.h
[19.639s] -- Up-to-date symlink: /home/cityu/autoware/install/tier4_rtc_msgs/include/tier4_rtc_msgs/srv/detail/cooperate_commands__rosidl_typesupport_fastrtps_c.h
[19.640s] -- Up-to-date symlink: /home/cityu/autoware/install/tier4_rtc_msgs/lib/libtier4_rtc_msgs__rosidl_typesupport_fastrtps_c.so
[19.640s] -- Up-to-date symlink: /home/cityu/autoware/install/tier4_rtc_msgs/include/tier4_rtc_msgs/msg/detail/command__rosidl_typesupport_fastrtps_cpp.hpp
[19.640s] -- Up-to-date symlink: /home/cityu/autoware/install/tier4_rtc_msgs/include/tier4_rtc_msgs/msg/detail/cooperate_command__rosidl_typesupport_fastrtps_cpp.hpp
[19.640s] -- Up-to-date symlink: /home/cityu/autoware/install/tier4_rtc_msgs/include/tier4_rtc_msgs/msg/detail/cooperate_response__rosidl_typesupport_fastrtps_cpp.hpp
[19.640s] -- Up-to-date symlink: /home/cityu/autoware/install/tier4_rtc_msgs/include/tier4_rtc_msgs/msg/detail/cooperate_status__rosidl_typesupport_fastrtps_cpp.hpp
[19.640s] -- Up-to-date symlink: /home/cityu/autoware/install/tier4_rtc_msgs/include/tier4_rtc_msgs/msg/detail/cooperate_status_array__rosidl_typesupport_fastrtps_cpp.hpp
[19.641s] -- Up-to-date symlink: /home/cityu/autoware/install/tier4_rtc_msgs/include/tier4_rtc_msgs/msg/detail/module__rosidl_typesupport_fastrtps_cpp.hpp
[19.641s] -- Up-to-date symlink: /home/cityu/autoware/install/tier4_rtc_msgs/include/tier4_rtc_msgs/msg/rosidl_typesupport_fastrtps_cpp__visibility_control.h
[19.641s] -- Up-to-date symlink: /home/cityu/autoware/install/tier4_rtc_msgs/include/tier4_rtc_msgs/srv/detail/auto_mode__rosidl_typesupport_fastrtps_cpp.hpp
[19.641s] -- Up-to-date symlink: /home/cityu/autoware/install/tier4_rtc_msgs/include/tier4_rtc_msgs/srv/detail/cooperate_commands__rosidl_typesupport_fastrtps_cpp.hpp
[19.641s] -- Up-to-date symlink: /home/cityu/autoware/install/tier4_rtc_msgs/lib/libtier4_rtc_msgs__rosidl_typesupport_fastrtps_cpp.so
[19.641s] -- Up-to-date symlink: /home/cityu/autoware/install/tier4_rtc_msgs/include/tier4_rtc_msgs/msg/detail/command__rosidl_typesupport_introspection_c.h
[19.641s] -- Up-to-date symlink: /home/cityu/autoware/install/tier4_rtc_msgs/include/tier4_rtc_msgs/msg/detail/cooperate_command__rosidl_typesupport_introspection_c.h
[19.641s] -- Up-to-date symlink: /home/cityu/autoware/install/tier4_rtc_msgs/include/tier4_rtc_msgs/msg/detail/cooperate_response__rosidl_typesupport_introspection_c.h
[19.641s] -- Up-to-date symlink: /home/cityu/autoware/install/tier4_rtc_msgs/include/tier4_rtc_msgs/msg/detail/cooperate_status__rosidl_typesupport_introspection_c.h
[19.642s] -- Up-to-date symlink: /home/cityu/autoware/install/tier4_rtc_msgs/include/tier4_rtc_msgs/msg/detail/cooperate_status_array__rosidl_typesupport_introspection_c.h
[19.642s] -- Up-to-date symlink: /home/cityu/autoware/install/tier4_rtc_msgs/include/tier4_rtc_msgs/msg/detail/module__rosidl_typesupport_introspection_c.h
[19.645s] -- Up-to-date symlink: /home/cityu/autoware/install/tier4_rtc_msgs/include/tier4_rtc_msgs/msg/rosidl_typesupport_introspection_c__visibility_control.h
[19.645s] -- Up-to-date symlink: /home/cityu/autoware/install/tier4_rtc_msgs/include/tier4_rtc_msgs/srv/detail/auto_mode__rosidl_typesupport_introspection_c.h
[19.645s] -- Up-to-date symlink: /home/cityu/autoware/install/tier4_rtc_msgs/include/tier4_rtc_msgs/srv/detail/cooperate_commands__rosidl_typesupport_introspection_c.h
[19.645s] -- Up-to-date symlink: /home/cityu/autoware/install/tier4_rtc_msgs/include/tier4_rtc_msgs/msg/command.hpp
[19.646s] -- Up-to-date symlink: /home/cityu/autoware/install/tier4_rtc_msgs/include/tier4_rtc_msgs/msg/cooperate_command.hpp
[19.646s] -- Up-to-date symlink: /home/cityu/autoware/install/tier4_rtc_msgs/include/tier4_rtc_msgs/msg/cooperate_response.hpp
[19.646s] -- Up-to-date symlink: /home/cityu/autoware/install/tier4_rtc_msgs/include/tier4_rtc_msgs/msg/cooperate_status.hpp
[19.646s] -- Up-to-date symlink: /home/cityu/autoware/install/tier4_rtc_msgs/include/tier4_rtc_msgs/msg/cooperate_status_array.hpp
[19.646s] -- Up-to-date symlink: /home/cityu/autoware/install/tier4_rtc_msgs/include/tier4_rtc_msgs/msg/detail/command__builder.hpp
[19.646s] -- Up-to-date symlink: /home/cityu/autoware/install/tier4_rtc_msgs/include/tier4_rtc_msgs/msg/detail/command__struct.hpp
[19.646s] -- Up-to-date symlink: /home/cityu/autoware/install/tier4_rtc_msgs/include/tier4_rtc_msgs/msg/detail/command__traits.hpp
[19.646s] -- Up-to-date symlink: /home/cityu/autoware/install/tier4_rtc_msgs/include/tier4_rtc_msgs/msg/detail/cooperate_command__builder.hpp
[19.647s] -- Up-to-date symlink: /home/cityu/autoware/install/tier4_rtc_msgs/include/tier4_rtc_msgs/msg/detail/cooperate_command__struct.hpp
[19.647s] -- Up-to-date symlink: /home/cityu/autoware/install/tier4_rtc_msgs/include/tier4_rtc_msgs/msg/detail/cooperate_command__traits.hpp
[19.647s] -- Up-to-date symlink: /home/cityu/autoware/install/tier4_rtc_msgs/include/tier4_rtc_msgs/msg/detail/cooperate_response__builder.hpp
[19.647s] -- Up-to-date symlink: /home/cityu/autoware/install/tier4_rtc_msgs/include/tier4_rtc_msgs/msg/detail/cooperate_response__struct.hpp
[19.647s] -- Up-to-date symlink: /home/cityu/autoware/install/tier4_rtc_msgs/include/tier4_rtc_msgs/msg/detail/cooperate_response__traits.hpp
[19.647s] -- Up-to-date symlink: /home/cityu/autoware/install/tier4_rtc_msgs/include/tier4_rtc_msgs/msg/detail/cooperate_status__builder.hpp
[19.648s] -- Up-to-date symlink: /home/cityu/autoware/install/tier4_rtc_msgs/include/tier4_rtc_msgs/msg/detail/cooperate_status__struct.hpp
[19.648s] -- Up-to-date symlink: /home/cityu/autoware/install/tier4_rtc_msgs/include/tier4_rtc_msgs/msg/detail/cooperate_status__traits.hpp
[19.648s] -- Up-to-date symlink: /home/cityu/autoware/install/tier4_rtc_msgs/include/tier4_rtc_msgs/msg/detail/cooperate_status_array__builder.hpp
[19.649s] -- Up-to-date symlink: /home/cityu/autoware/install/tier4_rtc_msgs/include/tier4_rtc_msgs/msg/detail/cooperate_status_array__struct.hpp
[19.649s] -- Up-to-date symlink: /home/cityu/autoware/install/tier4_rtc_msgs/include/tier4_rtc_msgs/msg/detail/cooperate_status_array__traits.hpp
[19.649s] -- Up-to-date symlink: /home/cityu/autoware/install/tier4_rtc_msgs/include/tier4_rtc_msgs/msg/detail/module__builder.hpp
[19.649s] -- Up-to-date symlink: /home/cityu/autoware/install/tier4_rtc_msgs/include/tier4_rtc_msgs/msg/detail/module__struct.hpp
[19.650s] -- Up-to-date symlink: /home/cityu/autoware/install/tier4_rtc_msgs/include/tier4_rtc_msgs/msg/detail/module__traits.hpp
[19.650s] -- Up-to-date symlink: /home/cityu/autoware/install/tier4_rtc_msgs/include/tier4_rtc_msgs/msg/module.hpp
[19.650s] -- Up-to-date symlink: /home/cityu/autoware/install/tier4_rtc_msgs/include/tier4_rtc_msgs/srv/auto_mode.hpp
[19.650s] -- Up-to-date symlink: /home/cityu/autoware/install/tier4_rtc_msgs/include/tier4_rtc_msgs/srv/cooperate_commands.hpp
[19.650s] -- Up-to-date symlink: /home/cityu/autoware/install/tier4_rtc_msgs/include/tier4_rtc_msgs/srv/detail/auto_mode__builder.hpp
[19.650s] -- Up-to-date symlink: /home/cityu/autoware/install/tier4_rtc_msgs/include/tier4_rtc_msgs/srv/detail/auto_mode__struct.hpp
[19.650s] -- Up-to-date symlink: /home/cityu/autoware/install/tier4_rtc_msgs/include/tier4_rtc_msgs/srv/detail/auto_mode__traits.hpp
[19.651s] -- Up-to-date symlink: /home/cityu/autoware/install/tier4_rtc_msgs/include/tier4_rtc_msgs/srv/detail/cooperate_commands__builder.hpp
[19.651s] -- Up-to-date symlink: /home/cityu/autoware/install/tier4_rtc_msgs/include/tier4_rtc_msgs/srv/detail/cooperate_commands__struct.hpp
[19.651s] -- Up-to-date symlink: /home/cityu/autoware/install/tier4_rtc_msgs/include/tier4_rtc_msgs/srv/detail/cooperate_commands__traits.hpp
[19.651s] -- Up-to-date symlink: /home/cityu/autoware/install/tier4_rtc_msgs/include/tier4_rtc_msgs/msg/detail/command__rosidl_typesupport_introspection_cpp.hpp
[19.651s] -- Up-to-date symlink: /home/cityu/autoware/install/tier4_rtc_msgs/include/tier4_rtc_msgs/msg/detail/cooperate_command__rosidl_typesupport_introspection_cpp.hpp
[19.651s] -- Up-to-date symlink: /home/cityu/autoware/install/tier4_rtc_msgs/include/tier4_rtc_msgs/msg/detail/cooperate_response__rosidl_typesupport_introspection_cpp.hpp
[19.652s] -- Up-to-date symlink: /home/cityu/autoware/install/tier4_rtc_msgs/include/tier4_rtc_msgs/msg/detail/cooperate_status__rosidl_typesupport_introspection_cpp.hpp
[19.652s] -- Up-to-date symlink: /home/cityu/autoware/install/tier4_rtc_msgs/include/tier4_rtc_msgs/msg/detail/cooperate_status_array__rosidl_typesupport_introspection_cpp.hpp
[19.656s] -- Up-to-date symlink: /home/cityu/autoware/install/tier4_rtc_msgs/include/tier4_rtc_msgs/msg/detail/module__rosidl_typesupport_introspection_cpp.hpp
[19.656s] -- Up-to-date symlink: /home/cityu/autoware/install/tier4_rtc_msgs/include/tier4_rtc_msgs/srv/detail/auto_mode__rosidl_typesupport_introspection_cpp.hpp
[19.656s] -- Up-to-date symlink: /home/cityu/autoware/install/tier4_rtc_msgs/include/tier4_rtc_msgs/srv/detail/cooperate_commands__rosidl_typesupport_introspection_cpp.hpp
[19.656s] -- Up-to-date symlink: /home/cityu/autoware/install/tier4_rtc_msgs/share/tier4_rtc_msgs/environment/pythonpath.sh
[19.656s] -- Up-to-date symlink: /home/cityu/autoware/install/tier4_rtc_msgs/share/tier4_rtc_msgs/environment/pythonpath.dsv
[19.656s] -- Up-to-date symlink: /home/cityu/autoware/install/tier4_rtc_msgs/lib/python3.8/site-packages/tier4_rtc_msgs/__init__.py
[19.657s] -- Up-to-date symlink: /home/cityu/autoware/install/tier4_rtc_msgs/lib/python3.8/site-packages/tier4_rtc_msgs/msg/__init__.py
[19.657s] -- Up-to-date symlink: /home/cityu/autoware/install/tier4_rtc_msgs/lib/python3.8/site-packages/tier4_rtc_msgs/msg/_command.py
[19.657s] -- Up-to-date symlink: /home/cityu/autoware/install/tier4_rtc_msgs/lib/python3.8/site-packages/tier4_rtc_msgs/msg/_cooperate_command.py
[19.657s] -- Up-to-date symlink: /home/cityu/autoware/install/tier4_rtc_msgs/lib/python3.8/site-packages/tier4_rtc_msgs/msg/_cooperate_response.py
[19.657s] -- Up-to-date symlink: /home/cityu/autoware/install/tier4_rtc_msgs/lib/python3.8/site-packages/tier4_rtc_msgs/msg/_cooperate_status.py
[19.657s] -- Up-to-date symlink: /home/cityu/autoware/install/tier4_rtc_msgs/lib/python3.8/site-packages/tier4_rtc_msgs/msg/_cooperate_status_array.py
[19.657s] -- Up-to-date symlink: /home/cityu/autoware/install/tier4_rtc_msgs/lib/python3.8/site-packages/tier4_rtc_msgs/msg/_module.py
[19.657s] -- Up-to-date symlink: /home/cityu/autoware/install/tier4_rtc_msgs/lib/python3.8/site-packages/tier4_rtc_msgs/srv/__init__.py
[19.657s] -- Up-to-date symlink: /home/cityu/autoware/install/tier4_rtc_msgs/lib/python3.8/site-packages/tier4_rtc_msgs/srv/_auto_mode.py
[19.657s] -- Up-to-date symlink: /home/cityu/autoware/install/tier4_rtc_msgs/lib/python3.8/site-packages/tier4_rtc_msgs/srv/_cooperate_commands.py
[19.658s] -- Up-to-date symlink: /home/cityu/autoware/install/tier4_rtc_msgs/lib/python3.8/site-packages/tier4_rtc_msgs/tier4_rtc_msgs_s__rosidl_typesupport_fastrtps_c.cpython-38-x86_64-linux-gnu.so
[19.658s] -- Up-to-date symlink: /home/cityu/autoware/install/tier4_rtc_msgs/lib/python3.8/site-packages/tier4_rtc_msgs/tier4_rtc_msgs_s__rosidl_typesupport_introspection_c.cpython-38-x86_64-linux-gnu.so
[19.658s] -- Up-to-date symlink: /home/cityu/autoware/install/tier4_rtc_msgs/lib/python3.8/site-packages/tier4_rtc_msgs/tier4_rtc_msgs_s__rosidl_typesupport_c.cpython-38-x86_64-linux-gnu.so
[19.658s] -- Up-to-date symlink: /home/cityu/autoware/install/tier4_rtc_msgs/lib/libtier4_rtc_msgs__python.so
[19.658s] -- Up-to-date symlink: /home/cityu/autoware/install/tier4_rtc_msgs/share/tier4_rtc_msgs/msg/Command.idl
[19.658s] -- Up-to-date symlink: /home/cityu/autoware/install/tier4_rtc_msgs/share/tier4_rtc_msgs/msg/CooperateCommand.idl
[19.659s] -- Up-to-date symlink: /home/cityu/autoware/install/tier4_rtc_msgs/share/tier4_rtc_msgs/msg/CooperateResponse.idl
[19.659s] -- Up-to-date symlink: /home/cityu/autoware/install/tier4_rtc_msgs/share/tier4_rtc_msgs/msg/CooperateStatus.idl
[19.659s] -- Up-to-date symlink: /home/cityu/autoware/install/tier4_rtc_msgs/share/tier4_rtc_msgs/msg/CooperateStatusArray.idl
[19.659s] -- Up-to-date symlink: /home/cityu/autoware/install/tier4_rtc_msgs/share/tier4_rtc_msgs/msg/Module.idl
[19.665s] -- Up-to-date symlink: /home/cityu/autoware/install/tier4_rtc_msgs/share/tier4_rtc_msgs/srv/AutoMode.idl
[19.666s] -- Up-to-date symlink: /home/cityu/autoware/install/tier4_rtc_msgs/share/tier4_rtc_msgs/srv/CooperateCommands.idl
[19.666s] -- Up-to-date symlink: /home/cityu/autoware/install/tier4_rtc_msgs/share/tier4_rtc_msgs/msg/Command.msg
[19.666s] -- Up-to-date symlink: /home/cityu/autoware/install/tier4_rtc_msgs/share/tier4_rtc_msgs/msg/CooperateCommand.msg
[19.666s] -- Up-to-date symlink: /home/cityu/autoware/install/tier4_rtc_msgs/share/tier4_rtc_msgs/msg/CooperateResponse.msg
[19.666s] -- Up-to-date symlink: /home/cityu/autoware/install/tier4_rtc_msgs/share/tier4_rtc_msgs/msg/CooperateStatus.msg
[19.666s] -- Up-to-date symlink: /home/cityu/autoware/install/tier4_rtc_msgs/share/tier4_rtc_msgs/msg/CooperateStatusArray.msg
[19.666s] -- Up-to-date symlink: /home/cityu/autoware/install/tier4_rtc_msgs/share/tier4_rtc_msgs/msg/Module.msg
[19.666s] -- Up-to-date symlink: /home/cityu/autoware/install/tier4_rtc_msgs/share/tier4_rtc_msgs/srv/AutoMode.srv
[19.667s] -- Up-to-date symlink: /home/cityu/autoware/install/tier4_rtc_msgs/share/tier4_rtc_msgs/srv/AutoMode_Request.msg
[19.667s] -- Up-to-date symlink: /home/cityu/autoware/install/tier4_rtc_msgs/share/tier4_rtc_msgs/srv/AutoMode_Response.msg
[19.667s] -- Up-to-date symlink: /home/cityu/autoware/install/tier4_rtc_msgs/share/tier4_rtc_msgs/srv/CooperateCommands.srv
[19.667s] -- Up-to-date symlink: /home/cityu/autoware/install/tier4_rtc_msgs/share/tier4_rtc_msgs/srv/CooperateCommands_Request.msg
[19.667s] -- Up-to-date symlink: /home/cityu/autoware/install/tier4_rtc_msgs/share/tier4_rtc_msgs/srv/CooperateCommands_Response.msg
[19.667s] -- Up-to-date symlink: /home/cityu/autoware/install/tier4_rtc_msgs/share/ament_index/resource_index/package_run_dependencies/tier4_rtc_msgs
[19.667s] -- Up-to-date symlink: /home/cityu/autoware/install/tier4_rtc_msgs/share/ament_index/resource_index/parent_prefix_path/tier4_rtc_msgs
[19.667s] -- Up-to-date symlink: /home/cityu/autoware/install/tier4_rtc_msgs/share/tier4_rtc_msgs/environment/ament_prefix_path.sh
[19.667s] -- Up-to-date symlink: /home/cityu/autoware/install/tier4_rtc_msgs/share/tier4_rtc_msgs/environment/ament_prefix_path.dsv
[19.667s] -- Up-to-date symlink: /home/cityu/autoware/install/tier4_rtc_msgs/share/tier4_rtc_msgs/environment/path.sh
[19.668s] -- Up-to-date symlink: /home/cityu/autoware/install/tier4_rtc_msgs/share/tier4_rtc_msgs/environment/path.dsv
[19.668s] -- Up-to-date symlink: /home/cityu/autoware/install/tier4_rtc_msgs/share/tier4_rtc_msgs/local_setup.bash
[19.668s] -- Up-to-date symlink: /home/cityu/autoware/install/tier4_rtc_msgs/share/tier4_rtc_msgs/local_setup.sh
[19.668s] -- Up-to-date symlink: /home/cityu/autoware/install/tier4_rtc_msgs/share/tier4_rtc_msgs/local_setup.zsh
[19.668s] -- Up-to-date symlink: /home/cityu/autoware/install/tier4_rtc_msgs/share/tier4_rtc_msgs/local_setup.dsv
[19.668s] -- Symlinking: /home/cityu/autoware/install/tier4_rtc_msgs/share/tier4_rtc_msgs/package.dsv
[19.668s] -- Up-to-date symlink: /home/cityu/autoware/install/tier4_rtc_msgs/share/ament_index/resource_index/packages/tier4_rtc_msgs
[19.668s] -- Up-to-date symlink: /home/cityu/autoware/install/tier4_rtc_msgs/share/tier4_rtc_msgs/cmake/rosidl_cmake-extras.cmake
[19.668s] -- Up-to-date symlink: /home/cityu/autoware/install/tier4_rtc_msgs/share/tier4_rtc_msgs/cmake/ament_cmake_export_dependencies-extras.cmake
[19.669s] -- Up-to-date symlink: /home/cityu/autoware/install/tier4_rtc_msgs/share/tier4_rtc_msgs/cmake/ament_cmake_export_libraries-extras.cmake
[19.669s] -- Up-to-date symlink: /home/cityu/autoware/install/tier4_rtc_msgs/share/tier4_rtc_msgs/cmake/ament_cmake_export_targets-extras.cmake
[19.669s] -- Up-to-date symlink: /home/cityu/autoware/install/tier4_rtc_msgs/share/tier4_rtc_msgs/cmake/ament_cmake_export_include_directories-extras.cmake
[19.669s] -- Up-to-date symlink: /home/cityu/autoware/install/tier4_rtc_msgs/share/tier4_rtc_msgs/cmake/rosidl_cmake_export_typesupport_libraries-extras.cmake
[19.669s] -- Up-to-date symlink: /home/cityu/autoware/install/tier4_rtc_msgs/share/tier4_rtc_msgs/cmake/rosidl_cmake_export_typesupport_targets-extras.cmake
[19.669s] -- Up-to-date symlink: /home/cityu/autoware/install/tier4_rtc_msgs/share/tier4_rtc_msgs/cmake/tier4_rtc_msgsConfig.cmake
[19.670s] -- Up-to-date symlink: /home/cityu/autoware/install/tier4_rtc_msgs/share/tier4_rtc_msgs/cmake/tier4_rtc_msgsConfig-version.cmake
[19.670s] -- Up-to-date symlink: /home/cityu/autoware/install/tier4_rtc_msgs/share/tier4_rtc_msgs/package.xml
[19.670s] -- Installing: /home/cityu/autoware/install/tier4_rtc_msgs/lib/libtier4_rtc_msgs__rosidl_generator_c.so
[19.670s] -- Set runtime path of "/home/cityu/autoware/install/tier4_rtc_msgs/lib/libtier4_rtc_msgs__rosidl_generator_c.so" to ""
[19.670s] -- Installing: /home/cityu/autoware/install/tier4_rtc_msgs/lib/libtier4_rtc_msgs__rosidl_typesupport_introspection_c.so
[19.670s] -- Set runtime path of "/home/cityu/autoware/install/tier4_rtc_msgs/lib/libtier4_rtc_msgs__rosidl_typesupport_introspection_c.so" to ""
[19.670s] -- Installing: /home/cityu/autoware/install/tier4_rtc_msgs/lib/libtier4_rtc_msgs__rosidl_typesupport_c.so
[19.670s] -- Set runtime path of "/home/cityu/autoware/install/tier4_rtc_msgs/lib/libtier4_rtc_msgs__rosidl_typesupport_c.so" to ""
[19.671s] -- Installing: /home/cityu/autoware/install/tier4_rtc_msgs/lib/libtier4_rtc_msgs__rosidl_typesupport_introspection_cpp.so
[19.671s] -- Set runtime path of "/home/cityu/autoware/install/tier4_rtc_msgs/lib/libtier4_rtc_msgs__rosidl_typesupport_introspection_cpp.so" to ""
[19.671s] -- Installing: /home/cityu/autoware/install/tier4_rtc_msgs/lib/libtier4_rtc_msgs__rosidl_typesupport_cpp.so
[19.671s] -- Set runtime path of "/home/cityu/autoware/install/tier4_rtc_msgs/lib/libtier4_rtc_msgs__rosidl_typesupport_cpp.so" to ""
[19.688s] Compiling '/home/cityu/autoware/install/tier4_rtc_msgs/lib/python3.8/site-packages/tier4_rtc_msgs/__init__.py'...
[19.703s] -- Up-to-date: /home/cityu/autoware/install/tier4_rtc_msgs/share/tier4_rtc_msgs/cmake/tier4_rtc_msgs__rosidl_generator_cExport.cmake
[19.703s] -- Installing: /home/cityu/autoware/install/tier4_rtc_msgs/share/tier4_rtc_msgs/cmake/tier4_rtc_msgs__rosidl_generator_cExport-release.cmake
[19.704s] -- Up-to-date: /home/cityu/autoware/install/tier4_rtc_msgs/share/tier4_rtc_msgs/cmake/tier4_rtc_msgs__rosidl_typesupport_introspection_cExport.cmake
[19.704s] -- Installing: /home/cityu/autoware/install/tier4_rtc_msgs/share/tier4_rtc_msgs/cmake/tier4_rtc_msgs__rosidl_typesupport_introspection_cExport-release.cmake
[19.704s] -- Up-to-date: /home/cityu/autoware/install/tier4_rtc_msgs/share/tier4_rtc_msgs/cmake/tier4_rtc_msgs__rosidl_typesupport_cExport.cmake
[19.709s] -- Installing: /home/cityu/autoware/install/tier4_rtc_msgs/share/tier4_rtc_msgs/cmake/tier4_rtc_msgs__rosidl_typesupport_cExport-release.cmake
[19.710s] -- Up-to-date: /home/cityu/autoware/install/tier4_rtc_msgs/share/tier4_rtc_msgs/cmake/tier4_rtc_msgs__rosidl_generator_cppExport.cmake
[19.712s] -- Up-to-date: /home/cityu/autoware/install/tier4_rtc_msgs/share/tier4_rtc_msgs/cmake/tier4_rtc_msgs__rosidl_typesupport_introspection_cppExport.cmake
[19.712s] -- Installing: /home/cityu/autoware/install/tier4_rtc_msgs/share/tier4_rtc_msgs/cmake/tier4_rtc_msgs__rosidl_typesupport_introspection_cppExport-release.cmake
[19.712s] -- Up-to-date: /home/cityu/autoware/install/tier4_rtc_msgs/share/tier4_rtc_msgs/cmake/tier4_rtc_msgs__rosidl_typesupport_cppExport.cmake
[19.712s] -- Installing: /home/cityu/autoware/install/tier4_rtc_msgs/share/tier4_rtc_msgs/cmake/tier4_rtc_msgs__rosidl_typesupport_cppExport-release.cmake
[19.723s] Invoked command in '/home/cityu/autoware/build/tier4_rtc_msgs' returned '0': CMAKE_PREFIX_PATH=/opt/ros/galactic /usr/bin/cmake --install /home/cityu/autoware/build/tier4_rtc_msgs
