-- Found ament_cmake: 1.1.6 (/opt/ros/galactic/share/ament_cmake/cmake)
-- Using PYTHON_EXECUTABLE: /usr/bin/python3
-- Override CMake install command with custom implementation using symlinks instead of copying resources
-- Found grid_map_cmake_helpers: 2.0.0 (/home/cityu/autoware/install/grid_map_cmake_helpers/share/grid_map_cmake_helpers/cmake)
-- Found grid_map_core: 2.0.0 (/home/cityu/autoware/install/grid_map_core/share/grid_map_core/cmake)
-- Found Octomap (version 1.9.8): /opt/ros/galactic/include
-- Found ament_lint_auto: 0.10.7 (/opt/ros/galactic/share/ament_lint_auto/cmake)
-- Found gtest sources under '/opt/ros/galactic/src/gtest_vendor': C++ tests using 'Google Test' will be built
-- Added test 'cppcheck' to perform static code analysis on C / C++ code
-- Configured cppcheck include dirs: /home/cityu/autoware/src/universe/external/grid_map/grid_map_octomap/include
-- Configured cppcheck exclude dirs and/or files: 
-- Added test 'lint_cmake' to check CMake code style
-- Added test 'uncrustify' to check C / C++ code style
-- Configured uncrustify additional arguments: 
-- Added test 'xmllint' to check XML markup files
-- Configuring done
-- Generating done
-- Build files have been written to: /home/cityu/autoware/build/grid_map_octomap
[ 22%] Built target gtest
[ 44%] Built target gtest_main
[ 66%] Built target grid_map_octomap
[100%] Built target grid_map_octomap-test
-- Install configuration: "Release"
-- Execute custom install script
-- Up-to-date symlink: /home/cityu/autoware/install/grid_map_octomap/lib/libgrid_map_octomap.a
-- Up-to-date symlink: /home/cityu/autoware/install/grid_map_octomap/share/grid_map_octomap/environment/library_path.sh
-- Up-to-date symlink: /home/cityu/autoware/install/grid_map_octomap/share/grid_map_octomap/environment/library_path.dsv
-- Up-to-date symlink: /home/cityu/autoware/install/grid_map_octomap/share/ament_index/resource_index/package_run_dependencies/grid_map_octomap
-- Up-to-date symlink: /home/cityu/autoware/install/grid_map_octomap/share/ament_index/resource_index/parent_prefix_path/grid_map_octomap
-- Up-to-date symlink: /home/cityu/autoware/install/grid_map_octomap/share/grid_map_octomap/environment/ament_prefix_path.sh
-- Up-to-date symlink: /home/cityu/autoware/install/grid_map_octomap/share/grid_map_octomap/environment/ament_prefix_path.dsv
-- Up-to-date symlink: /home/cityu/autoware/install/grid_map_octomap/share/grid_map_octomap/environment/path.sh
-- Up-to-date symlink: /home/cityu/autoware/install/grid_map_octomap/share/grid_map_octomap/environment/path.dsv
-- Up-to-date symlink: /home/cityu/autoware/install/grid_map_octomap/share/grid_map_octomap/local_setup.bash
-- Up-to-date symlink: /home/cityu/autoware/install/grid_map_octomap/share/grid_map_octomap/local_setup.sh
-- Up-to-date symlink: /home/cityu/autoware/install/grid_map_octomap/share/grid_map_octomap/local_setup.zsh
-- Up-to-date symlink: /home/cityu/autoware/install/grid_map_octomap/share/grid_map_octomap/local_setup.dsv
-- Symlinking: /home/cityu/autoware/install/grid_map_octomap/share/grid_map_octomap/package.dsv
-- Up-to-date symlink: /home/cityu/autoware/install/grid_map_octomap/share/ament_index/resource_index/packages/grid_map_octomap
-- Up-to-date symlink: /home/cityu/autoware/install/grid_map_octomap/share/grid_map_octomap/cmake/ament_cmake_export_dependencies-extras.cmake
-- Up-to-date symlink: /home/cityu/autoware/install/grid_map_octomap/share/grid_map_octomap/cmake/ament_cmake_export_include_directories-extras.cmake
-- Up-to-date symlink: /home/cityu/autoware/install/grid_map_octomap/share/grid_map_octomap/cmake/ament_cmake_export_libraries-extras.cmake
-- Up-to-date symlink: /home/cityu/autoware/install/grid_map_octomap/share/grid_map_octomap/cmake/grid_map_octomapConfig.cmake
-- Up-to-date symlink: /home/cityu/autoware/install/grid_map_octomap/share/grid_map_octomap/cmake/grid_map_octomapConfig-version.cmake
-- Up-to-date symlink: /home/cityu/autoware/install/grid_map_octomap/share/grid_map_octomap/package.xml
-- Up-to-date: /home/cityu/autoware/install/grid_map_octomap/include/grid_map_octomap
-- Up-to-date: /home/cityu/autoware/install/grid_map_octomap/include/grid_map_octomap/grid_map_octomap.hpp
-- Up-to-date: /home/cityu/autoware/install/grid_map_octomap/include/grid_map_octomap/GridMapOctomapConverter.hpp
