[0.164s] Invoking command in '/home/cityu/autoware/build/grid_map_ros': AMENT_PREFIX_PATH=/home/cityu/autoware/install/grid_map_cv:/home/cityu/autoware/install/grid_map_msgs:/home/cityu/autoware/install/grid_map_core:/home/cityu/autoware/install/grid_map_cmake_helpers:${AMENT_PREFIX_PATH} CMAKE_PREFIX_PATH=/home/cityu/autoware/install/grid_map_cv:/home/cityu/autoware/install/grid_map_msgs:/home/cityu/autoware/install/grid_map_core:/home/cityu/autoware/install/grid_map_cmake_helpers:/opt/ros/galactic LD_LIBRARY_PATH=/home/cityu/autoware/install/grid_map_cv/lib:/home/cityu/autoware/install/grid_map_msgs/lib:/home/cityu/autoware/install/grid_map_core/lib:${LD_LIBRARY_PATH} PYTHONPATH=/home/cityu/autoware/install/grid_map_msgs/lib/python3.8/site-packages:${PYTHONPATH} /usr/bin/cmake /home/cityu/autoware/src/universe/external/grid_map/grid_map_ros -DCMAKE_BUILD_TYPE=Release -DDOWNLOAD_ARTIFACTS=ON -DAMENT_CMAKE_SYMLINK_INSTALL=1 -DCMAKE_INSTALL_PREFIX=/home/cityu/autoware/install/grid_map_ros
[0.462s] -- Found ament_cmake: 1.1.6 (/opt/ros/galactic/share/ament_cmake/cmake)
[0.462s] -- Using PYTHON_EXECUTABLE: /usr/bin/python3
[0.462s] -- Override CMake install command with custom implementation using symlinks instead of copying resources
[0.462s] -- Found cv_bridge: 3.1.3 (/opt/ros/galactic/share/cv_bridge/cmake)
[0.463s] -- Using all available rosidl_typesupport_c: rosidl_typesupport_fastrtps_c;rosidl_typesupport_introspection_c
[0.463s] -- Found rosidl_adapter: 2.2.3 (/opt/ros/galactic/share/rosidl_adapter/cmake)
[0.582s] -- Using all available rosidl_typesupport_cpp: rosidl_typesupport_fastrtps_cpp;rosidl_typesupport_introspection_cpp
[0.898s] -- Found grid_map_cmake_helpers: 2.0.0 (/home/cityu/autoware/install/grid_map_cmake_helpers/share/grid_map_cmake_helpers/cmake)
[0.898s] -- Found grid_map_core: 2.0.0 (/home/cityu/autoware/install/grid_map_core/share/grid_map_core/cmake)
[0.901s] -- Found grid_map_cv: 2.0.0 (/home/cityu/autoware/install/grid_map_cv/share/grid_map_cv/cmake)
[1.047s] -- Found rmw_implementation_cmake: 3.3.1 (/opt/ros/galactic/share/rmw_implementation_cmake/cmake)
[1.050s] -- Found rmw_cyclonedds_cpp: 0.22.6 (/opt/ros/galactic/share/rmw_cyclonedds_cpp/cmake)
[1.081s] -- Using RMW implementation 'rmw_cyclonedds_cpp' as default
[1.352s] -- Found grid_map_msgs: 2.0.0 (/home/cityu/autoware/install/grid_map_msgs/share/grid_map_msgs/cmake)
[1.477s] -- Found nav2_msgs: 1.0.12 (/opt/ros/galactic/share/nav2_msgs/cmake)
[2.121s] -- Found rosbag2_cpp: 0.9.2 (/opt/ros/galactic/share/rosbag2_cpp/cmake)
[2.153s] -- Found tf2: 0.17.5 (/opt/ros/galactic/share/tf2/cmake)
[2.166s] -- Found visualization_msgs: 2.2.4 (/opt/ros/galactic/share/visualization_msgs/cmake)
[2.493s] -- Found ament_lint_auto: 0.10.7 (/opt/ros/galactic/share/ament_lint_auto/cmake)
[2.593s] -- Found gtest sources under '/opt/ros/galactic/src/gtest_vendor': C++ tests using 'Google Test' will be built
[2.610s] -- Added test 'cppcheck' to perform static code analysis on C / C++ code
[2.611s] -- Configured cppcheck include dirs: /home/cityu/autoware/src/universe/external/grid_map/grid_map_ros/include
[2.611s] -- Configured cppcheck exclude dirs and/or files: 
[2.612s] -- Added test 'lint_cmake' to check CMake code style
[2.614s] -- Added test 'uncrustify' to check C / C++ code style
[2.614s] -- Configured uncrustify additional arguments: 
[2.614s] -- Added test 'xmllint' to check XML markup files
[2.622s] -- Configuring done
[2.718s] -- Generating done
[2.718s] -- Build files have been written to: /home/cityu/autoware/build/grid_map_ros
[2.718s] CMake Warning:
[2.718s]   Manually-specified variables were not used by the project:
[2.718s] 
[2.718s]     DOWNLOAD_ARTIFACTS
[2.718s] 
[2.719s] 
[2.768s] Invoked command in '/home/cityu/autoware/build/grid_map_ros' returned '0': AMENT_PREFIX_PATH=/home/cityu/autoware/install/grid_map_cv:/home/cityu/autoware/install/grid_map_msgs:/home/cityu/autoware/install/grid_map_core:/home/cityu/autoware/install/grid_map_cmake_helpers:${AMENT_PREFIX_PATH} CMAKE_PREFIX_PATH=/home/cityu/autoware/install/grid_map_cv:/home/cityu/autoware/install/grid_map_msgs:/home/cityu/autoware/install/grid_map_core:/home/cityu/autoware/install/grid_map_cmake_helpers:/opt/ros/galactic LD_LIBRARY_PATH=/home/cityu/autoware/install/grid_map_cv/lib:/home/cityu/autoware/install/grid_map_msgs/lib:/home/cityu/autoware/install/grid_map_core/lib:${LD_LIBRARY_PATH} PYTHONPATH=/home/cityu/autoware/install/grid_map_msgs/lib/python3.8/site-packages:${PYTHONPATH} /usr/bin/cmake /home/cityu/autoware/src/universe/external/grid_map/grid_map_ros -DCMAKE_BUILD_TYPE=Release -DDOWNLOAD_ARTIFACTS=ON -DAMENT_CMAKE_SYMLINK_INSTALL=1 -DCMAKE_INSTALL_PREFIX=/home/cityu/autoware/install/grid_map_ros
[2.774s] Invoking command in '/home/cityu/autoware/build/grid_map_ros': AMENT_PREFIX_PATH=/home/cityu/autoware/install/grid_map_cv:/home/cityu/autoware/install/grid_map_msgs:/home/cityu/autoware/install/grid_map_core:/home/cityu/autoware/install/grid_map_cmake_helpers:${AMENT_PREFIX_PATH} CMAKE_PREFIX_PATH=/home/cityu/autoware/install/grid_map_cv:/home/cityu/autoware/install/grid_map_msgs:/home/cityu/autoware/install/grid_map_core:/home/cityu/autoware/install/grid_map_cmake_helpers:/opt/ros/galactic LD_LIBRARY_PATH=/home/cityu/autoware/install/grid_map_cv/lib:/home/cityu/autoware/install/grid_map_msgs/lib:/home/cityu/autoware/install/grid_map_core/lib:${LD_LIBRARY_PATH} PYTHONPATH=/home/cityu/autoware/install/grid_map_msgs/lib/python3.8/site-packages:${PYTHONPATH} /usr/bin/cmake --build /home/cityu/autoware/build/grid_map_ros -- -j16 -l16
[2.994s] [ 18%] Built target gtest
[2.994s] [ 36%] Built target gtest_main
[2.994s] [ 45%] [32m[1mLinking CXX shared library libgrid_map_ros.so[0m
[3.244s] [ 72%] Built target grid_map_ros
[3.272s] [ 81%] [32mBuilding CXX object CMakeFiles/grid_map_ros-test.dir/test/test_grid_map_ros.cpp.o[0m
[4.725s] [ 90%] [32mBuilding CXX object CMakeFiles/grid_map_ros-test.dir/test/GridMapRosTest.cpp.o[0m
[15.307s] [100%] [32m[1mLinking CXX executable grid_map_ros-test[0m
[16.275s] [100%] Built target grid_map_ros-test
[16.427s] Invoked command in '/home/cityu/autoware/build/grid_map_ros' returned '0': AMENT_PREFIX_PATH=/home/cityu/autoware/install/grid_map_cv:/home/cityu/autoware/install/grid_map_msgs:/home/cityu/autoware/install/grid_map_core:/home/cityu/autoware/install/grid_map_cmake_helpers:${AMENT_PREFIX_PATH} CMAKE_PREFIX_PATH=/home/cityu/autoware/install/grid_map_cv:/home/cityu/autoware/install/grid_map_msgs:/home/cityu/autoware/install/grid_map_core:/home/cityu/autoware/install/grid_map_cmake_helpers:/opt/ros/galactic LD_LIBRARY_PATH=/home/cityu/autoware/install/grid_map_cv/lib:/home/cityu/autoware/install/grid_map_msgs/lib:/home/cityu/autoware/install/grid_map_core/lib:${LD_LIBRARY_PATH} PYTHONPATH=/home/cityu/autoware/install/grid_map_msgs/lib/python3.8/site-packages:${PYTHONPATH} /usr/bin/cmake --build /home/cityu/autoware/build/grid_map_ros -- -j16 -l16
[16.647s] Invoking command in '/home/cityu/autoware/build/grid_map_ros': AMENT_PREFIX_PATH=/home/cityu/autoware/install/grid_map_cv:/home/cityu/autoware/install/grid_map_msgs:/home/cityu/autoware/install/grid_map_core:/home/cityu/autoware/install/grid_map_cmake_helpers:${AMENT_PREFIX_PATH} CMAKE_PREFIX_PATH=/home/cityu/autoware/install/grid_map_cv:/home/cityu/autoware/install/grid_map_msgs:/home/cityu/autoware/install/grid_map_core:/home/cityu/autoware/install/grid_map_cmake_helpers:/opt/ros/galactic LD_LIBRARY_PATH=/home/cityu/autoware/install/grid_map_cv/lib:/home/cityu/autoware/install/grid_map_msgs/lib:/home/cityu/autoware/install/grid_map_core/lib:${LD_LIBRARY_PATH} PYTHONPATH=/home/cityu/autoware/install/grid_map_msgs/lib/python3.8/site-packages:${PYTHONPATH} /usr/bin/cmake --install /home/cityu/autoware/build/grid_map_ros
[17.395s] -- Install configuration: "Release"
[17.396s] -- Execute custom install script
[17.396s] -- Up-to-date symlink: /home/cityu/autoware/install/grid_map_ros/lib/libgrid_map_ros.so
[17.396s] -- Up-to-date symlink: /home/cityu/autoware/install/grid_map_ros/share/grid_map_ros/environment/library_path.sh
[17.396s] -- Up-to-date symlink: /home/cityu/autoware/install/grid_map_ros/share/grid_map_ros/environment/library_path.dsv
[17.397s] -- Up-to-date symlink: /home/cityu/autoware/install/grid_map_ros/share/ament_index/resource_index/package_run_dependencies/grid_map_ros
[17.397s] -- Up-to-date symlink: /home/cityu/autoware/install/grid_map_ros/share/ament_index/resource_index/parent_prefix_path/grid_map_ros
[17.397s] -- Up-to-date symlink: /home/cityu/autoware/install/grid_map_ros/share/grid_map_ros/environment/ament_prefix_path.sh
[17.397s] -- Up-to-date symlink: /home/cityu/autoware/install/grid_map_ros/share/grid_map_ros/environment/ament_prefix_path.dsv
[17.397s] -- Up-to-date symlink: /home/cityu/autoware/install/grid_map_ros/share/grid_map_ros/environment/path.sh
[17.397s] -- Up-to-date symlink: /home/cityu/autoware/install/grid_map_ros/share/grid_map_ros/environment/path.dsv
[17.397s] -- Up-to-date symlink: /home/cityu/autoware/install/grid_map_ros/share/grid_map_ros/local_setup.bash
[17.402s] -- Up-to-date symlink: /home/cityu/autoware/install/grid_map_ros/share/grid_map_ros/local_setup.sh
[17.403s] -- Up-to-date symlink: /home/cityu/autoware/install/grid_map_ros/share/grid_map_ros/local_setup.zsh
[17.403s] -- Up-to-date symlink: /home/cityu/autoware/install/grid_map_ros/share/grid_map_ros/local_setup.dsv
[17.403s] -- Symlinking: /home/cityu/autoware/install/grid_map_ros/share/grid_map_ros/package.dsv
[17.403s] -- Up-to-date symlink: /home/cityu/autoware/install/grid_map_ros/share/ament_index/resource_index/packages/grid_map_ros
[17.403s] -- Up-to-date symlink: /home/cityu/autoware/install/grid_map_ros/share/grid_map_ros/cmake/ament_cmake_export_include_directories-extras.cmake
[17.404s] -- Up-to-date symlink: /home/cityu/autoware/install/grid_map_ros/share/grid_map_ros/cmake/ament_cmake_export_dependencies-extras.cmake
[17.404s] -- Up-to-date symlink: /home/cityu/autoware/install/grid_map_ros/share/grid_map_ros/cmake/ament_cmake_export_libraries-extras.cmake
[17.404s] -- Up-to-date symlink: /home/cityu/autoware/install/grid_map_ros/share/grid_map_ros/cmake/grid_map_rosConfig.cmake
[17.404s] -- Up-to-date symlink: /home/cityu/autoware/install/grid_map_ros/share/grid_map_ros/cmake/grid_map_rosConfig-version.cmake
[17.404s] -- Up-to-date symlink: /home/cityu/autoware/install/grid_map_ros/share/grid_map_ros/package.xml
[17.404s] -- Up-to-date: /home/cityu/autoware/install/grid_map_ros/include/grid_map_ros
[17.404s] -- Up-to-date: /home/cityu/autoware/install/grid_map_ros/include/grid_map_ros/GridMapRosConverter.hpp
[17.404s] -- Up-to-date: /home/cityu/autoware/install/grid_map_ros/include/grid_map_ros/message_traits.hpp
[17.404s] -- Up-to-date: /home/cityu/autoware/install/grid_map_ros/include/grid_map_ros/GridMapMsgHelpers.hpp
[17.404s] -- Up-to-date: /home/cityu/autoware/install/grid_map_ros/include/grid_map_ros/PolygonRosConverter.hpp
[17.404s] -- Up-to-date: /home/cityu/autoware/install/grid_map_ros/include/grid_map_ros/grid_map_ros.hpp
[17.414s] Invoked command in '/home/cityu/autoware/build/grid_map_ros' returned '0': AMENT_PREFIX_PATH=/home/cityu/autoware/install/grid_map_cv:/home/cityu/autoware/install/grid_map_msgs:/home/cityu/autoware/install/grid_map_core:/home/cityu/autoware/install/grid_map_cmake_helpers:${AMENT_PREFIX_PATH} CMAKE_PREFIX_PATH=/home/cityu/autoware/install/grid_map_cv:/home/cityu/autoware/install/grid_map_msgs:/home/cityu/autoware/install/grid_map_core:/home/cityu/autoware/install/grid_map_cmake_helpers:/opt/ros/galactic LD_LIBRARY_PATH=/home/cityu/autoware/install/grid_map_cv/lib:/home/cityu/autoware/install/grid_map_msgs/lib:/home/cityu/autoware/install/grid_map_core/lib:${LD_LIBRARY_PATH} PYTHONPATH=/home/cityu/autoware/install/grid_map_msgs/lib/python3.8/site-packages:${PYTHONPATH} /usr/bin/cmake --install /home/cityu/autoware/build/grid_map_ros
