[0.203s] Invoking command in '/home/cityu/autoware/build/autoware_utils': AMENT_PREFIX_PATH=/home/cityu/autoware/install/autoware_cmake:${AMENT_PREFIX_PATH} CMAKE_PREFIX_PATH=/home/cityu/autoware/install/autoware_cmake:/opt/ros/galactic /usr/bin/cmake --build /home/cityu/autoware/build/autoware_utils -- -j16 -l16
[0.232s] [ 16%] Built target gtest_main
[0.233s] [ 33%] Built target autoware_utils
[0.233s] [ 50%] Built target gtest
[0.233s] [100%] Built target test_autoware_utils
[0.239s] Invoked command in '/home/cityu/autoware/build/autoware_utils' returned '0': AMENT_PREFIX_PATH=/home/cityu/autoware/install/autoware_cmake:${AMENT_PREFIX_PATH} CMAKE_PREFIX_PATH=/home/cityu/autoware/install/autoware_cmake:/opt/ros/galactic /usr/bin/cmake --build /home/cityu/autoware/build/autoware_utils -- -j16 -l16
[0.586s] Invoking command in '/home/cityu/autoware/build/autoware_utils': AMENT_PREFIX_PATH=/home/cityu/autoware/install/autoware_cmake:${AMENT_PREFIX_PATH} CMAKE_PREFIX_PATH=/home/cityu/autoware/install/autoware_cmake:/opt/ros/galactic /usr/bin/cmake --install /home/cityu/autoware/build/autoware_utils
[0.695s] -- Install configuration: "Release"
[0.695s] -- Execute custom install script
[0.695s] -- Up-to-date symlink: /home/cityu/autoware/install/autoware_utils/include/autoware_utils/autoware_utils.hpp
[0.695s] -- Up-to-date symlink: /home/cityu/autoware/install/autoware_utils/include/autoware_utils/math/constants.hpp
[0.696s] -- Up-to-date symlink: /home/cityu/autoware/install/autoware_utils/include/autoware_utils/math/normalization.hpp
[0.696s] -- Up-to-date symlink: /home/cityu/autoware/install/autoware_utils/include/autoware_utils/math/range.hpp
[0.696s] -- Up-to-date symlink: /home/cityu/autoware/install/autoware_utils/include/autoware_utils/math/unit_conversion.hpp
[0.696s] -- Up-to-date symlink: /home/cityu/autoware/install/autoware_utils/share/autoware_utils/environment/library_path.sh
[0.696s] -- Up-to-date symlink: /home/cityu/autoware/install/autoware_utils/share/autoware_utils/environment/library_path.dsv
[0.696s] -- Up-to-date symlink: /home/cityu/autoware/install/autoware_utils/lib/libautoware_utils.so
[0.696s] -- Up-to-date symlink: /home/cityu/autoware/install/autoware_utils/share/ament_index/resource_index/package_run_dependencies/autoware_utils
[0.696s] -- Up-to-date symlink: /home/cityu/autoware/install/autoware_utils/share/ament_index/resource_index/parent_prefix_path/autoware_utils
[0.696s] -- Up-to-date symlink: /home/cityu/autoware/install/autoware_utils/share/autoware_utils/environment/ament_prefix_path.sh
[0.696s] -- Up-to-date symlink: /home/cityu/autoware/install/autoware_utils/share/autoware_utils/environment/ament_prefix_path.dsv
[0.696s] -- Up-to-date symlink: /home/cityu/autoware/install/autoware_utils/share/autoware_utils/environment/path.sh
[0.696s] -- Up-to-date symlink: /home/cityu/autoware/install/autoware_utils/share/autoware_utils/environment/path.dsv
[0.697s] -- Up-to-date symlink: /home/cityu/autoware/install/autoware_utils/share/autoware_utils/local_setup.bash
[0.697s] -- Up-to-date symlink: /home/cityu/autoware/install/autoware_utils/share/autoware_utils/local_setup.sh
[0.697s] -- Up-to-date symlink: /home/cityu/autoware/install/autoware_utils/share/autoware_utils/local_setup.zsh
[0.697s] -- Up-to-date symlink: /home/cityu/autoware/install/autoware_utils/share/autoware_utils/local_setup.dsv
[0.697s] -- Symlinking: /home/cityu/autoware/install/autoware_utils/share/autoware_utils/package.dsv
[0.697s] -- Up-to-date symlink: /home/cityu/autoware/install/autoware_utils/share/ament_index/resource_index/packages/autoware_utils
[0.697s] -- Up-to-date symlink: /home/cityu/autoware/install/autoware_utils/share/autoware_utils/cmake/ament_cmake_export_dependencies-extras.cmake
[0.697s] -- Up-to-date symlink: /home/cityu/autoware/install/autoware_utils/share/autoware_utils/cmake/ament_cmake_export_include_directories-extras.cmake
[0.697s] -- Up-to-date symlink: /home/cityu/autoware/install/autoware_utils/share/autoware_utils/cmake/ament_cmake_export_libraries-extras.cmake
[0.697s] -- Up-to-date symlink: /home/cityu/autoware/install/autoware_utils/share/autoware_utils/cmake/autoware_utilsConfig.cmake
[0.697s] -- Up-to-date symlink: /home/cityu/autoware/install/autoware_utils/share/autoware_utils/cmake/autoware_utilsConfig-version.cmake
[0.697s] -- Up-to-date symlink: /home/cityu/autoware/install/autoware_utils/share/autoware_utils/package.xml
[0.863s] Invoked command in '/home/cityu/autoware/build/autoware_utils' returned '0': AMENT_PREFIX_PATH=/home/cityu/autoware/install/autoware_cmake:${AMENT_PREFIX_PATH} CMAKE_PREFIX_PATH=/home/cityu/autoware/install/autoware_cmake:/opt/ros/galactic /usr/bin/cmake --install /home/cityu/autoware/build/autoware_utils
