[0.221s] Invoking command in '/home/cityu/autoware/build/cuda_utils': AMENT_PREFIX_PATH=/home/cityu/autoware/install/autoware_cmake:/home/cityu/autoware/install/autoware_lint_common:${AMENT_PREFIX_PATH} CMAKE_PREFIX_PATH=/home/cityu/autoware/install/autoware_cmake:/home/cityu/autoware/install/autoware_lint_common:/opt/ros/galactic /usr/bin/cmake --build /home/cityu/autoware/build/cuda_utils -- -j16 -l16
[0.383s] Invoked command in '/home/cityu/autoware/build/cuda_utils' returned '0': AMENT_PREFIX_PATH=/home/cityu/autoware/install/autoware_cmake:/home/cityu/autoware/install/autoware_lint_common:${AMENT_PREFIX_PATH} CMAKE_PREFIX_PATH=/home/cityu/autoware/install/autoware_cmake:/home/cityu/autoware/install/autoware_lint_common:/opt/ros/galactic /usr/bin/cmake --build /home/cityu/autoware/build/cuda_utils -- -j16 -l16
[0.602s] Invoking command in '/home/cityu/autoware/build/cuda_utils': AMENT_PREFIX_PATH=/home/cityu/autoware/install/autoware_cmake:/home/cityu/autoware/install/autoware_lint_common:${AMENT_PREFIX_PATH} CMAKE_PREFIX_PATH=/home/cityu/autoware/install/autoware_cmake:/home/cityu/autoware/install/autoware_lint_common:/opt/ros/galactic /usr/bin/cmake --install /home/cityu/autoware/build/cuda_utils
[0.674s] -- Install configuration: "Release"
[0.674s] -- Execute custom install script
[0.674s] -- Up-to-date symlink: /home/cityu/autoware/install/cuda_utils/include/cuda_utils/cuda_check_error.hpp
[0.674s] -- Up-to-date symlink: /home/cityu/autoware/install/cuda_utils/include/cuda_utils/cuda_unique_ptr.hpp
[0.674s] -- Up-to-date symlink: /home/cityu/autoware/install/cuda_utils/include/cuda_utils/stream_unique_ptr.hpp
[0.675s] -- Up-to-date symlink: /home/cityu/autoware/install/cuda_utils/include/cuda_utils/cuda_check_error.hpp
[0.675s] -- Up-to-date symlink: /home/cityu/autoware/install/cuda_utils/include/cuda_utils/cuda_unique_ptr.hpp
[0.675s] -- Up-to-date symlink: /home/cityu/autoware/install/cuda_utils/include/cuda_utils/stream_unique_ptr.hpp
[0.675s] -- Up-to-date symlink: /home/cityu/autoware/install/cuda_utils/share/ament_index/resource_index/package_run_dependencies/cuda_utils
[0.675s] -- Up-to-date symlink: /home/cityu/autoware/install/cuda_utils/share/ament_index/resource_index/parent_prefix_path/cuda_utils
[0.675s] -- Up-to-date symlink: /home/cityu/autoware/install/cuda_utils/share/cuda_utils/environment/ament_prefix_path.sh
[0.675s] -- Up-to-date symlink: /home/cityu/autoware/install/cuda_utils/share/cuda_utils/environment/ament_prefix_path.dsv
[0.675s] -- Up-to-date symlink: /home/cityu/autoware/install/cuda_utils/share/cuda_utils/environment/path.sh
[0.676s] -- Up-to-date symlink: /home/cityu/autoware/install/cuda_utils/share/cuda_utils/environment/path.dsv
[0.676s] -- Up-to-date symlink: /home/cityu/autoware/install/cuda_utils/share/cuda_utils/local_setup.bash
[0.676s] -- Up-to-date symlink: /home/cityu/autoware/install/cuda_utils/share/cuda_utils/local_setup.sh
[0.676s] -- Up-to-date symlink: /home/cityu/autoware/install/cuda_utils/share/cuda_utils/local_setup.zsh
[0.676s] -- Up-to-date symlink: /home/cityu/autoware/install/cuda_utils/share/cuda_utils/local_setup.dsv
[0.677s] -- Symlinking: /home/cityu/autoware/install/cuda_utils/share/cuda_utils/package.dsv
[0.677s] -- Up-to-date symlink: /home/cityu/autoware/install/cuda_utils/share/ament_index/resource_index/packages/cuda_utils
[0.677s] -- Up-to-date symlink: /home/cityu/autoware/install/cuda_utils/share/cuda_utils/cmake/ament_cmake_export_include_directories-extras.cmake
[0.677s] -- Up-to-date symlink: /home/cityu/autoware/install/cuda_utils/share/cuda_utils/cmake/ament_cmake_export_dependencies-extras.cmake
[0.678s] -- Up-to-date symlink: /home/cityu/autoware/install/cuda_utils/share/cuda_utils/cmake/cuda_utilsConfig.cmake
[0.678s] -- Up-to-date symlink: /home/cityu/autoware/install/cuda_utils/share/cuda_utils/cmake/cuda_utilsConfig-version.cmake
[0.678s] -- Up-to-date symlink: /home/cityu/autoware/install/cuda_utils/share/cuda_utils/package.xml
[0.810s] Invoked command in '/home/cityu/autoware/build/cuda_utils' returned '0': AMENT_PREFIX_PATH=/home/cityu/autoware/install/autoware_cmake:/home/cityu/autoware/install/autoware_lint_common:${AMENT_PREFIX_PATH} CMAKE_PREFIX_PATH=/home/cityu/autoware/install/autoware_cmake:/home/cityu/autoware/install/autoware_lint_common:/opt/ros/galactic /usr/bin/cmake --install /home/cityu/autoware/build/cuda_utils
