[0.119s] Invoking command in '/home/cityu/autoware/build/heatmap_visualizer': AMENT_PREFIX_PATH=/home/cityu/autoware/install/perception_utils:/home/cityu/autoware/install/interpolation:/home/cityu/autoware/install/tier4_autoware_utils:/home/cityu/autoware/install/autoware_auto_vehicle_msgs:/home/cityu/autoware/install/autoware_cmake:/home/cityu/autoware/install/autoware_auto_planning_msgs:/home/cityu/autoware/install/autoware_auto_perception_msgs:/home/cityu/autoware/install/tier4_debug_msgs:/home/cityu/autoware/install/autoware_lint_common:/home/cityu/autoware/install/autoware_auto_mapping_msgs:/home/cityu/autoware/install/autoware_auto_geometry_msgs:${AMENT_PREFIX_PATH} CMAKE_PREFIX_PATH=/home/cityu/autoware/install/perception_utils:/home/cityu/autoware/install/interpolation:/home/cityu/autoware/install/tier4_autoware_utils:/home/cityu/autoware/install/autoware_auto_vehicle_msgs:/home/cityu/autoware/install/autoware_cmake:/home/cityu/autoware/install/autoware_auto_planning_msgs:/home/cityu/autoware/install/autoware_auto_perception_msgs:/home/cityu/autoware/install/tier4_debug_msgs:/home/cityu/autoware/install/autoware_lint_common:/home/cityu/autoware/install/autoware_auto_mapping_msgs:/home/cityu/autoware/install/autoware_auto_geometry_msgs:/opt/ros/galactic LD_LIBRARY_PATH=/home/cityu/autoware/install/perception_utils/lib:/home/cityu/autoware/install/interpolation/lib:/home/cityu/autoware/install/tier4_autoware_utils/lib:/home/cityu/autoware/install/autoware_auto_vehicle_msgs/lib:/home/cityu/autoware/install/autoware_auto_planning_msgs/lib:/home/cityu/autoware/install/autoware_auto_perception_msgs/lib:/home/cityu/autoware/install/tier4_debug_msgs/lib:/home/cityu/autoware/install/autoware_auto_mapping_msgs/lib:/home/cityu/autoware/install/autoware_auto_geometry_msgs/lib:${LD_LIBRARY_PATH} PYTHONPATH=/home/cityu/autoware/install/autoware_auto_vehicle_msgs/lib/python3.8/site-packages:/home/cityu/autoware/install/autoware_auto_planning_msgs/lib/python3.8/site-packages:/home/cityu/autoware/install/autoware_auto_perception_msgs/lib/python3.8/site-packages:/home/cityu/autoware/install/tier4_debug_msgs/lib/python3.8/site-packages:/home/cityu/autoware/install/autoware_auto_mapping_msgs/lib/python3.8/site-packages:/home/cityu/autoware/install/autoware_auto_geometry_msgs/lib/python3.8/site-packages:${PYTHONPATH} /usr/bin/cmake /home/cityu/autoware/src/universe/autoware.universe/perception/heatmap_visualizer -DCMAKE_BUILD_TYPE=Release -DAMENT_CMAKE_SYMLINK_INSTALL=1 -DCMAKE_INSTALL_PREFIX=/home/cityu/autoware/install/heatmap_visualizer
[11.384s] -- The C compiler identification is GNU 9.4.0
[11.384s] -- The CXX compiler identification is GNU 9.4.0
[11.384s] -- Check for working C compiler: /usr/bin/cc
[11.384s] -- Check for working C compiler: /usr/bin/cc -- works
[11.384s] -- Detecting C compiler ABI info
[11.385s] -- Detecting C compiler ABI info - done
[11.385s] -- Detecting C compile features
[11.385s] -- Detecting C compile features - done
[11.385s] -- Check for working CXX compiler: /usr/bin/c++
[11.385s] -- Check for working CXX compiler: /usr/bin/c++ -- works
[11.385s] -- Detecting CXX compiler ABI info
[11.385s] -- Detecting CXX compiler ABI info - done
[11.385s] -- Detecting CXX compile features
[11.386s] -- Detecting CXX compile features - done
[11.386s] -- Found autoware_cmake: 0.1.0 (/home/cityu/autoware/install/autoware_cmake/share/autoware_cmake/cmake)
[11.386s] -- Found ament_cmake_auto: 1.1.6 (/opt/ros/galactic/share/ament_cmake_auto/cmake)
[11.386s] -- Found PythonInterp: /usr/bin/python3 (found suitable version "3.8.10", minimum required is "3") 
[11.386s] -- Using PYTHON_EXECUTABLE: /usr/bin/python3
[11.387s] -- Override CMake install command with custom implementation using symlinks instead of copying resources
[11.388s] -- Using all available rosidl_typesupport_c: rosidl_typesupport_fastrtps_c;rosidl_typesupport_introspection_c
[11.397s] -- Found rosidl_adapter: 2.2.3 (/opt/ros/galactic/share/rosidl_adapter/cmake)
[11.398s] -- Found OpenSSL: /usr/lib/x86_64-linux-gnu/libcrypto.so (found version "1.1.1f")  
[11.398s] -- Found FastRTPS: /opt/ros/galactic/include  
[11.398s] -- Using all available rosidl_typesupport_cpp: rosidl_typesupport_fastrtps_cpp;rosidl_typesupport_introspection_cpp
[11.398s] -- Found rmw_implementation_cmake: 3.3.1 (/opt/ros/galactic/share/rmw_implementation_cmake/cmake)
[11.398s] -- Found rmw_cyclonedds_cpp: 0.22.6 (/opt/ros/galactic/share/rmw_cyclonedds_cpp/cmake)
[11.398s] -- Using RMW implementation 'rmw_cyclonedds_cpp' as default
[11.398s] -- Looking for pthread.h
[11.398s] -- Looking for pthread.h - found
[11.398s] -- Performing Test CMAKE_HAVE_LIBC_PTHREAD
[11.398s] -- Performing Test CMAKE_HAVE_LIBC_PTHREAD - Failed
[11.399s] -- Looking for pthread_create in pthreads
[11.399s] -- Looking for pthread_create in pthreads - not found
[11.399s] -- Looking for pthread_create in pthread
[11.399s] -- Looking for pthread_create in pthread - found
[11.399s] -- Found Threads: TRUE  
[11.399s] -- Found eigen3_cmake_module: 0.1.1 (/opt/ros/galactic/share/eigen3_cmake_module/cmake)
[11.399s] -- Found Eigen3: TRUE (found version "3.3.7") 
[11.399s] -- Found ament_lint_auto: 0.10.7 (/opt/ros/galactic/share/ament_lint_auto/cmake)
[11.400s] -- Added test 'copyright' to check source files copyright and LICENSE
[11.400s] -- Added test 'cppcheck' to perform static code analysis on C / C++ code
[11.400s] -- Configured cppcheck include dirs: /home/cityu/autoware/src/universe/autoware.universe/perception/heatmap_visualizer/include
[11.400s] -- Configured cppcheck exclude dirs and/or files: 
[11.400s] -- Added test 'lint_cmake' to check CMake code style
[11.400s] -- Added test 'xmllint' to check XML markup files
[11.400s] -- Configuring done
[11.400s] -- Generating done
[11.400s] -- Build files have been written to: /home/cityu/autoware/build/heatmap_visualizer
[11.458s] Invoked command in '/home/cityu/autoware/build/heatmap_visualizer' returned '0': AMENT_PREFIX_PATH=/home/cityu/autoware/install/perception_utils:/home/cityu/autoware/install/interpolation:/home/cityu/autoware/install/tier4_autoware_utils:/home/cityu/autoware/install/autoware_auto_vehicle_msgs:/home/cityu/autoware/install/autoware_cmake:/home/cityu/autoware/install/autoware_auto_planning_msgs:/home/cityu/autoware/install/autoware_auto_perception_msgs:/home/cityu/autoware/install/tier4_debug_msgs:/home/cityu/autoware/install/autoware_lint_common:/home/cityu/autoware/install/autoware_auto_mapping_msgs:/home/cityu/autoware/install/autoware_auto_geometry_msgs:${AMENT_PREFIX_PATH} CMAKE_PREFIX_PATH=/home/cityu/autoware/install/perception_utils:/home/cityu/autoware/install/interpolation:/home/cityu/autoware/install/tier4_autoware_utils:/home/cityu/autoware/install/autoware_auto_vehicle_msgs:/home/cityu/autoware/install/autoware_cmake:/home/cityu/autoware/install/autoware_auto_planning_msgs:/home/cityu/autoware/install/autoware_auto_perception_msgs:/home/cityu/autoware/install/tier4_debug_msgs:/home/cityu/autoware/install/autoware_lint_common:/home/cityu/autoware/install/autoware_auto_mapping_msgs:/home/cityu/autoware/install/autoware_auto_geometry_msgs:/opt/ros/galactic LD_LIBRARY_PATH=/home/cityu/autoware/install/perception_utils/lib:/home/cityu/autoware/install/interpolation/lib:/home/cityu/autoware/install/tier4_autoware_utils/lib:/home/cityu/autoware/install/autoware_auto_vehicle_msgs/lib:/home/cityu/autoware/install/autoware_auto_planning_msgs/lib:/home/cityu/autoware/install/autoware_auto_perception_msgs/lib:/home/cityu/autoware/install/tier4_debug_msgs/lib:/home/cityu/autoware/install/autoware_auto_mapping_msgs/lib:/home/cityu/autoware/install/autoware_auto_geometry_msgs/lib:${LD_LIBRARY_PATH} PYTHONPATH=/home/cityu/autoware/install/autoware_auto_vehicle_msgs/lib/python3.8/site-packages:/home/cityu/autoware/install/autoware_auto_planning_msgs/lib/python3.8/site-packages:/home/cityu/autoware/install/autoware_auto_perception_msgs/lib/python3.8/site-packages:/home/cityu/autoware/install/tier4_debug_msgs/lib/python3.8/site-packages:/home/cityu/autoware/install/autoware_auto_mapping_msgs/lib/python3.8/site-packages:/home/cityu/autoware/install/autoware_auto_geometry_msgs/lib/python3.8/site-packages:${PYTHONPATH} /usr/bin/cmake /home/cityu/autoware/src/universe/autoware.universe/perception/heatmap_visualizer -DCMAKE_BUILD_TYPE=Release -DAMENT_CMAKE_SYMLINK_INSTALL=1 -DCMAKE_INSTALL_PREFIX=/home/cityu/autoware/install/heatmap_visualizer
[11.471s] Invoking command in '/home/cityu/autoware/build/heatmap_visualizer': AMENT_PREFIX_PATH=/home/cityu/autoware/install/perception_utils:/home/cityu/autoware/install/interpolation:/home/cityu/autoware/install/tier4_autoware_utils:/home/cityu/autoware/install/autoware_auto_vehicle_msgs:/home/cityu/autoware/install/autoware_cmake:/home/cityu/autoware/install/autoware_auto_planning_msgs:/home/cityu/autoware/install/autoware_auto_perception_msgs:/home/cityu/autoware/install/tier4_debug_msgs:/home/cityu/autoware/install/autoware_lint_common:/home/cityu/autoware/install/autoware_auto_mapping_msgs:/home/cityu/autoware/install/autoware_auto_geometry_msgs:${AMENT_PREFIX_PATH} CMAKE_PREFIX_PATH=/home/cityu/autoware/install/perception_utils:/home/cityu/autoware/install/interpolation:/home/cityu/autoware/install/tier4_autoware_utils:/home/cityu/autoware/install/autoware_auto_vehicle_msgs:/home/cityu/autoware/install/autoware_cmake:/home/cityu/autoware/install/autoware_auto_planning_msgs:/home/cityu/autoware/install/autoware_auto_perception_msgs:/home/cityu/autoware/install/tier4_debug_msgs:/home/cityu/autoware/install/autoware_lint_common:/home/cityu/autoware/install/autoware_auto_mapping_msgs:/home/cityu/autoware/install/autoware_auto_geometry_msgs:/opt/ros/galactic LD_LIBRARY_PATH=/home/cityu/autoware/install/perception_utils/lib:/home/cityu/autoware/install/interpolation/lib:/home/cityu/autoware/install/tier4_autoware_utils/lib:/home/cityu/autoware/install/autoware_auto_vehicle_msgs/lib:/home/cityu/autoware/install/autoware_auto_planning_msgs/lib:/home/cityu/autoware/install/autoware_auto_perception_msgs/lib:/home/cityu/autoware/install/tier4_debug_msgs/lib:/home/cityu/autoware/install/autoware_auto_mapping_msgs/lib:/home/cityu/autoware/install/autoware_auto_geometry_msgs/lib:${LD_LIBRARY_PATH} PYTHONPATH=/home/cityu/autoware/install/autoware_auto_vehicle_msgs/lib/python3.8/site-packages:/home/cityu/autoware/install/autoware_auto_planning_msgs/lib/python3.8/site-packages:/home/cityu/autoware/install/autoware_auto_perception_msgs/lib/python3.8/site-packages:/home/cityu/autoware/install/tier4_debug_msgs/lib/python3.8/site-packages:/home/cityu/autoware/install/autoware_auto_mapping_msgs/lib/python3.8/site-packages:/home/cityu/autoware/install/autoware_auto_geometry_msgs/lib/python3.8/site-packages:${PYTHONPATH} /usr/bin/cmake --build /home/cityu/autoware/build/heatmap_visualizer -- -j16 -l16
[13.326s] [35m[1mScanning dependencies of target heatmap_visualizer[0m
[13.331s] [ 20%] [32mBuilding CXX object CMakeFiles/heatmap_visualizer.dir/rclcpp_components/node_main_heatmap_visualizer.cpp.o[0m
[17.038s] [ 40%] [32m[1mLinking CXX executable heatmap_visualizer[0m
[17.341s] [ 40%] Built target heatmap_visualizer
[17.360s] [35m[1mScanning dependencies of target heatmap_visualizer_component[0m
[17.542s] [ 60%] [32mBuilding CXX object CMakeFiles/heatmap_visualizer_component.dir/src/heatmap_visualizer_node.cpp.o[0m
[47.487s] [ 80%] [32mBuilding CXX object CMakeFiles/heatmap_visualizer_component.dir/src/utils.cpp.o[0m
[63.641s] [100%] [32m[1mLinking CXX shared library libheatmap_visualizer_component.so[0m
[64.151s] [100%] Built target heatmap_visualizer_component
[64.175s] Invoked command in '/home/cityu/autoware/build/heatmap_visualizer' returned '0': AMENT_PREFIX_PATH=/home/cityu/autoware/install/perception_utils:/home/cityu/autoware/install/interpolation:/home/cityu/autoware/install/tier4_autoware_utils:/home/cityu/autoware/install/autoware_auto_vehicle_msgs:/home/cityu/autoware/install/autoware_cmake:/home/cityu/autoware/install/autoware_auto_planning_msgs:/home/cityu/autoware/install/autoware_auto_perception_msgs:/home/cityu/autoware/install/tier4_debug_msgs:/home/cityu/autoware/install/autoware_lint_common:/home/cityu/autoware/install/autoware_auto_mapping_msgs:/home/cityu/autoware/install/autoware_auto_geometry_msgs:${AMENT_PREFIX_PATH} CMAKE_PREFIX_PATH=/home/cityu/autoware/install/perception_utils:/home/cityu/autoware/install/interpolation:/home/cityu/autoware/install/tier4_autoware_utils:/home/cityu/autoware/install/autoware_auto_vehicle_msgs:/home/cityu/autoware/install/autoware_cmake:/home/cityu/autoware/install/autoware_auto_planning_msgs:/home/cityu/autoware/install/autoware_auto_perception_msgs:/home/cityu/autoware/install/tier4_debug_msgs:/home/cityu/autoware/install/autoware_lint_common:/home/cityu/autoware/install/autoware_auto_mapping_msgs:/home/cityu/autoware/install/autoware_auto_geometry_msgs:/opt/ros/galactic LD_LIBRARY_PATH=/home/cityu/autoware/install/perception_utils/lib:/home/cityu/autoware/install/interpolation/lib:/home/cityu/autoware/install/tier4_autoware_utils/lib:/home/cityu/autoware/install/autoware_auto_vehicle_msgs/lib:/home/cityu/autoware/install/autoware_auto_planning_msgs/lib:/home/cityu/autoware/install/autoware_auto_perception_msgs/lib:/home/cityu/autoware/install/tier4_debug_msgs/lib:/home/cityu/autoware/install/autoware_auto_mapping_msgs/lib:/home/cityu/autoware/install/autoware_auto_geometry_msgs/lib:${LD_LIBRARY_PATH} PYTHONPATH=/home/cityu/autoware/install/autoware_auto_vehicle_msgs/lib/python3.8/site-packages:/home/cityu/autoware/install/autoware_auto_planning_msgs/lib/python3.8/site-packages:/home/cityu/autoware/install/autoware_auto_perception_msgs/lib/python3.8/site-packages:/home/cityu/autoware/install/tier4_debug_msgs/lib/python3.8/site-packages:/home/cityu/autoware/install/autoware_auto_mapping_msgs/lib/python3.8/site-packages:/home/cityu/autoware/install/autoware_auto_geometry_msgs/lib/python3.8/site-packages:${PYTHONPATH} /usr/bin/cmake --build /home/cityu/autoware/build/heatmap_visualizer -- -j16 -l16
[64.257s] Invoking command in '/home/cityu/autoware/build/heatmap_visualizer': AMENT_PREFIX_PATH=/home/cityu/autoware/install/perception_utils:/home/cityu/autoware/install/interpolation:/home/cityu/autoware/install/tier4_autoware_utils:/home/cityu/autoware/install/autoware_auto_vehicle_msgs:/home/cityu/autoware/install/autoware_cmake:/home/cityu/autoware/install/autoware_auto_planning_msgs:/home/cityu/autoware/install/autoware_auto_perception_msgs:/home/cityu/autoware/install/tier4_debug_msgs:/home/cityu/autoware/install/autoware_lint_common:/home/cityu/autoware/install/autoware_auto_mapping_msgs:/home/cityu/autoware/install/autoware_auto_geometry_msgs:${AMENT_PREFIX_PATH} CMAKE_PREFIX_PATH=/home/cityu/autoware/install/perception_utils:/home/cityu/autoware/install/interpolation:/home/cityu/autoware/install/tier4_autoware_utils:/home/cityu/autoware/install/autoware_auto_vehicle_msgs:/home/cityu/autoware/install/autoware_cmake:/home/cityu/autoware/install/autoware_auto_planning_msgs:/home/cityu/autoware/install/autoware_auto_perception_msgs:/home/cityu/autoware/install/tier4_debug_msgs:/home/cityu/autoware/install/autoware_lint_common:/home/cityu/autoware/install/autoware_auto_mapping_msgs:/home/cityu/autoware/install/autoware_auto_geometry_msgs:/opt/ros/galactic LD_LIBRARY_PATH=/home/cityu/autoware/install/perception_utils/lib:/home/cityu/autoware/install/interpolation/lib:/home/cityu/autoware/install/tier4_autoware_utils/lib:/home/cityu/autoware/install/autoware_auto_vehicle_msgs/lib:/home/cityu/autoware/install/autoware_auto_planning_msgs/lib:/home/cityu/autoware/install/autoware_auto_perception_msgs/lib:/home/cityu/autoware/install/tier4_debug_msgs/lib:/home/cityu/autoware/install/autoware_auto_mapping_msgs/lib:/home/cityu/autoware/install/autoware_auto_geometry_msgs/lib:${LD_LIBRARY_PATH} PYTHONPATH=/home/cityu/autoware/install/autoware_auto_vehicle_msgs/lib/python3.8/site-packages:/home/cityu/autoware/install/autoware_auto_planning_msgs/lib/python3.8/site-packages:/home/cityu/autoware/install/autoware_auto_perception_msgs/lib/python3.8/site-packages:/home/cityu/autoware/install/tier4_debug_msgs/lib/python3.8/site-packages:/home/cityu/autoware/install/autoware_auto_mapping_msgs/lib/python3.8/site-packages:/home/cityu/autoware/install/autoware_auto_geometry_msgs/lib/python3.8/site-packages:${PYTHONPATH} /usr/bin/cmake --install /home/cityu/autoware/build/heatmap_visualizer
[101.471s] -- Install configuration: "Release"
[101.471s] -- Execute custom install script
[101.471s] -- Symlinking: /home/cityu/autoware/install/heatmap_visualizer/lib/heatmap_visualizer/heatmap_visualizer
[101.471s] -- Symlinking: /home/cityu/autoware/install/heatmap_visualizer/include/heatmap_visualizer/heatmap_visualizer_node.hpp
[101.471s] -- Symlinking: /home/cityu/autoware/install/heatmap_visualizer/include/heatmap_visualizer/utils.hpp
[101.471s] -- Symlinking: /home/cityu/autoware/install/heatmap_visualizer/share/heatmap_visualizer/environment/library_path.sh
[101.471s] -- Symlinking: /home/cityu/autoware/install/heatmap_visualizer/share/heatmap_visualizer/environment/library_path.dsv
[101.471s] -- Symlinking: /home/cityu/autoware/install/heatmap_visualizer/lib/libheatmap_visualizer_component.so
[101.472s] -- Symlinking: /home/cityu/autoware/install/heatmap_visualizer/share/heatmap_visualizer/launch/heatmap_visualizer.launch.xml
[101.472s] -- Symlinking: /home/cityu/autoware/install/heatmap_visualizer/share/ament_index/resource_index/package_run_dependencies/heatmap_visualizer
[101.472s] -- Symlinking: /home/cityu/autoware/install/heatmap_visualizer/share/ament_index/resource_index/parent_prefix_path/heatmap_visualizer
[101.472s] -- Symlinking: /home/cityu/autoware/install/heatmap_visualizer/share/heatmap_visualizer/environment/ament_prefix_path.sh
[101.472s] -- Symlinking: /home/cityu/autoware/install/heatmap_visualizer/share/heatmap_visualizer/environment/ament_prefix_path.dsv
[101.472s] -- Symlinking: /home/cityu/autoware/install/heatmap_visualizer/share/heatmap_visualizer/environment/path.sh
[101.472s] -- Symlinking: /home/cityu/autoware/install/heatmap_visualizer/share/heatmap_visualizer/environment/path.dsv
[101.472s] -- Symlinking: /home/cityu/autoware/install/heatmap_visualizer/share/heatmap_visualizer/local_setup.bash
[101.472s] -- Symlinking: /home/cityu/autoware/install/heatmap_visualizer/share/heatmap_visualizer/local_setup.sh
[101.473s] -- Symlinking: /home/cityu/autoware/install/heatmap_visualizer/share/heatmap_visualizer/local_setup.zsh
[101.473s] -- Symlinking: /home/cityu/autoware/install/heatmap_visualizer/share/heatmap_visualizer/local_setup.dsv
[101.473s] -- Symlinking: /home/cityu/autoware/install/heatmap_visualizer/share/heatmap_visualizer/package.dsv
[101.473s] -- Symlinking: /home/cityu/autoware/install/heatmap_visualizer/share/ament_index/resource_index/packages/heatmap_visualizer
[101.473s] -- Symlinking: /home/cityu/autoware/install/heatmap_visualizer/share/ament_index/resource_index/rclcpp_components/heatmap_visualizer
[101.473s] -- Symlinking: /home/cityu/autoware/install/heatmap_visualizer/share/heatmap_visualizer/cmake/ament_cmake_export_dependencies-extras.cmake
[101.473s] -- Symlinking: /home/cityu/autoware/install/heatmap_visualizer/share/heatmap_visualizer/cmake/ament_cmake_export_include_directories-extras.cmake
[101.473s] -- Symlinking: /home/cityu/autoware/install/heatmap_visualizer/share/heatmap_visualizer/cmake/ament_cmake_export_libraries-extras.cmake
[101.474s] -- Symlinking: /home/cityu/autoware/install/heatmap_visualizer/share/heatmap_visualizer/cmake/heatmap_visualizerConfig.cmake
[101.474s] -- Symlinking: /home/cityu/autoware/install/heatmap_visualizer/share/heatmap_visualizer/cmake/heatmap_visualizerConfig-version.cmake
[101.474s] -- Symlinking: /home/cityu/autoware/install/heatmap_visualizer/share/heatmap_visualizer/package.xml
[101.571s] Invoked command in '/home/cityu/autoware/build/heatmap_visualizer' returned '0': AMENT_PREFIX_PATH=/home/cityu/autoware/install/perception_utils:/home/cityu/autoware/install/interpolation:/home/cityu/autoware/install/tier4_autoware_utils:/home/cityu/autoware/install/autoware_auto_vehicle_msgs:/home/cityu/autoware/install/autoware_cmake:/home/cityu/autoware/install/autoware_auto_planning_msgs:/home/cityu/autoware/install/autoware_auto_perception_msgs:/home/cityu/autoware/install/tier4_debug_msgs:/home/cityu/autoware/install/autoware_lint_common:/home/cityu/autoware/install/autoware_auto_mapping_msgs:/home/cityu/autoware/install/autoware_auto_geometry_msgs:${AMENT_PREFIX_PATH} CMAKE_PREFIX_PATH=/home/cityu/autoware/install/perception_utils:/home/cityu/autoware/install/interpolation:/home/cityu/autoware/install/tier4_autoware_utils:/home/cityu/autoware/install/autoware_auto_vehicle_msgs:/home/cityu/autoware/install/autoware_cmake:/home/cityu/autoware/install/autoware_auto_planning_msgs:/home/cityu/autoware/install/autoware_auto_perception_msgs:/home/cityu/autoware/install/tier4_debug_msgs:/home/cityu/autoware/install/autoware_lint_common:/home/cityu/autoware/install/autoware_auto_mapping_msgs:/home/cityu/autoware/install/autoware_auto_geometry_msgs:/opt/ros/galactic LD_LIBRARY_PATH=/home/cityu/autoware/install/perception_utils/lib:/home/cityu/autoware/install/interpolation/lib:/home/cityu/autoware/install/tier4_autoware_utils/lib:/home/cityu/autoware/install/autoware_auto_vehicle_msgs/lib:/home/cityu/autoware/install/autoware_auto_planning_msgs/lib:/home/cityu/autoware/install/autoware_auto_perception_msgs/lib:/home/cityu/autoware/install/tier4_debug_msgs/lib:/home/cityu/autoware/install/autoware_auto_mapping_msgs/lib:/home/cityu/autoware/install/autoware_auto_geometry_msgs/lib:${LD_LIBRARY_PATH} PYTHONPATH=/home/cityu/autoware/install/autoware_auto_vehicle_msgs/lib/python3.8/site-packages:/home/cityu/autoware/install/autoware_auto_planning_msgs/lib/python3.8/site-packages:/home/cityu/autoware/install/autoware_auto_perception_msgs/lib/python3.8/site-packages:/home/cityu/autoware/install/tier4_debug_msgs/lib/python3.8/site-packages:/home/cityu/autoware/install/autoware_auto_mapping_msgs/lib/python3.8/site-packages:/home/cityu/autoware/install/autoware_auto_geometry_msgs/lib/python3.8/site-packages:${PYTHONPATH} /usr/bin/cmake --install /home/cityu/autoware/build/heatmap_visualizer
