[0.319s] Invoking command in '/home/cityu/autoware/build/motion_utils': AMENT_PREFIX_PATH=/home/cityu/autoware/install/interpolation:/home/cityu/autoware/install/tier4_autoware_utils:/home/cityu/autoware/install/autoware_auto_vehicle_msgs:/home/cityu/autoware/install/autoware_cmake:/home/cityu/autoware/install/autoware_auto_planning_msgs:/home/cityu/autoware/install/autoware_auto_perception_msgs:/home/cityu/autoware/install/tier4_debug_msgs:/home/cityu/autoware/install/autoware_lint_common:/home/cityu/autoware/install/autoware_auto_mapping_msgs:/home/cityu/autoware/install/autoware_auto_geometry_msgs:${AMENT_PREFIX_PATH} CMAKE_PREFIX_PATH=/home/cityu/autoware/install/interpolation:/home/cityu/autoware/install/tier4_autoware_utils:/home/cityu/autoware/install/autoware_auto_vehicle_msgs:/home/cityu/autoware/install/autoware_cmake:/home/cityu/autoware/install/autoware_auto_planning_msgs:/home/cityu/autoware/install/autoware_auto_perception_msgs:/home/cityu/autoware/install/tier4_debug_msgs:/home/cityu/autoware/install/autoware_lint_common:/home/cityu/autoware/install/autoware_auto_mapping_msgs:/home/cityu/autoware/install/autoware_auto_geometry_msgs:/opt/ros/galactic LD_LIBRARY_PATH=/home/cityu/autoware/install/interpolation/lib:/home/cityu/autoware/install/tier4_autoware_utils/lib:/home/cityu/autoware/install/autoware_auto_vehicle_msgs/lib:/home/cityu/autoware/install/autoware_auto_planning_msgs/lib:/home/cityu/autoware/install/autoware_auto_perception_msgs/lib:/home/cityu/autoware/install/tier4_debug_msgs/lib:/home/cityu/autoware/install/autoware_auto_mapping_msgs/lib:/home/cityu/autoware/install/autoware_auto_geometry_msgs/lib:${LD_LIBRARY_PATH} PYTHONPATH=/home/cityu/autoware/install/autoware_auto_vehicle_msgs/lib/python3.8/site-packages:/home/cityu/autoware/install/autoware_auto_planning_msgs/lib/python3.8/site-packages:/home/cityu/autoware/install/autoware_auto_perception_msgs/lib/python3.8/site-packages:/home/cityu/autoware/install/tier4_debug_msgs/lib/python3.8/site-packages:/home/cityu/autoware/install/autoware_auto_mapping_msgs/lib/python3.8/site-packages:/home/cityu/autoware/install/autoware_auto_geometry_msgs/lib/python3.8/site-packages:${PYTHONPATH} /usr/bin/cmake /home/cityu/autoware/src/universe/autoware.universe/common/motion_utils -DCMAKE_BUILD_TYPE=Release -DAMENT_CMAKE_SYMLINK_INSTALL=1 -DCMAKE_INSTALL_PREFIX=/home/cityu/autoware/install/motion_utils
[6.946s] -- The C compiler identification is GNU 9.4.0
[6.946s] -- The CXX compiler identification is GNU 9.4.0
[6.946s] -- Check for working C compiler: /usr/bin/cc
[6.946s] -- Check for working C compiler: /usr/bin/cc -- works
[6.946s] -- Detecting C compiler ABI info
[6.946s] -- Detecting C compiler ABI info - done
[6.946s] -- Detecting C compile features
[6.946s] -- Detecting C compile features - done
[6.946s] -- Check for working CXX compiler: /usr/bin/c++
[6.947s] -- Check for working CXX compiler: /usr/bin/c++ -- works
[6.947s] -- Detecting CXX compiler ABI info
[6.947s] -- Detecting CXX compiler ABI info - done
[6.947s] -- Detecting CXX compile features
[6.947s] -- Detecting CXX compile features - done
[6.947s] -- Found autoware_cmake: 0.1.0 (/home/cityu/autoware/install/autoware_cmake/share/autoware_cmake/cmake)
[6.947s] -- Found ament_cmake_auto: 1.1.6 (/opt/ros/galactic/share/ament_cmake_auto/cmake)
[6.947s] -- Found PythonInterp: /usr/bin/python3 (found suitable version "3.8.10", minimum required is "3") 
[6.948s] -- Using PYTHON_EXECUTABLE: /usr/bin/python3
[6.948s] -- Override CMake install command with custom implementation using symlinks instead of copying resources
[6.948s] -- Using all available rosidl_typesupport_c: rosidl_typesupport_fastrtps_c;rosidl_typesupport_introspection_c
[6.948s] -- Found rosidl_adapter: 2.2.3 (/opt/ros/galactic/share/rosidl_adapter/cmake)
[6.948s] -- Found OpenSSL: /usr/lib/x86_64-linux-gnu/libcrypto.so (found version "1.1.1f")  
[6.948s] -- Found FastRTPS: /opt/ros/galactic/include  
[6.948s] -- Using all available rosidl_typesupport_cpp: rosidl_typesupport_fastrtps_cpp;rosidl_typesupport_introspection_cpp
[7.561s] -- Found rmw_implementation_cmake: 3.3.1 (/opt/ros/galactic/share/rmw_implementation_cmake/cmake)
[7.567s] -- Found rmw_cyclonedds_cpp: 0.22.6 (/opt/ros/galactic/share/rmw_cyclonedds_cpp/cmake)
[7.605s] -- Using RMW implementation 'rmw_cyclonedds_cpp' as default
[7.606s] -- Looking for pthread.h
[7.784s] -- Looking for pthread.h - found
[7.793s] -- Performing Test CMAKE_HAVE_LIBC_PTHREAD
[7.958s] -- Performing Test CMAKE_HAVE_LIBC_PTHREAD - Failed
[7.959s] -- Looking for pthread_create in pthreads
[8.090s] -- Looking for pthread_create in pthreads - not found
[8.091s] -- Looking for pthread_create in pthread
[8.235s] -- Looking for pthread_create in pthread - found
[8.237s] -- Found Threads: TRUE  
[8.601s] -- Found eigen3_cmake_module: 0.1.1 (/opt/ros/galactic/share/eigen3_cmake_module/cmake)
[8.607s] -- Found Eigen3: TRUE (found version "3.3.7") 
[9.934s] -- Found ament_lint_auto: 0.10.7 (/opt/ros/galactic/share/ament_lint_auto/cmake)
[9.975s] -- Found Boost: /usr/lib/x86_64-linux-gnu/cmake/Boost-1.71.0/BoostConfig.cmake (found version "1.71.0")  
[10.571s] -- Found gtest sources under '/opt/ros/galactic/src/gtest_vendor': C++ tests using 'Google Test' will be built
[10.576s] -- Check if compiler accepts -pthread
[10.749s] -- Check if compiler accepts -pthread - yes
[10.777s] -- Added test 'copyright' to check source files copyright and LICENSE
[10.785s] -- Added test 'cppcheck' to perform static code analysis on C / C++ code
[10.786s] -- Configured cppcheck include dirs: /home/cityu/autoware/src/universe/autoware.universe/common/motion_utils/include
[10.786s] -- Configured cppcheck exclude dirs and/or files: 
[10.789s] -- Added test 'lint_cmake' to check CMake code style
[10.790s] -- Added test 'xmllint' to check XML markup files
[10.801s] -- Configuring done
[10.933s] -- Generating done
[10.938s] -- Build files have been written to: /home/cityu/autoware/build/motion_utils
[10.986s] Invoked command in '/home/cityu/autoware/build/motion_utils' returned '0': AMENT_PREFIX_PATH=/home/cityu/autoware/install/interpolation:/home/cityu/autoware/install/tier4_autoware_utils:/home/cityu/autoware/install/autoware_auto_vehicle_msgs:/home/cityu/autoware/install/autoware_cmake:/home/cityu/autoware/install/autoware_auto_planning_msgs:/home/cityu/autoware/install/autoware_auto_perception_msgs:/home/cityu/autoware/install/tier4_debug_msgs:/home/cityu/autoware/install/autoware_lint_common:/home/cityu/autoware/install/autoware_auto_mapping_msgs:/home/cityu/autoware/install/autoware_auto_geometry_msgs:${AMENT_PREFIX_PATH} CMAKE_PREFIX_PATH=/home/cityu/autoware/install/interpolation:/home/cityu/autoware/install/tier4_autoware_utils:/home/cityu/autoware/install/autoware_auto_vehicle_msgs:/home/cityu/autoware/install/autoware_cmake:/home/cityu/autoware/install/autoware_auto_planning_msgs:/home/cityu/autoware/install/autoware_auto_perception_msgs:/home/cityu/autoware/install/tier4_debug_msgs:/home/cityu/autoware/install/autoware_lint_common:/home/cityu/autoware/install/autoware_auto_mapping_msgs:/home/cityu/autoware/install/autoware_auto_geometry_msgs:/opt/ros/galactic LD_LIBRARY_PATH=/home/cityu/autoware/install/interpolation/lib:/home/cityu/autoware/install/tier4_autoware_utils/lib:/home/cityu/autoware/install/autoware_auto_vehicle_msgs/lib:/home/cityu/autoware/install/autoware_auto_planning_msgs/lib:/home/cityu/autoware/install/autoware_auto_perception_msgs/lib:/home/cityu/autoware/install/tier4_debug_msgs/lib:/home/cityu/autoware/install/autoware_auto_mapping_msgs/lib:/home/cityu/autoware/install/autoware_auto_geometry_msgs/lib:${LD_LIBRARY_PATH} PYTHONPATH=/home/cityu/autoware/install/autoware_auto_vehicle_msgs/lib/python3.8/site-packages:/home/cityu/autoware/install/autoware_auto_planning_msgs/lib/python3.8/site-packages:/home/cityu/autoware/install/autoware_auto_perception_msgs/lib/python3.8/site-packages:/home/cityu/autoware/install/tier4_debug_msgs/lib/python3.8/site-packages:/home/cityu/autoware/install/autoware_auto_mapping_msgs/lib/python3.8/site-packages:/home/cityu/autoware/install/autoware_auto_geometry_msgs/lib/python3.8/site-packages:${PYTHONPATH} /usr/bin/cmake /home/cityu/autoware/src/universe/autoware.universe/common/motion_utils -DCMAKE_BUILD_TYPE=Release -DAMENT_CMAKE_SYMLINK_INSTALL=1 -DCMAKE_INSTALL_PREFIX=/home/cityu/autoware/install/motion_utils
[10.988s] Invoking command in '/home/cityu/autoware/build/motion_utils': AMENT_PREFIX_PATH=/home/cityu/autoware/install/interpolation:/home/cityu/autoware/install/tier4_autoware_utils:/home/cityu/autoware/install/autoware_auto_vehicle_msgs:/home/cityu/autoware/install/autoware_cmake:/home/cityu/autoware/install/autoware_auto_planning_msgs:/home/cityu/autoware/install/autoware_auto_perception_msgs:/home/cityu/autoware/install/tier4_debug_msgs:/home/cityu/autoware/install/autoware_lint_common:/home/cityu/autoware/install/autoware_auto_mapping_msgs:/home/cityu/autoware/install/autoware_auto_geometry_msgs:${AMENT_PREFIX_PATH} CMAKE_PREFIX_PATH=/home/cityu/autoware/install/interpolation:/home/cityu/autoware/install/tier4_autoware_utils:/home/cityu/autoware/install/autoware_auto_vehicle_msgs:/home/cityu/autoware/install/autoware_cmake:/home/cityu/autoware/install/autoware_auto_planning_msgs:/home/cityu/autoware/install/autoware_auto_perception_msgs:/home/cityu/autoware/install/tier4_debug_msgs:/home/cityu/autoware/install/autoware_lint_common:/home/cityu/autoware/install/autoware_auto_mapping_msgs:/home/cityu/autoware/install/autoware_auto_geometry_msgs:/opt/ros/galactic LD_LIBRARY_PATH=/home/cityu/autoware/install/interpolation/lib:/home/cityu/autoware/install/tier4_autoware_utils/lib:/home/cityu/autoware/install/autoware_auto_vehicle_msgs/lib:/home/cityu/autoware/install/autoware_auto_planning_msgs/lib:/home/cityu/autoware/install/autoware_auto_perception_msgs/lib:/home/cityu/autoware/install/tier4_debug_msgs/lib:/home/cityu/autoware/install/autoware_auto_mapping_msgs/lib:/home/cityu/autoware/install/autoware_auto_geometry_msgs/lib:${LD_LIBRARY_PATH} PYTHONPATH=/home/cityu/autoware/install/autoware_auto_vehicle_msgs/lib/python3.8/site-packages:/home/cityu/autoware/install/autoware_auto_planning_msgs/lib/python3.8/site-packages:/home/cityu/autoware/install/autoware_auto_perception_msgs/lib/python3.8/site-packages:/home/cityu/autoware/install/tier4_debug_msgs/lib/python3.8/site-packages:/home/cityu/autoware/install/autoware_auto_mapping_msgs/lib/python3.8/site-packages:/home/cityu/autoware/install/autoware_auto_geometry_msgs/lib/python3.8/site-packages:${PYTHONPATH} /usr/bin/cmake --build /home/cityu/autoware/build/motion_utils -- -j16 -l16
[39.731s] [35m[1mScanning dependencies of target gtest[0m
[39.731s] [  5%] [32mBuilding CXX object gtest/CMakeFiles/gtest.dir/src/gtest-all.cc.o[0m
[39.731s] [ 11%] [32m[1mLinking CXX static library libgtest.a[0m
[39.731s] [ 11%] Built target gtest
[39.731s] [35m[1mScanning dependencies of target gtest_main[0m
[39.731s] [35m[1mScanning dependencies of target motion_utils[0m
[39.732s] [ 17%] [32mBuilding CXX object gtest/CMakeFiles/gtest_main.dir/src/gtest_main.cc.o[0m
[39.732s] [ 23%] [32mBuilding CXX object CMakeFiles/motion_utils.dir/src/motion_utils.cpp.o[0m
[39.732s] [ 29%] [32mBuilding CXX object CMakeFiles/motion_utils.dir/src/marker/marker_helper.cpp.o[0m
[39.732s] [ 35%] [32m[1mLinking CXX static library libgtest_main.a[0m
[39.732s] [ 35%] Built target gtest_main
[41.360s] [ 41%] [32mBuilding CXX object CMakeFiles/motion_utils.dir/src/vehicle/vehicle_state_checker.cpp.o[0m
[70.790s] [ 47%] [32mBuilding CXX object CMakeFiles/motion_utils.dir/src/trajectory/interpolation.cpp.o[0m
[80.909s] [ 52%] [32mBuilding CXX object CMakeFiles/motion_utils.dir/src/resample/resample.cpp.o[0m
[96.560s] [ 58%] [32m[1mLinking CXX shared library libmotion_utils.so[0m
[97.232s] [ 58%] Built target motion_utils
[97.279s] [35m[1mScanning dependencies of target test_motion_utils[0m
[97.655s] [ 64%] [32mBuilding CXX object CMakeFiles/test_motion_utils.dir/test/src/resample/test_resample.cpp.o[0m
[180.030s] [ 76%] [32mBuilding CXX object CMakeFiles/test_motion_utils.dir/test/src/trajectory/test_trajectory.cpp.o[0m
[180.030s] [ 76%] [32mBuilding CXX object CMakeFiles/test_motion_utils.dir/test/src/vehicle/test_vehicle_state_checker.cpp.o[0m
[198.511s] [ 82%] [32mBuilding CXX object CMakeFiles/test_motion_utils.dir/test/src/trajectory/test_path_with_lane_id.cpp.o[0m
[209.856s] [ 88%] [32mBuilding CXX object CMakeFiles/test_motion_utils.dir/test/src/trajectory/test_interpolation.cpp.o[0m
[241.097s] [ 94%] [32mBuilding CXX object CMakeFiles/test_motion_utils.dir/test/src/test_motion_utils.cpp.o[0m
[257.092s] [100%] [32m[1mLinking CXX executable test_motion_utils[0m
[257.694s] [100%] Built target test_motion_utils
[257.723s] Invoked command in '/home/cityu/autoware/build/motion_utils' returned '0': AMENT_PREFIX_PATH=/home/cityu/autoware/install/interpolation:/home/cityu/autoware/install/tier4_autoware_utils:/home/cityu/autoware/install/autoware_auto_vehicle_msgs:/home/cityu/autoware/install/autoware_cmake:/home/cityu/autoware/install/autoware_auto_planning_msgs:/home/cityu/autoware/install/autoware_auto_perception_msgs:/home/cityu/autoware/install/tier4_debug_msgs:/home/cityu/autoware/install/autoware_lint_common:/home/cityu/autoware/install/autoware_auto_mapping_msgs:/home/cityu/autoware/install/autoware_auto_geometry_msgs:${AMENT_PREFIX_PATH} CMAKE_PREFIX_PATH=/home/cityu/autoware/install/interpolation:/home/cityu/autoware/install/tier4_autoware_utils:/home/cityu/autoware/install/autoware_auto_vehicle_msgs:/home/cityu/autoware/install/autoware_cmake:/home/cityu/autoware/install/autoware_auto_planning_msgs:/home/cityu/autoware/install/autoware_auto_perception_msgs:/home/cityu/autoware/install/tier4_debug_msgs:/home/cityu/autoware/install/autoware_lint_common:/home/cityu/autoware/install/autoware_auto_mapping_msgs:/home/cityu/autoware/install/autoware_auto_geometry_msgs:/opt/ros/galactic LD_LIBRARY_PATH=/home/cityu/autoware/install/interpolation/lib:/home/cityu/autoware/install/tier4_autoware_utils/lib:/home/cityu/autoware/install/autoware_auto_vehicle_msgs/lib:/home/cityu/autoware/install/autoware_auto_planning_msgs/lib:/home/cityu/autoware/install/autoware_auto_perception_msgs/lib:/home/cityu/autoware/install/tier4_debug_msgs/lib:/home/cityu/autoware/install/autoware_auto_mapping_msgs/lib:/home/cityu/autoware/install/autoware_auto_geometry_msgs/lib:${LD_LIBRARY_PATH} PYTHONPATH=/home/cityu/autoware/install/autoware_auto_vehicle_msgs/lib/python3.8/site-packages:/home/cityu/autoware/install/autoware_auto_planning_msgs/lib/python3.8/site-packages:/home/cityu/autoware/install/autoware_auto_perception_msgs/lib/python3.8/site-packages:/home/cityu/autoware/install/tier4_debug_msgs/lib/python3.8/site-packages:/home/cityu/autoware/install/autoware_auto_mapping_msgs/lib/python3.8/site-packages:/home/cityu/autoware/install/autoware_auto_geometry_msgs/lib/python3.8/site-packages:${PYTHONPATH} /usr/bin/cmake --build /home/cityu/autoware/build/motion_utils -- -j16 -l16
[257.785s] Invoking command in '/home/cityu/autoware/build/motion_utils': AMENT_PREFIX_PATH=/home/cityu/autoware/install/interpolation:/home/cityu/autoware/install/tier4_autoware_utils:/home/cityu/autoware/install/autoware_auto_vehicle_msgs:/home/cityu/autoware/install/autoware_cmake:/home/cityu/autoware/install/autoware_auto_planning_msgs:/home/cityu/autoware/install/autoware_auto_perception_msgs:/home/cityu/autoware/install/tier4_debug_msgs:/home/cityu/autoware/install/autoware_lint_common:/home/cityu/autoware/install/autoware_auto_mapping_msgs:/home/cityu/autoware/install/autoware_auto_geometry_msgs:${AMENT_PREFIX_PATH} CMAKE_PREFIX_PATH=/home/cityu/autoware/install/interpolation:/home/cityu/autoware/install/tier4_autoware_utils:/home/cityu/autoware/install/autoware_auto_vehicle_msgs:/home/cityu/autoware/install/autoware_cmake:/home/cityu/autoware/install/autoware_auto_planning_msgs:/home/cityu/autoware/install/autoware_auto_perception_msgs:/home/cityu/autoware/install/tier4_debug_msgs:/home/cityu/autoware/install/autoware_lint_common:/home/cityu/autoware/install/autoware_auto_mapping_msgs:/home/cityu/autoware/install/autoware_auto_geometry_msgs:/opt/ros/galactic LD_LIBRARY_PATH=/home/cityu/autoware/install/interpolation/lib:/home/cityu/autoware/install/tier4_autoware_utils/lib:/home/cityu/autoware/install/autoware_auto_vehicle_msgs/lib:/home/cityu/autoware/install/autoware_auto_planning_msgs/lib:/home/cityu/autoware/install/autoware_auto_perception_msgs/lib:/home/cityu/autoware/install/tier4_debug_msgs/lib:/home/cityu/autoware/install/autoware_auto_mapping_msgs/lib:/home/cityu/autoware/install/autoware_auto_geometry_msgs/lib:${LD_LIBRARY_PATH} PYTHONPATH=/home/cityu/autoware/install/autoware_auto_vehicle_msgs/lib/python3.8/site-packages:/home/cityu/autoware/install/autoware_auto_planning_msgs/lib/python3.8/site-packages:/home/cityu/autoware/install/autoware_auto_perception_msgs/lib/python3.8/site-packages:/home/cityu/autoware/install/tier4_debug_msgs/lib/python3.8/site-packages:/home/cityu/autoware/install/autoware_auto_mapping_msgs/lib/python3.8/site-packages:/home/cityu/autoware/install/autoware_auto_geometry_msgs/lib/python3.8/site-packages:${PYTHONPATH} /usr/bin/cmake --install /home/cityu/autoware/build/motion_utils
[265.632s] -- Install configuration: "Release"
[265.632s] -- Execute custom install script
[265.632s] -- Symlinking: /home/cityu/autoware/install/motion_utils/include/motion_utils/constants.hpp
[265.632s] -- Symlinking: /home/cityu/autoware/install/motion_utils/include/motion_utils/marker/marker_helper.hpp
[265.632s] -- Symlinking: /home/cityu/autoware/install/motion_utils/include/motion_utils/motion_utils.hpp
[265.632s] -- Symlinking: /home/cityu/autoware/install/motion_utils/include/motion_utils/resample/resample.hpp
[265.632s] -- Symlinking: /home/cityu/autoware/install/motion_utils/include/motion_utils/resample/resample_utils.hpp
[265.632s] -- Symlinking: /home/cityu/autoware/install/motion_utils/include/motion_utils/trajectory/interpolation.hpp
[265.633s] -- Symlinking: /home/cityu/autoware/install/motion_utils/include/motion_utils/trajectory/path_with_lane_id.hpp
[265.633s] -- Symlinking: /home/cityu/autoware/install/motion_utils/include/motion_utils/trajectory/tmp_conversion.hpp
[265.633s] -- Symlinking: /home/cityu/autoware/install/motion_utils/include/motion_utils/trajectory/trajectory.hpp
[265.633s] -- Symlinking: /home/cityu/autoware/install/motion_utils/include/motion_utils/vehicle/vehicle_state_checker.hpp
[265.633s] -- Symlinking: /home/cityu/autoware/install/motion_utils/share/motion_utils/environment/library_path.sh
[265.633s] -- Symlinking: /home/cityu/autoware/install/motion_utils/share/motion_utils/environment/library_path.dsv
[265.633s] -- Symlinking: /home/cityu/autoware/install/motion_utils/lib/libmotion_utils.so
[265.633s] -- Symlinking: /home/cityu/autoware/install/motion_utils/share/ament_index/resource_index/package_run_dependencies/motion_utils
[265.633s] -- Symlinking: /home/cityu/autoware/install/motion_utils/share/ament_index/resource_index/parent_prefix_path/motion_utils
[265.633s] -- Symlinking: /home/cityu/autoware/install/motion_utils/share/motion_utils/environment/ament_prefix_path.sh
[265.634s] -- Symlinking: /home/cityu/autoware/install/motion_utils/share/motion_utils/environment/ament_prefix_path.dsv
[265.634s] -- Symlinking: /home/cityu/autoware/install/motion_utils/share/motion_utils/environment/path.sh
[265.634s] -- Symlinking: /home/cityu/autoware/install/motion_utils/share/motion_utils/environment/path.dsv
[265.634s] -- Symlinking: /home/cityu/autoware/install/motion_utils/share/motion_utils/local_setup.bash
[265.634s] -- Symlinking: /home/cityu/autoware/install/motion_utils/share/motion_utils/local_setup.sh
[265.634s] -- Symlinking: /home/cityu/autoware/install/motion_utils/share/motion_utils/local_setup.zsh
[265.634s] -- Symlinking: /home/cityu/autoware/install/motion_utils/share/motion_utils/local_setup.dsv
[265.634s] -- Symlinking: /home/cityu/autoware/install/motion_utils/share/motion_utils/package.dsv
[265.634s] -- Symlinking: /home/cityu/autoware/install/motion_utils/share/ament_index/resource_index/packages/motion_utils
[265.634s] -- Symlinking: /home/cityu/autoware/install/motion_utils/share/motion_utils/cmake/ament_cmake_export_dependencies-extras.cmake
[265.635s] -- Symlinking: /home/cityu/autoware/install/motion_utils/share/motion_utils/cmake/ament_cmake_export_include_directories-extras.cmake
[265.635s] -- Symlinking: /home/cityu/autoware/install/motion_utils/share/motion_utils/cmake/ament_cmake_export_libraries-extras.cmake
[265.635s] -- Symlinking: /home/cityu/autoware/install/motion_utils/share/motion_utils/cmake/motion_utilsConfig.cmake
[265.635s] -- Symlinking: /home/cityu/autoware/install/motion_utils/share/motion_utils/cmake/motion_utilsConfig-version.cmake
[265.635s] -- Symlinking: /home/cityu/autoware/install/motion_utils/share/motion_utils/package.xml
[265.787s] Invoked command in '/home/cityu/autoware/build/motion_utils' returned '0': AMENT_PREFIX_PATH=/home/cityu/autoware/install/interpolation:/home/cityu/autoware/install/tier4_autoware_utils:/home/cityu/autoware/install/autoware_auto_vehicle_msgs:/home/cityu/autoware/install/autoware_cmake:/home/cityu/autoware/install/autoware_auto_planning_msgs:/home/cityu/autoware/install/autoware_auto_perception_msgs:/home/cityu/autoware/install/tier4_debug_msgs:/home/cityu/autoware/install/autoware_lint_common:/home/cityu/autoware/install/autoware_auto_mapping_msgs:/home/cityu/autoware/install/autoware_auto_geometry_msgs:${AMENT_PREFIX_PATH} CMAKE_PREFIX_PATH=/home/cityu/autoware/install/interpolation:/home/cityu/autoware/install/tier4_autoware_utils:/home/cityu/autoware/install/autoware_auto_vehicle_msgs:/home/cityu/autoware/install/autoware_cmake:/home/cityu/autoware/install/autoware_auto_planning_msgs:/home/cityu/autoware/install/autoware_auto_perception_msgs:/home/cityu/autoware/install/tier4_debug_msgs:/home/cityu/autoware/install/autoware_lint_common:/home/cityu/autoware/install/autoware_auto_mapping_msgs:/home/cityu/autoware/install/autoware_auto_geometry_msgs:/opt/ros/galactic LD_LIBRARY_PATH=/home/cityu/autoware/install/interpolation/lib:/home/cityu/autoware/install/tier4_autoware_utils/lib:/home/cityu/autoware/install/autoware_auto_vehicle_msgs/lib:/home/cityu/autoware/install/autoware_auto_planning_msgs/lib:/home/cityu/autoware/install/autoware_auto_perception_msgs/lib:/home/cityu/autoware/install/tier4_debug_msgs/lib:/home/cityu/autoware/install/autoware_auto_mapping_msgs/lib:/home/cityu/autoware/install/autoware_auto_geometry_msgs/lib:${LD_LIBRARY_PATH} PYTHONPATH=/home/cityu/autoware/install/autoware_auto_vehicle_msgs/lib/python3.8/site-packages:/home/cityu/autoware/install/autoware_auto_planning_msgs/lib/python3.8/site-packages:/home/cityu/autoware/install/autoware_auto_perception_msgs/lib/python3.8/site-packages:/home/cityu/autoware/install/tier4_debug_msgs/lib/python3.8/site-packages:/home/cityu/autoware/install/autoware_auto_mapping_msgs/lib/python3.8/site-packages:/home/cityu/autoware/install/autoware_auto_geometry_msgs/lib/python3.8/site-packages:${PYTHONPATH} /usr/bin/cmake --install /home/cityu/autoware/build/motion_utils
