[0.264s] Invoking command in '/home/cityu/autoware/build/map_tf_generator': AMENT_PREFIX_PATH=/home/cityu/autoware/install/lanelet2_extension:/home/cityu/autoware/install/autoware_utils:/home/cityu/autoware/install/autoware_planning_msgs:/home/cityu/autoware/install/autoware_cmake:/home/cityu/autoware/install/autoware_auto_planning_msgs:/home/cityu/autoware/install/autoware_lint_common:/home/cityu/autoware/install/autoware_common_msgs:/home/cityu/autoware/install/autoware_auto_mapping_msgs:/home/cityu/autoware/install/autoware_auto_geometry_msgs:${AMENT_PREFIX_PATH} CMAKE_PREFIX_PATH=/home/cityu/autoware/install/lanelet2_extension:/home/cityu/autoware/install/autoware_utils:/home/cityu/autoware/install/autoware_planning_msgs:/home/cityu/autoware/install/autoware_cmake:/home/cityu/autoware/install/autoware_auto_planning_msgs:/home/cityu/autoware/install/autoware_lint_common:/home/cityu/autoware/install/autoware_common_msgs:/home/cityu/autoware/install/autoware_auto_mapping_msgs:/home/cityu/autoware/install/autoware_auto_geometry_msgs:/opt/ros/galactic LD_LIBRARY_PATH=/home/cityu/autoware/install/lanelet2_extension/lib:/home/cityu/autoware/install/autoware_utils/lib:/home/cityu/autoware/install/autoware_planning_msgs/lib:/home/cityu/autoware/install/autoware_auto_planning_msgs/lib:/home/cityu/autoware/install/autoware_common_msgs/lib:/home/cityu/autoware/install/autoware_auto_mapping_msgs/lib:/home/cityu/autoware/install/autoware_auto_geometry_msgs/lib:${LD_LIBRARY_PATH} PYTHONPATH=/home/cityu/autoware/install/autoware_planning_msgs/lib/python3.8/site-packages:/home/cityu/autoware/install/autoware_auto_planning_msgs/lib/python3.8/site-packages:/home/cityu/autoware/install/autoware_common_msgs/lib/python3.8/site-packages:/home/cityu/autoware/install/autoware_auto_mapping_msgs/lib/python3.8/site-packages:/home/cityu/autoware/install/autoware_auto_geometry_msgs/lib/python3.8/site-packages:${PYTHONPATH} /usr/bin/cmake --build /home/cityu/autoware/build/map_tf_generator -- -j16 -l16
[0.365s] [ 33%] Built target gmock_main
[0.365s] [ 33%] Built target gmock
[0.365s] [ 46%] Built target pcd_map_tf_generator
[0.365s] [ 60%] Built target vector_map_tf_generator
[0.366s] [ 73%] Built target pcd_map_tf_generator_node
[0.366s] [ 86%] Built target test_uniform_random
[0.373s] [100%] Built target vector_map_tf_generator_node
[0.474s] Invoked command in '/home/cityu/autoware/build/map_tf_generator' returned '0': AMENT_PREFIX_PATH=/home/cityu/autoware/install/lanelet2_extension:/home/cityu/autoware/install/autoware_utils:/home/cityu/autoware/install/autoware_planning_msgs:/home/cityu/autoware/install/autoware_cmake:/home/cityu/autoware/install/autoware_auto_planning_msgs:/home/cityu/autoware/install/autoware_lint_common:/home/cityu/autoware/install/autoware_common_msgs:/home/cityu/autoware/install/autoware_auto_mapping_msgs:/home/cityu/autoware/install/autoware_auto_geometry_msgs:${AMENT_PREFIX_PATH} CMAKE_PREFIX_PATH=/home/cityu/autoware/install/lanelet2_extension:/home/cityu/autoware/install/autoware_utils:/home/cityu/autoware/install/autoware_planning_msgs:/home/cityu/autoware/install/autoware_cmake:/home/cityu/autoware/install/autoware_auto_planning_msgs:/home/cityu/autoware/install/autoware_lint_common:/home/cityu/autoware/install/autoware_common_msgs:/home/cityu/autoware/install/autoware_auto_mapping_msgs:/home/cityu/autoware/install/autoware_auto_geometry_msgs:/opt/ros/galactic LD_LIBRARY_PATH=/home/cityu/autoware/install/lanelet2_extension/lib:/home/cityu/autoware/install/autoware_utils/lib:/home/cityu/autoware/install/autoware_planning_msgs/lib:/home/cityu/autoware/install/autoware_auto_planning_msgs/lib:/home/cityu/autoware/install/autoware_common_msgs/lib:/home/cityu/autoware/install/autoware_auto_mapping_msgs/lib:/home/cityu/autoware/install/autoware_auto_geometry_msgs/lib:${LD_LIBRARY_PATH} PYTHONPATH=/home/cityu/autoware/install/autoware_planning_msgs/lib/python3.8/site-packages:/home/cityu/autoware/install/autoware_auto_planning_msgs/lib/python3.8/site-packages:/home/cityu/autoware/install/autoware_common_msgs/lib/python3.8/site-packages:/home/cityu/autoware/install/autoware_auto_mapping_msgs/lib/python3.8/site-packages:/home/cityu/autoware/install/autoware_auto_geometry_msgs/lib/python3.8/site-packages:${PYTHONPATH} /usr/bin/cmake --build /home/cityu/autoware/build/map_tf_generator -- -j16 -l16
[0.721s] Invoking command in '/home/cityu/autoware/build/map_tf_generator': AMENT_PREFIX_PATH=/home/cityu/autoware/install/lanelet2_extension:/home/cityu/autoware/install/autoware_utils:/home/cityu/autoware/install/autoware_planning_msgs:/home/cityu/autoware/install/autoware_cmake:/home/cityu/autoware/install/autoware_auto_planning_msgs:/home/cityu/autoware/install/autoware_lint_common:/home/cityu/autoware/install/autoware_common_msgs:/home/cityu/autoware/install/autoware_auto_mapping_msgs:/home/cityu/autoware/install/autoware_auto_geometry_msgs:${AMENT_PREFIX_PATH} CMAKE_PREFIX_PATH=/home/cityu/autoware/install/lanelet2_extension:/home/cityu/autoware/install/autoware_utils:/home/cityu/autoware/install/autoware_planning_msgs:/home/cityu/autoware/install/autoware_cmake:/home/cityu/autoware/install/autoware_auto_planning_msgs:/home/cityu/autoware/install/autoware_lint_common:/home/cityu/autoware/install/autoware_common_msgs:/home/cityu/autoware/install/autoware_auto_mapping_msgs:/home/cityu/autoware/install/autoware_auto_geometry_msgs:/opt/ros/galactic LD_LIBRARY_PATH=/home/cityu/autoware/install/lanelet2_extension/lib:/home/cityu/autoware/install/autoware_utils/lib:/home/cityu/autoware/install/autoware_planning_msgs/lib:/home/cityu/autoware/install/autoware_auto_planning_msgs/lib:/home/cityu/autoware/install/autoware_common_msgs/lib:/home/cityu/autoware/install/autoware_auto_mapping_msgs/lib:/home/cityu/autoware/install/autoware_auto_geometry_msgs/lib:${LD_LIBRARY_PATH} PYTHONPATH=/home/cityu/autoware/install/autoware_planning_msgs/lib/python3.8/site-packages:/home/cityu/autoware/install/autoware_auto_planning_msgs/lib/python3.8/site-packages:/home/cityu/autoware/install/autoware_common_msgs/lib/python3.8/site-packages:/home/cityu/autoware/install/autoware_auto_mapping_msgs/lib/python3.8/site-packages:/home/cityu/autoware/install/autoware_auto_geometry_msgs/lib/python3.8/site-packages:${PYTHONPATH} /usr/bin/cmake --install /home/cityu/autoware/build/map_tf_generator
[0.722s] -- Install configuration: "Release"
[0.722s] -- Execute custom install script
[0.723s] -- Up-to-date symlink: /home/cityu/autoware/install/map_tf_generator/lib/map_tf_generator/pcd_map_tf_generator
[0.723s] -- Up-to-date symlink: /home/cityu/autoware/install/map_tf_generator/lib/map_tf_generator/vector_map_tf_generator
[0.723s] -- Up-to-date symlink: /home/cityu/autoware/install/map_tf_generator/include/map_tf_generator/uniform_random.hpp
[0.723s] -- Up-to-date symlink: /home/cityu/autoware/install/map_tf_generator/share/map_tf_generator/environment/library_path.sh
[0.723s] -- Up-to-date symlink: /home/cityu/autoware/install/map_tf_generator/share/map_tf_generator/environment/library_path.dsv
[0.723s] -- Up-to-date symlink: /home/cityu/autoware/install/map_tf_generator/lib/libpcd_map_tf_generator_node.so
[0.723s] -- Up-to-date symlink: /home/cityu/autoware/install/map_tf_generator/lib/libvector_map_tf_generator_node.so
[0.727s] -- Up-to-date symlink: /home/cityu/autoware/install/map_tf_generator/share/map_tf_generator/launch/map_tf_generator.launch.xml
[0.728s] -- Up-to-date symlink: /home/cityu/autoware/install/map_tf_generator/share/ament_index/resource_index/package_run_dependencies/map_tf_generator
[0.728s] -- Up-to-date symlink: /home/cityu/autoware/install/map_tf_generator/share/ament_index/resource_index/parent_prefix_path/map_tf_generator
[0.728s] -- Up-to-date symlink: /home/cityu/autoware/install/map_tf_generator/share/map_tf_generator/environment/ament_prefix_path.sh
[0.728s] -- Up-to-date symlink: /home/cityu/autoware/install/map_tf_generator/share/map_tf_generator/environment/ament_prefix_path.dsv
[0.729s] -- Up-to-date symlink: /home/cityu/autoware/install/map_tf_generator/share/map_tf_generator/environment/path.sh
[0.729s] -- Up-to-date symlink: /home/cityu/autoware/install/map_tf_generator/share/map_tf_generator/environment/path.dsv
[0.729s] -- Up-to-date symlink: /home/cityu/autoware/install/map_tf_generator/share/map_tf_generator/local_setup.bash
[0.731s] -- Up-to-date symlink: /home/cityu/autoware/install/map_tf_generator/share/map_tf_generator/local_setup.sh
[0.731s] -- Up-to-date symlink: /home/cityu/autoware/install/map_tf_generator/share/map_tf_generator/local_setup.zsh
[0.731s] -- Up-to-date symlink: /home/cityu/autoware/install/map_tf_generator/share/map_tf_generator/local_setup.dsv
[0.731s] -- Symlinking: /home/cityu/autoware/install/map_tf_generator/share/map_tf_generator/package.dsv
[0.741s] -- Up-to-date symlink: /home/cityu/autoware/install/map_tf_generator/share/ament_index/resource_index/packages/map_tf_generator
[0.741s] -- Up-to-date symlink: /home/cityu/autoware/install/map_tf_generator/share/ament_index/resource_index/rclcpp_components/map_tf_generator
[0.741s] -- Up-to-date symlink: /home/cityu/autoware/install/map_tf_generator/share/map_tf_generator/cmake/ament_cmake_export_dependencies-extras.cmake
[0.741s] -- Up-to-date symlink: /home/cityu/autoware/install/map_tf_generator/share/map_tf_generator/cmake/ament_cmake_export_include_directories-extras.cmake
[0.741s] -- Up-to-date symlink: /home/cityu/autoware/install/map_tf_generator/share/map_tf_generator/cmake/ament_cmake_export_libraries-extras.cmake
[0.741s] -- Up-to-date symlink: /home/cityu/autoware/install/map_tf_generator/share/map_tf_generator/cmake/map_tf_generatorConfig.cmake
[0.742s] -- Up-to-date symlink: /home/cityu/autoware/install/map_tf_generator/share/map_tf_generator/cmake/map_tf_generatorConfig-version.cmake
[0.742s] -- Up-to-date symlink: /home/cityu/autoware/install/map_tf_generator/share/map_tf_generator/package.xml
[0.894s] Invoked command in '/home/cityu/autoware/build/map_tf_generator' returned '0': AMENT_PREFIX_PATH=/home/cityu/autoware/install/lanelet2_extension:/home/cityu/autoware/install/autoware_utils:/home/cityu/autoware/install/autoware_planning_msgs:/home/cityu/autoware/install/autoware_cmake:/home/cityu/autoware/install/autoware_auto_planning_msgs:/home/cityu/autoware/install/autoware_lint_common:/home/cityu/autoware/install/autoware_common_msgs:/home/cityu/autoware/install/autoware_auto_mapping_msgs:/home/cityu/autoware/install/autoware_auto_geometry_msgs:${AMENT_PREFIX_PATH} CMAKE_PREFIX_PATH=/home/cityu/autoware/install/lanelet2_extension:/home/cityu/autoware/install/autoware_utils:/home/cityu/autoware/install/autoware_planning_msgs:/home/cityu/autoware/install/autoware_cmake:/home/cityu/autoware/install/autoware_auto_planning_msgs:/home/cityu/autoware/install/autoware_lint_common:/home/cityu/autoware/install/autoware_common_msgs:/home/cityu/autoware/install/autoware_auto_mapping_msgs:/home/cityu/autoware/install/autoware_auto_geometry_msgs:/opt/ros/galactic LD_LIBRARY_PATH=/home/cityu/autoware/install/lanelet2_extension/lib:/home/cityu/autoware/install/autoware_utils/lib:/home/cityu/autoware/install/autoware_planning_msgs/lib:/home/cityu/autoware/install/autoware_auto_planning_msgs/lib:/home/cityu/autoware/install/autoware_common_msgs/lib:/home/cityu/autoware/install/autoware_auto_mapping_msgs/lib:/home/cityu/autoware/install/autoware_auto_geometry_msgs/lib:${LD_LIBRARY_PATH} PYTHONPATH=/home/cityu/autoware/install/autoware_planning_msgs/lib/python3.8/site-packages:/home/cityu/autoware/install/autoware_auto_planning_msgs/lib/python3.8/site-packages:/home/cityu/autoware/install/autoware_common_msgs/lib/python3.8/site-packages:/home/cityu/autoware/install/autoware_auto_mapping_msgs/lib/python3.8/site-packages:/home/cityu/autoware/install/autoware_auto_geometry_msgs/lib/python3.8/site-packages:${PYTHONPATH} /usr/bin/cmake --install /home/cityu/autoware/build/map_tf_generator
