[0.096s] Invoking command in '/home/cityu/autoware/build/initial_pose_button_panel': AMENT_PREFIX_PATH=/home/cityu/autoware/install/autoware_cmake:/home/cityu/autoware/install/tier4_localization_msgs:/home/cityu/autoware/install/autoware_lint_common:${AMENT_PREFIX_PATH} CMAKE_PREFIX_PATH=/home/cityu/autoware/install/autoware_cmake:/home/cityu/autoware/install/tier4_localization_msgs:/home/cityu/autoware/install/autoware_lint_common:/opt/ros/galactic LD_LIBRARY_PATH=/home/cityu/autoware/install/tier4_localization_msgs/lib:${LD_LIBRARY_PATH} PYTHONPATH=/home/cityu/autoware/install/tier4_localization_msgs/lib/python3.8/site-packages:${PYTHONPATH} /usr/bin/cmake /home/cityu/autoware/src/universe/autoware.universe/localization/initial_pose_button_panel -DCMAKE_BUILD_TYPE=Release -DDOWNLOAD_ARTIFACTS=ON -DAMENT_CMAKE_SYMLINK_INSTALL=1 -DCMAKE_INSTALL_PREFIX=/home/cityu/autoware/install/initial_pose_button_panel
[1.050s] -- Found autoware_cmake: 0.1.0 (/home/cityu/autoware/install/autoware_cmake/share/autoware_cmake/cmake)
[1.050s] -- Found ament_cmake_auto: 1.1.6 (/opt/ros/galactic/share/ament_cmake_auto/cmake)
[1.051s] -- Using PYTHON_EXECUTABLE: /usr/bin/python3
[1.051s] -- Override CMake install command with custom implementation using symlinks instead of copying resources
[1.051s] -- Using all available rosidl_typesupport_c: rosidl_typesupport_fastrtps_c;rosidl_typesupport_introspection_c
[1.051s] -- Found rosidl_adapter: 2.2.3 (/opt/ros/galactic/share/rosidl_adapter/cmake)
[1.051s] -- Using all available rosidl_typesupport_cpp: rosidl_typesupport_fastrtps_cpp;rosidl_typesupport_introspection_cpp
[1.051s] -- Setting OGRE_DIR to: '/opt/ros/galactic/share/rviz_ogre_vendor/cmake/../../../opt/rviz_ogre_vendor/lib/OGRE/cmake'
[1.051s] -- Found OGRE
[1.051s] --   static     : OFF
[1.052s] --   components : HLMS;MeshLodGenerator;Overlay;Paging;Property;RTShaderSystem;Terrain;Volume
[1.052s] --   plugins    : Plugin_BSPSceneManager;Plugin_OctreeSceneManager;Plugin_PCZSceneManager;Plugin_ParticleFX;RenderSystem_GL;RenderSystem_GL3Plus;Codec_STBI
[1.052s] --   media      : /opt/ros/galactic/opt/rviz_ogre_vendor/share/OGRE/Media
[1.052s] -- OGRE_LIBRARIES: OgreHLMS;OgreMeshLodGenerator;OgreOverlay;OgrePaging;OgreProperty;OgreRTShaderSystem;OgreTerrain;OgreVolume;OgreMain
[1.052s] -- OGRE_LIBRARY_DIRS: /opt/ros/galactic/opt/rviz_ogre_vendor/lib
[1.052s] -- OGRE_PLUGINS: Plugin_BSPSceneManager;Plugin_OctreeSceneManager;Plugin_PCZSceneManager;Plugin_ParticleFX;RenderSystem_GL;RenderSystem_GL3Plus;Codec_STBI
[1.052s] -- OGRE_PLUGIN_DIR: /opt/ros/galactic/opt/rviz_ogre_vendor/lib/OGRE
[1.052s] -- rviz_ogre_vendor::OgreOverlay for IMPORTED_LOCATION_RELEASE: /opt/ros/galactic/opt/rviz_ogre_vendor/lib/libOgreOverlay.so
[1.052s] -- rviz_ogre_vendor::OgreOverlay for IMPORTED_LOCATION_DEBUG: /opt/ros/galactic/opt/rviz_ogre_vendor/lib/libOgreOverlay.so
[1.053s] -- rviz_ogre_vendor::OgreMain for IMPORTED_LOCATION_RELEASE: /opt/ros/galactic/opt/rviz_ogre_vendor/lib/libOgreMain.so
[1.053s] -- rviz_ogre_vendor::OgreMain for IMPORTED_LOCATION_DEBUG: /opt/ros/galactic/opt/rviz_ogre_vendor/lib/libOgreMain.so
[1.053s] -- Could not find freeimage library
[1.053s] -- rviz_ogre_vendor::RenderSystem_GL for IMPORTED_LOCATION_RELEASE: _render_system_gl_static_library_abs-NOTFOUND
[1.053s] -- rviz_ogre_vendor::RenderSystem_GL for IMPORTED_LOCATION_DEBUG: _render_system_gl_static_library_abs-NOTFOUND
[1.054s] -- library: libassimp.so.5
[1.054s] -- library: /usr/lib/x86_64-linux-gnu/libcurl.so
[1.055s] -- Found rmw_implementation_cmake: 3.3.1 (/opt/ros/galactic/share/rmw_implementation_cmake/cmake)
[1.055s] -- Found rmw_cyclonedds_cpp: 0.22.6 (/opt/ros/galactic/share/rmw_cyclonedds_cpp/cmake)
[1.056s] -- Using RMW implementation 'rmw_cyclonedds_cpp' as default
[1.953s] -- Found ament_lint_auto: 0.10.7 (/opt/ros/galactic/share/ament_lint_auto/cmake)
[1.973s] -- Added test 'copyright' to check source files copyright and LICENSE
[1.974s] -- Added test 'cppcheck' to perform static code analysis on C / C++ code
[1.975s] -- Configured cppcheck include dirs: 
[1.975s] -- Configured cppcheck exclude dirs and/or files: 
[1.975s] -- Added test 'lint_cmake' to check CMake code style
[1.975s] -- Added test 'xmllint' to check XML markup files
[1.982s] -- Configuring done
[2.054s] -- Generating done
[2.057s] CMake Warning:
[2.057s]   Manually-specified variables were not used by the project:
[2.057s] 
[2.057s]     DOWNLOAD_ARTIFACTS
[2.058s] 
[2.058s] 
[2.058s] -- Build files have been written to: /home/cityu/autoware/build/initial_pose_button_panel
[2.111s] Invoked command in '/home/cityu/autoware/build/initial_pose_button_panel' returned '0': AMENT_PREFIX_PATH=/home/cityu/autoware/install/autoware_cmake:/home/cityu/autoware/install/tier4_localization_msgs:/home/cityu/autoware/install/autoware_lint_common:${AMENT_PREFIX_PATH} CMAKE_PREFIX_PATH=/home/cityu/autoware/install/autoware_cmake:/home/cityu/autoware/install/tier4_localization_msgs:/home/cityu/autoware/install/autoware_lint_common:/opt/ros/galactic LD_LIBRARY_PATH=/home/cityu/autoware/install/tier4_localization_msgs/lib:${LD_LIBRARY_PATH} PYTHONPATH=/home/cityu/autoware/install/tier4_localization_msgs/lib/python3.8/site-packages:${PYTHONPATH} /usr/bin/cmake /home/cityu/autoware/src/universe/autoware.universe/localization/initial_pose_button_panel -DCMAKE_BUILD_TYPE=Release -DDOWNLOAD_ARTIFACTS=ON -DAMENT_CMAKE_SYMLINK_INSTALL=1 -DCMAKE_INSTALL_PREFIX=/home/cityu/autoware/install/initial_pose_button_panel
[2.112s] Invoking command in '/home/cityu/autoware/build/initial_pose_button_panel': AMENT_PREFIX_PATH=/home/cityu/autoware/install/autoware_cmake:/home/cityu/autoware/install/tier4_localization_msgs:/home/cityu/autoware/install/autoware_lint_common:${AMENT_PREFIX_PATH} CMAKE_PREFIX_PATH=/home/cityu/autoware/install/autoware_cmake:/home/cityu/autoware/install/tier4_localization_msgs:/home/cityu/autoware/install/autoware_lint_common:/opt/ros/galactic LD_LIBRARY_PATH=/home/cityu/autoware/install/tier4_localization_msgs/lib:${LD_LIBRARY_PATH} PYTHONPATH=/home/cityu/autoware/install/tier4_localization_msgs/lib/python3.8/site-packages:${PYTHONPATH} /usr/bin/cmake --build /home/cityu/autoware/build/initial_pose_button_panel -- -j16 -l16
[2.514s] [ 25%] [34m[1mAutomatic MOC for target initial_pose_button_panel[0m
[2.514s] [ 25%] Built target initial_pose_button_panel_autogen
[2.514s] [ 50%] [32m[1mLinking CXX shared library libinitial_pose_button_panel.so[0m
[5.903s] [100%] Built target initial_pose_button_panel
[6.004s] Invoked command in '/home/cityu/autoware/build/initial_pose_button_panel' returned '0': AMENT_PREFIX_PATH=/home/cityu/autoware/install/autoware_cmake:/home/cityu/autoware/install/tier4_localization_msgs:/home/cityu/autoware/install/autoware_lint_common:${AMENT_PREFIX_PATH} CMAKE_PREFIX_PATH=/home/cityu/autoware/install/autoware_cmake:/home/cityu/autoware/install/tier4_localization_msgs:/home/cityu/autoware/install/autoware_lint_common:/opt/ros/galactic LD_LIBRARY_PATH=/home/cityu/autoware/install/tier4_localization_msgs/lib:${LD_LIBRARY_PATH} PYTHONPATH=/home/cityu/autoware/install/tier4_localization_msgs/lib/python3.8/site-packages:${PYTHONPATH} /usr/bin/cmake --build /home/cityu/autoware/build/initial_pose_button_panel -- -j16 -l16
[6.082s] Invoking command in '/home/cityu/autoware/build/initial_pose_button_panel': AMENT_PREFIX_PATH=/home/cityu/autoware/install/autoware_cmake:/home/cityu/autoware/install/tier4_localization_msgs:/home/cityu/autoware/install/autoware_lint_common:${AMENT_PREFIX_PATH} CMAKE_PREFIX_PATH=/home/cityu/autoware/install/autoware_cmake:/home/cityu/autoware/install/tier4_localization_msgs:/home/cityu/autoware/install/autoware_lint_common:/opt/ros/galactic LD_LIBRARY_PATH=/home/cityu/autoware/install/tier4_localization_msgs/lib:${LD_LIBRARY_PATH} PYTHONPATH=/home/cityu/autoware/install/tier4_localization_msgs/lib/python3.8/site-packages:${PYTHONPATH} /usr/bin/cmake --install /home/cityu/autoware/build/initial_pose_button_panel
[7.116s] -- Install configuration: "Release"
[7.117s] -- Execute custom install script
[7.117s] -- Up-to-date symlink: /home/cityu/autoware/install/initial_pose_button_panel/share/initial_pose_button_panel/plugins/plugin_description.xml
[7.118s] -- Up-to-date symlink: /home/cityu/autoware/install/initial_pose_button_panel/share/initial_pose_button_panel/environment/library_path.sh
[7.118s] -- Up-to-date symlink: /home/cityu/autoware/install/initial_pose_button_panel/share/initial_pose_button_panel/environment/library_path.dsv
[7.118s] -- Up-to-date symlink: /home/cityu/autoware/install/initial_pose_button_panel/lib/libinitial_pose_button_panel.so
[7.119s] -- Up-to-date symlink: /home/cityu/autoware/install/initial_pose_button_panel/share/initial_pose_button_panel/plugins/plugin_description.xml
[7.119s] -- Up-to-date symlink: /home/cityu/autoware/install/initial_pose_button_panel/share/ament_index/resource_index/package_run_dependencies/initial_pose_button_panel
[7.119s] -- Up-to-date symlink: /home/cityu/autoware/install/initial_pose_button_panel/share/ament_index/resource_index/parent_prefix_path/initial_pose_button_panel
[7.119s] -- Up-to-date symlink: /home/cityu/autoware/install/initial_pose_button_panel/share/initial_pose_button_panel/environment/ament_prefix_path.sh
[7.119s] -- Up-to-date symlink: /home/cityu/autoware/install/initial_pose_button_panel/share/initial_pose_button_panel/environment/ament_prefix_path.dsv
[7.119s] -- Up-to-date symlink: /home/cityu/autoware/install/initial_pose_button_panel/share/initial_pose_button_panel/environment/path.sh
[7.119s] -- Up-to-date symlink: /home/cityu/autoware/install/initial_pose_button_panel/share/initial_pose_button_panel/environment/path.dsv
[7.119s] -- Up-to-date symlink: /home/cityu/autoware/install/initial_pose_button_panel/share/initial_pose_button_panel/local_setup.bash
[7.119s] -- Up-to-date symlink: /home/cityu/autoware/install/initial_pose_button_panel/share/initial_pose_button_panel/local_setup.sh
[7.119s] -- Up-to-date symlink: /home/cityu/autoware/install/initial_pose_button_panel/share/initial_pose_button_panel/local_setup.zsh
[7.120s] -- Up-to-date symlink: /home/cityu/autoware/install/initial_pose_button_panel/share/initial_pose_button_panel/local_setup.dsv
[7.120s] -- Symlinking: /home/cityu/autoware/install/initial_pose_button_panel/share/initial_pose_button_panel/package.dsv
[7.120s] -- Up-to-date symlink: /home/cityu/autoware/install/initial_pose_button_panel/share/ament_index/resource_index/packages/initial_pose_button_panel
[7.120s] -- Up-to-date symlink: /home/cityu/autoware/install/initial_pose_button_panel/share/ament_index/resource_index/rviz_common__pluginlib__plugin/initial_pose_button_panel
[7.120s] -- Up-to-date symlink: /home/cityu/autoware/install/initial_pose_button_panel/share/initial_pose_button_panel/cmake/ament_cmake_export_dependencies-extras.cmake
[7.125s] -- Up-to-date symlink: /home/cityu/autoware/install/initial_pose_button_panel/share/initial_pose_button_panel/cmake/ament_cmake_export_libraries-extras.cmake
[7.126s] -- Up-to-date symlink: /home/cityu/autoware/install/initial_pose_button_panel/share/initial_pose_button_panel/cmake/initial_pose_button_panelConfig.cmake
[7.126s] -- Up-to-date symlink: /home/cityu/autoware/install/initial_pose_button_panel/share/initial_pose_button_panel/cmake/initial_pose_button_panelConfig-version.cmake
[7.126s] -- Up-to-date symlink: /home/cityu/autoware/install/initial_pose_button_panel/share/initial_pose_button_panel/package.xml
[7.132s] Invoked command in '/home/cityu/autoware/build/initial_pose_button_panel' returned '0': AMENT_PREFIX_PATH=/home/cityu/autoware/install/autoware_cmake:/home/cityu/autoware/install/tier4_localization_msgs:/home/cityu/autoware/install/autoware_lint_common:${AMENT_PREFIX_PATH} CMAKE_PREFIX_PATH=/home/cityu/autoware/install/autoware_cmake:/home/cityu/autoware/install/tier4_localization_msgs:/home/cityu/autoware/install/autoware_lint_common:/opt/ros/galactic LD_LIBRARY_PATH=/home/cityu/autoware/install/tier4_localization_msgs/lib:${LD_LIBRARY_PATH} PYTHONPATH=/home/cityu/autoware/install/tier4_localization_msgs/lib/python3.8/site-packages:${PYTHONPATH} /usr/bin/cmake --install /home/cityu/autoware/build/initial_pose_button_panel
