[0.084s] Invoking command in '/home/cityu/autoware/build/grid_map_loader': AMENT_PREFIX_PATH=/home/cityu/autoware/install/grid_map_ros:/home/cityu/autoware/install/grid_map_cv:/home/cityu/autoware/install/grid_map_msgs:/home/cityu/autoware/install/grid_map_core:/home/cityu/autoware/install/grid_map_cmake_helpers:${AMENT_PREFIX_PATH} CMAKE_PREFIX_PATH=/home/cityu/autoware/install/grid_map_ros:/home/cityu/autoware/install/grid_map_cv:/home/cityu/autoware/install/grid_map_msgs:/home/cityu/autoware/install/grid_map_core:/home/cityu/autoware/install/grid_map_cmake_helpers:/opt/ros/galactic LD_LIBRARY_PATH=/home/cityu/autoware/install/grid_map_ros/lib:/home/cityu/autoware/install/grid_map_cv/lib:/home/cityu/autoware/install/grid_map_msgs/lib:/home/cityu/autoware/install/grid_map_core/lib:${LD_LIBRARY_PATH} PYTHONPATH=/home/cityu/autoware/install/grid_map_msgs/lib/python3.8/site-packages:${PYTHONPATH} /usr/bin/cmake /home/cityu/autoware/src/universe/external/grid_map/grid_map_loader -DCMAKE_BUILD_TYPE=Release -DDOWNLOAD_ARTIFACTS=ON -DAMENT_CMAKE_SYMLINK_INSTALL=1 -DCMAKE_INSTALL_PREFIX=/home/cityu/autoware/install/grid_map_loader
[1.606s] -- Found ament_cmake: 1.1.6 (/opt/ros/galactic/share/ament_cmake/cmake)
[1.606s] -- Using PYTHON_EXECUTABLE: /usr/bin/python3
[1.606s] -- Override CMake install command with custom implementation using symlinks instead of copying resources
[1.606s] -- Found grid_map_cmake_helpers: 2.0.0 (/home/cityu/autoware/install/grid_map_cmake_helpers/share/grid_map_cmake_helpers/cmake)
[1.606s] -- Found grid_map_msgs: 2.0.0 (/home/cityu/autoware/install/grid_map_msgs/share/grid_map_msgs/cmake)
[1.607s] -- Using all available rosidl_typesupport_c: rosidl_typesupport_fastrtps_c;rosidl_typesupport_introspection_c
[1.607s] -- Found rosidl_adapter: 2.2.3 (/opt/ros/galactic/share/rosidl_adapter/cmake)
[1.607s] -- Using all available rosidl_typesupport_cpp: rosidl_typesupport_fastrtps_cpp;rosidl_typesupport_introspection_cpp
[1.607s] -- Found grid_map_ros: 2.0.0 (/home/cityu/autoware/install/grid_map_ros/share/grid_map_ros/cmake)
[1.607s] -- Found rmw_implementation_cmake: 3.3.1 (/opt/ros/galactic/share/rmw_implementation_cmake/cmake)
[1.608s] -- Found rmw_cyclonedds_cpp: 0.22.6 (/opt/ros/galactic/share/rmw_cyclonedds_cpp/cmake)
[1.616s] -- Using RMW implementation 'rmw_cyclonedds_cpp' as default
[3.894s] -- Found ament_lint_auto: 0.10.7 (/opt/ros/galactic/share/ament_lint_auto/cmake)
[4.023s] -- Added test 'cppcheck' to perform static code analysis on C / C++ code
[4.024s] -- Configured cppcheck include dirs: /home/cityu/autoware/src/universe/external/grid_map/grid_map_loader/include
[4.024s] -- Configured cppcheck exclude dirs and/or files: 
[4.026s] -- Added test 'lint_cmake' to check CMake code style
[4.027s] -- Added test 'uncrustify' to check C / C++ code style
[4.027s] -- Configured uncrustify additional arguments: 
[4.028s] -- Added test 'xmllint' to check XML markup files
[4.037s] -- Configuring done
[4.162s] -- Generating done
[4.165s] CMake Warning:
[4.165s]   Manually-specified variables were not used by the project:
[4.165s] 
[4.165s]     DOWNLOAD_ARTIFACTS
[4.166s] 
[4.166s] 
[4.167s] -- Build files have been written to: /home/cityu/autoware/build/grid_map_loader
[4.193s] Invoked command in '/home/cityu/autoware/build/grid_map_loader' returned '0': AMENT_PREFIX_PATH=/home/cityu/autoware/install/grid_map_ros:/home/cityu/autoware/install/grid_map_cv:/home/cityu/autoware/install/grid_map_msgs:/home/cityu/autoware/install/grid_map_core:/home/cityu/autoware/install/grid_map_cmake_helpers:${AMENT_PREFIX_PATH} CMAKE_PREFIX_PATH=/home/cityu/autoware/install/grid_map_ros:/home/cityu/autoware/install/grid_map_cv:/home/cityu/autoware/install/grid_map_msgs:/home/cityu/autoware/install/grid_map_core:/home/cityu/autoware/install/grid_map_cmake_helpers:/opt/ros/galactic LD_LIBRARY_PATH=/home/cityu/autoware/install/grid_map_ros/lib:/home/cityu/autoware/install/grid_map_cv/lib:/home/cityu/autoware/install/grid_map_msgs/lib:/home/cityu/autoware/install/grid_map_core/lib:${LD_LIBRARY_PATH} PYTHONPATH=/home/cityu/autoware/install/grid_map_msgs/lib/python3.8/site-packages:${PYTHONPATH} /usr/bin/cmake /home/cityu/autoware/src/universe/external/grid_map/grid_map_loader -DCMAKE_BUILD_TYPE=Release -DDOWNLOAD_ARTIFACTS=ON -DAMENT_CMAKE_SYMLINK_INSTALL=1 -DCMAKE_INSTALL_PREFIX=/home/cityu/autoware/install/grid_map_loader
[4.194s] Invoking command in '/home/cityu/autoware/build/grid_map_loader': AMENT_PREFIX_PATH=/home/cityu/autoware/install/grid_map_ros:/home/cityu/autoware/install/grid_map_cv:/home/cityu/autoware/install/grid_map_msgs:/home/cityu/autoware/install/grid_map_core:/home/cityu/autoware/install/grid_map_cmake_helpers:${AMENT_PREFIX_PATH} CMAKE_PREFIX_PATH=/home/cityu/autoware/install/grid_map_ros:/home/cityu/autoware/install/grid_map_cv:/home/cityu/autoware/install/grid_map_msgs:/home/cityu/autoware/install/grid_map_core:/home/cityu/autoware/install/grid_map_cmake_helpers:/opt/ros/galactic LD_LIBRARY_PATH=/home/cityu/autoware/install/grid_map_ros/lib:/home/cityu/autoware/install/grid_map_cv/lib:/home/cityu/autoware/install/grid_map_msgs/lib:/home/cityu/autoware/install/grid_map_core/lib:${LD_LIBRARY_PATH} PYTHONPATH=/home/cityu/autoware/install/grid_map_msgs/lib/python3.8/site-packages:${PYTHONPATH} /usr/bin/cmake --build /home/cityu/autoware/build/grid_map_loader -- -j16 -l16
[6.229s] [ 25%] [32m[1mLinking CXX shared library libgrid_map_loader_core.so[0m
[6.229s] [ 50%] Built target grid_map_loader_core
[6.229s] [ 75%] [32m[1mLinking CXX executable grid_map_loader[0m
[6.230s] [100%] Built target grid_map_loader
[6.257s] Invoked command in '/home/cityu/autoware/build/grid_map_loader' returned '0': AMENT_PREFIX_PATH=/home/cityu/autoware/install/grid_map_ros:/home/cityu/autoware/install/grid_map_cv:/home/cityu/autoware/install/grid_map_msgs:/home/cityu/autoware/install/grid_map_core:/home/cityu/autoware/install/grid_map_cmake_helpers:${AMENT_PREFIX_PATH} CMAKE_PREFIX_PATH=/home/cityu/autoware/install/grid_map_ros:/home/cityu/autoware/install/grid_map_cv:/home/cityu/autoware/install/grid_map_msgs:/home/cityu/autoware/install/grid_map_core:/home/cityu/autoware/install/grid_map_cmake_helpers:/opt/ros/galactic LD_LIBRARY_PATH=/home/cityu/autoware/install/grid_map_ros/lib:/home/cityu/autoware/install/grid_map_cv/lib:/home/cityu/autoware/install/grid_map_msgs/lib:/home/cityu/autoware/install/grid_map_core/lib:${LD_LIBRARY_PATH} PYTHONPATH=/home/cityu/autoware/install/grid_map_msgs/lib/python3.8/site-packages:${PYTHONPATH} /usr/bin/cmake --build /home/cityu/autoware/build/grid_map_loader -- -j16 -l16
[6.325s] Invoking command in '/home/cityu/autoware/build/grid_map_loader': AMENT_PREFIX_PATH=/home/cityu/autoware/install/grid_map_ros:/home/cityu/autoware/install/grid_map_cv:/home/cityu/autoware/install/grid_map_msgs:/home/cityu/autoware/install/grid_map_core:/home/cityu/autoware/install/grid_map_cmake_helpers:${AMENT_PREFIX_PATH} CMAKE_PREFIX_PATH=/home/cityu/autoware/install/grid_map_ros:/home/cityu/autoware/install/grid_map_cv:/home/cityu/autoware/install/grid_map_msgs:/home/cityu/autoware/install/grid_map_core:/home/cityu/autoware/install/grid_map_cmake_helpers:/opt/ros/galactic LD_LIBRARY_PATH=/home/cityu/autoware/install/grid_map_ros/lib:/home/cityu/autoware/install/grid_map_cv/lib:/home/cityu/autoware/install/grid_map_msgs/lib:/home/cityu/autoware/install/grid_map_core/lib:${LD_LIBRARY_PATH} PYTHONPATH=/home/cityu/autoware/install/grid_map_msgs/lib/python3.8/site-packages:${PYTHONPATH} /usr/bin/cmake --install /home/cityu/autoware/build/grid_map_loader
[7.726s] -- Install configuration: "Release"
[7.727s] -- Execute custom install script
[7.727s] -- Up-to-date symlink: /home/cityu/autoware/install/grid_map_loader/lib/libgrid_map_loader_core.so
[7.727s] -- Up-to-date symlink: /home/cityu/autoware/install/grid_map_loader/lib/grid_map_loader/grid_map_loader
[7.727s] -- Up-to-date symlink: /home/cityu/autoware/install/grid_map_loader/share/grid_map_loader/environment/library_path.sh
[7.728s] -- Up-to-date symlink: /home/cityu/autoware/install/grid_map_loader/share/grid_map_loader/environment/library_path.dsv
[7.728s] -- Up-to-date symlink: /home/cityu/autoware/install/grid_map_loader/share/ament_index/resource_index/package_run_dependencies/grid_map_loader
[7.728s] -- Up-to-date symlink: /home/cityu/autoware/install/grid_map_loader/share/ament_index/resource_index/parent_prefix_path/grid_map_loader
[7.729s] -- Up-to-date symlink: /home/cityu/autoware/install/grid_map_loader/share/grid_map_loader/environment/ament_prefix_path.sh
[7.729s] -- Up-to-date symlink: /home/cityu/autoware/install/grid_map_loader/share/grid_map_loader/environment/ament_prefix_path.dsv
[7.729s] -- Up-to-date symlink: /home/cityu/autoware/install/grid_map_loader/share/grid_map_loader/environment/path.sh
[7.730s] -- Up-to-date symlink: /home/cityu/autoware/install/grid_map_loader/share/grid_map_loader/environment/path.dsv
[7.730s] -- Up-to-date symlink: /home/cityu/autoware/install/grid_map_loader/share/grid_map_loader/local_setup.bash
[7.736s] -- Up-to-date symlink: /home/cityu/autoware/install/grid_map_loader/share/grid_map_loader/local_setup.sh
[7.737s] -- Up-to-date symlink: /home/cityu/autoware/install/grid_map_loader/share/grid_map_loader/local_setup.zsh
[7.737s] -- Up-to-date symlink: /home/cityu/autoware/install/grid_map_loader/share/grid_map_loader/local_setup.dsv
[7.737s] -- Symlinking: /home/cityu/autoware/install/grid_map_loader/share/grid_map_loader/package.dsv
[7.738s] -- Up-to-date symlink: /home/cityu/autoware/install/grid_map_loader/share/ament_index/resource_index/packages/grid_map_loader
[7.738s] -- Up-to-date symlink: /home/cityu/autoware/install/grid_map_loader/share/grid_map_loader/cmake/ament_cmake_export_include_directories-extras.cmake
[7.739s] -- Up-to-date symlink: /home/cityu/autoware/install/grid_map_loader/share/grid_map_loader/cmake/ament_cmake_export_dependencies-extras.cmake
[7.739s] -- Up-to-date symlink: /home/cityu/autoware/install/grid_map_loader/share/grid_map_loader/cmake/ament_cmake_export_libraries-extras.cmake
[7.739s] -- Up-to-date symlink: /home/cityu/autoware/install/grid_map_loader/share/grid_map_loader/cmake/grid_map_loaderConfig.cmake
[7.740s] -- Up-to-date symlink: /home/cityu/autoware/install/grid_map_loader/share/grid_map_loader/cmake/grid_map_loaderConfig-version.cmake
[7.740s] -- Up-to-date symlink: /home/cityu/autoware/install/grid_map_loader/share/grid_map_loader/package.xml
[7.789s] Invoked command in '/home/cityu/autoware/build/grid_map_loader' returned '0': AMENT_PREFIX_PATH=/home/cityu/autoware/install/grid_map_ros:/home/cityu/autoware/install/grid_map_cv:/home/cityu/autoware/install/grid_map_msgs:/home/cityu/autoware/install/grid_map_core:/home/cityu/autoware/install/grid_map_cmake_helpers:${AMENT_PREFIX_PATH} CMAKE_PREFIX_PATH=/home/cityu/autoware/install/grid_map_ros:/home/cityu/autoware/install/grid_map_cv:/home/cityu/autoware/install/grid_map_msgs:/home/cityu/autoware/install/grid_map_core:/home/cityu/autoware/install/grid_map_cmake_helpers:/opt/ros/galactic LD_LIBRARY_PATH=/home/cityu/autoware/install/grid_map_ros/lib:/home/cityu/autoware/install/grid_map_cv/lib:/home/cityu/autoware/install/grid_map_msgs/lib:/home/cityu/autoware/install/grid_map_core/lib:${LD_LIBRARY_PATH} PYTHONPATH=/home/cityu/autoware/install/grid_map_msgs/lib/python3.8/site-packages:${PYTHONPATH} /usr/bin/cmake --install /home/cityu/autoware/build/grid_map_loader
