[0.283s] Invoking command in '/home/cityu/autoware/build/object_range_splitter': AMENT_PREFIX_PATH=/home/cityu/autoware/install/autoware_cmake:/home/cityu/autoware/install/autoware_auto_perception_msgs:/home/cityu/autoware/install/autoware_lint_common:/home/cityu/autoware/install/autoware_auto_geometry_msgs:${AMENT_PREFIX_PATH} CMAKE_PREFIX_PATH=/home/cityu/autoware/install/autoware_cmake:/home/cityu/autoware/install/autoware_auto_perception_msgs:/home/cityu/autoware/install/autoware_lint_common:/home/cityu/autoware/install/autoware_auto_geometry_msgs:/opt/ros/galactic LD_LIBRARY_PATH=/home/cityu/autoware/install/autoware_auto_perception_msgs/lib:/home/cityu/autoware/install/autoware_auto_geometry_msgs/lib:${LD_LIBRARY_PATH} PYTHONPATH=/home/cityu/autoware/install/autoware_auto_perception_msgs/lib/python3.8/site-packages:/home/cityu/autoware/install/autoware_auto_geometry_msgs/lib/python3.8/site-packages:${PYTHONPATH} /usr/bin/cmake --build /home/cityu/autoware/build/object_range_splitter -- -j16 -l16
[0.338s] [ 50%] Built target object_range_splitter_node
[0.338s] [100%] Built target object_range_splitter
[0.486s] Invoked command in '/home/cityu/autoware/build/object_range_splitter' returned '0': AMENT_PREFIX_PATH=/home/cityu/autoware/install/autoware_cmake:/home/cityu/autoware/install/autoware_auto_perception_msgs:/home/cityu/autoware/install/autoware_lint_common:/home/cityu/autoware/install/autoware_auto_geometry_msgs:${AMENT_PREFIX_PATH} CMAKE_PREFIX_PATH=/home/cityu/autoware/install/autoware_cmake:/home/cityu/autoware/install/autoware_auto_perception_msgs:/home/cityu/autoware/install/autoware_lint_common:/home/cityu/autoware/install/autoware_auto_geometry_msgs:/opt/ros/galactic LD_LIBRARY_PATH=/home/cityu/autoware/install/autoware_auto_perception_msgs/lib:/home/cityu/autoware/install/autoware_auto_geometry_msgs/lib:${LD_LIBRARY_PATH} PYTHONPATH=/home/cityu/autoware/install/autoware_auto_perception_msgs/lib/python3.8/site-packages:/home/cityu/autoware/install/autoware_auto_geometry_msgs/lib/python3.8/site-packages:${PYTHONPATH} /usr/bin/cmake --build /home/cityu/autoware/build/object_range_splitter -- -j16 -l16
[0.715s] Invoking command in '/home/cityu/autoware/build/object_range_splitter': AMENT_PREFIX_PATH=/home/cityu/autoware/install/autoware_cmake:/home/cityu/autoware/install/autoware_auto_perception_msgs:/home/cityu/autoware/install/autoware_lint_common:/home/cityu/autoware/install/autoware_auto_geometry_msgs:${AMENT_PREFIX_PATH} CMAKE_PREFIX_PATH=/home/cityu/autoware/install/autoware_cmake:/home/cityu/autoware/install/autoware_auto_perception_msgs:/home/cityu/autoware/install/autoware_lint_common:/home/cityu/autoware/install/autoware_auto_geometry_msgs:/opt/ros/galactic LD_LIBRARY_PATH=/home/cityu/autoware/install/autoware_auto_perception_msgs/lib:/home/cityu/autoware/install/autoware_auto_geometry_msgs/lib:${LD_LIBRARY_PATH} PYTHONPATH=/home/cityu/autoware/install/autoware_auto_perception_msgs/lib/python3.8/site-packages:/home/cityu/autoware/install/autoware_auto_geometry_msgs/lib/python3.8/site-packages:${PYTHONPATH} /usr/bin/cmake --install /home/cityu/autoware/build/object_range_splitter
[0.758s] -- Install configuration: "Release"
[0.759s] -- Execute custom install script
[0.759s] -- Up-to-date symlink: /home/cityu/autoware/install/object_range_splitter/lib/object_range_splitter/object_range_splitter_node
[0.759s] -- Up-to-date symlink: /home/cityu/autoware/install/object_range_splitter/include/object_range_splitter/node.hpp
[0.759s] -- Up-to-date symlink: /home/cityu/autoware/install/object_range_splitter/share/object_range_splitter/environment/library_path.sh
[0.763s] -- Up-to-date symlink: /home/cityu/autoware/install/object_range_splitter/share/object_range_splitter/environment/library_path.dsv
[0.763s] -- Up-to-date symlink: /home/cityu/autoware/install/object_range_splitter/lib/libobject_range_splitter.so
[0.763s] -- Up-to-date symlink: /home/cityu/autoware/install/object_range_splitter/share/object_range_splitter/launch/object_range_splitter.launch.xml
[0.763s] -- Up-to-date symlink: /home/cityu/autoware/install/object_range_splitter/share/ament_index/resource_index/package_run_dependencies/object_range_splitter
[0.768s] -- Up-to-date symlink: /home/cityu/autoware/install/object_range_splitter/share/ament_index/resource_index/parent_prefix_path/object_range_splitter
[0.768s] -- Up-to-date symlink: /home/cityu/autoware/install/object_range_splitter/share/object_range_splitter/environment/ament_prefix_path.sh
[0.768s] -- Up-to-date symlink: /home/cityu/autoware/install/object_range_splitter/share/object_range_splitter/environment/ament_prefix_path.dsv
[0.768s] -- Up-to-date symlink: /home/cityu/autoware/install/object_range_splitter/share/object_range_splitter/environment/path.sh
[0.768s] -- Up-to-date symlink: /home/cityu/autoware/install/object_range_splitter/share/object_range_splitter/environment/path.dsv
[0.768s] -- Up-to-date symlink: /home/cityu/autoware/install/object_range_splitter/share/object_range_splitter/local_setup.bash
[0.768s] -- Up-to-date symlink: /home/cityu/autoware/install/object_range_splitter/share/object_range_splitter/local_setup.sh
[0.768s] -- Up-to-date symlink: /home/cityu/autoware/install/object_range_splitter/share/object_range_splitter/local_setup.zsh
[0.768s] -- Up-to-date symlink: /home/cityu/autoware/install/object_range_splitter/share/object_range_splitter/local_setup.dsv
[0.768s] -- Symlinking: /home/cityu/autoware/install/object_range_splitter/share/object_range_splitter/package.dsv
[0.768s] -- Up-to-date symlink: /home/cityu/autoware/install/object_range_splitter/share/ament_index/resource_index/packages/object_range_splitter
[0.768s] -- Up-to-date symlink: /home/cityu/autoware/install/object_range_splitter/share/ament_index/resource_index/rclcpp_components/object_range_splitter
[0.769s] -- Up-to-date symlink: /home/cityu/autoware/install/object_range_splitter/share/object_range_splitter/cmake/ament_cmake_export_dependencies-extras.cmake
[0.769s] -- Up-to-date symlink: /home/cityu/autoware/install/object_range_splitter/share/object_range_splitter/cmake/ament_cmake_export_include_directories-extras.cmake
[0.769s] -- Up-to-date symlink: /home/cityu/autoware/install/object_range_splitter/share/object_range_splitter/cmake/ament_cmake_export_libraries-extras.cmake
[0.769s] -- Up-to-date symlink: /home/cityu/autoware/install/object_range_splitter/share/object_range_splitter/cmake/object_range_splitterConfig.cmake
[0.769s] -- Up-to-date symlink: /home/cityu/autoware/install/object_range_splitter/share/object_range_splitter/cmake/object_range_splitterConfig-version.cmake
[0.769s] -- Up-to-date symlink: /home/cityu/autoware/install/object_range_splitter/share/object_range_splitter/package.xml
[0.815s] Invoked command in '/home/cityu/autoware/build/object_range_splitter' returned '0': AMENT_PREFIX_PATH=/home/cityu/autoware/install/autoware_cmake:/home/cityu/autoware/install/autoware_auto_perception_msgs:/home/cityu/autoware/install/autoware_lint_common:/home/cityu/autoware/install/autoware_auto_geometry_msgs:${AMENT_PREFIX_PATH} CMAKE_PREFIX_PATH=/home/cityu/autoware/install/autoware_cmake:/home/cityu/autoware/install/autoware_auto_perception_msgs:/home/cityu/autoware/install/autoware_lint_common:/home/cityu/autoware/install/autoware_auto_geometry_msgs:/opt/ros/galactic LD_LIBRARY_PATH=/home/cityu/autoware/install/autoware_auto_perception_msgs/lib:/home/cityu/autoware/install/autoware_auto_geometry_msgs/lib:${LD_LIBRARY_PATH} PYTHONPATH=/home/cityu/autoware/install/autoware_auto_perception_msgs/lib/python3.8/site-packages:/home/cityu/autoware/install/autoware_auto_geometry_msgs/lib/python3.8/site-packages:${PYTHONPATH} /usr/bin/cmake --install /home/cityu/autoware/build/object_range_splitter
