-- Found ament_cmake: 1.1.6 (/opt/ros/galactic/share/ament_cmake/cmake)
-- Using PYTHON_EXECUTABLE: /usr/bin/python3
-- Override CMake install command with custom implementation using symlinks instead of copying resources
-- Found grid_map_cmake_helpers: 2.0.0 (/home/cityu/autoware/install/grid_map_cmake_helpers/share/grid_map_cmake_helpers/cmake)
-- Found grid_map_core: 2.0.0 (/home/cityu/autoware/install/grid_map_core/share/grid_map_core/cmake)
-- Found geometry_msgs: 2.2.4 (/opt/ros/galactic/share/geometry_msgs/cmake)
-- Using all available rosidl_typesupport_c: rosidl_typesupport_fastrtps_c;rosidl_typesupport_introspection_c
-- Found rosidl_adapter: 2.2.3 (/opt/ros/galactic/share/rosidl_adapter/cmake)
-- Using all available rosidl_typesupport_cpp: rosidl_typesupport_fastrtps_cpp;rosidl_typesupport_introspection_cpp
-- Found nav2_costmap_2d: 1.0.12 (/opt/ros/galactic/share/nav2_costmap_2d/cmake)
-- Found rmw_implementation_cmake: 3.3.1 (/opt/ros/galactic/share/rmw_implementation_cmake/cmake)
-- Found rmw_cyclonedds_cpp: 0.22.6 (/opt/ros/galactic/share/rmw_cyclonedds_cpp/cmake)
-- Using RMW implementation 'rmw_cyclonedds_cpp' as default
-- Found ament_lint_auto: 0.10.7 (/opt/ros/galactic/share/ament_lint_auto/cmake)
-- Found gtest sources under '/opt/ros/galactic/src/gtest_vendor': C++ tests using 'Google Test' will be built
-- Added test 'cppcheck' to perform static code analysis on C / C++ code
-- Configured cppcheck include dirs: /home/cityu/autoware/src/universe/external/grid_map/grid_map_costmap_2d/include
-- Configured cppcheck exclude dirs and/or files: 
-- Added test 'lint_cmake' to check CMake code style
-- Added test 'uncrustify' to check C / C++ code style
-- Configured uncrustify additional arguments: 
-- Added test 'xmllint' to check XML markup files
-- Configuring done
-- Generating done
CMake Warning:
  Manually-specified variables were not used by the project:

    DOWNLOAD_ARTIFACTS


-- Build files have been written to: /home/cityu/autoware/build/grid_map_costmap_2d
[ 22%] Built target gtest
[ 44%] Built target gtest_main
[ 55%] [32mBuilding CXX object test/CMakeFiles/costmap-2d-ros-test.dir/test_costmap_2d_ros.cpp.o[0m
[ 66%] [32m[1mLinking CXX executable costmap-2d-ros-test[0m
[ 66%] Built target costmap-2d-ros-test
[ 77%] [32mBuilding CXX object test/CMakeFiles/grid_map_costmap_2d-test.dir/test_grid_map_costmap_2d.cpp.o[0m
[ 88%] [32mBuilding CXX object test/CMakeFiles/grid_map_costmap_2d-test.dir/test_costmap_2d_converter.cpp.o[0m
[100%] [32m[1mLinking CXX executable grid_map_costmap_2d-test[0m
[100%] Built target grid_map_costmap_2d-test
-- Install configuration: "Release"
-- Execute custom install script
-- Up-to-date symlink: /home/cityu/autoware/install/grid_map_costmap_2d/share/ament_index/resource_index/package_run_dependencies/grid_map_costmap_2d
-- Up-to-date symlink: /home/cityu/autoware/install/grid_map_costmap_2d/share/ament_index/resource_index/parent_prefix_path/grid_map_costmap_2d
-- Up-to-date symlink: /home/cityu/autoware/install/grid_map_costmap_2d/share/grid_map_costmap_2d/environment/ament_prefix_path.sh
-- Up-to-date symlink: /home/cityu/autoware/install/grid_map_costmap_2d/share/grid_map_costmap_2d/environment/ament_prefix_path.dsv
-- Up-to-date symlink: /home/cityu/autoware/install/grid_map_costmap_2d/share/grid_map_costmap_2d/environment/path.sh
-- Up-to-date symlink: /home/cityu/autoware/install/grid_map_costmap_2d/share/grid_map_costmap_2d/environment/path.dsv
-- Up-to-date symlink: /home/cityu/autoware/install/grid_map_costmap_2d/share/grid_map_costmap_2d/local_setup.bash
-- Up-to-date symlink: /home/cityu/autoware/install/grid_map_costmap_2d/share/grid_map_costmap_2d/local_setup.sh
-- Up-to-date symlink: /home/cityu/autoware/install/grid_map_costmap_2d/share/grid_map_costmap_2d/local_setup.zsh
-- Up-to-date symlink: /home/cityu/autoware/install/grid_map_costmap_2d/share/grid_map_costmap_2d/local_setup.dsv
-- Symlinking: /home/cityu/autoware/install/grid_map_costmap_2d/share/grid_map_costmap_2d/package.dsv
-- Up-to-date symlink: /home/cityu/autoware/install/grid_map_costmap_2d/share/ament_index/resource_index/packages/grid_map_costmap_2d
-- Up-to-date symlink: /home/cityu/autoware/install/grid_map_costmap_2d/share/grid_map_costmap_2d/cmake/ament_cmake_export_include_directories-extras.cmake
-- Up-to-date symlink: /home/cityu/autoware/install/grid_map_costmap_2d/share/grid_map_costmap_2d/cmake/ament_cmake_export_dependencies-extras.cmake
-- Up-to-date symlink: /home/cityu/autoware/install/grid_map_costmap_2d/share/grid_map_costmap_2d/cmake/grid_map_costmap_2dConfig.cmake
-- Up-to-date symlink: /home/cityu/autoware/install/grid_map_costmap_2d/share/grid_map_costmap_2d/cmake/grid_map_costmap_2dConfig-version.cmake
-- Up-to-date symlink: /home/cityu/autoware/install/grid_map_costmap_2d/share/grid_map_costmap_2d/package.xml
-- Up-to-date: /home/cityu/autoware/install/grid_map_costmap_2d/include/grid_map_costmap_2d
-- Up-to-date: /home/cityu/autoware/install/grid_map_costmap_2d/include/grid_map_costmap_2d/grid_map_costmap_2d.hpp
-- Up-to-date: /home/cityu/autoware/install/grid_map_costmap_2d/include/grid_map_costmap_2d/costmap_2d_converter.hpp
