-- Found autoware_cmake: 0.1.0 (/home/cityu/autoware/install/autoware_cmake/share/autoware_cmake/cmake)
-- Found ament_cmake_auto: 1.1.6 (/opt/ros/galactic/share/ament_cmake_auto/cmake)
-- Using PYTHON_EXECUTABLE: /usr/bin/python3
-- Override CMake install command with custom implementation using symlinks instead of copying resources
-- Using all available rosidl_typesupport_c: rosidl_typesupport_fastrtps_c;rosidl_typesupport_introspection_c
-- Found rosidl_adapter: 2.2.3 (/opt/ros/galactic/share/rosidl_adapter/cmake)
-- Using all available rosidl_typesupport_cpp: rosidl_typesupport_fastrtps_cpp;rosidl_typesupport_introspection_cpp
-- Found rmw_implementation_cmake: 3.3.1 (/opt/ros/galactic/share/rmw_implementation_cmake/cmake)
-- Found rmw_cyclonedds_cpp: 0.22.6 (/opt/ros/galactic/share/rmw_cyclonedds_cpp/cmake)
-- Using RMW implementation 'rmw_cyclonedds_cpp' as default
-- Found eigen3_cmake_module: 0.1.1 (/opt/ros/galactic/share/eigen3_cmake_module/cmake)
-- Found mrt_cmake_modules: 1.0.9 (/opt/ros/galactic/share/mrt_cmake_modules/cmake)
-- Found OpenMP_C: -fopenmp  
-- Found OpenMP_CXX: -fopenmp  
-- Found OpenMP: TRUE   
-- Found ament_lint_auto: 0.10.7 (/opt/ros/galactic/share/ament_lint_auto/cmake)
-- Added test 'copyright' to check source files copyright and LICENSE
-- Added test 'cppcheck' to perform static code analysis on C / C++ code
-- Configured cppcheck include dirs: /home/cityu/autoware/src/universe/autoware.universe/planning/obstacle_cruise_planner/include
-- Configured cppcheck exclude dirs and/or files: 
-- Added test 'lint_cmake' to check CMake code style
-- Added test 'xmllint' to check XML markup files
-- Configuring done
CMake Warning:
  Manually-specified variables were not used by the project:

    DOWNLOAD_ARTIFACTS


-- Generating done
-- Build files have been written to: /home/cityu/autoware/build/obstacle_cruise_planner
[ 20%] Built target obstacle_cruise_planner
[ 30%] [32m[1mLinking CXX shared library libobstacle_cruise_planner_core.so[0m
[100%] Built target obstacle_cruise_planner_core
-- Install configuration: "Release"
-- Execute custom install script
-- Up-to-date symlink: /home/cityu/autoware/install/obstacle_cruise_planner/lib/obstacle_cruise_planner/obstacle_cruise_planner
-- Up-to-date symlink: /home/cityu/autoware/install/obstacle_cruise_planner/include/obstacle_cruise_planner/common_structs.hpp
-- Up-to-date symlink: /home/cityu/autoware/install/obstacle_cruise_planner/include/obstacle_cruise_planner/node.hpp
-- Up-to-date symlink: /home/cityu/autoware/install/obstacle_cruise_planner/include/obstacle_cruise_planner/optimization_based_planner/optimization_based_planner.hpp
-- Up-to-date symlink: /home/cityu/autoware/install/obstacle_cruise_planner/include/obstacle_cruise_planner/optimization_based_planner/s_boundary.hpp
-- Up-to-date symlink: /home/cityu/autoware/install/obstacle_cruise_planner/include/obstacle_cruise_planner/optimization_based_planner/velocity_optimizer.hpp
-- Up-to-date symlink: /home/cityu/autoware/install/obstacle_cruise_planner/include/obstacle_cruise_planner/pid_based_planner/debug_values.hpp
-- Up-to-date symlink: /home/cityu/autoware/install/obstacle_cruise_planner/include/obstacle_cruise_planner/pid_based_planner/pid_based_planner.hpp
-- Up-to-date symlink: /home/cityu/autoware/install/obstacle_cruise_planner/include/obstacle_cruise_planner/pid_based_planner/pid_controller.hpp
-- Up-to-date symlink: /home/cityu/autoware/install/obstacle_cruise_planner/include/obstacle_cruise_planner/planner_interface.hpp
-- Up-to-date symlink: /home/cityu/autoware/install/obstacle_cruise_planner/include/obstacle_cruise_planner/polygon_utils.hpp
-- Up-to-date symlink: /home/cityu/autoware/install/obstacle_cruise_planner/include/obstacle_cruise_planner/utils.hpp
-- Up-to-date symlink: /home/cityu/autoware/install/obstacle_cruise_planner/share/obstacle_cruise_planner/environment/library_path.sh
-- Up-to-date symlink: /home/cityu/autoware/install/obstacle_cruise_planner/share/obstacle_cruise_planner/environment/library_path.dsv
-- Up-to-date symlink: /home/cityu/autoware/install/obstacle_cruise_planner/lib/libobstacle_cruise_planner_core.so
-- Up-to-date symlink: /home/cityu/autoware/install/obstacle_cruise_planner/share/obstacle_cruise_planner/launch/obstacle_cruise_planner.launch.xml
-- Up-to-date symlink: /home/cityu/autoware/install/obstacle_cruise_planner/share/obstacle_cruise_planner/config/obstacle_cruise_planner.param.yaml
-- Up-to-date symlink: /home/cityu/autoware/install/obstacle_cruise_planner/share/obstacle_cruise_planner/config/plot_juggler_obstacle_velocity_planner.xml
-- Up-to-date symlink: /home/cityu/autoware/install/obstacle_cruise_planner/share/ament_index/resource_index/package_run_dependencies/obstacle_cruise_planner
-- Up-to-date symlink: /home/cityu/autoware/install/obstacle_cruise_planner/share/ament_index/resource_index/parent_prefix_path/obstacle_cruise_planner
-- Up-to-date symlink: /home/cityu/autoware/install/obstacle_cruise_planner/share/obstacle_cruise_planner/environment/ament_prefix_path.sh
-- Up-to-date symlink: /home/cityu/autoware/install/obstacle_cruise_planner/share/obstacle_cruise_planner/environment/ament_prefix_path.dsv
-- Up-to-date symlink: /home/cityu/autoware/install/obstacle_cruise_planner/share/obstacle_cruise_planner/environment/path.sh
-- Up-to-date symlink: /home/cityu/autoware/install/obstacle_cruise_planner/share/obstacle_cruise_planner/environment/path.dsv
-- Up-to-date symlink: /home/cityu/autoware/install/obstacle_cruise_planner/share/obstacle_cruise_planner/local_setup.bash
-- Up-to-date symlink: /home/cityu/autoware/install/obstacle_cruise_planner/share/obstacle_cruise_planner/local_setup.sh
-- Up-to-date symlink: /home/cityu/autoware/install/obstacle_cruise_planner/share/obstacle_cruise_planner/local_setup.zsh
-- Up-to-date symlink: /home/cityu/autoware/install/obstacle_cruise_planner/share/obstacle_cruise_planner/local_setup.dsv
-- Symlinking: /home/cityu/autoware/install/obstacle_cruise_planner/share/obstacle_cruise_planner/package.dsv
-- Up-to-date symlink: /home/cityu/autoware/install/obstacle_cruise_planner/share/ament_index/resource_index/packages/obstacle_cruise_planner
-- Up-to-date symlink: /home/cityu/autoware/install/obstacle_cruise_planner/share/ament_index/resource_index/rclcpp_components/obstacle_cruise_planner
-- Up-to-date symlink: /home/cityu/autoware/install/obstacle_cruise_planner/share/obstacle_cruise_planner/cmake/ament_cmake_export_dependencies-extras.cmake
-- Up-to-date symlink: /home/cityu/autoware/install/obstacle_cruise_planner/share/obstacle_cruise_planner/cmake/ament_cmake_export_include_directories-extras.cmake
-- Up-to-date symlink: /home/cityu/autoware/install/obstacle_cruise_planner/share/obstacle_cruise_planner/cmake/ament_cmake_export_libraries-extras.cmake
-- Up-to-date symlink: /home/cityu/autoware/install/obstacle_cruise_planner/share/obstacle_cruise_planner/cmake/obstacle_cruise_plannerConfig.cmake
-- Up-to-date symlink: /home/cityu/autoware/install/obstacle_cruise_planner/share/obstacle_cruise_planner/cmake/obstacle_cruise_plannerConfig-version.cmake
-- Up-to-date symlink: /home/cityu/autoware/install/obstacle_cruise_planner/share/obstacle_cruise_planner/package.xml
-- Up-to-date symlink: /home/cityu/autoware/install/obstacle_cruise_planner/lib/obstacle_cruise_planner/trajectory_visualizer.py
