[0.286s] Invoking command in '/home/cityu/autoware/build/dummy_perception_publisher': AMENT_PREFIX_PATH=/home/cityu/autoware/install/tier4_autoware_utils:/home/cityu/autoware/install/tier4_perception_msgs:/home/cityu/autoware/install/autoware_auto_vehicle_msgs:/home/cityu/autoware/install/autoware_cmake:/home/cityu/autoware/install/autoware_auto_planning_msgs:/home/cityu/autoware/install/autoware_auto_perception_msgs:/home/cityu/autoware/install/tier4_debug_msgs:/home/cityu/autoware/install/autoware_lint_common:/home/cityu/autoware/install/autoware_auto_mapping_msgs:/home/cityu/autoware/install/autoware_auto_geometry_msgs:${AMENT_PREFIX_PATH} CMAKE_PREFIX_PATH=/home/cityu/autoware/install/tier4_autoware_utils:/home/cityu/autoware/install/tier4_perception_msgs:/home/cityu/autoware/install/autoware_auto_vehicle_msgs:/home/cityu/autoware/install/autoware_cmake:/home/cityu/autoware/install/autoware_auto_planning_msgs:/home/cityu/autoware/install/autoware_auto_perception_msgs:/home/cityu/autoware/install/tier4_debug_msgs:/home/cityu/autoware/install/autoware_lint_common:/home/cityu/autoware/install/autoware_auto_mapping_msgs:/home/cityu/autoware/install/autoware_auto_geometry_msgs:/opt/ros/galactic LD_LIBRARY_PATH=/home/cityu/autoware/install/tier4_autoware_utils/lib:/home/cityu/autoware/install/tier4_perception_msgs/lib:/home/cityu/autoware/install/autoware_auto_vehicle_msgs/lib:/home/cityu/autoware/install/autoware_auto_planning_msgs/lib:/home/cityu/autoware/install/autoware_auto_perception_msgs/lib:/home/cityu/autoware/install/tier4_debug_msgs/lib:/home/cityu/autoware/install/autoware_auto_mapping_msgs/lib:/home/cityu/autoware/install/autoware_auto_geometry_msgs/lib:${LD_LIBRARY_PATH} PYTHONPATH=/home/cityu/autoware/install/tier4_perception_msgs/lib/python3.8/site-packages:/home/cityu/autoware/install/autoware_auto_vehicle_msgs/lib/python3.8/site-packages:/home/cityu/autoware/install/autoware_auto_planning_msgs/lib/python3.8/site-packages:/home/cityu/autoware/install/autoware_auto_perception_msgs/lib/python3.8/site-packages:/home/cityu/autoware/install/tier4_debug_msgs/lib/python3.8/site-packages:/home/cityu/autoware/install/autoware_auto_mapping_msgs/lib/python3.8/site-packages:/home/cityu/autoware/install/autoware_auto_geometry_msgs/lib/python3.8/site-packages:${PYTHONPATH} /usr/bin/cmake /home/cityu/autoware/src/universe/autoware.universe/simulator/dummy_perception_publisher -DCMAKE_BUILD_TYPE=Release -DDOWNLOAD_ARTIFACTS=ON -DAMENT_CMAKE_SYMLINK_INSTALL=1 -DCMAKE_INSTALL_PREFIX=/home/cityu/autoware/install/dummy_perception_publisher
[0.497s] -- Found autoware_cmake: 0.1.0 (/home/cityu/autoware/install/autoware_cmake/share/autoware_cmake/cmake)
[0.497s] -- Found ament_cmake_auto: 1.1.6 (/opt/ros/galactic/share/ament_cmake_auto/cmake)
[0.498s] -- Found PythonInterp: /usr/bin/python3 (found suitable version "3.8.10", minimum required is "3") 
[0.498s] -- Using PYTHON_EXECUTABLE: /usr/bin/python3
[0.498s] -- Override CMake install command with custom implementation using symlinks instead of copying resources
[0.695s] -- Using all available rosidl_typesupport_c: rosidl_typesupport_fastrtps_c;rosidl_typesupport_introspection_c
[0.701s] -- Found rosidl_adapter: 2.2.3 (/opt/ros/galactic/share/rosidl_adapter/cmake)
[1.162s] -- Using all available rosidl_typesupport_cpp: rosidl_typesupport_fastrtps_cpp;rosidl_typesupport_introspection_cpp
[2.772s] -- Found rmw_implementation_cmake: 3.3.1 (/opt/ros/galactic/share/rmw_implementation_cmake/cmake)
[2.775s] -- Found rmw_cyclonedds_cpp: 0.22.6 (/opt/ros/galactic/share/rmw_cyclonedds_cpp/cmake)
[2.824s] -- Using RMW implementation 'rmw_cyclonedds_cpp' as default
[3.832s] -- Found eigen3_cmake_module: 0.1.1 (/opt/ros/galactic/share/eigen3_cmake_module/cmake)
[8.453s] -- Found ament_lint_auto: 0.10.7 (/opt/ros/galactic/share/ament_lint_auto/cmake)
[8.510s] -- Found PythonInterp: /usr/bin/python3 (found version "3.8.10") 
[9.658s] -- Using all available rosidl_typesupport_c: rosidl_typesupport_fastrtps_c;rosidl_typesupport_introspection_c
[10.113s] -- Using all available rosidl_typesupport_cpp: rosidl_typesupport_fastrtps_cpp;rosidl_typesupport_introspection_cpp
[10.192s] -- Found PythonInterp: /usr/bin/python3 (found suitable version "3.8.10", minimum required is "3.5") 
[10.194s] -- Found python_cmake_module: 0.8.1 (/opt/ros/galactic/share/python_cmake_module/cmake)
[10.276s] -- Using PYTHON_EXECUTABLE: /usr/bin/python3
[10.285s] -- Using PYTHON_INCLUDE_DIRS: /usr/include/python3.8
[10.286s] -- Using PYTHON_LIBRARIES: /usr/lib/x86_64-linux-gnu/libpython3.8.so
[10.538s] -- Eigen found (include: /usr/include/eigen3, version: 3.3.7)
[10.603s] -- looking for PCL_COMMON
[10.604s] -- looking for PCL_KDTREE
[10.605s] -- looking for PCL_OCTREE
[10.606s] -- looking for PCL_SEARCH
[10.607s] -- looking for PCL_SAMPLE_CONSENSUS
[10.609s] -- looking for PCL_FILTERS
[12.740s] -- Found gtest sources under '/opt/ros/galactic/src/gtest_vendor': C++ tests using 'Google Test' will be built
[12.760s] -- Added test 'copyright' to check source files copyright and LICENSE
[12.763s] -- Added test 'cppcheck' to perform static code analysis on C / C++ code
[12.768s] -- Configured cppcheck include dirs: /home/cityu/autoware/src/universe/autoware.universe/simulator/dummy_perception_publisher/include;$<BUILD_INTERFACE:/home/cityu/autoware/src/universe/autoware.universe/simulator/dummy_perception_publisher/include>
[12.768s] -- Configured cppcheck exclude dirs and/or files: 
[12.769s] -- Added test 'lint_cmake' to check CMake code style
[12.770s] -- Added test 'xmllint' to check XML markup files
[12.786s] -- Configuring done
[13.397s] -- Generating done
[13.406s] CMake Warning:
[13.406s]   Manually-specified variables were not used by the project:
[13.406s] 
[13.406s]     DOWNLOAD_ARTIFACTS
[13.406s] 
[13.406s] 
[13.409s] -- Build files have been written to: /home/cityu/autoware/build/dummy_perception_publisher
[13.528s] Invoked command in '/home/cityu/autoware/build/dummy_perception_publisher' returned '0': AMENT_PREFIX_PATH=/home/cityu/autoware/install/tier4_autoware_utils:/home/cityu/autoware/install/tier4_perception_msgs:/home/cityu/autoware/install/autoware_auto_vehicle_msgs:/home/cityu/autoware/install/autoware_cmake:/home/cityu/autoware/install/autoware_auto_planning_msgs:/home/cityu/autoware/install/autoware_auto_perception_msgs:/home/cityu/autoware/install/tier4_debug_msgs:/home/cityu/autoware/install/autoware_lint_common:/home/cityu/autoware/install/autoware_auto_mapping_msgs:/home/cityu/autoware/install/autoware_auto_geometry_msgs:${AMENT_PREFIX_PATH} CMAKE_PREFIX_PATH=/home/cityu/autoware/install/tier4_autoware_utils:/home/cityu/autoware/install/tier4_perception_msgs:/home/cityu/autoware/install/autoware_auto_vehicle_msgs:/home/cityu/autoware/install/autoware_cmake:/home/cityu/autoware/install/autoware_auto_planning_msgs:/home/cityu/autoware/install/autoware_auto_perception_msgs:/home/cityu/autoware/install/tier4_debug_msgs:/home/cityu/autoware/install/autoware_lint_common:/home/cityu/autoware/install/autoware_auto_mapping_msgs:/home/cityu/autoware/install/autoware_auto_geometry_msgs:/opt/ros/galactic LD_LIBRARY_PATH=/home/cityu/autoware/install/tier4_autoware_utils/lib:/home/cityu/autoware/install/tier4_perception_msgs/lib:/home/cityu/autoware/install/autoware_auto_vehicle_msgs/lib:/home/cityu/autoware/install/autoware_auto_planning_msgs/lib:/home/cityu/autoware/install/autoware_auto_perception_msgs/lib:/home/cityu/autoware/install/tier4_debug_msgs/lib:/home/cityu/autoware/install/autoware_auto_mapping_msgs/lib:/home/cityu/autoware/install/autoware_auto_geometry_msgs/lib:${LD_LIBRARY_PATH} PYTHONPATH=/home/cityu/autoware/install/tier4_perception_msgs/lib/python3.8/site-packages:/home/cityu/autoware/install/autoware_auto_vehicle_msgs/lib/python3.8/site-packages:/home/cityu/autoware/install/autoware_auto_planning_msgs/lib/python3.8/site-packages:/home/cityu/autoware/install/autoware_auto_perception_msgs/lib/python3.8/site-packages:/home/cityu/autoware/install/tier4_debug_msgs/lib/python3.8/site-packages:/home/cityu/autoware/install/autoware_auto_mapping_msgs/lib/python3.8/site-packages:/home/cityu/autoware/install/autoware_auto_geometry_msgs/lib/python3.8/site-packages:${PYTHONPATH} /usr/bin/cmake /home/cityu/autoware/src/universe/autoware.universe/simulator/dummy_perception_publisher -DCMAKE_BUILD_TYPE=Release -DDOWNLOAD_ARTIFACTS=ON -DAMENT_CMAKE_SYMLINK_INSTALL=1 -DCMAKE_INSTALL_PREFIX=/home/cityu/autoware/install/dummy_perception_publisher
[13.531s] Invoking command in '/home/cityu/autoware/build/dummy_perception_publisher': AMENT_PREFIX_PATH=/home/cityu/autoware/install/tier4_autoware_utils:/home/cityu/autoware/install/tier4_perception_msgs:/home/cityu/autoware/install/autoware_auto_vehicle_msgs:/home/cityu/autoware/install/autoware_cmake:/home/cityu/autoware/install/autoware_auto_planning_msgs:/home/cityu/autoware/install/autoware_auto_perception_msgs:/home/cityu/autoware/install/tier4_debug_msgs:/home/cityu/autoware/install/autoware_lint_common:/home/cityu/autoware/install/autoware_auto_mapping_msgs:/home/cityu/autoware/install/autoware_auto_geometry_msgs:${AMENT_PREFIX_PATH} CMAKE_PREFIX_PATH=/home/cityu/autoware/install/tier4_autoware_utils:/home/cityu/autoware/install/tier4_perception_msgs:/home/cityu/autoware/install/autoware_auto_vehicle_msgs:/home/cityu/autoware/install/autoware_cmake:/home/cityu/autoware/install/autoware_auto_planning_msgs:/home/cityu/autoware/install/autoware_auto_perception_msgs:/home/cityu/autoware/install/tier4_debug_msgs:/home/cityu/autoware/install/autoware_lint_common:/home/cityu/autoware/install/autoware_auto_mapping_msgs:/home/cityu/autoware/install/autoware_auto_geometry_msgs:/opt/ros/galactic LD_LIBRARY_PATH=/home/cityu/autoware/install/tier4_autoware_utils/lib:/home/cityu/autoware/install/tier4_perception_msgs/lib:/home/cityu/autoware/install/autoware_auto_vehicle_msgs/lib:/home/cityu/autoware/install/autoware_auto_planning_msgs/lib:/home/cityu/autoware/install/autoware_auto_perception_msgs/lib:/home/cityu/autoware/install/tier4_debug_msgs/lib:/home/cityu/autoware/install/autoware_auto_mapping_msgs/lib:/home/cityu/autoware/install/autoware_auto_geometry_msgs/lib:${LD_LIBRARY_PATH} PYTHONPATH=/home/cityu/autoware/install/tier4_perception_msgs/lib/python3.8/site-packages:/home/cityu/autoware/install/autoware_auto_vehicle_msgs/lib/python3.8/site-packages:/home/cityu/autoware/install/autoware_auto_planning_msgs/lib/python3.8/site-packages:/home/cityu/autoware/install/autoware_auto_perception_msgs/lib/python3.8/site-packages:/home/cityu/autoware/install/tier4_debug_msgs/lib/python3.8/site-packages:/home/cityu/autoware/install/autoware_auto_mapping_msgs/lib/python3.8/site-packages:/home/cityu/autoware/install/autoware_auto_geometry_msgs/lib/python3.8/site-packages:${PYTHONPATH} /usr/bin/cmake --build /home/cityu/autoware/build/dummy_perception_publisher -- -j16 -l16
[16.365s] [  3%] Built target gtest
[16.365s] [  5%] [32m[1mLinking C shared library libdummy_perception_publisher__rosidl_generator_c.so[0m
[16.366s] [ 11%] Built target dummy_perception_publisher__rosidl_generator_c
[16.371s] [ 13%] Built target dummy_perception_publisher__cpp
[16.371s] [ 15%] [32m[1mLinking CXX shared library libdummy_perception_publisher__rosidl_typesupport_c.so[0m
[16.371s] [ 20%] Built target dummy_perception_publisher__rosidl_typesupport_c
[16.371s] [ 22%] [32m[1mLinking CXX shared library libdummy_perception_publisher__rosidl_typesupport_introspection_cpp.so[0m
[16.371s] [ 28%] Built target dummy_perception_publisher__rosidl_typesupport_introspection_cpp
[16.371s] [ 30%] [32m[1mLinking CXX shared library libdummy_perception_publisher__rosidl_typesupport_fastrtps_cpp.so[0m
[16.371s] [ 35%] Built target dummy_perception_publisher__rosidl_typesupport_fastrtps_cpp
[16.372s] [ 37%] [32m[1mLinking CXX shared library libdummy_perception_publisher__rosidl_typesupport_cpp.so[0m
[16.372s] [ 43%] Built target dummy_perception_publisher__rosidl_typesupport_cpp
[16.372s] [ 45%] [32m[1mLinking CXX shared library libdummy_perception_publisher__rosidl_typesupport_fastrtps_c.so[0m
[16.372s] [ 50%] Built target dummy_perception_publisher__rosidl_typesupport_fastrtps_c
[16.372s] [ 52%] [32m[1mLinking C shared library libdummy_perception_publisher__rosidl_typesupport_introspection_c.so[0m
[16.372s] [ 58%] Built target dummy_perception_publisher__rosidl_typesupport_introspection_c
[16.372s] [ 62%] Built target gtest_main
[16.373s] [ 62%] Built target dummy_perception_publisher
[16.373s] [ 64%] [32m[1mLinking CXX shared library libsigned_distance_function.so[0m
[17.094s] [ 66%] Built target signed_distance_function
[17.134s] [ 67%] Built target dummy_perception_publisher__py
[17.192s] [ 69%] [32m[1mLinking CXX executable empty_objects_publisher[0m
[17.571s] [ 71%] Built target empty_objects_publisher
[17.624s] [ 73%] [32m[1mLinking C shared library rosidl_generator_py/dummy_perception_publisher/libdummy_perception_publisher__python.so[0m
[17.724s] [ 77%] Built target dummy_perception_publisher__python
[17.828s] [ 79%] [32m[1mLinking CXX executable dummy_perception_publisher_node[0m
[20.592s] [ 84%] Built target dummy_perception_publisher_node
[20.633s] [ 86%] [32m[1mLinking C shared library rosidl_generator_py/dummy_perception_publisher/dummy_perception_publisher_s__rosidl_typesupport_c.cpython-38-x86_64-linux-gnu.so[0m
[20.698s] [ 88%] Built target dummy_perception_publisher__rosidl_typesupport_c__pyext
[20.739s] [ 90%] [32m[1mLinking C shared library rosidl_generator_py/dummy_perception_publisher/dummy_perception_publisher_s__rosidl_typesupport_introspection_c.cpython-38-x86_64-linux-gnu.so[0m
[20.807s] [ 92%] Built target dummy_perception_publisher__rosidl_typesupport_introspection_c__pyext
[20.850s] [ 94%] [32m[1mLinking CXX shared library rosidl_generator_py/dummy_perception_publisher/dummy_perception_publisher_s__rosidl_typesupport_fastrtps_c.cpython-38-x86_64-linux-gnu.so[0m
[20.983s] [ 96%] Built target dummy_perception_publisher__rosidl_typesupport_fastrtps_c__pyext
[21.019s] [ 98%] [32mBuilding CXX object CMakeFiles/signed_distance_function-test.dir/test/src/test_signed_distance_function.cpp.o[0m
[23.718s] [100%] [32m[1mLinking CXX executable signed_distance_function-test[0m
[23.985s] [100%] Built target signed_distance_function-test
[24.011s] Invoked command in '/home/cityu/autoware/build/dummy_perception_publisher' returned '0': AMENT_PREFIX_PATH=/home/cityu/autoware/install/tier4_autoware_utils:/home/cityu/autoware/install/tier4_perception_msgs:/home/cityu/autoware/install/autoware_auto_vehicle_msgs:/home/cityu/autoware/install/autoware_cmake:/home/cityu/autoware/install/autoware_auto_planning_msgs:/home/cityu/autoware/install/autoware_auto_perception_msgs:/home/cityu/autoware/install/tier4_debug_msgs:/home/cityu/autoware/install/autoware_lint_common:/home/cityu/autoware/install/autoware_auto_mapping_msgs:/home/cityu/autoware/install/autoware_auto_geometry_msgs:${AMENT_PREFIX_PATH} CMAKE_PREFIX_PATH=/home/cityu/autoware/install/tier4_autoware_utils:/home/cityu/autoware/install/tier4_perception_msgs:/home/cityu/autoware/install/autoware_auto_vehicle_msgs:/home/cityu/autoware/install/autoware_cmake:/home/cityu/autoware/install/autoware_auto_planning_msgs:/home/cityu/autoware/install/autoware_auto_perception_msgs:/home/cityu/autoware/install/tier4_debug_msgs:/home/cityu/autoware/install/autoware_lint_common:/home/cityu/autoware/install/autoware_auto_mapping_msgs:/home/cityu/autoware/install/autoware_auto_geometry_msgs:/opt/ros/galactic LD_LIBRARY_PATH=/home/cityu/autoware/install/tier4_autoware_utils/lib:/home/cityu/autoware/install/tier4_perception_msgs/lib:/home/cityu/autoware/install/autoware_auto_vehicle_msgs/lib:/home/cityu/autoware/install/autoware_auto_planning_msgs/lib:/home/cityu/autoware/install/autoware_auto_perception_msgs/lib:/home/cityu/autoware/install/tier4_debug_msgs/lib:/home/cityu/autoware/install/autoware_auto_mapping_msgs/lib:/home/cityu/autoware/install/autoware_auto_geometry_msgs/lib:${LD_LIBRARY_PATH} PYTHONPATH=/home/cityu/autoware/install/tier4_perception_msgs/lib/python3.8/site-packages:/home/cityu/autoware/install/autoware_auto_vehicle_msgs/lib/python3.8/site-packages:/home/cityu/autoware/install/autoware_auto_planning_msgs/lib/python3.8/site-packages:/home/cityu/autoware/install/autoware_auto_perception_msgs/lib/python3.8/site-packages:/home/cityu/autoware/install/tier4_debug_msgs/lib/python3.8/site-packages:/home/cityu/autoware/install/autoware_auto_mapping_msgs/lib/python3.8/site-packages:/home/cityu/autoware/install/autoware_auto_geometry_msgs/lib/python3.8/site-packages:${PYTHONPATH} /usr/bin/cmake --build /home/cityu/autoware/build/dummy_perception_publisher -- -j16 -l16
[24.128s] Invoking command in '/home/cityu/autoware/build/dummy_perception_publisher': AMENT_PREFIX_PATH=/home/cityu/autoware/install/tier4_autoware_utils:/home/cityu/autoware/install/tier4_perception_msgs:/home/cityu/autoware/install/autoware_auto_vehicle_msgs:/home/cityu/autoware/install/autoware_cmake:/home/cityu/autoware/install/autoware_auto_planning_msgs:/home/cityu/autoware/install/autoware_auto_perception_msgs:/home/cityu/autoware/install/tier4_debug_msgs:/home/cityu/autoware/install/autoware_lint_common:/home/cityu/autoware/install/autoware_auto_mapping_msgs:/home/cityu/autoware/install/autoware_auto_geometry_msgs:${AMENT_PREFIX_PATH} CMAKE_PREFIX_PATH=/home/cityu/autoware/install/tier4_autoware_utils:/home/cityu/autoware/install/tier4_perception_msgs:/home/cityu/autoware/install/autoware_auto_vehicle_msgs:/home/cityu/autoware/install/autoware_cmake:/home/cityu/autoware/install/autoware_auto_planning_msgs:/home/cityu/autoware/install/autoware_auto_perception_msgs:/home/cityu/autoware/install/tier4_debug_msgs:/home/cityu/autoware/install/autoware_lint_common:/home/cityu/autoware/install/autoware_auto_mapping_msgs:/home/cityu/autoware/install/autoware_auto_geometry_msgs:/opt/ros/galactic LD_LIBRARY_PATH=/home/cityu/autoware/install/tier4_autoware_utils/lib:/home/cityu/autoware/install/tier4_perception_msgs/lib:/home/cityu/autoware/install/autoware_auto_vehicle_msgs/lib:/home/cityu/autoware/install/autoware_auto_planning_msgs/lib:/home/cityu/autoware/install/autoware_auto_perception_msgs/lib:/home/cityu/autoware/install/tier4_debug_msgs/lib:/home/cityu/autoware/install/autoware_auto_mapping_msgs/lib:/home/cityu/autoware/install/autoware_auto_geometry_msgs/lib:${LD_LIBRARY_PATH} PYTHONPATH=/home/cityu/autoware/install/tier4_perception_msgs/lib/python3.8/site-packages:/home/cityu/autoware/install/autoware_auto_vehicle_msgs/lib/python3.8/site-packages:/home/cityu/autoware/install/autoware_auto_planning_msgs/lib/python3.8/site-packages:/home/cityu/autoware/install/autoware_auto_perception_msgs/lib/python3.8/site-packages:/home/cityu/autoware/install/tier4_debug_msgs/lib/python3.8/site-packages:/home/cityu/autoware/install/autoware_auto_mapping_msgs/lib/python3.8/site-packages:/home/cityu/autoware/install/autoware_auto_geometry_msgs/lib/python3.8/site-packages:${PYTHONPATH} /usr/bin/cmake --install /home/cityu/autoware/build/dummy_perception_publisher
[26.583s] -- Install configuration: "Release"
[26.584s] -- Execute custom install script
[26.585s] -- Up-to-date symlink: /home/cityu/autoware/install/dummy_perception_publisher/share/ament_index/resource_index/rosidl_interfaces/dummy_perception_publisher
[26.590s] -- Up-to-date symlink: /home/cityu/autoware/install/dummy_perception_publisher/include/dummy_perception_publisher/msg/detail/initial_state__functions.h
[26.591s] -- Up-to-date symlink: /home/cityu/autoware/install/dummy_perception_publisher/include/dummy_perception_publisher/msg/detail/initial_state__struct.h
[26.592s] -- Up-to-date symlink: /home/cityu/autoware/install/dummy_perception_publisher/include/dummy_perception_publisher/msg/detail/initial_state__type_support.h
[26.592s] -- Up-to-date symlink: /home/cityu/autoware/install/dummy_perception_publisher/include/dummy_perception_publisher/msg/detail/object__functions.h
[26.592s] -- Up-to-date symlink: /home/cityu/autoware/install/dummy_perception_publisher/include/dummy_perception_publisher/msg/detail/object__struct.h
[26.592s] -- Up-to-date symlink: /home/cityu/autoware/install/dummy_perception_publisher/include/dummy_perception_publisher/msg/detail/object__type_support.h
[26.592s] -- Up-to-date symlink: /home/cityu/autoware/install/dummy_perception_publisher/include/dummy_perception_publisher/msg/initial_state.h
[26.592s] -- Up-to-date symlink: /home/cityu/autoware/install/dummy_perception_publisher/include/dummy_perception_publisher/msg/object.h
[26.592s] -- Up-to-date symlink: /home/cityu/autoware/install/dummy_perception_publisher/include/dummy_perception_publisher/msg/rosidl_generator_c__visibility_control.h
[26.592s] -- Up-to-date symlink: /home/cityu/autoware/install/dummy_perception_publisher/share/dummy_perception_publisher/environment/library_path.sh
[26.593s] -- Up-to-date symlink: /home/cityu/autoware/install/dummy_perception_publisher/share/dummy_perception_publisher/environment/library_path.dsv
[26.593s] -- Up-to-date symlink: /home/cityu/autoware/install/dummy_perception_publisher/include/dummy_perception_publisher/msg/detail/initial_state__rosidl_typesupport_fastrtps_c.h
[26.593s] -- Up-to-date symlink: /home/cityu/autoware/install/dummy_perception_publisher/include/dummy_perception_publisher/msg/detail/object__rosidl_typesupport_fastrtps_c.h
[26.593s] -- Up-to-date symlink: /home/cityu/autoware/install/dummy_perception_publisher/include/dummy_perception_publisher/msg/rosidl_typesupport_fastrtps_c__visibility_control.h
[26.593s] -- Up-to-date symlink: /home/cityu/autoware/install/dummy_perception_publisher/lib/libdummy_perception_publisher__rosidl_typesupport_fastrtps_c.so
[26.593s] -- Up-to-date symlink: /home/cityu/autoware/install/dummy_perception_publisher/include/dummy_perception_publisher/msg/detail/initial_state__rosidl_typesupport_fastrtps_cpp.hpp
[26.593s] -- Up-to-date symlink: /home/cityu/autoware/install/dummy_perception_publisher/include/dummy_perception_publisher/msg/detail/object__rosidl_typesupport_fastrtps_cpp.hpp
[26.593s] -- Up-to-date symlink: /home/cityu/autoware/install/dummy_perception_publisher/include/dummy_perception_publisher/msg/rosidl_typesupport_fastrtps_cpp__visibility_control.h
[26.593s] -- Up-to-date symlink: /home/cityu/autoware/install/dummy_perception_publisher/lib/libdummy_perception_publisher__rosidl_typesupport_fastrtps_cpp.so
[26.593s] -- Up-to-date symlink: /home/cityu/autoware/install/dummy_perception_publisher/include/dummy_perception_publisher/msg/detail/initial_state__rosidl_typesupport_introspection_c.h
[26.594s] -- Up-to-date symlink: /home/cityu/autoware/install/dummy_perception_publisher/include/dummy_perception_publisher/msg/detail/object__rosidl_typesupport_introspection_c.h
[26.595s] -- Up-to-date symlink: /home/cityu/autoware/install/dummy_perception_publisher/include/dummy_perception_publisher/msg/rosidl_typesupport_introspection_c__visibility_control.h
[26.607s] -- Up-to-date symlink: /home/cityu/autoware/install/dummy_perception_publisher/include/dummy_perception_publisher/msg/detail/initial_state__builder.hpp
[26.607s] -- Up-to-date symlink: /home/cityu/autoware/install/dummy_perception_publisher/include/dummy_perception_publisher/msg/detail/initial_state__struct.hpp
[26.607s] -- Up-to-date symlink: /home/cityu/autoware/install/dummy_perception_publisher/include/dummy_perception_publisher/msg/detail/initial_state__traits.hpp
[26.607s] -- Up-to-date symlink: /home/cityu/autoware/install/dummy_perception_publisher/include/dummy_perception_publisher/msg/detail/object__builder.hpp
[26.607s] -- Up-to-date symlink: /home/cityu/autoware/install/dummy_perception_publisher/include/dummy_perception_publisher/msg/detail/object__struct.hpp
[26.607s] -- Up-to-date symlink: /home/cityu/autoware/install/dummy_perception_publisher/include/dummy_perception_publisher/msg/detail/object__traits.hpp
[26.607s] -- Up-to-date symlink: /home/cityu/autoware/install/dummy_perception_publisher/include/dummy_perception_publisher/msg/initial_state.hpp
[26.608s] -- Up-to-date symlink: /home/cityu/autoware/install/dummy_perception_publisher/include/dummy_perception_publisher/msg/object.hpp
[26.608s] -- Up-to-date symlink: /home/cityu/autoware/install/dummy_perception_publisher/include/dummy_perception_publisher/msg/detail/initial_state__rosidl_typesupport_introspection_cpp.hpp
[26.608s] -- Up-to-date symlink: /home/cityu/autoware/install/dummy_perception_publisher/include/dummy_perception_publisher/msg/detail/object__rosidl_typesupport_introspection_cpp.hpp
[26.608s] -- Up-to-date symlink: /home/cityu/autoware/install/dummy_perception_publisher/share/dummy_perception_publisher/environment/pythonpath.sh
[26.608s] -- Up-to-date symlink: /home/cityu/autoware/install/dummy_perception_publisher/share/dummy_perception_publisher/environment/pythonpath.dsv
[26.608s] -- Up-to-date symlink: /home/cityu/autoware/install/dummy_perception_publisher/lib/python3.8/site-packages/dummy_perception_publisher/__init__.py
[26.608s] -- Up-to-date symlink: /home/cityu/autoware/install/dummy_perception_publisher/lib/python3.8/site-packages/dummy_perception_publisher/msg/__init__.py
[26.608s] -- Up-to-date symlink: /home/cityu/autoware/install/dummy_perception_publisher/lib/python3.8/site-packages/dummy_perception_publisher/msg/_initial_state.py
[26.609s] -- Up-to-date symlink: /home/cityu/autoware/install/dummy_perception_publisher/lib/python3.8/site-packages/dummy_perception_publisher/msg/_object.py
[26.609s] -- Up-to-date symlink: /home/cityu/autoware/install/dummy_perception_publisher/lib/python3.8/site-packages/dummy_perception_publisher/dummy_perception_publisher_s__rosidl_typesupport_fastrtps_c.cpython-38-x86_64-linux-gnu.so
[26.609s] -- Up-to-date symlink: /home/cityu/autoware/install/dummy_perception_publisher/lib/python3.8/site-packages/dummy_perception_publisher/dummy_perception_publisher_s__rosidl_typesupport_introspection_c.cpython-38-x86_64-linux-gnu.so
[26.609s] -- Up-to-date symlink: /home/cityu/autoware/install/dummy_perception_publisher/lib/python3.8/site-packages/dummy_perception_publisher/dummy_perception_publisher_s__rosidl_typesupport_c.cpython-38-x86_64-linux-gnu.so
[26.609s] -- Up-to-date symlink: /home/cityu/autoware/install/dummy_perception_publisher/lib/libdummy_perception_publisher__python.so
[26.609s] -- Up-to-date symlink: /home/cityu/autoware/install/dummy_perception_publisher/share/dummy_perception_publisher/msg/InitialState.idl
[26.609s] -- Up-to-date symlink: /home/cityu/autoware/install/dummy_perception_publisher/share/dummy_perception_publisher/msg/Object.idl
[26.609s] -- Up-to-date symlink: /home/cityu/autoware/install/dummy_perception_publisher/share/dummy_perception_publisher/msg/InitialState.msg
[26.609s] -- Up-to-date symlink: /home/cityu/autoware/install/dummy_perception_publisher/share/dummy_perception_publisher/msg/Object.msg
[26.610s] -- Up-to-date symlink: /home/cityu/autoware/install/dummy_perception_publisher/include/dummy_perception_publisher/node.hpp
[26.610s] -- Up-to-date symlink: /home/cityu/autoware/install/dummy_perception_publisher/include/dummy_perception_publisher/signed_distance_function.hpp
[26.610s] -- Up-to-date symlink: /home/cityu/autoware/install/dummy_perception_publisher/lib/libsigned_distance_function.so
[26.610s] -- Up-to-date symlink: /home/cityu/autoware/install/dummy_perception_publisher/lib/dummy_perception_publisher/dummy_perception_publisher_node
[26.610s] -- Up-to-date symlink: /home/cityu/autoware/install/dummy_perception_publisher/lib/dummy_perception_publisher/empty_objects_publisher
[26.611s] -- Up-to-date symlink: /home/cityu/autoware/install/dummy_perception_publisher/share/dummy_perception_publisher/launch/dummy_perception_publisher.launch.xml
[26.611s] -- Up-to-date symlink: /home/cityu/autoware/install/dummy_perception_publisher/share/ament_index/resource_index/package_run_dependencies/dummy_perception_publisher
[26.611s] -- Up-to-date symlink: /home/cityu/autoware/install/dummy_perception_publisher/share/ament_index/resource_index/parent_prefix_path/dummy_perception_publisher
[26.611s] -- Up-to-date symlink: /home/cityu/autoware/install/dummy_perception_publisher/share/dummy_perception_publisher/environment/ament_prefix_path.sh
[26.611s] -- Up-to-date symlink: /home/cityu/autoware/install/dummy_perception_publisher/share/dummy_perception_publisher/environment/ament_prefix_path.dsv
[26.611s] -- Up-to-date symlink: /home/cityu/autoware/install/dummy_perception_publisher/share/dummy_perception_publisher/environment/path.sh
[26.611s] -- Up-to-date symlink: /home/cityu/autoware/install/dummy_perception_publisher/share/dummy_perception_publisher/environment/path.dsv
[26.611s] -- Up-to-date symlink: /home/cityu/autoware/install/dummy_perception_publisher/share/dummy_perception_publisher/local_setup.bash
[26.611s] -- Up-to-date symlink: /home/cityu/autoware/install/dummy_perception_publisher/share/dummy_perception_publisher/local_setup.sh
[26.611s] -- Up-to-date symlink: /home/cityu/autoware/install/dummy_perception_publisher/share/dummy_perception_publisher/local_setup.zsh
[26.612s] -- Up-to-date symlink: /home/cityu/autoware/install/dummy_perception_publisher/share/dummy_perception_publisher/local_setup.dsv
[26.612s] -- Symlinking: /home/cityu/autoware/install/dummy_perception_publisher/share/dummy_perception_publisher/package.dsv
[26.612s] -- Up-to-date symlink: /home/cityu/autoware/install/dummy_perception_publisher/share/ament_index/resource_index/packages/dummy_perception_publisher
[26.612s] -- Up-to-date symlink: /home/cityu/autoware/install/dummy_perception_publisher/share/dummy_perception_publisher/cmake/rosidl_cmake-extras.cmake
[26.612s] -- Up-to-date symlink: /home/cityu/autoware/install/dummy_perception_publisher/share/dummy_perception_publisher/cmake/ament_cmake_export_dependencies-extras.cmake
[26.612s] -- Up-to-date symlink: /home/cityu/autoware/install/dummy_perception_publisher/share/dummy_perception_publisher/cmake/ament_cmake_export_libraries-extras.cmake
[26.612s] -- Up-to-date symlink: /home/cityu/autoware/install/dummy_perception_publisher/share/dummy_perception_publisher/cmake/ament_cmake_export_targets-extras.cmake
[26.612s] -- Up-to-date symlink: /home/cityu/autoware/install/dummy_perception_publisher/share/dummy_perception_publisher/cmake/ament_cmake_export_include_directories-extras.cmake
[26.612s] -- Up-to-date symlink: /home/cityu/autoware/install/dummy_perception_publisher/share/dummy_perception_publisher/cmake/rosidl_cmake_export_typesupport_libraries-extras.cmake
[26.613s] -- Up-to-date symlink: /home/cityu/autoware/install/dummy_perception_publisher/share/dummy_perception_publisher/cmake/rosidl_cmake_export_typesupport_targets-extras.cmake
[26.613s] -- Up-to-date symlink: /home/cityu/autoware/install/dummy_perception_publisher/share/dummy_perception_publisher/cmake/dummy_perception_publisherConfig.cmake
[26.613s] -- Up-to-date symlink: /home/cityu/autoware/install/dummy_perception_publisher/share/dummy_perception_publisher/cmake/dummy_perception_publisherConfig-version.cmake
[26.613s] -- Up-to-date symlink: /home/cityu/autoware/install/dummy_perception_publisher/share/dummy_perception_publisher/package.xml
[26.613s] -- Installing: /home/cityu/autoware/install/dummy_perception_publisher/lib/libdummy_perception_publisher__rosidl_generator_c.so
[26.613s] -- Set runtime path of "/home/cityu/autoware/install/dummy_perception_publisher/lib/libdummy_perception_publisher__rosidl_generator_c.so" to ""
[26.613s] -- Installing: /home/cityu/autoware/install/dummy_perception_publisher/lib/libdummy_perception_publisher__rosidl_typesupport_introspection_c.so
[26.613s] -- Set runtime path of "/home/cityu/autoware/install/dummy_perception_publisher/lib/libdummy_perception_publisher__rosidl_typesupport_introspection_c.so" to ""
[26.613s] -- Installing: /home/cityu/autoware/install/dummy_perception_publisher/lib/libdummy_perception_publisher__rosidl_typesupport_c.so
[26.614s] -- Set runtime path of "/home/cityu/autoware/install/dummy_perception_publisher/lib/libdummy_perception_publisher__rosidl_typesupport_c.so" to ""
[26.614s] -- Installing: /home/cityu/autoware/install/dummy_perception_publisher/lib/libdummy_perception_publisher__rosidl_typesupport_introspection_cpp.so
[26.614s] -- Set runtime path of "/home/cityu/autoware/install/dummy_perception_publisher/lib/libdummy_perception_publisher__rosidl_typesupport_introspection_cpp.so" to ""
[26.614s] -- Installing: /home/cityu/autoware/install/dummy_perception_publisher/lib/libdummy_perception_publisher__rosidl_typesupport_cpp.so
[26.614s] -- Set runtime path of "/home/cityu/autoware/install/dummy_perception_publisher/lib/libdummy_perception_publisher__rosidl_typesupport_cpp.so" to ""
[26.614s] Compiling '/home/cityu/autoware/install/dummy_perception_publisher/lib/python3.8/site-packages/dummy_perception_publisher/__init__.py'...
[26.614s] -- Up-to-date: /home/cityu/autoware/install/dummy_perception_publisher/share/dummy_perception_publisher/cmake/dummy_perception_publisher__rosidl_generator_cExport.cmake
[26.614s] -- Installing: /home/cityu/autoware/install/dummy_perception_publisher/share/dummy_perception_publisher/cmake/dummy_perception_publisher__rosidl_generator_cExport-release.cmake
[26.614s] -- Up-to-date: /home/cityu/autoware/install/dummy_perception_publisher/share/dummy_perception_publisher/cmake/dummy_perception_publisher__rosidl_typesupport_introspection_cExport.cmake
[26.615s] -- Installing: /home/cityu/autoware/install/dummy_perception_publisher/share/dummy_perception_publisher/cmake/dummy_perception_publisher__rosidl_typesupport_introspection_cExport-release.cmake
[26.615s] -- Up-to-date: /home/cityu/autoware/install/dummy_perception_publisher/share/dummy_perception_publisher/cmake/dummy_perception_publisher__rosidl_typesupport_cExport.cmake
[26.615s] -- Installing: /home/cityu/autoware/install/dummy_perception_publisher/share/dummy_perception_publisher/cmake/dummy_perception_publisher__rosidl_typesupport_cExport-release.cmake
[26.615s] -- Up-to-date: /home/cityu/autoware/install/dummy_perception_publisher/share/dummy_perception_publisher/cmake/dummy_perception_publisher__rosidl_generator_cppExport.cmake
[26.615s] -- Up-to-date: /home/cityu/autoware/install/dummy_perception_publisher/share/dummy_perception_publisher/cmake/dummy_perception_publisher__rosidl_typesupport_introspection_cppExport.cmake
[26.615s] -- Installing: /home/cityu/autoware/install/dummy_perception_publisher/share/dummy_perception_publisher/cmake/dummy_perception_publisher__rosidl_typesupport_introspection_cppExport-release.cmake
[26.615s] -- Up-to-date: /home/cityu/autoware/install/dummy_perception_publisher/share/dummy_perception_publisher/cmake/dummy_perception_publisher__rosidl_typesupport_cppExport.cmake
[26.615s] -- Installing: /home/cityu/autoware/install/dummy_perception_publisher/share/dummy_perception_publisher/cmake/dummy_perception_publisher__rosidl_typesupport_cppExport-release.cmake
[26.631s] Invoked command in '/home/cityu/autoware/build/dummy_perception_publisher' returned '0': AMENT_PREFIX_PATH=/home/cityu/autoware/install/tier4_autoware_utils:/home/cityu/autoware/install/tier4_perception_msgs:/home/cityu/autoware/install/autoware_auto_vehicle_msgs:/home/cityu/autoware/install/autoware_cmake:/home/cityu/autoware/install/autoware_auto_planning_msgs:/home/cityu/autoware/install/autoware_auto_perception_msgs:/home/cityu/autoware/install/tier4_debug_msgs:/home/cityu/autoware/install/autoware_lint_common:/home/cityu/autoware/install/autoware_auto_mapping_msgs:/home/cityu/autoware/install/autoware_auto_geometry_msgs:${AMENT_PREFIX_PATH} CMAKE_PREFIX_PATH=/home/cityu/autoware/install/tier4_autoware_utils:/home/cityu/autoware/install/tier4_perception_msgs:/home/cityu/autoware/install/autoware_auto_vehicle_msgs:/home/cityu/autoware/install/autoware_cmake:/home/cityu/autoware/install/autoware_auto_planning_msgs:/home/cityu/autoware/install/autoware_auto_perception_msgs:/home/cityu/autoware/install/tier4_debug_msgs:/home/cityu/autoware/install/autoware_lint_common:/home/cityu/autoware/install/autoware_auto_mapping_msgs:/home/cityu/autoware/install/autoware_auto_geometry_msgs:/opt/ros/galactic LD_LIBRARY_PATH=/home/cityu/autoware/install/tier4_autoware_utils/lib:/home/cityu/autoware/install/tier4_perception_msgs/lib:/home/cityu/autoware/install/autoware_auto_vehicle_msgs/lib:/home/cityu/autoware/install/autoware_auto_planning_msgs/lib:/home/cityu/autoware/install/autoware_auto_perception_msgs/lib:/home/cityu/autoware/install/tier4_debug_msgs/lib:/home/cityu/autoware/install/autoware_auto_mapping_msgs/lib:/home/cityu/autoware/install/autoware_auto_geometry_msgs/lib:${LD_LIBRARY_PATH} PYTHONPATH=/home/cityu/autoware/install/tier4_perception_msgs/lib/python3.8/site-packages:/home/cityu/autoware/install/autoware_auto_vehicle_msgs/lib/python3.8/site-packages:/home/cityu/autoware/install/autoware_auto_planning_msgs/lib/python3.8/site-packages:/home/cityu/autoware/install/autoware_auto_perception_msgs/lib/python3.8/site-packages:/home/cityu/autoware/install/tier4_debug_msgs/lib/python3.8/site-packages:/home/cityu/autoware/install/autoware_auto_mapping_msgs/lib/python3.8/site-packages:/home/cityu/autoware/install/autoware_auto_geometry_msgs/lib/python3.8/site-packages:${PYTHONPATH} /usr/bin/cmake --install /home/cityu/autoware/build/dummy_perception_publisher
