-- Found ament_cmake_auto: 1.1.6 (/opt/ros/galactic/share/ament_cmake_auto/cmake)
-- Found PythonInterp: /usr/bin/python3 (found suitable version "3.8.10", minimum required is "3") 
-- Using PYTHON_EXECUTABLE: /usr/bin/python3
-- Override CMake install command with custom implementation using symlinks instead of copying resources
-- Using all available rosidl_typesupport_c: rosidl_typesupport_fastrtps_c;rosidl_typesupport_introspection_c
-- Found rosidl_adapter: 2.2.3 (/opt/ros/galactic/share/rosidl_adapter/cmake)
-- Using all available rosidl_typesupport_cpp: rosidl_typesupport_fastrtps_cpp;rosidl_typesupport_introspection_cpp
-- Found ament_cmake_cppcheck: 0.10.7 (/opt/ros/galactic/share/ament_cmake_cppcheck/cmake)
-- Found ament_cmake_cpplint: 0.10.7 (/opt/ros/galactic/share/ament_cmake_cpplint/cmake)
-- Found ament_cmake_uncrustify: 0.10.7 (/opt/ros/galactic/share/ament_cmake_uncrustify/cmake)
-- Found ament_cmake_ros: 0.9.2 (/opt/ros/galactic/share/ament_cmake_ros/cmake)
-- Using all available rosidl_typesupport_c: rosidl_typesupport_fastrtps_c;rosidl_typesupport_introspection_c
-- Using all available rosidl_typesupport_cpp: rosidl_typesupport_fastrtps_cpp;rosidl_typesupport_introspection_cpp
-- Found PythonInterp: /usr/bin/python3 (found suitable version "3.8.10", minimum required is "3.5") 
-- Found python_cmake_module: 0.8.1 (/opt/ros/galactic/share/python_cmake_module/cmake)
-- Using PYTHON_EXECUTABLE: /usr/bin/python3
-- Using PYTHON_INCLUDE_DIRS: /usr/include/python3.8
-- Using PYTHON_LIBRARIES: /usr/lib/x86_64-linux-gnu/libpython3.8.so
-- Found ament_cmake_flake8: 0.10.7 (/opt/ros/galactic/share/ament_cmake_flake8/cmake)
-- Found ament_cmake_pep257: 0.10.7 (/opt/ros/galactic/share/ament_cmake_pep257/cmake)
-- Found ament_lint_auto: 0.10.7 (/opt/ros/galactic/share/ament_lint_auto/cmake)
-- Added test 'copyright' to check source files copyright and LICENSE
-- Added test 'lint_cmake' to check CMake code style
-- Added test 'xmllint' to check XML markup files
-- Configuring done
-- Generating done
-- Build files have been written to: /home/cityu/autoware/build/autoware_auto_mapping_msgs
[  1%] [32mBuilding C object CMakeFiles/autoware_auto_mapping_msgs__rosidl_generator_c.dir/rosidl_generator_c/autoware_auto_mapping_msgs/msg/detail/had_map_bin__functions.c.o[0m
[  3%] Built target autoware_auto_mapping_msgs__cpp
[  5%] [32mBuilding C object CMakeFiles/autoware_auto_mapping_msgs__rosidl_generator_c.dir/rosidl_generator_c/autoware_auto_mapping_msgs/msg/detail/had_map_segment__functions.c.o[0m
[  7%] [32mBuilding C object CMakeFiles/autoware_auto_mapping_msgs__rosidl_generator_c.dir/rosidl_generator_c/autoware_auto_mapping_msgs/msg/detail/map_primitive__functions.c.o[0m
[  9%] [32mBuilding C object CMakeFiles/autoware_auto_mapping_msgs__rosidl_generator_c.dir/rosidl_generator_c/autoware_auto_mapping_msgs/srv/detail/had_map_service__functions.c.o[0m
[ 10%] [32mBuilding CXX object CMakeFiles/autoware_auto_mapping_msgs__rosidl_typesupport_cpp.dir/rosidl_typesupport_cpp/autoware_auto_mapping_msgs/msg/had_map_segment__type_support.cpp.o[0m
[ 12%] [32mBuilding CXX object CMakeFiles/autoware_auto_mapping_msgs__rosidl_typesupport_fastrtps_cpp.dir/rosidl_typesupport_fastrtps_cpp/autoware_auto_mapping_msgs/msg/detail/dds_fastrtps/had_map_bin__type_support.cpp.o[0m
[ 14%] [32mBuilding CXX object CMakeFiles/autoware_auto_mapping_msgs__rosidl_typesupport_cpp.dir/rosidl_typesupport_cpp/autoware_auto_mapping_msgs/msg/had_map_bin__type_support.cpp.o[0m
[ 18%] [32mBuilding CXX object CMakeFiles/autoware_auto_mapping_msgs__rosidl_typesupport_cpp.dir/rosidl_typesupport_cpp/autoware_auto_mapping_msgs/srv/had_map_service__type_support.cpp.o[0m
[ 16%] [32mBuilding CXX object CMakeFiles/autoware_auto_mapping_msgs__rosidl_typesupport_cpp.dir/rosidl_typesupport_cpp/autoware_auto_mapping_msgs/msg/map_primitive__type_support.cpp.o[0m
[ 20%] [32mBuilding CXX object CMakeFiles/autoware_auto_mapping_msgs__rosidl_typesupport_fastrtps_cpp.dir/rosidl_typesupport_fastrtps_cpp/autoware_auto_mapping_msgs/msg/detail/dds_fastrtps/had_map_segment__type_support.cpp.o[0m
[ 21%] [32mBuilding CXX object CMakeFiles/autoware_auto_mapping_msgs__rosidl_typesupport_introspection_cpp.dir/rosidl_typesupport_introspection_cpp/autoware_auto_mapping_msgs/msg/detail/had_map_bin__type_support.cpp.o[0m
[ 23%] [32mBuilding CXX object CMakeFiles/autoware_auto_mapping_msgs__rosidl_typesupport_fastrtps_cpp.dir/rosidl_typesupport_fastrtps_cpp/autoware_auto_mapping_msgs/msg/detail/dds_fastrtps/map_primitive__type_support.cpp.o[0m
[ 25%] [32mBuilding CXX object CMakeFiles/autoware_auto_mapping_msgs__rosidl_typesupport_fastrtps_cpp.dir/rosidl_typesupport_fastrtps_cpp/autoware_auto_mapping_msgs/srv/detail/dds_fastrtps/had_map_service__type_support.cpp.o[0m
[ 27%] [32mBuilding CXX object CMakeFiles/autoware_auto_mapping_msgs__rosidl_typesupport_introspection_cpp.dir/rosidl_typesupport_introspection_cpp/autoware_auto_mapping_msgs/msg/detail/had_map_segment__type_support.cpp.o[0m
[ 29%] [32mBuilding CXX object CMakeFiles/autoware_auto_mapping_msgs__rosidl_typesupport_introspection_cpp.dir/rosidl_typesupport_introspection_cpp/autoware_auto_mapping_msgs/msg/detail/map_primitive__type_support.cpp.o[0m
[ 30%] [32mBuilding CXX object CMakeFiles/autoware_auto_mapping_msgs__rosidl_typesupport_introspection_cpp.dir/rosidl_typesupport_introspection_cpp/autoware_auto_mapping_msgs/srv/detail/had_map_service__type_support.cpp.o[0m
[ 32%] [32m[1mLinking C shared library libautoware_auto_mapping_msgs__rosidl_generator_c.so[0m
[ 34%] Built target autoware_auto_mapping_msgs__rosidl_generator_c
[ 36%] [32mBuilding C object CMakeFiles/autoware_auto_mapping_msgs__rosidl_typesupport_introspection_c.dir/rosidl_typesupport_introspection_c/autoware_auto_mapping_msgs/msg/detail/had_map_bin__type_support.c.o[0m
[ 38%] [32mBuilding CXX object CMakeFiles/autoware_auto_mapping_msgs__rosidl_typesupport_c.dir/rosidl_typesupport_c/autoware_auto_mapping_msgs/msg/had_map_bin__type_support.cpp.o[0m
[ 40%] [32mBuilding C object CMakeFiles/autoware_auto_mapping_msgs__rosidl_typesupport_introspection_c.dir/rosidl_typesupport_introspection_c/autoware_auto_mapping_msgs/msg/detail/had_map_segment__type_support.c.o[0m
[ 41%] [32mBuilding C object CMakeFiles/autoware_auto_mapping_msgs__rosidl_typesupport_introspection_c.dir/rosidl_typesupport_introspection_c/autoware_auto_mapping_msgs/msg/detail/map_primitive__type_support.c.o[0m
[ 43%] [32mBuilding CXX object CMakeFiles/autoware_auto_mapping_msgs__rosidl_typesupport_c.dir/rosidl_typesupport_c/autoware_auto_mapping_msgs/msg/had_map_segment__type_support.cpp.o[0m
[ 45%] [32mBuilding C object CMakeFiles/autoware_auto_mapping_msgs__rosidl_typesupport_introspection_c.dir/rosidl_typesupport_introspection_c/autoware_auto_mapping_msgs/srv/detail/had_map_service__type_support.c.o[0m
[ 47%] [32mBuilding CXX object CMakeFiles/autoware_auto_mapping_msgs__rosidl_typesupport_c.dir/rosidl_typesupport_c/autoware_auto_mapping_msgs/srv/had_map_service__type_support.cpp.o[0m
[ 49%] [32mBuilding CXX object CMakeFiles/autoware_auto_mapping_msgs__rosidl_typesupport_c.dir/rosidl_typesupport_c/autoware_auto_mapping_msgs/msg/map_primitive__type_support.cpp.o[0m
[ 50%] [32m[1mLinking C shared library libautoware_auto_mapping_msgs__rosidl_typesupport_introspection_c.so[0m
[ 52%] [32m[1mLinking CXX shared library libautoware_auto_mapping_msgs__rosidl_typesupport_c.so[0m
[ 54%] Built target autoware_auto_mapping_msgs__rosidl_typesupport_introspection_c
[ 56%] Built target autoware_auto_mapping_msgs__rosidl_typesupport_c
[ 58%] [32m[1mLinking CXX shared library libautoware_auto_mapping_msgs__rosidl_typesupport_cpp.so[0m
[ 60%] Built target autoware_auto_mapping_msgs__rosidl_typesupport_cpp
[ 61%] [32m[1mLinking CXX shared library libautoware_auto_mapping_msgs__rosidl_typesupport_introspection_cpp.so[0m
[ 63%] Built target autoware_auto_mapping_msgs__rosidl_typesupport_introspection_cpp
[ 65%] [32m[1mLinking CXX shared library libautoware_auto_mapping_msgs__rosidl_typesupport_fastrtps_cpp.so[0m
[ 67%] Built target autoware_auto_mapping_msgs__rosidl_typesupport_fastrtps_cpp
[ 69%] [32mBuilding CXX object CMakeFiles/autoware_auto_mapping_msgs__rosidl_typesupport_fastrtps_c.dir/rosidl_typesupport_fastrtps_c/autoware_auto_mapping_msgs/msg/detail/had_map_bin__type_support_c.cpp.o[0m
[ 70%] [32mBuilding CXX object CMakeFiles/autoware_auto_mapping_msgs__rosidl_typesupport_fastrtps_c.dir/rosidl_typesupport_fastrtps_c/autoware_auto_mapping_msgs/srv/detail/had_map_service__type_support_c.cpp.o[0m
[ 72%] [32mBuilding CXX object CMakeFiles/autoware_auto_mapping_msgs__rosidl_typesupport_fastrtps_c.dir/rosidl_typesupport_fastrtps_c/autoware_auto_mapping_msgs/msg/detail/map_primitive__type_support_c.cpp.o[0m
[ 74%] [32mBuilding CXX object CMakeFiles/autoware_auto_mapping_msgs__rosidl_typesupport_fastrtps_c.dir/rosidl_typesupport_fastrtps_c/autoware_auto_mapping_msgs/msg/detail/had_map_segment__type_support_c.cpp.o[0m
[ 76%] [32m[1mLinking CXX shared library libautoware_auto_mapping_msgs__rosidl_typesupport_fastrtps_c.so[0m
[ 78%] Built target autoware_auto_mapping_msgs__rosidl_typesupport_fastrtps_c
[ 78%] Built target autoware_auto_mapping_msgs
[ 80%] Built target autoware_auto_mapping_msgs__py
[ 81%] [32mBuilding C object CMakeFiles/autoware_auto_mapping_msgs__python.dir/rosidl_generator_py/autoware_auto_mapping_msgs/msg/_had_map_bin_s.c.o[0m
[ 83%] [32mBuilding C object CMakeFiles/autoware_auto_mapping_msgs__python.dir/rosidl_generator_py/autoware_auto_mapping_msgs/srv/_had_map_service_s.c.o[0m
[ 85%] [32mBuilding C object CMakeFiles/autoware_auto_mapping_msgs__python.dir/rosidl_generator_py/autoware_auto_mapping_msgs/msg/_map_primitive_s.c.o[0m
[ 87%] [32mBuilding C object CMakeFiles/autoware_auto_mapping_msgs__python.dir/rosidl_generator_py/autoware_auto_mapping_msgs/msg/_had_map_segment_s.c.o[0m
[ 89%] [32m[1mLinking C shared library rosidl_generator_py/autoware_auto_mapping_msgs/libautoware_auto_mapping_msgs__python.so[0m
[ 89%] Built target autoware_auto_mapping_msgs__python
[ 90%] [32mBuilding C object CMakeFiles/autoware_auto_mapping_msgs__rosidl_typesupport_introspection_c__pyext.dir/rosidl_generator_py/autoware_auto_mapping_msgs/_autoware_auto_mapping_msgs_s.ep.rosidl_typesupport_introspection_c.c.o[0m
[ 92%] [32m[1mLinking C shared library rosidl_generator_py/autoware_auto_mapping_msgs/autoware_auto_mapping_msgs_s__rosidl_typesupport_introspection_c.cpython-38-x86_64-linux-gnu.so[0m
[ 92%] Built target autoware_auto_mapping_msgs__rosidl_typesupport_introspection_c__pyext
[ 94%] [32mBuilding C object CMakeFiles/autoware_auto_mapping_msgs__rosidl_typesupport_c__pyext.dir/rosidl_generator_py/autoware_auto_mapping_msgs/_autoware_auto_mapping_msgs_s.ep.rosidl_typesupport_c.c.o[0m
[ 96%] [32m[1mLinking C shared library rosidl_generator_py/autoware_auto_mapping_msgs/autoware_auto_mapping_msgs_s__rosidl_typesupport_c.cpython-38-x86_64-linux-gnu.so[0m
[ 96%] Built target autoware_auto_mapping_msgs__rosidl_typesupport_c__pyext
[ 98%] [32mBuilding C object CMakeFiles/autoware_auto_mapping_msgs__rosidl_typesupport_fastrtps_c__pyext.dir/rosidl_generator_py/autoware_auto_mapping_msgs/_autoware_auto_mapping_msgs_s.ep.rosidl_typesupport_fastrtps_c.c.o[0m
[100%] [32m[1mLinking CXX shared library rosidl_generator_py/autoware_auto_mapping_msgs/autoware_auto_mapping_msgs_s__rosidl_typesupport_fastrtps_c.cpython-38-x86_64-linux-gnu.so[0m
[100%] Built target autoware_auto_mapping_msgs__rosidl_typesupport_fastrtps_c__pyext
-- Install configuration: "Release"
-- Execute custom install script
-- Up-to-date symlink: /home/cityu/autoware/install/autoware_auto_mapping_msgs/share/ament_index/resource_index/rosidl_interfaces/autoware_auto_mapping_msgs
-- Up-to-date symlink: /home/cityu/autoware/install/autoware_auto_mapping_msgs/include/autoware_auto_mapping_msgs/msg/detail/had_map_bin__functions.h
-- Up-to-date symlink: /home/cityu/autoware/install/autoware_auto_mapping_msgs/include/autoware_auto_mapping_msgs/msg/detail/had_map_bin__struct.h
-- Up-to-date symlink: /home/cityu/autoware/install/autoware_auto_mapping_msgs/include/autoware_auto_mapping_msgs/msg/detail/had_map_bin__type_support.h
-- Up-to-date symlink: /home/cityu/autoware/install/autoware_auto_mapping_msgs/include/autoware_auto_mapping_msgs/msg/detail/had_map_segment__functions.h
-- Up-to-date symlink: /home/cityu/autoware/install/autoware_auto_mapping_msgs/include/autoware_auto_mapping_msgs/msg/detail/had_map_segment__struct.h
-- Up-to-date symlink: /home/cityu/autoware/install/autoware_auto_mapping_msgs/include/autoware_auto_mapping_msgs/msg/detail/had_map_segment__type_support.h
-- Up-to-date symlink: /home/cityu/autoware/install/autoware_auto_mapping_msgs/include/autoware_auto_mapping_msgs/msg/detail/map_primitive__functions.h
-- Up-to-date symlink: /home/cityu/autoware/install/autoware_auto_mapping_msgs/include/autoware_auto_mapping_msgs/msg/detail/map_primitive__struct.h
-- Up-to-date symlink: /home/cityu/autoware/install/autoware_auto_mapping_msgs/include/autoware_auto_mapping_msgs/msg/detail/map_primitive__type_support.h
-- Up-to-date symlink: /home/cityu/autoware/install/autoware_auto_mapping_msgs/include/autoware_auto_mapping_msgs/msg/had_map_bin.h
-- Up-to-date symlink: /home/cityu/autoware/install/autoware_auto_mapping_msgs/include/autoware_auto_mapping_msgs/msg/had_map_segment.h
-- Up-to-date symlink: /home/cityu/autoware/install/autoware_auto_mapping_msgs/include/autoware_auto_mapping_msgs/msg/map_primitive.h
-- Up-to-date symlink: /home/cityu/autoware/install/autoware_auto_mapping_msgs/include/autoware_auto_mapping_msgs/msg/rosidl_generator_c__visibility_control.h
-- Up-to-date symlink: /home/cityu/autoware/install/autoware_auto_mapping_msgs/include/autoware_auto_mapping_msgs/srv/detail/had_map_service__functions.h
-- Up-to-date symlink: /home/cityu/autoware/install/autoware_auto_mapping_msgs/include/autoware_auto_mapping_msgs/srv/detail/had_map_service__struct.h
-- Up-to-date symlink: /home/cityu/autoware/install/autoware_auto_mapping_msgs/include/autoware_auto_mapping_msgs/srv/detail/had_map_service__type_support.h
-- Up-to-date symlink: /home/cityu/autoware/install/autoware_auto_mapping_msgs/include/autoware_auto_mapping_msgs/srv/had_map_service.h
-- Up-to-date symlink: /home/cityu/autoware/install/autoware_auto_mapping_msgs/share/autoware_auto_mapping_msgs/environment/library_path.sh
-- Up-to-date symlink: /home/cityu/autoware/install/autoware_auto_mapping_msgs/share/autoware_auto_mapping_msgs/environment/library_path.dsv
-- Up-to-date symlink: /home/cityu/autoware/install/autoware_auto_mapping_msgs/include/autoware_auto_mapping_msgs/msg/detail/had_map_bin__rosidl_typesupport_fastrtps_c.h
-- Up-to-date symlink: /home/cityu/autoware/install/autoware_auto_mapping_msgs/include/autoware_auto_mapping_msgs/msg/detail/had_map_segment__rosidl_typesupport_fastrtps_c.h
-- Up-to-date symlink: /home/cityu/autoware/install/autoware_auto_mapping_msgs/include/autoware_auto_mapping_msgs/msg/detail/map_primitive__rosidl_typesupport_fastrtps_c.h
-- Up-to-date symlink: /home/cityu/autoware/install/autoware_auto_mapping_msgs/include/autoware_auto_mapping_msgs/msg/rosidl_typesupport_fastrtps_c__visibility_control.h
-- Up-to-date symlink: /home/cityu/autoware/install/autoware_auto_mapping_msgs/include/autoware_auto_mapping_msgs/srv/detail/had_map_service__rosidl_typesupport_fastrtps_c.h
-- Up-to-date symlink: /home/cityu/autoware/install/autoware_auto_mapping_msgs/lib/libautoware_auto_mapping_msgs__rosidl_typesupport_fastrtps_c.so
-- Up-to-date symlink: /home/cityu/autoware/install/autoware_auto_mapping_msgs/include/autoware_auto_mapping_msgs/msg/detail/had_map_bin__rosidl_typesupport_fastrtps_cpp.hpp
-- Up-to-date symlink: /home/cityu/autoware/install/autoware_auto_mapping_msgs/include/autoware_auto_mapping_msgs/msg/detail/had_map_segment__rosidl_typesupport_fastrtps_cpp.hpp
-- Up-to-date symlink: /home/cityu/autoware/install/autoware_auto_mapping_msgs/include/autoware_auto_mapping_msgs/msg/detail/map_primitive__rosidl_typesupport_fastrtps_cpp.hpp
-- Up-to-date symlink: /home/cityu/autoware/install/autoware_auto_mapping_msgs/include/autoware_auto_mapping_msgs/msg/rosidl_typesupport_fastrtps_cpp__visibility_control.h
-- Up-to-date symlink: /home/cityu/autoware/install/autoware_auto_mapping_msgs/include/autoware_auto_mapping_msgs/srv/detail/had_map_service__rosidl_typesupport_fastrtps_cpp.hpp
-- Up-to-date symlink: /home/cityu/autoware/install/autoware_auto_mapping_msgs/lib/libautoware_auto_mapping_msgs__rosidl_typesupport_fastrtps_cpp.so
-- Up-to-date symlink: /home/cityu/autoware/install/autoware_auto_mapping_msgs/include/autoware_auto_mapping_msgs/msg/detail/had_map_bin__rosidl_typesupport_introspection_c.h
-- Up-to-date symlink: /home/cityu/autoware/install/autoware_auto_mapping_msgs/include/autoware_auto_mapping_msgs/msg/detail/had_map_segment__rosidl_typesupport_introspection_c.h
-- Up-to-date symlink: /home/cityu/autoware/install/autoware_auto_mapping_msgs/include/autoware_auto_mapping_msgs/msg/detail/map_primitive__rosidl_typesupport_introspection_c.h
-- Up-to-date symlink: /home/cityu/autoware/install/autoware_auto_mapping_msgs/include/autoware_auto_mapping_msgs/msg/rosidl_typesupport_introspection_c__visibility_control.h
-- Up-to-date symlink: /home/cityu/autoware/install/autoware_auto_mapping_msgs/include/autoware_auto_mapping_msgs/srv/detail/had_map_service__rosidl_typesupport_introspection_c.h
-- Up-to-date symlink: /home/cityu/autoware/install/autoware_auto_mapping_msgs/include/autoware_auto_mapping_msgs/msg/detail/had_map_bin__builder.hpp
-- Up-to-date symlink: /home/cityu/autoware/install/autoware_auto_mapping_msgs/include/autoware_auto_mapping_msgs/msg/detail/had_map_bin__struct.hpp
-- Up-to-date symlink: /home/cityu/autoware/install/autoware_auto_mapping_msgs/include/autoware_auto_mapping_msgs/msg/detail/had_map_bin__traits.hpp
-- Up-to-date symlink: /home/cityu/autoware/install/autoware_auto_mapping_msgs/include/autoware_auto_mapping_msgs/msg/detail/had_map_segment__builder.hpp
-- Up-to-date symlink: /home/cityu/autoware/install/autoware_auto_mapping_msgs/include/autoware_auto_mapping_msgs/msg/detail/had_map_segment__struct.hpp
-- Up-to-date symlink: /home/cityu/autoware/install/autoware_auto_mapping_msgs/include/autoware_auto_mapping_msgs/msg/detail/had_map_segment__traits.hpp
-- Up-to-date symlink: /home/cityu/autoware/install/autoware_auto_mapping_msgs/include/autoware_auto_mapping_msgs/msg/detail/map_primitive__builder.hpp
-- Up-to-date symlink: /home/cityu/autoware/install/autoware_auto_mapping_msgs/include/autoware_auto_mapping_msgs/msg/detail/map_primitive__struct.hpp
-- Up-to-date symlink: /home/cityu/autoware/install/autoware_auto_mapping_msgs/include/autoware_auto_mapping_msgs/msg/detail/map_primitive__traits.hpp
-- Up-to-date symlink: /home/cityu/autoware/install/autoware_auto_mapping_msgs/include/autoware_auto_mapping_msgs/msg/had_map_bin.hpp
-- Up-to-date symlink: /home/cityu/autoware/install/autoware_auto_mapping_msgs/include/autoware_auto_mapping_msgs/msg/had_map_segment.hpp
-- Up-to-date symlink: /home/cityu/autoware/install/autoware_auto_mapping_msgs/include/autoware_auto_mapping_msgs/msg/map_primitive.hpp
-- Up-to-date symlink: /home/cityu/autoware/install/autoware_auto_mapping_msgs/include/autoware_auto_mapping_msgs/srv/detail/had_map_service__builder.hpp
-- Up-to-date symlink: /home/cityu/autoware/install/autoware_auto_mapping_msgs/include/autoware_auto_mapping_msgs/srv/detail/had_map_service__struct.hpp
-- Up-to-date symlink: /home/cityu/autoware/install/autoware_auto_mapping_msgs/include/autoware_auto_mapping_msgs/srv/detail/had_map_service__traits.hpp
-- Up-to-date symlink: /home/cityu/autoware/install/autoware_auto_mapping_msgs/include/autoware_auto_mapping_msgs/srv/had_map_service.hpp
-- Up-to-date symlink: /home/cityu/autoware/install/autoware_auto_mapping_msgs/include/autoware_auto_mapping_msgs/msg/detail/had_map_bin__rosidl_typesupport_introspection_cpp.hpp
-- Up-to-date symlink: /home/cityu/autoware/install/autoware_auto_mapping_msgs/include/autoware_auto_mapping_msgs/msg/detail/had_map_segment__rosidl_typesupport_introspection_cpp.hpp
-- Up-to-date symlink: /home/cityu/autoware/install/autoware_auto_mapping_msgs/include/autoware_auto_mapping_msgs/msg/detail/map_primitive__rosidl_typesupport_introspection_cpp.hpp
-- Up-to-date symlink: /home/cityu/autoware/install/autoware_auto_mapping_msgs/include/autoware_auto_mapping_msgs/srv/detail/had_map_service__rosidl_typesupport_introspection_cpp.hpp
-- Up-to-date symlink: /home/cityu/autoware/install/autoware_auto_mapping_msgs/share/autoware_auto_mapping_msgs/environment/pythonpath.sh
-- Up-to-date symlink: /home/cityu/autoware/install/autoware_auto_mapping_msgs/share/autoware_auto_mapping_msgs/environment/pythonpath.dsv
-- Up-to-date symlink: /home/cityu/autoware/install/autoware_auto_mapping_msgs/lib/python3.8/site-packages/autoware_auto_mapping_msgs/__init__.py
-- Up-to-date symlink: /home/cityu/autoware/install/autoware_auto_mapping_msgs/lib/python3.8/site-packages/autoware_auto_mapping_msgs/msg/__init__.py
-- Up-to-date symlink: /home/cityu/autoware/install/autoware_auto_mapping_msgs/lib/python3.8/site-packages/autoware_auto_mapping_msgs/msg/_had_map_bin.py
-- Up-to-date symlink: /home/cityu/autoware/install/autoware_auto_mapping_msgs/lib/python3.8/site-packages/autoware_auto_mapping_msgs/msg/_had_map_segment.py
-- Up-to-date symlink: /home/cityu/autoware/install/autoware_auto_mapping_msgs/lib/python3.8/site-packages/autoware_auto_mapping_msgs/msg/_map_primitive.py
-- Up-to-date symlink: /home/cityu/autoware/install/autoware_auto_mapping_msgs/lib/python3.8/site-packages/autoware_auto_mapping_msgs/srv/__init__.py
-- Up-to-date symlink: /home/cityu/autoware/install/autoware_auto_mapping_msgs/lib/python3.8/site-packages/autoware_auto_mapping_msgs/srv/_had_map_service.py
-- Up-to-date symlink: /home/cityu/autoware/install/autoware_auto_mapping_msgs/lib/python3.8/site-packages/autoware_auto_mapping_msgs/autoware_auto_mapping_msgs_s__rosidl_typesupport_fastrtps_c.cpython-38-x86_64-linux-gnu.so
-- Up-to-date symlink: /home/cityu/autoware/install/autoware_auto_mapping_msgs/lib/python3.8/site-packages/autoware_auto_mapping_msgs/autoware_auto_mapping_msgs_s__rosidl_typesupport_introspection_c.cpython-38-x86_64-linux-gnu.so
-- Up-to-date symlink: /home/cityu/autoware/install/autoware_auto_mapping_msgs/lib/python3.8/site-packages/autoware_auto_mapping_msgs/autoware_auto_mapping_msgs_s__rosidl_typesupport_c.cpython-38-x86_64-linux-gnu.so
-- Up-to-date symlink: /home/cityu/autoware/install/autoware_auto_mapping_msgs/lib/libautoware_auto_mapping_msgs__python.so
-- Up-to-date symlink: /home/cityu/autoware/install/autoware_auto_mapping_msgs/share/autoware_auto_mapping_msgs/msg/HADMapBin.idl
-- Up-to-date symlink: /home/cityu/autoware/install/autoware_auto_mapping_msgs/share/autoware_auto_mapping_msgs/msg/HADMapSegment.idl
-- Up-to-date symlink: /home/cityu/autoware/install/autoware_auto_mapping_msgs/share/autoware_auto_mapping_msgs/msg/MapPrimitive.idl
-- Up-to-date symlink: /home/cityu/autoware/install/autoware_auto_mapping_msgs/share/autoware_auto_mapping_msgs/srv/HADMapService.idl
-- Up-to-date symlink: /home/cityu/autoware/install/autoware_auto_mapping_msgs/share/ament_index/resource_index/package_run_dependencies/autoware_auto_mapping_msgs
-- Up-to-date symlink: /home/cityu/autoware/install/autoware_auto_mapping_msgs/share/ament_index/resource_index/parent_prefix_path/autoware_auto_mapping_msgs
-- Up-to-date symlink: /home/cityu/autoware/install/autoware_auto_mapping_msgs/share/autoware_auto_mapping_msgs/environment/ament_prefix_path.sh
-- Up-to-date symlink: /home/cityu/autoware/install/autoware_auto_mapping_msgs/share/autoware_auto_mapping_msgs/environment/ament_prefix_path.dsv
-- Up-to-date symlink: /home/cityu/autoware/install/autoware_auto_mapping_msgs/share/autoware_auto_mapping_msgs/environment/path.sh
-- Up-to-date symlink: /home/cityu/autoware/install/autoware_auto_mapping_msgs/share/autoware_auto_mapping_msgs/environment/path.dsv
-- Up-to-date symlink: /home/cityu/autoware/install/autoware_auto_mapping_msgs/share/autoware_auto_mapping_msgs/local_setup.bash
-- Up-to-date symlink: /home/cityu/autoware/install/autoware_auto_mapping_msgs/share/autoware_auto_mapping_msgs/local_setup.sh
-- Up-to-date symlink: /home/cityu/autoware/install/autoware_auto_mapping_msgs/share/autoware_auto_mapping_msgs/local_setup.zsh
-- Up-to-date symlink: /home/cityu/autoware/install/autoware_auto_mapping_msgs/share/autoware_auto_mapping_msgs/local_setup.dsv
-- Symlinking: /home/cityu/autoware/install/autoware_auto_mapping_msgs/share/autoware_auto_mapping_msgs/package.dsv
-- Up-to-date symlink: /home/cityu/autoware/install/autoware_auto_mapping_msgs/share/ament_index/resource_index/packages/autoware_auto_mapping_msgs
-- Up-to-date symlink: /home/cityu/autoware/install/autoware_auto_mapping_msgs/share/autoware_auto_mapping_msgs/cmake/rosidl_cmake-extras.cmake
-- Up-to-date symlink: /home/cityu/autoware/install/autoware_auto_mapping_msgs/share/autoware_auto_mapping_msgs/cmake/ament_cmake_export_dependencies-extras.cmake
-- Up-to-date symlink: /home/cityu/autoware/install/autoware_auto_mapping_msgs/share/autoware_auto_mapping_msgs/cmake/ament_cmake_export_libraries-extras.cmake
-- Up-to-date symlink: /home/cityu/autoware/install/autoware_auto_mapping_msgs/share/autoware_auto_mapping_msgs/cmake/ament_cmake_export_targets-extras.cmake
-- Up-to-date symlink: /home/cityu/autoware/install/autoware_auto_mapping_msgs/share/autoware_auto_mapping_msgs/cmake/ament_cmake_export_include_directories-extras.cmake
-- Up-to-date symlink: /home/cityu/autoware/install/autoware_auto_mapping_msgs/share/autoware_auto_mapping_msgs/cmake/rosidl_cmake_export_typesupport_libraries-extras.cmake
-- Up-to-date symlink: /home/cityu/autoware/install/autoware_auto_mapping_msgs/share/autoware_auto_mapping_msgs/cmake/rosidl_cmake_export_typesupport_targets-extras.cmake
-- Up-to-date symlink: /home/cityu/autoware/install/autoware_auto_mapping_msgs/share/autoware_auto_mapping_msgs/cmake/autoware_auto_mapping_msgsConfig.cmake
-- Up-to-date symlink: /home/cityu/autoware/install/autoware_auto_mapping_msgs/share/autoware_auto_mapping_msgs/cmake/autoware_auto_mapping_msgsConfig-version.cmake
-- Up-to-date symlink: /home/cityu/autoware/install/autoware_auto_mapping_msgs/share/autoware_auto_mapping_msgs/package.xml
-- Installing: /home/cityu/autoware/install/autoware_auto_mapping_msgs/lib/libautoware_auto_mapping_msgs__rosidl_generator_c.so
-- Set runtime path of "/home/cityu/autoware/install/autoware_auto_mapping_msgs/lib/libautoware_auto_mapping_msgs__rosidl_generator_c.so" to ""
-- Installing: /home/cityu/autoware/install/autoware_auto_mapping_msgs/lib/libautoware_auto_mapping_msgs__rosidl_typesupport_introspection_c.so
-- Set runtime path of "/home/cityu/autoware/install/autoware_auto_mapping_msgs/lib/libautoware_auto_mapping_msgs__rosidl_typesupport_introspection_c.so" to ""
-- Installing: /home/cityu/autoware/install/autoware_auto_mapping_msgs/lib/libautoware_auto_mapping_msgs__rosidl_typesupport_c.so
-- Set runtime path of "/home/cityu/autoware/install/autoware_auto_mapping_msgs/lib/libautoware_auto_mapping_msgs__rosidl_typesupport_c.so" to ""
-- Installing: /home/cityu/autoware/install/autoware_auto_mapping_msgs/lib/libautoware_auto_mapping_msgs__rosidl_typesupport_introspection_cpp.so
-- Set runtime path of "/home/cityu/autoware/install/autoware_auto_mapping_msgs/lib/libautoware_auto_mapping_msgs__rosidl_typesupport_introspection_cpp.so" to ""
-- Installing: /home/cityu/autoware/install/autoware_auto_mapping_msgs/lib/libautoware_auto_mapping_msgs__rosidl_typesupport_cpp.so
-- Set runtime path of "/home/cityu/autoware/install/autoware_auto_mapping_msgs/lib/libautoware_auto_mapping_msgs__rosidl_typesupport_cpp.so" to ""
Compiling '/home/cityu/autoware/install/autoware_auto_mapping_msgs/lib/python3.8/site-packages/autoware_auto_mapping_msgs/__init__.py'...
-- Up-to-date: /home/cityu/autoware/install/autoware_auto_mapping_msgs/share/autoware_auto_mapping_msgs/cmake/autoware_auto_mapping_msgs__rosidl_generator_cExport.cmake
-- Installing: /home/cityu/autoware/install/autoware_auto_mapping_msgs/share/autoware_auto_mapping_msgs/cmake/autoware_auto_mapping_msgs__rosidl_generator_cExport-release.cmake
-- Up-to-date: /home/cityu/autoware/install/autoware_auto_mapping_msgs/share/autoware_auto_mapping_msgs/cmake/autoware_auto_mapping_msgs__rosidl_typesupport_introspection_cExport.cmake
-- Installing: /home/cityu/autoware/install/autoware_auto_mapping_msgs/share/autoware_auto_mapping_msgs/cmake/autoware_auto_mapping_msgs__rosidl_typesupport_introspection_cExport-release.cmake
-- Up-to-date: /home/cityu/autoware/install/autoware_auto_mapping_msgs/share/autoware_auto_mapping_msgs/cmake/autoware_auto_mapping_msgs__rosidl_typesupport_cExport.cmake
-- Installing: /home/cityu/autoware/install/autoware_auto_mapping_msgs/share/autoware_auto_mapping_msgs/cmake/autoware_auto_mapping_msgs__rosidl_typesupport_cExport-release.cmake
-- Up-to-date: /home/cityu/autoware/install/autoware_auto_mapping_msgs/share/autoware_auto_mapping_msgs/cmake/autoware_auto_mapping_msgs__rosidl_generator_cppExport.cmake
-- Up-to-date: /home/cityu/autoware/install/autoware_auto_mapping_msgs/share/autoware_auto_mapping_msgs/cmake/autoware_auto_mapping_msgs__rosidl_typesupport_introspection_cppExport.cmake
-- Installing: /home/cityu/autoware/install/autoware_auto_mapping_msgs/share/autoware_auto_mapping_msgs/cmake/autoware_auto_mapping_msgs__rosidl_typesupport_introspection_cppExport-release.cmake
-- Up-to-date: /home/cityu/autoware/install/autoware_auto_mapping_msgs/share/autoware_auto_mapping_msgs/cmake/autoware_auto_mapping_msgs__rosidl_typesupport_cppExport.cmake
-- Installing: /home/cityu/autoware/install/autoware_auto_mapping_msgs/share/autoware_auto_mapping_msgs/cmake/autoware_auto_mapping_msgs__rosidl_typesupport_cppExport-release.cmake
