[0.122s] Invoking command in '/home/cityu/autoware/build/autoware_auto_mapping_msgs': CMAKE_PREFIX_PATH=/opt/ros/galactic /usr/bin/cmake /home/cityu/autoware/src/core/external/autoware_auto_msgs/autoware_auto_mapping_msgs -DCMAKE_BUILD_TYPE=Release -DDOWNLOAD_ARTIFACTS=ON -DAMENT_CMAKE_SYMLINK_INSTALL=1 -DCMAKE_INSTALL_PREFIX=/home/cityu/autoware/install/autoware_auto_mapping_msgs
[0.292s] -- Found ament_cmake_auto: 1.1.6 (/opt/ros/galactic/share/ament_cmake_auto/cmake)
[0.292s] -- Found PythonInterp: /usr/bin/python3 (found suitable version "3.8.10", minimum required is "3") 
[0.292s] -- Using PYTHON_EXECUTABLE: /usr/bin/python3
[0.293s] -- Override CMake install command with custom implementation using symlinks instead of copying resources
[0.442s] -- Using all available rosidl_typesupport_c: rosidl_typesupport_fastrtps_c;rosidl_typesupport_introspection_c
[0.442s] -- Found rosidl_adapter: 2.2.3 (/opt/ros/galactic/share/rosidl_adapter/cmake)
[0.639s] -- Using all available rosidl_typesupport_cpp: rosidl_typesupport_fastrtps_cpp;rosidl_typesupport_introspection_cpp
[0.799s] -- Found ament_cmake_cppcheck: 0.10.7 (/opt/ros/galactic/share/ament_cmake_cppcheck/cmake)
[0.800s] -- Found ament_cmake_cpplint: 0.10.7 (/opt/ros/galactic/share/ament_cmake_cpplint/cmake)
[0.801s] -- Found ament_cmake_uncrustify: 0.10.7 (/opt/ros/galactic/share/ament_cmake_uncrustify/cmake)
[0.802s] -- Found ament_cmake_ros: 0.9.2 (/opt/ros/galactic/share/ament_cmake_ros/cmake)
[1.065s] -- Using all available rosidl_typesupport_c: rosidl_typesupport_fastrtps_c;rosidl_typesupport_introspection_c
[1.170s] -- Using all available rosidl_typesupport_cpp: rosidl_typesupport_fastrtps_cpp;rosidl_typesupport_introspection_cpp
[1.218s] -- Found PythonInterp: /usr/bin/python3 (found suitable version "3.8.10", minimum required is "3.5") 
[1.219s] -- Found python_cmake_module: 0.8.1 (/opt/ros/galactic/share/python_cmake_module/cmake)
[1.280s] -- Using PYTHON_EXECUTABLE: /usr/bin/python3
[1.280s] -- Using PYTHON_INCLUDE_DIRS: /usr/include/python3.8
[1.280s] -- Using PYTHON_LIBRARIES: /usr/lib/x86_64-linux-gnu/libpython3.8.so
[1.363s] -- Found ament_cmake_flake8: 0.10.7 (/opt/ros/galactic/share/ament_cmake_flake8/cmake)
[1.364s] -- Found ament_cmake_pep257: 0.10.7 (/opt/ros/galactic/share/ament_cmake_pep257/cmake)
[1.367s] -- Found ament_lint_auto: 0.10.7 (/opt/ros/galactic/share/ament_lint_auto/cmake)
[1.391s] -- Added test 'copyright' to check source files copyright and LICENSE
[1.392s] -- Added test 'lint_cmake' to check CMake code style
[1.392s] -- Added test 'xmllint' to check XML markup files
[1.397s] -- Configuring done
[1.590s] -- Generating done
[1.608s] -- Build files have been written to: /home/cityu/autoware/build/autoware_auto_mapping_msgs
[1.637s] Invoked command in '/home/cityu/autoware/build/autoware_auto_mapping_msgs' returned '0': CMAKE_PREFIX_PATH=/opt/ros/galactic /usr/bin/cmake /home/cityu/autoware/src/core/external/autoware_auto_msgs/autoware_auto_mapping_msgs -DCMAKE_BUILD_TYPE=Release -DDOWNLOAD_ARTIFACTS=ON -DAMENT_CMAKE_SYMLINK_INSTALL=1 -DCMAKE_INSTALL_PREFIX=/home/cityu/autoware/install/autoware_auto_mapping_msgs
[1.639s] Invoking command in '/home/cityu/autoware/build/autoware_auto_mapping_msgs': CMAKE_PREFIX_PATH=/opt/ros/galactic /usr/bin/cmake --build /home/cityu/autoware/build/autoware_auto_mapping_msgs -- -j16 -l16
[3.373s] [  1%] [32mBuilding C object CMakeFiles/autoware_auto_mapping_msgs__rosidl_generator_c.dir/rosidl_generator_c/autoware_auto_mapping_msgs/msg/detail/had_map_bin__functions.c.o[0m
[3.373s] [  3%] Built target autoware_auto_mapping_msgs__cpp
[3.373s] [  5%] [32mBuilding C object CMakeFiles/autoware_auto_mapping_msgs__rosidl_generator_c.dir/rosidl_generator_c/autoware_auto_mapping_msgs/msg/detail/had_map_segment__functions.c.o[0m
[3.373s] [  7%] [32mBuilding C object CMakeFiles/autoware_auto_mapping_msgs__rosidl_generator_c.dir/rosidl_generator_c/autoware_auto_mapping_msgs/msg/detail/map_primitive__functions.c.o[0m
[3.373s] [  9%] [32mBuilding C object CMakeFiles/autoware_auto_mapping_msgs__rosidl_generator_c.dir/rosidl_generator_c/autoware_auto_mapping_msgs/srv/detail/had_map_service__functions.c.o[0m
[3.373s] [ 10%] [32mBuilding CXX object CMakeFiles/autoware_auto_mapping_msgs__rosidl_typesupport_cpp.dir/rosidl_typesupport_cpp/autoware_auto_mapping_msgs/msg/had_map_segment__type_support.cpp.o[0m
[3.373s] [ 12%] [32mBuilding CXX object CMakeFiles/autoware_auto_mapping_msgs__rosidl_typesupport_fastrtps_cpp.dir/rosidl_typesupport_fastrtps_cpp/autoware_auto_mapping_msgs/msg/detail/dds_fastrtps/had_map_bin__type_support.cpp.o[0m
[3.374s] [ 14%] [32mBuilding CXX object CMakeFiles/autoware_auto_mapping_msgs__rosidl_typesupport_cpp.dir/rosidl_typesupport_cpp/autoware_auto_mapping_msgs/msg/had_map_bin__type_support.cpp.o[0m
[3.374s] [ 18%] [32mBuilding CXX object CMakeFiles/autoware_auto_mapping_msgs__rosidl_typesupport_cpp.dir/rosidl_typesupport_cpp/autoware_auto_mapping_msgs/srv/had_map_service__type_support.cpp.o[0m
[3.374s] [ 16%] [32mBuilding CXX object CMakeFiles/autoware_auto_mapping_msgs__rosidl_typesupport_cpp.dir/rosidl_typesupport_cpp/autoware_auto_mapping_msgs/msg/map_primitive__type_support.cpp.o[0m
[3.374s] [ 20%] [32mBuilding CXX object CMakeFiles/autoware_auto_mapping_msgs__rosidl_typesupport_fastrtps_cpp.dir/rosidl_typesupport_fastrtps_cpp/autoware_auto_mapping_msgs/msg/detail/dds_fastrtps/had_map_segment__type_support.cpp.o[0m
[3.374s] [ 21%] [32mBuilding CXX object CMakeFiles/autoware_auto_mapping_msgs__rosidl_typesupport_introspection_cpp.dir/rosidl_typesupport_introspection_cpp/autoware_auto_mapping_msgs/msg/detail/had_map_bin__type_support.cpp.o[0m
[3.374s] [ 23%] [32mBuilding CXX object CMakeFiles/autoware_auto_mapping_msgs__rosidl_typesupport_fastrtps_cpp.dir/rosidl_typesupport_fastrtps_cpp/autoware_auto_mapping_msgs/msg/detail/dds_fastrtps/map_primitive__type_support.cpp.o[0m
[3.374s] [ 25%] [32mBuilding CXX object CMakeFiles/autoware_auto_mapping_msgs__rosidl_typesupport_fastrtps_cpp.dir/rosidl_typesupport_fastrtps_cpp/autoware_auto_mapping_msgs/srv/detail/dds_fastrtps/had_map_service__type_support.cpp.o[0m
[3.374s] [ 27%] [32mBuilding CXX object CMakeFiles/autoware_auto_mapping_msgs__rosidl_typesupport_introspection_cpp.dir/rosidl_typesupport_introspection_cpp/autoware_auto_mapping_msgs/msg/detail/had_map_segment__type_support.cpp.o[0m
[3.374s] [ 29%] [32mBuilding CXX object CMakeFiles/autoware_auto_mapping_msgs__rosidl_typesupport_introspection_cpp.dir/rosidl_typesupport_introspection_cpp/autoware_auto_mapping_msgs/msg/detail/map_primitive__type_support.cpp.o[0m
[3.375s] [ 30%] [32mBuilding CXX object CMakeFiles/autoware_auto_mapping_msgs__rosidl_typesupport_introspection_cpp.dir/rosidl_typesupport_introspection_cpp/autoware_auto_mapping_msgs/srv/detail/had_map_service__type_support.cpp.o[0m
[3.375s] [ 32%] [32m[1mLinking C shared library libautoware_auto_mapping_msgs__rosidl_generator_c.so[0m
[3.522s] [ 34%] Built target autoware_auto_mapping_msgs__rosidl_generator_c
[3.758s] [ 36%] [32mBuilding C object CMakeFiles/autoware_auto_mapping_msgs__rosidl_typesupport_introspection_c.dir/rosidl_typesupport_introspection_c/autoware_auto_mapping_msgs/msg/detail/had_map_bin__type_support.c.o[0m
[3.788s] [ 38%] [32mBuilding CXX object CMakeFiles/autoware_auto_mapping_msgs__rosidl_typesupport_c.dir/rosidl_typesupport_c/autoware_auto_mapping_msgs/msg/had_map_bin__type_support.cpp.o[0m
[3.820s] [ 40%] [32mBuilding C object CMakeFiles/autoware_auto_mapping_msgs__rosidl_typesupport_introspection_c.dir/rosidl_typesupport_introspection_c/autoware_auto_mapping_msgs/msg/detail/had_map_segment__type_support.c.o[0m
[3.822s] [ 41%] [32mBuilding C object CMakeFiles/autoware_auto_mapping_msgs__rosidl_typesupport_introspection_c.dir/rosidl_typesupport_introspection_c/autoware_auto_mapping_msgs/msg/detail/map_primitive__type_support.c.o[0m
[4.199s] [ 43%] [32mBuilding CXX object CMakeFiles/autoware_auto_mapping_msgs__rosidl_typesupport_c.dir/rosidl_typesupport_c/autoware_auto_mapping_msgs/msg/had_map_segment__type_support.cpp.o[0m
[4.218s] [ 45%] [32mBuilding C object CMakeFiles/autoware_auto_mapping_msgs__rosidl_typesupport_introspection_c.dir/rosidl_typesupport_introspection_c/autoware_auto_mapping_msgs/srv/detail/had_map_service__type_support.c.o[0m
[4.237s] [ 47%] [32mBuilding CXX object CMakeFiles/autoware_auto_mapping_msgs__rosidl_typesupport_c.dir/rosidl_typesupport_c/autoware_auto_mapping_msgs/srv/had_map_service__type_support.cpp.o[0m
[4.271s] [ 49%] [32mBuilding CXX object CMakeFiles/autoware_auto_mapping_msgs__rosidl_typesupport_c.dir/rosidl_typesupport_c/autoware_auto_mapping_msgs/msg/map_primitive__type_support.cpp.o[0m
[4.652s] [ 50%] [32m[1mLinking C shared library libautoware_auto_mapping_msgs__rosidl_typesupport_introspection_c.so[0m
[4.691s] [ 52%] [32m[1mLinking CXX shared library libautoware_auto_mapping_msgs__rosidl_typesupport_c.so[0m
[4.999s] [ 54%] Built target autoware_auto_mapping_msgs__rosidl_typesupport_introspection_c
[5.079s] [ 56%] Built target autoware_auto_mapping_msgs__rosidl_typesupport_c
[6.170s] [ 58%] [32m[1mLinking CXX shared library libautoware_auto_mapping_msgs__rosidl_typesupport_cpp.so[0m
[6.616s] [ 60%] Built target autoware_auto_mapping_msgs__rosidl_typesupport_cpp
[6.739s] [ 61%] [32m[1mLinking CXX shared library libautoware_auto_mapping_msgs__rosidl_typesupport_introspection_cpp.so[0m
[7.775s] [ 63%] Built target autoware_auto_mapping_msgs__rosidl_typesupport_introspection_cpp
[8.876s] [ 65%] [32m[1mLinking CXX shared library libautoware_auto_mapping_msgs__rosidl_typesupport_fastrtps_cpp.so[0m
[9.432s] [ 67%] Built target autoware_auto_mapping_msgs__rosidl_typesupport_fastrtps_cpp
[9.542s] [ 69%] [32mBuilding CXX object CMakeFiles/autoware_auto_mapping_msgs__rosidl_typesupport_fastrtps_c.dir/rosidl_typesupport_fastrtps_c/autoware_auto_mapping_msgs/msg/detail/had_map_bin__type_support_c.cpp.o[0m
[10.354s] [ 70%] [32mBuilding CXX object CMakeFiles/autoware_auto_mapping_msgs__rosidl_typesupport_fastrtps_c.dir/rosidl_typesupport_fastrtps_c/autoware_auto_mapping_msgs/srv/detail/had_map_service__type_support_c.cpp.o[0m
[10.913s] [ 72%] [32mBuilding CXX object CMakeFiles/autoware_auto_mapping_msgs__rosidl_typesupport_fastrtps_c.dir/rosidl_typesupport_fastrtps_c/autoware_auto_mapping_msgs/msg/detail/map_primitive__type_support_c.cpp.o[0m
[11.486s] [ 74%] [32mBuilding CXX object CMakeFiles/autoware_auto_mapping_msgs__rosidl_typesupport_fastrtps_c.dir/rosidl_typesupport_fastrtps_c/autoware_auto_mapping_msgs/msg/detail/had_map_segment__type_support_c.cpp.o[0m
[11.960s] [ 76%] [32m[1mLinking CXX shared library libautoware_auto_mapping_msgs__rosidl_typesupport_fastrtps_c.so[0m
[12.156s] [ 78%] Built target autoware_auto_mapping_msgs__rosidl_typesupport_fastrtps_c
[12.188s] [ 78%] Built target autoware_auto_mapping_msgs
[12.214s] [ 80%] Built target autoware_auto_mapping_msgs__py
[12.264s] [ 81%] [32mBuilding C object CMakeFiles/autoware_auto_mapping_msgs__python.dir/rosidl_generator_py/autoware_auto_mapping_msgs/msg/_had_map_bin_s.c.o[0m
[12.490s] [ 83%] [32mBuilding C object CMakeFiles/autoware_auto_mapping_msgs__python.dir/rosidl_generator_py/autoware_auto_mapping_msgs/srv/_had_map_service_s.c.o[0m
[12.803s] [ 85%] [32mBuilding C object CMakeFiles/autoware_auto_mapping_msgs__python.dir/rosidl_generator_py/autoware_auto_mapping_msgs/msg/_map_primitive_s.c.o[0m
[13.022s] [ 87%] [32mBuilding C object CMakeFiles/autoware_auto_mapping_msgs__python.dir/rosidl_generator_py/autoware_auto_mapping_msgs/msg/_had_map_segment_s.c.o[0m
[13.181s] [ 89%] [32m[1mLinking C shared library rosidl_generator_py/autoware_auto_mapping_msgs/libautoware_auto_mapping_msgs__python.so[0m
[13.243s] [ 89%] Built target autoware_auto_mapping_msgs__python
[13.275s] [ 90%] [32mBuilding C object CMakeFiles/autoware_auto_mapping_msgs__rosidl_typesupport_introspection_c__pyext.dir/rosidl_generator_py/autoware_auto_mapping_msgs/_autoware_auto_mapping_msgs_s.ep.rosidl_typesupport_introspection_c.c.o[0m
[13.554s] [ 92%] [32m[1mLinking C shared library rosidl_generator_py/autoware_auto_mapping_msgs/autoware_auto_mapping_msgs_s__rosidl_typesupport_introspection_c.cpython-38-x86_64-linux-gnu.so[0m
[13.611s] [ 92%] Built target autoware_auto_mapping_msgs__rosidl_typesupport_introspection_c__pyext
[13.651s] [ 94%] [32mBuilding C object CMakeFiles/autoware_auto_mapping_msgs__rosidl_typesupport_c__pyext.dir/rosidl_generator_py/autoware_auto_mapping_msgs/_autoware_auto_mapping_msgs_s.ep.rosidl_typesupport_c.c.o[0m
[13.876s] [ 96%] [32m[1mLinking C shared library rosidl_generator_py/autoware_auto_mapping_msgs/autoware_auto_mapping_msgs_s__rosidl_typesupport_c.cpython-38-x86_64-linux-gnu.so[0m
[13.934s] [ 96%] Built target autoware_auto_mapping_msgs__rosidl_typesupport_c__pyext
[13.967s] [ 98%] [32mBuilding C object CMakeFiles/autoware_auto_mapping_msgs__rosidl_typesupport_fastrtps_c__pyext.dir/rosidl_generator_py/autoware_auto_mapping_msgs/_autoware_auto_mapping_msgs_s.ep.rosidl_typesupport_fastrtps_c.c.o[0m
[14.187s] [100%] [32m[1mLinking CXX shared library rosidl_generator_py/autoware_auto_mapping_msgs/autoware_auto_mapping_msgs_s__rosidl_typesupport_fastrtps_c.cpython-38-x86_64-linux-gnu.so[0m
[14.288s] [100%] Built target autoware_auto_mapping_msgs__rosidl_typesupport_fastrtps_c__pyext
[14.469s] Invoked command in '/home/cityu/autoware/build/autoware_auto_mapping_msgs' returned '0': CMAKE_PREFIX_PATH=/opt/ros/galactic /usr/bin/cmake --build /home/cityu/autoware/build/autoware_auto_mapping_msgs -- -j16 -l16
[14.568s] Invoking command in '/home/cityu/autoware/build/autoware_auto_mapping_msgs': CMAKE_PREFIX_PATH=/opt/ros/galactic /usr/bin/cmake --install /home/cityu/autoware/build/autoware_auto_mapping_msgs
[14.819s] -- Install configuration: "Release"
[14.824s] -- Execute custom install script
[14.825s] -- Up-to-date symlink: /home/cityu/autoware/install/autoware_auto_mapping_msgs/share/ament_index/resource_index/rosidl_interfaces/autoware_auto_mapping_msgs
[14.826s] -- Up-to-date symlink: /home/cityu/autoware/install/autoware_auto_mapping_msgs/include/autoware_auto_mapping_msgs/msg/detail/had_map_bin__functions.h
[14.826s] -- Up-to-date symlink: /home/cityu/autoware/install/autoware_auto_mapping_msgs/include/autoware_auto_mapping_msgs/msg/detail/had_map_bin__struct.h
[14.826s] -- Up-to-date symlink: /home/cityu/autoware/install/autoware_auto_mapping_msgs/include/autoware_auto_mapping_msgs/msg/detail/had_map_bin__type_support.h
[14.826s] -- Up-to-date symlink: /home/cityu/autoware/install/autoware_auto_mapping_msgs/include/autoware_auto_mapping_msgs/msg/detail/had_map_segment__functions.h
[14.826s] -- Up-to-date symlink: /home/cityu/autoware/install/autoware_auto_mapping_msgs/include/autoware_auto_mapping_msgs/msg/detail/had_map_segment__struct.h
[14.826s] -- Up-to-date symlink: /home/cityu/autoware/install/autoware_auto_mapping_msgs/include/autoware_auto_mapping_msgs/msg/detail/had_map_segment__type_support.h
[14.826s] -- Up-to-date symlink: /home/cityu/autoware/install/autoware_auto_mapping_msgs/include/autoware_auto_mapping_msgs/msg/detail/map_primitive__functions.h
[14.826s] -- Up-to-date symlink: /home/cityu/autoware/install/autoware_auto_mapping_msgs/include/autoware_auto_mapping_msgs/msg/detail/map_primitive__struct.h
[14.827s] -- Up-to-date symlink: /home/cityu/autoware/install/autoware_auto_mapping_msgs/include/autoware_auto_mapping_msgs/msg/detail/map_primitive__type_support.h
[14.827s] -- Up-to-date symlink: /home/cityu/autoware/install/autoware_auto_mapping_msgs/include/autoware_auto_mapping_msgs/msg/had_map_bin.h
[14.827s] -- Up-to-date symlink: /home/cityu/autoware/install/autoware_auto_mapping_msgs/include/autoware_auto_mapping_msgs/msg/had_map_segment.h
[14.827s] -- Up-to-date symlink: /home/cityu/autoware/install/autoware_auto_mapping_msgs/include/autoware_auto_mapping_msgs/msg/map_primitive.h
[14.827s] -- Up-to-date symlink: /home/cityu/autoware/install/autoware_auto_mapping_msgs/include/autoware_auto_mapping_msgs/msg/rosidl_generator_c__visibility_control.h
[14.827s] -- Up-to-date symlink: /home/cityu/autoware/install/autoware_auto_mapping_msgs/include/autoware_auto_mapping_msgs/srv/detail/had_map_service__functions.h
[14.827s] -- Up-to-date symlink: /home/cityu/autoware/install/autoware_auto_mapping_msgs/include/autoware_auto_mapping_msgs/srv/detail/had_map_service__struct.h
[14.827s] -- Up-to-date symlink: /home/cityu/autoware/install/autoware_auto_mapping_msgs/include/autoware_auto_mapping_msgs/srv/detail/had_map_service__type_support.h
[14.828s] -- Up-to-date symlink: /home/cityu/autoware/install/autoware_auto_mapping_msgs/include/autoware_auto_mapping_msgs/srv/had_map_service.h
[14.828s] -- Up-to-date symlink: /home/cityu/autoware/install/autoware_auto_mapping_msgs/share/autoware_auto_mapping_msgs/environment/library_path.sh
[14.828s] -- Up-to-date symlink: /home/cityu/autoware/install/autoware_auto_mapping_msgs/share/autoware_auto_mapping_msgs/environment/library_path.dsv
[14.828s] -- Up-to-date symlink: /home/cityu/autoware/install/autoware_auto_mapping_msgs/include/autoware_auto_mapping_msgs/msg/detail/had_map_bin__rosidl_typesupport_fastrtps_c.h
[14.828s] -- Up-to-date symlink: /home/cityu/autoware/install/autoware_auto_mapping_msgs/include/autoware_auto_mapping_msgs/msg/detail/had_map_segment__rosidl_typesupport_fastrtps_c.h
[14.828s] -- Up-to-date symlink: /home/cityu/autoware/install/autoware_auto_mapping_msgs/include/autoware_auto_mapping_msgs/msg/detail/map_primitive__rosidl_typesupport_fastrtps_c.h
[14.828s] -- Up-to-date symlink: /home/cityu/autoware/install/autoware_auto_mapping_msgs/include/autoware_auto_mapping_msgs/msg/rosidl_typesupport_fastrtps_c__visibility_control.h
[14.828s] -- Up-to-date symlink: /home/cityu/autoware/install/autoware_auto_mapping_msgs/include/autoware_auto_mapping_msgs/srv/detail/had_map_service__rosidl_typesupport_fastrtps_c.h
[14.828s] -- Up-to-date symlink: /home/cityu/autoware/install/autoware_auto_mapping_msgs/lib/libautoware_auto_mapping_msgs__rosidl_typesupport_fastrtps_c.so
[14.829s] -- Up-to-date symlink: /home/cityu/autoware/install/autoware_auto_mapping_msgs/include/autoware_auto_mapping_msgs/msg/detail/had_map_bin__rosidl_typesupport_fastrtps_cpp.hpp
[14.829s] -- Up-to-date symlink: /home/cityu/autoware/install/autoware_auto_mapping_msgs/include/autoware_auto_mapping_msgs/msg/detail/had_map_segment__rosidl_typesupport_fastrtps_cpp.hpp
[14.829s] -- Up-to-date symlink: /home/cityu/autoware/install/autoware_auto_mapping_msgs/include/autoware_auto_mapping_msgs/msg/detail/map_primitive__rosidl_typesupport_fastrtps_cpp.hpp
[14.830s] -- Up-to-date symlink: /home/cityu/autoware/install/autoware_auto_mapping_msgs/include/autoware_auto_mapping_msgs/msg/rosidl_typesupport_fastrtps_cpp__visibility_control.h
[14.831s] -- Up-to-date symlink: /home/cityu/autoware/install/autoware_auto_mapping_msgs/include/autoware_auto_mapping_msgs/srv/detail/had_map_service__rosidl_typesupport_fastrtps_cpp.hpp
[14.836s] -- Up-to-date symlink: /home/cityu/autoware/install/autoware_auto_mapping_msgs/lib/libautoware_auto_mapping_msgs__rosidl_typesupport_fastrtps_cpp.so
[14.836s] -- Up-to-date symlink: /home/cityu/autoware/install/autoware_auto_mapping_msgs/include/autoware_auto_mapping_msgs/msg/detail/had_map_bin__rosidl_typesupport_introspection_c.h
[14.836s] -- Up-to-date symlink: /home/cityu/autoware/install/autoware_auto_mapping_msgs/include/autoware_auto_mapping_msgs/msg/detail/had_map_segment__rosidl_typesupport_introspection_c.h
[14.837s] -- Up-to-date symlink: /home/cityu/autoware/install/autoware_auto_mapping_msgs/include/autoware_auto_mapping_msgs/msg/detail/map_primitive__rosidl_typesupport_introspection_c.h
[14.837s] -- Up-to-date symlink: /home/cityu/autoware/install/autoware_auto_mapping_msgs/include/autoware_auto_mapping_msgs/msg/rosidl_typesupport_introspection_c__visibility_control.h
[14.837s] -- Up-to-date symlink: /home/cityu/autoware/install/autoware_auto_mapping_msgs/include/autoware_auto_mapping_msgs/srv/detail/had_map_service__rosidl_typesupport_introspection_c.h
[14.837s] -- Up-to-date symlink: /home/cityu/autoware/install/autoware_auto_mapping_msgs/include/autoware_auto_mapping_msgs/msg/detail/had_map_bin__builder.hpp
[14.837s] -- Up-to-date symlink: /home/cityu/autoware/install/autoware_auto_mapping_msgs/include/autoware_auto_mapping_msgs/msg/detail/had_map_bin__struct.hpp
[14.837s] -- Up-to-date symlink: /home/cityu/autoware/install/autoware_auto_mapping_msgs/include/autoware_auto_mapping_msgs/msg/detail/had_map_bin__traits.hpp
[14.837s] -- Up-to-date symlink: /home/cityu/autoware/install/autoware_auto_mapping_msgs/include/autoware_auto_mapping_msgs/msg/detail/had_map_segment__builder.hpp
[14.837s] -- Up-to-date symlink: /home/cityu/autoware/install/autoware_auto_mapping_msgs/include/autoware_auto_mapping_msgs/msg/detail/had_map_segment__struct.hpp
[14.837s] -- Up-to-date symlink: /home/cityu/autoware/install/autoware_auto_mapping_msgs/include/autoware_auto_mapping_msgs/msg/detail/had_map_segment__traits.hpp
[14.838s] -- Up-to-date symlink: /home/cityu/autoware/install/autoware_auto_mapping_msgs/include/autoware_auto_mapping_msgs/msg/detail/map_primitive__builder.hpp
[14.838s] -- Up-to-date symlink: /home/cityu/autoware/install/autoware_auto_mapping_msgs/include/autoware_auto_mapping_msgs/msg/detail/map_primitive__struct.hpp
[14.838s] -- Up-to-date symlink: /home/cityu/autoware/install/autoware_auto_mapping_msgs/include/autoware_auto_mapping_msgs/msg/detail/map_primitive__traits.hpp
[14.838s] -- Up-to-date symlink: /home/cityu/autoware/install/autoware_auto_mapping_msgs/include/autoware_auto_mapping_msgs/msg/had_map_bin.hpp
[14.838s] -- Up-to-date symlink: /home/cityu/autoware/install/autoware_auto_mapping_msgs/include/autoware_auto_mapping_msgs/msg/had_map_segment.hpp
[14.839s] -- Up-to-date symlink: /home/cityu/autoware/install/autoware_auto_mapping_msgs/include/autoware_auto_mapping_msgs/msg/map_primitive.hpp
[14.839s] -- Up-to-date symlink: /home/cityu/autoware/install/autoware_auto_mapping_msgs/include/autoware_auto_mapping_msgs/srv/detail/had_map_service__builder.hpp
[14.839s] -- Up-to-date symlink: /home/cityu/autoware/install/autoware_auto_mapping_msgs/include/autoware_auto_mapping_msgs/srv/detail/had_map_service__struct.hpp
[14.839s] -- Up-to-date symlink: /home/cityu/autoware/install/autoware_auto_mapping_msgs/include/autoware_auto_mapping_msgs/srv/detail/had_map_service__traits.hpp
[14.839s] -- Up-to-date symlink: /home/cityu/autoware/install/autoware_auto_mapping_msgs/include/autoware_auto_mapping_msgs/srv/had_map_service.hpp
[14.839s] -- Up-to-date symlink: /home/cityu/autoware/install/autoware_auto_mapping_msgs/include/autoware_auto_mapping_msgs/msg/detail/had_map_bin__rosidl_typesupport_introspection_cpp.hpp
[14.839s] -- Up-to-date symlink: /home/cityu/autoware/install/autoware_auto_mapping_msgs/include/autoware_auto_mapping_msgs/msg/detail/had_map_segment__rosidl_typesupport_introspection_cpp.hpp
[14.839s] -- Up-to-date symlink: /home/cityu/autoware/install/autoware_auto_mapping_msgs/include/autoware_auto_mapping_msgs/msg/detail/map_primitive__rosidl_typesupport_introspection_cpp.hpp
[14.839s] -- Up-to-date symlink: /home/cityu/autoware/install/autoware_auto_mapping_msgs/include/autoware_auto_mapping_msgs/srv/detail/had_map_service__rosidl_typesupport_introspection_cpp.hpp
[14.840s] -- Up-to-date symlink: /home/cityu/autoware/install/autoware_auto_mapping_msgs/share/autoware_auto_mapping_msgs/environment/pythonpath.sh
[14.840s] -- Up-to-date symlink: /home/cityu/autoware/install/autoware_auto_mapping_msgs/share/autoware_auto_mapping_msgs/environment/pythonpath.dsv
[14.840s] -- Up-to-date symlink: /home/cityu/autoware/install/autoware_auto_mapping_msgs/lib/python3.8/site-packages/autoware_auto_mapping_msgs/__init__.py
[14.840s] -- Up-to-date symlink: /home/cityu/autoware/install/autoware_auto_mapping_msgs/lib/python3.8/site-packages/autoware_auto_mapping_msgs/msg/__init__.py
[14.840s] -- Up-to-date symlink: /home/cityu/autoware/install/autoware_auto_mapping_msgs/lib/python3.8/site-packages/autoware_auto_mapping_msgs/msg/_had_map_bin.py
[14.841s] -- Up-to-date symlink: /home/cityu/autoware/install/autoware_auto_mapping_msgs/lib/python3.8/site-packages/autoware_auto_mapping_msgs/msg/_had_map_segment.py
[14.841s] -- Up-to-date symlink: /home/cityu/autoware/install/autoware_auto_mapping_msgs/lib/python3.8/site-packages/autoware_auto_mapping_msgs/msg/_map_primitive.py
[14.841s] -- Up-to-date symlink: /home/cityu/autoware/install/autoware_auto_mapping_msgs/lib/python3.8/site-packages/autoware_auto_mapping_msgs/srv/__init__.py
[14.841s] -- Up-to-date symlink: /home/cityu/autoware/install/autoware_auto_mapping_msgs/lib/python3.8/site-packages/autoware_auto_mapping_msgs/srv/_had_map_service.py
[14.841s] -- Up-to-date symlink: /home/cityu/autoware/install/autoware_auto_mapping_msgs/lib/python3.8/site-packages/autoware_auto_mapping_msgs/autoware_auto_mapping_msgs_s__rosidl_typesupport_fastrtps_c.cpython-38-x86_64-linux-gnu.so
[14.841s] -- Up-to-date symlink: /home/cityu/autoware/install/autoware_auto_mapping_msgs/lib/python3.8/site-packages/autoware_auto_mapping_msgs/autoware_auto_mapping_msgs_s__rosidl_typesupport_introspection_c.cpython-38-x86_64-linux-gnu.so
[14.841s] -- Up-to-date symlink: /home/cityu/autoware/install/autoware_auto_mapping_msgs/lib/python3.8/site-packages/autoware_auto_mapping_msgs/autoware_auto_mapping_msgs_s__rosidl_typesupport_c.cpython-38-x86_64-linux-gnu.so
[14.841s] -- Up-to-date symlink: /home/cityu/autoware/install/autoware_auto_mapping_msgs/lib/libautoware_auto_mapping_msgs__python.so
[14.842s] -- Up-to-date symlink: /home/cityu/autoware/install/autoware_auto_mapping_msgs/share/autoware_auto_mapping_msgs/msg/HADMapBin.idl
[14.842s] -- Up-to-date symlink: /home/cityu/autoware/install/autoware_auto_mapping_msgs/share/autoware_auto_mapping_msgs/msg/HADMapSegment.idl
[14.842s] -- Up-to-date symlink: /home/cityu/autoware/install/autoware_auto_mapping_msgs/share/autoware_auto_mapping_msgs/msg/MapPrimitive.idl
[14.842s] -- Up-to-date symlink: /home/cityu/autoware/install/autoware_auto_mapping_msgs/share/autoware_auto_mapping_msgs/srv/HADMapService.idl
[14.842s] -- Up-to-date symlink: /home/cityu/autoware/install/autoware_auto_mapping_msgs/share/ament_index/resource_index/package_run_dependencies/autoware_auto_mapping_msgs
[14.842s] -- Up-to-date symlink: /home/cityu/autoware/install/autoware_auto_mapping_msgs/share/ament_index/resource_index/parent_prefix_path/autoware_auto_mapping_msgs
[14.842s] -- Up-to-date symlink: /home/cityu/autoware/install/autoware_auto_mapping_msgs/share/autoware_auto_mapping_msgs/environment/ament_prefix_path.sh
[14.842s] -- Up-to-date symlink: /home/cityu/autoware/install/autoware_auto_mapping_msgs/share/autoware_auto_mapping_msgs/environment/ament_prefix_path.dsv
[14.842s] -- Up-to-date symlink: /home/cityu/autoware/install/autoware_auto_mapping_msgs/share/autoware_auto_mapping_msgs/environment/path.sh
[14.843s] -- Up-to-date symlink: /home/cityu/autoware/install/autoware_auto_mapping_msgs/share/autoware_auto_mapping_msgs/environment/path.dsv
[14.843s] -- Up-to-date symlink: /home/cityu/autoware/install/autoware_auto_mapping_msgs/share/autoware_auto_mapping_msgs/local_setup.bash
[14.843s] -- Up-to-date symlink: /home/cityu/autoware/install/autoware_auto_mapping_msgs/share/autoware_auto_mapping_msgs/local_setup.sh
[14.843s] -- Up-to-date symlink: /home/cityu/autoware/install/autoware_auto_mapping_msgs/share/autoware_auto_mapping_msgs/local_setup.zsh
[14.843s] -- Up-to-date symlink: /home/cityu/autoware/install/autoware_auto_mapping_msgs/share/autoware_auto_mapping_msgs/local_setup.dsv
[14.843s] -- Symlinking: /home/cityu/autoware/install/autoware_auto_mapping_msgs/share/autoware_auto_mapping_msgs/package.dsv
[14.843s] -- Up-to-date symlink: /home/cityu/autoware/install/autoware_auto_mapping_msgs/share/ament_index/resource_index/packages/autoware_auto_mapping_msgs
[14.844s] -- Up-to-date symlink: /home/cityu/autoware/install/autoware_auto_mapping_msgs/share/autoware_auto_mapping_msgs/cmake/rosidl_cmake-extras.cmake
[14.844s] -- Up-to-date symlink: /home/cityu/autoware/install/autoware_auto_mapping_msgs/share/autoware_auto_mapping_msgs/cmake/ament_cmake_export_dependencies-extras.cmake
[14.844s] -- Up-to-date symlink: /home/cityu/autoware/install/autoware_auto_mapping_msgs/share/autoware_auto_mapping_msgs/cmake/ament_cmake_export_libraries-extras.cmake
[14.844s] -- Up-to-date symlink: /home/cityu/autoware/install/autoware_auto_mapping_msgs/share/autoware_auto_mapping_msgs/cmake/ament_cmake_export_targets-extras.cmake
[14.844s] -- Up-to-date symlink: /home/cityu/autoware/install/autoware_auto_mapping_msgs/share/autoware_auto_mapping_msgs/cmake/ament_cmake_export_include_directories-extras.cmake
[14.844s] -- Up-to-date symlink: /home/cityu/autoware/install/autoware_auto_mapping_msgs/share/autoware_auto_mapping_msgs/cmake/rosidl_cmake_export_typesupport_libraries-extras.cmake
[14.844s] -- Up-to-date symlink: /home/cityu/autoware/install/autoware_auto_mapping_msgs/share/autoware_auto_mapping_msgs/cmake/rosidl_cmake_export_typesupport_targets-extras.cmake
[14.844s] -- Up-to-date symlink: /home/cityu/autoware/install/autoware_auto_mapping_msgs/share/autoware_auto_mapping_msgs/cmake/autoware_auto_mapping_msgsConfig.cmake
[14.844s] -- Up-to-date symlink: /home/cityu/autoware/install/autoware_auto_mapping_msgs/share/autoware_auto_mapping_msgs/cmake/autoware_auto_mapping_msgsConfig-version.cmake
[14.845s] -- Up-to-date symlink: /home/cityu/autoware/install/autoware_auto_mapping_msgs/share/autoware_auto_mapping_msgs/package.xml
[14.845s] -- Installing: /home/cityu/autoware/install/autoware_auto_mapping_msgs/lib/libautoware_auto_mapping_msgs__rosidl_generator_c.so
[14.845s] -- Set runtime path of "/home/cityu/autoware/install/autoware_auto_mapping_msgs/lib/libautoware_auto_mapping_msgs__rosidl_generator_c.so" to ""
[14.845s] -- Installing: /home/cityu/autoware/install/autoware_auto_mapping_msgs/lib/libautoware_auto_mapping_msgs__rosidl_typesupport_introspection_c.so
[14.845s] -- Set runtime path of "/home/cityu/autoware/install/autoware_auto_mapping_msgs/lib/libautoware_auto_mapping_msgs__rosidl_typesupport_introspection_c.so" to ""
[14.845s] -- Installing: /home/cityu/autoware/install/autoware_auto_mapping_msgs/lib/libautoware_auto_mapping_msgs__rosidl_typesupport_c.so
[14.845s] -- Set runtime path of "/home/cityu/autoware/install/autoware_auto_mapping_msgs/lib/libautoware_auto_mapping_msgs__rosidl_typesupport_c.so" to ""
[14.845s] -- Installing: /home/cityu/autoware/install/autoware_auto_mapping_msgs/lib/libautoware_auto_mapping_msgs__rosidl_typesupport_introspection_cpp.so
[14.845s] -- Set runtime path of "/home/cityu/autoware/install/autoware_auto_mapping_msgs/lib/libautoware_auto_mapping_msgs__rosidl_typesupport_introspection_cpp.so" to ""
[14.845s] -- Installing: /home/cityu/autoware/install/autoware_auto_mapping_msgs/lib/libautoware_auto_mapping_msgs__rosidl_typesupport_cpp.so
[14.857s] -- Set runtime path of "/home/cityu/autoware/install/autoware_auto_mapping_msgs/lib/libautoware_auto_mapping_msgs__rosidl_typesupport_cpp.so" to ""
[14.859s] Compiling '/home/cityu/autoware/install/autoware_auto_mapping_msgs/lib/python3.8/site-packages/autoware_auto_mapping_msgs/__init__.py'...
[14.859s] -- Up-to-date: /home/cityu/autoware/install/autoware_auto_mapping_msgs/share/autoware_auto_mapping_msgs/cmake/autoware_auto_mapping_msgs__rosidl_generator_cExport.cmake
[14.859s] -- Installing: /home/cityu/autoware/install/autoware_auto_mapping_msgs/share/autoware_auto_mapping_msgs/cmake/autoware_auto_mapping_msgs__rosidl_generator_cExport-release.cmake
[14.859s] -- Up-to-date: /home/cityu/autoware/install/autoware_auto_mapping_msgs/share/autoware_auto_mapping_msgs/cmake/autoware_auto_mapping_msgs__rosidl_typesupport_introspection_cExport.cmake
[14.859s] -- Installing: /home/cityu/autoware/install/autoware_auto_mapping_msgs/share/autoware_auto_mapping_msgs/cmake/autoware_auto_mapping_msgs__rosidl_typesupport_introspection_cExport-release.cmake
[14.859s] -- Up-to-date: /home/cityu/autoware/install/autoware_auto_mapping_msgs/share/autoware_auto_mapping_msgs/cmake/autoware_auto_mapping_msgs__rosidl_typesupport_cExport.cmake
[14.859s] -- Installing: /home/cityu/autoware/install/autoware_auto_mapping_msgs/share/autoware_auto_mapping_msgs/cmake/autoware_auto_mapping_msgs__rosidl_typesupport_cExport-release.cmake
[14.860s] -- Up-to-date: /home/cityu/autoware/install/autoware_auto_mapping_msgs/share/autoware_auto_mapping_msgs/cmake/autoware_auto_mapping_msgs__rosidl_generator_cppExport.cmake
[14.860s] -- Up-to-date: /home/cityu/autoware/install/autoware_auto_mapping_msgs/share/autoware_auto_mapping_msgs/cmake/autoware_auto_mapping_msgs__rosidl_typesupport_introspection_cppExport.cmake
[14.860s] -- Installing: /home/cityu/autoware/install/autoware_auto_mapping_msgs/share/autoware_auto_mapping_msgs/cmake/autoware_auto_mapping_msgs__rosidl_typesupport_introspection_cppExport-release.cmake
[14.860s] -- Up-to-date: /home/cityu/autoware/install/autoware_auto_mapping_msgs/share/autoware_auto_mapping_msgs/cmake/autoware_auto_mapping_msgs__rosidl_typesupport_cppExport.cmake
[14.860s] -- Installing: /home/cityu/autoware/install/autoware_auto_mapping_msgs/share/autoware_auto_mapping_msgs/cmake/autoware_auto_mapping_msgs__rosidl_typesupport_cppExport-release.cmake
[14.875s] Invoked command in '/home/cityu/autoware/build/autoware_auto_mapping_msgs' returned '0': CMAKE_PREFIX_PATH=/opt/ros/galactic /usr/bin/cmake --install /home/cityu/autoware/build/autoware_auto_mapping_msgs
