[0.028s] Invoking command in '/home/cityu/autoware/build/tier4_screen_capture_rviz_plugin': AMENT_PREFIX_PATH=/home/cityu/autoware/install/autoware_cmake:/home/cityu/autoware/install/autoware_lint_common:${AMENT_PREFIX_PATH} CMAKE_PREFIX_PATH=/home/cityu/autoware/install/autoware_cmake:/home/cityu/autoware/install/autoware_lint_common:/opt/ros/galactic /usr/bin/cmake /home/cityu/autoware/src/universe/autoware.universe/common/tier4_screen_capture_rviz_plugin -DCMAKE_BUILD_TYPE=Release -DDOWNLOAD_ARTIFACTS=ON -DAMENT_CMAKE_SYMLINK_INSTALL=1 -DCMAKE_INSTALL_PREFIX=/home/cityu/autoware/install/tier4_screen_capture_rviz_plugin
[2.575s] -- Found autoware_cmake: 0.1.0 (/home/cityu/autoware/install/autoware_cmake/share/autoware_cmake/cmake)
[2.576s] -- Found ament_cmake_auto: 1.1.6 (/opt/ros/galactic/share/ament_cmake_auto/cmake)
[2.577s] -- Using PYTHON_EXECUTABLE: /usr/bin/python3
[2.578s] -- Override CMake install command with custom implementation using symlinks instead of copying resources
[2.584s] -- Using all available rosidl_typesupport_c: rosidl_typesupport_fastrtps_c;rosidl_typesupport_introspection_c
[2.585s] -- Found rosidl_adapter: 2.2.3 (/opt/ros/galactic/share/rosidl_adapter/cmake)
[2.585s] -- Using all available rosidl_typesupport_cpp: rosidl_typesupport_fastrtps_cpp;rosidl_typesupport_introspection_cpp
[2.585s] -- Found rmw_implementation_cmake: 3.3.1 (/opt/ros/galactic/share/rmw_implementation_cmake/cmake)
[2.585s] -- Found rmw_cyclonedds_cpp: 0.22.6 (/opt/ros/galactic/share/rmw_cyclonedds_cpp/cmake)
[2.586s] -- Using RMW implementation 'rmw_cyclonedds_cpp' as default
[2.586s] -- Setting OGRE_DIR to: '/opt/ros/galactic/share/rviz_ogre_vendor/cmake/../../../opt/rviz_ogre_vendor/lib/OGRE/cmake'
[2.586s] -- Found OGRE
[2.586s] --   static     : OFF
[2.586s] --   components : HLMS;MeshLodGenerator;Overlay;Paging;Property;RTShaderSystem;Terrain;Volume
[2.586s] --   plugins    : Plugin_BSPSceneManager;Plugin_OctreeSceneManager;Plugin_PCZSceneManager;Plugin_ParticleFX;RenderSystem_GL;RenderSystem_GL3Plus;Codec_STBI
[2.586s] --   media      : /opt/ros/galactic/opt/rviz_ogre_vendor/share/OGRE/Media
[2.586s] -- OGRE_LIBRARIES: OgreHLMS;OgreMeshLodGenerator;OgreOverlay;OgrePaging;OgreProperty;OgreRTShaderSystem;OgreTerrain;OgreVolume;OgreMain
[2.586s] -- OGRE_LIBRARY_DIRS: /opt/ros/galactic/opt/rviz_ogre_vendor/lib
[2.587s] -- OGRE_PLUGINS: Plugin_BSPSceneManager;Plugin_OctreeSceneManager;Plugin_PCZSceneManager;Plugin_ParticleFX;RenderSystem_GL;RenderSystem_GL3Plus;Codec_STBI
[2.587s] -- OGRE_PLUGIN_DIR: /opt/ros/galactic/opt/rviz_ogre_vendor/lib/OGRE
[2.587s] -- rviz_ogre_vendor::OgreOverlay for IMPORTED_LOCATION_RELEASE: /opt/ros/galactic/opt/rviz_ogre_vendor/lib/libOgreOverlay.so
[2.587s] -- rviz_ogre_vendor::OgreOverlay for IMPORTED_LOCATION_DEBUG: /opt/ros/galactic/opt/rviz_ogre_vendor/lib/libOgreOverlay.so
[2.587s] -- rviz_ogre_vendor::OgreMain for IMPORTED_LOCATION_RELEASE: /opt/ros/galactic/opt/rviz_ogre_vendor/lib/libOgreMain.so
[2.587s] -- rviz_ogre_vendor::OgreMain for IMPORTED_LOCATION_DEBUG: /opt/ros/galactic/opt/rviz_ogre_vendor/lib/libOgreMain.so
[2.587s] -- Could not find freeimage library
[2.587s] -- rviz_ogre_vendor::RenderSystem_GL for IMPORTED_LOCATION_RELEASE: _render_system_gl_static_library_abs-NOTFOUND
[2.588s] -- rviz_ogre_vendor::RenderSystem_GL for IMPORTED_LOCATION_DEBUG: _render_system_gl_static_library_abs-NOTFOUND
[2.588s] -- library: libassimp.so.5
[2.588s] -- library: /usr/lib/x86_64-linux-gnu/libcurl.so
[2.588s] -- Found ament_lint_auto: 0.10.7 (/opt/ros/galactic/share/ament_lint_auto/cmake)
[2.588s] -- Added test 'copyright' to check source files copyright and LICENSE
[2.588s] -- Added test 'cppcheck' to perform static code analysis on C / C++ code
[2.588s] -- Configured cppcheck include dirs: 
[2.588s] -- Configured cppcheck exclude dirs and/or files: 
[2.588s] -- Added test 'lint_cmake' to check CMake code style
[2.588s] -- Added test 'xmllint' to check XML markup files
[2.589s] -- Configuring done
[2.589s] -- Generating done
[2.589s] -- Build files have been written to: /home/cityu/autoware/build/tier4_screen_capture_rviz_plugin
[2.589s] CMake Warning:
[2.589s]   Manually-specified variables were not used by the project:
[2.589s] 
[2.590s]     DOWNLOAD_ARTIFACTS
[2.590s] 
[2.600s] 
[2.603s] Invoked command in '/home/cityu/autoware/build/tier4_screen_capture_rviz_plugin' returned '0': AMENT_PREFIX_PATH=/home/cityu/autoware/install/autoware_cmake:/home/cityu/autoware/install/autoware_lint_common:${AMENT_PREFIX_PATH} CMAKE_PREFIX_PATH=/home/cityu/autoware/install/autoware_cmake:/home/cityu/autoware/install/autoware_lint_common:/opt/ros/galactic /usr/bin/cmake /home/cityu/autoware/src/universe/autoware.universe/common/tier4_screen_capture_rviz_plugin -DCMAKE_BUILD_TYPE=Release -DDOWNLOAD_ARTIFACTS=ON -DAMENT_CMAKE_SYMLINK_INSTALL=1 -DCMAKE_INSTALL_PREFIX=/home/cityu/autoware/install/tier4_screen_capture_rviz_plugin
[2.604s] Invoking command in '/home/cityu/autoware/build/tier4_screen_capture_rviz_plugin': AMENT_PREFIX_PATH=/home/cityu/autoware/install/autoware_cmake:/home/cityu/autoware/install/autoware_lint_common:${AMENT_PREFIX_PATH} CMAKE_PREFIX_PATH=/home/cityu/autoware/install/autoware_cmake:/home/cityu/autoware/install/autoware_lint_common:/opt/ros/galactic /usr/bin/cmake --build /home/cityu/autoware/build/tier4_screen_capture_rviz_plugin -- -j16 -l16
[4.427s] [ 25%] [34m[1mAutomatic MOC for target tier4_screen_capture_rviz_plugin[0m
[4.431s] [ 25%] Built target tier4_screen_capture_rviz_plugin_autogen
[4.431s] [100%] Built target tier4_screen_capture_rviz_plugin
[4.524s] Invoked command in '/home/cityu/autoware/build/tier4_screen_capture_rviz_plugin' returned '0': AMENT_PREFIX_PATH=/home/cityu/autoware/install/autoware_cmake:/home/cityu/autoware/install/autoware_lint_common:${AMENT_PREFIX_PATH} CMAKE_PREFIX_PATH=/home/cityu/autoware/install/autoware_cmake:/home/cityu/autoware/install/autoware_lint_common:/opt/ros/galactic /usr/bin/cmake --build /home/cityu/autoware/build/tier4_screen_capture_rviz_plugin -- -j16 -l16
[4.707s] Invoking command in '/home/cityu/autoware/build/tier4_screen_capture_rviz_plugin': AMENT_PREFIX_PATH=/home/cityu/autoware/install/autoware_cmake:/home/cityu/autoware/install/autoware_lint_common:${AMENT_PREFIX_PATH} CMAKE_PREFIX_PATH=/home/cityu/autoware/install/autoware_cmake:/home/cityu/autoware/install/autoware_lint_common:/opt/ros/galactic /usr/bin/cmake --install /home/cityu/autoware/build/tier4_screen_capture_rviz_plugin
[4.801s] -- Install configuration: "Release"
[4.801s] -- Execute custom install script
[4.801s] -- Up-to-date symlink: /home/cityu/autoware/install/tier4_screen_capture_rviz_plugin/share/tier4_screen_capture_rviz_plugin/plugins/plugin_description.xml
[4.802s] -- Up-to-date symlink: /home/cityu/autoware/install/tier4_screen_capture_rviz_plugin/share/tier4_screen_capture_rviz_plugin/environment/library_path.sh
[4.802s] -- Up-to-date symlink: /home/cityu/autoware/install/tier4_screen_capture_rviz_plugin/share/tier4_screen_capture_rviz_plugin/environment/library_path.dsv
[4.802s] -- Up-to-date symlink: /home/cityu/autoware/install/tier4_screen_capture_rviz_plugin/lib/libtier4_screen_capture_rviz_plugin.so
[4.802s] -- Up-to-date symlink: /home/cityu/autoware/install/tier4_screen_capture_rviz_plugin/share/tier4_screen_capture_rviz_plugin/plugins/plugin_description.xml
[4.802s] -- Up-to-date symlink: /home/cityu/autoware/install/tier4_screen_capture_rviz_plugin/share/ament_index/resource_index/package_run_dependencies/tier4_screen_capture_rviz_plugin
[4.802s] -- Up-to-date symlink: /home/cityu/autoware/install/tier4_screen_capture_rviz_plugin/share/ament_index/resource_index/parent_prefix_path/tier4_screen_capture_rviz_plugin
[4.803s] -- Up-to-date symlink: /home/cityu/autoware/install/tier4_screen_capture_rviz_plugin/share/tier4_screen_capture_rviz_plugin/environment/ament_prefix_path.sh
[4.803s] -- Up-to-date symlink: /home/cityu/autoware/install/tier4_screen_capture_rviz_plugin/share/tier4_screen_capture_rviz_plugin/environment/ament_prefix_path.dsv
[4.803s] -- Up-to-date symlink: /home/cityu/autoware/install/tier4_screen_capture_rviz_plugin/share/tier4_screen_capture_rviz_plugin/environment/path.sh
[4.803s] -- Up-to-date symlink: /home/cityu/autoware/install/tier4_screen_capture_rviz_plugin/share/tier4_screen_capture_rviz_plugin/environment/path.dsv
[4.803s] -- Up-to-date symlink: /home/cityu/autoware/install/tier4_screen_capture_rviz_plugin/share/tier4_screen_capture_rviz_plugin/local_setup.bash
[4.803s] -- Up-to-date symlink: /home/cityu/autoware/install/tier4_screen_capture_rviz_plugin/share/tier4_screen_capture_rviz_plugin/local_setup.sh
[4.803s] -- Up-to-date symlink: /home/cityu/autoware/install/tier4_screen_capture_rviz_plugin/share/tier4_screen_capture_rviz_plugin/local_setup.zsh
[4.803s] -- Up-to-date symlink: /home/cityu/autoware/install/tier4_screen_capture_rviz_plugin/share/tier4_screen_capture_rviz_plugin/local_setup.dsv
[4.803s] -- Symlinking: /home/cityu/autoware/install/tier4_screen_capture_rviz_plugin/share/tier4_screen_capture_rviz_plugin/package.dsv
[4.803s] -- Up-to-date symlink: /home/cityu/autoware/install/tier4_screen_capture_rviz_plugin/share/ament_index/resource_index/packages/tier4_screen_capture_rviz_plugin
[4.803s] -- Up-to-date symlink: /home/cityu/autoware/install/tier4_screen_capture_rviz_plugin/share/ament_index/resource_index/rviz_common__pluginlib__plugin/tier4_screen_capture_rviz_plugin
[4.804s] -- Up-to-date symlink: /home/cityu/autoware/install/tier4_screen_capture_rviz_plugin/share/tier4_screen_capture_rviz_plugin/cmake/ament_cmake_export_dependencies-extras.cmake
[4.804s] -- Up-to-date symlink: /home/cityu/autoware/install/tier4_screen_capture_rviz_plugin/share/tier4_screen_capture_rviz_plugin/cmake/ament_cmake_export_libraries-extras.cmake
[4.804s] -- Up-to-date symlink: /home/cityu/autoware/install/tier4_screen_capture_rviz_plugin/share/tier4_screen_capture_rviz_plugin/cmake/tier4_screen_capture_rviz_pluginConfig.cmake
[4.804s] -- Up-to-date symlink: /home/cityu/autoware/install/tier4_screen_capture_rviz_plugin/share/tier4_screen_capture_rviz_plugin/cmake/tier4_screen_capture_rviz_pluginConfig-version.cmake
[4.804s] -- Up-to-date symlink: /home/cityu/autoware/install/tier4_screen_capture_rviz_plugin/share/tier4_screen_capture_rviz_plugin/package.xml
[4.878s] Invoked command in '/home/cityu/autoware/build/tier4_screen_capture_rviz_plugin' returned '0': AMENT_PREFIX_PATH=/home/cityu/autoware/install/autoware_cmake:/home/cityu/autoware/install/autoware_lint_common:${AMENT_PREFIX_PATH} CMAKE_PREFIX_PATH=/home/cityu/autoware/install/autoware_cmake:/home/cityu/autoware/install/autoware_lint_common:/opt/ros/galactic /usr/bin/cmake --install /home/cityu/autoware/build/tier4_screen_capture_rviz_plugin
