-- The C compiler identification is GNU 9.4.0
-- The CXX compiler identification is GNU 9.4.0
-- Check for working C compiler: /usr/bin/cc
-- Check for working C compiler: /usr/bin/cc -- works
-- Detecting C compiler ABI info
-- Detecting C compiler ABI info - done
-- Detecting C compile features
-- Detecting C compile features - done
-- Check for working CXX compiler: /usr/bin/c++
-- Check for working CXX compiler: /usr/bin/c++ -- works
-- Detecting CXX compiler ABI info
-- Detecting CXX compiler ABI info - done
-- Detecting CXX compile features
-- Detecting CXX compile features - done
-- Found autoware_cmake: 0.1.0 (/home/cityu/autoware/install/autoware_cmake/share/autoware_cmake/cmake)
-- Found ament_cmake_auto: 1.1.6 (/opt/ros/galactic/share/ament_cmake_auto/cmake)
-- Found PythonInterp: /usr/bin/python3 (found suitable version "3.8.10", minimum required is "3") 
-- Using PYTHON_EXECUTABLE: /usr/bin/python3
-- Override CMake install command with custom implementation using symlinks instead of copying resources
-- Using all available rosidl_typesupport_c: rosidl_typesupport_fastrtps_c;rosidl_typesupport_introspection_c
-- Found rosidl_adapter: 2.2.3 (/opt/ros/galactic/share/rosidl_adapter/cmake)
-- Found OpenSSL: /usr/lib/x86_64-linux-gnu/libcrypto.so (found version "1.1.1f")  
-- Found FastRTPS: /opt/ros/galactic/include  
-- Using all available rosidl_typesupport_cpp: rosidl_typesupport_fastrtps_cpp;rosidl_typesupport_introspection_cpp
-- Setting OGRE_DIR to: '/opt/ros/galactic/share/rviz_ogre_vendor/cmake/../../../opt/rviz_ogre_vendor/lib/OGRE/cmake'
-- Found OGRE
--   static     : OFF
--   components : HLMS;MeshLodGenerator;Overlay;Paging;Property;RTShaderSystem;Terrain;Volume
--   plugins    : Plugin_BSPSceneManager;Plugin_OctreeSceneManager;Plugin_PCZSceneManager;Plugin_ParticleFX;RenderSystem_GL;RenderSystem_GL3Plus;Codec_STBI
--   media      : /opt/ros/galactic/opt/rviz_ogre_vendor/share/OGRE/Media
-- OGRE_LIBRARIES: OgreHLMS;OgreMeshLodGenerator;OgreOverlay;OgrePaging;OgreProperty;OgreRTShaderSystem;OgreTerrain;OgreVolume;OgreMain
-- OGRE_LIBRARY_DIRS: /opt/ros/galactic/opt/rviz_ogre_vendor/lib
-- OGRE_PLUGINS: Plugin_BSPSceneManager;Plugin_OctreeSceneManager;Plugin_PCZSceneManager;Plugin_ParticleFX;RenderSystem_GL;RenderSystem_GL3Plus;Codec_STBI
-- OGRE_PLUGIN_DIR: /opt/ros/galactic/opt/rviz_ogre_vendor/lib/OGRE
-- rviz_ogre_vendor::OgreOverlay for IMPORTED_LOCATION_RELEASE: /opt/ros/galactic/opt/rviz_ogre_vendor/lib/libOgreOverlay.so
-- rviz_ogre_vendor::OgreOverlay for IMPORTED_LOCATION_DEBUG: /opt/ros/galactic/opt/rviz_ogre_vendor/lib/libOgreOverlay.so
-- rviz_ogre_vendor::OgreMain for IMPORTED_LOCATION_RELEASE: /opt/ros/galactic/opt/rviz_ogre_vendor/lib/libOgreMain.so
-- rviz_ogre_vendor::OgreMain for IMPORTED_LOCATION_DEBUG: /opt/ros/galactic/opt/rviz_ogre_vendor/lib/libOgreMain.so
-- Could not find freeimage library
-- Found ZLIB: /usr/lib/x86_64-linux-gnu/libz.so (found version "1.2.11") 
-- Found OpenGL: /usr/lib/x86_64-linux-gnu/libOpenGL.so   
-- Found X11: /usr/include   
-- Looking for XOpenDisplay in /usr/lib/x86_64-linux-gnu/libX11.so;/usr/lib/x86_64-linux-gnu/libXext.so
-- Looking for XOpenDisplay in /usr/lib/x86_64-linux-gnu/libX11.so;/usr/lib/x86_64-linux-gnu/libXext.so - found
-- Looking for gethostbyname
-- Looking for gethostbyname - found
-- Looking for connect
-- Looking for connect - found
-- Looking for remove
-- Looking for remove - found
-- Looking for shmat
-- Looking for shmat - found
-- Looking for IceConnectionNumber in ICE
-- Looking for IceConnectionNumber in ICE - found
-- rviz_ogre_vendor::RenderSystem_GL for IMPORTED_LOCATION_RELEASE: _render_system_gl_static_library_abs-NOTFOUND
-- rviz_ogre_vendor::RenderSystem_GL for IMPORTED_LOCATION_DEBUG: _render_system_gl_static_library_abs-NOTFOUND
-- library: libassimp.so.5
-- library: /usr/lib/x86_64-linux-gnu/libcurl.so
-- Found rmw_implementation_cmake: 3.3.1 (/opt/ros/galactic/share/rmw_implementation_cmake/cmake)
-- Found rmw_cyclonedds_cpp: 0.22.6 (/opt/ros/galactic/share/rmw_cyclonedds_cpp/cmake)
-- Using RMW implementation 'rmw_cyclonedds_cpp' as default
-- Looking for pthread.h
-- Looking for pthread.h - found
-- Performing Test CMAKE_HAVE_LIBC_PTHREAD
-- Performing Test CMAKE_HAVE_LIBC_PTHREAD - Failed
-- Looking for pthread_create in pthreads
-- Looking for pthread_create in pthreads - not found
-- Looking for pthread_create in pthread
-- Looking for pthread_create in pthread - found
-- Found Threads: TRUE  
-- Found Eigen3: TRUE (found version "3.3.7") 
-- Found ament_lint_auto: 0.10.7 (/opt/ros/galactic/share/ament_lint_auto/cmake)
-- Added test 'copyright' to check source files copyright and LICENSE
-- Added test 'cppcheck' to perform static code analysis on C / C++ code
-- Configured cppcheck include dirs: 
-- Configured cppcheck exclude dirs and/or files: 
-- Added test 'lint_cmake' to check CMake code style
-- Added test 'xmllint' to check XML markup files
-- Configuring done
-- Generating done
-- Build files have been written to: /home/cityu/autoware/build/initial_pose_button_panel
[35m[1mScanning dependencies of target initial_pose_button_panel_autogen[0m
[ 25%] [34m[1mAutomatic MOC for target initial_pose_button_panel[0m
[ 25%] Built target initial_pose_button_panel_autogen
[35m[1mScanning dependencies of target initial_pose_button_panel[0m
[ 50%] [32mBuilding CXX object CMakeFiles/initial_pose_button_panel.dir/initial_pose_button_panel_autogen/mocs_compilation.cpp.o[0m
[ 75%] [32mBuilding CXX object CMakeFiles/initial_pose_button_panel.dir/src/initial_pose_button_panel.cpp.o[0m
[100%] [32m[1mLinking CXX shared library libinitial_pose_button_panel.so[0m
[100%] Built target initial_pose_button_panel
-- Install configuration: "Release"
-- Execute custom install script
-- Symlinking: /home/cityu/autoware/install/initial_pose_button_panel/share/initial_pose_button_panel/plugins/plugin_description.xml
-- Symlinking: /home/cityu/autoware/install/initial_pose_button_panel/share/initial_pose_button_panel/environment/library_path.sh
-- Symlinking: /home/cityu/autoware/install/initial_pose_button_panel/share/initial_pose_button_panel/environment/library_path.dsv
-- Symlinking: /home/cityu/autoware/install/initial_pose_button_panel/lib/libinitial_pose_button_panel.so
-- Up-to-date symlink: /home/cityu/autoware/install/initial_pose_button_panel/share/initial_pose_button_panel/plugins/plugin_description.xml
-- Symlinking: /home/cityu/autoware/install/initial_pose_button_panel/share/ament_index/resource_index/package_run_dependencies/initial_pose_button_panel
-- Symlinking: /home/cityu/autoware/install/initial_pose_button_panel/share/ament_index/resource_index/parent_prefix_path/initial_pose_button_panel
-- Symlinking: /home/cityu/autoware/install/initial_pose_button_panel/share/initial_pose_button_panel/environment/ament_prefix_path.sh
-- Symlinking: /home/cityu/autoware/install/initial_pose_button_panel/share/initial_pose_button_panel/environment/ament_prefix_path.dsv
-- Symlinking: /home/cityu/autoware/install/initial_pose_button_panel/share/initial_pose_button_panel/environment/path.sh
-- Symlinking: /home/cityu/autoware/install/initial_pose_button_panel/share/initial_pose_button_panel/environment/path.dsv
-- Symlinking: /home/cityu/autoware/install/initial_pose_button_panel/share/initial_pose_button_panel/local_setup.bash
-- Symlinking: /home/cityu/autoware/install/initial_pose_button_panel/share/initial_pose_button_panel/local_setup.sh
-- Symlinking: /home/cityu/autoware/install/initial_pose_button_panel/share/initial_pose_button_panel/local_setup.zsh
-- Symlinking: /home/cityu/autoware/install/initial_pose_button_panel/share/initial_pose_button_panel/local_setup.dsv
-- Symlinking: /home/cityu/autoware/install/initial_pose_button_panel/share/initial_pose_button_panel/package.dsv
-- Symlinking: /home/cityu/autoware/install/initial_pose_button_panel/share/ament_index/resource_index/packages/initial_pose_button_panel
-- Symlinking: /home/cityu/autoware/install/initial_pose_button_panel/share/ament_index/resource_index/rviz_common__pluginlib__plugin/initial_pose_button_panel
-- Symlinking: /home/cityu/autoware/install/initial_pose_button_panel/share/initial_pose_button_panel/cmake/ament_cmake_export_dependencies-extras.cmake
-- Symlinking: /home/cityu/autoware/install/initial_pose_button_panel/share/initial_pose_button_panel/cmake/ament_cmake_export_libraries-extras.cmake
-- Symlinking: /home/cityu/autoware/install/initial_pose_button_panel/share/initial_pose_button_panel/cmake/initial_pose_button_panelConfig.cmake
-- Symlinking: /home/cityu/autoware/install/initial_pose_button_panel/share/initial_pose_button_panel/cmake/initial_pose_button_panelConfig-version.cmake
-- Symlinking: /home/cityu/autoware/install/initial_pose_button_panel/share/initial_pose_button_panel/package.xml
