-- Found autoware_cmake: 0.1.0 (/home/cityu/autoware/install/autoware_cmake/share/autoware_cmake/cmake)
-- Found ament_cmake_auto: 1.1.6 (/opt/ros/galactic/share/ament_cmake_auto/cmake)
-- Using PYTHON_EXECUTABLE: /usr/bin/python3
-- Override CMake install command with custom implementation using symlinks instead of copying resources
-- Using all available rosidl_typesupport_c: rosidl_typesupport_fastrtps_c;rosidl_typesupport_introspection_c
-- Found rosidl_adapter: 2.2.3 (/opt/ros/galactic/share/rosidl_adapter/cmake)
-- Using all available rosidl_typesupport_cpp: rosidl_typesupport_fastrtps_cpp;rosidl_typesupport_introspection_cpp
-- Found ament_lint_auto: 0.10.7 (/opt/ros/galactic/share/ament_lint_auto/cmake)
-- Found ament_cmake_gtest: 1.1.6 (/opt/ros/galactic/share/ament_cmake_gtest/cmake)
-- Added test 'copyright' to check source files copyright and LICENSE
-- Added test 'cppcheck' to perform static code analysis on C / C++ code
-- Configured cppcheck include dirs: /home/cityu/autoware/src/universe/autoware.universe/common/tvm_utility/include
-- Configured cppcheck exclude dirs and/or files: 
-- Added test 'lint_cmake' to check CMake code style
-- Added test 'xmllint' to check XML markup files
-- Configuring done
-- Generating done
-- Build files have been written to: /home/cityu/autoware/build/tvm_utility
[ 11%] [34m[1mPerforming download step (verify and extract) for 'yolo_v2_tiny_llvm'[0m
-- extracting...
     src='/home/cityu/autoware/src/universe/autoware.universe/common/tvm_utility/data/downloads/yolo_v2_tiny-x86_64-llvm-2.1.0-20221102.tar.gz'
     dst='/home/cityu/autoware/src/universe/autoware.universe/common/tvm_utility/data/models/yolo_v2_tiny'
-- extracting... [tar xfz]
-- extracting... [analysis]
-- extracting... [rename]
-- extracting... [clean up]
-- extracting... done
[ 22%] [34m[1mNo patch step for 'yolo_v2_tiny_llvm'[0m
[ 33%] [34m[1mNo update step for 'yolo_v2_tiny_llvm'[0m
[ 44%] [34m[1mNo configure step for 'yolo_v2_tiny_llvm'[0m
[ 55%] [34m[1mNo build step for 'yolo_v2_tiny_llvm'[0m
[ 66%] [34m[1mNo install step for 'yolo_v2_tiny_llvm'[0m
[ 77%] [34m[1mCompleted 'yolo_v2_tiny_llvm'[0m
[ 88%] Built target yolo_v2_tiny_llvm
[100%] Built target tvm_utility
-- Install configuration: "Release"
-- Execute custom install script
-- Up-to-date symlink: /home/cityu/autoware/install/tvm_utility/include/tvm_utility/pipeline.hpp
-- Up-to-date symlink: /home/cityu/autoware/install/tvm_utility/share/tvm_utility/environment/library_path.sh
-- Up-to-date symlink: /home/cityu/autoware/install/tvm_utility/share/tvm_utility/environment/library_path.dsv
-- Up-to-date symlink: /home/cityu/autoware/install/tvm_utility/lib/libtvm_utility.so
-- Up-to-date symlink: /home/cityu/autoware/install/tvm_utility/share/ament_index/resource_index/package_run_dependencies/tvm_utility
-- Up-to-date symlink: /home/cityu/autoware/install/tvm_utility/share/ament_index/resource_index/parent_prefix_path/tvm_utility
-- Up-to-date symlink: /home/cityu/autoware/install/tvm_utility/share/tvm_utility/environment/ament_prefix_path.sh
-- Up-to-date symlink: /home/cityu/autoware/install/tvm_utility/share/tvm_utility/environment/ament_prefix_path.dsv
-- Up-to-date symlink: /home/cityu/autoware/install/tvm_utility/share/tvm_utility/environment/path.sh
-- Up-to-date symlink: /home/cityu/autoware/install/tvm_utility/share/tvm_utility/environment/path.dsv
-- Up-to-date symlink: /home/cityu/autoware/install/tvm_utility/share/tvm_utility/local_setup.bash
-- Up-to-date symlink: /home/cityu/autoware/install/tvm_utility/share/tvm_utility/local_setup.sh
-- Up-to-date symlink: /home/cityu/autoware/install/tvm_utility/share/tvm_utility/local_setup.zsh
-- Up-to-date symlink: /home/cityu/autoware/install/tvm_utility/share/tvm_utility/local_setup.dsv
-- Symlinking: /home/cityu/autoware/install/tvm_utility/share/tvm_utility/package.dsv
-- Up-to-date symlink: /home/cityu/autoware/install/tvm_utility/share/ament_index/resource_index/packages/tvm_utility
-- Up-to-date symlink: /home/cityu/autoware/install/tvm_utility/share/tvm_utility/cmake/tvm_utility-extras.cmake
-- Up-to-date symlink: /home/cityu/autoware/install/tvm_utility/share/tvm_utility/cmake/ament_cmake_export_dependencies-extras.cmake
-- Up-to-date symlink: /home/cityu/autoware/install/tvm_utility/share/tvm_utility/cmake/ament_cmake_export_include_directories-extras.cmake
-- Up-to-date symlink: /home/cityu/autoware/install/tvm_utility/share/tvm_utility/cmake/ament_cmake_export_libraries-extras.cmake
-- Up-to-date symlink: /home/cityu/autoware/install/tvm_utility/share/tvm_utility/cmake/tvm_utilityConfig.cmake
-- Up-to-date symlink: /home/cityu/autoware/install/tvm_utility/share/tvm_utility/cmake/tvm_utilityConfig-version.cmake
-- Up-to-date symlink: /home/cityu/autoware/install/tvm_utility/share/tvm_utility/package.xml
-- Up-to-date: /home/cityu/autoware/install/tvm_utility/share/tvm_utility/models//yolo_v2_tiny
-- Up-to-date: /home/cityu/autoware/install/tvm_utility/share/tvm_utility/models//yolo_v2_tiny/deploy_graph.json
-- Up-to-date: /home/cityu/autoware/install/tvm_utility/share/tvm_utility/models//yolo_v2_tiny/deploy_lib.so
-- Up-to-date: /home/cityu/autoware/install/tvm_utility/share/tvm_utility/models//yolo_v2_tiny/deploy_param.params
-- Up-to-date: /home/cityu/autoware/install/tvm_utility/share/tvm_utility/models//yolo_v2_tiny/inference_engine_tvm_config.hpp
