[0.222s] Invoking command in '/home/cityu/autoware/build/ndt_omp': CMAKE_PREFIX_PATH=/opt/ros/galactic /usr/bin/cmake --build /home/cityu/autoware/build/ndt_omp -- -j16 -l16
[0.285s] [100%] Built target ndt_omp
[0.457s] Invoked command in '/home/cityu/autoware/build/ndt_omp' returned '0': CMAKE_PREFIX_PATH=/opt/ros/galactic /usr/bin/cmake --build /home/cityu/autoware/build/ndt_omp -- -j16 -l16
[0.696s] Invoking command in '/home/cityu/autoware/build/ndt_omp': CMAKE_PREFIX_PATH=/opt/ros/galactic /usr/bin/cmake --install /home/cityu/autoware/build/ndt_omp
[0.709s] -- Install configuration: "RELEASE"
[0.709s] -- Execute custom install script
[0.709s] -- Up-to-date symlink: /home/cityu/autoware/install/ndt_omp/include/pclomp/gicp_omp.h
[0.709s] -- Up-to-date symlink: /home/cityu/autoware/install/ndt_omp/include/pclomp/gicp_omp_impl.hpp
[0.709s] -- Up-to-date symlink: /home/cityu/autoware/install/ndt_omp/include/pclomp/ndt_omp.h
[0.710s] -- Up-to-date symlink: /home/cityu/autoware/install/ndt_omp/include/pclomp/ndt_omp_impl.hpp
[0.710s] -- Up-to-date symlink: /home/cityu/autoware/install/ndt_omp/include/pclomp/voxel_grid_covariance_omp.h
[0.710s] -- Up-to-date symlink: /home/cityu/autoware/install/ndt_omp/include/pclomp/voxel_grid_covariance_omp_impl.hpp
[0.710s] -- Up-to-date symlink: /home/cityu/autoware/install/ndt_omp/share/ndt_omp/environment/library_path.sh
[0.710s] -- Up-to-date symlink: /home/cityu/autoware/install/ndt_omp/share/ndt_omp/environment/library_path.dsv
[0.710s] -- Up-to-date symlink: /home/cityu/autoware/install/ndt_omp/lib/libndt_omp.so
[0.710s] -- Up-to-date symlink: /home/cityu/autoware/install/ndt_omp/share/ament_index/resource_index/package_run_dependencies/ndt_omp
[0.710s] -- Up-to-date symlink: /home/cityu/autoware/install/ndt_omp/share/ament_index/resource_index/parent_prefix_path/ndt_omp
[0.710s] -- Up-to-date symlink: /home/cityu/autoware/install/ndt_omp/share/ndt_omp/environment/ament_prefix_path.sh
[0.710s] -- Up-to-date symlink: /home/cityu/autoware/install/ndt_omp/share/ndt_omp/environment/ament_prefix_path.dsv
[0.710s] -- Up-to-date symlink: /home/cityu/autoware/install/ndt_omp/share/ndt_omp/environment/path.sh
[0.710s] -- Up-to-date symlink: /home/cityu/autoware/install/ndt_omp/share/ndt_omp/environment/path.dsv
[0.710s] -- Up-to-date symlink: /home/cityu/autoware/install/ndt_omp/share/ndt_omp/local_setup.bash
[0.711s] -- Up-to-date symlink: /home/cityu/autoware/install/ndt_omp/share/ndt_omp/local_setup.sh
[0.711s] -- Up-to-date symlink: /home/cityu/autoware/install/ndt_omp/share/ndt_omp/local_setup.zsh
[0.711s] -- Up-to-date symlink: /home/cityu/autoware/install/ndt_omp/share/ndt_omp/local_setup.dsv
[0.711s] -- Symlinking: /home/cityu/autoware/install/ndt_omp/share/ndt_omp/package.dsv
[0.715s] -- Up-to-date symlink: /home/cityu/autoware/install/ndt_omp/share/ament_index/resource_index/packages/ndt_omp
[0.715s] -- Up-to-date symlink: /home/cityu/autoware/install/ndt_omp/share/ndt_omp/cmake/ament_cmake_export_include_directories-extras.cmake
[0.716s] -- Up-to-date symlink: /home/cityu/autoware/install/ndt_omp/share/ndt_omp/cmake/ament_cmake_export_libraries-extras.cmake
[0.716s] -- Up-to-date symlink: /home/cityu/autoware/install/ndt_omp/share/ndt_omp/cmake/ndt_ompConfig.cmake
[0.719s] -- Up-to-date symlink: /home/cityu/autoware/install/ndt_omp/share/ndt_omp/cmake/ndt_ompConfig-version.cmake
[0.719s] -- Up-to-date symlink: /home/cityu/autoware/install/ndt_omp/share/ndt_omp/package.xml
[0.924s] Invoked command in '/home/cityu/autoware/build/ndt_omp' returned '0': CMAKE_PREFIX_PATH=/opt/ros/galactic /usr/bin/cmake --install /home/cityu/autoware/build/ndt_omp
