[0.139s] Invoking command in '/home/cityu/autoware/build/tier4_simulated_clock_rviz_plugin': AMENT_PREFIX_PATH=/home/cityu/autoware/install/autoware_cmake:/home/cityu/autoware/install/autoware_lint_common:${AMENT_PREFIX_PATH} CMAKE_PREFIX_PATH=/home/cityu/autoware/install/autoware_cmake:/home/cityu/autoware/install/autoware_lint_common:/opt/ros/galactic /usr/bin/cmake /home/cityu/autoware/src/universe/autoware.universe/common/tier4_simulated_clock_rviz_plugin -DCMAKE_BUILD_TYPE=Release -DAMENT_CMAKE_SYMLINK_INSTALL=1 -DCMAKE_INSTALL_PREFIX=/home/cityu/autoware/install/tier4_simulated_clock_rviz_plugin
[17.160s] -- The C compiler identification is GNU 9.4.0
[17.160s] -- The CXX compiler identification is GNU 9.4.0
[17.160s] -- Check for working C compiler: /usr/bin/cc
[17.160s] -- Check for working C compiler: /usr/bin/cc -- works
[17.160s] -- Detecting C compiler ABI info
[17.160s] -- Detecting C compiler ABI info - done
[17.160s] -- Detecting C compile features
[17.160s] -- Detecting C compile features - done
[17.161s] -- Check for working CXX compiler: /usr/bin/c++
[17.161s] -- Check for working CXX compiler: /usr/bin/c++ -- works
[17.161s] -- Detecting CXX compiler ABI info
[17.161s] -- Detecting CXX compiler ABI info - done
[17.161s] -- Detecting CXX compile features
[17.161s] -- Detecting CXX compile features - done
[17.161s] -- Found autoware_cmake: 0.1.0 (/home/cityu/autoware/install/autoware_cmake/share/autoware_cmake/cmake)
[17.161s] -- Found ament_cmake_auto: 1.1.6 (/opt/ros/galactic/share/ament_cmake_auto/cmake)
[17.161s] -- Found PythonInterp: /usr/bin/python3 (found suitable version "3.8.10", minimum required is "3") 
[17.162s] -- Using PYTHON_EXECUTABLE: /usr/bin/python3
[17.162s] -- Override CMake install command with custom implementation using symlinks instead of copying resources
[17.162s] -- Using all available rosidl_typesupport_c: rosidl_typesupport_fastrtps_c;rosidl_typesupport_introspection_c
[17.162s] -- Found rosidl_adapter: 2.2.3 (/opt/ros/galactic/share/rosidl_adapter/cmake)
[17.162s] -- Found OpenSSL: /usr/lib/x86_64-linux-gnu/libcrypto.so (found version "1.1.1f")  
[17.162s] -- Found FastRTPS: /opt/ros/galactic/include  
[17.162s] -- Using all available rosidl_typesupport_cpp: rosidl_typesupport_fastrtps_cpp;rosidl_typesupport_introspection_cpp
[17.162s] -- Found rmw_implementation_cmake: 3.3.1 (/opt/ros/galactic/share/rmw_implementation_cmake/cmake)
[17.162s] -- Found rmw_cyclonedds_cpp: 0.22.6 (/opt/ros/galactic/share/rmw_cyclonedds_cpp/cmake)
[17.163s] -- Using RMW implementation 'rmw_cyclonedds_cpp' as default
[17.163s] -- Looking for pthread.h
[17.163s] -- Looking for pthread.h - found
[17.163s] -- Performing Test CMAKE_HAVE_LIBC_PTHREAD
[17.163s] -- Performing Test CMAKE_HAVE_LIBC_PTHREAD - Failed
[17.163s] -- Looking for pthread_create in pthreads
[17.163s] -- Looking for pthread_create in pthreads - not found
[17.163s] -- Looking for pthread_create in pthread
[17.163s] -- Looking for pthread_create in pthread - found
[17.164s] -- Found Threads: TRUE  
[17.164s] -- Setting OGRE_DIR to: '/opt/ros/galactic/share/rviz_ogre_vendor/cmake/../../../opt/rviz_ogre_vendor/lib/OGRE/cmake'
[17.164s] -- Found OGRE
[17.164s] --   static     : OFF
[17.164s] --   components : HLMS;MeshLodGenerator;Overlay;Paging;Property;RTShaderSystem;Terrain;Volume
[17.164s] --   plugins    : Plugin_BSPSceneManager;Plugin_OctreeSceneManager;Plugin_PCZSceneManager;Plugin_ParticleFX;RenderSystem_GL;RenderSystem_GL3Plus;Codec_STBI
[17.164s] --   media      : /opt/ros/galactic/opt/rviz_ogre_vendor/share/OGRE/Media
[17.164s] -- OGRE_LIBRARIES: OgreHLMS;OgreMeshLodGenerator;OgreOverlay;OgrePaging;OgreProperty;OgreRTShaderSystem;OgreTerrain;OgreVolume;OgreMain
[17.164s] -- OGRE_LIBRARY_DIRS: /opt/ros/galactic/opt/rviz_ogre_vendor/lib
[17.165s] -- OGRE_PLUGINS: Plugin_BSPSceneManager;Plugin_OctreeSceneManager;Plugin_PCZSceneManager;Plugin_ParticleFX;RenderSystem_GL;RenderSystem_GL3Plus;Codec_STBI
[17.165s] -- OGRE_PLUGIN_DIR: /opt/ros/galactic/opt/rviz_ogre_vendor/lib/OGRE
[17.165s] -- rviz_ogre_vendor::OgreOverlay for IMPORTED_LOCATION_RELEASE: /opt/ros/galactic/opt/rviz_ogre_vendor/lib/libOgreOverlay.so
[17.165s] -- rviz_ogre_vendor::OgreOverlay for IMPORTED_LOCATION_DEBUG: /opt/ros/galactic/opt/rviz_ogre_vendor/lib/libOgreOverlay.so
[17.165s] -- rviz_ogre_vendor::OgreMain for IMPORTED_LOCATION_RELEASE: /opt/ros/galactic/opt/rviz_ogre_vendor/lib/libOgreMain.so
[17.165s] -- rviz_ogre_vendor::OgreMain for IMPORTED_LOCATION_DEBUG: /opt/ros/galactic/opt/rviz_ogre_vendor/lib/libOgreMain.so
[17.165s] -- Could not find freeimage library
[17.165s] -- Found ZLIB: /usr/lib/x86_64-linux-gnu/libz.so (found version "1.2.11") 
[17.165s] -- Found OpenGL: /usr/lib/x86_64-linux-gnu/libOpenGL.so   
[17.166s] -- Found X11: /usr/include   
[17.166s] -- Looking for XOpenDisplay in /usr/lib/x86_64-linux-gnu/libX11.so;/usr/lib/x86_64-linux-gnu/libXext.so
[17.166s] -- Looking for XOpenDisplay in /usr/lib/x86_64-linux-gnu/libX11.so;/usr/lib/x86_64-linux-gnu/libXext.so - found
[17.166s] -- Looking for gethostbyname
[17.166s] -- Looking for gethostbyname - found
[17.166s] -- Looking for connect
[17.166s] -- Looking for connect - found
[17.166s] -- Looking for remove
[17.166s] -- Looking for remove - found
[17.166s] -- Looking for shmat
[17.167s] -- Looking for shmat - found
[17.167s] -- Looking for IceConnectionNumber in ICE
[17.167s] -- Looking for IceConnectionNumber in ICE - found
[17.167s] -- rviz_ogre_vendor::RenderSystem_GL for IMPORTED_LOCATION_RELEASE: _render_system_gl_static_library_abs-NOTFOUND
[17.167s] -- rviz_ogre_vendor::RenderSystem_GL for IMPORTED_LOCATION_DEBUG: _render_system_gl_static_library_abs-NOTFOUND
[17.167s] -- library: libassimp.so.5
[17.167s] -- library: /usr/lib/x86_64-linux-gnu/libcurl.so
[17.167s] -- Found Eigen3: TRUE (found version "3.3.7") 
[17.167s] -- Found ament_lint_auto: 0.10.7 (/opt/ros/galactic/share/ament_lint_auto/cmake)
[17.168s] -- Added test 'copyright' to check source files copyright and LICENSE
[17.168s] -- Added test 'cppcheck' to perform static code analysis on C / C++ code
[17.168s] -- Configured cppcheck include dirs: 
[17.168s] -- Configured cppcheck exclude dirs and/or files: 
[17.168s] -- Added test 'lint_cmake' to check CMake code style
[17.168s] -- Added test 'xmllint' to check XML markup files
[17.168s] -- Configuring done
[17.168s] -- Generating done
[17.168s] -- Build files have been written to: /home/cityu/autoware/build/tier4_simulated_clock_rviz_plugin
[17.241s] Invoked command in '/home/cityu/autoware/build/tier4_simulated_clock_rviz_plugin' returned '0': AMENT_PREFIX_PATH=/home/cityu/autoware/install/autoware_cmake:/home/cityu/autoware/install/autoware_lint_common:${AMENT_PREFIX_PATH} CMAKE_PREFIX_PATH=/home/cityu/autoware/install/autoware_cmake:/home/cityu/autoware/install/autoware_lint_common:/opt/ros/galactic /usr/bin/cmake /home/cityu/autoware/src/universe/autoware.universe/common/tier4_simulated_clock_rviz_plugin -DCMAKE_BUILD_TYPE=Release -DAMENT_CMAKE_SYMLINK_INSTALL=1 -DCMAKE_INSTALL_PREFIX=/home/cityu/autoware/install/tier4_simulated_clock_rviz_plugin
[17.250s] Invoking command in '/home/cityu/autoware/build/tier4_simulated_clock_rviz_plugin': AMENT_PREFIX_PATH=/home/cityu/autoware/install/autoware_cmake:/home/cityu/autoware/install/autoware_lint_common:${AMENT_PREFIX_PATH} CMAKE_PREFIX_PATH=/home/cityu/autoware/install/autoware_cmake:/home/cityu/autoware/install/autoware_lint_common:/opt/ros/galactic /usr/bin/cmake --build /home/cityu/autoware/build/tier4_simulated_clock_rviz_plugin -- -j16 -l16
[17.371s] [35m[1mScanning dependencies of target tier4_simulated_clock_rviz_plugin_autogen[0m
[17.377s] [ 25%] [34m[1mAutomatic MOC for target tier4_simulated_clock_rviz_plugin[0m
[17.928s] [ 25%] Built target tier4_simulated_clock_rviz_plugin_autogen
[17.950s] [35m[1mScanning dependencies of target tier4_simulated_clock_rviz_plugin[0m
[18.071s] [ 50%] [32mBuilding CXX object CMakeFiles/tier4_simulated_clock_rviz_plugin.dir/tier4_simulated_clock_rviz_plugin_autogen/mocs_compilation.cpp.o[0m
[24.911s] [ 75%] [32mBuilding CXX object CMakeFiles/tier4_simulated_clock_rviz_plugin.dir/src/simulated_clock_panel.cpp.o[0m
[37.252s] [100%] [32m[1mLinking CXX shared library libtier4_simulated_clock_rviz_plugin.so[0m
[40.807s] [100%] Built target tier4_simulated_clock_rviz_plugin
[40.829s] Invoked command in '/home/cityu/autoware/build/tier4_simulated_clock_rviz_plugin' returned '0': AMENT_PREFIX_PATH=/home/cityu/autoware/install/autoware_cmake:/home/cityu/autoware/install/autoware_lint_common:${AMENT_PREFIX_PATH} CMAKE_PREFIX_PATH=/home/cityu/autoware/install/autoware_cmake:/home/cityu/autoware/install/autoware_lint_common:/opt/ros/galactic /usr/bin/cmake --build /home/cityu/autoware/build/tier4_simulated_clock_rviz_plugin -- -j16 -l16
[40.868s] Invoking command in '/home/cityu/autoware/build/tier4_simulated_clock_rviz_plugin': AMENT_PREFIX_PATH=/home/cityu/autoware/install/autoware_cmake:/home/cityu/autoware/install/autoware_lint_common:${AMENT_PREFIX_PATH} CMAKE_PREFIX_PATH=/home/cityu/autoware/install/autoware_cmake:/home/cityu/autoware/install/autoware_lint_common:/opt/ros/galactic /usr/bin/cmake --install /home/cityu/autoware/build/tier4_simulated_clock_rviz_plugin
[51.727s] -- Install configuration: "Release"
[51.727s] -- Execute custom install script
[51.728s] -- Symlinking: /home/cityu/autoware/install/tier4_simulated_clock_rviz_plugin/share/tier4_simulated_clock_rviz_plugin/plugins/plugin_description.xml
[51.728s] -- Symlinking: /home/cityu/autoware/install/tier4_simulated_clock_rviz_plugin/share/tier4_simulated_clock_rviz_plugin/environment/library_path.sh
[51.728s] -- Symlinking: /home/cityu/autoware/install/tier4_simulated_clock_rviz_plugin/share/tier4_simulated_clock_rviz_plugin/environment/library_path.dsv
[51.728s] -- Symlinking: /home/cityu/autoware/install/tier4_simulated_clock_rviz_plugin/lib/libtier4_simulated_clock_rviz_plugin.so
[51.728s] -- Symlinking: /home/cityu/autoware/install/tier4_simulated_clock_rviz_plugin/share/tier4_simulated_clock_rviz_plugin/icons/classes/SimulatedClockPanel.png
[51.728s] -- Up-to-date symlink: /home/cityu/autoware/install/tier4_simulated_clock_rviz_plugin/share/tier4_simulated_clock_rviz_plugin/plugins/plugin_description.xml
[51.728s] -- Symlinking: /home/cityu/autoware/install/tier4_simulated_clock_rviz_plugin/share/ament_index/resource_index/package_run_dependencies/tier4_simulated_clock_rviz_plugin
[51.728s] -- Symlinking: /home/cityu/autoware/install/tier4_simulated_clock_rviz_plugin/share/ament_index/resource_index/parent_prefix_path/tier4_simulated_clock_rviz_plugin
[51.728s] -- Symlinking: /home/cityu/autoware/install/tier4_simulated_clock_rviz_plugin/share/tier4_simulated_clock_rviz_plugin/environment/ament_prefix_path.sh
[51.728s] -- Symlinking: /home/cityu/autoware/install/tier4_simulated_clock_rviz_plugin/share/tier4_simulated_clock_rviz_plugin/environment/ament_prefix_path.dsv
[51.728s] -- Symlinking: /home/cityu/autoware/install/tier4_simulated_clock_rviz_plugin/share/tier4_simulated_clock_rviz_plugin/environment/path.sh
[51.729s] -- Symlinking: /home/cityu/autoware/install/tier4_simulated_clock_rviz_plugin/share/tier4_simulated_clock_rviz_plugin/environment/path.dsv
[51.729s] -- Symlinking: /home/cityu/autoware/install/tier4_simulated_clock_rviz_plugin/share/tier4_simulated_clock_rviz_plugin/local_setup.bash
[51.729s] -- Symlinking: /home/cityu/autoware/install/tier4_simulated_clock_rviz_plugin/share/tier4_simulated_clock_rviz_plugin/local_setup.sh
[51.729s] -- Symlinking: /home/cityu/autoware/install/tier4_simulated_clock_rviz_plugin/share/tier4_simulated_clock_rviz_plugin/local_setup.zsh
[51.729s] -- Symlinking: /home/cityu/autoware/install/tier4_simulated_clock_rviz_plugin/share/tier4_simulated_clock_rviz_plugin/local_setup.dsv
[51.729s] -- Symlinking: /home/cityu/autoware/install/tier4_simulated_clock_rviz_plugin/share/tier4_simulated_clock_rviz_plugin/package.dsv
[51.729s] -- Symlinking: /home/cityu/autoware/install/tier4_simulated_clock_rviz_plugin/share/ament_index/resource_index/packages/tier4_simulated_clock_rviz_plugin
[51.729s] -- Symlinking: /home/cityu/autoware/install/tier4_simulated_clock_rviz_plugin/share/ament_index/resource_index/rviz_common__pluginlib__plugin/tier4_simulated_clock_rviz_plugin
[51.729s] -- Symlinking: /home/cityu/autoware/install/tier4_simulated_clock_rviz_plugin/share/tier4_simulated_clock_rviz_plugin/cmake/ament_cmake_export_dependencies-extras.cmake
[51.729s] -- Symlinking: /home/cityu/autoware/install/tier4_simulated_clock_rviz_plugin/share/tier4_simulated_clock_rviz_plugin/cmake/ament_cmake_export_libraries-extras.cmake
[51.729s] -- Symlinking: /home/cityu/autoware/install/tier4_simulated_clock_rviz_plugin/share/tier4_simulated_clock_rviz_plugin/cmake/tier4_simulated_clock_rviz_pluginConfig.cmake
[51.729s] -- Symlinking: /home/cityu/autoware/install/tier4_simulated_clock_rviz_plugin/share/tier4_simulated_clock_rviz_plugin/cmake/tier4_simulated_clock_rviz_pluginConfig-version.cmake
[51.730s] -- Symlinking: /home/cityu/autoware/install/tier4_simulated_clock_rviz_plugin/share/tier4_simulated_clock_rviz_plugin/package.xml
[51.798s] Invoked command in '/home/cityu/autoware/build/tier4_simulated_clock_rviz_plugin' returned '0': AMENT_PREFIX_PATH=/home/cityu/autoware/install/autoware_cmake:/home/cityu/autoware/install/autoware_lint_common:${AMENT_PREFIX_PATH} CMAKE_PREFIX_PATH=/home/cityu/autoware/install/autoware_cmake:/home/cityu/autoware/install/autoware_lint_common:/opt/ros/galactic /usr/bin/cmake --install /home/cityu/autoware/build/tier4_simulated_clock_rviz_plugin
