[ 10%] Built target gtest
[ 21%] Built target gtest_main
[ 52%] Built target grid_map_pcl
[ 63%] Built target grid_map_pcl_loader_node
[100%] Built target grid_map_pcl-test
-- Install configuration: "Release"
-- Execute custom install script
-- Up-to-date symlink: /home/cityu/autoware/install/grid_map_pcl/lib/libgrid_map_pcl.so
-- Up-to-date symlink: /home/cityu/autoware/install/grid_map_pcl/lib/grid_map_pcl/grid_map_pcl_loader_node
-- Up-to-date symlink: /home/cityu/autoware/install/grid_map_pcl/share/grid_map_pcl/config/parameters.yaml
-- Up-to-date symlink: /home/cityu/autoware/install/grid_map_pcl/share/grid_map_pcl/launch/grid_map_pcl_loader_launch.py
-- Up-to-date symlink: /home/cityu/autoware/install/grid_map_pcl/share/grid_map_pcl/test_data//parameters.yaml
-- Up-to-date symlink: /home/cityu/autoware/install/grid_map_pcl/share/grid_map_pcl/test_data//plane_noisy.pcd
-- Up-to-date symlink: /home/cityu/autoware/install/grid_map_pcl/share/grid_map_pcl/environment/library_path.sh
-- Up-to-date symlink: /home/cityu/autoware/install/grid_map_pcl/share/grid_map_pcl/environment/library_path.dsv
-- Up-to-date symlink: /home/cityu/autoware/install/grid_map_pcl/share/ament_index/resource_index/package_run_dependencies/grid_map_pcl
-- Up-to-date symlink: /home/cityu/autoware/install/grid_map_pcl/share/ament_index/resource_index/parent_prefix_path/grid_map_pcl
-- Up-to-date symlink: /home/cityu/autoware/install/grid_map_pcl/share/grid_map_pcl/environment/ament_prefix_path.sh
-- Up-to-date symlink: /home/cityu/autoware/install/grid_map_pcl/share/grid_map_pcl/environment/ament_prefix_path.dsv
-- Up-to-date symlink: /home/cityu/autoware/install/grid_map_pcl/share/grid_map_pcl/environment/path.sh
-- Up-to-date symlink: /home/cityu/autoware/install/grid_map_pcl/share/grid_map_pcl/environment/path.dsv
-- Up-to-date symlink: /home/cityu/autoware/install/grid_map_pcl/share/grid_map_pcl/local_setup.bash
-- Up-to-date symlink: /home/cityu/autoware/install/grid_map_pcl/share/grid_map_pcl/local_setup.sh
-- Up-to-date symlink: /home/cityu/autoware/install/grid_map_pcl/share/grid_map_pcl/local_setup.zsh
-- Up-to-date symlink: /home/cityu/autoware/install/grid_map_pcl/share/grid_map_pcl/local_setup.dsv
-- Symlinking: /home/cityu/autoware/install/grid_map_pcl/share/grid_map_pcl/package.dsv
-- Up-to-date symlink: /home/cityu/autoware/install/grid_map_pcl/share/ament_index/resource_index/packages/grid_map_pcl
-- Up-to-date symlink: /home/cityu/autoware/install/grid_map_pcl/share/grid_map_pcl/cmake/ament_cmake_export_include_directories-extras.cmake
-- Up-to-date symlink: /home/cityu/autoware/install/grid_map_pcl/share/grid_map_pcl/cmake/ament_cmake_export_libraries-extras.cmake
-- Up-to-date symlink: /home/cityu/autoware/install/grid_map_pcl/share/grid_map_pcl/cmake/grid_map_pclConfig.cmake
-- Up-to-date symlink: /home/cityu/autoware/install/grid_map_pcl/share/grid_map_pcl/cmake/grid_map_pclConfig-version.cmake
-- Up-to-date symlink: /home/cityu/autoware/install/grid_map_pcl/share/grid_map_pcl/package.xml
-- Up-to-date: /home/cityu/autoware/install/grid_map_pcl/include/grid_map_pcl
-- Up-to-date: /home/cityu/autoware/install/grid_map_pcl/include/grid_map_pcl/helpers.hpp
-- Up-to-date: /home/cityu/autoware/install/grid_map_pcl/include/grid_map_pcl/GridMapPclConverter.hpp
-- Up-to-date: /home/cityu/autoware/install/grid_map_pcl/include/grid_map_pcl/GridMapPclLoader.hpp
-- Up-to-date: /home/cityu/autoware/install/grid_map_pcl/include/grid_map_pcl/PclLoaderParameters.hpp
-- Up-to-date: /home/cityu/autoware/install/grid_map_pcl/include/grid_map_pcl/PointcloudProcessor.hpp
-- Up-to-date: /home/cityu/autoware/install/grid_map_pcl/include/grid_map_pcl/grid_map_pcl.hpp
