[0.113s] Invoking command in '/home/cityu/autoware/build/autoware_common_msgs': CMAKE_PREFIX_PATH=/opt/ros/galactic /usr/bin/cmake /home/cityu/autoware/src/core/autoware_msgs/autoware_common_msgs -DCMAKE_BUILD_TYPE=Release -DAMENT_CMAKE_SYMLINK_INSTALL=1 -DCMAKE_INSTALL_PREFIX=/home/cityu/autoware/install/autoware_common_msgs
[0.395s] -- The C compiler identification is GNU 9.4.0
[0.637s] -- The CXX compiler identification is GNU 9.4.0
[0.640s] -- Check for working C compiler: /usr/bin/cc
[0.789s] -- Check for working C compiler: /usr/bin/cc -- works
[0.790s] -- Detecting C compiler ABI info
[0.932s] -- Detecting C compiler ABI info - done
[0.951s] -- Detecting C compile features
[0.951s] -- Detecting C compile features - done
[0.955s] -- Check for working CXX compiler: /usr/bin/c++
[1.094s] -- Check for working CXX compiler: /usr/bin/c++ -- works
[1.102s] -- Detecting CXX compiler ABI info
[1.263s] -- Detecting CXX compiler ABI info - done
[1.283s] -- Detecting CXX compile features
[1.284s] -- Detecting CXX compile features - done
[1.286s] -- Found ament_cmake_auto: 1.1.6 (/opt/ros/galactic/share/ament_cmake_auto/cmake)
[1.334s] -- Found PythonInterp: /usr/bin/python3 (found suitable version "3.8.10", minimum required is "3") 
[1.335s] -- Using PYTHON_EXECUTABLE: /usr/bin/python3
[1.457s] -- Override CMake install command with custom implementation using symlinks instead of copying resources
[1.588s] -- Using all available rosidl_typesupport_c: rosidl_typesupport_fastrtps_c;rosidl_typesupport_introspection_c
[1.596s] -- Found rosidl_adapter: 2.2.3 (/opt/ros/galactic/share/rosidl_adapter/cmake)
[1.716s] -- Found OpenSSL: /usr/lib/x86_64-linux-gnu/libcrypto.so (found version "1.1.1f")  
[1.756s] -- Found FastRTPS: /opt/ros/galactic/include  
[1.864s] -- Using all available rosidl_typesupport_cpp: rosidl_typesupport_fastrtps_cpp;rosidl_typesupport_introspection_cpp
[1.933s] -- Found PythonInterp: /usr/bin/python3 (found version "3.8.10") 
[2.024s] -- Found ament_cmake_ros: 0.9.2 (/opt/ros/galactic/share/ament_cmake_ros/cmake)
[2.157s] -- Using all available rosidl_typesupport_c: rosidl_typesupport_fastrtps_c;rosidl_typesupport_introspection_c
[2.168s] -- Using all available rosidl_typesupport_cpp: rosidl_typesupport_fastrtps_cpp;rosidl_typesupport_introspection_cpp
[2.192s] -- Found PythonInterp: /usr/bin/python3 (found suitable version "3.8.10", minimum required is "3.5") 
[2.193s] -- Found python_cmake_module: 0.8.1 (/opt/ros/galactic/share/python_cmake_module/cmake)
[2.223s] -- Found PythonLibs: /usr/lib/x86_64-linux-gnu/libpython3.8.so (found suitable version "3.8.10", minimum required is "3.5") 
[2.223s] -- Using PYTHON_EXECUTABLE: /usr/bin/python3
[2.223s] -- Using PYTHON_INCLUDE_DIRS: /usr/include/python3.8
[2.224s] -- Using PYTHON_LIBRARIES: /usr/lib/x86_64-linux-gnu/libpython3.8.so
[2.254s] -- Found PythonExtra: .so  
[2.474s] -- Configuring done
[2.502s] -- Generating done
[2.504s] -- Build files have been written to: /home/cityu/autoware/build/autoware_common_msgs
[2.519s] Invoked command in '/home/cityu/autoware/build/autoware_common_msgs' returned '0': CMAKE_PREFIX_PATH=/opt/ros/galactic /usr/bin/cmake /home/cityu/autoware/src/core/autoware_msgs/autoware_common_msgs -DCMAKE_BUILD_TYPE=Release -DAMENT_CMAKE_SYMLINK_INSTALL=1 -DCMAKE_INSTALL_PREFIX=/home/cityu/autoware/install/autoware_common_msgs
[2.519s] Invoking command in '/home/cityu/autoware/build/autoware_common_msgs': CMAKE_PREFIX_PATH=/opt/ros/galactic /usr/bin/cmake --build /home/cityu/autoware/build/autoware_common_msgs -- -j16 -l16
[2.868s] [35m[1mScanning dependencies of target autoware_common_msgs__cpp[0m
[2.872s] [  3%] [34m[1mGenerating C code for ROS interfaces[0m
[2.872s] [  6%] [34m[1mGenerating C++ code for ROS interfaces[0m
[3.051s] [35m[1mScanning dependencies of target autoware_common_msgs__rosidl_generator_c[0m
[3.091s] [  9%] [32mBuilding C object CMakeFiles/autoware_common_msgs__rosidl_generator_c.dir/rosidl_generator_c/autoware_common_msgs/msg/detail/response_status__functions.c.o[0m
[3.118s] [  9%] Built target autoware_common_msgs__cpp
[3.147s] [ 12%] [34m[1mGenerating C++ type support dispatch for ROS interfaces[0m
[3.186s] [ 16%] [34m[1mGenerating C++ introspection for ROS interfaces[0m
[3.188s] [ 19%] [34m[1mGenerating C++ type support for eProsima Fast-RTPS[0m
[3.393s] [ 22%] [32m[1mLinking C shared library libautoware_common_msgs__rosidl_generator_c.so[0m
[3.561s] [ 22%] Built target autoware_common_msgs__rosidl_generator_c
[3.637s] [ 25%] [34m[1mGenerating C type support dispatch for ROS interfaces[0m
[3.637s] [ 29%] [34m[1mGenerating C introspection for ROS interfaces[0m
[3.837s] [35m[1mScanning dependencies of target autoware_common_msgs__rosidl_typesupport_cpp[0m
[3.880s] [35m[1mScanning dependencies of target autoware_common_msgs__rosidl_typesupport_introspection_cpp[0m
[3.915s] [ 32%] [32mBuilding CXX object CMakeFiles/autoware_common_msgs__rosidl_typesupport_cpp.dir/rosidl_typesupport_cpp/autoware_common_msgs/msg/response_status__type_support.cpp.o[0m
[3.970s] [ 35%] [32mBuilding CXX object CMakeFiles/autoware_common_msgs__rosidl_typesupport_introspection_cpp.dir/rosidl_typesupport_introspection_cpp/autoware_common_msgs/msg/detail/response_status__type_support.cpp.o[0m
[4.032s] [35m[1mScanning dependencies of target autoware_common_msgs__rosidl_typesupport_fastrtps_cpp[0m
[4.117s] [ 38%] [32mBuilding CXX object CMakeFiles/autoware_common_msgs__rosidl_typesupport_fastrtps_cpp.dir/rosidl_typesupport_fastrtps_cpp/autoware_common_msgs/msg/detail/dds_fastrtps/response_status__type_support.cpp.o[0m
[4.385s] [35m[1mScanning dependencies of target autoware_common_msgs__rosidl_typesupport_c[0m
[4.510s] [ 41%] [32mBuilding CXX object CMakeFiles/autoware_common_msgs__rosidl_typesupport_c.dir/rosidl_typesupport_c/autoware_common_msgs/msg/response_status__type_support.cpp.o[0m
[4.721s] [ 45%] [32m[1mLinking CXX shared library libautoware_common_msgs__rosidl_typesupport_c.so[0m
[4.783s] [35m[1mScanning dependencies of target autoware_common_msgs__rosidl_typesupport_introspection_c[0m
[4.889s] [ 48%] [32mBuilding C object CMakeFiles/autoware_common_msgs__rosidl_typesupport_introspection_c.dir/rosidl_typesupport_introspection_c/autoware_common_msgs/msg/detail/response_status__type_support.c.o[0m
[4.893s] [ 48%] Built target autoware_common_msgs__rosidl_typesupport_c
[5.097s] [ 51%] [32m[1mLinking C shared library libautoware_common_msgs__rosidl_typesupport_introspection_c.so[0m
[5.226s] [ 54%] [32m[1mLinking CXX shared library libautoware_common_msgs__rosidl_typesupport_cpp.so[0m
[5.298s] [ 54%] Built target autoware_common_msgs__rosidl_typesupport_introspection_c
[5.463s] [ 58%] [32m[1mLinking CXX shared library libautoware_common_msgs__rosidl_typesupport_introspection_cpp.so[0m
[5.555s] [ 58%] Built target autoware_common_msgs__rosidl_typesupport_cpp
[6.202s] [ 58%] Built target autoware_common_msgs__rosidl_typesupport_introspection_cpp
[6.223s] [ 61%] [32m[1mLinking CXX shared library libautoware_common_msgs__rosidl_typesupport_fastrtps_cpp.so[0m
[7.359s] [ 61%] Built target autoware_common_msgs__rosidl_typesupport_fastrtps_cpp
[7.444s] [ 64%] [34m[1mGenerating C type support for eProsima Fast-RTPS[0m
[10.492s] [35m[1mScanning dependencies of target autoware_common_msgs__rosidl_typesupport_fastrtps_c[0m
[10.652s] [ 67%] [32mBuilding CXX object CMakeFiles/autoware_common_msgs__rosidl_typesupport_fastrtps_c.dir/rosidl_typesupport_fastrtps_c/autoware_common_msgs/msg/detail/response_status__type_support_c.cpp.o[0m
[14.590s] [ 70%] [32m[1mLinking CXX shared library libautoware_common_msgs__rosidl_typesupport_fastrtps_c.so[0m
[15.414s] [ 70%] Built target autoware_common_msgs__rosidl_typesupport_fastrtps_c
[15.514s] [35m[1mScanning dependencies of target autoware_common_msgs[0m
[15.661s] [ 70%] Built target autoware_common_msgs
[15.769s] [35m[1mScanning dependencies of target autoware_common_msgs__py[0m
[15.910s] [ 74%] [34m[1mGenerating Python code for ROS interfaces[0m
[18.846s] [ 74%] Built target autoware_common_msgs__py
[18.882s] [35m[1mScanning dependencies of target autoware_common_msgs__python[0m
[18.963s] [ 77%] [32mBuilding C object CMakeFiles/autoware_common_msgs__python.dir/rosidl_generator_py/autoware_common_msgs/msg/_response_status_s.c.o[0m
[19.249s] [ 80%] [32m[1mLinking C shared library rosidl_generator_py/autoware_common_msgs/libautoware_common_msgs__python.so[0m
[19.319s] [ 80%] Built target autoware_common_msgs__python
[19.348s] [35m[1mScanning dependencies of target autoware_common_msgs__rosidl_typesupport_introspection_c__pyext[0m
[19.388s] [ 83%] [32mBuilding C object CMakeFiles/autoware_common_msgs__rosidl_typesupport_introspection_c__pyext.dir/rosidl_generator_py/autoware_common_msgs/_autoware_common_msgs_s.ep.rosidl_typesupport_introspection_c.c.o[0m
[19.547s] [ 87%] [32m[1mLinking C shared library rosidl_generator_py/autoware_common_msgs/autoware_common_msgs_s__rosidl_typesupport_introspection_c.cpython-38-x86_64-linux-gnu.so[0m
[19.594s] [ 87%] Built target autoware_common_msgs__rosidl_typesupport_introspection_c__pyext
[19.607s] [35m[1mScanning dependencies of target autoware_common_msgs__rosidl_typesupport_c__pyext[0m
[19.636s] [ 90%] [32mBuilding C object CMakeFiles/autoware_common_msgs__rosidl_typesupport_c__pyext.dir/rosidl_generator_py/autoware_common_msgs/_autoware_common_msgs_s.ep.rosidl_typesupport_c.c.o[0m
[19.810s] [ 93%] [32m[1mLinking C shared library rosidl_generator_py/autoware_common_msgs/autoware_common_msgs_s__rosidl_typesupport_c.cpython-38-x86_64-linux-gnu.so[0m
[19.859s] [ 93%] Built target autoware_common_msgs__rosidl_typesupport_c__pyext
[19.874s] [35m[1mScanning dependencies of target autoware_common_msgs__rosidl_typesupport_fastrtps_c__pyext[0m
[19.895s] [ 96%] [32mBuilding C object CMakeFiles/autoware_common_msgs__rosidl_typesupport_fastrtps_c__pyext.dir/rosidl_generator_py/autoware_common_msgs/_autoware_common_msgs_s.ep.rosidl_typesupport_fastrtps_c.c.o[0m
[20.052s] [100%] [32m[1mLinking CXX shared library rosidl_generator_py/autoware_common_msgs/autoware_common_msgs_s__rosidl_typesupport_fastrtps_c.cpython-38-x86_64-linux-gnu.so[0m
[20.158s] [100%] Built target autoware_common_msgs__rosidl_typesupport_fastrtps_c__pyext
[20.182s] Invoked command in '/home/cityu/autoware/build/autoware_common_msgs' returned '0': CMAKE_PREFIX_PATH=/opt/ros/galactic /usr/bin/cmake --build /home/cityu/autoware/build/autoware_common_msgs -- -j16 -l16
[20.266s] Invoking command in '/home/cityu/autoware/build/autoware_common_msgs': CMAKE_PREFIX_PATH=/opt/ros/galactic /usr/bin/cmake --install /home/cityu/autoware/build/autoware_common_msgs
[23.586s] -- Install configuration: "Release"
[23.587s] -- Execute custom install script
[23.587s] -- Symlinking: /home/cityu/autoware/install/autoware_common_msgs/share/ament_index/resource_index/rosidl_interfaces/autoware_common_msgs
[23.587s] -- Symlinking: /home/cityu/autoware/install/autoware_common_msgs/include/autoware_common_msgs/msg/detail/response_status__functions.h
[23.587s] -- Symlinking: /home/cityu/autoware/install/autoware_common_msgs/include/autoware_common_msgs/msg/detail/response_status__struct.h
[23.587s] -- Symlinking: /home/cityu/autoware/install/autoware_common_msgs/include/autoware_common_msgs/msg/detail/response_status__type_support.h
[23.588s] -- Symlinking: /home/cityu/autoware/install/autoware_common_msgs/include/autoware_common_msgs/msg/response_status.h
[23.588s] -- Symlinking: /home/cityu/autoware/install/autoware_common_msgs/include/autoware_common_msgs/msg/rosidl_generator_c__visibility_control.h
[23.588s] -- Symlinking: /home/cityu/autoware/install/autoware_common_msgs/share/autoware_common_msgs/environment/library_path.sh
[23.588s] -- Symlinking: /home/cityu/autoware/install/autoware_common_msgs/share/autoware_common_msgs/environment/library_path.dsv
[23.588s] -- Symlinking: /home/cityu/autoware/install/autoware_common_msgs/include/autoware_common_msgs/msg/detail/response_status__rosidl_typesupport_fastrtps_c.h
[23.588s] -- Symlinking: /home/cityu/autoware/install/autoware_common_msgs/include/autoware_common_msgs/msg/rosidl_typesupport_fastrtps_c__visibility_control.h
[23.588s] -- Symlinking: /home/cityu/autoware/install/autoware_common_msgs/lib/libautoware_common_msgs__rosidl_typesupport_fastrtps_c.so
[23.588s] -- Symlinking: /home/cityu/autoware/install/autoware_common_msgs/include/autoware_common_msgs/msg/detail/response_status__rosidl_typesupport_fastrtps_cpp.hpp
[23.589s] -- Symlinking: /home/cityu/autoware/install/autoware_common_msgs/include/autoware_common_msgs/msg/rosidl_typesupport_fastrtps_cpp__visibility_control.h
[23.589s] -- Symlinking: /home/cityu/autoware/install/autoware_common_msgs/lib/libautoware_common_msgs__rosidl_typesupport_fastrtps_cpp.so
[23.589s] -- Symlinking: /home/cityu/autoware/install/autoware_common_msgs/include/autoware_common_msgs/msg/detail/response_status__rosidl_typesupport_introspection_c.h
[23.589s] -- Symlinking: /home/cityu/autoware/install/autoware_common_msgs/include/autoware_common_msgs/msg/rosidl_typesupport_introspection_c__visibility_control.h
[23.589s] -- Symlinking: /home/cityu/autoware/install/autoware_common_msgs/include/autoware_common_msgs/msg/detail/response_status__builder.hpp
[23.589s] -- Symlinking: /home/cityu/autoware/install/autoware_common_msgs/include/autoware_common_msgs/msg/detail/response_status__struct.hpp
[23.589s] -- Symlinking: /home/cityu/autoware/install/autoware_common_msgs/include/autoware_common_msgs/msg/detail/response_status__traits.hpp
[23.589s] -- Symlinking: /home/cityu/autoware/install/autoware_common_msgs/include/autoware_common_msgs/msg/response_status.hpp
[23.589s] -- Symlinking: /home/cityu/autoware/install/autoware_common_msgs/include/autoware_common_msgs/msg/detail/response_status__rosidl_typesupport_introspection_cpp.hpp
[23.590s] -- Symlinking: /home/cityu/autoware/install/autoware_common_msgs/share/autoware_common_msgs/environment/pythonpath.sh
[23.590s] -- Symlinking: /home/cityu/autoware/install/autoware_common_msgs/share/autoware_common_msgs/environment/pythonpath.dsv
[23.590s] -- Symlinking: /home/cityu/autoware/install/autoware_common_msgs/lib/python3.8/site-packages/autoware_common_msgs/__init__.py
[23.590s] -- Symlinking: /home/cityu/autoware/install/autoware_common_msgs/lib/python3.8/site-packages/autoware_common_msgs/msg/__init__.py
[23.590s] -- Symlinking: /home/cityu/autoware/install/autoware_common_msgs/lib/python3.8/site-packages/autoware_common_msgs/msg/_response_status.py
[23.590s] -- Symlinking: /home/cityu/autoware/install/autoware_common_msgs/lib/python3.8/site-packages/autoware_common_msgs/autoware_common_msgs_s__rosidl_typesupport_fastrtps_c.cpython-38-x86_64-linux-gnu.so
[23.590s] -- Symlinking: /home/cityu/autoware/install/autoware_common_msgs/lib/python3.8/site-packages/autoware_common_msgs/autoware_common_msgs_s__rosidl_typesupport_introspection_c.cpython-38-x86_64-linux-gnu.so
[23.590s] -- Symlinking: /home/cityu/autoware/install/autoware_common_msgs/lib/python3.8/site-packages/autoware_common_msgs/autoware_common_msgs_s__rosidl_typesupport_c.cpython-38-x86_64-linux-gnu.so
[23.591s] -- Symlinking: /home/cityu/autoware/install/autoware_common_msgs/lib/libautoware_common_msgs__python.so
[23.591s] -- Symlinking: /home/cityu/autoware/install/autoware_common_msgs/share/autoware_common_msgs/msg/ResponseStatus.idl
[23.592s] -- Symlinking: /home/cityu/autoware/install/autoware_common_msgs/share/autoware_common_msgs/msg/ResponseStatus.msg
[23.602s] -- Symlinking: /home/cityu/autoware/install/autoware_common_msgs/share/ament_index/resource_index/package_run_dependencies/autoware_common_msgs
[23.602s] -- Symlinking: /home/cityu/autoware/install/autoware_common_msgs/share/ament_index/resource_index/parent_prefix_path/autoware_common_msgs
[23.603s] -- Symlinking: /home/cityu/autoware/install/autoware_common_msgs/share/autoware_common_msgs/environment/ament_prefix_path.sh
[23.603s] -- Symlinking: /home/cityu/autoware/install/autoware_common_msgs/share/autoware_common_msgs/environment/ament_prefix_path.dsv
[23.603s] -- Symlinking: /home/cityu/autoware/install/autoware_common_msgs/share/autoware_common_msgs/environment/path.sh
[23.603s] -- Symlinking: /home/cityu/autoware/install/autoware_common_msgs/share/autoware_common_msgs/environment/path.dsv
[23.603s] -- Symlinking: /home/cityu/autoware/install/autoware_common_msgs/share/autoware_common_msgs/local_setup.bash
[23.603s] -- Symlinking: /home/cityu/autoware/install/autoware_common_msgs/share/autoware_common_msgs/local_setup.sh
[23.603s] -- Symlinking: /home/cityu/autoware/install/autoware_common_msgs/share/autoware_common_msgs/local_setup.zsh
[23.603s] -- Symlinking: /home/cityu/autoware/install/autoware_common_msgs/share/autoware_common_msgs/local_setup.dsv
[23.604s] -- Symlinking: /home/cityu/autoware/install/autoware_common_msgs/share/autoware_common_msgs/package.dsv
[23.604s] -- Symlinking: /home/cityu/autoware/install/autoware_common_msgs/share/ament_index/resource_index/packages/autoware_common_msgs
[23.604s] -- Symlinking: /home/cityu/autoware/install/autoware_common_msgs/share/autoware_common_msgs/cmake/rosidl_cmake-extras.cmake
[23.604s] -- Symlinking: /home/cityu/autoware/install/autoware_common_msgs/share/autoware_common_msgs/cmake/ament_cmake_export_dependencies-extras.cmake
[23.604s] -- Symlinking: /home/cityu/autoware/install/autoware_common_msgs/share/autoware_common_msgs/cmake/ament_cmake_export_libraries-extras.cmake
[23.604s] -- Symlinking: /home/cityu/autoware/install/autoware_common_msgs/share/autoware_common_msgs/cmake/ament_cmake_export_targets-extras.cmake
[23.604s] -- Symlinking: /home/cityu/autoware/install/autoware_common_msgs/share/autoware_common_msgs/cmake/ament_cmake_export_include_directories-extras.cmake
[23.604s] -- Symlinking: /home/cityu/autoware/install/autoware_common_msgs/share/autoware_common_msgs/cmake/rosidl_cmake_export_typesupport_libraries-extras.cmake
[23.604s] -- Symlinking: /home/cityu/autoware/install/autoware_common_msgs/share/autoware_common_msgs/cmake/rosidl_cmake_export_typesupport_targets-extras.cmake
[23.604s] -- Symlinking: /home/cityu/autoware/install/autoware_common_msgs/share/autoware_common_msgs/cmake/autoware_common_msgsConfig.cmake
[23.605s] -- Symlinking: /home/cityu/autoware/install/autoware_common_msgs/share/autoware_common_msgs/cmake/autoware_common_msgsConfig-version.cmake
[23.605s] -- Symlinking: /home/cityu/autoware/install/autoware_common_msgs/share/autoware_common_msgs/package.xml
[23.605s] -- Installing: /home/cityu/autoware/install/autoware_common_msgs/lib/libautoware_common_msgs__rosidl_generator_c.so
[23.605s] -- Set runtime path of "/home/cityu/autoware/install/autoware_common_msgs/lib/libautoware_common_msgs__rosidl_generator_c.so" to ""
[23.605s] -- Installing: /home/cityu/autoware/install/autoware_common_msgs/lib/libautoware_common_msgs__rosidl_typesupport_introspection_c.so
[23.605s] -- Set runtime path of "/home/cityu/autoware/install/autoware_common_msgs/lib/libautoware_common_msgs__rosidl_typesupport_introspection_c.so" to ""
[23.606s] -- Installing: /home/cityu/autoware/install/autoware_common_msgs/lib/libautoware_common_msgs__rosidl_typesupport_c.so
[23.606s] -- Set runtime path of "/home/cityu/autoware/install/autoware_common_msgs/lib/libautoware_common_msgs__rosidl_typesupport_c.so" to ""
[23.606s] -- Installing: /home/cityu/autoware/install/autoware_common_msgs/lib/libautoware_common_msgs__rosidl_typesupport_introspection_cpp.so
[23.606s] -- Set runtime path of "/home/cityu/autoware/install/autoware_common_msgs/lib/libautoware_common_msgs__rosidl_typesupport_introspection_cpp.so" to ""
[23.606s] -- Installing: /home/cityu/autoware/install/autoware_common_msgs/lib/libautoware_common_msgs__rosidl_typesupport_cpp.so
[23.606s] -- Set runtime path of "/home/cityu/autoware/install/autoware_common_msgs/lib/libautoware_common_msgs__rosidl_typesupport_cpp.so" to ""
[23.606s] Compiling '/home/cityu/autoware/install/autoware_common_msgs/lib/python3.8/site-packages/autoware_common_msgs/__init__.py'...
[23.606s] -- Installing: /home/cityu/autoware/install/autoware_common_msgs/share/autoware_common_msgs/cmake/autoware_common_msgs__rosidl_generator_cExport.cmake
[23.607s] -- Installing: /home/cityu/autoware/install/autoware_common_msgs/share/autoware_common_msgs/cmake/autoware_common_msgs__rosidl_generator_cExport-release.cmake
[23.607s] -- Installing: /home/cityu/autoware/install/autoware_common_msgs/share/autoware_common_msgs/cmake/autoware_common_msgs__rosidl_typesupport_introspection_cExport.cmake
[23.607s] -- Installing: /home/cityu/autoware/install/autoware_common_msgs/share/autoware_common_msgs/cmake/autoware_common_msgs__rosidl_typesupport_introspection_cExport-release.cmake
[23.607s] -- Installing: /home/cityu/autoware/install/autoware_common_msgs/share/autoware_common_msgs/cmake/autoware_common_msgs__rosidl_typesupport_cExport.cmake
[23.607s] -- Installing: /home/cityu/autoware/install/autoware_common_msgs/share/autoware_common_msgs/cmake/autoware_common_msgs__rosidl_typesupport_cExport-release.cmake
[23.607s] -- Installing: /home/cityu/autoware/install/autoware_common_msgs/share/autoware_common_msgs/cmake/autoware_common_msgs__rosidl_generator_cppExport.cmake
[23.607s] -- Installing: /home/cityu/autoware/install/autoware_common_msgs/share/autoware_common_msgs/cmake/autoware_common_msgs__rosidl_typesupport_introspection_cppExport.cmake
[23.607s] -- Installing: /home/cityu/autoware/install/autoware_common_msgs/share/autoware_common_msgs/cmake/autoware_common_msgs__rosidl_typesupport_introspection_cppExport-release.cmake
[23.608s] -- Installing: /home/cityu/autoware/install/autoware_common_msgs/share/autoware_common_msgs/cmake/autoware_common_msgs__rosidl_typesupport_cppExport.cmake
[23.608s] -- Installing: /home/cityu/autoware/install/autoware_common_msgs/share/autoware_common_msgs/cmake/autoware_common_msgs__rosidl_typesupport_cppExport-release.cmake
[23.608s] Invoked command in '/home/cityu/autoware/build/autoware_common_msgs' returned '0': CMAKE_PREFIX_PATH=/opt/ros/galactic /usr/bin/cmake --install /home/cityu/autoware/build/autoware_common_msgs
