[0.159s] Invoking command in '/home/cityu/autoware/build/signal_processing': AMENT_PREFIX_PATH=/home/cityu/autoware/install/autoware_cmake:/home/cityu/autoware/install/autoware_lint_common:${AMENT_PREFIX_PATH} CMAKE_PREFIX_PATH=/home/cityu/autoware/install/autoware_cmake:/home/cityu/autoware/install/autoware_lint_common:/opt/ros/galactic /usr/bin/cmake /home/cityu/autoware/src/universe/autoware.universe/common/signal_processing -DCMAKE_BUILD_TYPE=Release -DDOWNLOAD_ARTIFACTS=ON -DAMENT_CMAKE_SYMLINK_INSTALL=1 -DCMAKE_INSTALL_PREFIX=/home/cityu/autoware/install/signal_processing
[0.505s] -- Found autoware_cmake: 0.1.0 (/home/cityu/autoware/install/autoware_cmake/share/autoware_cmake/cmake)
[0.505s] -- Found ament_cmake_auto: 1.1.6 (/opt/ros/galactic/share/ament_cmake_auto/cmake)
[0.505s] -- Using PYTHON_EXECUTABLE: /usr/bin/python3
[0.505s] -- Override CMake install command with custom implementation using symlinks instead of copying resources
[0.527s] -- Using all available rosidl_typesupport_c: rosidl_typesupport_fastrtps_c;rosidl_typesupport_introspection_c
[0.533s] -- Found rosidl_adapter: 2.2.3 (/opt/ros/galactic/share/rosidl_adapter/cmake)
[0.711s] -- Using all available rosidl_typesupport_cpp: rosidl_typesupport_fastrtps_cpp;rosidl_typesupport_introspection_cpp
[0.894s] -- Found rmw_implementation_cmake: 3.3.1 (/opt/ros/galactic/share/rmw_implementation_cmake/cmake)
[0.896s] -- Found rmw_cyclonedds_cpp: 0.22.6 (/opt/ros/galactic/share/rmw_cyclonedds_cpp/cmake)
[0.923s] -- Using RMW implementation 'rmw_cyclonedds_cpp' as default
[1.095s] -- Found ament_lint_auto: 0.10.7 (/opt/ros/galactic/share/ament_lint_auto/cmake)
[1.107s] -- Found gtest sources under '/opt/ros/galactic/src/gtest_vendor': C++ tests using 'Google Test' will be built
[1.124s] -- Added test 'copyright' to check source files copyright and LICENSE
[1.126s] -- Added test 'cppcheck' to perform static code analysis on C / C++ code
[1.126s] -- Configured cppcheck include dirs: /home/cityu/autoware/src/universe/autoware.universe/common/signal_processing/include;/home/cityu/autoware/src/universe/autoware.universe/common/signal_processing/test/include
[1.126s] -- Configured cppcheck exclude dirs and/or files: 
[1.127s] -- Added test 'lint_cmake' to check CMake code style
[1.128s] -- Added test 'xmllint' to check XML markup files
[1.135s] -- Configuring done
[1.158s] -- Generating done
[1.161s] CMake Warning:
[1.161s]   Manually-specified variables were not used by the project:
[1.161s] 
[1.161s]     DOWNLOAD_ARTIFACTS
[1.161s] 
[1.161s] 
[1.162s] -- Build files have been written to: /home/cityu/autoware/build/signal_processing
[1.184s] Invoked command in '/home/cityu/autoware/build/signal_processing' returned '0': AMENT_PREFIX_PATH=/home/cityu/autoware/install/autoware_cmake:/home/cityu/autoware/install/autoware_lint_common:${AMENT_PREFIX_PATH} CMAKE_PREFIX_PATH=/home/cityu/autoware/install/autoware_cmake:/home/cityu/autoware/install/autoware_lint_common:/opt/ros/galactic /usr/bin/cmake /home/cityu/autoware/src/universe/autoware.universe/common/signal_processing -DCMAKE_BUILD_TYPE=Release -DDOWNLOAD_ARTIFACTS=ON -DAMENT_CMAKE_SYMLINK_INSTALL=1 -DCMAKE_INSTALL_PREFIX=/home/cityu/autoware/install/signal_processing
[1.185s] Invoking command in '/home/cityu/autoware/build/signal_processing': AMENT_PREFIX_PATH=/home/cityu/autoware/install/autoware_cmake:/home/cityu/autoware/install/autoware_lint_common:${AMENT_PREFIX_PATH} CMAKE_PREFIX_PATH=/home/cityu/autoware/install/autoware_cmake:/home/cityu/autoware/install/autoware_lint_common:/opt/ros/galactic /usr/bin/cmake --build /home/cityu/autoware/build/signal_processing -- -j16 -l16
[1.883s] [ 16%] Built target gtest
[1.883s] [ 33%] Built target gtest_main
[1.884s] [ 41%] [32m[1mLinking CXX shared library liblowpass_filters.so[0m
[1.884s] [ 66%] Built target lowpass_filters
[1.884s] [ 75%] [32mBuilding CXX object CMakeFiles/test_signal_processing.dir/test/src/lowpass_filter_1d_test.cpp.o[0m
[3.577s] [ 83%] [32mBuilding CXX object CMakeFiles/test_signal_processing.dir/test/src/butterworth_filter_test.cpp.o[0m
[8.410s] [ 91%] [32mBuilding CXX object CMakeFiles/test_signal_processing.dir/test/src/lowpass_filter_test.cpp.o[0m
[10.849s] [100%] [32m[1mLinking CXX executable test_signal_processing[0m
[10.985s] [100%] Built target test_signal_processing
[11.055s] Invoked command in '/home/cityu/autoware/build/signal_processing' returned '0': AMENT_PREFIX_PATH=/home/cityu/autoware/install/autoware_cmake:/home/cityu/autoware/install/autoware_lint_common:${AMENT_PREFIX_PATH} CMAKE_PREFIX_PATH=/home/cityu/autoware/install/autoware_cmake:/home/cityu/autoware/install/autoware_lint_common:/opt/ros/galactic /usr/bin/cmake --build /home/cityu/autoware/build/signal_processing -- -j16 -l16
[11.340s] Invoking command in '/home/cityu/autoware/build/signal_processing': AMENT_PREFIX_PATH=/home/cityu/autoware/install/autoware_cmake:/home/cityu/autoware/install/autoware_lint_common:${AMENT_PREFIX_PATH} CMAKE_PREFIX_PATH=/home/cityu/autoware/install/autoware_cmake:/home/cityu/autoware/install/autoware_lint_common:/opt/ros/galactic /usr/bin/cmake --install /home/cityu/autoware/build/signal_processing
[11.377s] -- Install configuration: "Release"
[11.378s] -- Execute custom install script
[11.378s] -- Up-to-date symlink: /home/cityu/autoware/install/signal_processing/include/signal_processing/butterworth.hpp
[11.378s] -- Up-to-date symlink: /home/cityu/autoware/install/signal_processing/include/signal_processing/lowpass_filter.hpp
[11.378s] -- Up-to-date symlink: /home/cityu/autoware/install/signal_processing/include/signal_processing/lowpass_filter_1d.hpp
[11.378s] -- Up-to-date symlink: /home/cityu/autoware/install/signal_processing/share/signal_processing/environment/library_path.sh
[11.378s] -- Up-to-date symlink: /home/cityu/autoware/install/signal_processing/share/signal_processing/environment/library_path.dsv
[11.379s] -- Up-to-date symlink: /home/cityu/autoware/install/signal_processing/lib/liblowpass_filters.so
[11.379s] -- Up-to-date symlink: /home/cityu/autoware/install/signal_processing/share/ament_index/resource_index/package_run_dependencies/signal_processing
[11.379s] -- Up-to-date symlink: /home/cityu/autoware/install/signal_processing/share/ament_index/resource_index/parent_prefix_path/signal_processing
[11.379s] -- Up-to-date symlink: /home/cityu/autoware/install/signal_processing/share/signal_processing/environment/ament_prefix_path.sh
[11.379s] -- Up-to-date symlink: /home/cityu/autoware/install/signal_processing/share/signal_processing/environment/ament_prefix_path.dsv
[11.379s] -- Up-to-date symlink: /home/cityu/autoware/install/signal_processing/share/signal_processing/environment/path.sh
[11.379s] -- Up-to-date symlink: /home/cityu/autoware/install/signal_processing/share/signal_processing/environment/path.dsv
[11.379s] -- Up-to-date symlink: /home/cityu/autoware/install/signal_processing/share/signal_processing/local_setup.bash
[11.382s] -- Up-to-date symlink: /home/cityu/autoware/install/signal_processing/share/signal_processing/local_setup.sh
[11.382s] -- Up-to-date symlink: /home/cityu/autoware/install/signal_processing/share/signal_processing/local_setup.zsh
[11.383s] -- Up-to-date symlink: /home/cityu/autoware/install/signal_processing/share/signal_processing/local_setup.dsv
[11.383s] -- Symlinking: /home/cityu/autoware/install/signal_processing/share/signal_processing/package.dsv
[11.383s] -- Up-to-date symlink: /home/cityu/autoware/install/signal_processing/share/ament_index/resource_index/packages/signal_processing
[11.383s] -- Up-to-date symlink: /home/cityu/autoware/install/signal_processing/share/signal_processing/cmake/ament_cmake_export_dependencies-extras.cmake
[11.383s] -- Up-to-date symlink: /home/cityu/autoware/install/signal_processing/share/signal_processing/cmake/ament_cmake_export_include_directories-extras.cmake
[11.383s] -- Up-to-date symlink: /home/cityu/autoware/install/signal_processing/share/signal_processing/cmake/ament_cmake_export_libraries-extras.cmake
[11.383s] -- Up-to-date symlink: /home/cityu/autoware/install/signal_processing/share/signal_processing/cmake/signal_processingConfig.cmake
[11.383s] -- Up-to-date symlink: /home/cityu/autoware/install/signal_processing/share/signal_processing/cmake/signal_processingConfig-version.cmake
[11.383s] -- Up-to-date symlink: /home/cityu/autoware/install/signal_processing/share/signal_processing/package.xml
[11.426s] Invoked command in '/home/cityu/autoware/build/signal_processing' returned '0': AMENT_PREFIX_PATH=/home/cityu/autoware/install/autoware_cmake:/home/cityu/autoware/install/autoware_lint_common:${AMENT_PREFIX_PATH} CMAKE_PREFIX_PATH=/home/cityu/autoware/install/autoware_cmake:/home/cityu/autoware/install/autoware_lint_common:/opt/ros/galactic /usr/bin/cmake --install /home/cityu/autoware/build/signal_processing
