-- Found autoware_cmake: 0.1.0 (/home/cityu/autoware/install/autoware_cmake/share/autoware_cmake/cmake)
-- Found ament_cmake_auto: 1.1.6 (/opt/ros/galactic/share/ament_cmake_auto/cmake)
-- Found PythonInterp: /usr/bin/python3 (found suitable version "3.8.10", minimum required is "3") 
-- Using PYTHON_EXECUTABLE: /usr/bin/python3
-- Override CMake install command with custom implementation using symlinks instead of copying resources
-- Using all available rosidl_typesupport_c: rosidl_typesupport_fastrtps_c;rosidl_typesupport_introspection_c
-- Found rosidl_adapter: 2.2.3 (/opt/ros/galactic/share/rosidl_adapter/cmake)
-- Using all available rosidl_typesupport_cpp: rosidl_typesupport_fastrtps_cpp;rosidl_typesupport_introspection_cpp
-- Found rmw_implementation_cmake: 3.3.1 (/opt/ros/galactic/share/rmw_implementation_cmake/cmake)
-- Found rmw_cyclonedds_cpp: 0.22.6 (/opt/ros/galactic/share/rmw_cyclonedds_cpp/cmake)
-- Using RMW implementation 'rmw_cyclonedds_cpp' as default
-- Found eigen3_cmake_module: 0.1.1 (/opt/ros/galactic/share/eigen3_cmake_module/cmake)
-- Found ament_lint_auto: 0.10.7 (/opt/ros/galactic/share/ament_lint_auto/cmake)
-- Found PythonInterp: /usr/bin/python3 (found version "3.8.10") 
-- Found ament_cmake_ros: 0.9.2 (/opt/ros/galactic/share/ament_cmake_ros/cmake)
-- Using all available rosidl_typesupport_c: rosidl_typesupport_fastrtps_c;rosidl_typesupport_introspection_c
-- Using all available rosidl_typesupport_cpp: rosidl_typesupport_fastrtps_cpp;rosidl_typesupport_introspection_cpp
-- Found PythonInterp: /usr/bin/python3 (found suitable version "3.8.10", minimum required is "3.5") 
-- Found python_cmake_module: 0.8.1 (/opt/ros/galactic/share/python_cmake_module/cmake)
-- Using PYTHON_EXECUTABLE: /usr/bin/python3
-- Using PYTHON_INCLUDE_DIRS: /usr/include/python3.8
-- Using PYTHON_LIBRARIES: /usr/lib/x86_64-linux-gnu/libpython3.8.so
-- Added test 'copyright' to check source files copyright and LICENSE
-- Added test 'cppcheck' to perform static code analysis on C / C++ code
-- Configured cppcheck include dirs: /home/cityu/autoware/src/universe/autoware.universe/control/control_performance_analysis/include
-- Configured cppcheck exclude dirs and/or files: 
-- Added test 'lint_cmake' to check CMake code style
-- Added test 'xmllint' to check XML markup files
-- Configuring done
-- Generating done
-- Build files have been written to: /home/cityu/autoware/build/control_performance_analysis
[  1%] Built target control_performance_analysis__cpp
[  4%] Built target control_performance_analysis_exe
[ 14%] Built target control_performance_analysis__rosidl_typesupport_fastrtps_cpp
[ 24%] Built target control_performance_analysis__rosidl_typesupport_introspection_cpp
[ 33%] Built target control_performance_analysis__rosidl_typesupport_cpp
[ 43%] Built target control_performance_analysis__rosidl_generator_c
[ 53%] Built target control_performance_analysis__rosidl_typesupport_fastrtps_c
[ 62%] Built target control_performance_analysis__rosidl_typesupport_c
[ 72%] Built target control_performance_analysis__rosidl_typesupport_introspection_c
[ 72%] Built target control_performance_analysis
[ 74%] [32m[1mLinking CXX shared library libcontrol_performance_analysis_core.so[0m
[ 77%] Built target control_performance_analysis_core
[ 79%] Built target control_performance_analysis__py
[ 80%] [32m[1mLinking CXX shared library libcontrol_performance_analysis_node.so[0m
[ 82%] Built target control_performance_analysis_node
[ 90%] Built target control_performance_analysis__python
[ 93%] Built target control_performance_analysis__rosidl_typesupport_c__pyext
[ 96%] Built target control_performance_analysis__rosidl_typesupport_fastrtps_c__pyext
[100%] Built target control_performance_analysis__rosidl_typesupport_introspection_c__pyext
-- Install configuration: "Release"
-- Execute custom install script
-- Up-to-date symlink: /home/cityu/autoware/install/control_performance_analysis/share/ament_index/resource_index/rosidl_interfaces/control_performance_analysis
-- Up-to-date symlink: /home/cityu/autoware/install/control_performance_analysis/include/control_performance_analysis/msg/detail/driving_monitor_stamped__functions.h
-- Up-to-date symlink: /home/cityu/autoware/install/control_performance_analysis/include/control_performance_analysis/msg/detail/driving_monitor_stamped__struct.h
-- Up-to-date symlink: /home/cityu/autoware/install/control_performance_analysis/include/control_performance_analysis/msg/detail/driving_monitor_stamped__type_support.h
-- Up-to-date symlink: /home/cityu/autoware/install/control_performance_analysis/include/control_performance_analysis/msg/detail/error__functions.h
-- Up-to-date symlink: /home/cityu/autoware/install/control_performance_analysis/include/control_performance_analysis/msg/detail/error__struct.h
-- Up-to-date symlink: /home/cityu/autoware/install/control_performance_analysis/include/control_performance_analysis/msg/detail/error__type_support.h
-- Up-to-date symlink: /home/cityu/autoware/install/control_performance_analysis/include/control_performance_analysis/msg/detail/error_stamped__functions.h
-- Up-to-date symlink: /home/cityu/autoware/install/control_performance_analysis/include/control_performance_analysis/msg/detail/error_stamped__struct.h
-- Up-to-date symlink: /home/cityu/autoware/install/control_performance_analysis/include/control_performance_analysis/msg/detail/error_stamped__type_support.h
-- Up-to-date symlink: /home/cityu/autoware/install/control_performance_analysis/include/control_performance_analysis/msg/detail/float_stamped__functions.h
-- Up-to-date symlink: /home/cityu/autoware/install/control_performance_analysis/include/control_performance_analysis/msg/detail/float_stamped__struct.h
-- Up-to-date symlink: /home/cityu/autoware/install/control_performance_analysis/include/control_performance_analysis/msg/detail/float_stamped__type_support.h
-- Up-to-date symlink: /home/cityu/autoware/install/control_performance_analysis/include/control_performance_analysis/msg/driving_monitor_stamped.h
-- Up-to-date symlink: /home/cityu/autoware/install/control_performance_analysis/include/control_performance_analysis/msg/error.h
-- Up-to-date symlink: /home/cityu/autoware/install/control_performance_analysis/include/control_performance_analysis/msg/error_stamped.h
-- Up-to-date symlink: /home/cityu/autoware/install/control_performance_analysis/include/control_performance_analysis/msg/float_stamped.h
-- Up-to-date symlink: /home/cityu/autoware/install/control_performance_analysis/include/control_performance_analysis/msg/rosidl_generator_c__visibility_control.h
-- Up-to-date symlink: /home/cityu/autoware/install/control_performance_analysis/share/control_performance_analysis/environment/library_path.sh
-- Up-to-date symlink: /home/cityu/autoware/install/control_performance_analysis/share/control_performance_analysis/environment/library_path.dsv
-- Up-to-date symlink: /home/cityu/autoware/install/control_performance_analysis/include/control_performance_analysis/msg/detail/driving_monitor_stamped__rosidl_typesupport_fastrtps_c.h
-- Up-to-date symlink: /home/cityu/autoware/install/control_performance_analysis/include/control_performance_analysis/msg/detail/error__rosidl_typesupport_fastrtps_c.h
-- Up-to-date symlink: /home/cityu/autoware/install/control_performance_analysis/include/control_performance_analysis/msg/detail/error_stamped__rosidl_typesupport_fastrtps_c.h
-- Up-to-date symlink: /home/cityu/autoware/install/control_performance_analysis/include/control_performance_analysis/msg/detail/float_stamped__rosidl_typesupport_fastrtps_c.h
-- Up-to-date symlink: /home/cityu/autoware/install/control_performance_analysis/include/control_performance_analysis/msg/rosidl_typesupport_fastrtps_c__visibility_control.h
-- Up-to-date symlink: /home/cityu/autoware/install/control_performance_analysis/lib/libcontrol_performance_analysis__rosidl_typesupport_fastrtps_c.so
-- Up-to-date symlink: /home/cityu/autoware/install/control_performance_analysis/include/control_performance_analysis/msg/detail/driving_monitor_stamped__rosidl_typesupport_fastrtps_cpp.hpp
-- Up-to-date symlink: /home/cityu/autoware/install/control_performance_analysis/include/control_performance_analysis/msg/detail/error__rosidl_typesupport_fastrtps_cpp.hpp
-- Up-to-date symlink: /home/cityu/autoware/install/control_performance_analysis/include/control_performance_analysis/msg/detail/error_stamped__rosidl_typesupport_fastrtps_cpp.hpp
-- Up-to-date symlink: /home/cityu/autoware/install/control_performance_analysis/include/control_performance_analysis/msg/detail/float_stamped__rosidl_typesupport_fastrtps_cpp.hpp
-- Up-to-date symlink: /home/cityu/autoware/install/control_performance_analysis/include/control_performance_analysis/msg/rosidl_typesupport_fastrtps_cpp__visibility_control.h
-- Up-to-date symlink: /home/cityu/autoware/install/control_performance_analysis/lib/libcontrol_performance_analysis__rosidl_typesupport_fastrtps_cpp.so
-- Up-to-date symlink: /home/cityu/autoware/install/control_performance_analysis/include/control_performance_analysis/msg/detail/driving_monitor_stamped__rosidl_typesupport_introspection_c.h
-- Up-to-date symlink: /home/cityu/autoware/install/control_performance_analysis/include/control_performance_analysis/msg/detail/error__rosidl_typesupport_introspection_c.h
-- Up-to-date symlink: /home/cityu/autoware/install/control_performance_analysis/include/control_performance_analysis/msg/detail/error_stamped__rosidl_typesupport_introspection_c.h
-- Up-to-date symlink: /home/cityu/autoware/install/control_performance_analysis/include/control_performance_analysis/msg/detail/float_stamped__rosidl_typesupport_introspection_c.h
-- Up-to-date symlink: /home/cityu/autoware/install/control_performance_analysis/include/control_performance_analysis/msg/rosidl_typesupport_introspection_c__visibility_control.h
-- Up-to-date symlink: /home/cityu/autoware/install/control_performance_analysis/include/control_performance_analysis/msg/detail/driving_monitor_stamped__builder.hpp
-- Up-to-date symlink: /home/cityu/autoware/install/control_performance_analysis/include/control_performance_analysis/msg/detail/driving_monitor_stamped__struct.hpp
-- Up-to-date symlink: /home/cityu/autoware/install/control_performance_analysis/include/control_performance_analysis/msg/detail/driving_monitor_stamped__traits.hpp
-- Up-to-date symlink: /home/cityu/autoware/install/control_performance_analysis/include/control_performance_analysis/msg/detail/error__builder.hpp
-- Up-to-date symlink: /home/cityu/autoware/install/control_performance_analysis/include/control_performance_analysis/msg/detail/error__struct.hpp
-- Up-to-date symlink: /home/cityu/autoware/install/control_performance_analysis/include/control_performance_analysis/msg/detail/error__traits.hpp
-- Up-to-date symlink: /home/cityu/autoware/install/control_performance_analysis/include/control_performance_analysis/msg/detail/error_stamped__builder.hpp
-- Up-to-date symlink: /home/cityu/autoware/install/control_performance_analysis/include/control_performance_analysis/msg/detail/error_stamped__struct.hpp
-- Up-to-date symlink: /home/cityu/autoware/install/control_performance_analysis/include/control_performance_analysis/msg/detail/error_stamped__traits.hpp
-- Up-to-date symlink: /home/cityu/autoware/install/control_performance_analysis/include/control_performance_analysis/msg/detail/float_stamped__builder.hpp
-- Up-to-date symlink: /home/cityu/autoware/install/control_performance_analysis/include/control_performance_analysis/msg/detail/float_stamped__struct.hpp
-- Up-to-date symlink: /home/cityu/autoware/install/control_performance_analysis/include/control_performance_analysis/msg/detail/float_stamped__traits.hpp
-- Up-to-date symlink: /home/cityu/autoware/install/control_performance_analysis/include/control_performance_analysis/msg/driving_monitor_stamped.hpp
-- Up-to-date symlink: /home/cityu/autoware/install/control_performance_analysis/include/control_performance_analysis/msg/error.hpp
-- Up-to-date symlink: /home/cityu/autoware/install/control_performance_analysis/include/control_performance_analysis/msg/error_stamped.hpp
-- Up-to-date symlink: /home/cityu/autoware/install/control_performance_analysis/include/control_performance_analysis/msg/float_stamped.hpp
-- Up-to-date symlink: /home/cityu/autoware/install/control_performance_analysis/include/control_performance_analysis/msg/detail/driving_monitor_stamped__rosidl_typesupport_introspection_cpp.hpp
-- Up-to-date symlink: /home/cityu/autoware/install/control_performance_analysis/include/control_performance_analysis/msg/detail/error__rosidl_typesupport_introspection_cpp.hpp
-- Up-to-date symlink: /home/cityu/autoware/install/control_performance_analysis/include/control_performance_analysis/msg/detail/error_stamped__rosidl_typesupport_introspection_cpp.hpp
-- Up-to-date symlink: /home/cityu/autoware/install/control_performance_analysis/include/control_performance_analysis/msg/detail/float_stamped__rosidl_typesupport_introspection_cpp.hpp
-- Up-to-date symlink: /home/cityu/autoware/install/control_performance_analysis/share/control_performance_analysis/environment/pythonpath.sh
-- Up-to-date symlink: /home/cityu/autoware/install/control_performance_analysis/share/control_performance_analysis/environment/pythonpath.dsv
-- Up-to-date symlink: /home/cityu/autoware/install/control_performance_analysis/lib/python3.8/site-packages/control_performance_analysis/__init__.py
-- Up-to-date symlink: /home/cityu/autoware/install/control_performance_analysis/lib/python3.8/site-packages/control_performance_analysis/msg/__init__.py
-- Up-to-date symlink: /home/cityu/autoware/install/control_performance_analysis/lib/python3.8/site-packages/control_performance_analysis/msg/_driving_monitor_stamped.py
-- Up-to-date symlink: /home/cityu/autoware/install/control_performance_analysis/lib/python3.8/site-packages/control_performance_analysis/msg/_error.py
-- Up-to-date symlink: /home/cityu/autoware/install/control_performance_analysis/lib/python3.8/site-packages/control_performance_analysis/msg/_error_stamped.py
-- Up-to-date symlink: /home/cityu/autoware/install/control_performance_analysis/lib/python3.8/site-packages/control_performance_analysis/msg/_float_stamped.py
-- Up-to-date symlink: /home/cityu/autoware/install/control_performance_analysis/lib/python3.8/site-packages/control_performance_analysis/control_performance_analysis_s__rosidl_typesupport_fastrtps_c.cpython-38-x86_64-linux-gnu.so
-- Up-to-date symlink: /home/cityu/autoware/install/control_performance_analysis/lib/python3.8/site-packages/control_performance_analysis/control_performance_analysis_s__rosidl_typesupport_introspection_c.cpython-38-x86_64-linux-gnu.so
-- Up-to-date symlink: /home/cityu/autoware/install/control_performance_analysis/lib/python3.8/site-packages/control_performance_analysis/control_performance_analysis_s__rosidl_typesupport_c.cpython-38-x86_64-linux-gnu.so
-- Up-to-date symlink: /home/cityu/autoware/install/control_performance_analysis/lib/libcontrol_performance_analysis__python.so
-- Up-to-date symlink: /home/cityu/autoware/install/control_performance_analysis/share/control_performance_analysis/msg/Error.idl
-- Up-to-date symlink: /home/cityu/autoware/install/control_performance_analysis/share/control_performance_analysis/msg/ErrorStamped.idl
-- Up-to-date symlink: /home/cityu/autoware/install/control_performance_analysis/share/control_performance_analysis/msg/DrivingMonitorStamped.idl
-- Up-to-date symlink: /home/cityu/autoware/install/control_performance_analysis/share/control_performance_analysis/msg/FloatStamped.idl
-- Up-to-date symlink: /home/cityu/autoware/install/control_performance_analysis/share/control_performance_analysis/msg/Error.msg
-- Up-to-date symlink: /home/cityu/autoware/install/control_performance_analysis/share/control_performance_analysis/msg/ErrorStamped.msg
-- Up-to-date symlink: /home/cityu/autoware/install/control_performance_analysis/share/control_performance_analysis/msg/DrivingMonitorStamped.msg
-- Up-to-date symlink: /home/cityu/autoware/install/control_performance_analysis/share/control_performance_analysis/msg/FloatStamped.msg
-- Up-to-date symlink: /home/cityu/autoware/install/control_performance_analysis/lib/control_performance_analysis/control_performance_analysis_exe
-- Up-to-date symlink: /home/cityu/autoware/install/control_performance_analysis/include/control_performance_analysis/control_performance_analysis_core.hpp
-- Up-to-date symlink: /home/cityu/autoware/install/control_performance_analysis/include/control_performance_analysis/control_performance_analysis_node.hpp
-- Up-to-date symlink: /home/cityu/autoware/install/control_performance_analysis/include/control_performance_analysis/control_performance_analysis_utils.hpp
-- Up-to-date symlink: /home/cityu/autoware/install/control_performance_analysis/lib/libcontrol_performance_analysis_core.so
-- Up-to-date symlink: /home/cityu/autoware/install/control_performance_analysis/lib/libcontrol_performance_analysis_node.so
-- Up-to-date symlink: /home/cityu/autoware/install/control_performance_analysis/share/control_performance_analysis/launch/controller_performance_analysis.launch.xml
-- Up-to-date symlink: /home/cityu/autoware/install/control_performance_analysis/share/control_performance_analysis/config/control_performance_analysis.param.yaml
-- Up-to-date symlink: /home/cityu/autoware/install/control_performance_analysis/share/control_performance_analysis/config/controller_monitor.xml
-- Up-to-date symlink: /home/cityu/autoware/install/control_performance_analysis/share/control_performance_analysis/config/error_rqt_multiplot.xml
-- Up-to-date symlink: /home/cityu/autoware/install/control_performance_analysis/share/ament_index/resource_index/package_run_dependencies/control_performance_analysis
-- Up-to-date symlink: /home/cityu/autoware/install/control_performance_analysis/share/ament_index/resource_index/parent_prefix_path/control_performance_analysis
-- Up-to-date symlink: /home/cityu/autoware/install/control_performance_analysis/share/control_performance_analysis/environment/ament_prefix_path.sh
-- Up-to-date symlink: /home/cityu/autoware/install/control_performance_analysis/share/control_performance_analysis/environment/ament_prefix_path.dsv
-- Up-to-date symlink: /home/cityu/autoware/install/control_performance_analysis/share/control_performance_analysis/environment/path.sh
-- Up-to-date symlink: /home/cityu/autoware/install/control_performance_analysis/share/control_performance_analysis/environment/path.dsv
-- Up-to-date symlink: /home/cityu/autoware/install/control_performance_analysis/share/control_performance_analysis/local_setup.bash
-- Up-to-date symlink: /home/cityu/autoware/install/control_performance_analysis/share/control_performance_analysis/local_setup.sh
-- Up-to-date symlink: /home/cityu/autoware/install/control_performance_analysis/share/control_performance_analysis/local_setup.zsh
-- Up-to-date symlink: /home/cityu/autoware/install/control_performance_analysis/share/control_performance_analysis/local_setup.dsv
-- Symlinking: /home/cityu/autoware/install/control_performance_analysis/share/control_performance_analysis/package.dsv
-- Up-to-date symlink: /home/cityu/autoware/install/control_performance_analysis/share/ament_index/resource_index/packages/control_performance_analysis
-- Up-to-date symlink: /home/cityu/autoware/install/control_performance_analysis/share/ament_index/resource_index/rclcpp_components/control_performance_analysis
-- Up-to-date symlink: /home/cityu/autoware/install/control_performance_analysis/share/control_performance_analysis/cmake/rosidl_cmake-extras.cmake
-- Up-to-date symlink: /home/cityu/autoware/install/control_performance_analysis/share/control_performance_analysis/cmake/ament_cmake_export_dependencies-extras.cmake
-- Up-to-date symlink: /home/cityu/autoware/install/control_performance_analysis/share/control_performance_analysis/cmake/ament_cmake_export_libraries-extras.cmake
-- Up-to-date symlink: /home/cityu/autoware/install/control_performance_analysis/share/control_performance_analysis/cmake/ament_cmake_export_targets-extras.cmake
-- Up-to-date symlink: /home/cityu/autoware/install/control_performance_analysis/share/control_performance_analysis/cmake/ament_cmake_export_include_directories-extras.cmake
-- Up-to-date symlink: /home/cityu/autoware/install/control_performance_analysis/share/control_performance_analysis/cmake/rosidl_cmake_export_typesupport_libraries-extras.cmake
-- Up-to-date symlink: /home/cityu/autoware/install/control_performance_analysis/share/control_performance_analysis/cmake/rosidl_cmake_export_typesupport_targets-extras.cmake
-- Up-to-date symlink: /home/cityu/autoware/install/control_performance_analysis/share/control_performance_analysis/cmake/control_performance_analysisConfig.cmake
-- Up-to-date symlink: /home/cityu/autoware/install/control_performance_analysis/share/control_performance_analysis/cmake/control_performance_analysisConfig-version.cmake
-- Up-to-date symlink: /home/cityu/autoware/install/control_performance_analysis/share/control_performance_analysis/package.xml
-- Up-to-date: /home/cityu/autoware/install/control_performance_analysis/lib/libcontrol_performance_analysis__rosidl_generator_c.so
-- Up-to-date: /home/cityu/autoware/install/control_performance_analysis/lib/libcontrol_performance_analysis__rosidl_typesupport_introspection_c.so
-- Up-to-date: /home/cityu/autoware/install/control_performance_analysis/lib/libcontrol_performance_analysis__rosidl_typesupport_c.so
-- Up-to-date: /home/cityu/autoware/install/control_performance_analysis/lib/libcontrol_performance_analysis__rosidl_typesupport_introspection_cpp.so
-- Up-to-date: /home/cityu/autoware/install/control_performance_analysis/lib/libcontrol_performance_analysis__rosidl_typesupport_cpp.so
Compiling '/home/cityu/autoware/install/control_performance_analysis/lib/python3.8/site-packages/control_performance_analysis/__init__.py'...
-- Up-to-date: /home/cityu/autoware/install/control_performance_analysis/share/control_performance_analysis/cmake/control_performance_analysis__rosidl_generator_cExport.cmake
-- Installing: /home/cityu/autoware/install/control_performance_analysis/share/control_performance_analysis/cmake/control_performance_analysis__rosidl_generator_cExport-release.cmake
-- Up-to-date: /home/cityu/autoware/install/control_performance_analysis/share/control_performance_analysis/cmake/control_performance_analysis__rosidl_typesupport_introspection_cExport.cmake
-- Installing: /home/cityu/autoware/install/control_performance_analysis/share/control_performance_analysis/cmake/control_performance_analysis__rosidl_typesupport_introspection_cExport-release.cmake
-- Up-to-date: /home/cityu/autoware/install/control_performance_analysis/share/control_performance_analysis/cmake/control_performance_analysis__rosidl_typesupport_cExport.cmake
-- Installing: /home/cityu/autoware/install/control_performance_analysis/share/control_performance_analysis/cmake/control_performance_analysis__rosidl_typesupport_cExport-release.cmake
-- Up-to-date: /home/cityu/autoware/install/control_performance_analysis/share/control_performance_analysis/cmake/control_performance_analysis__rosidl_generator_cppExport.cmake
-- Up-to-date: /home/cityu/autoware/install/control_performance_analysis/share/control_performance_analysis/cmake/control_performance_analysis__rosidl_typesupport_introspection_cppExport.cmake
-- Installing: /home/cityu/autoware/install/control_performance_analysis/share/control_performance_analysis/cmake/control_performance_analysis__rosidl_typesupport_introspection_cppExport-release.cmake
-- Up-to-date: /home/cityu/autoware/install/control_performance_analysis/share/control_performance_analysis/cmake/control_performance_analysis__rosidl_typesupport_cppExport.cmake
-- Installing: /home/cityu/autoware/install/control_performance_analysis/share/control_performance_analysis/cmake/control_performance_analysis__rosidl_typesupport_cppExport-release.cmake
