[0.629s] Invoking command in '/home/cityu/autoware/build/control_performance_analysis': AMENT_PREFIX_PATH=/home/cityu/autoware/install/motion_utils:/home/cityu/autoware/install/interpolation:/home/cityu/autoware/install/tier4_autoware_utils:/home/cityu/autoware/install/global_parameter_loader:/home/cityu/autoware/install/vehicle_info_util:/home/cityu/autoware/install/signal_processing:/home/cityu/autoware/install/autoware_auto_vehicle_msgs:/home/cityu/autoware/install/autoware_cmake:/home/cityu/autoware/install/autoware_auto_planning_msgs:/home/cityu/autoware/install/autoware_auto_perception_msgs:/home/cityu/autoware/install/tier4_debug_msgs:/home/cityu/autoware/install/autoware_lint_common:/home/cityu/autoware/install/autoware_auto_mapping_msgs:/home/cityu/autoware/install/autoware_auto_geometry_msgs:/home/cityu/autoware/install/autoware_auto_control_msgs:${AMENT_PREFIX_PATH} CMAKE_PREFIX_PATH=/home/cityu/autoware/install/motion_utils:/home/cityu/autoware/install/interpolation:/home/cityu/autoware/install/tier4_autoware_utils:/home/cityu/autoware/install/global_parameter_loader:/home/cityu/autoware/install/vehicle_info_util:/home/cityu/autoware/install/signal_processing:/home/cityu/autoware/install/autoware_auto_vehicle_msgs:/home/cityu/autoware/install/autoware_cmake:/home/cityu/autoware/install/autoware_auto_planning_msgs:/home/cityu/autoware/install/autoware_auto_perception_msgs:/home/cityu/autoware/install/tier4_debug_msgs:/home/cityu/autoware/install/autoware_lint_common:/home/cityu/autoware/install/autoware_auto_mapping_msgs:/home/cityu/autoware/install/autoware_auto_geometry_msgs:/home/cityu/autoware/install/autoware_auto_control_msgs:/opt/ros/galactic LD_LIBRARY_PATH=/home/cityu/autoware/install/motion_utils/lib:/home/cityu/autoware/install/interpolation/lib:/home/cityu/autoware/install/tier4_autoware_utils/lib:/home/cityu/autoware/install/vehicle_info_util/lib:/home/cityu/autoware/install/signal_processing/lib:/home/cityu/autoware/install/autoware_auto_vehicle_msgs/lib:/home/cityu/autoware/install/autoware_auto_planning_msgs/lib:/home/cityu/autoware/install/autoware_auto_perception_msgs/lib:/home/cityu/autoware/install/tier4_debug_msgs/lib:/home/cityu/autoware/install/autoware_auto_mapping_msgs/lib:/home/cityu/autoware/install/autoware_auto_geometry_msgs/lib:/home/cityu/autoware/install/autoware_auto_control_msgs/lib:${LD_LIBRARY_PATH} PYTHONPATH=/home/cityu/autoware/install/autoware_auto_vehicle_msgs/lib/python3.8/site-packages:/home/cityu/autoware/install/autoware_auto_planning_msgs/lib/python3.8/site-packages:/home/cityu/autoware/install/autoware_auto_perception_msgs/lib/python3.8/site-packages:/home/cityu/autoware/install/tier4_debug_msgs/lib/python3.8/site-packages:/home/cityu/autoware/install/autoware_auto_mapping_msgs/lib/python3.8/site-packages:/home/cityu/autoware/install/autoware_auto_geometry_msgs/lib/python3.8/site-packages:/home/cityu/autoware/install/autoware_auto_control_msgs/lib/python3.8/site-packages:${PYTHONPATH} /usr/bin/cmake /home/cityu/autoware/src/universe/autoware.universe/control/control_performance_analysis -DCMAKE_BUILD_TYPE=Release -DDOWNLOAD_ARTIFACTS=ON -DAMENT_CMAKE_SYMLINK_INSTALL=1 -DCMAKE_INSTALL_PREFIX=/home/cityu/autoware/install/control_performance_analysis
[2.278s] -- Found autoware_cmake: 0.1.0 (/home/cityu/autoware/install/autoware_cmake/share/autoware_cmake/cmake)
[2.282s] -- Found ament_cmake_auto: 1.1.6 (/opt/ros/galactic/share/ament_cmake_auto/cmake)
[2.284s] -- Found PythonInterp: /usr/bin/python3 (found suitable version "3.8.10", minimum required is "3") 
[2.284s] -- Using PYTHON_EXECUTABLE: /usr/bin/python3
[2.284s] -- Override CMake install command with custom implementation using symlinks instead of copying resources
[2.284s] -- Using all available rosidl_typesupport_c: rosidl_typesupport_fastrtps_c;rosidl_typesupport_introspection_c
[2.284s] -- Found rosidl_adapter: 2.2.3 (/opt/ros/galactic/share/rosidl_adapter/cmake)
[2.284s] -- Using all available rosidl_typesupport_cpp: rosidl_typesupport_fastrtps_cpp;rosidl_typesupport_introspection_cpp
[5.826s] -- Found rmw_implementation_cmake: 3.3.1 (/opt/ros/galactic/share/rmw_implementation_cmake/cmake)
[5.830s] -- Found rmw_cyclonedds_cpp: 0.22.6 (/opt/ros/galactic/share/rmw_cyclonedds_cpp/cmake)
[5.865s] -- Using RMW implementation 'rmw_cyclonedds_cpp' as default
[6.157s] -- Found eigen3_cmake_module: 0.1.1 (/opt/ros/galactic/share/eigen3_cmake_module/cmake)
[8.413s] -- Found ament_lint_auto: 0.10.7 (/opt/ros/galactic/share/ament_lint_auto/cmake)
[8.463s] -- Found PythonInterp: /usr/bin/python3 (found version "3.8.10") 
[8.650s] -- Found ament_cmake_ros: 0.9.2 (/opt/ros/galactic/share/ament_cmake_ros/cmake)
[8.946s] -- Using all available rosidl_typesupport_c: rosidl_typesupport_fastrtps_c;rosidl_typesupport_introspection_c
[9.064s] -- Using all available rosidl_typesupport_cpp: rosidl_typesupport_fastrtps_cpp;rosidl_typesupport_introspection_cpp
[9.105s] -- Found PythonInterp: /usr/bin/python3 (found suitable version "3.8.10", minimum required is "3.5") 
[9.106s] -- Found python_cmake_module: 0.8.1 (/opt/ros/galactic/share/python_cmake_module/cmake)
[9.141s] -- Using PYTHON_EXECUTABLE: /usr/bin/python3
[9.141s] -- Using PYTHON_INCLUDE_DIRS: /usr/include/python3.8
[9.142s] -- Using PYTHON_LIBRARIES: /usr/lib/x86_64-linux-gnu/libpython3.8.so
[15.100s] -- Added test 'copyright' to check source files copyright and LICENSE
[15.101s] -- Added test 'cppcheck' to perform static code analysis on C / C++ code
[15.105s] -- Configured cppcheck include dirs: /home/cityu/autoware/src/universe/autoware.universe/control/control_performance_analysis/include
[15.106s] -- Configured cppcheck exclude dirs and/or files: 
[15.106s] -- Added test 'lint_cmake' to check CMake code style
[15.107s] -- Added test 'xmllint' to check XML markup files
[15.121s] -- Configuring done
[15.391s] -- Generating done
[15.399s] CMake Warning:
[15.399s]   Manually-specified variables were not used by the project:
[15.399s] 
[15.399s]     DOWNLOAD_ARTIFACTS
[15.399s] 
[15.399s] 
[15.399s] -- Build files have been written to: /home/cityu/autoware/build/control_performance_analysis
[15.437s] Invoked command in '/home/cityu/autoware/build/control_performance_analysis' returned '0': AMENT_PREFIX_PATH=/home/cityu/autoware/install/motion_utils:/home/cityu/autoware/install/interpolation:/home/cityu/autoware/install/tier4_autoware_utils:/home/cityu/autoware/install/global_parameter_loader:/home/cityu/autoware/install/vehicle_info_util:/home/cityu/autoware/install/signal_processing:/home/cityu/autoware/install/autoware_auto_vehicle_msgs:/home/cityu/autoware/install/autoware_cmake:/home/cityu/autoware/install/autoware_auto_planning_msgs:/home/cityu/autoware/install/autoware_auto_perception_msgs:/home/cityu/autoware/install/tier4_debug_msgs:/home/cityu/autoware/install/autoware_lint_common:/home/cityu/autoware/install/autoware_auto_mapping_msgs:/home/cityu/autoware/install/autoware_auto_geometry_msgs:/home/cityu/autoware/install/autoware_auto_control_msgs:${AMENT_PREFIX_PATH} CMAKE_PREFIX_PATH=/home/cityu/autoware/install/motion_utils:/home/cityu/autoware/install/interpolation:/home/cityu/autoware/install/tier4_autoware_utils:/home/cityu/autoware/install/global_parameter_loader:/home/cityu/autoware/install/vehicle_info_util:/home/cityu/autoware/install/signal_processing:/home/cityu/autoware/install/autoware_auto_vehicle_msgs:/home/cityu/autoware/install/autoware_cmake:/home/cityu/autoware/install/autoware_auto_planning_msgs:/home/cityu/autoware/install/autoware_auto_perception_msgs:/home/cityu/autoware/install/tier4_debug_msgs:/home/cityu/autoware/install/autoware_lint_common:/home/cityu/autoware/install/autoware_auto_mapping_msgs:/home/cityu/autoware/install/autoware_auto_geometry_msgs:/home/cityu/autoware/install/autoware_auto_control_msgs:/opt/ros/galactic LD_LIBRARY_PATH=/home/cityu/autoware/install/motion_utils/lib:/home/cityu/autoware/install/interpolation/lib:/home/cityu/autoware/install/tier4_autoware_utils/lib:/home/cityu/autoware/install/vehicle_info_util/lib:/home/cityu/autoware/install/signal_processing/lib:/home/cityu/autoware/install/autoware_auto_vehicle_msgs/lib:/home/cityu/autoware/install/autoware_auto_planning_msgs/lib:/home/cityu/autoware/install/autoware_auto_perception_msgs/lib:/home/cityu/autoware/install/tier4_debug_msgs/lib:/home/cityu/autoware/install/autoware_auto_mapping_msgs/lib:/home/cityu/autoware/install/autoware_auto_geometry_msgs/lib:/home/cityu/autoware/install/autoware_auto_control_msgs/lib:${LD_LIBRARY_PATH} PYTHONPATH=/home/cityu/autoware/install/autoware_auto_vehicle_msgs/lib/python3.8/site-packages:/home/cityu/autoware/install/autoware_auto_planning_msgs/lib/python3.8/site-packages:/home/cityu/autoware/install/autoware_auto_perception_msgs/lib/python3.8/site-packages:/home/cityu/autoware/install/tier4_debug_msgs/lib/python3.8/site-packages:/home/cityu/autoware/install/autoware_auto_mapping_msgs/lib/python3.8/site-packages:/home/cityu/autoware/install/autoware_auto_geometry_msgs/lib/python3.8/site-packages:/home/cityu/autoware/install/autoware_auto_control_msgs/lib/python3.8/site-packages:${PYTHONPATH} /usr/bin/cmake /home/cityu/autoware/src/universe/autoware.universe/control/control_performance_analysis -DCMAKE_BUILD_TYPE=Release -DDOWNLOAD_ARTIFACTS=ON -DAMENT_CMAKE_SYMLINK_INSTALL=1 -DCMAKE_INSTALL_PREFIX=/home/cityu/autoware/install/control_performance_analysis
[15.446s] Invoking command in '/home/cityu/autoware/build/control_performance_analysis': AMENT_PREFIX_PATH=/home/cityu/autoware/install/motion_utils:/home/cityu/autoware/install/interpolation:/home/cityu/autoware/install/tier4_autoware_utils:/home/cityu/autoware/install/global_parameter_loader:/home/cityu/autoware/install/vehicle_info_util:/home/cityu/autoware/install/signal_processing:/home/cityu/autoware/install/autoware_auto_vehicle_msgs:/home/cityu/autoware/install/autoware_cmake:/home/cityu/autoware/install/autoware_auto_planning_msgs:/home/cityu/autoware/install/autoware_auto_perception_msgs:/home/cityu/autoware/install/tier4_debug_msgs:/home/cityu/autoware/install/autoware_lint_common:/home/cityu/autoware/install/autoware_auto_mapping_msgs:/home/cityu/autoware/install/autoware_auto_geometry_msgs:/home/cityu/autoware/install/autoware_auto_control_msgs:${AMENT_PREFIX_PATH} CMAKE_PREFIX_PATH=/home/cityu/autoware/install/motion_utils:/home/cityu/autoware/install/interpolation:/home/cityu/autoware/install/tier4_autoware_utils:/home/cityu/autoware/install/global_parameter_loader:/home/cityu/autoware/install/vehicle_info_util:/home/cityu/autoware/install/signal_processing:/home/cityu/autoware/install/autoware_auto_vehicle_msgs:/home/cityu/autoware/install/autoware_cmake:/home/cityu/autoware/install/autoware_auto_planning_msgs:/home/cityu/autoware/install/autoware_auto_perception_msgs:/home/cityu/autoware/install/tier4_debug_msgs:/home/cityu/autoware/install/autoware_lint_common:/home/cityu/autoware/install/autoware_auto_mapping_msgs:/home/cityu/autoware/install/autoware_auto_geometry_msgs:/home/cityu/autoware/install/autoware_auto_control_msgs:/opt/ros/galactic LD_LIBRARY_PATH=/home/cityu/autoware/install/motion_utils/lib:/home/cityu/autoware/install/interpolation/lib:/home/cityu/autoware/install/tier4_autoware_utils/lib:/home/cityu/autoware/install/vehicle_info_util/lib:/home/cityu/autoware/install/signal_processing/lib:/home/cityu/autoware/install/autoware_auto_vehicle_msgs/lib:/home/cityu/autoware/install/autoware_auto_planning_msgs/lib:/home/cityu/autoware/install/autoware_auto_perception_msgs/lib:/home/cityu/autoware/install/tier4_debug_msgs/lib:/home/cityu/autoware/install/autoware_auto_mapping_msgs/lib:/home/cityu/autoware/install/autoware_auto_geometry_msgs/lib:/home/cityu/autoware/install/autoware_auto_control_msgs/lib:${LD_LIBRARY_PATH} PYTHONPATH=/home/cityu/autoware/install/autoware_auto_vehicle_msgs/lib/python3.8/site-packages:/home/cityu/autoware/install/autoware_auto_planning_msgs/lib/python3.8/site-packages:/home/cityu/autoware/install/autoware_auto_perception_msgs/lib/python3.8/site-packages:/home/cityu/autoware/install/tier4_debug_msgs/lib/python3.8/site-packages:/home/cityu/autoware/install/autoware_auto_mapping_msgs/lib/python3.8/site-packages:/home/cityu/autoware/install/autoware_auto_geometry_msgs/lib/python3.8/site-packages:/home/cityu/autoware/install/autoware_auto_control_msgs/lib/python3.8/site-packages:${PYTHONPATH} /usr/bin/cmake --build /home/cityu/autoware/build/control_performance_analysis -- -j16 -l16
[16.548s] [  1%] Built target control_performance_analysis__cpp
[16.552s] [  4%] Built target control_performance_analysis_exe
[16.552s] [ 14%] Built target control_performance_analysis__rosidl_typesupport_fastrtps_cpp
[16.552s] [ 24%] Built target control_performance_analysis__rosidl_typesupport_introspection_cpp
[16.553s] [ 33%] Built target control_performance_analysis__rosidl_typesupport_cpp
[16.553s] [ 43%] Built target control_performance_analysis__rosidl_generator_c
[16.553s] [ 53%] Built target control_performance_analysis__rosidl_typesupport_fastrtps_c
[16.553s] [ 62%] Built target control_performance_analysis__rosidl_typesupport_c
[16.553s] [ 72%] Built target control_performance_analysis__rosidl_typesupport_introspection_c
[16.553s] [ 72%] Built target control_performance_analysis
[16.553s] [ 74%] [32m[1mLinking CXX shared library libcontrol_performance_analysis_core.so[0m
[16.553s] [ 77%] Built target control_performance_analysis_core
[16.553s] [ 79%] Built target control_performance_analysis__py
[16.555s] [ 80%] [32m[1mLinking CXX shared library libcontrol_performance_analysis_node.so[0m
[18.004s] [ 82%] Built target control_performance_analysis_node
[18.070s] [ 90%] Built target control_performance_analysis__python
[18.140s] [ 93%] Built target control_performance_analysis__rosidl_typesupport_c__pyext
[18.228s] [ 96%] Built target control_performance_analysis__rosidl_typesupport_fastrtps_c__pyext
[18.310s] [100%] Built target control_performance_analysis__rosidl_typesupport_introspection_c__pyext
[18.364s] Invoked command in '/home/cityu/autoware/build/control_performance_analysis' returned '0': AMENT_PREFIX_PATH=/home/cityu/autoware/install/motion_utils:/home/cityu/autoware/install/interpolation:/home/cityu/autoware/install/tier4_autoware_utils:/home/cityu/autoware/install/global_parameter_loader:/home/cityu/autoware/install/vehicle_info_util:/home/cityu/autoware/install/signal_processing:/home/cityu/autoware/install/autoware_auto_vehicle_msgs:/home/cityu/autoware/install/autoware_cmake:/home/cityu/autoware/install/autoware_auto_planning_msgs:/home/cityu/autoware/install/autoware_auto_perception_msgs:/home/cityu/autoware/install/tier4_debug_msgs:/home/cityu/autoware/install/autoware_lint_common:/home/cityu/autoware/install/autoware_auto_mapping_msgs:/home/cityu/autoware/install/autoware_auto_geometry_msgs:/home/cityu/autoware/install/autoware_auto_control_msgs:${AMENT_PREFIX_PATH} CMAKE_PREFIX_PATH=/home/cityu/autoware/install/motion_utils:/home/cityu/autoware/install/interpolation:/home/cityu/autoware/install/tier4_autoware_utils:/home/cityu/autoware/install/global_parameter_loader:/home/cityu/autoware/install/vehicle_info_util:/home/cityu/autoware/install/signal_processing:/home/cityu/autoware/install/autoware_auto_vehicle_msgs:/home/cityu/autoware/install/autoware_cmake:/home/cityu/autoware/install/autoware_auto_planning_msgs:/home/cityu/autoware/install/autoware_auto_perception_msgs:/home/cityu/autoware/install/tier4_debug_msgs:/home/cityu/autoware/install/autoware_lint_common:/home/cityu/autoware/install/autoware_auto_mapping_msgs:/home/cityu/autoware/install/autoware_auto_geometry_msgs:/home/cityu/autoware/install/autoware_auto_control_msgs:/opt/ros/galactic LD_LIBRARY_PATH=/home/cityu/autoware/install/motion_utils/lib:/home/cityu/autoware/install/interpolation/lib:/home/cityu/autoware/install/tier4_autoware_utils/lib:/home/cityu/autoware/install/vehicle_info_util/lib:/home/cityu/autoware/install/signal_processing/lib:/home/cityu/autoware/install/autoware_auto_vehicle_msgs/lib:/home/cityu/autoware/install/autoware_auto_planning_msgs/lib:/home/cityu/autoware/install/autoware_auto_perception_msgs/lib:/home/cityu/autoware/install/tier4_debug_msgs/lib:/home/cityu/autoware/install/autoware_auto_mapping_msgs/lib:/home/cityu/autoware/install/autoware_auto_geometry_msgs/lib:/home/cityu/autoware/install/autoware_auto_control_msgs/lib:${LD_LIBRARY_PATH} PYTHONPATH=/home/cityu/autoware/install/autoware_auto_vehicle_msgs/lib/python3.8/site-packages:/home/cityu/autoware/install/autoware_auto_planning_msgs/lib/python3.8/site-packages:/home/cityu/autoware/install/autoware_auto_perception_msgs/lib/python3.8/site-packages:/home/cityu/autoware/install/tier4_debug_msgs/lib/python3.8/site-packages:/home/cityu/autoware/install/autoware_auto_mapping_msgs/lib/python3.8/site-packages:/home/cityu/autoware/install/autoware_auto_geometry_msgs/lib/python3.8/site-packages:/home/cityu/autoware/install/autoware_auto_control_msgs/lib/python3.8/site-packages:${PYTHONPATH} /usr/bin/cmake --build /home/cityu/autoware/build/control_performance_analysis -- -j16 -l16
[18.584s] Invoking command in '/home/cityu/autoware/build/control_performance_analysis': AMENT_PREFIX_PATH=/home/cityu/autoware/install/motion_utils:/home/cityu/autoware/install/interpolation:/home/cityu/autoware/install/tier4_autoware_utils:/home/cityu/autoware/install/global_parameter_loader:/home/cityu/autoware/install/vehicle_info_util:/home/cityu/autoware/install/signal_processing:/home/cityu/autoware/install/autoware_auto_vehicle_msgs:/home/cityu/autoware/install/autoware_cmake:/home/cityu/autoware/install/autoware_auto_planning_msgs:/home/cityu/autoware/install/autoware_auto_perception_msgs:/home/cityu/autoware/install/tier4_debug_msgs:/home/cityu/autoware/install/autoware_lint_common:/home/cityu/autoware/install/autoware_auto_mapping_msgs:/home/cityu/autoware/install/autoware_auto_geometry_msgs:/home/cityu/autoware/install/autoware_auto_control_msgs:${AMENT_PREFIX_PATH} CMAKE_PREFIX_PATH=/home/cityu/autoware/install/motion_utils:/home/cityu/autoware/install/interpolation:/home/cityu/autoware/install/tier4_autoware_utils:/home/cityu/autoware/install/global_parameter_loader:/home/cityu/autoware/install/vehicle_info_util:/home/cityu/autoware/install/signal_processing:/home/cityu/autoware/install/autoware_auto_vehicle_msgs:/home/cityu/autoware/install/autoware_cmake:/home/cityu/autoware/install/autoware_auto_planning_msgs:/home/cityu/autoware/install/autoware_auto_perception_msgs:/home/cityu/autoware/install/tier4_debug_msgs:/home/cityu/autoware/install/autoware_lint_common:/home/cityu/autoware/install/autoware_auto_mapping_msgs:/home/cityu/autoware/install/autoware_auto_geometry_msgs:/home/cityu/autoware/install/autoware_auto_control_msgs:/opt/ros/galactic LD_LIBRARY_PATH=/home/cityu/autoware/install/motion_utils/lib:/home/cityu/autoware/install/interpolation/lib:/home/cityu/autoware/install/tier4_autoware_utils/lib:/home/cityu/autoware/install/vehicle_info_util/lib:/home/cityu/autoware/install/signal_processing/lib:/home/cityu/autoware/install/autoware_auto_vehicle_msgs/lib:/home/cityu/autoware/install/autoware_auto_planning_msgs/lib:/home/cityu/autoware/install/autoware_auto_perception_msgs/lib:/home/cityu/autoware/install/tier4_debug_msgs/lib:/home/cityu/autoware/install/autoware_auto_mapping_msgs/lib:/home/cityu/autoware/install/autoware_auto_geometry_msgs/lib:/home/cityu/autoware/install/autoware_auto_control_msgs/lib:${LD_LIBRARY_PATH} PYTHONPATH=/home/cityu/autoware/install/autoware_auto_vehicle_msgs/lib/python3.8/site-packages:/home/cityu/autoware/install/autoware_auto_planning_msgs/lib/python3.8/site-packages:/home/cityu/autoware/install/autoware_auto_perception_msgs/lib/python3.8/site-packages:/home/cityu/autoware/install/tier4_debug_msgs/lib/python3.8/site-packages:/home/cityu/autoware/install/autoware_auto_mapping_msgs/lib/python3.8/site-packages:/home/cityu/autoware/install/autoware_auto_geometry_msgs/lib/python3.8/site-packages:/home/cityu/autoware/install/autoware_auto_control_msgs/lib/python3.8/site-packages:${PYTHONPATH} /usr/bin/cmake --install /home/cityu/autoware/build/control_performance_analysis
[20.464s] -- Install configuration: "Release"
[20.464s] -- Execute custom install script
[20.464s] -- Up-to-date symlink: /home/cityu/autoware/install/control_performance_analysis/share/ament_index/resource_index/rosidl_interfaces/control_performance_analysis
[20.464s] -- Up-to-date symlink: /home/cityu/autoware/install/control_performance_analysis/include/control_performance_analysis/msg/detail/driving_monitor_stamped__functions.h
[20.464s] -- Up-to-date symlink: /home/cityu/autoware/install/control_performance_analysis/include/control_performance_analysis/msg/detail/driving_monitor_stamped__struct.h
[20.464s] -- Up-to-date symlink: /home/cityu/autoware/install/control_performance_analysis/include/control_performance_analysis/msg/detail/driving_monitor_stamped__type_support.h
[20.464s] -- Up-to-date symlink: /home/cityu/autoware/install/control_performance_analysis/include/control_performance_analysis/msg/detail/error__functions.h
[20.464s] -- Up-to-date symlink: /home/cityu/autoware/install/control_performance_analysis/include/control_performance_analysis/msg/detail/error__struct.h
[20.465s] -- Up-to-date symlink: /home/cityu/autoware/install/control_performance_analysis/include/control_performance_analysis/msg/detail/error__type_support.h
[20.465s] -- Up-to-date symlink: /home/cityu/autoware/install/control_performance_analysis/include/control_performance_analysis/msg/detail/error_stamped__functions.h
[20.465s] -- Up-to-date symlink: /home/cityu/autoware/install/control_performance_analysis/include/control_performance_analysis/msg/detail/error_stamped__struct.h
[20.465s] -- Up-to-date symlink: /home/cityu/autoware/install/control_performance_analysis/include/control_performance_analysis/msg/detail/error_stamped__type_support.h
[20.465s] -- Up-to-date symlink: /home/cityu/autoware/install/control_performance_analysis/include/control_performance_analysis/msg/detail/float_stamped__functions.h
[20.465s] -- Up-to-date symlink: /home/cityu/autoware/install/control_performance_analysis/include/control_performance_analysis/msg/detail/float_stamped__struct.h
[20.466s] -- Up-to-date symlink: /home/cityu/autoware/install/control_performance_analysis/include/control_performance_analysis/msg/detail/float_stamped__type_support.h
[20.466s] -- Up-to-date symlink: /home/cityu/autoware/install/control_performance_analysis/include/control_performance_analysis/msg/driving_monitor_stamped.h
[20.466s] -- Up-to-date symlink: /home/cityu/autoware/install/control_performance_analysis/include/control_performance_analysis/msg/error.h
[20.466s] -- Up-to-date symlink: /home/cityu/autoware/install/control_performance_analysis/include/control_performance_analysis/msg/error_stamped.h
[20.466s] -- Up-to-date symlink: /home/cityu/autoware/install/control_performance_analysis/include/control_performance_analysis/msg/float_stamped.h
[20.466s] -- Up-to-date symlink: /home/cityu/autoware/install/control_performance_analysis/include/control_performance_analysis/msg/rosidl_generator_c__visibility_control.h
[20.466s] -- Up-to-date symlink: /home/cityu/autoware/install/control_performance_analysis/share/control_performance_analysis/environment/library_path.sh
[20.466s] -- Up-to-date symlink: /home/cityu/autoware/install/control_performance_analysis/share/control_performance_analysis/environment/library_path.dsv
[20.466s] -- Up-to-date symlink: /home/cityu/autoware/install/control_performance_analysis/include/control_performance_analysis/msg/detail/driving_monitor_stamped__rosidl_typesupport_fastrtps_c.h
[20.466s] -- Up-to-date symlink: /home/cityu/autoware/install/control_performance_analysis/include/control_performance_analysis/msg/detail/error__rosidl_typesupport_fastrtps_c.h
[20.466s] -- Up-to-date symlink: /home/cityu/autoware/install/control_performance_analysis/include/control_performance_analysis/msg/detail/error_stamped__rosidl_typesupport_fastrtps_c.h
[20.467s] -- Up-to-date symlink: /home/cityu/autoware/install/control_performance_analysis/include/control_performance_analysis/msg/detail/float_stamped__rosidl_typesupport_fastrtps_c.h
[20.467s] -- Up-to-date symlink: /home/cityu/autoware/install/control_performance_analysis/include/control_performance_analysis/msg/rosidl_typesupport_fastrtps_c__visibility_control.h
[20.467s] -- Up-to-date symlink: /home/cityu/autoware/install/control_performance_analysis/lib/libcontrol_performance_analysis__rosidl_typesupport_fastrtps_c.so
[20.467s] -- Up-to-date symlink: /home/cityu/autoware/install/control_performance_analysis/include/control_performance_analysis/msg/detail/driving_monitor_stamped__rosidl_typesupport_fastrtps_cpp.hpp
[20.467s] -- Up-to-date symlink: /home/cityu/autoware/install/control_performance_analysis/include/control_performance_analysis/msg/detail/error__rosidl_typesupport_fastrtps_cpp.hpp
[20.467s] -- Up-to-date symlink: /home/cityu/autoware/install/control_performance_analysis/include/control_performance_analysis/msg/detail/error_stamped__rosidl_typesupport_fastrtps_cpp.hpp
[20.467s] -- Up-to-date symlink: /home/cityu/autoware/install/control_performance_analysis/include/control_performance_analysis/msg/detail/float_stamped__rosidl_typesupport_fastrtps_cpp.hpp
[20.467s] -- Up-to-date symlink: /home/cityu/autoware/install/control_performance_analysis/include/control_performance_analysis/msg/rosidl_typesupport_fastrtps_cpp__visibility_control.h
[20.467s] -- Up-to-date symlink: /home/cityu/autoware/install/control_performance_analysis/lib/libcontrol_performance_analysis__rosidl_typesupport_fastrtps_cpp.so
[20.468s] -- Up-to-date symlink: /home/cityu/autoware/install/control_performance_analysis/include/control_performance_analysis/msg/detail/driving_monitor_stamped__rosidl_typesupport_introspection_c.h
[20.468s] -- Up-to-date symlink: /home/cityu/autoware/install/control_performance_analysis/include/control_performance_analysis/msg/detail/error__rosidl_typesupport_introspection_c.h
[20.468s] -- Up-to-date symlink: /home/cityu/autoware/install/control_performance_analysis/include/control_performance_analysis/msg/detail/error_stamped__rosidl_typesupport_introspection_c.h
[20.468s] -- Up-to-date symlink: /home/cityu/autoware/install/control_performance_analysis/include/control_performance_analysis/msg/detail/float_stamped__rosidl_typesupport_introspection_c.h
[20.468s] -- Up-to-date symlink: /home/cityu/autoware/install/control_performance_analysis/include/control_performance_analysis/msg/rosidl_typesupport_introspection_c__visibility_control.h
[20.468s] -- Up-to-date symlink: /home/cityu/autoware/install/control_performance_analysis/include/control_performance_analysis/msg/detail/driving_monitor_stamped__builder.hpp
[20.468s] -- Up-to-date symlink: /home/cityu/autoware/install/control_performance_analysis/include/control_performance_analysis/msg/detail/driving_monitor_stamped__struct.hpp
[20.468s] -- Up-to-date symlink: /home/cityu/autoware/install/control_performance_analysis/include/control_performance_analysis/msg/detail/driving_monitor_stamped__traits.hpp
[20.468s] -- Up-to-date symlink: /home/cityu/autoware/install/control_performance_analysis/include/control_performance_analysis/msg/detail/error__builder.hpp
[20.468s] -- Up-to-date symlink: /home/cityu/autoware/install/control_performance_analysis/include/control_performance_analysis/msg/detail/error__struct.hpp
[20.468s] -- Up-to-date symlink: /home/cityu/autoware/install/control_performance_analysis/include/control_performance_analysis/msg/detail/error__traits.hpp
[20.469s] -- Up-to-date symlink: /home/cityu/autoware/install/control_performance_analysis/include/control_performance_analysis/msg/detail/error_stamped__builder.hpp
[20.469s] -- Up-to-date symlink: /home/cityu/autoware/install/control_performance_analysis/include/control_performance_analysis/msg/detail/error_stamped__struct.hpp
[20.469s] -- Up-to-date symlink: /home/cityu/autoware/install/control_performance_analysis/include/control_performance_analysis/msg/detail/error_stamped__traits.hpp
[20.469s] -- Up-to-date symlink: /home/cityu/autoware/install/control_performance_analysis/include/control_performance_analysis/msg/detail/float_stamped__builder.hpp
[20.469s] -- Up-to-date symlink: /home/cityu/autoware/install/control_performance_analysis/include/control_performance_analysis/msg/detail/float_stamped__struct.hpp
[20.469s] -- Up-to-date symlink: /home/cityu/autoware/install/control_performance_analysis/include/control_performance_analysis/msg/detail/float_stamped__traits.hpp
[20.469s] -- Up-to-date symlink: /home/cityu/autoware/install/control_performance_analysis/include/control_performance_analysis/msg/driving_monitor_stamped.hpp
[20.469s] -- Up-to-date symlink: /home/cityu/autoware/install/control_performance_analysis/include/control_performance_analysis/msg/error.hpp
[20.469s] -- Up-to-date symlink: /home/cityu/autoware/install/control_performance_analysis/include/control_performance_analysis/msg/error_stamped.hpp
[20.469s] -- Up-to-date symlink: /home/cityu/autoware/install/control_performance_analysis/include/control_performance_analysis/msg/float_stamped.hpp
[20.470s] -- Up-to-date symlink: /home/cityu/autoware/install/control_performance_analysis/include/control_performance_analysis/msg/detail/driving_monitor_stamped__rosidl_typesupport_introspection_cpp.hpp
[20.470s] -- Up-to-date symlink: /home/cityu/autoware/install/control_performance_analysis/include/control_performance_analysis/msg/detail/error__rosidl_typesupport_introspection_cpp.hpp
[20.470s] -- Up-to-date symlink: /home/cityu/autoware/install/control_performance_analysis/include/control_performance_analysis/msg/detail/error_stamped__rosidl_typesupport_introspection_cpp.hpp
[20.470s] -- Up-to-date symlink: /home/cityu/autoware/install/control_performance_analysis/include/control_performance_analysis/msg/detail/float_stamped__rosidl_typesupport_introspection_cpp.hpp
[20.470s] -- Up-to-date symlink: /home/cityu/autoware/install/control_performance_analysis/share/control_performance_analysis/environment/pythonpath.sh
[20.470s] -- Up-to-date symlink: /home/cityu/autoware/install/control_performance_analysis/share/control_performance_analysis/environment/pythonpath.dsv
[20.470s] -- Up-to-date symlink: /home/cityu/autoware/install/control_performance_analysis/lib/python3.8/site-packages/control_performance_analysis/__init__.py
[20.470s] -- Up-to-date symlink: /home/cityu/autoware/install/control_performance_analysis/lib/python3.8/site-packages/control_performance_analysis/msg/__init__.py
[20.470s] -- Up-to-date symlink: /home/cityu/autoware/install/control_performance_analysis/lib/python3.8/site-packages/control_performance_analysis/msg/_driving_monitor_stamped.py
[20.470s] -- Up-to-date symlink: /home/cityu/autoware/install/control_performance_analysis/lib/python3.8/site-packages/control_performance_analysis/msg/_error.py
[20.470s] -- Up-to-date symlink: /home/cityu/autoware/install/control_performance_analysis/lib/python3.8/site-packages/control_performance_analysis/msg/_error_stamped.py
[20.471s] -- Up-to-date symlink: /home/cityu/autoware/install/control_performance_analysis/lib/python3.8/site-packages/control_performance_analysis/msg/_float_stamped.py
[20.471s] -- Up-to-date symlink: /home/cityu/autoware/install/control_performance_analysis/lib/python3.8/site-packages/control_performance_analysis/control_performance_analysis_s__rosidl_typesupport_fastrtps_c.cpython-38-x86_64-linux-gnu.so
[20.476s] -- Up-to-date symlink: /home/cityu/autoware/install/control_performance_analysis/lib/python3.8/site-packages/control_performance_analysis/control_performance_analysis_s__rosidl_typesupport_introspection_c.cpython-38-x86_64-linux-gnu.so
[20.477s] -- Up-to-date symlink: /home/cityu/autoware/install/control_performance_analysis/lib/python3.8/site-packages/control_performance_analysis/control_performance_analysis_s__rosidl_typesupport_c.cpython-38-x86_64-linux-gnu.so
[20.477s] -- Up-to-date symlink: /home/cityu/autoware/install/control_performance_analysis/lib/libcontrol_performance_analysis__python.so
[20.477s] -- Up-to-date symlink: /home/cityu/autoware/install/control_performance_analysis/share/control_performance_analysis/msg/Error.idl
[20.477s] -- Up-to-date symlink: /home/cityu/autoware/install/control_performance_analysis/share/control_performance_analysis/msg/ErrorStamped.idl
[20.477s] -- Up-to-date symlink: /home/cityu/autoware/install/control_performance_analysis/share/control_performance_analysis/msg/DrivingMonitorStamped.idl
[20.477s] -- Up-to-date symlink: /home/cityu/autoware/install/control_performance_analysis/share/control_performance_analysis/msg/FloatStamped.idl
[20.477s] -- Up-to-date symlink: /home/cityu/autoware/install/control_performance_analysis/share/control_performance_analysis/msg/Error.msg
[20.477s] -- Up-to-date symlink: /home/cityu/autoware/install/control_performance_analysis/share/control_performance_analysis/msg/ErrorStamped.msg
[20.478s] -- Up-to-date symlink: /home/cityu/autoware/install/control_performance_analysis/share/control_performance_analysis/msg/DrivingMonitorStamped.msg
[20.478s] -- Up-to-date symlink: /home/cityu/autoware/install/control_performance_analysis/share/control_performance_analysis/msg/FloatStamped.msg
[20.478s] -- Up-to-date symlink: /home/cityu/autoware/install/control_performance_analysis/lib/control_performance_analysis/control_performance_analysis_exe
[20.478s] -- Up-to-date symlink: /home/cityu/autoware/install/control_performance_analysis/include/control_performance_analysis/control_performance_analysis_core.hpp
[20.478s] -- Up-to-date symlink: /home/cityu/autoware/install/control_performance_analysis/include/control_performance_analysis/control_performance_analysis_node.hpp
[20.478s] -- Up-to-date symlink: /home/cityu/autoware/install/control_performance_analysis/include/control_performance_analysis/control_performance_analysis_utils.hpp
[20.478s] -- Up-to-date symlink: /home/cityu/autoware/install/control_performance_analysis/lib/libcontrol_performance_analysis_core.so
[20.478s] -- Up-to-date symlink: /home/cityu/autoware/install/control_performance_analysis/lib/libcontrol_performance_analysis_node.so
[20.478s] -- Up-to-date symlink: /home/cityu/autoware/install/control_performance_analysis/share/control_performance_analysis/launch/controller_performance_analysis.launch.xml
[20.478s] -- Up-to-date symlink: /home/cityu/autoware/install/control_performance_analysis/share/control_performance_analysis/config/control_performance_analysis.param.yaml
[20.479s] -- Up-to-date symlink: /home/cityu/autoware/install/control_performance_analysis/share/control_performance_analysis/config/controller_monitor.xml
[20.479s] -- Up-to-date symlink: /home/cityu/autoware/install/control_performance_analysis/share/control_performance_analysis/config/error_rqt_multiplot.xml
[20.480s] -- Up-to-date symlink: /home/cityu/autoware/install/control_performance_analysis/share/ament_index/resource_index/package_run_dependencies/control_performance_analysis
[20.480s] -- Up-to-date symlink: /home/cityu/autoware/install/control_performance_analysis/share/ament_index/resource_index/parent_prefix_path/control_performance_analysis
[20.481s] -- Up-to-date symlink: /home/cityu/autoware/install/control_performance_analysis/share/control_performance_analysis/environment/ament_prefix_path.sh
[20.481s] -- Up-to-date symlink: /home/cityu/autoware/install/control_performance_analysis/share/control_performance_analysis/environment/ament_prefix_path.dsv
[20.481s] -- Up-to-date symlink: /home/cityu/autoware/install/control_performance_analysis/share/control_performance_analysis/environment/path.sh
[20.481s] -- Up-to-date symlink: /home/cityu/autoware/install/control_performance_analysis/share/control_performance_analysis/environment/path.dsv
[20.481s] -- Up-to-date symlink: /home/cityu/autoware/install/control_performance_analysis/share/control_performance_analysis/local_setup.bash
[20.481s] -- Up-to-date symlink: /home/cityu/autoware/install/control_performance_analysis/share/control_performance_analysis/local_setup.sh
[20.481s] -- Up-to-date symlink: /home/cityu/autoware/install/control_performance_analysis/share/control_performance_analysis/local_setup.zsh
[20.481s] -- Up-to-date symlink: /home/cityu/autoware/install/control_performance_analysis/share/control_performance_analysis/local_setup.dsv
[20.482s] -- Symlinking: /home/cityu/autoware/install/control_performance_analysis/share/control_performance_analysis/package.dsv
[20.482s] -- Up-to-date symlink: /home/cityu/autoware/install/control_performance_analysis/share/ament_index/resource_index/packages/control_performance_analysis
[20.482s] -- Up-to-date symlink: /home/cityu/autoware/install/control_performance_analysis/share/ament_index/resource_index/rclcpp_components/control_performance_analysis
[20.482s] -- Up-to-date symlink: /home/cityu/autoware/install/control_performance_analysis/share/control_performance_analysis/cmake/rosidl_cmake-extras.cmake
[20.482s] -- Up-to-date symlink: /home/cityu/autoware/install/control_performance_analysis/share/control_performance_analysis/cmake/ament_cmake_export_dependencies-extras.cmake
[20.482s] -- Up-to-date symlink: /home/cityu/autoware/install/control_performance_analysis/share/control_performance_analysis/cmake/ament_cmake_export_libraries-extras.cmake
[20.482s] -- Up-to-date symlink: /home/cityu/autoware/install/control_performance_analysis/share/control_performance_analysis/cmake/ament_cmake_export_targets-extras.cmake
[20.482s] -- Up-to-date symlink: /home/cityu/autoware/install/control_performance_analysis/share/control_performance_analysis/cmake/ament_cmake_export_include_directories-extras.cmake
[20.483s] -- Up-to-date symlink: /home/cityu/autoware/install/control_performance_analysis/share/control_performance_analysis/cmake/rosidl_cmake_export_typesupport_libraries-extras.cmake
[20.483s] -- Up-to-date symlink: /home/cityu/autoware/install/control_performance_analysis/share/control_performance_analysis/cmake/rosidl_cmake_export_typesupport_targets-extras.cmake
[20.483s] -- Up-to-date symlink: /home/cityu/autoware/install/control_performance_analysis/share/control_performance_analysis/cmake/control_performance_analysisConfig.cmake
[20.483s] -- Up-to-date symlink: /home/cityu/autoware/install/control_performance_analysis/share/control_performance_analysis/cmake/control_performance_analysisConfig-version.cmake
[20.483s] -- Up-to-date symlink: /home/cityu/autoware/install/control_performance_analysis/share/control_performance_analysis/package.xml
[20.483s] -- Up-to-date: /home/cityu/autoware/install/control_performance_analysis/lib/libcontrol_performance_analysis__rosidl_generator_c.so
[20.483s] -- Up-to-date: /home/cityu/autoware/install/control_performance_analysis/lib/libcontrol_performance_analysis__rosidl_typesupport_introspection_c.so
[20.484s] -- Up-to-date: /home/cityu/autoware/install/control_performance_analysis/lib/libcontrol_performance_analysis__rosidl_typesupport_c.so
[20.484s] -- Up-to-date: /home/cityu/autoware/install/control_performance_analysis/lib/libcontrol_performance_analysis__rosidl_typesupport_introspection_cpp.so
[20.484s] -- Up-to-date: /home/cityu/autoware/install/control_performance_analysis/lib/libcontrol_performance_analysis__rosidl_typesupport_cpp.so
[20.523s] Compiling '/home/cityu/autoware/install/control_performance_analysis/lib/python3.8/site-packages/control_performance_analysis/__init__.py'...
[20.534s] -- Up-to-date: /home/cityu/autoware/install/control_performance_analysis/share/control_performance_analysis/cmake/control_performance_analysis__rosidl_generator_cExport.cmake
[20.534s] -- Installing: /home/cityu/autoware/install/control_performance_analysis/share/control_performance_analysis/cmake/control_performance_analysis__rosidl_generator_cExport-release.cmake
[20.534s] -- Up-to-date: /home/cityu/autoware/install/control_performance_analysis/share/control_performance_analysis/cmake/control_performance_analysis__rosidl_typesupport_introspection_cExport.cmake
[20.534s] -- Installing: /home/cityu/autoware/install/control_performance_analysis/share/control_performance_analysis/cmake/control_performance_analysis__rosidl_typesupport_introspection_cExport-release.cmake
[20.534s] -- Up-to-date: /home/cityu/autoware/install/control_performance_analysis/share/control_performance_analysis/cmake/control_performance_analysis__rosidl_typesupport_cExport.cmake
[20.535s] -- Installing: /home/cityu/autoware/install/control_performance_analysis/share/control_performance_analysis/cmake/control_performance_analysis__rosidl_typesupport_cExport-release.cmake
[20.535s] -- Up-to-date: /home/cityu/autoware/install/control_performance_analysis/share/control_performance_analysis/cmake/control_performance_analysis__rosidl_generator_cppExport.cmake
[20.535s] -- Up-to-date: /home/cityu/autoware/install/control_performance_analysis/share/control_performance_analysis/cmake/control_performance_analysis__rosidl_typesupport_introspection_cppExport.cmake
[20.536s] -- Installing: /home/cityu/autoware/install/control_performance_analysis/share/control_performance_analysis/cmake/control_performance_analysis__rosidl_typesupport_introspection_cppExport-release.cmake
[20.536s] -- Up-to-date: /home/cityu/autoware/install/control_performance_analysis/share/control_performance_analysis/cmake/control_performance_analysis__rosidl_typesupport_cppExport.cmake
[20.536s] -- Installing: /home/cityu/autoware/install/control_performance_analysis/share/control_performance_analysis/cmake/control_performance_analysis__rosidl_typesupport_cppExport-release.cmake
[20.555s] Invoked command in '/home/cityu/autoware/build/control_performance_analysis' returned '0': AMENT_PREFIX_PATH=/home/cityu/autoware/install/motion_utils:/home/cityu/autoware/install/interpolation:/home/cityu/autoware/install/tier4_autoware_utils:/home/cityu/autoware/install/global_parameter_loader:/home/cityu/autoware/install/vehicle_info_util:/home/cityu/autoware/install/signal_processing:/home/cityu/autoware/install/autoware_auto_vehicle_msgs:/home/cityu/autoware/install/autoware_cmake:/home/cityu/autoware/install/autoware_auto_planning_msgs:/home/cityu/autoware/install/autoware_auto_perception_msgs:/home/cityu/autoware/install/tier4_debug_msgs:/home/cityu/autoware/install/autoware_lint_common:/home/cityu/autoware/install/autoware_auto_mapping_msgs:/home/cityu/autoware/install/autoware_auto_geometry_msgs:/home/cityu/autoware/install/autoware_auto_control_msgs:${AMENT_PREFIX_PATH} CMAKE_PREFIX_PATH=/home/cityu/autoware/install/motion_utils:/home/cityu/autoware/install/interpolation:/home/cityu/autoware/install/tier4_autoware_utils:/home/cityu/autoware/install/global_parameter_loader:/home/cityu/autoware/install/vehicle_info_util:/home/cityu/autoware/install/signal_processing:/home/cityu/autoware/install/autoware_auto_vehicle_msgs:/home/cityu/autoware/install/autoware_cmake:/home/cityu/autoware/install/autoware_auto_planning_msgs:/home/cityu/autoware/install/autoware_auto_perception_msgs:/home/cityu/autoware/install/tier4_debug_msgs:/home/cityu/autoware/install/autoware_lint_common:/home/cityu/autoware/install/autoware_auto_mapping_msgs:/home/cityu/autoware/install/autoware_auto_geometry_msgs:/home/cityu/autoware/install/autoware_auto_control_msgs:/opt/ros/galactic LD_LIBRARY_PATH=/home/cityu/autoware/install/motion_utils/lib:/home/cityu/autoware/install/interpolation/lib:/home/cityu/autoware/install/tier4_autoware_utils/lib:/home/cityu/autoware/install/vehicle_info_util/lib:/home/cityu/autoware/install/signal_processing/lib:/home/cityu/autoware/install/autoware_auto_vehicle_msgs/lib:/home/cityu/autoware/install/autoware_auto_planning_msgs/lib:/home/cityu/autoware/install/autoware_auto_perception_msgs/lib:/home/cityu/autoware/install/tier4_debug_msgs/lib:/home/cityu/autoware/install/autoware_auto_mapping_msgs/lib:/home/cityu/autoware/install/autoware_auto_geometry_msgs/lib:/home/cityu/autoware/install/autoware_auto_control_msgs/lib:${LD_LIBRARY_PATH} PYTHONPATH=/home/cityu/autoware/install/autoware_auto_vehicle_msgs/lib/python3.8/site-packages:/home/cityu/autoware/install/autoware_auto_planning_msgs/lib/python3.8/site-packages:/home/cityu/autoware/install/autoware_auto_perception_msgs/lib/python3.8/site-packages:/home/cityu/autoware/install/tier4_debug_msgs/lib/python3.8/site-packages:/home/cityu/autoware/install/autoware_auto_mapping_msgs/lib/python3.8/site-packages:/home/cityu/autoware/install/autoware_auto_geometry_msgs/lib/python3.8/site-packages:/home/cityu/autoware/install/autoware_auto_control_msgs/lib/python3.8/site-packages:${PYTHONPATH} /usr/bin/cmake --install /home/cityu/autoware/build/control_performance_analysis
