[0.251s] Invoking command in '/home/cityu/autoware/build/autoware_external_api_msgs': AMENT_PREFIX_PATH=/home/cityu/autoware/install/tier4_external_api_msgs:/home/cityu/autoware/install/autoware_lint_common:${AMENT_PREFIX_PATH} CMAKE_PREFIX_PATH=/home/cityu/autoware/install/tier4_external_api_msgs:/home/cityu/autoware/install/autoware_lint_common:/opt/ros/galactic LD_LIBRARY_PATH=/home/cityu/autoware/install/tier4_external_api_msgs/lib:${LD_LIBRARY_PATH} PYTHONPATH=/home/cityu/autoware/install/tier4_external_api_msgs/lib/python3.8/site-packages:${PYTHONPATH} /usr/bin/cmake /home/cityu/autoware/src/universe/external/tier4_ad_api_adaptor/autoware_external_api_msgs -DCMAKE_BUILD_TYPE=Release -DDOWNLOAD_ARTIFACTS=ON -DAMENT_CMAKE_SYMLINK_INSTALL=1 -DCMAKE_INSTALL_PREFIX=/home/cityu/autoware/install/autoware_external_api_msgs
[0.320s] -- Found ament_cmake_auto: 1.1.6 (/opt/ros/galactic/share/ament_cmake_auto/cmake)
[0.322s] -- Found PythonInterp: /usr/bin/python3 (found suitable version "3.8.10", minimum required is "3") 
[0.325s] -- Using PYTHON_EXECUTABLE: /usr/bin/python3
[0.366s] -- Override CMake install command with custom implementation using symlinks instead of copying resources
[0.470s] -- Using all available rosidl_typesupport_c: rosidl_typesupport_fastrtps_c;rosidl_typesupport_introspection_c
[0.479s] -- Found rosidl_adapter: 2.2.3 (/opt/ros/galactic/share/rosidl_adapter/cmake)
[0.608s] -- Using all available rosidl_typesupport_cpp: rosidl_typesupport_fastrtps_cpp;rosidl_typesupport_introspection_cpp
[1.076s] -- Found PythonInterp: /usr/bin/python3 (found version "3.8.10") 
[1.391s] -- Found ament_cmake_ros: 0.9.2 (/opt/ros/galactic/share/ament_cmake_ros/cmake)
[2.008s] -- Using all available rosidl_typesupport_c: rosidl_typesupport_fastrtps_c;rosidl_typesupport_introspection_c
[2.241s] -- Using all available rosidl_typesupport_cpp: rosidl_typesupport_fastrtps_cpp;rosidl_typesupport_introspection_cpp
[2.267s] -- Found PythonInterp: /usr/bin/python3 (found suitable version "3.8.10", minimum required is "3.5") 
[2.268s] -- Found python_cmake_module: 0.8.1 (/opt/ros/galactic/share/python_cmake_module/cmake)
[2.298s] -- Using PYTHON_EXECUTABLE: /usr/bin/python3
[2.298s] -- Using PYTHON_INCLUDE_DIRS: /usr/include/python3.8
[2.298s] -- Using PYTHON_LIBRARIES: /usr/lib/x86_64-linux-gnu/libpython3.8.so
[2.388s] -- Found ament_lint_auto: 0.10.7 (/opt/ros/galactic/share/ament_lint_auto/cmake)
[2.418s] -- Added test 'copyright' to check source files copyright and LICENSE
[2.419s] -- Added test 'lint_cmake' to check CMake code style
[2.420s] -- Added test 'xmllint' to check XML markup files
[2.420s] -- Configuring done
[2.492s] -- Generating done
[2.492s] CMake Warning:
[2.493s]   Manually-specified variables were not used by the project:
[2.493s] 
[2.493s]     DOWNLOAD_ARTIFACTS
[2.493s] 
[2.493s] 
[2.494s] -- Build files have been written to: /home/cityu/autoware/build/autoware_external_api_msgs
[2.664s] Invoked command in '/home/cityu/autoware/build/autoware_external_api_msgs' returned '0': AMENT_PREFIX_PATH=/home/cityu/autoware/install/tier4_external_api_msgs:/home/cityu/autoware/install/autoware_lint_common:${AMENT_PREFIX_PATH} CMAKE_PREFIX_PATH=/home/cityu/autoware/install/tier4_external_api_msgs:/home/cityu/autoware/install/autoware_lint_common:/opt/ros/galactic LD_LIBRARY_PATH=/home/cityu/autoware/install/tier4_external_api_msgs/lib:${LD_LIBRARY_PATH} PYTHONPATH=/home/cityu/autoware/install/tier4_external_api_msgs/lib/python3.8/site-packages:${PYTHONPATH} /usr/bin/cmake /home/cityu/autoware/src/universe/external/tier4_ad_api_adaptor/autoware_external_api_msgs -DCMAKE_BUILD_TYPE=Release -DDOWNLOAD_ARTIFACTS=ON -DAMENT_CMAKE_SYMLINK_INSTALL=1 -DCMAKE_INSTALL_PREFIX=/home/cityu/autoware/install/autoware_external_api_msgs
[2.665s] Invoking command in '/home/cityu/autoware/build/autoware_external_api_msgs': AMENT_PREFIX_PATH=/home/cityu/autoware/install/tier4_external_api_msgs:/home/cityu/autoware/install/autoware_lint_common:${AMENT_PREFIX_PATH} CMAKE_PREFIX_PATH=/home/cityu/autoware/install/tier4_external_api_msgs:/home/cityu/autoware/install/autoware_lint_common:/opt/ros/galactic LD_LIBRARY_PATH=/home/cityu/autoware/install/tier4_external_api_msgs/lib:${LD_LIBRARY_PATH} PYTHONPATH=/home/cityu/autoware/install/tier4_external_api_msgs/lib/python3.8/site-packages:${PYTHONPATH} /usr/bin/cmake --build /home/cityu/autoware/build/autoware_external_api_msgs -- -j16 -l16
[2.720s] [  2%] Built target autoware_external_api_msgs__cpp
[2.740s] [ 12%] Built target autoware_external_api_msgs__rosidl_generator_c
[2.768s] [ 23%] Built target autoware_external_api_msgs__rosidl_typesupport_fastrtps_cpp
[2.793s] [ 33%] Built target autoware_external_api_msgs__rosidl_typesupport_c
[2.821s] [ 43%] Built target autoware_external_api_msgs__rosidl_typesupport_fastrtps_c
[2.846s] [ 53%] Built target autoware_external_api_msgs__rosidl_typesupport_introspection_c
[2.867s] [ 64%] Built target autoware_external_api_msgs__rosidl_typesupport_introspection_cpp
[2.896s] [ 74%] Built target autoware_external_api_msgs__rosidl_typesupport_cpp
[2.912s] [ 74%] Built target autoware_external_api_msgs
[2.955s] [ 76%] Built target autoware_external_api_msgs__py
[2.988s] [ 84%] Built target autoware_external_api_msgs__python
[3.002s] [ 89%] Built target autoware_external_api_msgs__rosidl_typesupport_c__pyext
[3.046s] [ 94%] Built target autoware_external_api_msgs__rosidl_typesupport_fastrtps_c__pyext
[3.075s] [100%] Built target autoware_external_api_msgs__rosidl_typesupport_introspection_c__pyext
[3.141s] Invoked command in '/home/cityu/autoware/build/autoware_external_api_msgs' returned '0': AMENT_PREFIX_PATH=/home/cityu/autoware/install/tier4_external_api_msgs:/home/cityu/autoware/install/autoware_lint_common:${AMENT_PREFIX_PATH} CMAKE_PREFIX_PATH=/home/cityu/autoware/install/tier4_external_api_msgs:/home/cityu/autoware/install/autoware_lint_common:/opt/ros/galactic LD_LIBRARY_PATH=/home/cityu/autoware/install/tier4_external_api_msgs/lib:${LD_LIBRARY_PATH} PYTHONPATH=/home/cityu/autoware/install/tier4_external_api_msgs/lib/python3.8/site-packages:${PYTHONPATH} /usr/bin/cmake --build /home/cityu/autoware/build/autoware_external_api_msgs -- -j16 -l16
[3.237s] Invoking command in '/home/cityu/autoware/build/autoware_external_api_msgs': AMENT_PREFIX_PATH=/home/cityu/autoware/install/tier4_external_api_msgs:/home/cityu/autoware/install/autoware_lint_common:${AMENT_PREFIX_PATH} CMAKE_PREFIX_PATH=/home/cityu/autoware/install/tier4_external_api_msgs:/home/cityu/autoware/install/autoware_lint_common:/opt/ros/galactic LD_LIBRARY_PATH=/home/cityu/autoware/install/tier4_external_api_msgs/lib:${LD_LIBRARY_PATH} PYTHONPATH=/home/cityu/autoware/install/tier4_external_api_msgs/lib/python3.8/site-packages:${PYTHONPATH} /usr/bin/cmake --install /home/cityu/autoware/build/autoware_external_api_msgs
[4.805s] -- Install configuration: "Release"
[4.806s] -- Execute custom install script
[4.809s] -- Up-to-date symlink: /home/cityu/autoware/install/autoware_external_api_msgs/share/ament_index/resource_index/rosidl_interfaces/autoware_external_api_msgs
[4.810s] -- Up-to-date symlink: /home/cityu/autoware/install/autoware_external_api_msgs/include/autoware_external_api_msgs/msg/detail/response_status__functions.h
[4.810s] -- Up-to-date symlink: /home/cityu/autoware/install/autoware_external_api_msgs/include/autoware_external_api_msgs/msg/detail/response_status__struct.h
[4.810s] -- Up-to-date symlink: /home/cityu/autoware/install/autoware_external_api_msgs/include/autoware_external_api_msgs/msg/detail/response_status__type_support.h
[4.810s] -- Up-to-date symlink: /home/cityu/autoware/install/autoware_external_api_msgs/include/autoware_external_api_msgs/msg/response_status.h
[4.810s] -- Up-to-date symlink: /home/cityu/autoware/install/autoware_external_api_msgs/include/autoware_external_api_msgs/msg/rosidl_generator_c__visibility_control.h
[4.810s] -- Up-to-date symlink: /home/cityu/autoware/install/autoware_external_api_msgs/include/autoware_external_api_msgs/srv/detail/get_version__functions.h
[4.810s] -- Up-to-date symlink: /home/cityu/autoware/install/autoware_external_api_msgs/include/autoware_external_api_msgs/srv/detail/get_version__struct.h
[4.811s] -- Up-to-date symlink: /home/cityu/autoware/install/autoware_external_api_msgs/include/autoware_external_api_msgs/srv/detail/get_version__type_support.h
[4.811s] -- Up-to-date symlink: /home/cityu/autoware/install/autoware_external_api_msgs/include/autoware_external_api_msgs/srv/get_version.h
[4.811s] -- Up-to-date symlink: /home/cityu/autoware/install/autoware_external_api_msgs/share/autoware_external_api_msgs/environment/library_path.sh
[4.811s] -- Up-to-date symlink: /home/cityu/autoware/install/autoware_external_api_msgs/share/autoware_external_api_msgs/environment/library_path.dsv
[4.811s] -- Up-to-date symlink: /home/cityu/autoware/install/autoware_external_api_msgs/include/autoware_external_api_msgs/msg/detail/response_status__rosidl_typesupport_fastrtps_c.h
[4.811s] -- Up-to-date symlink: /home/cityu/autoware/install/autoware_external_api_msgs/include/autoware_external_api_msgs/msg/rosidl_typesupport_fastrtps_c__visibility_control.h
[4.811s] -- Up-to-date symlink: /home/cityu/autoware/install/autoware_external_api_msgs/include/autoware_external_api_msgs/srv/detail/get_version__rosidl_typesupport_fastrtps_c.h
[4.811s] -- Up-to-date symlink: /home/cityu/autoware/install/autoware_external_api_msgs/lib/libautoware_external_api_msgs__rosidl_typesupport_fastrtps_c.so
[4.811s] -- Up-to-date symlink: /home/cityu/autoware/install/autoware_external_api_msgs/include/autoware_external_api_msgs/msg/detail/response_status__rosidl_typesupport_fastrtps_cpp.hpp
[4.812s] -- Up-to-date symlink: /home/cityu/autoware/install/autoware_external_api_msgs/include/autoware_external_api_msgs/msg/rosidl_typesupport_fastrtps_cpp__visibility_control.h
[4.812s] -- Up-to-date symlink: /home/cityu/autoware/install/autoware_external_api_msgs/include/autoware_external_api_msgs/srv/detail/get_version__rosidl_typesupport_fastrtps_cpp.hpp
[4.812s] -- Up-to-date symlink: /home/cityu/autoware/install/autoware_external_api_msgs/lib/libautoware_external_api_msgs__rosidl_typesupport_fastrtps_cpp.so
[4.812s] -- Up-to-date symlink: /home/cityu/autoware/install/autoware_external_api_msgs/include/autoware_external_api_msgs/msg/detail/response_status__rosidl_typesupport_introspection_c.h
[4.812s] -- Up-to-date symlink: /home/cityu/autoware/install/autoware_external_api_msgs/include/autoware_external_api_msgs/msg/rosidl_typesupport_introspection_c__visibility_control.h
[4.812s] -- Up-to-date symlink: /home/cityu/autoware/install/autoware_external_api_msgs/include/autoware_external_api_msgs/srv/detail/get_version__rosidl_typesupport_introspection_c.h
[4.812s] -- Up-to-date symlink: /home/cityu/autoware/install/autoware_external_api_msgs/include/autoware_external_api_msgs/msg/detail/response_status__builder.hpp
[4.812s] -- Up-to-date symlink: /home/cityu/autoware/install/autoware_external_api_msgs/include/autoware_external_api_msgs/msg/detail/response_status__struct.hpp
[4.813s] -- Up-to-date symlink: /home/cityu/autoware/install/autoware_external_api_msgs/include/autoware_external_api_msgs/msg/detail/response_status__traits.hpp
[4.813s] -- Up-to-date symlink: /home/cityu/autoware/install/autoware_external_api_msgs/include/autoware_external_api_msgs/msg/response_status.hpp
[4.813s] -- Up-to-date symlink: /home/cityu/autoware/install/autoware_external_api_msgs/include/autoware_external_api_msgs/srv/detail/get_version__builder.hpp
[4.813s] -- Up-to-date symlink: /home/cityu/autoware/install/autoware_external_api_msgs/include/autoware_external_api_msgs/srv/detail/get_version__struct.hpp
[4.814s] -- Up-to-date symlink: /home/cityu/autoware/install/autoware_external_api_msgs/include/autoware_external_api_msgs/srv/detail/get_version__traits.hpp
[4.814s] -- Up-to-date symlink: /home/cityu/autoware/install/autoware_external_api_msgs/include/autoware_external_api_msgs/srv/get_version.hpp
[4.814s] -- Up-to-date symlink: /home/cityu/autoware/install/autoware_external_api_msgs/include/autoware_external_api_msgs/msg/detail/response_status__rosidl_typesupport_introspection_cpp.hpp
[4.814s] -- Up-to-date symlink: /home/cityu/autoware/install/autoware_external_api_msgs/include/autoware_external_api_msgs/srv/detail/get_version__rosidl_typesupport_introspection_cpp.hpp
[4.814s] -- Up-to-date symlink: /home/cityu/autoware/install/autoware_external_api_msgs/share/autoware_external_api_msgs/environment/pythonpath.sh
[4.814s] -- Up-to-date symlink: /home/cityu/autoware/install/autoware_external_api_msgs/share/autoware_external_api_msgs/environment/pythonpath.dsv
[4.814s] -- Up-to-date symlink: /home/cityu/autoware/install/autoware_external_api_msgs/lib/python3.8/site-packages/autoware_external_api_msgs/__init__.py
[4.814s] -- Up-to-date symlink: /home/cityu/autoware/install/autoware_external_api_msgs/lib/python3.8/site-packages/autoware_external_api_msgs/msg/__init__.py
[4.814s] -- Up-to-date symlink: /home/cityu/autoware/install/autoware_external_api_msgs/lib/python3.8/site-packages/autoware_external_api_msgs/msg/_response_status.py
[4.815s] -- Up-to-date symlink: /home/cityu/autoware/install/autoware_external_api_msgs/lib/python3.8/site-packages/autoware_external_api_msgs/srv/__init__.py
[4.815s] -- Up-to-date symlink: /home/cityu/autoware/install/autoware_external_api_msgs/lib/python3.8/site-packages/autoware_external_api_msgs/srv/_get_version.py
[4.815s] -- Up-to-date symlink: /home/cityu/autoware/install/autoware_external_api_msgs/lib/python3.8/site-packages/autoware_external_api_msgs/autoware_external_api_msgs_s__rosidl_typesupport_fastrtps_c.cpython-38-x86_64-linux-gnu.so
[4.815s] -- Up-to-date symlink: /home/cityu/autoware/install/autoware_external_api_msgs/lib/python3.8/site-packages/autoware_external_api_msgs/autoware_external_api_msgs_s__rosidl_typesupport_introspection_c.cpython-38-x86_64-linux-gnu.so
[4.815s] -- Up-to-date symlink: /home/cityu/autoware/install/autoware_external_api_msgs/lib/python3.8/site-packages/autoware_external_api_msgs/autoware_external_api_msgs_s__rosidl_typesupport_c.cpython-38-x86_64-linux-gnu.so
[4.815s] -- Up-to-date symlink: /home/cityu/autoware/install/autoware_external_api_msgs/lib/libautoware_external_api_msgs__python.so
[4.815s] -- Up-to-date symlink: /home/cityu/autoware/install/autoware_external_api_msgs/share/autoware_external_api_msgs/msg/ResponseStatus.idl
[4.815s] -- Up-to-date symlink: /home/cityu/autoware/install/autoware_external_api_msgs/share/autoware_external_api_msgs/srv/GetVersion.idl
[4.815s] -- Up-to-date symlink: /home/cityu/autoware/install/autoware_external_api_msgs/share/autoware_external_api_msgs/msg/ResponseStatus.msg
[4.816s] -- Up-to-date symlink: /home/cityu/autoware/install/autoware_external_api_msgs/share/autoware_external_api_msgs/srv/GetVersion.srv
[4.816s] -- Up-to-date symlink: /home/cityu/autoware/install/autoware_external_api_msgs/share/autoware_external_api_msgs/srv/GetVersion_Request.msg
[4.816s] -- Up-to-date symlink: /home/cityu/autoware/install/autoware_external_api_msgs/share/autoware_external_api_msgs/srv/GetVersion_Response.msg
[4.816s] -- Up-to-date symlink: /home/cityu/autoware/install/autoware_external_api_msgs/share/ament_index/resource_index/package_run_dependencies/autoware_external_api_msgs
[4.816s] -- Up-to-date symlink: /home/cityu/autoware/install/autoware_external_api_msgs/share/ament_index/resource_index/parent_prefix_path/autoware_external_api_msgs
[4.816s] -- Up-to-date symlink: /home/cityu/autoware/install/autoware_external_api_msgs/share/autoware_external_api_msgs/environment/ament_prefix_path.sh
[4.817s] -- Up-to-date symlink: /home/cityu/autoware/install/autoware_external_api_msgs/share/autoware_external_api_msgs/environment/ament_prefix_path.dsv
[4.817s] -- Up-to-date symlink: /home/cityu/autoware/install/autoware_external_api_msgs/share/autoware_external_api_msgs/environment/path.sh
[4.817s] -- Up-to-date symlink: /home/cityu/autoware/install/autoware_external_api_msgs/share/autoware_external_api_msgs/environment/path.dsv
[4.817s] -- Up-to-date symlink: /home/cityu/autoware/install/autoware_external_api_msgs/share/autoware_external_api_msgs/local_setup.bash
[4.817s] -- Up-to-date symlink: /home/cityu/autoware/install/autoware_external_api_msgs/share/autoware_external_api_msgs/local_setup.sh
[4.817s] -- Up-to-date symlink: /home/cityu/autoware/install/autoware_external_api_msgs/share/autoware_external_api_msgs/local_setup.zsh
[4.817s] -- Up-to-date symlink: /home/cityu/autoware/install/autoware_external_api_msgs/share/autoware_external_api_msgs/local_setup.dsv
[4.817s] -- Symlinking: /home/cityu/autoware/install/autoware_external_api_msgs/share/autoware_external_api_msgs/package.dsv
[4.817s] -- Up-to-date symlink: /home/cityu/autoware/install/autoware_external_api_msgs/share/ament_index/resource_index/packages/autoware_external_api_msgs
[4.818s] -- Up-to-date symlink: /home/cityu/autoware/install/autoware_external_api_msgs/share/autoware_external_api_msgs/cmake/rosidl_cmake-extras.cmake
[4.818s] -- Up-to-date symlink: /home/cityu/autoware/install/autoware_external_api_msgs/share/autoware_external_api_msgs/cmake/ament_cmake_export_dependencies-extras.cmake
[4.818s] -- Up-to-date symlink: /home/cityu/autoware/install/autoware_external_api_msgs/share/autoware_external_api_msgs/cmake/ament_cmake_export_libraries-extras.cmake
[4.818s] -- Up-to-date symlink: /home/cityu/autoware/install/autoware_external_api_msgs/share/autoware_external_api_msgs/cmake/ament_cmake_export_targets-extras.cmake
[4.818s] -- Up-to-date symlink: /home/cityu/autoware/install/autoware_external_api_msgs/share/autoware_external_api_msgs/cmake/ament_cmake_export_include_directories-extras.cmake
[4.818s] -- Up-to-date symlink: /home/cityu/autoware/install/autoware_external_api_msgs/share/autoware_external_api_msgs/cmake/rosidl_cmake_export_typesupport_libraries-extras.cmake
[4.818s] -- Up-to-date symlink: /home/cityu/autoware/install/autoware_external_api_msgs/share/autoware_external_api_msgs/cmake/rosidl_cmake_export_typesupport_targets-extras.cmake
[4.818s] -- Up-to-date symlink: /home/cityu/autoware/install/autoware_external_api_msgs/share/autoware_external_api_msgs/cmake/autoware_external_api_msgsConfig.cmake
[4.818s] -- Up-to-date symlink: /home/cityu/autoware/install/autoware_external_api_msgs/share/autoware_external_api_msgs/cmake/autoware_external_api_msgsConfig-version.cmake
[4.818s] -- Up-to-date symlink: /home/cityu/autoware/install/autoware_external_api_msgs/share/autoware_external_api_msgs/package.xml
[4.819s] -- Up-to-date: /home/cityu/autoware/install/autoware_external_api_msgs/lib/libautoware_external_api_msgs__rosidl_generator_c.so
[4.819s] -- Up-to-date: /home/cityu/autoware/install/autoware_external_api_msgs/lib/libautoware_external_api_msgs__rosidl_typesupport_introspection_c.so
[4.819s] -- Up-to-date: /home/cityu/autoware/install/autoware_external_api_msgs/lib/libautoware_external_api_msgs__rosidl_typesupport_c.so
[4.819s] -- Up-to-date: /home/cityu/autoware/install/autoware_external_api_msgs/lib/libautoware_external_api_msgs__rosidl_typesupport_introspection_cpp.so
[4.819s] -- Up-to-date: /home/cityu/autoware/install/autoware_external_api_msgs/lib/libautoware_external_api_msgs__rosidl_typesupport_cpp.so
[4.819s] Compiling '/home/cityu/autoware/install/autoware_external_api_msgs/lib/python3.8/site-packages/autoware_external_api_msgs/__init__.py'...
[4.819s] -- Up-to-date: /home/cityu/autoware/install/autoware_external_api_msgs/share/autoware_external_api_msgs/cmake/autoware_external_api_msgs__rosidl_generator_cExport.cmake
[4.819s] -- Installing: /home/cityu/autoware/install/autoware_external_api_msgs/share/autoware_external_api_msgs/cmake/autoware_external_api_msgs__rosidl_generator_cExport-release.cmake
[4.819s] -- Up-to-date: /home/cityu/autoware/install/autoware_external_api_msgs/share/autoware_external_api_msgs/cmake/autoware_external_api_msgs__rosidl_typesupport_introspection_cExport.cmake
[4.820s] -- Installing: /home/cityu/autoware/install/autoware_external_api_msgs/share/autoware_external_api_msgs/cmake/autoware_external_api_msgs__rosidl_typesupport_introspection_cExport-release.cmake
[4.820s] -- Up-to-date: /home/cityu/autoware/install/autoware_external_api_msgs/share/autoware_external_api_msgs/cmake/autoware_external_api_msgs__rosidl_typesupport_cExport.cmake
[4.820s] -- Installing: /home/cityu/autoware/install/autoware_external_api_msgs/share/autoware_external_api_msgs/cmake/autoware_external_api_msgs__rosidl_typesupport_cExport-release.cmake
[4.820s] -- Up-to-date: /home/cityu/autoware/install/autoware_external_api_msgs/share/autoware_external_api_msgs/cmake/autoware_external_api_msgs__rosidl_generator_cppExport.cmake
[4.820s] -- Up-to-date: /home/cityu/autoware/install/autoware_external_api_msgs/share/autoware_external_api_msgs/cmake/autoware_external_api_msgs__rosidl_typesupport_introspection_cppExport.cmake
[4.820s] -- Installing: /home/cityu/autoware/install/autoware_external_api_msgs/share/autoware_external_api_msgs/cmake/autoware_external_api_msgs__rosidl_typesupport_introspection_cppExport-release.cmake
[4.820s] -- Up-to-date: /home/cityu/autoware/install/autoware_external_api_msgs/share/autoware_external_api_msgs/cmake/autoware_external_api_msgs__rosidl_typesupport_cppExport.cmake
[4.820s] -- Installing: /home/cityu/autoware/install/autoware_external_api_msgs/share/autoware_external_api_msgs/cmake/autoware_external_api_msgs__rosidl_typesupport_cppExport-release.cmake
[4.828s] Invoked command in '/home/cityu/autoware/build/autoware_external_api_msgs' returned '0': AMENT_PREFIX_PATH=/home/cityu/autoware/install/tier4_external_api_msgs:/home/cityu/autoware/install/autoware_lint_common:${AMENT_PREFIX_PATH} CMAKE_PREFIX_PATH=/home/cityu/autoware/install/tier4_external_api_msgs:/home/cityu/autoware/install/autoware_lint_common:/opt/ros/galactic LD_LIBRARY_PATH=/home/cityu/autoware/install/tier4_external_api_msgs/lib:${LD_LIBRARY_PATH} PYTHONPATH=/home/cityu/autoware/install/tier4_external_api_msgs/lib/python3.8/site-packages:${PYTHONPATH} /usr/bin/cmake --install /home/cityu/autoware/build/autoware_external_api_msgs
