-- Found ament_cmake_auto: 1.1.6 (/opt/ros/galactic/share/ament_cmake_auto/cmake)
-- Using PYTHON_EXECUTABLE: /usr/bin/python3
-- Override CMake install command with custom implementation using symlinks instead of copying resources
-- Configuring done
-- Generating done
-- Build files have been written to: /home/cityu/autoware/build/camera_description
-- Install configuration: "Release"
-- Execute custom install script
-- Up-to-date symlink: /home/cityu/autoware/install/camera_description/share/camera_description/urdf/monocular_camera.xacro
-- Up-to-date symlink: /home/cityu/autoware/install/camera_description/share/ament_index/resource_index/package_run_dependencies/camera_description
-- Up-to-date symlink: /home/cityu/autoware/install/camera_description/share/ament_index/resource_index/parent_prefix_path/camera_description
-- Up-to-date symlink: /home/cityu/autoware/install/camera_description/share/camera_description/environment/ament_prefix_path.sh
-- Up-to-date symlink: /home/cityu/autoware/install/camera_description/share/camera_description/environment/ament_prefix_path.dsv
-- Up-to-date symlink: /home/cityu/autoware/install/camera_description/share/camera_description/environment/path.sh
-- Up-to-date symlink: /home/cityu/autoware/install/camera_description/share/camera_description/environment/path.dsv
-- Up-to-date symlink: /home/cityu/autoware/install/camera_description/share/camera_description/local_setup.bash
-- Up-to-date symlink: /home/cityu/autoware/install/camera_description/share/camera_description/local_setup.sh
-- Up-to-date symlink: /home/cityu/autoware/install/camera_description/share/camera_description/local_setup.zsh
-- Up-to-date symlink: /home/cityu/autoware/install/camera_description/share/camera_description/local_setup.dsv
-- Symlinking: /home/cityu/autoware/install/camera_description/share/camera_description/package.dsv
-- Up-to-date symlink: /home/cityu/autoware/install/camera_description/share/ament_index/resource_index/packages/camera_description
-- Up-to-date symlink: /home/cityu/autoware/install/camera_description/share/camera_description/cmake/camera_descriptionConfig.cmake
-- Up-to-date symlink: /home/cityu/autoware/install/camera_description/share/camera_description/cmake/camera_descriptionConfig-version.cmake
-- Up-to-date symlink: /home/cityu/autoware/install/camera_description/share/camera_description/package.xml
