[  2%] Built target tier4_rtc_msgs__cpp
[ 12%] Built target tier4_rtc_msgs__rosidl_generator_c
[ 24%] Built target tier4_rtc_msgs__rosidl_typesupport_introspection_cpp
[ 35%] Built target tier4_rtc_msgs__rosidl_typesupport_cpp
[ 47%] Built target tier4_rtc_msgs__rosidl_typesupport_fastrtps_cpp
[ 58%] Built target tier4_rtc_msgs__rosidl_typesupport_c
[ 70%] Built target tier4_rtc_msgs__rosidl_typesupport_introspection_c
[ 81%] Built target tier4_rtc_msgs__rosidl_typesupport_fastrtps_c
[ 81%] Built target tier4_rtc_msgs
[ 82%] Built target tier4_rtc_msgs__py
[ 93%] Built target tier4_rtc_msgs__python
[ 95%] Built target tier4_rtc_msgs__rosidl_typesupport_c__pyext
[ 97%] Built target tier4_rtc_msgs__rosidl_typesupport_fastrtps_c__pyext
[100%] Built target tier4_rtc_msgs__rosidl_typesupport_introspection_c__pyext
-- Install configuration: "Release"
-- Execute custom install script
-- Up-to-date symlink: /home/cityu/autoware/install/tier4_rtc_msgs/share/ament_index/resource_index/rosidl_interfaces/tier4_rtc_msgs
-- Up-to-date symlink: /home/cityu/autoware/install/tier4_rtc_msgs/include/tier4_rtc_msgs/msg/command.h
-- Up-to-date symlink: /home/cityu/autoware/install/tier4_rtc_msgs/include/tier4_rtc_msgs/msg/cooperate_command.h
-- Up-to-date symlink: /home/cityu/autoware/install/tier4_rtc_msgs/include/tier4_rtc_msgs/msg/cooperate_response.h
-- Up-to-date symlink: /home/cityu/autoware/install/tier4_rtc_msgs/include/tier4_rtc_msgs/msg/cooperate_status.h
-- Up-to-date symlink: /home/cityu/autoware/install/tier4_rtc_msgs/include/tier4_rtc_msgs/msg/cooperate_status_array.h
-- Up-to-date symlink: /home/cityu/autoware/install/tier4_rtc_msgs/include/tier4_rtc_msgs/msg/detail/command__functions.h
-- Up-to-date symlink: /home/cityu/autoware/install/tier4_rtc_msgs/include/tier4_rtc_msgs/msg/detail/command__struct.h
-- Up-to-date symlink: /home/cityu/autoware/install/tier4_rtc_msgs/include/tier4_rtc_msgs/msg/detail/command__type_support.h
-- Up-to-date symlink: /home/cityu/autoware/install/tier4_rtc_msgs/include/tier4_rtc_msgs/msg/detail/cooperate_command__functions.h
-- Up-to-date symlink: /home/cityu/autoware/install/tier4_rtc_msgs/include/tier4_rtc_msgs/msg/detail/cooperate_command__struct.h
-- Up-to-date symlink: /home/cityu/autoware/install/tier4_rtc_msgs/include/tier4_rtc_msgs/msg/detail/cooperate_command__type_support.h
-- Up-to-date symlink: /home/cityu/autoware/install/tier4_rtc_msgs/include/tier4_rtc_msgs/msg/detail/cooperate_response__functions.h
-- Up-to-date symlink: /home/cityu/autoware/install/tier4_rtc_msgs/include/tier4_rtc_msgs/msg/detail/cooperate_response__struct.h
-- Up-to-date symlink: /home/cityu/autoware/install/tier4_rtc_msgs/include/tier4_rtc_msgs/msg/detail/cooperate_response__type_support.h
-- Up-to-date symlink: /home/cityu/autoware/install/tier4_rtc_msgs/include/tier4_rtc_msgs/msg/detail/cooperate_status__functions.h
-- Up-to-date symlink: /home/cityu/autoware/install/tier4_rtc_msgs/include/tier4_rtc_msgs/msg/detail/cooperate_status__struct.h
-- Up-to-date symlink: /home/cityu/autoware/install/tier4_rtc_msgs/include/tier4_rtc_msgs/msg/detail/cooperate_status__type_support.h
-- Up-to-date symlink: /home/cityu/autoware/install/tier4_rtc_msgs/include/tier4_rtc_msgs/msg/detail/cooperate_status_array__functions.h
-- Up-to-date symlink: /home/cityu/autoware/install/tier4_rtc_msgs/include/tier4_rtc_msgs/msg/detail/cooperate_status_array__struct.h
-- Up-to-date symlink: /home/cityu/autoware/install/tier4_rtc_msgs/include/tier4_rtc_msgs/msg/detail/cooperate_status_array__type_support.h
-- Up-to-date symlink: /home/cityu/autoware/install/tier4_rtc_msgs/include/tier4_rtc_msgs/msg/detail/module__functions.h
-- Up-to-date symlink: /home/cityu/autoware/install/tier4_rtc_msgs/include/tier4_rtc_msgs/msg/detail/module__struct.h
-- Up-to-date symlink: /home/cityu/autoware/install/tier4_rtc_msgs/include/tier4_rtc_msgs/msg/detail/module__type_support.h
-- Up-to-date symlink: /home/cityu/autoware/install/tier4_rtc_msgs/include/tier4_rtc_msgs/msg/module.h
-- Up-to-date symlink: /home/cityu/autoware/install/tier4_rtc_msgs/include/tier4_rtc_msgs/msg/rosidl_generator_c__visibility_control.h
-- Up-to-date symlink: /home/cityu/autoware/install/tier4_rtc_msgs/include/tier4_rtc_msgs/srv/auto_mode.h
-- Up-to-date symlink: /home/cityu/autoware/install/tier4_rtc_msgs/include/tier4_rtc_msgs/srv/cooperate_commands.h
-- Up-to-date symlink: /home/cityu/autoware/install/tier4_rtc_msgs/include/tier4_rtc_msgs/srv/detail/auto_mode__functions.h
-- Up-to-date symlink: /home/cityu/autoware/install/tier4_rtc_msgs/include/tier4_rtc_msgs/srv/detail/auto_mode__struct.h
-- Up-to-date symlink: /home/cityu/autoware/install/tier4_rtc_msgs/include/tier4_rtc_msgs/srv/detail/auto_mode__type_support.h
-- Up-to-date symlink: /home/cityu/autoware/install/tier4_rtc_msgs/include/tier4_rtc_msgs/srv/detail/cooperate_commands__functions.h
-- Up-to-date symlink: /home/cityu/autoware/install/tier4_rtc_msgs/include/tier4_rtc_msgs/srv/detail/cooperate_commands__struct.h
-- Up-to-date symlink: /home/cityu/autoware/install/tier4_rtc_msgs/include/tier4_rtc_msgs/srv/detail/cooperate_commands__type_support.h
-- Up-to-date symlink: /home/cityu/autoware/install/tier4_rtc_msgs/share/tier4_rtc_msgs/environment/library_path.sh
-- Up-to-date symlink: /home/cityu/autoware/install/tier4_rtc_msgs/share/tier4_rtc_msgs/environment/library_path.dsv
-- Up-to-date symlink: /home/cityu/autoware/install/tier4_rtc_msgs/include/tier4_rtc_msgs/msg/detail/command__rosidl_typesupport_fastrtps_c.h
-- Up-to-date symlink: /home/cityu/autoware/install/tier4_rtc_msgs/include/tier4_rtc_msgs/msg/detail/cooperate_command__rosidl_typesupport_fastrtps_c.h
-- Up-to-date symlink: /home/cityu/autoware/install/tier4_rtc_msgs/include/tier4_rtc_msgs/msg/detail/cooperate_response__rosidl_typesupport_fastrtps_c.h
-- Up-to-date symlink: /home/cityu/autoware/install/tier4_rtc_msgs/include/tier4_rtc_msgs/msg/detail/cooperate_status__rosidl_typesupport_fastrtps_c.h
-- Up-to-date symlink: /home/cityu/autoware/install/tier4_rtc_msgs/include/tier4_rtc_msgs/msg/detail/cooperate_status_array__rosidl_typesupport_fastrtps_c.h
-- Up-to-date symlink: /home/cityu/autoware/install/tier4_rtc_msgs/include/tier4_rtc_msgs/msg/detail/module__rosidl_typesupport_fastrtps_c.h
-- Up-to-date symlink: /home/cityu/autoware/install/tier4_rtc_msgs/include/tier4_rtc_msgs/msg/rosidl_typesupport_fastrtps_c__visibility_control.h
-- Up-to-date symlink: /home/cityu/autoware/install/tier4_rtc_msgs/include/tier4_rtc_msgs/srv/detail/auto_mode__rosidl_typesupport_fastrtps_c.h
-- Up-to-date symlink: /home/cityu/autoware/install/tier4_rtc_msgs/include/tier4_rtc_msgs/srv/detail/cooperate_commands__rosidl_typesupport_fastrtps_c.h
-- Up-to-date symlink: /home/cityu/autoware/install/tier4_rtc_msgs/lib/libtier4_rtc_msgs__rosidl_typesupport_fastrtps_c.so
-- Up-to-date symlink: /home/cityu/autoware/install/tier4_rtc_msgs/include/tier4_rtc_msgs/msg/detail/command__rosidl_typesupport_fastrtps_cpp.hpp
-- Up-to-date symlink: /home/cityu/autoware/install/tier4_rtc_msgs/include/tier4_rtc_msgs/msg/detail/cooperate_command__rosidl_typesupport_fastrtps_cpp.hpp
-- Up-to-date symlink: /home/cityu/autoware/install/tier4_rtc_msgs/include/tier4_rtc_msgs/msg/detail/cooperate_response__rosidl_typesupport_fastrtps_cpp.hpp
-- Up-to-date symlink: /home/cityu/autoware/install/tier4_rtc_msgs/include/tier4_rtc_msgs/msg/detail/cooperate_status__rosidl_typesupport_fastrtps_cpp.hpp
-- Up-to-date symlink: /home/cityu/autoware/install/tier4_rtc_msgs/include/tier4_rtc_msgs/msg/detail/cooperate_status_array__rosidl_typesupport_fastrtps_cpp.hpp
-- Up-to-date symlink: /home/cityu/autoware/install/tier4_rtc_msgs/include/tier4_rtc_msgs/msg/detail/module__rosidl_typesupport_fastrtps_cpp.hpp
-- Up-to-date symlink: /home/cityu/autoware/install/tier4_rtc_msgs/include/tier4_rtc_msgs/msg/rosidl_typesupport_fastrtps_cpp__visibility_control.h
-- Up-to-date symlink: /home/cityu/autoware/install/tier4_rtc_msgs/include/tier4_rtc_msgs/srv/detail/auto_mode__rosidl_typesupport_fastrtps_cpp.hpp
-- Up-to-date symlink: /home/cityu/autoware/install/tier4_rtc_msgs/include/tier4_rtc_msgs/srv/detail/cooperate_commands__rosidl_typesupport_fastrtps_cpp.hpp
-- Up-to-date symlink: /home/cityu/autoware/install/tier4_rtc_msgs/lib/libtier4_rtc_msgs__rosidl_typesupport_fastrtps_cpp.so
-- Up-to-date symlink: /home/cityu/autoware/install/tier4_rtc_msgs/include/tier4_rtc_msgs/msg/detail/command__rosidl_typesupport_introspection_c.h
-- Up-to-date symlink: /home/cityu/autoware/install/tier4_rtc_msgs/include/tier4_rtc_msgs/msg/detail/cooperate_command__rosidl_typesupport_introspection_c.h
-- Up-to-date symlink: /home/cityu/autoware/install/tier4_rtc_msgs/include/tier4_rtc_msgs/msg/detail/cooperate_response__rosidl_typesupport_introspection_c.h
-- Up-to-date symlink: /home/cityu/autoware/install/tier4_rtc_msgs/include/tier4_rtc_msgs/msg/detail/cooperate_status__rosidl_typesupport_introspection_c.h
-- Up-to-date symlink: /home/cityu/autoware/install/tier4_rtc_msgs/include/tier4_rtc_msgs/msg/detail/cooperate_status_array__rosidl_typesupport_introspection_c.h
-- Up-to-date symlink: /home/cityu/autoware/install/tier4_rtc_msgs/include/tier4_rtc_msgs/msg/detail/module__rosidl_typesupport_introspection_c.h
-- Up-to-date symlink: /home/cityu/autoware/install/tier4_rtc_msgs/include/tier4_rtc_msgs/msg/rosidl_typesupport_introspection_c__visibility_control.h
-- Up-to-date symlink: /home/cityu/autoware/install/tier4_rtc_msgs/include/tier4_rtc_msgs/srv/detail/auto_mode__rosidl_typesupport_introspection_c.h
-- Up-to-date symlink: /home/cityu/autoware/install/tier4_rtc_msgs/include/tier4_rtc_msgs/srv/detail/cooperate_commands__rosidl_typesupport_introspection_c.h
-- Up-to-date symlink: /home/cityu/autoware/install/tier4_rtc_msgs/include/tier4_rtc_msgs/msg/command.hpp
-- Up-to-date symlink: /home/cityu/autoware/install/tier4_rtc_msgs/include/tier4_rtc_msgs/msg/cooperate_command.hpp
-- Up-to-date symlink: /home/cityu/autoware/install/tier4_rtc_msgs/include/tier4_rtc_msgs/msg/cooperate_response.hpp
-- Up-to-date symlink: /home/cityu/autoware/install/tier4_rtc_msgs/include/tier4_rtc_msgs/msg/cooperate_status.hpp
-- Up-to-date symlink: /home/cityu/autoware/install/tier4_rtc_msgs/include/tier4_rtc_msgs/msg/cooperate_status_array.hpp
-- Up-to-date symlink: /home/cityu/autoware/install/tier4_rtc_msgs/include/tier4_rtc_msgs/msg/detail/command__builder.hpp
-- Up-to-date symlink: /home/cityu/autoware/install/tier4_rtc_msgs/include/tier4_rtc_msgs/msg/detail/command__struct.hpp
-- Up-to-date symlink: /home/cityu/autoware/install/tier4_rtc_msgs/include/tier4_rtc_msgs/msg/detail/command__traits.hpp
-- Up-to-date symlink: /home/cityu/autoware/install/tier4_rtc_msgs/include/tier4_rtc_msgs/msg/detail/cooperate_command__builder.hpp
-- Up-to-date symlink: /home/cityu/autoware/install/tier4_rtc_msgs/include/tier4_rtc_msgs/msg/detail/cooperate_command__struct.hpp
-- Up-to-date symlink: /home/cityu/autoware/install/tier4_rtc_msgs/include/tier4_rtc_msgs/msg/detail/cooperate_command__traits.hpp
-- Up-to-date symlink: /home/cityu/autoware/install/tier4_rtc_msgs/include/tier4_rtc_msgs/msg/detail/cooperate_response__builder.hpp
-- Up-to-date symlink: /home/cityu/autoware/install/tier4_rtc_msgs/include/tier4_rtc_msgs/msg/detail/cooperate_response__struct.hpp
-- Up-to-date symlink: /home/cityu/autoware/install/tier4_rtc_msgs/include/tier4_rtc_msgs/msg/detail/cooperate_response__traits.hpp
-- Up-to-date symlink: /home/cityu/autoware/install/tier4_rtc_msgs/include/tier4_rtc_msgs/msg/detail/cooperate_status__builder.hpp
-- Up-to-date symlink: /home/cityu/autoware/install/tier4_rtc_msgs/include/tier4_rtc_msgs/msg/detail/cooperate_status__struct.hpp
-- Up-to-date symlink: /home/cityu/autoware/install/tier4_rtc_msgs/include/tier4_rtc_msgs/msg/detail/cooperate_status__traits.hpp
-- Up-to-date symlink: /home/cityu/autoware/install/tier4_rtc_msgs/include/tier4_rtc_msgs/msg/detail/cooperate_status_array__builder.hpp
-- Up-to-date symlink: /home/cityu/autoware/install/tier4_rtc_msgs/include/tier4_rtc_msgs/msg/detail/cooperate_status_array__struct.hpp
-- Up-to-date symlink: /home/cityu/autoware/install/tier4_rtc_msgs/include/tier4_rtc_msgs/msg/detail/cooperate_status_array__traits.hpp
-- Up-to-date symlink: /home/cityu/autoware/install/tier4_rtc_msgs/include/tier4_rtc_msgs/msg/detail/module__builder.hpp
-- Up-to-date symlink: /home/cityu/autoware/install/tier4_rtc_msgs/include/tier4_rtc_msgs/msg/detail/module__struct.hpp
-- Up-to-date symlink: /home/cityu/autoware/install/tier4_rtc_msgs/include/tier4_rtc_msgs/msg/detail/module__traits.hpp
-- Up-to-date symlink: /home/cityu/autoware/install/tier4_rtc_msgs/include/tier4_rtc_msgs/msg/module.hpp
-- Up-to-date symlink: /home/cityu/autoware/install/tier4_rtc_msgs/include/tier4_rtc_msgs/srv/auto_mode.hpp
-- Up-to-date symlink: /home/cityu/autoware/install/tier4_rtc_msgs/include/tier4_rtc_msgs/srv/cooperate_commands.hpp
-- Up-to-date symlink: /home/cityu/autoware/install/tier4_rtc_msgs/include/tier4_rtc_msgs/srv/detail/auto_mode__builder.hpp
-- Up-to-date symlink: /home/cityu/autoware/install/tier4_rtc_msgs/include/tier4_rtc_msgs/srv/detail/auto_mode__struct.hpp
-- Up-to-date symlink: /home/cityu/autoware/install/tier4_rtc_msgs/include/tier4_rtc_msgs/srv/detail/auto_mode__traits.hpp
-- Up-to-date symlink: /home/cityu/autoware/install/tier4_rtc_msgs/include/tier4_rtc_msgs/srv/detail/cooperate_commands__builder.hpp
-- Up-to-date symlink: /home/cityu/autoware/install/tier4_rtc_msgs/include/tier4_rtc_msgs/srv/detail/cooperate_commands__struct.hpp
-- Up-to-date symlink: /home/cityu/autoware/install/tier4_rtc_msgs/include/tier4_rtc_msgs/srv/detail/cooperate_commands__traits.hpp
-- Up-to-date symlink: /home/cityu/autoware/install/tier4_rtc_msgs/include/tier4_rtc_msgs/msg/detail/command__rosidl_typesupport_introspection_cpp.hpp
-- Up-to-date symlink: /home/cityu/autoware/install/tier4_rtc_msgs/include/tier4_rtc_msgs/msg/detail/cooperate_command__rosidl_typesupport_introspection_cpp.hpp
-- Up-to-date symlink: /home/cityu/autoware/install/tier4_rtc_msgs/include/tier4_rtc_msgs/msg/detail/cooperate_response__rosidl_typesupport_introspection_cpp.hpp
-- Up-to-date symlink: /home/cityu/autoware/install/tier4_rtc_msgs/include/tier4_rtc_msgs/msg/detail/cooperate_status__rosidl_typesupport_introspection_cpp.hpp
-- Up-to-date symlink: /home/cityu/autoware/install/tier4_rtc_msgs/include/tier4_rtc_msgs/msg/detail/cooperate_status_array__rosidl_typesupport_introspection_cpp.hpp
-- Up-to-date symlink: /home/cityu/autoware/install/tier4_rtc_msgs/include/tier4_rtc_msgs/msg/detail/module__rosidl_typesupport_introspection_cpp.hpp
-- Up-to-date symlink: /home/cityu/autoware/install/tier4_rtc_msgs/include/tier4_rtc_msgs/srv/detail/auto_mode__rosidl_typesupport_introspection_cpp.hpp
-- Up-to-date symlink: /home/cityu/autoware/install/tier4_rtc_msgs/include/tier4_rtc_msgs/srv/detail/cooperate_commands__rosidl_typesupport_introspection_cpp.hpp
-- Up-to-date symlink: /home/cityu/autoware/install/tier4_rtc_msgs/share/tier4_rtc_msgs/environment/pythonpath.sh
-- Up-to-date symlink: /home/cityu/autoware/install/tier4_rtc_msgs/share/tier4_rtc_msgs/environment/pythonpath.dsv
-- Up-to-date symlink: /home/cityu/autoware/install/tier4_rtc_msgs/lib/python3.8/site-packages/tier4_rtc_msgs/__init__.py
-- Up-to-date symlink: /home/cityu/autoware/install/tier4_rtc_msgs/lib/python3.8/site-packages/tier4_rtc_msgs/msg/__init__.py
-- Up-to-date symlink: /home/cityu/autoware/install/tier4_rtc_msgs/lib/python3.8/site-packages/tier4_rtc_msgs/msg/_command.py
-- Up-to-date symlink: /home/cityu/autoware/install/tier4_rtc_msgs/lib/python3.8/site-packages/tier4_rtc_msgs/msg/_cooperate_command.py
-- Up-to-date symlink: /home/cityu/autoware/install/tier4_rtc_msgs/lib/python3.8/site-packages/tier4_rtc_msgs/msg/_cooperate_response.py
-- Up-to-date symlink: /home/cityu/autoware/install/tier4_rtc_msgs/lib/python3.8/site-packages/tier4_rtc_msgs/msg/_cooperate_status.py
-- Up-to-date symlink: /home/cityu/autoware/install/tier4_rtc_msgs/lib/python3.8/site-packages/tier4_rtc_msgs/msg/_cooperate_status_array.py
-- Up-to-date symlink: /home/cityu/autoware/install/tier4_rtc_msgs/lib/python3.8/site-packages/tier4_rtc_msgs/msg/_module.py
-- Up-to-date symlink: /home/cityu/autoware/install/tier4_rtc_msgs/lib/python3.8/site-packages/tier4_rtc_msgs/srv/__init__.py
-- Up-to-date symlink: /home/cityu/autoware/install/tier4_rtc_msgs/lib/python3.8/site-packages/tier4_rtc_msgs/srv/_auto_mode.py
-- Up-to-date symlink: /home/cityu/autoware/install/tier4_rtc_msgs/lib/python3.8/site-packages/tier4_rtc_msgs/srv/_cooperate_commands.py
-- Up-to-date symlink: /home/cityu/autoware/install/tier4_rtc_msgs/lib/python3.8/site-packages/tier4_rtc_msgs/tier4_rtc_msgs_s__rosidl_typesupport_fastrtps_c.cpython-38-x86_64-linux-gnu.so
-- Up-to-date symlink: /home/cityu/autoware/install/tier4_rtc_msgs/lib/python3.8/site-packages/tier4_rtc_msgs/tier4_rtc_msgs_s__rosidl_typesupport_introspection_c.cpython-38-x86_64-linux-gnu.so
-- Up-to-date symlink: /home/cityu/autoware/install/tier4_rtc_msgs/lib/python3.8/site-packages/tier4_rtc_msgs/tier4_rtc_msgs_s__rosidl_typesupport_c.cpython-38-x86_64-linux-gnu.so
-- Up-to-date symlink: /home/cityu/autoware/install/tier4_rtc_msgs/lib/libtier4_rtc_msgs__python.so
-- Up-to-date symlink: /home/cityu/autoware/install/tier4_rtc_msgs/share/tier4_rtc_msgs/msg/Command.idl
-- Up-to-date symlink: /home/cityu/autoware/install/tier4_rtc_msgs/share/tier4_rtc_msgs/msg/CooperateCommand.idl
-- Up-to-date symlink: /home/cityu/autoware/install/tier4_rtc_msgs/share/tier4_rtc_msgs/msg/CooperateResponse.idl
-- Up-to-date symlink: /home/cityu/autoware/install/tier4_rtc_msgs/share/tier4_rtc_msgs/msg/CooperateStatus.idl
-- Up-to-date symlink: /home/cityu/autoware/install/tier4_rtc_msgs/share/tier4_rtc_msgs/msg/CooperateStatusArray.idl
-- Up-to-date symlink: /home/cityu/autoware/install/tier4_rtc_msgs/share/tier4_rtc_msgs/msg/Module.idl
-- Up-to-date symlink: /home/cityu/autoware/install/tier4_rtc_msgs/share/tier4_rtc_msgs/srv/AutoMode.idl
-- Up-to-date symlink: /home/cityu/autoware/install/tier4_rtc_msgs/share/tier4_rtc_msgs/srv/CooperateCommands.idl
-- Up-to-date symlink: /home/cityu/autoware/install/tier4_rtc_msgs/share/tier4_rtc_msgs/msg/Command.msg
-- Up-to-date symlink: /home/cityu/autoware/install/tier4_rtc_msgs/share/tier4_rtc_msgs/msg/CooperateCommand.msg
-- Up-to-date symlink: /home/cityu/autoware/install/tier4_rtc_msgs/share/tier4_rtc_msgs/msg/CooperateResponse.msg
-- Up-to-date symlink: /home/cityu/autoware/install/tier4_rtc_msgs/share/tier4_rtc_msgs/msg/CooperateStatus.msg
-- Up-to-date symlink: /home/cityu/autoware/install/tier4_rtc_msgs/share/tier4_rtc_msgs/msg/CooperateStatusArray.msg
-- Up-to-date symlink: /home/cityu/autoware/install/tier4_rtc_msgs/share/tier4_rtc_msgs/msg/Module.msg
-- Up-to-date symlink: /home/cityu/autoware/install/tier4_rtc_msgs/share/tier4_rtc_msgs/srv/AutoMode.srv
-- Up-to-date symlink: /home/cityu/autoware/install/tier4_rtc_msgs/share/tier4_rtc_msgs/srv/AutoMode_Request.msg
-- Up-to-date symlink: /home/cityu/autoware/install/tier4_rtc_msgs/share/tier4_rtc_msgs/srv/AutoMode_Response.msg
-- Up-to-date symlink: /home/cityu/autoware/install/tier4_rtc_msgs/share/tier4_rtc_msgs/srv/CooperateCommands.srv
-- Up-to-date symlink: /home/cityu/autoware/install/tier4_rtc_msgs/share/tier4_rtc_msgs/srv/CooperateCommands_Request.msg
-- Up-to-date symlink: /home/cityu/autoware/install/tier4_rtc_msgs/share/tier4_rtc_msgs/srv/CooperateCommands_Response.msg
-- Up-to-date symlink: /home/cityu/autoware/install/tier4_rtc_msgs/share/ament_index/resource_index/package_run_dependencies/tier4_rtc_msgs
-- Up-to-date symlink: /home/cityu/autoware/install/tier4_rtc_msgs/share/ament_index/resource_index/parent_prefix_path/tier4_rtc_msgs
-- Up-to-date symlink: /home/cityu/autoware/install/tier4_rtc_msgs/share/tier4_rtc_msgs/environment/ament_prefix_path.sh
-- Up-to-date symlink: /home/cityu/autoware/install/tier4_rtc_msgs/share/tier4_rtc_msgs/environment/ament_prefix_path.dsv
-- Up-to-date symlink: /home/cityu/autoware/install/tier4_rtc_msgs/share/tier4_rtc_msgs/environment/path.sh
-- Up-to-date symlink: /home/cityu/autoware/install/tier4_rtc_msgs/share/tier4_rtc_msgs/environment/path.dsv
-- Up-to-date symlink: /home/cityu/autoware/install/tier4_rtc_msgs/share/tier4_rtc_msgs/local_setup.bash
-- Up-to-date symlink: /home/cityu/autoware/install/tier4_rtc_msgs/share/tier4_rtc_msgs/local_setup.sh
-- Up-to-date symlink: /home/cityu/autoware/install/tier4_rtc_msgs/share/tier4_rtc_msgs/local_setup.zsh
-- Up-to-date symlink: /home/cityu/autoware/install/tier4_rtc_msgs/share/tier4_rtc_msgs/local_setup.dsv
-- Symlinking: /home/cityu/autoware/install/tier4_rtc_msgs/share/tier4_rtc_msgs/package.dsv
-- Up-to-date symlink: /home/cityu/autoware/install/tier4_rtc_msgs/share/ament_index/resource_index/packages/tier4_rtc_msgs
-- Up-to-date symlink: /home/cityu/autoware/install/tier4_rtc_msgs/share/tier4_rtc_msgs/cmake/rosidl_cmake-extras.cmake
-- Up-to-date symlink: /home/cityu/autoware/install/tier4_rtc_msgs/share/tier4_rtc_msgs/cmake/ament_cmake_export_dependencies-extras.cmake
-- Up-to-date symlink: /home/cityu/autoware/install/tier4_rtc_msgs/share/tier4_rtc_msgs/cmake/ament_cmake_export_libraries-extras.cmake
-- Up-to-date symlink: /home/cityu/autoware/install/tier4_rtc_msgs/share/tier4_rtc_msgs/cmake/ament_cmake_export_targets-extras.cmake
-- Up-to-date symlink: /home/cityu/autoware/install/tier4_rtc_msgs/share/tier4_rtc_msgs/cmake/ament_cmake_export_include_directories-extras.cmake
-- Up-to-date symlink: /home/cityu/autoware/install/tier4_rtc_msgs/share/tier4_rtc_msgs/cmake/rosidl_cmake_export_typesupport_libraries-extras.cmake
-- Up-to-date symlink: /home/cityu/autoware/install/tier4_rtc_msgs/share/tier4_rtc_msgs/cmake/rosidl_cmake_export_typesupport_targets-extras.cmake
-- Up-to-date symlink: /home/cityu/autoware/install/tier4_rtc_msgs/share/tier4_rtc_msgs/cmake/tier4_rtc_msgsConfig.cmake
-- Up-to-date symlink: /home/cityu/autoware/install/tier4_rtc_msgs/share/tier4_rtc_msgs/cmake/tier4_rtc_msgsConfig-version.cmake
-- Up-to-date symlink: /home/cityu/autoware/install/tier4_rtc_msgs/share/tier4_rtc_msgs/package.xml
-- Up-to-date: /home/cityu/autoware/install/tier4_rtc_msgs/lib/libtier4_rtc_msgs__rosidl_generator_c.so
-- Up-to-date: /home/cityu/autoware/install/tier4_rtc_msgs/lib/libtier4_rtc_msgs__rosidl_typesupport_introspection_c.so
-- Up-to-date: /home/cityu/autoware/install/tier4_rtc_msgs/lib/libtier4_rtc_msgs__rosidl_typesupport_c.so
-- Up-to-date: /home/cityu/autoware/install/tier4_rtc_msgs/lib/libtier4_rtc_msgs__rosidl_typesupport_introspection_cpp.so
-- Up-to-date: /home/cityu/autoware/install/tier4_rtc_msgs/lib/libtier4_rtc_msgs__rosidl_typesupport_cpp.so
-- Up-to-date: /home/cityu/autoware/install/tier4_rtc_msgs/share/tier4_rtc_msgs/cmake/tier4_rtc_msgs__rosidl_generator_cExport.cmake
-- Up-to-date: /home/cityu/autoware/install/tier4_rtc_msgs/share/tier4_rtc_msgs/cmake/tier4_rtc_msgs__rosidl_generator_cExport-release.cmake
-- Up-to-date: /home/cityu/autoware/install/tier4_rtc_msgs/share/tier4_rtc_msgs/cmake/tier4_rtc_msgs__rosidl_typesupport_introspection_cExport.cmake
-- Up-to-date: /home/cityu/autoware/install/tier4_rtc_msgs/share/tier4_rtc_msgs/cmake/tier4_rtc_msgs__rosidl_typesupport_introspection_cExport-release.cmake
-- Up-to-date: /home/cityu/autoware/install/tier4_rtc_msgs/share/tier4_rtc_msgs/cmake/tier4_rtc_msgs__rosidl_typesupport_cExport.cmake
-- Up-to-date: /home/cityu/autoware/install/tier4_rtc_msgs/share/tier4_rtc_msgs/cmake/tier4_rtc_msgs__rosidl_typesupport_cExport-release.cmake
-- Up-to-date: /home/cityu/autoware/install/tier4_rtc_msgs/share/tier4_rtc_msgs/cmake/tier4_rtc_msgs__rosidl_generator_cppExport.cmake
-- Up-to-date: /home/cityu/autoware/install/tier4_rtc_msgs/share/tier4_rtc_msgs/cmake/tier4_rtc_msgs__rosidl_typesupport_introspection_cppExport.cmake
-- Up-to-date: /home/cityu/autoware/install/tier4_rtc_msgs/share/tier4_rtc_msgs/cmake/tier4_rtc_msgs__rosidl_typesupport_introspection_cppExport-release.cmake
-- Up-to-date: /home/cityu/autoware/install/tier4_rtc_msgs/share/tier4_rtc_msgs/cmake/tier4_rtc_msgs__rosidl_typesupport_cppExport.cmake
-- Up-to-date: /home/cityu/autoware/install/tier4_rtc_msgs/share/tier4_rtc_msgs/cmake/tier4_rtc_msgs__rosidl_typesupport_cppExport-release.cmake
