-- Found autoware_cmake: 0.1.0 (/home/cityu/autoware/install/autoware_cmake/share/autoware_cmake/cmake)
-- Found ament_cmake_auto: 1.1.6 (/opt/ros/galactic/share/ament_cmake_auto/cmake)
-- Using PYTHON_EXECUTABLE: /usr/bin/python3
-- Override CMake install command with custom implementation using symlinks instead of copying resources
-- Using all available rosidl_typesupport_c: rosidl_typesupport_fastrtps_c;rosidl_typesupport_introspection_c
-- Found rosidl_adapter: 2.2.3 (/opt/ros/galactic/share/rosidl_adapter/cmake)
-- Using all available rosidl_typesupport_cpp: rosidl_typesupport_fastrtps_cpp;rosidl_typesupport_introspection_cpp
-- Found rmw_implementation_cmake: 3.3.1 (/opt/ros/galactic/share/rmw_implementation_cmake/cmake)
-- Found rmw_cyclonedds_cpp: 0.22.6 (/opt/ros/galactic/share/rmw_cyclonedds_cpp/cmake)
-- Using RMW implementation 'rmw_cyclonedds_cpp' as default
-- Found eigen3_cmake_module: 0.1.1 (/opt/ros/galactic/share/eigen3_cmake_module/cmake)
-- Eigen found (include: /usr/include/eigen3, version: 3.3.7)
-- The imported target "vtkParseOGLExt" references the file
   "/usr/bin/vtkParseOGLExt-7.1"
but this file does not exist.  Possible reasons include:
* The file was deleted, renamed, or moved to another location.
* An install or uninstall procedure did not complete successfully.
* The installation package was faulty and contained
   "/usr/lib/cmake/vtk-7.1/VTKTargets.cmake"
but not all the files it references.

-- The imported target "vtkRenderingPythonTkWidgets" references the file
   "/usr/lib/x86_64-linux-gnu/libvtkRenderingPythonTkWidgets.so"
but this file does not exist.  Possible reasons include:
* The file was deleted, renamed, or moved to another location.
* An install or uninstall procedure did not complete successfully.
* The installation package was faulty and contained
   "/usr/lib/cmake/vtk-7.1/VTKTargets.cmake"
but not all the files it references.

-- The imported target "vtk" references the file
   "/usr/bin/vtk"
but this file does not exist.  Possible reasons include:
* The file was deleted, renamed, or moved to another location.
* An install or uninstall procedure did not complete successfully.
* The installation package was faulty and contained
   "/usr/lib/cmake/vtk-7.1/VTKTargets.cmake"
but not all the files it references.

-- The imported target "pvtk" references the file
   "/usr/bin/pvtk"
but this file does not exist.  Possible reasons include:
* The file was deleted, renamed, or moved to another location.
* An install or uninstall procedure did not complete successfully.
* The installation package was faulty and contained
   "/usr/lib/cmake/vtk-7.1/VTKTargets.cmake"
but not all the files it references.

-- Checking for module 'libusb-1.0'
--   No package 'libusb-1.0' found
-- Could NOT find USB_10 (missing: USB_10_LIBRARY USB_10_INCLUDE_DIR) 
-- OpenNI disabled because libusb-1.0 not found.
-- Checking for module 'libusb-1.0'
--   No package 'libusb-1.0' found
-- Could NOT find USB_10 (missing: USB_10_LIBRARY USB_10_INCLUDE_DIR) 
-- OpenNI 2 disabled because libusb-1.0 not found.
-- LIBUSB_1_LIBRARY (missing: LIBUSB_1_INCLUDE_DIR) 
-- Checking for module 'libusb-1.0'
--   No package 'libusb-1.0' found
-- Could NOT find USB_10 (missing: USB_10_LIBRARY USB_10_INCLUDE_DIR) 
-- OpenNI disabled because libusb-1.0 not found.
-- Checking for module 'libusb-1.0'
--   No package 'libusb-1.0' found
-- Could NOT find USB_10 (missing: USB_10_LIBRARY USB_10_INCLUDE_DIR) 
-- OpenNI 2 disabled because libusb-1.0 not found.
-- QHULL found (include: /usr/include, lib: optimized;/usr/lib/x86_64-linux-gnu/libqhull.so;debug;/usr/lib/x86_64-linux-gnu/libqhull.so)
-- Checking for module 'libusb-1.0'
--   No package 'libusb-1.0' found
-- Could NOT find USB_10 (missing: USB_10_LIBRARY USB_10_INCLUDE_DIR) 
-- OpenNI disabled because libusb-1.0 not found.
-- Found mrt_cmake_modules: 1.0.9 (/opt/ros/galactic/share/mrt_cmake_modules/cmake)
-- Found Boost: /usr/include (found version "1.71.0") found components: wserialization thread random serialization log_setup prg_exec_monitor wave system chrono filesystem locale timer date_time regex graph program_options unit_test_framework log atomic iostreams 
-- Found OpenMP_C: -fopenmp  
-- Found OpenMP_CXX: -fopenmp  
-- Found OpenMP: TRUE   
-- Found ament_lint_auto: 0.10.7 (/opt/ros/galactic/share/ament_lint_auto/cmake)
-- Found Boost: /usr/include (found version "1.71.0")  
-- Found OpenMP_C: -fopenmp  
-- Found OpenMP_CXX: -fopenmp  
-- Added test 'copyright' to check source files copyright and LICENSE
-- Added test 'cppcheck' to perform static code analysis on C / C++ code
-- Configured cppcheck include dirs: /home/cityu/autoware/src/universe/autoware.universe/perception/compare_map_segmentation/include
-- Configured cppcheck exclude dirs and/or files: 
-- Added test 'lint_cmake' to check CMake code style
-- Added test 'xmllint' to check XML markup files
-- Configuring done
-- Generating done
CMake Warning:
  Manually-specified variables were not used by the project:

    DOWNLOAD_ARTIFACTS


-- Build files have been written to: /home/cityu/autoware/build/compare_map_segmentation
[ 12%] Built target voxel_distance_based_compare_map_filter_node
[ 25%] Built target voxel_based_compare_map_filter_node
[ 37%] Built target distance_based_compare_map_filter_node
[ 50%] Built target voxel_based_approximate_compare_map_filter_node
[ 62%] Built target compare_elevation_map_filter_node
[ 68%] [32m[1mLinking CXX shared library libcompare_map_segmentation.so[0m
[100%] Built target compare_map_segmentation
-- Install configuration: "Release"
-- Execute custom install script
-- Up-to-date symlink: /home/cityu/autoware/install/compare_map_segmentation/lib/compare_map_segmentation/distance_based_compare_map_filter_node
-- Up-to-date symlink: /home/cityu/autoware/install/compare_map_segmentation/lib/compare_map_segmentation/voxel_based_approximate_compare_map_filter_node
-- Up-to-date symlink: /home/cityu/autoware/install/compare_map_segmentation/lib/compare_map_segmentation/voxel_based_compare_map_filter_node
-- Up-to-date symlink: /home/cityu/autoware/install/compare_map_segmentation/lib/compare_map_segmentation/voxel_distance_based_compare_map_filter_node
-- Up-to-date symlink: /home/cityu/autoware/install/compare_map_segmentation/lib/compare_map_segmentation/compare_elevation_map_filter_node
-- Up-to-date symlink: /home/cityu/autoware/install/compare_map_segmentation/lib/libcompare_map_segmentation.so
-- Up-to-date symlink: /home/cityu/autoware/install/compare_map_segmentation/include/compare_map_segmentation/compare_elevation_map_filter_node.hpp
-- Up-to-date symlink: /home/cityu/autoware/install/compare_map_segmentation/include/compare_map_segmentation/distance_based_compare_map_filter_nodelet.hpp
-- Up-to-date symlink: /home/cityu/autoware/install/compare_map_segmentation/include/compare_map_segmentation/voxel_based_approximate_compare_map_filter_nodelet.hpp
-- Up-to-date symlink: /home/cityu/autoware/install/compare_map_segmentation/include/compare_map_segmentation/voxel_based_compare_map_filter_nodelet.hpp
-- Up-to-date symlink: /home/cityu/autoware/install/compare_map_segmentation/include/compare_map_segmentation/voxel_distance_based_compare_map_filter_nodelet.hpp
-- Up-to-date symlink: /home/cityu/autoware/install/compare_map_segmentation/share/compare_map_segmentation/launch/compare_elevation_map_filter.launch.xml
-- Up-to-date symlink: /home/cityu/autoware/install/compare_map_segmentation/share/compare_map_segmentation/launch/distance_based_compare_map_filter.launch.xml
-- Up-to-date symlink: /home/cityu/autoware/install/compare_map_segmentation/share/compare_map_segmentation/launch/voxel_based_approximate_compare_map_filter.launch.xml
-- Up-to-date symlink: /home/cityu/autoware/install/compare_map_segmentation/share/compare_map_segmentation/launch/voxel_based_compare_map_filter.launch.xml
-- Up-to-date symlink: /home/cityu/autoware/install/compare_map_segmentation/share/compare_map_segmentation/launch/voxel_distance_based_compare_map_filter.launch.xml
-- Up-to-date symlink: /home/cityu/autoware/install/compare_map_segmentation/share/ament_index/resource_index/package_run_dependencies/compare_map_segmentation
-- Up-to-date symlink: /home/cityu/autoware/install/compare_map_segmentation/share/ament_index/resource_index/parent_prefix_path/compare_map_segmentation
-- Up-to-date symlink: /home/cityu/autoware/install/compare_map_segmentation/share/compare_map_segmentation/environment/ament_prefix_path.sh
-- Up-to-date symlink: /home/cityu/autoware/install/compare_map_segmentation/share/compare_map_segmentation/environment/ament_prefix_path.dsv
-- Up-to-date symlink: /home/cityu/autoware/install/compare_map_segmentation/share/compare_map_segmentation/environment/path.sh
-- Up-to-date symlink: /home/cityu/autoware/install/compare_map_segmentation/share/compare_map_segmentation/environment/path.dsv
-- Up-to-date symlink: /home/cityu/autoware/install/compare_map_segmentation/share/compare_map_segmentation/local_setup.bash
-- Up-to-date symlink: /home/cityu/autoware/install/compare_map_segmentation/share/compare_map_segmentation/local_setup.sh
-- Up-to-date symlink: /home/cityu/autoware/install/compare_map_segmentation/share/compare_map_segmentation/local_setup.zsh
-- Up-to-date symlink: /home/cityu/autoware/install/compare_map_segmentation/share/compare_map_segmentation/local_setup.dsv
-- Symlinking: /home/cityu/autoware/install/compare_map_segmentation/share/compare_map_segmentation/package.dsv
-- Up-to-date symlink: /home/cityu/autoware/install/compare_map_segmentation/share/ament_index/resource_index/packages/compare_map_segmentation
-- Up-to-date symlink: /home/cityu/autoware/install/compare_map_segmentation/share/ament_index/resource_index/rclcpp_components/compare_map_segmentation
-- Up-to-date symlink: /home/cityu/autoware/install/compare_map_segmentation/share/compare_map_segmentation/cmake/ament_cmake_export_dependencies-extras.cmake
-- Up-to-date symlink: /home/cityu/autoware/install/compare_map_segmentation/share/compare_map_segmentation/cmake/ament_cmake_export_include_directories-extras.cmake
-- Up-to-date symlink: /home/cityu/autoware/install/compare_map_segmentation/share/compare_map_segmentation/cmake/compare_map_segmentationConfig.cmake
-- Up-to-date symlink: /home/cityu/autoware/install/compare_map_segmentation/share/compare_map_segmentation/cmake/compare_map_segmentationConfig-version.cmake
-- Up-to-date symlink: /home/cityu/autoware/install/compare_map_segmentation/share/compare_map_segmentation/package.xml
