[0.110s] Invoking command in '/home/cityu/autoware/build/compare_map_segmentation': AMENT_PREFIX_PATH=/home/cityu/autoware/install/pointcloud_preprocessor:/home/cityu/autoware/install/grid_map_pcl:/home/cityu/autoware/install/tier4_autoware_utils:/home/cityu/autoware/install/lanelet2_extension:/home/cityu/autoware/install/grid_map_ros:/home/cityu/autoware/install/tier4_pcl_extensions:/home/cityu/autoware/install/grid_map_cv:/home/cityu/autoware/install/autoware_utils:/home/cityu/autoware/install/autoware_point_types:/home/cityu/autoware/install/autoware_auto_vehicle_msgs:/home/cityu/autoware/install/grid_map_msgs:/home/cityu/autoware/install/grid_map_core:/home/cityu/autoware/install/autoware_planning_msgs:/home/cityu/autoware/install/autoware_cmake:/home/cityu/autoware/install/autoware_auto_planning_msgs:/home/cityu/autoware/install/autoware_auto_perception_msgs:/home/cityu/autoware/install/tier4_debug_msgs:/home/cityu/autoware/install/autoware_lint_common:/home/cityu/autoware/install/autoware_common_msgs:/home/cityu/autoware/install/autoware_auto_mapping_msgs:/home/cityu/autoware/install/autoware_auto_geometry_msgs:${AMENT_PREFIX_PATH} CMAKE_PREFIX_PATH=/home/cityu/autoware/install/pointcloud_preprocessor:/home/cityu/autoware/install/grid_map_pcl:/home/cityu/autoware/install/tier4_autoware_utils:/home/cityu/autoware/install/lanelet2_extension:/home/cityu/autoware/install/grid_map_ros:/home/cityu/autoware/install/tier4_pcl_extensions:/home/cityu/autoware/install/grid_map_cv:/home/cityu/autoware/install/autoware_utils:/home/cityu/autoware/install/autoware_point_types:/home/cityu/autoware/install/autoware_auto_vehicle_msgs:/home/cityu/autoware/install/grid_map_msgs:/home/cityu/autoware/install/grid_map_core:/home/cityu/autoware/install/autoware_planning_msgs:/home/cityu/autoware/install/autoware_cmake:/home/cityu/autoware/install/autoware_auto_planning_msgs:/home/cityu/autoware/install/autoware_auto_perception_msgs:/home/cityu/autoware/install/tier4_debug_msgs:/home/cityu/autoware/install/autoware_lint_common:/home/cityu/autoware/install/autoware_common_msgs:/home/cityu/autoware/install/autoware_auto_mapping_msgs:/home/cityu/autoware/install/autoware_auto_geometry_msgs:/opt/ros/galactic LD_LIBRARY_PATH=/home/cityu/autoware/install/pointcloud_preprocessor/lib:/home/cityu/autoware/install/grid_map_pcl/lib:/home/cityu/autoware/install/tier4_autoware_utils/lib:/home/cityu/autoware/install/lanelet2_extension/lib:/home/cityu/autoware/install/grid_map_ros/lib:/home/cityu/autoware/install/tier4_pcl_extensions/lib:/home/cityu/autoware/install/grid_map_cv/lib:/home/cityu/autoware/install/autoware_utils/lib:/home/cityu/autoware/install/autoware_auto_vehicle_msgs/lib:/home/cityu/autoware/install/grid_map_msgs/lib:/home/cityu/autoware/install/grid_map_core/lib:/home/cityu/autoware/install/autoware_planning_msgs/lib:/home/cityu/autoware/install/autoware_auto_planning_msgs/lib:/home/cityu/autoware/install/autoware_auto_perception_msgs/lib:/home/cityu/autoware/install/tier4_debug_msgs/lib:/home/cityu/autoware/install/autoware_common_msgs/lib:/home/cityu/autoware/install/autoware_auto_mapping_msgs/lib:/home/cityu/autoware/install/autoware_auto_geometry_msgs/lib:${LD_LIBRARY_PATH} PYTHONPATH=/home/cityu/autoware/install/autoware_auto_vehicle_msgs/lib/python3.8/site-packages:/home/cityu/autoware/install/grid_map_msgs/lib/python3.8/site-packages:/home/cityu/autoware/install/autoware_planning_msgs/lib/python3.8/site-packages:/home/cityu/autoware/install/autoware_auto_planning_msgs/lib/python3.8/site-packages:/home/cityu/autoware/install/autoware_auto_perception_msgs/lib/python3.8/site-packages:/home/cityu/autoware/install/tier4_debug_msgs/lib/python3.8/site-packages:/home/cityu/autoware/install/autoware_common_msgs/lib/python3.8/site-packages:/home/cityu/autoware/install/autoware_auto_mapping_msgs/lib/python3.8/site-packages:/home/cityu/autoware/install/autoware_auto_geometry_msgs/lib/python3.8/site-packages:${PYTHONPATH} /usr/bin/cmake /home/cityu/autoware/src/universe/autoware.universe/perception/compare_map_segmentation -DCMAKE_BUILD_TYPE=Release -DDOWNLOAD_ARTIFACTS=ON -DAMENT_CMAKE_SYMLINK_INSTALL=1 -DCMAKE_INSTALL_PREFIX=/home/cityu/autoware/install/compare_map_segmentation
[0.133s] -- Found autoware_cmake: 0.1.0 (/home/cityu/autoware/install/autoware_cmake/share/autoware_cmake/cmake)
[0.134s] -- Found ament_cmake_auto: 1.1.6 (/opt/ros/galactic/share/ament_cmake_auto/cmake)
[0.159s] -- Using PYTHON_EXECUTABLE: /usr/bin/python3
[0.255s] -- Override CMake install command with custom implementation using symlinks instead of copying resources
[0.430s] -- Using all available rosidl_typesupport_c: rosidl_typesupport_fastrtps_c;rosidl_typesupport_introspection_c
[0.436s] -- Found rosidl_adapter: 2.2.3 (/opt/ros/galactic/share/rosidl_adapter/cmake)
[0.631s] -- Using all available rosidl_typesupport_cpp: rosidl_typesupport_fastrtps_cpp;rosidl_typesupport_introspection_cpp
[0.994s] -- Found rmw_implementation_cmake: 3.3.1 (/opt/ros/galactic/share/rmw_implementation_cmake/cmake)
[0.996s] -- Found rmw_cyclonedds_cpp: 0.22.6 (/opt/ros/galactic/share/rmw_cyclonedds_cpp/cmake)
[1.017s] -- Using RMW implementation 'rmw_cyclonedds_cpp' as default
[3.467s] -- Found eigen3_cmake_module: 0.1.1 (/opt/ros/galactic/share/eigen3_cmake_module/cmake)
[3.833s] -- Eigen found (include: /usr/include/eigen3, version: 3.3.7)
[3.919s] -- The imported target "vtkParseOGLExt" references the file
[3.919s]    "/usr/bin/vtkParseOGLExt-7.1"
[3.919s] but this file does not exist.  Possible reasons include:
[3.919s] * The file was deleted, renamed, or moved to another location.
[3.919s] * An install or uninstall procedure did not complete successfully.
[3.919s] * The installation package was faulty and contained
[3.919s]    "/usr/lib/cmake/vtk-7.1/VTKTargets.cmake"
[3.920s] but not all the files it references.
[3.920s] 
[3.920s] -- The imported target "vtkRenderingPythonTkWidgets" references the file
[3.920s]    "/usr/lib/x86_64-linux-gnu/libvtkRenderingPythonTkWidgets.so"
[3.920s] but this file does not exist.  Possible reasons include:
[3.921s] * The file was deleted, renamed, or moved to another location.
[3.921s] * An install or uninstall procedure did not complete successfully.
[3.921s] * The installation package was faulty and contained
[3.921s]    "/usr/lib/cmake/vtk-7.1/VTKTargets.cmake"
[3.921s] but not all the files it references.
[3.921s] 
[3.921s] -- The imported target "vtk" references the file
[3.921s]    "/usr/bin/vtk"
[3.922s] but this file does not exist.  Possible reasons include:
[3.922s] * The file was deleted, renamed, or moved to another location.
[3.922s] * An install or uninstall procedure did not complete successfully.
[3.922s] * The installation package was faulty and contained
[3.922s]    "/usr/lib/cmake/vtk-7.1/VTKTargets.cmake"
[3.922s] but not all the files it references.
[3.922s] 
[3.922s] -- The imported target "pvtk" references the file
[3.922s]    "/usr/bin/pvtk"
[3.923s] but this file does not exist.  Possible reasons include:
[3.923s] * The file was deleted, renamed, or moved to another location.
[3.923s] * An install or uninstall procedure did not complete successfully.
[3.923s] * The installation package was faulty and contained
[3.923s]    "/usr/lib/cmake/vtk-7.1/VTKTargets.cmake"
[3.923s] but not all the files it references.
[3.923s] 
[3.942s] -- Checking for module 'libusb-1.0'
[3.945s] --   No package 'libusb-1.0' found
[3.949s] -- Could NOT find USB_10 (missing: USB_10_LIBRARY USB_10_INCLUDE_DIR) 
[3.949s] -- OpenNI disabled because libusb-1.0 not found.
[3.954s] -- Checking for module 'libusb-1.0'
[3.957s] --   No package 'libusb-1.0' found
[3.960s] -- Could NOT find USB_10 (missing: USB_10_LIBRARY USB_10_INCLUDE_DIR) 
[3.960s] -- OpenNI 2 disabled because libusb-1.0 not found.
[3.975s] -- LIBUSB_1_LIBRARY (missing: LIBUSB_1_INCLUDE_DIR) 
[3.979s] -- Checking for module 'libusb-1.0'
[3.983s] --   No package 'libusb-1.0' found
[3.986s] -- Could NOT find USB_10 (missing: USB_10_LIBRARY USB_10_INCLUDE_DIR) 
[3.986s] -- OpenNI disabled because libusb-1.0 not found.
[3.991s] -- Checking for module 'libusb-1.0'
[3.994s] --   No package 'libusb-1.0' found
[3.998s] -- Could NOT find USB_10 (missing: USB_10_LIBRARY USB_10_INCLUDE_DIR) 
[3.998s] -- OpenNI 2 disabled because libusb-1.0 not found.
[4.011s] -- QHULL found (include: /usr/include, lib: optimized;/usr/lib/x86_64-linux-gnu/libqhull.so;debug;/usr/lib/x86_64-linux-gnu/libqhull.so)
[4.016s] -- Checking for module 'libusb-1.0'
[4.020s] --   No package 'libusb-1.0' found
[4.025s] -- Could NOT find USB_10 (missing: USB_10_LIBRARY USB_10_INCLUDE_DIR) 
[4.025s] -- OpenNI disabled because libusb-1.0 not found.
[4.795s] -- Found mrt_cmake_modules: 1.0.9 (/opt/ros/galactic/share/mrt_cmake_modules/cmake)
[4.828s] -- Found Boost: /usr/include (found version "1.71.0") found components: wserialization thread random serialization log_setup prg_exec_monitor wave system chrono filesystem locale timer date_time regex graph program_options unit_test_framework log atomic iostreams 
[4.835s] -- Found OpenMP_C: -fopenmp  
[4.836s] -- Found OpenMP_CXX: -fopenmp  
[4.836s] -- Found OpenMP: TRUE   
[6.721s] -- Found ament_lint_auto: 0.10.7 (/opt/ros/galactic/share/ament_lint_auto/cmake)
[6.734s] -- Found Boost: /usr/include (found version "1.71.0")  
[6.745s] -- Found OpenMP_C: -fopenmp  
[6.745s] -- Found OpenMP_CXX: -fopenmp  
[8.244s] -- Added test 'copyright' to check source files copyright and LICENSE
[8.245s] -- Added test 'cppcheck' to perform static code analysis on C / C++ code
[8.246s] -- Configured cppcheck include dirs: /home/cityu/autoware/src/universe/autoware.universe/perception/compare_map_segmentation/include
[8.246s] -- Configured cppcheck exclude dirs and/or files: 
[8.246s] -- Added test 'lint_cmake' to check CMake code style
[8.247s] -- Added test 'xmllint' to check XML markup files
[8.252s] -- Configuring done
[8.391s] -- Generating done
[8.393s] CMake Warning:
[8.393s]   Manually-specified variables were not used by the project:
[8.393s] 
[8.394s]     DOWNLOAD_ARTIFACTS
[8.394s] 
[8.394s] 
[8.394s] -- Build files have been written to: /home/cityu/autoware/build/compare_map_segmentation
[8.414s] Invoked command in '/home/cityu/autoware/build/compare_map_segmentation' returned '0': AMENT_PREFIX_PATH=/home/cityu/autoware/install/pointcloud_preprocessor:/home/cityu/autoware/install/grid_map_pcl:/home/cityu/autoware/install/tier4_autoware_utils:/home/cityu/autoware/install/lanelet2_extension:/home/cityu/autoware/install/grid_map_ros:/home/cityu/autoware/install/tier4_pcl_extensions:/home/cityu/autoware/install/grid_map_cv:/home/cityu/autoware/install/autoware_utils:/home/cityu/autoware/install/autoware_point_types:/home/cityu/autoware/install/autoware_auto_vehicle_msgs:/home/cityu/autoware/install/grid_map_msgs:/home/cityu/autoware/install/grid_map_core:/home/cityu/autoware/install/autoware_planning_msgs:/home/cityu/autoware/install/autoware_cmake:/home/cityu/autoware/install/autoware_auto_planning_msgs:/home/cityu/autoware/install/autoware_auto_perception_msgs:/home/cityu/autoware/install/tier4_debug_msgs:/home/cityu/autoware/install/autoware_lint_common:/home/cityu/autoware/install/autoware_common_msgs:/home/cityu/autoware/install/autoware_auto_mapping_msgs:/home/cityu/autoware/install/autoware_auto_geometry_msgs:${AMENT_PREFIX_PATH} CMAKE_PREFIX_PATH=/home/cityu/autoware/install/pointcloud_preprocessor:/home/cityu/autoware/install/grid_map_pcl:/home/cityu/autoware/install/tier4_autoware_utils:/home/cityu/autoware/install/lanelet2_extension:/home/cityu/autoware/install/grid_map_ros:/home/cityu/autoware/install/tier4_pcl_extensions:/home/cityu/autoware/install/grid_map_cv:/home/cityu/autoware/install/autoware_utils:/home/cityu/autoware/install/autoware_point_types:/home/cityu/autoware/install/autoware_auto_vehicle_msgs:/home/cityu/autoware/install/grid_map_msgs:/home/cityu/autoware/install/grid_map_core:/home/cityu/autoware/install/autoware_planning_msgs:/home/cityu/autoware/install/autoware_cmake:/home/cityu/autoware/install/autoware_auto_planning_msgs:/home/cityu/autoware/install/autoware_auto_perception_msgs:/home/cityu/autoware/install/tier4_debug_msgs:/home/cityu/autoware/install/autoware_lint_common:/home/cityu/autoware/install/autoware_common_msgs:/home/cityu/autoware/install/autoware_auto_mapping_msgs:/home/cityu/autoware/install/autoware_auto_geometry_msgs:/opt/ros/galactic LD_LIBRARY_PATH=/home/cityu/autoware/install/pointcloud_preprocessor/lib:/home/cityu/autoware/install/grid_map_pcl/lib:/home/cityu/autoware/install/tier4_autoware_utils/lib:/home/cityu/autoware/install/lanelet2_extension/lib:/home/cityu/autoware/install/grid_map_ros/lib:/home/cityu/autoware/install/tier4_pcl_extensions/lib:/home/cityu/autoware/install/grid_map_cv/lib:/home/cityu/autoware/install/autoware_utils/lib:/home/cityu/autoware/install/autoware_auto_vehicle_msgs/lib:/home/cityu/autoware/install/grid_map_msgs/lib:/home/cityu/autoware/install/grid_map_core/lib:/home/cityu/autoware/install/autoware_planning_msgs/lib:/home/cityu/autoware/install/autoware_auto_planning_msgs/lib:/home/cityu/autoware/install/autoware_auto_perception_msgs/lib:/home/cityu/autoware/install/tier4_debug_msgs/lib:/home/cityu/autoware/install/autoware_common_msgs/lib:/home/cityu/autoware/install/autoware_auto_mapping_msgs/lib:/home/cityu/autoware/install/autoware_auto_geometry_msgs/lib:${LD_LIBRARY_PATH} PYTHONPATH=/home/cityu/autoware/install/autoware_auto_vehicle_msgs/lib/python3.8/site-packages:/home/cityu/autoware/install/grid_map_msgs/lib/python3.8/site-packages:/home/cityu/autoware/install/autoware_planning_msgs/lib/python3.8/site-packages:/home/cityu/autoware/install/autoware_auto_planning_msgs/lib/python3.8/site-packages:/home/cityu/autoware/install/autoware_auto_perception_msgs/lib/python3.8/site-packages:/home/cityu/autoware/install/tier4_debug_msgs/lib/python3.8/site-packages:/home/cityu/autoware/install/autoware_common_msgs/lib/python3.8/site-packages:/home/cityu/autoware/install/autoware_auto_mapping_msgs/lib/python3.8/site-packages:/home/cityu/autoware/install/autoware_auto_geometry_msgs/lib/python3.8/site-packages:${PYTHONPATH} /usr/bin/cmake /home/cityu/autoware/src/universe/autoware.universe/perception/compare_map_segmentation -DCMAKE_BUILD_TYPE=Release -DDOWNLOAD_ARTIFACTS=ON -DAMENT_CMAKE_SYMLINK_INSTALL=1 -DCMAKE_INSTALL_PREFIX=/home/cityu/autoware/install/compare_map_segmentation
[8.415s] Invoking command in '/home/cityu/autoware/build/compare_map_segmentation': AMENT_PREFIX_PATH=/home/cityu/autoware/install/pointcloud_preprocessor:/home/cityu/autoware/install/grid_map_pcl:/home/cityu/autoware/install/tier4_autoware_utils:/home/cityu/autoware/install/lanelet2_extension:/home/cityu/autoware/install/grid_map_ros:/home/cityu/autoware/install/tier4_pcl_extensions:/home/cityu/autoware/install/grid_map_cv:/home/cityu/autoware/install/autoware_utils:/home/cityu/autoware/install/autoware_point_types:/home/cityu/autoware/install/autoware_auto_vehicle_msgs:/home/cityu/autoware/install/grid_map_msgs:/home/cityu/autoware/install/grid_map_core:/home/cityu/autoware/install/autoware_planning_msgs:/home/cityu/autoware/install/autoware_cmake:/home/cityu/autoware/install/autoware_auto_planning_msgs:/home/cityu/autoware/install/autoware_auto_perception_msgs:/home/cityu/autoware/install/tier4_debug_msgs:/home/cityu/autoware/install/autoware_lint_common:/home/cityu/autoware/install/autoware_common_msgs:/home/cityu/autoware/install/autoware_auto_mapping_msgs:/home/cityu/autoware/install/autoware_auto_geometry_msgs:${AMENT_PREFIX_PATH} CMAKE_PREFIX_PATH=/home/cityu/autoware/install/pointcloud_preprocessor:/home/cityu/autoware/install/grid_map_pcl:/home/cityu/autoware/install/tier4_autoware_utils:/home/cityu/autoware/install/lanelet2_extension:/home/cityu/autoware/install/grid_map_ros:/home/cityu/autoware/install/tier4_pcl_extensions:/home/cityu/autoware/install/grid_map_cv:/home/cityu/autoware/install/autoware_utils:/home/cityu/autoware/install/autoware_point_types:/home/cityu/autoware/install/autoware_auto_vehicle_msgs:/home/cityu/autoware/install/grid_map_msgs:/home/cityu/autoware/install/grid_map_core:/home/cityu/autoware/install/autoware_planning_msgs:/home/cityu/autoware/install/autoware_cmake:/home/cityu/autoware/install/autoware_auto_planning_msgs:/home/cityu/autoware/install/autoware_auto_perception_msgs:/home/cityu/autoware/install/tier4_debug_msgs:/home/cityu/autoware/install/autoware_lint_common:/home/cityu/autoware/install/autoware_common_msgs:/home/cityu/autoware/install/autoware_auto_mapping_msgs:/home/cityu/autoware/install/autoware_auto_geometry_msgs:/opt/ros/galactic LD_LIBRARY_PATH=/home/cityu/autoware/install/pointcloud_preprocessor/lib:/home/cityu/autoware/install/grid_map_pcl/lib:/home/cityu/autoware/install/tier4_autoware_utils/lib:/home/cityu/autoware/install/lanelet2_extension/lib:/home/cityu/autoware/install/grid_map_ros/lib:/home/cityu/autoware/install/tier4_pcl_extensions/lib:/home/cityu/autoware/install/grid_map_cv/lib:/home/cityu/autoware/install/autoware_utils/lib:/home/cityu/autoware/install/autoware_auto_vehicle_msgs/lib:/home/cityu/autoware/install/grid_map_msgs/lib:/home/cityu/autoware/install/grid_map_core/lib:/home/cityu/autoware/install/autoware_planning_msgs/lib:/home/cityu/autoware/install/autoware_auto_planning_msgs/lib:/home/cityu/autoware/install/autoware_auto_perception_msgs/lib:/home/cityu/autoware/install/tier4_debug_msgs/lib:/home/cityu/autoware/install/autoware_common_msgs/lib:/home/cityu/autoware/install/autoware_auto_mapping_msgs/lib:/home/cityu/autoware/install/autoware_auto_geometry_msgs/lib:${LD_LIBRARY_PATH} PYTHONPATH=/home/cityu/autoware/install/autoware_auto_vehicle_msgs/lib/python3.8/site-packages:/home/cityu/autoware/install/grid_map_msgs/lib/python3.8/site-packages:/home/cityu/autoware/install/autoware_planning_msgs/lib/python3.8/site-packages:/home/cityu/autoware/install/autoware_auto_planning_msgs/lib/python3.8/site-packages:/home/cityu/autoware/install/autoware_auto_perception_msgs/lib/python3.8/site-packages:/home/cityu/autoware/install/tier4_debug_msgs/lib/python3.8/site-packages:/home/cityu/autoware/install/autoware_common_msgs/lib/python3.8/site-packages:/home/cityu/autoware/install/autoware_auto_mapping_msgs/lib/python3.8/site-packages:/home/cityu/autoware/install/autoware_auto_geometry_msgs/lib/python3.8/site-packages:${PYTHONPATH} /usr/bin/cmake --build /home/cityu/autoware/build/compare_map_segmentation -- -j16 -l16
[8.480s] [ 12%] Built target voxel_distance_based_compare_map_filter_node
[8.483s] [ 25%] Built target voxel_based_compare_map_filter_node
[8.484s] [ 37%] Built target distance_based_compare_map_filter_node
[8.489s] [ 50%] Built target voxel_based_approximate_compare_map_filter_node
[8.491s] [ 62%] Built target compare_elevation_map_filter_node
[8.529s] [ 68%] [32m[1mLinking CXX shared library libcompare_map_segmentation.so[0m
[10.656s] [100%] Built target compare_map_segmentation
[10.671s] Invoked command in '/home/cityu/autoware/build/compare_map_segmentation' returned '0': AMENT_PREFIX_PATH=/home/cityu/autoware/install/pointcloud_preprocessor:/home/cityu/autoware/install/grid_map_pcl:/home/cityu/autoware/install/tier4_autoware_utils:/home/cityu/autoware/install/lanelet2_extension:/home/cityu/autoware/install/grid_map_ros:/home/cityu/autoware/install/tier4_pcl_extensions:/home/cityu/autoware/install/grid_map_cv:/home/cityu/autoware/install/autoware_utils:/home/cityu/autoware/install/autoware_point_types:/home/cityu/autoware/install/autoware_auto_vehicle_msgs:/home/cityu/autoware/install/grid_map_msgs:/home/cityu/autoware/install/grid_map_core:/home/cityu/autoware/install/autoware_planning_msgs:/home/cityu/autoware/install/autoware_cmake:/home/cityu/autoware/install/autoware_auto_planning_msgs:/home/cityu/autoware/install/autoware_auto_perception_msgs:/home/cityu/autoware/install/tier4_debug_msgs:/home/cityu/autoware/install/autoware_lint_common:/home/cityu/autoware/install/autoware_common_msgs:/home/cityu/autoware/install/autoware_auto_mapping_msgs:/home/cityu/autoware/install/autoware_auto_geometry_msgs:${AMENT_PREFIX_PATH} CMAKE_PREFIX_PATH=/home/cityu/autoware/install/pointcloud_preprocessor:/home/cityu/autoware/install/grid_map_pcl:/home/cityu/autoware/install/tier4_autoware_utils:/home/cityu/autoware/install/lanelet2_extension:/home/cityu/autoware/install/grid_map_ros:/home/cityu/autoware/install/tier4_pcl_extensions:/home/cityu/autoware/install/grid_map_cv:/home/cityu/autoware/install/autoware_utils:/home/cityu/autoware/install/autoware_point_types:/home/cityu/autoware/install/autoware_auto_vehicle_msgs:/home/cityu/autoware/install/grid_map_msgs:/home/cityu/autoware/install/grid_map_core:/home/cityu/autoware/install/autoware_planning_msgs:/home/cityu/autoware/install/autoware_cmake:/home/cityu/autoware/install/autoware_auto_planning_msgs:/home/cityu/autoware/install/autoware_auto_perception_msgs:/home/cityu/autoware/install/tier4_debug_msgs:/home/cityu/autoware/install/autoware_lint_common:/home/cityu/autoware/install/autoware_common_msgs:/home/cityu/autoware/install/autoware_auto_mapping_msgs:/home/cityu/autoware/install/autoware_auto_geometry_msgs:/opt/ros/galactic LD_LIBRARY_PATH=/home/cityu/autoware/install/pointcloud_preprocessor/lib:/home/cityu/autoware/install/grid_map_pcl/lib:/home/cityu/autoware/install/tier4_autoware_utils/lib:/home/cityu/autoware/install/lanelet2_extension/lib:/home/cityu/autoware/install/grid_map_ros/lib:/home/cityu/autoware/install/tier4_pcl_extensions/lib:/home/cityu/autoware/install/grid_map_cv/lib:/home/cityu/autoware/install/autoware_utils/lib:/home/cityu/autoware/install/autoware_auto_vehicle_msgs/lib:/home/cityu/autoware/install/grid_map_msgs/lib:/home/cityu/autoware/install/grid_map_core/lib:/home/cityu/autoware/install/autoware_planning_msgs/lib:/home/cityu/autoware/install/autoware_auto_planning_msgs/lib:/home/cityu/autoware/install/autoware_auto_perception_msgs/lib:/home/cityu/autoware/install/tier4_debug_msgs/lib:/home/cityu/autoware/install/autoware_common_msgs/lib:/home/cityu/autoware/install/autoware_auto_mapping_msgs/lib:/home/cityu/autoware/install/autoware_auto_geometry_msgs/lib:${LD_LIBRARY_PATH} PYTHONPATH=/home/cityu/autoware/install/autoware_auto_vehicle_msgs/lib/python3.8/site-packages:/home/cityu/autoware/install/grid_map_msgs/lib/python3.8/site-packages:/home/cityu/autoware/install/autoware_planning_msgs/lib/python3.8/site-packages:/home/cityu/autoware/install/autoware_auto_planning_msgs/lib/python3.8/site-packages:/home/cityu/autoware/install/autoware_auto_perception_msgs/lib/python3.8/site-packages:/home/cityu/autoware/install/tier4_debug_msgs/lib/python3.8/site-packages:/home/cityu/autoware/install/autoware_common_msgs/lib/python3.8/site-packages:/home/cityu/autoware/install/autoware_auto_mapping_msgs/lib/python3.8/site-packages:/home/cityu/autoware/install/autoware_auto_geometry_msgs/lib/python3.8/site-packages:${PYTHONPATH} /usr/bin/cmake --build /home/cityu/autoware/build/compare_map_segmentation -- -j16 -l16
[10.709s] Invoking command in '/home/cityu/autoware/build/compare_map_segmentation': AMENT_PREFIX_PATH=/home/cityu/autoware/install/pointcloud_preprocessor:/home/cityu/autoware/install/grid_map_pcl:/home/cityu/autoware/install/tier4_autoware_utils:/home/cityu/autoware/install/lanelet2_extension:/home/cityu/autoware/install/grid_map_ros:/home/cityu/autoware/install/tier4_pcl_extensions:/home/cityu/autoware/install/grid_map_cv:/home/cityu/autoware/install/autoware_utils:/home/cityu/autoware/install/autoware_point_types:/home/cityu/autoware/install/autoware_auto_vehicle_msgs:/home/cityu/autoware/install/grid_map_msgs:/home/cityu/autoware/install/grid_map_core:/home/cityu/autoware/install/autoware_planning_msgs:/home/cityu/autoware/install/autoware_cmake:/home/cityu/autoware/install/autoware_auto_planning_msgs:/home/cityu/autoware/install/autoware_auto_perception_msgs:/home/cityu/autoware/install/tier4_debug_msgs:/home/cityu/autoware/install/autoware_lint_common:/home/cityu/autoware/install/autoware_common_msgs:/home/cityu/autoware/install/autoware_auto_mapping_msgs:/home/cityu/autoware/install/autoware_auto_geometry_msgs:${AMENT_PREFIX_PATH} CMAKE_PREFIX_PATH=/home/cityu/autoware/install/pointcloud_preprocessor:/home/cityu/autoware/install/grid_map_pcl:/home/cityu/autoware/install/tier4_autoware_utils:/home/cityu/autoware/install/lanelet2_extension:/home/cityu/autoware/install/grid_map_ros:/home/cityu/autoware/install/tier4_pcl_extensions:/home/cityu/autoware/install/grid_map_cv:/home/cityu/autoware/install/autoware_utils:/home/cityu/autoware/install/autoware_point_types:/home/cityu/autoware/install/autoware_auto_vehicle_msgs:/home/cityu/autoware/install/grid_map_msgs:/home/cityu/autoware/install/grid_map_core:/home/cityu/autoware/install/autoware_planning_msgs:/home/cityu/autoware/install/autoware_cmake:/home/cityu/autoware/install/autoware_auto_planning_msgs:/home/cityu/autoware/install/autoware_auto_perception_msgs:/home/cityu/autoware/install/tier4_debug_msgs:/home/cityu/autoware/install/autoware_lint_common:/home/cityu/autoware/install/autoware_common_msgs:/home/cityu/autoware/install/autoware_auto_mapping_msgs:/home/cityu/autoware/install/autoware_auto_geometry_msgs:/opt/ros/galactic LD_LIBRARY_PATH=/home/cityu/autoware/install/pointcloud_preprocessor/lib:/home/cityu/autoware/install/grid_map_pcl/lib:/home/cityu/autoware/install/tier4_autoware_utils/lib:/home/cityu/autoware/install/lanelet2_extension/lib:/home/cityu/autoware/install/grid_map_ros/lib:/home/cityu/autoware/install/tier4_pcl_extensions/lib:/home/cityu/autoware/install/grid_map_cv/lib:/home/cityu/autoware/install/autoware_utils/lib:/home/cityu/autoware/install/autoware_auto_vehicle_msgs/lib:/home/cityu/autoware/install/grid_map_msgs/lib:/home/cityu/autoware/install/grid_map_core/lib:/home/cityu/autoware/install/autoware_planning_msgs/lib:/home/cityu/autoware/install/autoware_auto_planning_msgs/lib:/home/cityu/autoware/install/autoware_auto_perception_msgs/lib:/home/cityu/autoware/install/tier4_debug_msgs/lib:/home/cityu/autoware/install/autoware_common_msgs/lib:/home/cityu/autoware/install/autoware_auto_mapping_msgs/lib:/home/cityu/autoware/install/autoware_auto_geometry_msgs/lib:${LD_LIBRARY_PATH} PYTHONPATH=/home/cityu/autoware/install/autoware_auto_vehicle_msgs/lib/python3.8/site-packages:/home/cityu/autoware/install/grid_map_msgs/lib/python3.8/site-packages:/home/cityu/autoware/install/autoware_planning_msgs/lib/python3.8/site-packages:/home/cityu/autoware/install/autoware_auto_planning_msgs/lib/python3.8/site-packages:/home/cityu/autoware/install/autoware_auto_perception_msgs/lib/python3.8/site-packages:/home/cityu/autoware/install/tier4_debug_msgs/lib/python3.8/site-packages:/home/cityu/autoware/install/autoware_common_msgs/lib/python3.8/site-packages:/home/cityu/autoware/install/autoware_auto_mapping_msgs/lib/python3.8/site-packages:/home/cityu/autoware/install/autoware_auto_geometry_msgs/lib/python3.8/site-packages:${PYTHONPATH} /usr/bin/cmake --install /home/cityu/autoware/build/compare_map_segmentation
[10.719s] -- Install configuration: "Release"
[10.719s] -- Execute custom install script
[10.720s] -- Up-to-date symlink: /home/cityu/autoware/install/compare_map_segmentation/lib/compare_map_segmentation/distance_based_compare_map_filter_node
[10.720s] -- Up-to-date symlink: /home/cityu/autoware/install/compare_map_segmentation/lib/compare_map_segmentation/voxel_based_approximate_compare_map_filter_node
[10.720s] -- Up-to-date symlink: /home/cityu/autoware/install/compare_map_segmentation/lib/compare_map_segmentation/voxel_based_compare_map_filter_node
[10.721s] -- Up-to-date symlink: /home/cityu/autoware/install/compare_map_segmentation/lib/compare_map_segmentation/voxel_distance_based_compare_map_filter_node
[10.721s] -- Up-to-date symlink: /home/cityu/autoware/install/compare_map_segmentation/lib/compare_map_segmentation/compare_elevation_map_filter_node
[10.721s] -- Up-to-date symlink: /home/cityu/autoware/install/compare_map_segmentation/lib/libcompare_map_segmentation.so
[10.722s] -- Up-to-date symlink: /home/cityu/autoware/install/compare_map_segmentation/include/compare_map_segmentation/compare_elevation_map_filter_node.hpp
[10.722s] -- Up-to-date symlink: /home/cityu/autoware/install/compare_map_segmentation/include/compare_map_segmentation/distance_based_compare_map_filter_nodelet.hpp
[10.722s] -- Up-to-date symlink: /home/cityu/autoware/install/compare_map_segmentation/include/compare_map_segmentation/voxel_based_approximate_compare_map_filter_nodelet.hpp
[10.722s] -- Up-to-date symlink: /home/cityu/autoware/install/compare_map_segmentation/include/compare_map_segmentation/voxel_based_compare_map_filter_nodelet.hpp
[10.722s] -- Up-to-date symlink: /home/cityu/autoware/install/compare_map_segmentation/include/compare_map_segmentation/voxel_distance_based_compare_map_filter_nodelet.hpp
[10.723s] -- Up-to-date symlink: /home/cityu/autoware/install/compare_map_segmentation/share/compare_map_segmentation/launch/compare_elevation_map_filter.launch.xml
[10.723s] -- Up-to-date symlink: /home/cityu/autoware/install/compare_map_segmentation/share/compare_map_segmentation/launch/distance_based_compare_map_filter.launch.xml
[10.723s] -- Up-to-date symlink: /home/cityu/autoware/install/compare_map_segmentation/share/compare_map_segmentation/launch/voxel_based_approximate_compare_map_filter.launch.xml
[10.723s] -- Up-to-date symlink: /home/cityu/autoware/install/compare_map_segmentation/share/compare_map_segmentation/launch/voxel_based_compare_map_filter.launch.xml
[10.724s] -- Up-to-date symlink: /home/cityu/autoware/install/compare_map_segmentation/share/compare_map_segmentation/launch/voxel_distance_based_compare_map_filter.launch.xml
[10.724s] -- Up-to-date symlink: /home/cityu/autoware/install/compare_map_segmentation/share/ament_index/resource_index/package_run_dependencies/compare_map_segmentation
[10.724s] -- Up-to-date symlink: /home/cityu/autoware/install/compare_map_segmentation/share/ament_index/resource_index/parent_prefix_path/compare_map_segmentation
[10.724s] -- Up-to-date symlink: /home/cityu/autoware/install/compare_map_segmentation/share/compare_map_segmentation/environment/ament_prefix_path.sh
[10.725s] -- Up-to-date symlink: /home/cityu/autoware/install/compare_map_segmentation/share/compare_map_segmentation/environment/ament_prefix_path.dsv
[10.725s] -- Up-to-date symlink: /home/cityu/autoware/install/compare_map_segmentation/share/compare_map_segmentation/environment/path.sh
[10.725s] -- Up-to-date symlink: /home/cityu/autoware/install/compare_map_segmentation/share/compare_map_segmentation/environment/path.dsv
[10.725s] -- Up-to-date symlink: /home/cityu/autoware/install/compare_map_segmentation/share/compare_map_segmentation/local_setup.bash
[10.725s] -- Up-to-date symlink: /home/cityu/autoware/install/compare_map_segmentation/share/compare_map_segmentation/local_setup.sh
[10.726s] -- Up-to-date symlink: /home/cityu/autoware/install/compare_map_segmentation/share/compare_map_segmentation/local_setup.zsh
[10.726s] -- Up-to-date symlink: /home/cityu/autoware/install/compare_map_segmentation/share/compare_map_segmentation/local_setup.dsv
[10.726s] -- Symlinking: /home/cityu/autoware/install/compare_map_segmentation/share/compare_map_segmentation/package.dsv
[10.736s] -- Up-to-date symlink: /home/cityu/autoware/install/compare_map_segmentation/share/ament_index/resource_index/packages/compare_map_segmentation
[10.736s] -- Up-to-date symlink: /home/cityu/autoware/install/compare_map_segmentation/share/ament_index/resource_index/rclcpp_components/compare_map_segmentation
[10.736s] -- Up-to-date symlink: /home/cityu/autoware/install/compare_map_segmentation/share/compare_map_segmentation/cmake/ament_cmake_export_dependencies-extras.cmake
[10.736s] -- Up-to-date symlink: /home/cityu/autoware/install/compare_map_segmentation/share/compare_map_segmentation/cmake/ament_cmake_export_include_directories-extras.cmake
[10.737s] -- Up-to-date symlink: /home/cityu/autoware/install/compare_map_segmentation/share/compare_map_segmentation/cmake/compare_map_segmentationConfig.cmake
[10.737s] -- Up-to-date symlink: /home/cityu/autoware/install/compare_map_segmentation/share/compare_map_segmentation/cmake/compare_map_segmentationConfig-version.cmake
[10.737s] -- Up-to-date symlink: /home/cityu/autoware/install/compare_map_segmentation/share/compare_map_segmentation/package.xml
[10.747s] Invoked command in '/home/cityu/autoware/build/compare_map_segmentation' returned '0': AMENT_PREFIX_PATH=/home/cityu/autoware/install/pointcloud_preprocessor:/home/cityu/autoware/install/grid_map_pcl:/home/cityu/autoware/install/tier4_autoware_utils:/home/cityu/autoware/install/lanelet2_extension:/home/cityu/autoware/install/grid_map_ros:/home/cityu/autoware/install/tier4_pcl_extensions:/home/cityu/autoware/install/grid_map_cv:/home/cityu/autoware/install/autoware_utils:/home/cityu/autoware/install/autoware_point_types:/home/cityu/autoware/install/autoware_auto_vehicle_msgs:/home/cityu/autoware/install/grid_map_msgs:/home/cityu/autoware/install/grid_map_core:/home/cityu/autoware/install/autoware_planning_msgs:/home/cityu/autoware/install/autoware_cmake:/home/cityu/autoware/install/autoware_auto_planning_msgs:/home/cityu/autoware/install/autoware_auto_perception_msgs:/home/cityu/autoware/install/tier4_debug_msgs:/home/cityu/autoware/install/autoware_lint_common:/home/cityu/autoware/install/autoware_common_msgs:/home/cityu/autoware/install/autoware_auto_mapping_msgs:/home/cityu/autoware/install/autoware_auto_geometry_msgs:${AMENT_PREFIX_PATH} CMAKE_PREFIX_PATH=/home/cityu/autoware/install/pointcloud_preprocessor:/home/cityu/autoware/install/grid_map_pcl:/home/cityu/autoware/install/tier4_autoware_utils:/home/cityu/autoware/install/lanelet2_extension:/home/cityu/autoware/install/grid_map_ros:/home/cityu/autoware/install/tier4_pcl_extensions:/home/cityu/autoware/install/grid_map_cv:/home/cityu/autoware/install/autoware_utils:/home/cityu/autoware/install/autoware_point_types:/home/cityu/autoware/install/autoware_auto_vehicle_msgs:/home/cityu/autoware/install/grid_map_msgs:/home/cityu/autoware/install/grid_map_core:/home/cityu/autoware/install/autoware_planning_msgs:/home/cityu/autoware/install/autoware_cmake:/home/cityu/autoware/install/autoware_auto_planning_msgs:/home/cityu/autoware/install/autoware_auto_perception_msgs:/home/cityu/autoware/install/tier4_debug_msgs:/home/cityu/autoware/install/autoware_lint_common:/home/cityu/autoware/install/autoware_common_msgs:/home/cityu/autoware/install/autoware_auto_mapping_msgs:/home/cityu/autoware/install/autoware_auto_geometry_msgs:/opt/ros/galactic LD_LIBRARY_PATH=/home/cityu/autoware/install/pointcloud_preprocessor/lib:/home/cityu/autoware/install/grid_map_pcl/lib:/home/cityu/autoware/install/tier4_autoware_utils/lib:/home/cityu/autoware/install/lanelet2_extension/lib:/home/cityu/autoware/install/grid_map_ros/lib:/home/cityu/autoware/install/tier4_pcl_extensions/lib:/home/cityu/autoware/install/grid_map_cv/lib:/home/cityu/autoware/install/autoware_utils/lib:/home/cityu/autoware/install/autoware_auto_vehicle_msgs/lib:/home/cityu/autoware/install/grid_map_msgs/lib:/home/cityu/autoware/install/grid_map_core/lib:/home/cityu/autoware/install/autoware_planning_msgs/lib:/home/cityu/autoware/install/autoware_auto_planning_msgs/lib:/home/cityu/autoware/install/autoware_auto_perception_msgs/lib:/home/cityu/autoware/install/tier4_debug_msgs/lib:/home/cityu/autoware/install/autoware_common_msgs/lib:/home/cityu/autoware/install/autoware_auto_mapping_msgs/lib:/home/cityu/autoware/install/autoware_auto_geometry_msgs/lib:${LD_LIBRARY_PATH} PYTHONPATH=/home/cityu/autoware/install/autoware_auto_vehicle_msgs/lib/python3.8/site-packages:/home/cityu/autoware/install/grid_map_msgs/lib/python3.8/site-packages:/home/cityu/autoware/install/autoware_planning_msgs/lib/python3.8/site-packages:/home/cityu/autoware/install/autoware_auto_planning_msgs/lib/python3.8/site-packages:/home/cityu/autoware/install/autoware_auto_perception_msgs/lib/python3.8/site-packages:/home/cityu/autoware/install/tier4_debug_msgs/lib/python3.8/site-packages:/home/cityu/autoware/install/autoware_common_msgs/lib/python3.8/site-packages:/home/cityu/autoware/install/autoware_auto_mapping_msgs/lib/python3.8/site-packages:/home/cityu/autoware/install/autoware_auto_geometry_msgs/lib/python3.8/site-packages:${PYTHONPATH} /usr/bin/cmake --install /home/cityu/autoware/build/compare_map_segmentation
