-- Found autoware_cmake: 0.1.0 (/home/cityu/autoware/install/autoware_cmake/share/autoware_cmake/cmake)
-- Found ament_cmake_auto: 1.1.6 (/opt/ros/galactic/share/ament_cmake_auto/cmake)
-- Using PYTHON_EXECUTABLE: /usr/bin/python3
-- Override CMake install command with custom implementation using symlinks instead of copying resources
-- Using all available rosidl_typesupport_c: rosidl_typesupport_fastrtps_c;rosidl_typesupport_introspection_c
-- Found rosidl_adapter: 2.2.3 (/opt/ros/galactic/share/rosidl_adapter/cmake)
-- Using all available rosidl_typesupport_cpp: rosidl_typesupport_fastrtps_cpp;rosidl_typesupport_introspection_cpp
-- Found rmw_implementation_cmake: 3.3.1 (/opt/ros/galactic/share/rmw_implementation_cmake/cmake)
-- Found rmw_cyclonedds_cpp: 0.22.6 (/opt/ros/galactic/share/rmw_cyclonedds_cpp/cmake)
-- Using RMW implementation 'rmw_cyclonedds_cpp' as default
-- Found eigen3_cmake_module: 0.1.1 (/opt/ros/galactic/share/eigen3_cmake_module/cmake)
-- Eigen found (include: /usr/include/eigen3, version: 3.3.7)
-- The imported target "vtkParseOGLExt" references the file
   "/usr/bin/vtkParseOGLExt-7.1"
but this file does not exist.  Possible reasons include:
* The file was deleted, renamed, or moved to another location.
* An install or uninstall procedure did not complete successfully.
* The installation package was faulty and contained
   "/usr/lib/cmake/vtk-7.1/VTKTargets.cmake"
but not all the files it references.

-- The imported target "vtkRenderingPythonTkWidgets" references the file
   "/usr/lib/x86_64-linux-gnu/libvtkRenderingPythonTkWidgets.so"
but this file does not exist.  Possible reasons include:
* The file was deleted, renamed, or moved to another location.
* An install or uninstall procedure did not complete successfully.
* The installation package was faulty and contained
   "/usr/lib/cmake/vtk-7.1/VTKTargets.cmake"
but not all the files it references.

-- The imported target "vtk" references the file
   "/usr/bin/vtk"
but this file does not exist.  Possible reasons include:
* The file was deleted, renamed, or moved to another location.
* An install or uninstall procedure did not complete successfully.
* The installation package was faulty and contained
   "/usr/lib/cmake/vtk-7.1/VTKTargets.cmake"
but not all the files it references.

-- The imported target "pvtk" references the file
   "/usr/bin/pvtk"
but this file does not exist.  Possible reasons include:
* The file was deleted, renamed, or moved to another location.
* An install or uninstall procedure did not complete successfully.
* The installation package was faulty and contained
   "/usr/lib/cmake/vtk-7.1/VTKTargets.cmake"
but not all the files it references.

-- Checking for module 'libusb-1.0'
--   No package 'libusb-1.0' found
-- Could NOT find USB_10 (missing: USB_10_LIBRARY USB_10_INCLUDE_DIR) 
-- OpenNI disabled because libusb-1.0 not found.
-- Checking for module 'libusb-1.0'
--   No package 'libusb-1.0' found
-- Could NOT find USB_10 (missing: USB_10_LIBRARY USB_10_INCLUDE_DIR) 
-- OpenNI 2 disabled because libusb-1.0 not found.
-- LIBUSB_1_LIBRARY (missing: LIBUSB_1_INCLUDE_DIR) 
-- Checking for module 'libusb-1.0'
--   No package 'libusb-1.0' found
-- Could NOT find USB_10 (missing: USB_10_LIBRARY USB_10_INCLUDE_DIR) 
-- OpenNI disabled because libusb-1.0 not found.
-- Checking for module 'libusb-1.0'
--   No package 'libusb-1.0' found
-- Could NOT find USB_10 (missing: USB_10_LIBRARY USB_10_INCLUDE_DIR) 
-- OpenNI 2 disabled because libusb-1.0 not found.
-- QHULL found (include: /usr/include, lib: optimized;/usr/lib/x86_64-linux-gnu/libqhull.so;debug;/usr/lib/x86_64-linux-gnu/libqhull.so)
-- Checking for module 'libusb-1.0'
--   No package 'libusb-1.0' found
-- Could NOT find USB_10 (missing: USB_10_LIBRARY USB_10_INCLUDE_DIR) 
-- OpenNI disabled because libusb-1.0 not found.
-- Found mrt_cmake_modules: 1.0.9 (/opt/ros/galactic/share/mrt_cmake_modules/cmake)
-- Found Boost: /usr/include (found version "1.71.0") found components: wserialization thread random serialization log_setup prg_exec_monitor wave system chrono filesystem locale timer date_time regex graph program_options unit_test_framework log atomic iostreams 
-- Found OpenMP_C: -fopenmp  
-- Found OpenMP_CXX: -fopenmp  
-- Found OpenMP: TRUE   
-- Found ament_lint_auto: 0.10.7 (/opt/ros/galactic/share/ament_lint_auto/cmake)
-- Found Boost: /usr/include (found version "1.71.0")  
-- Found OpenMP_C: -fopenmp  
-- Found OpenMP_CXX: -fopenmp  
-- Using header-only CGAL
-- Targetting Unix Makefiles
-- Using /usr/bin/c++ compiler.
-- Found Boost: /usr/include (found suitable version "1.71.0", minimum required is "1.48")  
-- Boost include dirs: /usr/include
-- Boost libraries:    
-- Using gcc version 4 or later. Adding -frounding-math
-- Added test 'copyright' to check source files copyright and LICENSE
-- Added test 'cppcheck' to perform static code analysis on C / C++ code
-- Configured cppcheck include dirs: /home/cityu/autoware/src/universe/autoware.universe/sensing/pointcloud_preprocessor/include;$<BUILD_INTERFACE:/home/cityu/autoware/src/universe/autoware.universe/sensing/pointcloud_preprocessor/include>
-- Configured cppcheck exclude dirs and/or files: 
-- Added test 'lint_cmake' to check CMake code style
-- Added test 'xmllint' to check XML markup files
-- Configuring done
-- Generating done
CMake Warning:
  Manually-specified variables were not used by the project:

    DOWNLOAD_ARTIFACTS


-- Build files have been written to: /home/cityu/autoware/build/pointcloud_preprocessor
[  3%] Built target ring_outlier_filter_node
[  7%] Built target random_downsample_filter_node
[ 10%] Built target vector_map_inside_area_filter_node
[ 14%] Built target radius_search_2d_outlier_filter_node
[ 17%] Built target polygon_remover_node
[ 21%] Built target blockage_diag_node
[ 25%] Built target voxel_grid_outlier_filter_node
[ 28%] Built target pointcloud_accumulator_node
[ 32%] Built target voxel_grid_downsample_filter_node
[ 35%] Built target passthrough_filter_uint16_node
[ 39%] Built target dual_return_outlier_filter_node
[ 42%] Built target distortion_corrector_node
[ 46%] Built target vector_map_filter_node
[ 48%] [32m[1mLinking CXX shared library libpointcloud_preprocessor_filter_base.so[0m
[ 50%] Built target pointcloud_preprocessor_filter_base
[ 53%] Built target concatenate_data_node
[ 55%] [32m[1mLinking CXX shared library libpointcloud_preprocessor_filter.so[0m
[ 89%] Built target pointcloud_preprocessor_filter
[ 96%] Built target approximate_downsample_filter_node
[ 96%] Built target passthrough_filter_node
[100%] Built target crop_box_filter_node
-- Install configuration: "Release"
-- Execute custom install script
-- Up-to-date symlink: /home/cityu/autoware/install/pointcloud_preprocessor/lib/pointcloud_preprocessor/concatenate_data_node
-- Up-to-date symlink: /home/cityu/autoware/install/pointcloud_preprocessor/lib/pointcloud_preprocessor/crop_box_filter_node
-- Up-to-date symlink: /home/cityu/autoware/install/pointcloud_preprocessor/lib/pointcloud_preprocessor/voxel_grid_downsample_filter_node
-- Up-to-date symlink: /home/cityu/autoware/install/pointcloud_preprocessor/lib/pointcloud_preprocessor/random_downsample_filter_node
-- Up-to-date symlink: /home/cityu/autoware/install/pointcloud_preprocessor/lib/pointcloud_preprocessor/approximate_downsample_filter_node
-- Up-to-date symlink: /home/cityu/autoware/install/pointcloud_preprocessor/lib/pointcloud_preprocessor/ring_outlier_filter_node
-- Up-to-date symlink: /home/cityu/autoware/install/pointcloud_preprocessor/lib/pointcloud_preprocessor/voxel_grid_outlier_filter_node
-- Up-to-date symlink: /home/cityu/autoware/install/pointcloud_preprocessor/lib/pointcloud_preprocessor/radius_search_2d_outlier_filter_node
-- Up-to-date symlink: /home/cityu/autoware/install/pointcloud_preprocessor/lib/pointcloud_preprocessor/dual_return_outlier_filter_node
-- Up-to-date symlink: /home/cityu/autoware/install/pointcloud_preprocessor/lib/pointcloud_preprocessor/passthrough_filter_node
-- Up-to-date symlink: /home/cityu/autoware/install/pointcloud_preprocessor/lib/pointcloud_preprocessor/passthrough_filter_uint16_node
-- Up-to-date symlink: /home/cityu/autoware/install/pointcloud_preprocessor/lib/pointcloud_preprocessor/pointcloud_accumulator_node
-- Up-to-date symlink: /home/cityu/autoware/install/pointcloud_preprocessor/lib/pointcloud_preprocessor/vector_map_filter_node
-- Up-to-date symlink: /home/cityu/autoware/install/pointcloud_preprocessor/lib/pointcloud_preprocessor/distortion_corrector_node
-- Up-to-date symlink: /home/cityu/autoware/install/pointcloud_preprocessor/lib/pointcloud_preprocessor/blockage_diag_node
-- Up-to-date symlink: /home/cityu/autoware/install/pointcloud_preprocessor/lib/pointcloud_preprocessor/polygon_remover_node
-- Up-to-date symlink: /home/cityu/autoware/install/pointcloud_preprocessor/lib/pointcloud_preprocessor/vector_map_inside_area_filter_node
-- Up-to-date symlink: /home/cityu/autoware/install/pointcloud_preprocessor/include/pointcloud_preprocessor/pointcloud_preprocessor/blockage_diag/blockage_diag_nodelet.hpp
-- Up-to-date symlink: /home/cityu/autoware/install/pointcloud_preprocessor/include/pointcloud_preprocessor/pointcloud_preprocessor/concatenate_data/concatenate_data_nodelet.hpp
-- Up-to-date symlink: /home/cityu/autoware/install/pointcloud_preprocessor/include/pointcloud_preprocessor/pointcloud_preprocessor/crop_box_filter/crop_box_filter_nodelet.hpp
-- Up-to-date symlink: /home/cityu/autoware/install/pointcloud_preprocessor/include/pointcloud_preprocessor/pointcloud_preprocessor/distortion_corrector/distortion_corrector.hpp
-- Up-to-date symlink: /home/cityu/autoware/install/pointcloud_preprocessor/include/pointcloud_preprocessor/pointcloud_preprocessor/downsample_filter/approximate_downsample_filter_nodelet.hpp
-- Up-to-date symlink: /home/cityu/autoware/install/pointcloud_preprocessor/include/pointcloud_preprocessor/pointcloud_preprocessor/downsample_filter/random_downsample_filter_nodelet.hpp
-- Up-to-date symlink: /home/cityu/autoware/install/pointcloud_preprocessor/include/pointcloud_preprocessor/pointcloud_preprocessor/downsample_filter/voxel_grid_downsample_filter_nodelet.hpp
-- Up-to-date symlink: /home/cityu/autoware/install/pointcloud_preprocessor/include/pointcloud_preprocessor/pointcloud_preprocessor/filter.hpp
-- Up-to-date symlink: /home/cityu/autoware/install/pointcloud_preprocessor/include/pointcloud_preprocessor/pointcloud_preprocessor/outlier_filter/dual_return_outlier_filter_nodelet.hpp
-- Up-to-date symlink: /home/cityu/autoware/install/pointcloud_preprocessor/include/pointcloud_preprocessor/pointcloud_preprocessor/outlier_filter/radius_search_2d_outlier_filter_nodelet.hpp
-- Up-to-date symlink: /home/cityu/autoware/install/pointcloud_preprocessor/include/pointcloud_preprocessor/pointcloud_preprocessor/outlier_filter/ring_outlier_filter_nodelet.hpp
-- Up-to-date symlink: /home/cityu/autoware/install/pointcloud_preprocessor/include/pointcloud_preprocessor/pointcloud_preprocessor/outlier_filter/voxel_grid_outlier_filter_nodelet.hpp
-- Up-to-date symlink: /home/cityu/autoware/install/pointcloud_preprocessor/include/pointcloud_preprocessor/pointcloud_preprocessor/passthrough_filter/passthrough_filter_nodelet.hpp
-- Up-to-date symlink: /home/cityu/autoware/install/pointcloud_preprocessor/include/pointcloud_preprocessor/pointcloud_preprocessor/passthrough_filter/passthrough_filter_uint16_nodelet.hpp
-- Up-to-date symlink: /home/cityu/autoware/install/pointcloud_preprocessor/include/pointcloud_preprocessor/pointcloud_preprocessor/passthrough_filter/passthrough_uint16.hpp
-- Up-to-date symlink: /home/cityu/autoware/install/pointcloud_preprocessor/include/pointcloud_preprocessor/pointcloud_preprocessor/pointcloud_accumulator/pointcloud_accumulator_nodelet.hpp
-- Up-to-date symlink: /home/cityu/autoware/install/pointcloud_preprocessor/include/pointcloud_preprocessor/pointcloud_preprocessor/polygon_remover/polygon_remover.hpp
-- Up-to-date symlink: /home/cityu/autoware/install/pointcloud_preprocessor/include/pointcloud_preprocessor/pointcloud_preprocessor/utility/utilities.hpp
-- Up-to-date symlink: /home/cityu/autoware/install/pointcloud_preprocessor/include/pointcloud_preprocessor/pointcloud_preprocessor/vector_map_filter/lanelet2_map_filter_nodelet.hpp
-- Up-to-date symlink: /home/cityu/autoware/install/pointcloud_preprocessor/include/pointcloud_preprocessor/pointcloud_preprocessor/vector_map_filter/vector_map_inside_area_filter.hpp
-- Up-to-date symlink: /home/cityu/autoware/install/pointcloud_preprocessor/include/pointcloud_preprocessor/blockage_diag/blockage_diag_nodelet.hpp
-- Up-to-date symlink: /home/cityu/autoware/install/pointcloud_preprocessor/include/pointcloud_preprocessor/concatenate_data/concatenate_data_nodelet.hpp
-- Up-to-date symlink: /home/cityu/autoware/install/pointcloud_preprocessor/include/pointcloud_preprocessor/crop_box_filter/crop_box_filter_nodelet.hpp
-- Up-to-date symlink: /home/cityu/autoware/install/pointcloud_preprocessor/include/pointcloud_preprocessor/distortion_corrector/distortion_corrector.hpp
-- Up-to-date symlink: /home/cityu/autoware/install/pointcloud_preprocessor/include/pointcloud_preprocessor/downsample_filter/approximate_downsample_filter_nodelet.hpp
-- Up-to-date symlink: /home/cityu/autoware/install/pointcloud_preprocessor/include/pointcloud_preprocessor/downsample_filter/random_downsample_filter_nodelet.hpp
-- Up-to-date symlink: /home/cityu/autoware/install/pointcloud_preprocessor/include/pointcloud_preprocessor/downsample_filter/voxel_grid_downsample_filter_nodelet.hpp
-- Up-to-date symlink: /home/cityu/autoware/install/pointcloud_preprocessor/include/pointcloud_preprocessor/filter.hpp
-- Up-to-date symlink: /home/cityu/autoware/install/pointcloud_preprocessor/include/pointcloud_preprocessor/outlier_filter/dual_return_outlier_filter_nodelet.hpp
-- Up-to-date symlink: /home/cityu/autoware/install/pointcloud_preprocessor/include/pointcloud_preprocessor/outlier_filter/radius_search_2d_outlier_filter_nodelet.hpp
-- Up-to-date symlink: /home/cityu/autoware/install/pointcloud_preprocessor/include/pointcloud_preprocessor/outlier_filter/ring_outlier_filter_nodelet.hpp
-- Up-to-date symlink: /home/cityu/autoware/install/pointcloud_preprocessor/include/pointcloud_preprocessor/outlier_filter/voxel_grid_outlier_filter_nodelet.hpp
-- Up-to-date symlink: /home/cityu/autoware/install/pointcloud_preprocessor/include/pointcloud_preprocessor/passthrough_filter/passthrough_filter_nodelet.hpp
-- Up-to-date symlink: /home/cityu/autoware/install/pointcloud_preprocessor/include/pointcloud_preprocessor/passthrough_filter/passthrough_filter_uint16_nodelet.hpp
-- Up-to-date symlink: /home/cityu/autoware/install/pointcloud_preprocessor/include/pointcloud_preprocessor/passthrough_filter/passthrough_uint16.hpp
-- Up-to-date symlink: /home/cityu/autoware/install/pointcloud_preprocessor/include/pointcloud_preprocessor/pointcloud_accumulator/pointcloud_accumulator_nodelet.hpp
-- Up-to-date symlink: /home/cityu/autoware/install/pointcloud_preprocessor/include/pointcloud_preprocessor/polygon_remover/polygon_remover.hpp
-- Up-to-date symlink: /home/cityu/autoware/install/pointcloud_preprocessor/include/pointcloud_preprocessor/utility/utilities.hpp
-- Up-to-date symlink: /home/cityu/autoware/install/pointcloud_preprocessor/include/pointcloud_preprocessor/vector_map_filter/lanelet2_map_filter_nodelet.hpp
-- Up-to-date symlink: /home/cityu/autoware/install/pointcloud_preprocessor/include/pointcloud_preprocessor/vector_map_filter/vector_map_inside_area_filter.hpp
-- Up-to-date symlink: /home/cityu/autoware/install/pointcloud_preprocessor/share/pointcloud_preprocessor/environment/library_path.sh
-- Up-to-date symlink: /home/cityu/autoware/install/pointcloud_preprocessor/share/pointcloud_preprocessor/environment/library_path.dsv
-- Up-to-date symlink: /home/cityu/autoware/install/pointcloud_preprocessor/lib/libpointcloud_preprocessor_filter.so
-- Up-to-date symlink: /home/cityu/autoware/install/pointcloud_preprocessor/share/pointcloud_preprocessor/launch/blockage_diag.launch.xml
-- Up-to-date symlink: /home/cityu/autoware/install/pointcloud_preprocessor/share/pointcloud_preprocessor/launch/dual_return_outlier_filter.launch.xml
-- Up-to-date symlink: /home/cityu/autoware/install/pointcloud_preprocessor/share/pointcloud_preprocessor/launch/polygon_remover.launch.py
-- Up-to-date symlink: /home/cityu/autoware/install/pointcloud_preprocessor/share/pointcloud_preprocessor/launch/preprocessor.launch.py
-- Up-to-date symlink: /home/cityu/autoware/install/pointcloud_preprocessor/share/pointcloud_preprocessor/launch/preprocessor.launch.xml
-- Up-to-date symlink: /home/cityu/autoware/install/pointcloud_preprocessor/share/pointcloud_preprocessor/launch/random_downsample_filter.launch.xml
-- Up-to-date symlink: /home/cityu/autoware/install/pointcloud_preprocessor/share/pointcloud_preprocessor/launch/ring_passthrough_filter.launch.xml
-- Up-to-date symlink: /home/cityu/autoware/install/pointcloud_preprocessor/share/ament_index/resource_index/package_run_dependencies/pointcloud_preprocessor
-- Up-to-date symlink: /home/cityu/autoware/install/pointcloud_preprocessor/share/ament_index/resource_index/parent_prefix_path/pointcloud_preprocessor
-- Up-to-date symlink: /home/cityu/autoware/install/pointcloud_preprocessor/share/pointcloud_preprocessor/environment/ament_prefix_path.sh
-- Up-to-date symlink: /home/cityu/autoware/install/pointcloud_preprocessor/share/pointcloud_preprocessor/environment/ament_prefix_path.dsv
-- Up-to-date symlink: /home/cityu/autoware/install/pointcloud_preprocessor/share/pointcloud_preprocessor/environment/path.sh
-- Up-to-date symlink: /home/cityu/autoware/install/pointcloud_preprocessor/share/pointcloud_preprocessor/environment/path.dsv
-- Up-to-date symlink: /home/cityu/autoware/install/pointcloud_preprocessor/share/pointcloud_preprocessor/local_setup.bash
-- Up-to-date symlink: /home/cityu/autoware/install/pointcloud_preprocessor/share/pointcloud_preprocessor/local_setup.sh
-- Up-to-date symlink: /home/cityu/autoware/install/pointcloud_preprocessor/share/pointcloud_preprocessor/local_setup.zsh
-- Up-to-date symlink: /home/cityu/autoware/install/pointcloud_preprocessor/share/pointcloud_preprocessor/local_setup.dsv
-- Symlinking: /home/cityu/autoware/install/pointcloud_preprocessor/share/pointcloud_preprocessor/package.dsv
-- Up-to-date symlink: /home/cityu/autoware/install/pointcloud_preprocessor/share/ament_index/resource_index/packages/pointcloud_preprocessor
-- Up-to-date symlink: /home/cityu/autoware/install/pointcloud_preprocessor/share/ament_index/resource_index/rclcpp_components/pointcloud_preprocessor
-- Up-to-date symlink: /home/cityu/autoware/install/pointcloud_preprocessor/share/pointcloud_preprocessor/cmake/ament_cmake_export_targets-extras.cmake
-- Up-to-date symlink: /home/cityu/autoware/install/pointcloud_preprocessor/share/pointcloud_preprocessor/cmake/ament_cmake_export_dependencies-extras.cmake
-- Up-to-date symlink: /home/cityu/autoware/install/pointcloud_preprocessor/share/pointcloud_preprocessor/cmake/ament_cmake_export_include_directories-extras.cmake
-- Up-to-date symlink: /home/cityu/autoware/install/pointcloud_preprocessor/share/pointcloud_preprocessor/cmake/ament_cmake_export_libraries-extras.cmake
-- Up-to-date symlink: /home/cityu/autoware/install/pointcloud_preprocessor/share/pointcloud_preprocessor/cmake/pointcloud_preprocessorConfig.cmake
-- Up-to-date symlink: /home/cityu/autoware/install/pointcloud_preprocessor/share/pointcloud_preprocessor/cmake/pointcloud_preprocessorConfig-version.cmake
-- Up-to-date symlink: /home/cityu/autoware/install/pointcloud_preprocessor/share/pointcloud_preprocessor/package.xml
-- Installing: /home/cityu/autoware/install/pointcloud_preprocessor/lib/libpointcloud_preprocessor_filter_base.so
-- Set runtime path of "/home/cityu/autoware/install/pointcloud_preprocessor/lib/libpointcloud_preprocessor_filter_base.so" to ""
-- Up-to-date: /home/cityu/autoware/install/pointcloud_preprocessor/share/pointcloud_preprocessor/cmake/export_pointcloud_preprocessorExport.cmake
-- Installing: /home/cityu/autoware/install/pointcloud_preprocessor/share/pointcloud_preprocessor/cmake/export_pointcloud_preprocessorExport-release.cmake
