[0.122s] Invoking command in '/home/cityu/autoware/build/tensorrt_yolox': AMENT_PREFIX_PATH=/home/cityu/autoware/install/tier4_perception_msgs:/home/cityu/autoware/install/tensorrt_common:/home/cityu/autoware/install/cuda_utils:/home/cityu/autoware/install/autoware_cmake:/home/cityu/autoware/install/autoware_auto_perception_msgs:/home/cityu/autoware/install/autoware_lint_common:/home/cityu/autoware/install/autoware_auto_geometry_msgs:${AMENT_PREFIX_PATH} CMAKE_PREFIX_PATH=/home/cityu/autoware/install/tier4_perception_msgs:/home/cityu/autoware/install/tensorrt_common:/home/cityu/autoware/install/cuda_utils:/home/cityu/autoware/install/autoware_cmake:/home/cityu/autoware/install/autoware_auto_perception_msgs:/home/cityu/autoware/install/autoware_lint_common:/home/cityu/autoware/install/autoware_auto_geometry_msgs:/opt/ros/galactic LD_LIBRARY_PATH=/home/cityu/autoware/install/tier4_perception_msgs/lib:/home/cityu/autoware/install/tensorrt_common/lib:/home/cityu/autoware/install/autoware_auto_perception_msgs/lib:/home/cityu/autoware/install/autoware_auto_geometry_msgs/lib:${LD_LIBRARY_PATH} PYTHONPATH=/home/cityu/autoware/install/tier4_perception_msgs/lib/python3.8/site-packages:/home/cityu/autoware/install/autoware_auto_perception_msgs/lib/python3.8/site-packages:/home/cityu/autoware/install/autoware_auto_geometry_msgs/lib/python3.8/site-packages:${PYTHONPATH} /usr/bin/cmake --build /home/cityu/autoware/build/tensorrt_yolox -- -j16 -l16
[0.188s] [ 40%] Built target yolox_single_image_inference
[0.188s] [ 40%] Built target tensorrt_yolox_node_exe
[0.203s] [ 60%] Built target tensorrt_yolox
[0.234s] [ 80%] Built target yolox_single_image_inference_node
[0.273s] [100%] Built target tensorrt_yolox_node
[0.435s] Invoked command in '/home/cityu/autoware/build/tensorrt_yolox' returned '0': AMENT_PREFIX_PATH=/home/cityu/autoware/install/tier4_perception_msgs:/home/cityu/autoware/install/tensorrt_common:/home/cityu/autoware/install/cuda_utils:/home/cityu/autoware/install/autoware_cmake:/home/cityu/autoware/install/autoware_auto_perception_msgs:/home/cityu/autoware/install/autoware_lint_common:/home/cityu/autoware/install/autoware_auto_geometry_msgs:${AMENT_PREFIX_PATH} CMAKE_PREFIX_PATH=/home/cityu/autoware/install/tier4_perception_msgs:/home/cityu/autoware/install/tensorrt_common:/home/cityu/autoware/install/cuda_utils:/home/cityu/autoware/install/autoware_cmake:/home/cityu/autoware/install/autoware_auto_perception_msgs:/home/cityu/autoware/install/autoware_lint_common:/home/cityu/autoware/install/autoware_auto_geometry_msgs:/opt/ros/galactic LD_LIBRARY_PATH=/home/cityu/autoware/install/tier4_perception_msgs/lib:/home/cityu/autoware/install/tensorrt_common/lib:/home/cityu/autoware/install/autoware_auto_perception_msgs/lib:/home/cityu/autoware/install/autoware_auto_geometry_msgs/lib:${LD_LIBRARY_PATH} PYTHONPATH=/home/cityu/autoware/install/tier4_perception_msgs/lib/python3.8/site-packages:/home/cityu/autoware/install/autoware_auto_perception_msgs/lib/python3.8/site-packages:/home/cityu/autoware/install/autoware_auto_geometry_msgs/lib/python3.8/site-packages:${PYTHONPATH} /usr/bin/cmake --build /home/cityu/autoware/build/tensorrt_yolox -- -j16 -l16
[0.716s] Invoking command in '/home/cityu/autoware/build/tensorrt_yolox': AMENT_PREFIX_PATH=/home/cityu/autoware/install/tier4_perception_msgs:/home/cityu/autoware/install/tensorrt_common:/home/cityu/autoware/install/cuda_utils:/home/cityu/autoware/install/autoware_cmake:/home/cityu/autoware/install/autoware_auto_perception_msgs:/home/cityu/autoware/install/autoware_lint_common:/home/cityu/autoware/install/autoware_auto_geometry_msgs:${AMENT_PREFIX_PATH} CMAKE_PREFIX_PATH=/home/cityu/autoware/install/tier4_perception_msgs:/home/cityu/autoware/install/tensorrt_common:/home/cityu/autoware/install/cuda_utils:/home/cityu/autoware/install/autoware_cmake:/home/cityu/autoware/install/autoware_auto_perception_msgs:/home/cityu/autoware/install/autoware_lint_common:/home/cityu/autoware/install/autoware_auto_geometry_msgs:/opt/ros/galactic LD_LIBRARY_PATH=/home/cityu/autoware/install/tier4_perception_msgs/lib:/home/cityu/autoware/install/tensorrt_common/lib:/home/cityu/autoware/install/autoware_auto_perception_msgs/lib:/home/cityu/autoware/install/autoware_auto_geometry_msgs/lib:${LD_LIBRARY_PATH} PYTHONPATH=/home/cityu/autoware/install/tier4_perception_msgs/lib/python3.8/site-packages:/home/cityu/autoware/install/autoware_auto_perception_msgs/lib/python3.8/site-packages:/home/cityu/autoware/install/autoware_auto_geometry_msgs/lib/python3.8/site-packages:${PYTHONPATH} /usr/bin/cmake --install /home/cityu/autoware/build/tensorrt_yolox
[0.762s] -- Install configuration: "Release"
[0.762s] -- Execute custom install script
[0.767s] -- Up-to-date symlink: /home/cityu/autoware/install/tensorrt_yolox/lib/tensorrt_yolox/yolox_single_image_inference
[0.768s] -- Up-to-date symlink: /home/cityu/autoware/install/tensorrt_yolox/lib/tensorrt_yolox/tensorrt_yolox_node_exe
[0.768s] -- Up-to-date symlink: /home/cityu/autoware/install/tensorrt_yolox/include/tensorrt_yolox/tensorrt_yolox.hpp
[0.768s] -- Up-to-date symlink: /home/cityu/autoware/install/tensorrt_yolox/include/tensorrt_yolox/tensorrt_yolox_node.hpp
[0.768s] -- Up-to-date symlink: /home/cityu/autoware/install/tensorrt_yolox/share/tensorrt_yolox/environment/library_path.sh
[0.768s] -- Up-to-date symlink: /home/cityu/autoware/install/tensorrt_yolox/share/tensorrt_yolox/environment/library_path.dsv
[0.768s] -- Up-to-date symlink: /home/cityu/autoware/install/tensorrt_yolox/lib/libtensorrt_yolox.so
[0.769s] -- Up-to-date symlink: /home/cityu/autoware/install/tensorrt_yolox/lib/libyolox_single_image_inference_node.so
[0.769s] -- Up-to-date symlink: /home/cityu/autoware/install/tensorrt_yolox/lib/libtensorrt_yolox_node.so
[0.769s] -- Up-to-date symlink: /home/cityu/autoware/install/tensorrt_yolox/share/tensorrt_yolox/data/label.txt
[0.769s] -- Up-to-date symlink: /home/cityu/autoware/install/tensorrt_yolox/share/tensorrt_yolox/data/yolox-tiny.onnx
[0.772s] -- Up-to-date symlink: /home/cityu/autoware/install/tensorrt_yolox/share/ament_index/resource_index/package_run_dependencies/tensorrt_yolox
[0.773s] -- Up-to-date symlink: /home/cityu/autoware/install/tensorrt_yolox/share/ament_index/resource_index/parent_prefix_path/tensorrt_yolox
[0.773s] -- Up-to-date symlink: /home/cityu/autoware/install/tensorrt_yolox/share/tensorrt_yolox/environment/ament_prefix_path.sh
[0.773s] -- Up-to-date symlink: /home/cityu/autoware/install/tensorrt_yolox/share/tensorrt_yolox/environment/ament_prefix_path.dsv
[0.773s] -- Up-to-date symlink: /home/cityu/autoware/install/tensorrt_yolox/share/tensorrt_yolox/environment/path.sh
[0.774s] -- Up-to-date symlink: /home/cityu/autoware/install/tensorrt_yolox/share/tensorrt_yolox/environment/path.dsv
[0.774s] -- Up-to-date symlink: /home/cityu/autoware/install/tensorrt_yolox/share/tensorrt_yolox/local_setup.bash
[0.777s] -- Up-to-date symlink: /home/cityu/autoware/install/tensorrt_yolox/share/tensorrt_yolox/local_setup.sh
[0.778s] -- Up-to-date symlink: /home/cityu/autoware/install/tensorrt_yolox/share/tensorrt_yolox/local_setup.zsh
[0.778s] -- Up-to-date symlink: /home/cityu/autoware/install/tensorrt_yolox/share/tensorrt_yolox/local_setup.dsv
[0.778s] -- Symlinking: /home/cityu/autoware/install/tensorrt_yolox/share/tensorrt_yolox/package.dsv
[0.782s] -- Up-to-date symlink: /home/cityu/autoware/install/tensorrt_yolox/share/ament_index/resource_index/packages/tensorrt_yolox
[0.783s] -- Up-to-date symlink: /home/cityu/autoware/install/tensorrt_yolox/share/ament_index/resource_index/rclcpp_components/tensorrt_yolox
[0.783s] -- Up-to-date symlink: /home/cityu/autoware/install/tensorrt_yolox/share/tensorrt_yolox/cmake/ament_cmake_export_dependencies-extras.cmake
[0.783s] -- Up-to-date symlink: /home/cityu/autoware/install/tensorrt_yolox/share/tensorrt_yolox/cmake/ament_cmake_export_include_directories-extras.cmake
[0.783s] -- Up-to-date symlink: /home/cityu/autoware/install/tensorrt_yolox/share/tensorrt_yolox/cmake/ament_cmake_export_libraries-extras.cmake
[0.784s] -- Up-to-date symlink: /home/cityu/autoware/install/tensorrt_yolox/share/tensorrt_yolox/cmake/tensorrt_yoloxConfig.cmake
[0.784s] -- Up-to-date symlink: /home/cityu/autoware/install/tensorrt_yolox/share/tensorrt_yolox/cmake/tensorrt_yoloxConfig-version.cmake
[0.784s] -- Up-to-date symlink: /home/cityu/autoware/install/tensorrt_yolox/share/tensorrt_yolox/package.xml
[0.851s] Invoked command in '/home/cityu/autoware/build/tensorrt_yolox' returned '0': AMENT_PREFIX_PATH=/home/cityu/autoware/install/tier4_perception_msgs:/home/cityu/autoware/install/tensorrt_common:/home/cityu/autoware/install/cuda_utils:/home/cityu/autoware/install/autoware_cmake:/home/cityu/autoware/install/autoware_auto_perception_msgs:/home/cityu/autoware/install/autoware_lint_common:/home/cityu/autoware/install/autoware_auto_geometry_msgs:${AMENT_PREFIX_PATH} CMAKE_PREFIX_PATH=/home/cityu/autoware/install/tier4_perception_msgs:/home/cityu/autoware/install/tensorrt_common:/home/cityu/autoware/install/cuda_utils:/home/cityu/autoware/install/autoware_cmake:/home/cityu/autoware/install/autoware_auto_perception_msgs:/home/cityu/autoware/install/autoware_lint_common:/home/cityu/autoware/install/autoware_auto_geometry_msgs:/opt/ros/galactic LD_LIBRARY_PATH=/home/cityu/autoware/install/tier4_perception_msgs/lib:/home/cityu/autoware/install/tensorrt_common/lib:/home/cityu/autoware/install/autoware_auto_perception_msgs/lib:/home/cityu/autoware/install/autoware_auto_geometry_msgs/lib:${LD_LIBRARY_PATH} PYTHONPATH=/home/cityu/autoware/install/tier4_perception_msgs/lib/python3.8/site-packages:/home/cityu/autoware/install/autoware_auto_perception_msgs/lib/python3.8/site-packages:/home/cityu/autoware/install/autoware_auto_geometry_msgs/lib/python3.8/site-packages:${PYTHONPATH} /usr/bin/cmake --install /home/cityu/autoware/build/tensorrt_yolox
