[0.125s] Invoking command in '/home/cityu/autoware/build/autoware_auto_geometry_msgs': CMAKE_PREFIX_PATH=/opt/ros/galactic /usr/bin/cmake /home/cityu/autoware/src/core/external/autoware_auto_msgs/autoware_auto_geometry_msgs -DCMAKE_BUILD_TYPE=Release--cmake-args -DDOWNLOAD_ARTIFACTS=ON -DAMENT_CMAKE_SYMLINK_INSTALL=1 -DCMAKE_INSTALL_PREFIX=/home/cityu/autoware/install/autoware_auto_geometry_msgs
[0.303s] -- Found ament_cmake_auto: 1.1.6 (/opt/ros/galactic/share/ament_cmake_auto/cmake)
[0.304s] -- Found PythonInterp: /usr/bin/python3 (found suitable version "3.8.10", minimum required is "3") 
[0.304s] -- Using PYTHON_EXECUTABLE: /usr/bin/python3
[0.304s] -- Override CMake install command with custom implementation using symlinks instead of copying resources
[0.461s] -- Using all available rosidl_typesupport_c: rosidl_typesupport_fastrtps_c;rosidl_typesupport_introspection_c
[0.461s] -- Found rosidl_adapter: 2.2.3 (/opt/ros/galactic/share/rosidl_adapter/cmake)
[0.643s] -- Using all available rosidl_typesupport_cpp: rosidl_typesupport_fastrtps_cpp;rosidl_typesupport_introspection_cpp
[0.844s] -- Found ament_cmake_cppcheck: 0.10.7 (/opt/ros/galactic/share/ament_cmake_cppcheck/cmake)
[0.845s] -- Found ament_cmake_cpplint: 0.10.7 (/opt/ros/galactic/share/ament_cmake_cpplint/cmake)
[0.846s] -- Found ament_cmake_uncrustify: 0.10.7 (/opt/ros/galactic/share/ament_cmake_uncrustify/cmake)
[0.847s] -- Found ament_cmake_ros: 0.9.2 (/opt/ros/galactic/share/ament_cmake_ros/cmake)
[1.197s] -- Using all available rosidl_typesupport_c: rosidl_typesupport_fastrtps_c;rosidl_typesupport_introspection_c
[1.411s] -- Using all available rosidl_typesupport_cpp: rosidl_typesupport_fastrtps_cpp;rosidl_typesupport_introspection_cpp
[1.495s] -- Found PythonInterp: /usr/bin/python3 (found suitable version "3.8.10", minimum required is "3.5") 
[1.495s] -- Found python_cmake_module: 0.8.1 (/opt/ros/galactic/share/python_cmake_module/cmake)
[1.609s] -- Using PYTHON_EXECUTABLE: /usr/bin/python3
[1.609s] -- Using PYTHON_INCLUDE_DIRS: /usr/include/python3.8
[1.609s] -- Using PYTHON_LIBRARIES: /usr/lib/x86_64-linux-gnu/libpython3.8.so
[1.803s] -- Found ament_cmake_flake8: 0.10.7 (/opt/ros/galactic/share/ament_cmake_flake8/cmake)
[1.804s] -- Found ament_cmake_pep257: 0.10.7 (/opt/ros/galactic/share/ament_cmake_pep257/cmake)
[1.811s] -- Found ament_lint_auto: 0.10.7 (/opt/ros/galactic/share/ament_lint_auto/cmake)
[1.848s] -- Added test 'copyright' to check source files copyright and LICENSE
[1.848s] -- Added test 'lint_cmake' to check CMake code style
[1.857s] -- Added test 'xmllint' to check XML markup files
[1.873s] -- Configuring done
[2.405s] -- Generating done
[2.410s] CMake Warning:
[2.410s]   Manually-specified variables were not used by the project:
[2.411s] 
[2.411s]     DOWNLOAD_ARTIFACTS
[2.411s] 
[2.411s] 
[2.411s] -- Build files have been written to: /home/cityu/autoware/build/autoware_auto_geometry_msgs
[2.506s] Invoked command in '/home/cityu/autoware/build/autoware_auto_geometry_msgs' returned '0': CMAKE_PREFIX_PATH=/opt/ros/galactic /usr/bin/cmake /home/cityu/autoware/src/core/external/autoware_auto_msgs/autoware_auto_geometry_msgs -DCMAKE_BUILD_TYPE=Release--cmake-args -DDOWNLOAD_ARTIFACTS=ON -DAMENT_CMAKE_SYMLINK_INSTALL=1 -DCMAKE_INSTALL_PREFIX=/home/cityu/autoware/install/autoware_auto_geometry_msgs
[2.507s] Invoking command in '/home/cityu/autoware/build/autoware_auto_geometry_msgs': CMAKE_PREFIX_PATH=/opt/ros/galactic /usr/bin/cmake --build /home/cityu/autoware/build/autoware_auto_geometry_msgs -- -j16 -l16
