-- The C compiler identification is GNU 9.4.0
-- The CXX compiler identification is GNU 9.4.0
-- Check for working C compiler: /usr/bin/cc
-- Check for working C compiler: /usr/bin/cc -- works
-- Detecting C compiler ABI info
-- Detecting C compiler ABI info - done
-- Detecting C compile features
-- Detecting C compile features - done
-- Check for working CXX compiler: /usr/bin/c++
-- Check for working CXX compiler: /usr/bin/c++ -- works
-- Detecting CXX compiler ABI info
-- Detecting CXX compiler ABI info - done
-- Detecting CXX compile features
-- Detecting CXX compile features - done
-- Found autoware_cmake: 0.1.0 (/home/cityu/autoware/install/autoware_cmake/share/autoware_cmake/cmake)
-- Found ament_cmake_auto: 1.1.6 (/opt/ros/galactic/share/ament_cmake_auto/cmake)
-- Found PythonInterp: /usr/bin/python3 (found suitable version "3.8.10", minimum required is "3") 
-- Using PYTHON_EXECUTABLE: /usr/bin/python3
-- Override CMake install command with custom implementation using symlinks instead of copying resources
-- Using all available rosidl_typesupport_c: rosidl_typesupport_fastrtps_c;rosidl_typesupport_introspection_c
-- Found rosidl_adapter: 2.2.3 (/opt/ros/galactic/share/rosidl_adapter/cmake)
-- Found OpenSSL: /usr/lib/x86_64-linux-gnu/libcrypto.so (found version "1.1.1f")  
-- Found FastRTPS: /opt/ros/galactic/include  
-- Using all available rosidl_typesupport_cpp: rosidl_typesupport_fastrtps_cpp;rosidl_typesupport_introspection_cpp
-- Found rmw_implementation_cmake: 3.3.1 (/opt/ros/galactic/share/rmw_implementation_cmake/cmake)
-- Found rmw_cyclonedds_cpp: 0.22.6 (/opt/ros/galactic/share/rmw_cyclonedds_cpp/cmake)
-- Using RMW implementation 'rmw_cyclonedds_cpp' as default
-- Looking for pthread.h
-- Looking for pthread.h - found
-- Performing Test CMAKE_HAVE_LIBC_PTHREAD
-- Performing Test CMAKE_HAVE_LIBC_PTHREAD - Failed
-- Looking for pthread_create in pthreads
-- Looking for pthread_create in pthreads - not found
-- Looking for pthread_create in pthread
-- Looking for pthread_create in pthread - found
-- Found Threads: TRUE  
-- Found eigen3_cmake_module: 0.1.1 (/opt/ros/galactic/share/eigen3_cmake_module/cmake)
-- Found Eigen3: TRUE (found version "3.3.7") 
-- Found ament_lint_auto: 0.10.7 (/opt/ros/galactic/share/ament_lint_auto/cmake)
-- Found PythonInterp: /usr/bin/python3 (found version "3.8.10") 
-- Found ament_cmake_ros: 0.9.2 (/opt/ros/galactic/share/ament_cmake_ros/cmake)
-- Using all available rosidl_typesupport_c: rosidl_typesupport_fastrtps_c;rosidl_typesupport_introspection_c
-- Using all available rosidl_typesupport_cpp: rosidl_typesupport_fastrtps_cpp;rosidl_typesupport_introspection_cpp
-- Found PythonInterp: /usr/bin/python3 (found suitable version "3.8.10", minimum required is "3.5") 
-- Found python_cmake_module: 0.8.1 (/opt/ros/galactic/share/python_cmake_module/cmake)
-- Found PythonLibs: /usr/lib/x86_64-linux-gnu/libpython3.8.so (found suitable version "3.8.10", minimum required is "3.5") 
-- Using PYTHON_EXECUTABLE: /usr/bin/python3
-- Using PYTHON_INCLUDE_DIRS: /usr/include/python3.8
-- Using PYTHON_LIBRARIES: /usr/lib/x86_64-linux-gnu/libpython3.8.so
-- Found PythonExtra: .so  
-- Added test 'copyright' to check source files copyright and LICENSE
-- Added test 'cppcheck' to perform static code analysis on C / C++ code
-- Configured cppcheck include dirs: /home/cityu/autoware/src/universe/autoware.universe/planning/planning_debug_tools/include
-- Configured cppcheck exclude dirs and/or files: 
-- Added test 'lint_cmake' to check CMake code style
-- Added test 'xmllint' to check XML markup files
-- Configuring done
-- Generating done
-- Build files have been written to: /home/cityu/autoware/build/planning_debug_tools
[35m[1mScanning dependencies of target trajectory_analyzer_exe[0m
[  2%] [32mBuilding CXX object CMakeFiles/trajectory_analyzer_exe.dir/rclcpp_components/node_main_trajectory_analyzer_exe.cpp.o[0m
[  5%] [32m[1mLinking CXX executable trajectory_analyzer_exe[0m
[  5%] Built target trajectory_analyzer_exe
[  7%] [34m[1mGenerating C code for ROS interfaces[0m
[35m[1mScanning dependencies of target planning_debug_tools__rosidl_generator_c[0m
[ 10%] [32mBuilding C object CMakeFiles/planning_debug_tools__rosidl_generator_c.dir/rosidl_generator_c/planning_debug_tools/msg/detail/trajectory_debug_info__functions.c.o[0m
[ 12%] [32m[1mLinking C shared library libplanning_debug_tools__rosidl_generator_c.so[0m
[ 12%] Built target planning_debug_tools__rosidl_generator_c
[35m[1mScanning dependencies of target planning_debug_tools__cpp[0m
[ 15%] [34m[1mGenerating C++ code for ROS interfaces[0m
[ 15%] Built target planning_debug_tools__cpp
[ 17%] [34m[1mGenerating C introspection for ROS interfaces[0m
[35m[1mScanning dependencies of target planning_debug_tools__rosidl_typesupport_introspection_c[0m
[ 20%] [32mBuilding C object CMakeFiles/planning_debug_tools__rosidl_typesupport_introspection_c.dir/rosidl_typesupport_introspection_c/planning_debug_tools/msg/detail/trajectory_debug_info__type_support.c.o[0m
[ 23%] [32m[1mLinking C shared library libplanning_debug_tools__rosidl_typesupport_introspection_c.so[0m
[ 23%] Built target planning_debug_tools__rosidl_typesupport_introspection_c
[ 25%] [34m[1mGenerating C++ type support for eProsima Fast-RTPS[0m
[35m[1mScanning dependencies of target planning_debug_tools__rosidl_typesupport_fastrtps_cpp[0m
[ 28%] [32mBuilding CXX object CMakeFiles/planning_debug_tools__rosidl_typesupport_fastrtps_cpp.dir/rosidl_typesupport_fastrtps_cpp/planning_debug_tools/msg/detail/dds_fastrtps/trajectory_debug_info__type_support.cpp.o[0m
[ 30%] [32m[1mLinking CXX shared library libplanning_debug_tools__rosidl_typesupport_fastrtps_cpp.so[0m
[ 30%] Built target planning_debug_tools__rosidl_typesupport_fastrtps_cpp
[ 33%] [34m[1mGenerating C++ introspection for ROS interfaces[0m
[35m[1mScanning dependencies of target planning_debug_tools__rosidl_typesupport_introspection_cpp[0m
[ 35%] [32mBuilding CXX object CMakeFiles/planning_debug_tools__rosidl_typesupport_introspection_cpp.dir/rosidl_typesupport_introspection_cpp/planning_debug_tools/msg/detail/trajectory_debug_info__type_support.cpp.o[0m
[ 38%] [32m[1mLinking CXX shared library libplanning_debug_tools__rosidl_typesupport_introspection_cpp.so[0m
[ 38%] Built target planning_debug_tools__rosidl_typesupport_introspection_cpp
[ 41%] [34m[1mGenerating C type support for eProsima Fast-RTPS[0m
[35m[1mScanning dependencies of target planning_debug_tools__rosidl_typesupport_fastrtps_c[0m
[ 43%] [32mBuilding CXX object CMakeFiles/planning_debug_tools__rosidl_typesupport_fastrtps_c.dir/rosidl_typesupport_fastrtps_c/planning_debug_tools/msg/detail/trajectory_debug_info__type_support_c.cpp.o[0m
[ 46%] [32m[1mLinking CXX shared library libplanning_debug_tools__rosidl_typesupport_fastrtps_c.so[0m
[ 46%] Built target planning_debug_tools__rosidl_typesupport_fastrtps_c
[ 48%] [34m[1mGenerating C++ type support dispatch for ROS interfaces[0m
[35m[1mScanning dependencies of target planning_debug_tools__rosidl_typesupport_cpp[0m
[ 51%] [32mBuilding CXX object CMakeFiles/planning_debug_tools__rosidl_typesupport_cpp.dir/rosidl_typesupport_cpp/planning_debug_tools/msg/trajectory_debug_info__type_support.cpp.o[0m
[ 53%] [32m[1mLinking CXX shared library libplanning_debug_tools__rosidl_typesupport_cpp.so[0m
[ 53%] Built target planning_debug_tools__rosidl_typesupport_cpp
[35m[1mScanning dependencies of target stop_reason_visualizer_exe[0m
[ 56%] [34m[1mGenerating C type support dispatch for ROS interfaces[0m
[ 58%] [32mBuilding CXX object CMakeFiles/stop_reason_visualizer_exe.dir/rclcpp_components/node_main_stop_reason_visualizer_exe.cpp.o[0m
[35m[1mScanning dependencies of target planning_debug_tools__rosidl_typesupport_c[0m
[ 61%] [32mBuilding CXX object CMakeFiles/planning_debug_tools__rosidl_typesupport_c.dir/rosidl_typesupport_c/planning_debug_tools/msg/trajectory_debug_info__type_support.cpp.o[0m
[ 64%] [32m[1mLinking CXX shared library libplanning_debug_tools__rosidl_typesupport_c.so[0m
[ 64%] Built target planning_debug_tools__rosidl_typesupport_c
[35m[1mScanning dependencies of target planning_debug_tools[0m
[ 64%] Built target planning_debug_tools
[35m[1mScanning dependencies of target trajectory_analyzer_node[0m
[ 66%] [32mBuilding CXX object CMakeFiles/trajectory_analyzer_node.dir/src/trajectory_analyzer.cpp.o[0m
[ 69%] [32m[1mLinking CXX executable stop_reason_visualizer_exe[0m
[ 69%] Built target stop_reason_visualizer_exe
[ 71%] [32m[1mLinking CXX shared library libtrajectory_analyzer_node.so[0m
[ 71%] Built target trajectory_analyzer_node
[35m[1mScanning dependencies of target planning_debug_tools__py[0m
[35m[1mScanning dependencies of target stop_reason_visualizer_node[0m
[ 74%] [34m[1mGenerating Python code for ROS interfaces[0m
[ 76%] [32mBuilding CXX object CMakeFiles/stop_reason_visualizer_node.dir/src/stop_reason_visualizer.cpp.o[0m
[ 76%] Built target planning_debug_tools__py
[35m[1mScanning dependencies of target planning_debug_tools__python[0m
[ 79%] [32mBuilding C object CMakeFiles/planning_debug_tools__python.dir/rosidl_generator_py/planning_debug_tools/msg/_trajectory_debug_info_s.c.o[0m
[ 82%] [32m[1mLinking C shared library rosidl_generator_py/planning_debug_tools/libplanning_debug_tools__python.so[0m
[ 82%] Built target planning_debug_tools__python
[35m[1mScanning dependencies of target planning_debug_tools__rosidl_typesupport_introspection_c__pyext[0m
[ 84%] [32mBuilding C object CMakeFiles/planning_debug_tools__rosidl_typesupport_introspection_c__pyext.dir/rosidl_generator_py/planning_debug_tools/_planning_debug_tools_s.ep.rosidl_typesupport_introspection_c.c.o[0m
[ 87%] [32m[1mLinking C shared library rosidl_generator_py/planning_debug_tools/planning_debug_tools_s__rosidl_typesupport_introspection_c.cpython-38-x86_64-linux-gnu.so[0m
[ 87%] Built target planning_debug_tools__rosidl_typesupport_introspection_c__pyext
[35m[1mScanning dependencies of target planning_debug_tools__rosidl_typesupport_c__pyext[0m
[ 89%] [32mBuilding C object CMakeFiles/planning_debug_tools__rosidl_typesupport_c__pyext.dir/rosidl_generator_py/planning_debug_tools/_planning_debug_tools_s.ep.rosidl_typesupport_c.c.o[0m
[ 92%] [32m[1mLinking C shared library rosidl_generator_py/planning_debug_tools/planning_debug_tools_s__rosidl_typesupport_c.cpython-38-x86_64-linux-gnu.so[0m
[ 92%] Built target planning_debug_tools__rosidl_typesupport_c__pyext
[35m[1mScanning dependencies of target planning_debug_tools__rosidl_typesupport_fastrtps_c__pyext[0m
[ 94%] [32mBuilding C object CMakeFiles/planning_debug_tools__rosidl_typesupport_fastrtps_c__pyext.dir/rosidl_generator_py/planning_debug_tools/_planning_debug_tools_s.ep.rosidl_typesupport_fastrtps_c.c.o[0m
[ 97%] [32m[1mLinking CXX shared library rosidl_generator_py/planning_debug_tools/planning_debug_tools_s__rosidl_typesupport_fastrtps_c.cpython-38-x86_64-linux-gnu.so[0m
[ 97%] Built target planning_debug_tools__rosidl_typesupport_fastrtps_c__pyext
[100%] [32m[1mLinking CXX shared library libstop_reason_visualizer_node.so[0m
[100%] Built target stop_reason_visualizer_node
-- Install configuration: "Release"
-- Execute custom install script
-- Symlinking: /home/cityu/autoware/install/planning_debug_tools/share/ament_index/resource_index/rosidl_interfaces/planning_debug_tools
-- Symlinking: /home/cityu/autoware/install/planning_debug_tools/include/planning_debug_tools/msg/detail/trajectory_debug_info__functions.h
-- Symlinking: /home/cityu/autoware/install/planning_debug_tools/include/planning_debug_tools/msg/detail/trajectory_debug_info__struct.h
-- Symlinking: /home/cityu/autoware/install/planning_debug_tools/include/planning_debug_tools/msg/detail/trajectory_debug_info__type_support.h
-- Symlinking: /home/cityu/autoware/install/planning_debug_tools/include/planning_debug_tools/msg/rosidl_generator_c__visibility_control.h
-- Symlinking: /home/cityu/autoware/install/planning_debug_tools/include/planning_debug_tools/msg/trajectory_debug_info.h
-- Symlinking: /home/cityu/autoware/install/planning_debug_tools/share/planning_debug_tools/environment/library_path.sh
-- Symlinking: /home/cityu/autoware/install/planning_debug_tools/share/planning_debug_tools/environment/library_path.dsv
-- Symlinking: /home/cityu/autoware/install/planning_debug_tools/include/planning_debug_tools/msg/detail/trajectory_debug_info__rosidl_typesupport_fastrtps_c.h
-- Symlinking: /home/cityu/autoware/install/planning_debug_tools/include/planning_debug_tools/msg/rosidl_typesupport_fastrtps_c__visibility_control.h
-- Symlinking: /home/cityu/autoware/install/planning_debug_tools/lib/libplanning_debug_tools__rosidl_typesupport_fastrtps_c.so
-- Symlinking: /home/cityu/autoware/install/planning_debug_tools/include/planning_debug_tools/msg/detail/trajectory_debug_info__rosidl_typesupport_fastrtps_cpp.hpp
-- Symlinking: /home/cityu/autoware/install/planning_debug_tools/include/planning_debug_tools/msg/rosidl_typesupport_fastrtps_cpp__visibility_control.h
-- Symlinking: /home/cityu/autoware/install/planning_debug_tools/lib/libplanning_debug_tools__rosidl_typesupport_fastrtps_cpp.so
-- Symlinking: /home/cityu/autoware/install/planning_debug_tools/include/planning_debug_tools/msg/detail/trajectory_debug_info__rosidl_typesupport_introspection_c.h
-- Symlinking: /home/cityu/autoware/install/planning_debug_tools/include/planning_debug_tools/msg/rosidl_typesupport_introspection_c__visibility_control.h
-- Symlinking: /home/cityu/autoware/install/planning_debug_tools/include/planning_debug_tools/msg/detail/trajectory_debug_info__builder.hpp
-- Symlinking: /home/cityu/autoware/install/planning_debug_tools/include/planning_debug_tools/msg/detail/trajectory_debug_info__struct.hpp
-- Symlinking: /home/cityu/autoware/install/planning_debug_tools/include/planning_debug_tools/msg/detail/trajectory_debug_info__traits.hpp
-- Symlinking: /home/cityu/autoware/install/planning_debug_tools/include/planning_debug_tools/msg/trajectory_debug_info.hpp
-- Symlinking: /home/cityu/autoware/install/planning_debug_tools/include/planning_debug_tools/msg/detail/trajectory_debug_info__rosidl_typesupport_introspection_cpp.hpp
-- Symlinking: /home/cityu/autoware/install/planning_debug_tools/share/planning_debug_tools/environment/pythonpath.sh
-- Symlinking: /home/cityu/autoware/install/planning_debug_tools/share/planning_debug_tools/environment/pythonpath.dsv
-- Symlinking: /home/cityu/autoware/install/planning_debug_tools/lib/python3.8/site-packages/planning_debug_tools/__init__.py
-- Symlinking: /home/cityu/autoware/install/planning_debug_tools/lib/python3.8/site-packages/planning_debug_tools/msg/__init__.py
-- Symlinking: /home/cityu/autoware/install/planning_debug_tools/lib/python3.8/site-packages/planning_debug_tools/msg/_trajectory_debug_info.py
-- Symlinking: /home/cityu/autoware/install/planning_debug_tools/lib/python3.8/site-packages/planning_debug_tools/planning_debug_tools_s__rosidl_typesupport_fastrtps_c.cpython-38-x86_64-linux-gnu.so
-- Symlinking: /home/cityu/autoware/install/planning_debug_tools/lib/python3.8/site-packages/planning_debug_tools/planning_debug_tools_s__rosidl_typesupport_introspection_c.cpython-38-x86_64-linux-gnu.so
-- Symlinking: /home/cityu/autoware/install/planning_debug_tools/lib/python3.8/site-packages/planning_debug_tools/planning_debug_tools_s__rosidl_typesupport_c.cpython-38-x86_64-linux-gnu.so
-- Symlinking: /home/cityu/autoware/install/planning_debug_tools/lib/libplanning_debug_tools__python.so
-- Symlinking: /home/cityu/autoware/install/planning_debug_tools/share/planning_debug_tools/msg/TrajectoryDebugInfo.idl
-- Symlinking: /home/cityu/autoware/install/planning_debug_tools/share/planning_debug_tools/msg/TrajectoryDebugInfo.msg
-- Symlinking: /home/cityu/autoware/install/planning_debug_tools/lib/planning_debug_tools/trajectory_analyzer_exe
-- Symlinking: /home/cityu/autoware/install/planning_debug_tools/lib/planning_debug_tools/stop_reason_visualizer_exe
-- Symlinking: /home/cityu/autoware/install/planning_debug_tools/include/planning_debug_tools/trajectory_analyzer.hpp
-- Symlinking: /home/cityu/autoware/install/planning_debug_tools/include/planning_debug_tools/util.hpp
-- Symlinking: /home/cityu/autoware/install/planning_debug_tools/lib/libtrajectory_analyzer_node.so
-- Symlinking: /home/cityu/autoware/install/planning_debug_tools/lib/libstop_reason_visualizer_node.so
-- Symlinking: /home/cityu/autoware/install/planning_debug_tools/share/planning_debug_tools/launch/behavior_velocity_analyzer.launch.xml
-- Symlinking: /home/cityu/autoware/install/planning_debug_tools/share/planning_debug_tools/launch/stop_reason_visualizer.launch.xml
-- Symlinking: /home/cityu/autoware/install/planning_debug_tools/share/planning_debug_tools/launch/trajectory_analyzer.launch.xml
-- Symlinking: /home/cityu/autoware/install/planning_debug_tools/share/ament_index/resource_index/package_run_dependencies/planning_debug_tools
-- Symlinking: /home/cityu/autoware/install/planning_debug_tools/share/ament_index/resource_index/parent_prefix_path/planning_debug_tools
-- Symlinking: /home/cityu/autoware/install/planning_debug_tools/share/planning_debug_tools/environment/ament_prefix_path.sh
-- Symlinking: /home/cityu/autoware/install/planning_debug_tools/share/planning_debug_tools/environment/ament_prefix_path.dsv
-- Symlinking: /home/cityu/autoware/install/planning_debug_tools/share/planning_debug_tools/environment/path.sh
-- Symlinking: /home/cityu/autoware/install/planning_debug_tools/share/planning_debug_tools/environment/path.dsv
-- Symlinking: /home/cityu/autoware/install/planning_debug_tools/share/planning_debug_tools/local_setup.bash
-- Symlinking: /home/cityu/autoware/install/planning_debug_tools/share/planning_debug_tools/local_setup.sh
-- Symlinking: /home/cityu/autoware/install/planning_debug_tools/share/planning_debug_tools/local_setup.zsh
-- Symlinking: /home/cityu/autoware/install/planning_debug_tools/share/planning_debug_tools/local_setup.dsv
-- Symlinking: /home/cityu/autoware/install/planning_debug_tools/share/planning_debug_tools/package.dsv
-- Symlinking: /home/cityu/autoware/install/planning_debug_tools/share/ament_index/resource_index/packages/planning_debug_tools
-- Symlinking: /home/cityu/autoware/install/planning_debug_tools/share/ament_index/resource_index/rclcpp_components/planning_debug_tools
-- Symlinking: /home/cityu/autoware/install/planning_debug_tools/share/planning_debug_tools/cmake/rosidl_cmake-extras.cmake
-- Symlinking: /home/cityu/autoware/install/planning_debug_tools/share/planning_debug_tools/cmake/ament_cmake_export_dependencies-extras.cmake
-- Symlinking: /home/cityu/autoware/install/planning_debug_tools/share/planning_debug_tools/cmake/ament_cmake_export_libraries-extras.cmake
-- Symlinking: /home/cityu/autoware/install/planning_debug_tools/share/planning_debug_tools/cmake/ament_cmake_export_targets-extras.cmake
-- Symlinking: /home/cityu/autoware/install/planning_debug_tools/share/planning_debug_tools/cmake/ament_cmake_export_include_directories-extras.cmake
-- Symlinking: /home/cityu/autoware/install/planning_debug_tools/share/planning_debug_tools/cmake/rosidl_cmake_export_typesupport_libraries-extras.cmake
-- Symlinking: /home/cityu/autoware/install/planning_debug_tools/share/planning_debug_tools/cmake/rosidl_cmake_export_typesupport_targets-extras.cmake
-- Symlinking: /home/cityu/autoware/install/planning_debug_tools/share/planning_debug_tools/cmake/planning_debug_toolsConfig.cmake
-- Symlinking: /home/cityu/autoware/install/planning_debug_tools/share/planning_debug_tools/cmake/planning_debug_toolsConfig-version.cmake
-- Symlinking: /home/cityu/autoware/install/planning_debug_tools/share/planning_debug_tools/package.xml
-- Symlinking: /home/cityu/autoware/install/planning_debug_tools/lib/planning_debug_tools/trajectory_visualizer.py
-- Symlinking: /home/cityu/autoware/install/planning_debug_tools/lib/planning_debug_tools/closest_velocity_checker.py
-- Installing: /home/cityu/autoware/install/planning_debug_tools/lib/libplanning_debug_tools__rosidl_generator_c.so
-- Set runtime path of "/home/cityu/autoware/install/planning_debug_tools/lib/libplanning_debug_tools__rosidl_generator_c.so" to ""
-- Installing: /home/cityu/autoware/install/planning_debug_tools/lib/libplanning_debug_tools__rosidl_typesupport_introspection_c.so
-- Set runtime path of "/home/cityu/autoware/install/planning_debug_tools/lib/libplanning_debug_tools__rosidl_typesupport_introspection_c.so" to ""
-- Installing: /home/cityu/autoware/install/planning_debug_tools/lib/libplanning_debug_tools__rosidl_typesupport_c.so
-- Set runtime path of "/home/cityu/autoware/install/planning_debug_tools/lib/libplanning_debug_tools__rosidl_typesupport_c.so" to ""
-- Installing: /home/cityu/autoware/install/planning_debug_tools/lib/libplanning_debug_tools__rosidl_typesupport_introspection_cpp.so
-- Set runtime path of "/home/cityu/autoware/install/planning_debug_tools/lib/libplanning_debug_tools__rosidl_typesupport_introspection_cpp.so" to ""
-- Installing: /home/cityu/autoware/install/planning_debug_tools/lib/libplanning_debug_tools__rosidl_typesupport_cpp.so
-- Set runtime path of "/home/cityu/autoware/install/planning_debug_tools/lib/libplanning_debug_tools__rosidl_typesupport_cpp.so" to ""
Compiling '/home/cityu/autoware/install/planning_debug_tools/lib/python3.8/site-packages/planning_debug_tools/__init__.py'...
-- Installing: /home/cityu/autoware/install/planning_debug_tools/share/planning_debug_tools/cmake/planning_debug_tools__rosidl_generator_cExport.cmake
-- Installing: /home/cityu/autoware/install/planning_debug_tools/share/planning_debug_tools/cmake/planning_debug_tools__rosidl_generator_cExport-release.cmake
-- Installing: /home/cityu/autoware/install/planning_debug_tools/share/planning_debug_tools/cmake/planning_debug_tools__rosidl_typesupport_introspection_cExport.cmake
-- Installing: /home/cityu/autoware/install/planning_debug_tools/share/planning_debug_tools/cmake/planning_debug_tools__rosidl_typesupport_introspection_cExport-release.cmake
-- Installing: /home/cityu/autoware/install/planning_debug_tools/share/planning_debug_tools/cmake/planning_debug_tools__rosidl_typesupport_cExport.cmake
-- Installing: /home/cityu/autoware/install/planning_debug_tools/share/planning_debug_tools/cmake/planning_debug_tools__rosidl_typesupport_cExport-release.cmake
-- Installing: /home/cityu/autoware/install/planning_debug_tools/share/planning_debug_tools/cmake/planning_debug_tools__rosidl_generator_cppExport.cmake
-- Installing: /home/cityu/autoware/install/planning_debug_tools/share/planning_debug_tools/cmake/planning_debug_tools__rosidl_typesupport_introspection_cppExport.cmake
-- Installing: /home/cityu/autoware/install/planning_debug_tools/share/planning_debug_tools/cmake/planning_debug_tools__rosidl_typesupport_introspection_cppExport-release.cmake
-- Installing: /home/cityu/autoware/install/planning_debug_tools/share/planning_debug_tools/cmake/planning_debug_tools__rosidl_typesupport_cppExport.cmake
-- Installing: /home/cityu/autoware/install/planning_debug_tools/share/planning_debug_tools/cmake/planning_debug_tools__rosidl_typesupport_cppExport-release.cmake
