-- The C compiler identification is GNU 9.4.0
-- The CXX compiler identification is GNU 9.4.0
-- Check for working C compiler: /usr/bin/cc
-- Check for working C compiler: /usr/bin/cc -- works
-- Detecting C compiler ABI info
-- Detecting C compiler ABI info - done
-- Detecting C compile features
-- Detecting C compile features - done
-- Check for working CXX compiler: /usr/bin/c++
-- Check for working CXX compiler: /usr/bin/c++ -- works
-- Detecting CXX compiler ABI info
-- Detecting CXX compiler ABI info - done
-- Detecting CXX compile features
-- Detecting CXX compile features - done
-- Found autoware_cmake: 0.1.0 (/home/cityu/autoware/install/autoware_cmake/share/autoware_cmake/cmake)
-- Found ament_cmake_auto: 1.1.6 (/opt/ros/galactic/share/ament_cmake_auto/cmake)
-- Found PythonInterp: /usr/bin/python3 (found suitable version "3.8.10", minimum required is "3") 
-- Using PYTHON_EXECUTABLE: /usr/bin/python3
-- Override CMake install command with custom implementation using symlinks instead of copying resources
-- Using all available rosidl_typesupport_c: rosidl_typesupport_fastrtps_c;rosidl_typesupport_introspection_c
-- Found rosidl_adapter: 2.2.3 (/opt/ros/galactic/share/rosidl_adapter/cmake)
-- Found OpenSSL: /usr/lib/x86_64-linux-gnu/libcrypto.so (found version "1.1.1f")  
-- Found FastRTPS: /opt/ros/galactic/include  
-- Using all available rosidl_typesupport_cpp: rosidl_typesupport_fastrtps_cpp;rosidl_typesupport_introspection_cpp
-- Found rmw_implementation_cmake: 3.3.1 (/opt/ros/galactic/share/rmw_implementation_cmake/cmake)
-- Found rmw_cyclonedds_cpp: 0.22.6 (/opt/ros/galactic/share/rmw_cyclonedds_cpp/cmake)
-- Using RMW implementation 'rmw_cyclonedds_cpp' as default
-- Looking for pthread.h
-- Looking for pthread.h - found
-- Performing Test CMAKE_HAVE_LIBC_PTHREAD
-- Performing Test CMAKE_HAVE_LIBC_PTHREAD - Failed
-- Looking for pthread_create in pthreads
-- Looking for pthread_create in pthreads - not found
-- Looking for pthread_create in pthread
-- Looking for pthread_create in pthread - found
-- Found Threads: TRUE  
-- Found eigen3_cmake_module: 0.1.1 (/opt/ros/galactic/share/eigen3_cmake_module/cmake)
-- Found Eigen3: TRUE (found version "3.3.7") 
-- Found ament_lint_auto: 0.10.7 (/opt/ros/galactic/share/ament_lint_auto/cmake)
-- Found PkgConfig: /usr/bin/pkg-config (found version "0.29.1") 
-- Added test 'copyright' to check source files copyright and LICENSE
-- Added test 'cppcheck' to perform static code analysis on C / C++ code
-- Configured cppcheck include dirs: /home/cityu/autoware/src/universe/autoware.universe/sensing/gnss_poser/include
-- Configured cppcheck exclude dirs and/or files: 
-- Added test 'lint_cmake' to check CMake code style
-- Added test 'xmllint' to check XML markup files
-- Configuring done
-- Generating done
-- Build files have been written to: /home/cityu/autoware/build/gnss_poser
[35m[1mScanning dependencies of target gnss_poser_node[0m
[ 25%] [32mBuilding CXX object CMakeFiles/gnss_poser_node.dir/src/gnss_poser_core.cpp.o[0m
[ 50%] [32m[1mLinking CXX shared library libgnss_poser_node.so[0m
[ 50%] Built target gnss_poser_node
[35m[1mScanning dependencies of target gnss_poser[0m
[ 75%] [32mBuilding CXX object CMakeFiles/gnss_poser.dir/rclcpp_components/node_main_gnss_poser.cpp.o[0m
[100%] [32m[1mLinking CXX executable gnss_poser[0m
[100%] Built target gnss_poser
-- Install configuration: "Release"
-- Execute custom install script
-- Symlinking: /home/cityu/autoware/install/gnss_poser/lib/gnss_poser/gnss_poser
-- Symlinking: /home/cityu/autoware/install/gnss_poser/include/gnss_poser/convert.hpp
-- Symlinking: /home/cityu/autoware/install/gnss_poser/include/gnss_poser/gnss_poser_core.hpp
-- Symlinking: /home/cityu/autoware/install/gnss_poser/include/gnss_poser/gnss_stat.hpp
-- Symlinking: /home/cityu/autoware/install/gnss_poser/share/gnss_poser/environment/library_path.sh
-- Symlinking: /home/cityu/autoware/install/gnss_poser/share/gnss_poser/environment/library_path.dsv
-- Symlinking: /home/cityu/autoware/install/gnss_poser/lib/libgnss_poser_node.so
-- Symlinking: /home/cityu/autoware/install/gnss_poser/share/gnss_poser/launch/gnss_poser.launch.xml
-- Symlinking: /home/cityu/autoware/install/gnss_poser/share/gnss_poser/config/set_local_origin.param.yaml
-- Symlinking: /home/cityu/autoware/install/gnss_poser/share/ament_index/resource_index/package_run_dependencies/gnss_poser
-- Symlinking: /home/cityu/autoware/install/gnss_poser/share/ament_index/resource_index/parent_prefix_path/gnss_poser
-- Symlinking: /home/cityu/autoware/install/gnss_poser/share/gnss_poser/environment/ament_prefix_path.sh
-- Symlinking: /home/cityu/autoware/install/gnss_poser/share/gnss_poser/environment/ament_prefix_path.dsv
-- Symlinking: /home/cityu/autoware/install/gnss_poser/share/gnss_poser/environment/path.sh
-- Symlinking: /home/cityu/autoware/install/gnss_poser/share/gnss_poser/environment/path.dsv
-- Symlinking: /home/cityu/autoware/install/gnss_poser/share/gnss_poser/local_setup.bash
-- Symlinking: /home/cityu/autoware/install/gnss_poser/share/gnss_poser/local_setup.sh
-- Symlinking: /home/cityu/autoware/install/gnss_poser/share/gnss_poser/local_setup.zsh
-- Symlinking: /home/cityu/autoware/install/gnss_poser/share/gnss_poser/local_setup.dsv
-- Symlinking: /home/cityu/autoware/install/gnss_poser/share/gnss_poser/package.dsv
-- Symlinking: /home/cityu/autoware/install/gnss_poser/share/ament_index/resource_index/packages/gnss_poser
-- Symlinking: /home/cityu/autoware/install/gnss_poser/share/ament_index/resource_index/rclcpp_components/gnss_poser
-- Symlinking: /home/cityu/autoware/install/gnss_poser/share/gnss_poser/cmake/ament_cmake_export_dependencies-extras.cmake
-- Symlinking: /home/cityu/autoware/install/gnss_poser/share/gnss_poser/cmake/ament_cmake_export_include_directories-extras.cmake
-- Symlinking: /home/cityu/autoware/install/gnss_poser/share/gnss_poser/cmake/ament_cmake_export_libraries-extras.cmake
-- Symlinking: /home/cityu/autoware/install/gnss_poser/share/gnss_poser/cmake/gnss_poserConfig.cmake
-- Symlinking: /home/cityu/autoware/install/gnss_poser/share/gnss_poser/cmake/gnss_poserConfig-version.cmake
-- Symlinking: /home/cityu/autoware/install/gnss_poser/share/gnss_poser/package.xml
