-- Found ament_cmake_auto: 1.1.6 (/opt/ros/galactic/share/ament_cmake_auto/cmake)
-- Found PythonInterp: /usr/bin/python3 (found suitable version "3.8.10", minimum required is "3") 
-- Using PYTHON_EXECUTABLE: /usr/bin/python3
-- Override CMake install command with custom implementation using symlinks instead of copying resources
-- Using all available rosidl_typesupport_c: rosidl_typesupport_fastrtps_c;rosidl_typesupport_introspection_c
-- Found rosidl_adapter: 2.2.3 (/opt/ros/galactic/share/rosidl_adapter/cmake)
-- Using all available rosidl_typesupport_cpp: rosidl_typesupport_fastrtps_cpp;rosidl_typesupport_introspection_cpp
-- Found PythonInterp: /usr/bin/python3 (found version "3.8.10") 
-- Found ament_cmake_ros: 0.9.2 (/opt/ros/galactic/share/ament_cmake_ros/cmake)
-- Using all available rosidl_typesupport_c: rosidl_typesupport_fastrtps_c;rosidl_typesupport_introspection_c
-- Using all available rosidl_typesupport_cpp: rosidl_typesupport_fastrtps_cpp;rosidl_typesupport_introspection_cpp
-- Found PythonInterp: /usr/bin/python3 (found suitable version "3.8.10", minimum required is "3.5") 
-- Found python_cmake_module: 0.8.1 (/opt/ros/galactic/share/python_cmake_module/cmake)
-- Using PYTHON_EXECUTABLE: /usr/bin/python3
-- Using PYTHON_INCLUDE_DIRS: /usr/include/python3.8
-- Using PYTHON_LIBRARIES: /usr/lib/x86_64-linux-gnu/libpython3.8.so
-- Found ament_lint_auto: 0.10.7 (/opt/ros/galactic/share/ament_lint_auto/cmake)
-- Added test 'copyright' to check source files copyright and LICENSE
-- Added test 'lint_cmake' to check CMake code style
-- Added test 'xmllint' to check XML markup files
-- Configuring done
-- Generating done
-- Build files have been written to: /home/cityu/autoware/build/tier4_debug_msgs
[  0%] Built target tier4_debug_msgs__cpp
[  1%] [32mBuilding C object CMakeFiles/tier4_debug_msgs__rosidl_generator_c.dir/rosidl_generator_c/tier4_debug_msgs/msg/detail/multi_array_dimension__functions.c.o[0m
[  2%] [32mBuilding C object CMakeFiles/tier4_debug_msgs__rosidl_generator_c.dir/rosidl_generator_c/tier4_debug_msgs/msg/detail/multi_array_layout__functions.c.o[0m
[  2%] [32mBuilding C object CMakeFiles/tier4_debug_msgs__rosidl_generator_c.dir/rosidl_generator_c/tier4_debug_msgs/msg/detail/bool_stamped__functions.c.o[0m
[  3%] [32mBuilding C object CMakeFiles/tier4_debug_msgs__rosidl_generator_c.dir/rosidl_generator_c/tier4_debug_msgs/msg/detail/float32_stamped__functions.c.o[0m
[  4%] [32mBuilding C object CMakeFiles/tier4_debug_msgs__rosidl_generator_c.dir/rosidl_generator_c/tier4_debug_msgs/msg/detail/float32_multi_array_stamped__functions.c.o[0m
[  5%] [32mBuilding CXX object CMakeFiles/tier4_debug_msgs__rosidl_typesupport_cpp.dir/rosidl_typesupport_cpp/tier4_debug_msgs/msg/multi_array_dimension__type_support.cpp.o[0m
[  6%] [32mBuilding CXX object CMakeFiles/tier4_debug_msgs__rosidl_typesupport_cpp.dir/rosidl_typesupport_cpp/tier4_debug_msgs/msg/multi_array_layout__type_support.cpp.o[0m
[  7%] [32mBuilding CXX object CMakeFiles/tier4_debug_msgs__rosidl_typesupport_cpp.dir/rosidl_typesupport_cpp/tier4_debug_msgs/msg/float32_stamped__type_support.cpp.o[0m
[  8%] [32mBuilding CXX object CMakeFiles/tier4_debug_msgs__rosidl_typesupport_cpp.dir/rosidl_typesupport_cpp/tier4_debug_msgs/msg/bool_stamped__type_support.cpp.o[0m
[  9%] [32mBuilding C object CMakeFiles/tier4_debug_msgs__rosidl_generator_c.dir/rosidl_generator_c/tier4_debug_msgs/msg/detail/float64_stamped__functions.c.o[0m
[  9%] [32mBuilding CXX object CMakeFiles/tier4_debug_msgs__rosidl_typesupport_cpp.dir/rosidl_typesupport_cpp/tier4_debug_msgs/msg/float32_multi_array_stamped__type_support.cpp.o[0m
[  9%] [32mBuilding CXX object CMakeFiles/tier4_debug_msgs__rosidl_typesupport_introspection_cpp.dir/rosidl_typesupport_introspection_cpp/tier4_debug_msgs/msg/detail/multi_array_dimension__type_support.cpp.o[0m
[ 10%] [32mBuilding C object CMakeFiles/tier4_debug_msgs__rosidl_generator_c.dir/rosidl_generator_c/tier4_debug_msgs/msg/detail/float64_multi_array_stamped__functions.c.o[0m
[ 11%] [32mBuilding C object CMakeFiles/tier4_debug_msgs__rosidl_generator_c.dir/rosidl_generator_c/tier4_debug_msgs/msg/detail/int32_stamped__functions.c.o[0m
[ 12%] [32mBuilding CXX object CMakeFiles/tier4_debug_msgs__rosidl_typesupport_introspection_cpp.dir/rosidl_typesupport_introspection_cpp/tier4_debug_msgs/msg/detail/multi_array_layout__type_support.cpp.o[0m
[ 13%] [32mBuilding CXX object CMakeFiles/tier4_debug_msgs__rosidl_typesupport_fastrtps_cpp.dir/rosidl_typesupport_fastrtps_cpp/tier4_debug_msgs/msg/detail/dds_fastrtps/multi_array_dimension__type_support.cpp.o[0m
[ 14%] [32mBuilding C object CMakeFiles/tier4_debug_msgs__rosidl_generator_c.dir/rosidl_generator_c/tier4_debug_msgs/msg/detail/int32_multi_array_stamped__functions.c.o[0m
[ 14%] [32mBuilding C object CMakeFiles/tier4_debug_msgs__rosidl_generator_c.dir/rosidl_generator_c/tier4_debug_msgs/msg/detail/int64_stamped__functions.c.o[0m
[ 16%] [32mBuilding C object CMakeFiles/tier4_debug_msgs__rosidl_generator_c.dir/rosidl_generator_c/tier4_debug_msgs/msg/detail/int64_multi_array_stamped__functions.c.o[0m
[ 17%] [32mBuilding CXX object CMakeFiles/tier4_debug_msgs__rosidl_typesupport_introspection_cpp.dir/rosidl_typesupport_introspection_cpp/tier4_debug_msgs/msg/detail/float32_stamped__type_support.cpp.o[0m
[ 15%] [32mBuilding CXX object CMakeFiles/tier4_debug_msgs__rosidl_typesupport_introspection_cpp.dir/rosidl_typesupport_introspection_cpp/tier4_debug_msgs/msg/detail/bool_stamped__type_support.cpp.o[0m
[ 18%] [32mBuilding C object CMakeFiles/tier4_debug_msgs__rosidl_generator_c.dir/rosidl_generator_c/tier4_debug_msgs/msg/detail/string_stamped__functions.c.o[0m
[ 19%] [32mBuilding CXX object CMakeFiles/tier4_debug_msgs__rosidl_typesupport_fastrtps_cpp.dir/rosidl_typesupport_fastrtps_cpp/tier4_debug_msgs/msg/detail/dds_fastrtps/multi_array_layout__type_support.cpp.o[0m
[ 20%] [32mBuilding CXX object CMakeFiles/tier4_debug_msgs__rosidl_typesupport_introspection_cpp.dir/rosidl_typesupport_introspection_cpp/tier4_debug_msgs/msg/detail/float32_multi_array_stamped__type_support.cpp.o[0m
[ 21%] [32mBuilding CXX object CMakeFiles/tier4_debug_msgs__rosidl_typesupport_fastrtps_cpp.dir/rosidl_typesupport_fastrtps_cpp/tier4_debug_msgs/msg/detail/dds_fastrtps/bool_stamped__type_support.cpp.o[0m
[ 22%] [32mBuilding CXX object CMakeFiles/tier4_debug_msgs__rosidl_typesupport_introspection_cpp.dir/rosidl_typesupport_introspection_cpp/tier4_debug_msgs/msg/detail/float64_stamped__type_support.cpp.o[0m
[ 22%] [32mBuilding CXX object CMakeFiles/tier4_debug_msgs__rosidl_typesupport_introspection_cpp.dir/rosidl_typesupport_introspection_cpp/tier4_debug_msgs/msg/detail/float64_multi_array_stamped__type_support.cpp.o[0m
[ 23%] [32m[1mLinking C shared library libtier4_debug_msgs__rosidl_generator_c.so[0m
[ 24%] Built target tier4_debug_msgs__rosidl_generator_c
[ 25%] [32mBuilding CXX object CMakeFiles/tier4_debug_msgs__rosidl_typesupport_cpp.dir/rosidl_typesupport_cpp/tier4_debug_msgs/msg/float64_stamped__type_support.cpp.o[0m
[ 26%] [32mBuilding CXX object CMakeFiles/tier4_debug_msgs__rosidl_typesupport_introspection_cpp.dir/rosidl_typesupport_introspection_cpp/tier4_debug_msgs/msg/detail/int32_stamped__type_support.cpp.o[0m
[ 27%] [32mBuilding CXX object CMakeFiles/tier4_debug_msgs__rosidl_typesupport_cpp.dir/rosidl_typesupport_cpp/tier4_debug_msgs/msg/float64_multi_array_stamped__type_support.cpp.o[0m
[ 28%] [32mBuilding CXX object CMakeFiles/tier4_debug_msgs__rosidl_typesupport_introspection_cpp.dir/rosidl_typesupport_introspection_cpp/tier4_debug_msgs/msg/detail/int32_multi_array_stamped__type_support.cpp.o[0m
[ 29%] [32mBuilding CXX object CMakeFiles/tier4_debug_msgs__rosidl_typesupport_cpp.dir/rosidl_typesupport_cpp/tier4_debug_msgs/msg/int32_stamped__type_support.cpp.o[0m
[ 30%] [32mBuilding CXX object CMakeFiles/tier4_debug_msgs__rosidl_typesupport_fastrtps_cpp.dir/rosidl_typesupport_fastrtps_cpp/tier4_debug_msgs/msg/detail/dds_fastrtps/float32_stamped__type_support.cpp.o[0m
