[0.122s] Invoking command in '/home/cityu/autoware/build/costmap_generator': AMENT_PREFIX_PATH=/home/cityu/autoware/install/lanelet2_extension:/home/cityu/autoware/install/grid_map_ros:/home/cityu/autoware/install/grid_map_cv:/home/cityu/autoware/install/autoware_utils:/home/cityu/autoware/install/grid_map_msgs:/home/cityu/autoware/install/grid_map_core:/home/cityu/autoware/install/autoware_planning_msgs:/home/cityu/autoware/install/autoware_cmake:/home/cityu/autoware/install/autoware_auto_planning_msgs:/home/cityu/autoware/install/autoware_auto_perception_msgs:/home/cityu/autoware/install/tier4_planning_msgs:/home/cityu/autoware/install/autoware_lint_common:/home/cityu/autoware/install/autoware_common_msgs:/home/cityu/autoware/install/autoware_auto_mapping_msgs:/home/cityu/autoware/install/autoware_auto_geometry_msgs:${AMENT_PREFIX_PATH} CMAKE_PREFIX_PATH=/home/cityu/autoware/install/lanelet2_extension:/home/cityu/autoware/install/grid_map_ros:/home/cityu/autoware/install/grid_map_cv:/home/cityu/autoware/install/autoware_utils:/home/cityu/autoware/install/grid_map_msgs:/home/cityu/autoware/install/grid_map_core:/home/cityu/autoware/install/autoware_planning_msgs:/home/cityu/autoware/install/autoware_cmake:/home/cityu/autoware/install/autoware_auto_planning_msgs:/home/cityu/autoware/install/autoware_auto_perception_msgs:/home/cityu/autoware/install/tier4_planning_msgs:/home/cityu/autoware/install/autoware_lint_common:/home/cityu/autoware/install/autoware_common_msgs:/home/cityu/autoware/install/autoware_auto_mapping_msgs:/home/cityu/autoware/install/autoware_auto_geometry_msgs:/opt/ros/galactic LD_LIBRARY_PATH=/home/cityu/autoware/install/lanelet2_extension/lib:/home/cityu/autoware/install/grid_map_ros/lib:/home/cityu/autoware/install/grid_map_cv/lib:/home/cityu/autoware/install/autoware_utils/lib:/home/cityu/autoware/install/grid_map_msgs/lib:/home/cityu/autoware/install/grid_map_core/lib:/home/cityu/autoware/install/autoware_planning_msgs/lib:/home/cityu/autoware/install/autoware_auto_planning_msgs/lib:/home/cityu/autoware/install/autoware_auto_perception_msgs/lib:/home/cityu/autoware/install/tier4_planning_msgs/lib:/home/cityu/autoware/install/autoware_common_msgs/lib:/home/cityu/autoware/install/autoware_auto_mapping_msgs/lib:/home/cityu/autoware/install/autoware_auto_geometry_msgs/lib:${LD_LIBRARY_PATH} PYTHONPATH=/home/cityu/autoware/install/grid_map_msgs/lib/python3.8/site-packages:/home/cityu/autoware/install/autoware_planning_msgs/lib/python3.8/site-packages:/home/cityu/autoware/install/autoware_auto_planning_msgs/lib/python3.8/site-packages:/home/cityu/autoware/install/autoware_auto_perception_msgs/lib/python3.8/site-packages:/home/cityu/autoware/install/tier4_planning_msgs/lib/python3.8/site-packages:/home/cityu/autoware/install/autoware_common_msgs/lib/python3.8/site-packages:/home/cityu/autoware/install/autoware_auto_mapping_msgs/lib/python3.8/site-packages:/home/cityu/autoware/install/autoware_auto_geometry_msgs/lib/python3.8/site-packages:${PYTHONPATH} /usr/bin/cmake /home/cityu/autoware/src/universe/autoware.universe/planning/costmap_generator -DCMAKE_BUILD_TYPE=Release -DDOWNLOAD_ARTIFACTS=ON -DAMENT_CMAKE_SYMLINK_INSTALL=1 -DCMAKE_INSTALL_PREFIX=/home/cityu/autoware/install/costmap_generator
[0.183s] -- Found autoware_cmake: 0.1.0 (/home/cityu/autoware/install/autoware_cmake/share/autoware_cmake/cmake)
[0.188s] -- Found ament_cmake_auto: 1.1.6 (/opt/ros/galactic/share/ament_cmake_auto/cmake)
[0.189s] -- Using PYTHON_EXECUTABLE: /usr/bin/python3
[0.281s] -- Override CMake install command with custom implementation using symlinks instead of copying resources
[0.472s] -- Using all available rosidl_typesupport_c: rosidl_typesupport_fastrtps_c;rosidl_typesupport_introspection_c
[0.476s] -- Found rosidl_adapter: 2.2.3 (/opt/ros/galactic/share/rosidl_adapter/cmake)
[0.632s] -- Using all available rosidl_typesupport_cpp: rosidl_typesupport_fastrtps_cpp;rosidl_typesupport_introspection_cpp
[1.387s] -- Found rmw_implementation_cmake: 3.3.1 (/opt/ros/galactic/share/rmw_implementation_cmake/cmake)
[1.389s] -- Found rmw_cyclonedds_cpp: 0.22.6 (/opt/ros/galactic/share/rmw_cyclonedds_cpp/cmake)
[1.408s] -- Using RMW implementation 'rmw_cyclonedds_cpp' as default
[2.893s] -- Found mrt_cmake_modules: 1.0.9 (/opt/ros/galactic/share/mrt_cmake_modules/cmake)
[2.938s] -- Found OpenMP_C: -fopenmp  
[2.938s] -- Found OpenMP_CXX: -fopenmp  
[2.938s] -- Found OpenMP: TRUE   
[3.000s] -- Found eigen3_cmake_module: 0.1.1 (/opt/ros/galactic/share/eigen3_cmake_module/cmake)
[3.679s] -- Eigen found (include: /usr/include/eigen3, version: 3.3.7)
[3.772s] -- The imported target "vtkParseOGLExt" references the file
[3.772s]    "/usr/bin/vtkParseOGLExt-7.1"
[3.772s] but this file does not exist.  Possible reasons include:
[3.772s] * The file was deleted, renamed, or moved to another location.
[3.773s] * An install or uninstall procedure did not complete successfully.
[3.773s] * The installation package was faulty and contained
[3.773s]    "/usr/lib/cmake/vtk-7.1/VTKTargets.cmake"
[3.773s] but not all the files it references.
[3.773s] 
[3.773s] -- The imported target "vtkRenderingPythonTkWidgets" references the file
[3.773s]    "/usr/lib/x86_64-linux-gnu/libvtkRenderingPythonTkWidgets.so"
[3.774s] but this file does not exist.  Possible reasons include:
[3.774s] * The file was deleted, renamed, or moved to another location.
[3.774s] * An install or uninstall procedure did not complete successfully.
[3.774s] * The installation package was faulty and contained
[3.774s]    "/usr/lib/cmake/vtk-7.1/VTKTargets.cmake"
[3.774s] but not all the files it references.
[3.774s] 
[3.774s] -- The imported target "vtk" references the file
[3.774s]    "/usr/bin/vtk"
[3.775s] but this file does not exist.  Possible reasons include:
[3.775s] * The file was deleted, renamed, or moved to another location.
[3.775s] * An install or uninstall procedure did not complete successfully.
[3.775s] * The installation package was faulty and contained
[3.775s]    "/usr/lib/cmake/vtk-7.1/VTKTargets.cmake"
[3.775s] but not all the files it references.
[3.775s] 
[3.775s] -- The imported target "pvtk" references the file
[3.776s]    "/usr/bin/pvtk"
[3.776s] but this file does not exist.  Possible reasons include:
[3.776s] * The file was deleted, renamed, or moved to another location.
[3.776s] * An install or uninstall procedure did not complete successfully.
[3.776s] * The installation package was faulty and contained
[3.776s]    "/usr/lib/cmake/vtk-7.1/VTKTargets.cmake"
[3.776s] but not all the files it references.
[3.776s] 
[3.796s] -- Checking for module 'libusb-1.0'
[3.801s] --   No package 'libusb-1.0' found
[3.802s] -- Could NOT find USB_10 (missing: USB_10_LIBRARY USB_10_INCLUDE_DIR) 
[3.802s] -- OpenNI disabled because libusb-1.0 not found.
[3.807s] -- Checking for module 'libusb-1.0'
[3.810s] --   No package 'libusb-1.0' found
[3.813s] -- Could NOT find USB_10 (missing: USB_10_LIBRARY USB_10_INCLUDE_DIR) 
[3.813s] -- OpenNI 2 disabled because libusb-1.0 not found.
[3.827s] -- LIBUSB_1_LIBRARY (missing: LIBUSB_1_INCLUDE_DIR) 
[3.832s] -- Checking for module 'libusb-1.0'
[3.835s] --   No package 'libusb-1.0' found
[3.838s] -- Could NOT find USB_10 (missing: USB_10_LIBRARY USB_10_INCLUDE_DIR) 
[3.838s] -- OpenNI disabled because libusb-1.0 not found.
[3.843s] -- Checking for module 'libusb-1.0'
[3.847s] --   No package 'libusb-1.0' found
[3.850s] -- Could NOT find USB_10 (missing: USB_10_LIBRARY USB_10_INCLUDE_DIR) 
[3.850s] -- OpenNI 2 disabled because libusb-1.0 not found.
[3.863s] -- QHULL found (include: /usr/include, lib: optimized;/usr/lib/x86_64-linux-gnu/libqhull.so;debug;/usr/lib/x86_64-linux-gnu/libqhull.so)
[3.868s] -- Checking for module 'libusb-1.0'
[3.871s] --   No package 'libusb-1.0' found
[3.874s] -- Could NOT find USB_10 (missing: USB_10_LIBRARY USB_10_INCLUDE_DIR) 
[3.875s] -- OpenNI disabled because libusb-1.0 not found.
[4.296s] -- Found ament_lint_auto: 0.10.7 (/opt/ros/galactic/share/ament_lint_auto/cmake)
[8.948s] -- Found gtest sources under '/opt/ros/galactic/src/gtest_vendor': C++ tests using 'Google Test' will be built
[8.973s] -- Found gtest sources under '/opt/ros/galactic/src/gtest_vendor': C++ tests using 'Google Test' will be built
[8.979s] -- Added test 'copyright' to check source files copyright and LICENSE
[8.981s] -- Added test 'cppcheck' to perform static code analysis on C / C++ code
[8.984s] -- Configured cppcheck include dirs: /home/cityu/autoware/src/universe/autoware.universe/planning/costmap_generator/include
[8.984s] -- Configured cppcheck exclude dirs and/or files: 
[8.985s] -- Added test 'lint_cmake' to check CMake code style
[8.986s] -- Added test 'xmllint' to check XML markup files
[8.998s] -- Configuring done
[9.651s] -- Generating done
[9.655s] CMake Warning:
[9.655s]   Manually-specified variables were not used by the project:
[9.655s] 
[9.655s]     DOWNLOAD_ARTIFACTS
[9.655s] 
[9.655s] 
[9.656s] -- Build files have been written to: /home/cityu/autoware/build/costmap_generator
[9.699s] Invoked command in '/home/cityu/autoware/build/costmap_generator' returned '0': AMENT_PREFIX_PATH=/home/cityu/autoware/install/lanelet2_extension:/home/cityu/autoware/install/grid_map_ros:/home/cityu/autoware/install/grid_map_cv:/home/cityu/autoware/install/autoware_utils:/home/cityu/autoware/install/grid_map_msgs:/home/cityu/autoware/install/grid_map_core:/home/cityu/autoware/install/autoware_planning_msgs:/home/cityu/autoware/install/autoware_cmake:/home/cityu/autoware/install/autoware_auto_planning_msgs:/home/cityu/autoware/install/autoware_auto_perception_msgs:/home/cityu/autoware/install/tier4_planning_msgs:/home/cityu/autoware/install/autoware_lint_common:/home/cityu/autoware/install/autoware_common_msgs:/home/cityu/autoware/install/autoware_auto_mapping_msgs:/home/cityu/autoware/install/autoware_auto_geometry_msgs:${AMENT_PREFIX_PATH} CMAKE_PREFIX_PATH=/home/cityu/autoware/install/lanelet2_extension:/home/cityu/autoware/install/grid_map_ros:/home/cityu/autoware/install/grid_map_cv:/home/cityu/autoware/install/autoware_utils:/home/cityu/autoware/install/grid_map_msgs:/home/cityu/autoware/install/grid_map_core:/home/cityu/autoware/install/autoware_planning_msgs:/home/cityu/autoware/install/autoware_cmake:/home/cityu/autoware/install/autoware_auto_planning_msgs:/home/cityu/autoware/install/autoware_auto_perception_msgs:/home/cityu/autoware/install/tier4_planning_msgs:/home/cityu/autoware/install/autoware_lint_common:/home/cityu/autoware/install/autoware_common_msgs:/home/cityu/autoware/install/autoware_auto_mapping_msgs:/home/cityu/autoware/install/autoware_auto_geometry_msgs:/opt/ros/galactic LD_LIBRARY_PATH=/home/cityu/autoware/install/lanelet2_extension/lib:/home/cityu/autoware/install/grid_map_ros/lib:/home/cityu/autoware/install/grid_map_cv/lib:/home/cityu/autoware/install/autoware_utils/lib:/home/cityu/autoware/install/grid_map_msgs/lib:/home/cityu/autoware/install/grid_map_core/lib:/home/cityu/autoware/install/autoware_planning_msgs/lib:/home/cityu/autoware/install/autoware_auto_planning_msgs/lib:/home/cityu/autoware/install/autoware_auto_perception_msgs/lib:/home/cityu/autoware/install/tier4_planning_msgs/lib:/home/cityu/autoware/install/autoware_common_msgs/lib:/home/cityu/autoware/install/autoware_auto_mapping_msgs/lib:/home/cityu/autoware/install/autoware_auto_geometry_msgs/lib:${LD_LIBRARY_PATH} PYTHONPATH=/home/cityu/autoware/install/grid_map_msgs/lib/python3.8/site-packages:/home/cityu/autoware/install/autoware_planning_msgs/lib/python3.8/site-packages:/home/cityu/autoware/install/autoware_auto_planning_msgs/lib/python3.8/site-packages:/home/cityu/autoware/install/autoware_auto_perception_msgs/lib/python3.8/site-packages:/home/cityu/autoware/install/tier4_planning_msgs/lib/python3.8/site-packages:/home/cityu/autoware/install/autoware_common_msgs/lib/python3.8/site-packages:/home/cityu/autoware/install/autoware_auto_mapping_msgs/lib/python3.8/site-packages:/home/cityu/autoware/install/autoware_auto_geometry_msgs/lib/python3.8/site-packages:${PYTHONPATH} /usr/bin/cmake /home/cityu/autoware/src/universe/autoware.universe/planning/costmap_generator -DCMAKE_BUILD_TYPE=Release -DDOWNLOAD_ARTIFACTS=ON -DAMENT_CMAKE_SYMLINK_INSTALL=1 -DCMAKE_INSTALL_PREFIX=/home/cityu/autoware/install/costmap_generator
[9.700s] Invoking command in '/home/cityu/autoware/build/costmap_generator': AMENT_PREFIX_PATH=/home/cityu/autoware/install/lanelet2_extension:/home/cityu/autoware/install/grid_map_ros:/home/cityu/autoware/install/grid_map_cv:/home/cityu/autoware/install/autoware_utils:/home/cityu/autoware/install/grid_map_msgs:/home/cityu/autoware/install/grid_map_core:/home/cityu/autoware/install/autoware_planning_msgs:/home/cityu/autoware/install/autoware_cmake:/home/cityu/autoware/install/autoware_auto_planning_msgs:/home/cityu/autoware/install/autoware_auto_perception_msgs:/home/cityu/autoware/install/tier4_planning_msgs:/home/cityu/autoware/install/autoware_lint_common:/home/cityu/autoware/install/autoware_common_msgs:/home/cityu/autoware/install/autoware_auto_mapping_msgs:/home/cityu/autoware/install/autoware_auto_geometry_msgs:${AMENT_PREFIX_PATH} CMAKE_PREFIX_PATH=/home/cityu/autoware/install/lanelet2_extension:/home/cityu/autoware/install/grid_map_ros:/home/cityu/autoware/install/grid_map_cv:/home/cityu/autoware/install/autoware_utils:/home/cityu/autoware/install/grid_map_msgs:/home/cityu/autoware/install/grid_map_core:/home/cityu/autoware/install/autoware_planning_msgs:/home/cityu/autoware/install/autoware_cmake:/home/cityu/autoware/install/autoware_auto_planning_msgs:/home/cityu/autoware/install/autoware_auto_perception_msgs:/home/cityu/autoware/install/tier4_planning_msgs:/home/cityu/autoware/install/autoware_lint_common:/home/cityu/autoware/install/autoware_common_msgs:/home/cityu/autoware/install/autoware_auto_mapping_msgs:/home/cityu/autoware/install/autoware_auto_geometry_msgs:/opt/ros/galactic LD_LIBRARY_PATH=/home/cityu/autoware/install/lanelet2_extension/lib:/home/cityu/autoware/install/grid_map_ros/lib:/home/cityu/autoware/install/grid_map_cv/lib:/home/cityu/autoware/install/autoware_utils/lib:/home/cityu/autoware/install/grid_map_msgs/lib:/home/cityu/autoware/install/grid_map_core/lib:/home/cityu/autoware/install/autoware_planning_msgs/lib:/home/cityu/autoware/install/autoware_auto_planning_msgs/lib:/home/cityu/autoware/install/autoware_auto_perception_msgs/lib:/home/cityu/autoware/install/tier4_planning_msgs/lib:/home/cityu/autoware/install/autoware_common_msgs/lib:/home/cityu/autoware/install/autoware_auto_mapping_msgs/lib:/home/cityu/autoware/install/autoware_auto_geometry_msgs/lib:${LD_LIBRARY_PATH} PYTHONPATH=/home/cityu/autoware/install/grid_map_msgs/lib/python3.8/site-packages:/home/cityu/autoware/install/autoware_planning_msgs/lib/python3.8/site-packages:/home/cityu/autoware/install/autoware_auto_planning_msgs/lib/python3.8/site-packages:/home/cityu/autoware/install/autoware_auto_perception_msgs/lib/python3.8/site-packages:/home/cityu/autoware/install/tier4_planning_msgs/lib/python3.8/site-packages:/home/cityu/autoware/install/autoware_common_msgs/lib/python3.8/site-packages:/home/cityu/autoware/install/autoware_auto_mapping_msgs/lib/python3.8/site-packages:/home/cityu/autoware/install/autoware_auto_geometry_msgs/lib/python3.8/site-packages:${PYTHONPATH} /usr/bin/cmake --build /home/cityu/autoware/build/costmap_generator -- -j16 -l16
[11.516s] [ 12%] Built target gtest
[11.516s] [ 25%] Built target gtest_main
[11.516s] [ 31%] [32m[1mLinking CXX executable costmap_generator[0m
[11.516s] [ 37%] [32mBuilding CXX object CMakeFiles/costmap_generator_lib.dir/nodes/costmap_generator/points_to_costmap.cpp.o[0m
[11.517s] [ 43%] [32mBuilding CXX object CMakeFiles/costmap_generator_lib.dir/nodes/costmap_generator/objects_to_costmap.cpp.o[0m
[11.517s] [ 50%] [32mBuilding CXX object CMakeFiles/costmap_generator_lib.dir/nodes/costmap_generator/object_map_utils.cpp.o[0m
[11.517s] [ 56%] Built target costmap_generator
[25.840s] [ 62%] [32m[1mLinking CXX shared library libcostmap_generator_lib.so[0m
[27.184s] [ 62%] Built target costmap_generator_lib
[27.257s] [ 68%] [32mBuilding CXX object CMakeFiles/costmap_generator_node.dir/nodes/costmap_generator/costmap_generator_node.cpp.o[0m
[81.929s] [ 75%] [32m[1mLinking CXX shared library libcostmap_generator_node.so[0m
[83.842s] [ 75%] Built target costmap_generator_node
[83.889s] [ 81%] [32mBuilding CXX object CMakeFiles/test_objects_to_costmap.dir/test/test_objects_to_costmap.cpp.o[0m
[89.120s] [ 87%] [32m[1mLinking CXX executable test_objects_to_costmap[0m
[90.563s] [ 87%] Built target test_objects_to_costmap
[90.629s] [ 93%] [32mBuilding CXX object CMakeFiles/test_points_to_costmap.dir/test/test_points_to_costmap.cpp.o[0m
[104.827s] [100%] [32m[1mLinking CXX executable test_points_to_costmap[0m
[107.689s] [100%] Built target test_points_to_costmap
[107.739s] Invoked command in '/home/cityu/autoware/build/costmap_generator' returned '0': AMENT_PREFIX_PATH=/home/cityu/autoware/install/lanelet2_extension:/home/cityu/autoware/install/grid_map_ros:/home/cityu/autoware/install/grid_map_cv:/home/cityu/autoware/install/autoware_utils:/home/cityu/autoware/install/grid_map_msgs:/home/cityu/autoware/install/grid_map_core:/home/cityu/autoware/install/autoware_planning_msgs:/home/cityu/autoware/install/autoware_cmake:/home/cityu/autoware/install/autoware_auto_planning_msgs:/home/cityu/autoware/install/autoware_auto_perception_msgs:/home/cityu/autoware/install/tier4_planning_msgs:/home/cityu/autoware/install/autoware_lint_common:/home/cityu/autoware/install/autoware_common_msgs:/home/cityu/autoware/install/autoware_auto_mapping_msgs:/home/cityu/autoware/install/autoware_auto_geometry_msgs:${AMENT_PREFIX_PATH} CMAKE_PREFIX_PATH=/home/cityu/autoware/install/lanelet2_extension:/home/cityu/autoware/install/grid_map_ros:/home/cityu/autoware/install/grid_map_cv:/home/cityu/autoware/install/autoware_utils:/home/cityu/autoware/install/grid_map_msgs:/home/cityu/autoware/install/grid_map_core:/home/cityu/autoware/install/autoware_planning_msgs:/home/cityu/autoware/install/autoware_cmake:/home/cityu/autoware/install/autoware_auto_planning_msgs:/home/cityu/autoware/install/autoware_auto_perception_msgs:/home/cityu/autoware/install/tier4_planning_msgs:/home/cityu/autoware/install/autoware_lint_common:/home/cityu/autoware/install/autoware_common_msgs:/home/cityu/autoware/install/autoware_auto_mapping_msgs:/home/cityu/autoware/install/autoware_auto_geometry_msgs:/opt/ros/galactic LD_LIBRARY_PATH=/home/cityu/autoware/install/lanelet2_extension/lib:/home/cityu/autoware/install/grid_map_ros/lib:/home/cityu/autoware/install/grid_map_cv/lib:/home/cityu/autoware/install/autoware_utils/lib:/home/cityu/autoware/install/grid_map_msgs/lib:/home/cityu/autoware/install/grid_map_core/lib:/home/cityu/autoware/install/autoware_planning_msgs/lib:/home/cityu/autoware/install/autoware_auto_planning_msgs/lib:/home/cityu/autoware/install/autoware_auto_perception_msgs/lib:/home/cityu/autoware/install/tier4_planning_msgs/lib:/home/cityu/autoware/install/autoware_common_msgs/lib:/home/cityu/autoware/install/autoware_auto_mapping_msgs/lib:/home/cityu/autoware/install/autoware_auto_geometry_msgs/lib:${LD_LIBRARY_PATH} PYTHONPATH=/home/cityu/autoware/install/grid_map_msgs/lib/python3.8/site-packages:/home/cityu/autoware/install/autoware_planning_msgs/lib/python3.8/site-packages:/home/cityu/autoware/install/autoware_auto_planning_msgs/lib/python3.8/site-packages:/home/cityu/autoware/install/autoware_auto_perception_msgs/lib/python3.8/site-packages:/home/cityu/autoware/install/tier4_planning_msgs/lib/python3.8/site-packages:/home/cityu/autoware/install/autoware_common_msgs/lib/python3.8/site-packages:/home/cityu/autoware/install/autoware_auto_mapping_msgs/lib/python3.8/site-packages:/home/cityu/autoware/install/autoware_auto_geometry_msgs/lib/python3.8/site-packages:${PYTHONPATH} /usr/bin/cmake --build /home/cityu/autoware/build/costmap_generator -- -j16 -l16
[108.468s] Invoking command in '/home/cityu/autoware/build/costmap_generator': AMENT_PREFIX_PATH=/home/cityu/autoware/install/lanelet2_extension:/home/cityu/autoware/install/grid_map_ros:/home/cityu/autoware/install/grid_map_cv:/home/cityu/autoware/install/autoware_utils:/home/cityu/autoware/install/grid_map_msgs:/home/cityu/autoware/install/grid_map_core:/home/cityu/autoware/install/autoware_planning_msgs:/home/cityu/autoware/install/autoware_cmake:/home/cityu/autoware/install/autoware_auto_planning_msgs:/home/cityu/autoware/install/autoware_auto_perception_msgs:/home/cityu/autoware/install/tier4_planning_msgs:/home/cityu/autoware/install/autoware_lint_common:/home/cityu/autoware/install/autoware_common_msgs:/home/cityu/autoware/install/autoware_auto_mapping_msgs:/home/cityu/autoware/install/autoware_auto_geometry_msgs:${AMENT_PREFIX_PATH} CMAKE_PREFIX_PATH=/home/cityu/autoware/install/lanelet2_extension:/home/cityu/autoware/install/grid_map_ros:/home/cityu/autoware/install/grid_map_cv:/home/cityu/autoware/install/autoware_utils:/home/cityu/autoware/install/grid_map_msgs:/home/cityu/autoware/install/grid_map_core:/home/cityu/autoware/install/autoware_planning_msgs:/home/cityu/autoware/install/autoware_cmake:/home/cityu/autoware/install/autoware_auto_planning_msgs:/home/cityu/autoware/install/autoware_auto_perception_msgs:/home/cityu/autoware/install/tier4_planning_msgs:/home/cityu/autoware/install/autoware_lint_common:/home/cityu/autoware/install/autoware_common_msgs:/home/cityu/autoware/install/autoware_auto_mapping_msgs:/home/cityu/autoware/install/autoware_auto_geometry_msgs:/opt/ros/galactic LD_LIBRARY_PATH=/home/cityu/autoware/install/lanelet2_extension/lib:/home/cityu/autoware/install/grid_map_ros/lib:/home/cityu/autoware/install/grid_map_cv/lib:/home/cityu/autoware/install/autoware_utils/lib:/home/cityu/autoware/install/grid_map_msgs/lib:/home/cityu/autoware/install/grid_map_core/lib:/home/cityu/autoware/install/autoware_planning_msgs/lib:/home/cityu/autoware/install/autoware_auto_planning_msgs/lib:/home/cityu/autoware/install/autoware_auto_perception_msgs/lib:/home/cityu/autoware/install/tier4_planning_msgs/lib:/home/cityu/autoware/install/autoware_common_msgs/lib:/home/cityu/autoware/install/autoware_auto_mapping_msgs/lib:/home/cityu/autoware/install/autoware_auto_geometry_msgs/lib:${LD_LIBRARY_PATH} PYTHONPATH=/home/cityu/autoware/install/grid_map_msgs/lib/python3.8/site-packages:/home/cityu/autoware/install/autoware_planning_msgs/lib/python3.8/site-packages:/home/cityu/autoware/install/autoware_auto_planning_msgs/lib/python3.8/site-packages:/home/cityu/autoware/install/autoware_auto_perception_msgs/lib/python3.8/site-packages:/home/cityu/autoware/install/tier4_planning_msgs/lib/python3.8/site-packages:/home/cityu/autoware/install/autoware_common_msgs/lib/python3.8/site-packages:/home/cityu/autoware/install/autoware_auto_mapping_msgs/lib/python3.8/site-packages:/home/cityu/autoware/install/autoware_auto_geometry_msgs/lib/python3.8/site-packages:${PYTHONPATH} /usr/bin/cmake --install /home/cityu/autoware/build/costmap_generator
[108.511s] -- Install configuration: "Release"
[108.512s] -- Execute custom install script
[108.512s] -- Up-to-date symlink: /home/cityu/autoware/install/costmap_generator/lib/costmap_generator/costmap_generator
[108.513s] -- Up-to-date symlink: /home/cityu/autoware/install/costmap_generator/include/costmap_generator/costmap_generator.hpp
[108.513s] -- Up-to-date symlink: /home/cityu/autoware/install/costmap_generator/include/costmap_generator/object_map_utils.hpp
[108.514s] -- Up-to-date symlink: /home/cityu/autoware/install/costmap_generator/include/costmap_generator/objects_to_costmap.hpp
[108.514s] -- Up-to-date symlink: /home/cityu/autoware/install/costmap_generator/include/costmap_generator/points_to_costmap.hpp
[108.514s] -- Up-to-date symlink: /home/cityu/autoware/install/costmap_generator/share/costmap_generator/environment/library_path.sh
[108.515s] -- Up-to-date symlink: /home/cityu/autoware/install/costmap_generator/share/costmap_generator/environment/library_path.dsv
[108.515s] -- Up-to-date symlink: /home/cityu/autoware/install/costmap_generator/lib/libcostmap_generator_lib.so
[108.516s] -- Up-to-date symlink: /home/cityu/autoware/install/costmap_generator/lib/libcostmap_generator_node.so
[108.516s] -- Up-to-date symlink: /home/cityu/autoware/install/costmap_generator/share/costmap_generator/launch/costmap_generator.launch.xml
[108.517s] -- Up-to-date symlink: /home/cityu/autoware/install/costmap_generator/share/ament_index/resource_index/package_run_dependencies/costmap_generator
[108.517s] -- Up-to-date symlink: /home/cityu/autoware/install/costmap_generator/share/ament_index/resource_index/parent_prefix_path/costmap_generator
[108.518s] -- Up-to-date symlink: /home/cityu/autoware/install/costmap_generator/share/costmap_generator/environment/ament_prefix_path.sh
[108.518s] -- Up-to-date symlink: /home/cityu/autoware/install/costmap_generator/share/costmap_generator/environment/ament_prefix_path.dsv
[108.518s] -- Up-to-date symlink: /home/cityu/autoware/install/costmap_generator/share/costmap_generator/environment/path.sh
[108.519s] -- Up-to-date symlink: /home/cityu/autoware/install/costmap_generator/share/costmap_generator/environment/path.dsv
[108.519s] -- Up-to-date symlink: /home/cityu/autoware/install/costmap_generator/share/costmap_generator/local_setup.bash
[108.519s] -- Up-to-date symlink: /home/cityu/autoware/install/costmap_generator/share/costmap_generator/local_setup.sh
[108.520s] -- Up-to-date symlink: /home/cityu/autoware/install/costmap_generator/share/costmap_generator/local_setup.zsh
[108.520s] -- Up-to-date symlink: /home/cityu/autoware/install/costmap_generator/share/costmap_generator/local_setup.dsv
[108.520s] -- Symlinking: /home/cityu/autoware/install/costmap_generator/share/costmap_generator/package.dsv
[108.573s] -- Up-to-date symlink: /home/cityu/autoware/install/costmap_generator/share/ament_index/resource_index/packages/costmap_generator
[108.574s] -- Up-to-date symlink: /home/cityu/autoware/install/costmap_generator/share/ament_index/resource_index/rclcpp_components/costmap_generator
[108.574s] -- Up-to-date symlink: /home/cityu/autoware/install/costmap_generator/share/costmap_generator/cmake/ament_cmake_export_dependencies-extras.cmake
[108.574s] -- Up-to-date symlink: /home/cityu/autoware/install/costmap_generator/share/costmap_generator/cmake/ament_cmake_export_include_directories-extras.cmake
[108.574s] -- Up-to-date symlink: /home/cityu/autoware/install/costmap_generator/share/costmap_generator/cmake/ament_cmake_export_libraries-extras.cmake
[108.575s] -- Up-to-date symlink: /home/cityu/autoware/install/costmap_generator/share/costmap_generator/cmake/costmap_generatorConfig.cmake
[108.575s] -- Up-to-date symlink: /home/cityu/autoware/install/costmap_generator/share/costmap_generator/cmake/costmap_generatorConfig-version.cmake
[108.575s] -- Up-to-date symlink: /home/cityu/autoware/install/costmap_generator/share/costmap_generator/package.xml
[108.600s] Invoked command in '/home/cityu/autoware/build/costmap_generator' returned '0': AMENT_PREFIX_PATH=/home/cityu/autoware/install/lanelet2_extension:/home/cityu/autoware/install/grid_map_ros:/home/cityu/autoware/install/grid_map_cv:/home/cityu/autoware/install/autoware_utils:/home/cityu/autoware/install/grid_map_msgs:/home/cityu/autoware/install/grid_map_core:/home/cityu/autoware/install/autoware_planning_msgs:/home/cityu/autoware/install/autoware_cmake:/home/cityu/autoware/install/autoware_auto_planning_msgs:/home/cityu/autoware/install/autoware_auto_perception_msgs:/home/cityu/autoware/install/tier4_planning_msgs:/home/cityu/autoware/install/autoware_lint_common:/home/cityu/autoware/install/autoware_common_msgs:/home/cityu/autoware/install/autoware_auto_mapping_msgs:/home/cityu/autoware/install/autoware_auto_geometry_msgs:${AMENT_PREFIX_PATH} CMAKE_PREFIX_PATH=/home/cityu/autoware/install/lanelet2_extension:/home/cityu/autoware/install/grid_map_ros:/home/cityu/autoware/install/grid_map_cv:/home/cityu/autoware/install/autoware_utils:/home/cityu/autoware/install/grid_map_msgs:/home/cityu/autoware/install/grid_map_core:/home/cityu/autoware/install/autoware_planning_msgs:/home/cityu/autoware/install/autoware_cmake:/home/cityu/autoware/install/autoware_auto_planning_msgs:/home/cityu/autoware/install/autoware_auto_perception_msgs:/home/cityu/autoware/install/tier4_planning_msgs:/home/cityu/autoware/install/autoware_lint_common:/home/cityu/autoware/install/autoware_common_msgs:/home/cityu/autoware/install/autoware_auto_mapping_msgs:/home/cityu/autoware/install/autoware_auto_geometry_msgs:/opt/ros/galactic LD_LIBRARY_PATH=/home/cityu/autoware/install/lanelet2_extension/lib:/home/cityu/autoware/install/grid_map_ros/lib:/home/cityu/autoware/install/grid_map_cv/lib:/home/cityu/autoware/install/autoware_utils/lib:/home/cityu/autoware/install/grid_map_msgs/lib:/home/cityu/autoware/install/grid_map_core/lib:/home/cityu/autoware/install/autoware_planning_msgs/lib:/home/cityu/autoware/install/autoware_auto_planning_msgs/lib:/home/cityu/autoware/install/autoware_auto_perception_msgs/lib:/home/cityu/autoware/install/tier4_planning_msgs/lib:/home/cityu/autoware/install/autoware_common_msgs/lib:/home/cityu/autoware/install/autoware_auto_mapping_msgs/lib:/home/cityu/autoware/install/autoware_auto_geometry_msgs/lib:${LD_LIBRARY_PATH} PYTHONPATH=/home/cityu/autoware/install/grid_map_msgs/lib/python3.8/site-packages:/home/cityu/autoware/install/autoware_planning_msgs/lib/python3.8/site-packages:/home/cityu/autoware/install/autoware_auto_planning_msgs/lib/python3.8/site-packages:/home/cityu/autoware/install/autoware_auto_perception_msgs/lib/python3.8/site-packages:/home/cityu/autoware/install/tier4_planning_msgs/lib/python3.8/site-packages:/home/cityu/autoware/install/autoware_common_msgs/lib/python3.8/site-packages:/home/cityu/autoware/install/autoware_auto_mapping_msgs/lib/python3.8/site-packages:/home/cityu/autoware/install/autoware_auto_geometry_msgs/lib/python3.8/site-packages:${PYTHONPATH} /usr/bin/cmake --install /home/cityu/autoware/build/costmap_generator
