-- Found ament_cmake: 1.1.6 (/opt/ros/galactic/share/ament_cmake/cmake)
-- Using PYTHON_EXECUTABLE: /usr/bin/python3
-- Override CMake install command with custom implementation using symlinks instead of copying resources
-- Found grid_map_cmake_helpers: 2.0.0 (/home/cityu/autoware/install/grid_map_cmake_helpers/share/grid_map_cmake_helpers/cmake)
-- Found grid_map_core: 2.0.0 (/home/cityu/autoware/install/grid_map_core/share/grid_map_core/cmake)
-- Found grid_map_msgs: 2.0.0 (/home/cityu/autoware/install/grid_map_msgs/share/grid_map_msgs/cmake)
-- Using all available rosidl_typesupport_c: rosidl_typesupport_fastrtps_c;rosidl_typesupport_introspection_c
-- Found rosidl_adapter: 2.2.3 (/opt/ros/galactic/share/rosidl_adapter/cmake)
-- Using all available rosidl_typesupport_cpp: rosidl_typesupport_fastrtps_cpp;rosidl_typesupport_introspection_cpp
-- Found grid_map_ros: 2.0.0 (/home/cityu/autoware/install/grid_map_ros/share/grid_map_ros/cmake)
-- Found rmw_implementation_cmake: 3.3.1 (/opt/ros/galactic/share/rmw_implementation_cmake/cmake)
-- Found rmw_cyclonedds_cpp: 0.22.6 (/opt/ros/galactic/share/rmw_cyclonedds_cpp/cmake)
-- Using RMW implementation 'rmw_cyclonedds_cpp' as default
-- Eigen found (include: /usr/include/eigen3, version: 3.3.7)
-- The imported target "vtkParseOGLExt" references the file
   "/usr/bin/vtkParseOGLExt-7.1"
but this file does not exist.  Possible reasons include:
* The file was deleted, renamed, or moved to another location.
* An install or uninstall procedure did not complete successfully.
* The installation package was faulty and contained
   "/usr/lib/cmake/vtk-7.1/VTKTargets.cmake"
but not all the files it references.

-- The imported target "vtkRenderingPythonTkWidgets" references the file
   "/usr/lib/x86_64-linux-gnu/libvtkRenderingPythonTkWidgets.so"
but this file does not exist.  Possible reasons include:
* The file was deleted, renamed, or moved to another location.
* An install or uninstall procedure did not complete successfully.
* The installation package was faulty and contained
   "/usr/lib/cmake/vtk-7.1/VTKTargets.cmake"
but not all the files it references.

-- The imported target "vtk" references the file
   "/usr/bin/vtk"
but this file does not exist.  Possible reasons include:
* The file was deleted, renamed, or moved to another location.
* An install or uninstall procedure did not complete successfully.
* The installation package was faulty and contained
   "/usr/lib/cmake/vtk-7.1/VTKTargets.cmake"
but not all the files it references.

-- The imported target "pvtk" references the file
   "/usr/bin/pvtk"
but this file does not exist.  Possible reasons include:
* The file was deleted, renamed, or moved to another location.
* An install or uninstall procedure did not complete successfully.
* The installation package was faulty and contained
   "/usr/lib/cmake/vtk-7.1/VTKTargets.cmake"
but not all the files it references.

-- Checking for module 'libusb-1.0'
--   No package 'libusb-1.0' found
-- Could NOT find USB_10 (missing: USB_10_LIBRARY USB_10_INCLUDE_DIR) 
-- OpenNI disabled because libusb-1.0 not found.
** WARNING ** io features related to openni will be disabled
-- Checking for module 'libusb-1.0'
--   No package 'libusb-1.0' found
-- Could NOT find USB_10 (missing: USB_10_LIBRARY USB_10_INCLUDE_DIR) 
-- OpenNI 2 disabled because libusb-1.0 not found.
** WARNING ** io features related to openni2 will be disabled
** WARNING ** io features related to pcap will be disabled
** WARNING ** io features related to png will be disabled
-- LIBUSB_1_LIBRARY (missing: LIBUSB_1_INCLUDE_DIR) 
** WARNING ** io features related to libusb-1.0 will be disabled
-- Checking for module 'libusb-1.0'
--   No package 'libusb-1.0' found
-- Could NOT find USB_10 (missing: USB_10_LIBRARY USB_10_INCLUDE_DIR) 
-- OpenNI disabled because libusb-1.0 not found.
** WARNING ** visualization features related to openni will be disabled
-- Checking for module 'libusb-1.0'
--   No package 'libusb-1.0' found
-- Could NOT find USB_10 (missing: USB_10_LIBRARY USB_10_INCLUDE_DIR) 
-- OpenNI 2 disabled because libusb-1.0 not found.
** WARNING ** visualization features related to openni2 will be disabled
-- QHULL found (include: /usr/include, lib: optimized;/usr/lib/x86_64-linux-gnu/libqhull.so;debug;/usr/lib/x86_64-linux-gnu/libqhull.so)
-- Checking for module 'libusb-1.0'
--   No package 'libusb-1.0' found
-- Could NOT find USB_10 (missing: USB_10_LIBRARY USB_10_INCLUDE_DIR) 
-- OpenNI disabled because libusb-1.0 not found.
** WARNING ** apps features related to openni will be disabled
-- looking for PCL_COMMON
-- looking for PCL_KDTREE
-- looking for PCL_OCTREE
-- looking for PCL_SEARCH
-- looking for PCL_SAMPLE_CONSENSUS
-- looking for PCL_FILTERS
-- looking for PCL_2D
-- looking for PCL_GEOMETRY
-- looking for PCL_IO
-- looking for PCL_FEATURES
-- looking for PCL_ML
-- looking for PCL_SEGMENTATION
-- looking for PCL_VISUALIZATION
-- looking for PCL_SURFACE
-- looking for PCL_REGISTRATION
-- looking for PCL_KEYPOINTS
-- looking for PCL_TRACKING
-- looking for PCL_RECOGNITION
-- looking for PCL_STEREO
-- looking for PCL_APPS
-- looking for PCL_IN_HAND_SCANNER
-- looking for PCL_POINT_CLOUD_EDITOR
-- looking for PCL_OUTOFCORE
-- looking for PCL_PEOPLE
-- Found ament_lint_auto: 0.10.7 (/opt/ros/galactic/share/ament_lint_auto/cmake)
-- Found gtest sources under '/opt/ros/galactic/src/gtest_vendor': C++ tests using 'Google Test' will be built
-- Added test 'cppcheck' to perform static code analysis on C / C++ code
-- Configured cppcheck include dirs: /home/cityu/autoware/src/universe/external/grid_map/grid_map_pcl/include
-- Configured cppcheck exclude dirs and/or files: 
-- Added test 'flake8' to check Python code syntax and style conventions
-- Added test 'lint_cmake' to check CMake code style
-- Added test 'pep257' to check Python code against some of the style conventions in PEP 257
-- Added test 'uncrustify' to check C / C++ code style
-- Configured uncrustify additional arguments: 
-- Added test 'xmllint' to check XML markup files
-- Configuring done
-- Generating done
CMake Warning:
  Manually-specified variables were not used by the project:

    DOWNLOAD_ARTIFACTS


-- Build files have been written to: /home/cityu/autoware/build/grid_map_pcl
[ 10%] Built target gtest
[ 21%] Built target gtest_main
[ 26%] [32m[1mLinking CXX shared library libgrid_map_pcl.so[0m
[ 52%] Built target grid_map_pcl
[ 57%] [32mBuilding CXX object CMakeFiles/grid_map_pcl-test.dir/test/GridMapPclLoaderTest.cpp.o[0m
[ 63%] [32mBuilding CXX object CMakeFiles/grid_map_pcl-test.dir/test/test_grid_map_pcl.cpp.o[0m
[ 68%] [32mBuilding CXX object CMakeFiles/grid_map_pcl-test.dir/test/test_helpers.cpp.o[0m
[ 78%] [32mBuilding CXX object CMakeFiles/grid_map_pcl-test.dir/test/PointcloudCreator.cpp.o[0m
[ 78%] [32mBuilding CXX object CMakeFiles/grid_map_pcl-test.dir/test/PointcloudProcessorTest.cpp.o[0m
[ 84%] [32mBuilding CXX object CMakeFiles/grid_map_pcl-test.dir/test/HelpersTest.cpp.o[0m
[ 89%] [32m[1mLinking CXX executable grid_map_pcl-test[0m
[ 89%] Built target grid_map_pcl-test
[ 94%] [32m[1mLinking CXX executable grid_map_pcl_loader_node[0m
[100%] Built target grid_map_pcl_loader_node
-- Install configuration: "Release"
-- Execute custom install script
-- Up-to-date symlink: /home/cityu/autoware/install/grid_map_pcl/lib/libgrid_map_pcl.so
-- Up-to-date symlink: /home/cityu/autoware/install/grid_map_pcl/lib/grid_map_pcl/grid_map_pcl_loader_node
-- Up-to-date symlink: /home/cityu/autoware/install/grid_map_pcl/share/grid_map_pcl/config/parameters.yaml
-- Up-to-date symlink: /home/cityu/autoware/install/grid_map_pcl/share/grid_map_pcl/launch/grid_map_pcl_loader_launch.py
-- Up-to-date symlink: /home/cityu/autoware/install/grid_map_pcl/share/grid_map_pcl/test_data//parameters.yaml
-- Up-to-date symlink: /home/cityu/autoware/install/grid_map_pcl/share/grid_map_pcl/test_data//plane_noisy.pcd
-- Up-to-date symlink: /home/cityu/autoware/install/grid_map_pcl/share/grid_map_pcl/environment/library_path.sh
-- Up-to-date symlink: /home/cityu/autoware/install/grid_map_pcl/share/grid_map_pcl/environment/library_path.dsv
-- Up-to-date symlink: /home/cityu/autoware/install/grid_map_pcl/share/ament_index/resource_index/package_run_dependencies/grid_map_pcl
-- Up-to-date symlink: /home/cityu/autoware/install/grid_map_pcl/share/ament_index/resource_index/parent_prefix_path/grid_map_pcl
-- Up-to-date symlink: /home/cityu/autoware/install/grid_map_pcl/share/grid_map_pcl/environment/ament_prefix_path.sh
-- Up-to-date symlink: /home/cityu/autoware/install/grid_map_pcl/share/grid_map_pcl/environment/ament_prefix_path.dsv
-- Up-to-date symlink: /home/cityu/autoware/install/grid_map_pcl/share/grid_map_pcl/environment/path.sh
-- Up-to-date symlink: /home/cityu/autoware/install/grid_map_pcl/share/grid_map_pcl/environment/path.dsv
-- Up-to-date symlink: /home/cityu/autoware/install/grid_map_pcl/share/grid_map_pcl/local_setup.bash
-- Up-to-date symlink: /home/cityu/autoware/install/grid_map_pcl/share/grid_map_pcl/local_setup.sh
-- Up-to-date symlink: /home/cityu/autoware/install/grid_map_pcl/share/grid_map_pcl/local_setup.zsh
-- Up-to-date symlink: /home/cityu/autoware/install/grid_map_pcl/share/grid_map_pcl/local_setup.dsv
-- Symlinking: /home/cityu/autoware/install/grid_map_pcl/share/grid_map_pcl/package.dsv
-- Up-to-date symlink: /home/cityu/autoware/install/grid_map_pcl/share/ament_index/resource_index/packages/grid_map_pcl
-- Up-to-date symlink: /home/cityu/autoware/install/grid_map_pcl/share/grid_map_pcl/cmake/ament_cmake_export_include_directories-extras.cmake
-- Up-to-date symlink: /home/cityu/autoware/install/grid_map_pcl/share/grid_map_pcl/cmake/ament_cmake_export_libraries-extras.cmake
-- Up-to-date symlink: /home/cityu/autoware/install/grid_map_pcl/share/grid_map_pcl/cmake/grid_map_pclConfig.cmake
-- Up-to-date symlink: /home/cityu/autoware/install/grid_map_pcl/share/grid_map_pcl/cmake/grid_map_pclConfig-version.cmake
-- Up-to-date symlink: /home/cityu/autoware/install/grid_map_pcl/share/grid_map_pcl/package.xml
-- Up-to-date: /home/cityu/autoware/install/grid_map_pcl/include/grid_map_pcl
-- Up-to-date: /home/cityu/autoware/install/grid_map_pcl/include/grid_map_pcl/helpers.hpp
-- Up-to-date: /home/cityu/autoware/install/grid_map_pcl/include/grid_map_pcl/GridMapPclConverter.hpp
-- Up-to-date: /home/cityu/autoware/install/grid_map_pcl/include/grid_map_pcl/GridMapPclLoader.hpp
-- Up-to-date: /home/cityu/autoware/install/grid_map_pcl/include/grid_map_pcl/PclLoaderParameters.hpp
-- Up-to-date: /home/cityu/autoware/install/grid_map_pcl/include/grid_map_pcl/PointcloudProcessor.hpp
-- Up-to-date: /home/cityu/autoware/install/grid_map_pcl/include/grid_map_pcl/grid_map_pcl.hpp
