-- Install configuration: "Release"
-- Execute custom install script
-- Up-to-date symlink: /home/cityu/autoware/install/lidar_apollo_segmentation_tvm/include/lidar_apollo_segmentation_tvm/cluster2d.hpp
-- Up-to-date symlink: /home/cityu/autoware/install/lidar_apollo_segmentation_tvm/include/lidar_apollo_segmentation_tvm/disjoint_set.hpp
-- Up-to-date symlink: /home/cityu/autoware/install/lidar_apollo_segmentation_tvm/include/lidar_apollo_segmentation_tvm/feature_generator.hpp
-- Up-to-date symlink: /home/cityu/autoware/install/lidar_apollo_segmentation_tvm/include/lidar_apollo_segmentation_tvm/feature_map.hpp
-- Up-to-date symlink: /home/cityu/autoware/install/lidar_apollo_segmentation_tvm/include/lidar_apollo_segmentation_tvm/lidar_apollo_segmentation_tvm.hpp
-- Up-to-date symlink: /home/cityu/autoware/install/lidar_apollo_segmentation_tvm/include/lidar_apollo_segmentation_tvm/log_table.hpp
-- Up-to-date symlink: /home/cityu/autoware/install/lidar_apollo_segmentation_tvm/include/lidar_apollo_segmentation_tvm/util.hpp
-- Up-to-date symlink: /home/cityu/autoware/install/lidar_apollo_segmentation_tvm/include/lidar_apollo_segmentation_tvm/visibility_control.hpp
-- Up-to-date symlink: /home/cityu/autoware/install/lidar_apollo_segmentation_tvm/share/ament_index/resource_index/package_run_dependencies/lidar_apollo_segmentation_tvm
-- Up-to-date symlink: /home/cityu/autoware/install/lidar_apollo_segmentation_tvm/share/ament_index/resource_index/parent_prefix_path/lidar_apollo_segmentation_tvm
-- Up-to-date symlink: /home/cityu/autoware/install/lidar_apollo_segmentation_tvm/share/lidar_apollo_segmentation_tvm/environment/ament_prefix_path.sh
-- Up-to-date symlink: /home/cityu/autoware/install/lidar_apollo_segmentation_tvm/share/lidar_apollo_segmentation_tvm/environment/ament_prefix_path.dsv
-- Up-to-date symlink: /home/cityu/autoware/install/lidar_apollo_segmentation_tvm/share/lidar_apollo_segmentation_tvm/environment/path.sh
-- Up-to-date symlink: /home/cityu/autoware/install/lidar_apollo_segmentation_tvm/share/lidar_apollo_segmentation_tvm/environment/path.dsv
-- Up-to-date symlink: /home/cityu/autoware/install/lidar_apollo_segmentation_tvm/share/lidar_apollo_segmentation_tvm/local_setup.bash
-- Up-to-date symlink: /home/cityu/autoware/install/lidar_apollo_segmentation_tvm/share/lidar_apollo_segmentation_tvm/local_setup.sh
-- Up-to-date symlink: /home/cityu/autoware/install/lidar_apollo_segmentation_tvm/share/lidar_apollo_segmentation_tvm/local_setup.zsh
-- Up-to-date symlink: /home/cityu/autoware/install/lidar_apollo_segmentation_tvm/share/lidar_apollo_segmentation_tvm/local_setup.dsv
-- Symlinking: /home/cityu/autoware/install/lidar_apollo_segmentation_tvm/share/lidar_apollo_segmentation_tvm/package.dsv
-- Up-to-date symlink: /home/cityu/autoware/install/lidar_apollo_segmentation_tvm/share/ament_index/resource_index/packages/lidar_apollo_segmentation_tvm
-- Up-to-date symlink: /home/cityu/autoware/install/lidar_apollo_segmentation_tvm/share/lidar_apollo_segmentation_tvm/cmake/lidar_apollo_segmentation_tvm-extras.cmake
-- Up-to-date symlink: /home/cityu/autoware/install/lidar_apollo_segmentation_tvm/share/lidar_apollo_segmentation_tvm/cmake/ament_cmake_export_dependencies-extras.cmake
-- Up-to-date symlink: /home/cityu/autoware/install/lidar_apollo_segmentation_tvm/share/lidar_apollo_segmentation_tvm/cmake/ament_cmake_export_include_directories-extras.cmake
-- Up-to-date symlink: /home/cityu/autoware/install/lidar_apollo_segmentation_tvm/share/lidar_apollo_segmentation_tvm/cmake/lidar_apollo_segmentation_tvmConfig.cmake
-- Up-to-date symlink: /home/cityu/autoware/install/lidar_apollo_segmentation_tvm/share/lidar_apollo_segmentation_tvm/cmake/lidar_apollo_segmentation_tvmConfig-version.cmake
-- Up-to-date symlink: /home/cityu/autoware/install/lidar_apollo_segmentation_tvm/share/lidar_apollo_segmentation_tvm/package.xml
