[0.208s] Invoking command in '/home/cityu/autoware/build/static_centerline_optimizer': AMENT_PREFIX_PATH=/home/cityu/autoware/install/mission_planner:/home/cityu/autoware/install/behavior_path_planner:/home/cityu/autoware/install/route_handler:/home/cityu/autoware/install/obstacle_avoidance_planner:/home/cityu/autoware/install/lane_departure_checker:/home/cityu/autoware/install/motion_utils:/home/cityu/autoware/install/map_loader:/home/cityu/autoware/install/interpolation:/home/cityu/autoware/install/tier4_autoware_utils:/home/cityu/autoware/install/lanelet2_extension:/home/cityu/autoware/install/global_parameter_loader:/home/cityu/autoware/install/autoware_auto_tf2:/home/cityu/autoware/install/vehicle_info_util:/home/cityu/autoware/install/osqp_interface:/home/cityu/autoware/install/component_interface_utils:/home/cityu/autoware/install/component_interface_specs:/home/cityu/autoware/install/autoware_utils:/home/cityu/autoware/install/autoware_auto_vehicle_msgs:/home/cityu/autoware/install/autoware_auto_common:/home/cityu/autoware/install/tier4_system_msgs:/home/cityu/autoware/install/rtc_interface:/home/cityu/autoware/install/autoware_planning_msgs:/home/cityu/autoware/install/autoware_cmake:/home/cityu/autoware/install/autoware_auto_planning_msgs:/home/cityu/autoware/install/autoware_auto_perception_msgs:/home/cityu/autoware/install/tier4_rtc_msgs:/home/cityu/autoware/install/tier4_planning_msgs:/home/cityu/autoware/install/tier4_debug_msgs:/home/cityu/autoware/install/autoware_map_msgs:/home/cityu/autoware/install/autoware_lint_common:/home/cityu/autoware/install/autoware_common_msgs:/home/cityu/autoware/install/autoware_auto_system_msgs:/home/cityu/autoware/install/autoware_auto_mapping_msgs:/home/cityu/autoware/install/autoware_auto_geometry_msgs:/home/cityu/autoware/install/autoware_adapi_v1_msgs:${AMENT_PREFIX_PATH} CMAKE_PREFIX_PATH=/home/cityu/autoware/install/mission_planner:/home/cityu/autoware/install/behavior_path_planner:/home/cityu/autoware/install/route_handler:/home/cityu/autoware/install/obstacle_avoidance_planner:/home/cityu/autoware/install/lane_departure_checker:/home/cityu/autoware/install/motion_utils:/home/cityu/autoware/install/map_loader:/home/cityu/autoware/install/interpolation:/home/cityu/autoware/install/tier4_autoware_utils:/home/cityu/autoware/install/lanelet2_extension:/home/cityu/autoware/install/global_parameter_loader:/home/cityu/autoware/install/autoware_auto_tf2:/home/cityu/autoware/install/vehicle_info_util:/home/cityu/autoware/install/osqp_interface:/home/cityu/autoware/install/component_interface_utils:/home/cityu/autoware/install/component_interface_specs:/home/cityu/autoware/install/autoware_utils:/home/cityu/autoware/install/autoware_auto_vehicle_msgs:/home/cityu/autoware/install/autoware_auto_common:/home/cityu/autoware/install/tier4_system_msgs:/home/cityu/autoware/install/rtc_interface:/home/cityu/autoware/install/autoware_planning_msgs:/home/cityu/autoware/install/autoware_cmake:/home/cityu/autoware/install/autoware_auto_planning_msgs:/home/cityu/autoware/install/autoware_auto_perception_msgs:/home/cityu/autoware/install/tier4_rtc_msgs:/home/cityu/autoware/install/tier4_planning_msgs:/home/cityu/autoware/install/tier4_debug_msgs:/home/cityu/autoware/install/autoware_map_msgs:/home/cityu/autoware/install/autoware_lint_common:/home/cityu/autoware/install/autoware_common_msgs:/home/cityu/autoware/install/autoware_auto_system_msgs:/home/cityu/autoware/install/autoware_auto_mapping_msgs:/home/cityu/autoware/install/autoware_auto_geometry_msgs:/home/cityu/autoware/install/autoware_adapi_v1_msgs:/opt/ros/galactic LD_LIBRARY_PATH=/home/cityu/autoware/install/mission_planner/lib:/home/cityu/autoware/install/behavior_path_planner/lib:/home/cityu/autoware/install/route_handler/lib:/home/cityu/autoware/install/obstacle_avoidance_planner/lib:/home/cityu/autoware/install/lane_departure_checker/lib:/home/cityu/autoware/install/motion_utils/lib:/home/cityu/autoware/install/map_loader/lib:/home/cityu/autoware/install/interpolation/lib:/home/cityu/autoware/install/tier4_autoware_utils/lib:/home/cityu/autoware/install/lanelet2_extension/lib:/home/cityu/autoware/install/vehicle_info_util/lib:/home/cityu/autoware/install/osqp_interface/lib:/home/cityu/autoware/install/autoware_utils/lib:/home/cityu/autoware/install/autoware_auto_vehicle_msgs/lib:/home/cityu/autoware/install/tier4_system_msgs/lib:/home/cityu/autoware/install/rtc_interface/lib:/home/cityu/autoware/install/autoware_planning_msgs/lib:/home/cityu/autoware/install/autoware_auto_planning_msgs/lib:/home/cityu/autoware/install/autoware_auto_perception_msgs/lib:/home/cityu/autoware/install/tier4_rtc_msgs/lib:/home/cityu/autoware/install/tier4_planning_msgs/lib:/home/cityu/autoware/install/tier4_debug_msgs/lib:/home/cityu/autoware/install/autoware_map_msgs/lib:/home/cityu/autoware/install/autoware_common_msgs/lib:/home/cityu/autoware/install/autoware_auto_system_msgs/lib:/home/cityu/autoware/install/autoware_auto_mapping_msgs/lib:/home/cityu/autoware/install/autoware_auto_geometry_msgs/lib:/home/cityu/autoware/install/autoware_adapi_v1_msgs/lib:${LD_LIBRARY_PATH} PYTHONPATH=/home/cityu/autoware/install/autoware_auto_vehicle_msgs/lib/python3.8/site-packages:/home/cityu/autoware/install/tier4_system_msgs/lib/python3.8/site-packages:/home/cityu/autoware/install/autoware_planning_msgs/lib/python3.8/site-packages:/home/cityu/autoware/install/autoware_auto_planning_msgs/lib/python3.8/site-packages:/home/cityu/autoware/install/autoware_auto_perception_msgs/lib/python3.8/site-packages:/home/cityu/autoware/install/tier4_rtc_msgs/lib/python3.8/site-packages:/home/cityu/autoware/install/tier4_planning_msgs/lib/python3.8/site-packages:/home/cityu/autoware/install/tier4_debug_msgs/lib/python3.8/site-packages:/home/cityu/autoware/install/autoware_map_msgs/lib/python3.8/site-packages:/home/cityu/autoware/install/autoware_common_msgs/lib/python3.8/site-packages:/home/cityu/autoware/install/autoware_auto_system_msgs/lib/python3.8/site-packages:/home/cityu/autoware/install/autoware_auto_mapping_msgs/lib/python3.8/site-packages:/home/cityu/autoware/install/autoware_auto_geometry_msgs/lib/python3.8/site-packages:/home/cityu/autoware/install/autoware_adapi_v1_msgs/lib/python3.8/site-packages:${PYTHONPATH} /usr/bin/cmake --build /home/cityu/autoware/build/static_centerline_optimizer -- -j16 -l16
[0.272s] [  1%] Built target static_centerline_optimizer__cpp
[0.273s] [ 11%] Built target static_centerline_optimizer__rosidl_generator_c
[0.307s] [ 21%] Built target static_centerline_optimizer__rosidl_typesupport_introspection_cpp
[0.325s] [ 31%] Built target static_centerline_optimizer__rosidl_typesupport_c
[0.326s] [ 61%] Built target static_centerline_optimizer__rosidl_typesupport_fastrtps_cpp
[0.326s] [ 61%] Built target static_centerline_optimizer__rosidl_typesupport_cpp
[0.327s] [ 61%] Built target static_centerline_optimizer__rosidl_typesupport_introspection_c
[0.353s] [ 71%] Built target static_centerline_optimizer__rosidl_typesupport_fastrtps_c
[0.401s] [ 71%] Built target static_centerline_optimizer
[0.406s] [ 73%] Built target static_centerline_optimizer__py
[0.432s] [ 81%] Built target static_centerline_optimizer__python
[0.459s] [ 90%] Built target main
[0.464s] [ 96%] Built target static_centerline_optimizer__rosidl_typesupport_c__pyext
[0.464s] [ 96%] Built target static_centerline_optimizer__rosidl_typesupport_introspection_c__pyext
[0.464s] [100%] Built target static_centerline_optimizer__rosidl_typesupport_fastrtps_c__pyext
[0.587s] Invoked command in '/home/cityu/autoware/build/static_centerline_optimizer' returned '0': AMENT_PREFIX_PATH=/home/cityu/autoware/install/mission_planner:/home/cityu/autoware/install/behavior_path_planner:/home/cityu/autoware/install/route_handler:/home/cityu/autoware/install/obstacle_avoidance_planner:/home/cityu/autoware/install/lane_departure_checker:/home/cityu/autoware/install/motion_utils:/home/cityu/autoware/install/map_loader:/home/cityu/autoware/install/interpolation:/home/cityu/autoware/install/tier4_autoware_utils:/home/cityu/autoware/install/lanelet2_extension:/home/cityu/autoware/install/global_parameter_loader:/home/cityu/autoware/install/autoware_auto_tf2:/home/cityu/autoware/install/vehicle_info_util:/home/cityu/autoware/install/osqp_interface:/home/cityu/autoware/install/component_interface_utils:/home/cityu/autoware/install/component_interface_specs:/home/cityu/autoware/install/autoware_utils:/home/cityu/autoware/install/autoware_auto_vehicle_msgs:/home/cityu/autoware/install/autoware_auto_common:/home/cityu/autoware/install/tier4_system_msgs:/home/cityu/autoware/install/rtc_interface:/home/cityu/autoware/install/autoware_planning_msgs:/home/cityu/autoware/install/autoware_cmake:/home/cityu/autoware/install/autoware_auto_planning_msgs:/home/cityu/autoware/install/autoware_auto_perception_msgs:/home/cityu/autoware/install/tier4_rtc_msgs:/home/cityu/autoware/install/tier4_planning_msgs:/home/cityu/autoware/install/tier4_debug_msgs:/home/cityu/autoware/install/autoware_map_msgs:/home/cityu/autoware/install/autoware_lint_common:/home/cityu/autoware/install/autoware_common_msgs:/home/cityu/autoware/install/autoware_auto_system_msgs:/home/cityu/autoware/install/autoware_auto_mapping_msgs:/home/cityu/autoware/install/autoware_auto_geometry_msgs:/home/cityu/autoware/install/autoware_adapi_v1_msgs:${AMENT_PREFIX_PATH} CMAKE_PREFIX_PATH=/home/cityu/autoware/install/mission_planner:/home/cityu/autoware/install/behavior_path_planner:/home/cityu/autoware/install/route_handler:/home/cityu/autoware/install/obstacle_avoidance_planner:/home/cityu/autoware/install/lane_departure_checker:/home/cityu/autoware/install/motion_utils:/home/cityu/autoware/install/map_loader:/home/cityu/autoware/install/interpolation:/home/cityu/autoware/install/tier4_autoware_utils:/home/cityu/autoware/install/lanelet2_extension:/home/cityu/autoware/install/global_parameter_loader:/home/cityu/autoware/install/autoware_auto_tf2:/home/cityu/autoware/install/vehicle_info_util:/home/cityu/autoware/install/osqp_interface:/home/cityu/autoware/install/component_interface_utils:/home/cityu/autoware/install/component_interface_specs:/home/cityu/autoware/install/autoware_utils:/home/cityu/autoware/install/autoware_auto_vehicle_msgs:/home/cityu/autoware/install/autoware_auto_common:/home/cityu/autoware/install/tier4_system_msgs:/home/cityu/autoware/install/rtc_interface:/home/cityu/autoware/install/autoware_planning_msgs:/home/cityu/autoware/install/autoware_cmake:/home/cityu/autoware/install/autoware_auto_planning_msgs:/home/cityu/autoware/install/autoware_auto_perception_msgs:/home/cityu/autoware/install/tier4_rtc_msgs:/home/cityu/autoware/install/tier4_planning_msgs:/home/cityu/autoware/install/tier4_debug_msgs:/home/cityu/autoware/install/autoware_map_msgs:/home/cityu/autoware/install/autoware_lint_common:/home/cityu/autoware/install/autoware_common_msgs:/home/cityu/autoware/install/autoware_auto_system_msgs:/home/cityu/autoware/install/autoware_auto_mapping_msgs:/home/cityu/autoware/install/autoware_auto_geometry_msgs:/home/cityu/autoware/install/autoware_adapi_v1_msgs:/opt/ros/galactic LD_LIBRARY_PATH=/home/cityu/autoware/install/mission_planner/lib:/home/cityu/autoware/install/behavior_path_planner/lib:/home/cityu/autoware/install/route_handler/lib:/home/cityu/autoware/install/obstacle_avoidance_planner/lib:/home/cityu/autoware/install/lane_departure_checker/lib:/home/cityu/autoware/install/motion_utils/lib:/home/cityu/autoware/install/map_loader/lib:/home/cityu/autoware/install/interpolation/lib:/home/cityu/autoware/install/tier4_autoware_utils/lib:/home/cityu/autoware/install/lanelet2_extension/lib:/home/cityu/autoware/install/vehicle_info_util/lib:/home/cityu/autoware/install/osqp_interface/lib:/home/cityu/autoware/install/autoware_utils/lib:/home/cityu/autoware/install/autoware_auto_vehicle_msgs/lib:/home/cityu/autoware/install/tier4_system_msgs/lib:/home/cityu/autoware/install/rtc_interface/lib:/home/cityu/autoware/install/autoware_planning_msgs/lib:/home/cityu/autoware/install/autoware_auto_planning_msgs/lib:/home/cityu/autoware/install/autoware_auto_perception_msgs/lib:/home/cityu/autoware/install/tier4_rtc_msgs/lib:/home/cityu/autoware/install/tier4_planning_msgs/lib:/home/cityu/autoware/install/tier4_debug_msgs/lib:/home/cityu/autoware/install/autoware_map_msgs/lib:/home/cityu/autoware/install/autoware_common_msgs/lib:/home/cityu/autoware/install/autoware_auto_system_msgs/lib:/home/cityu/autoware/install/autoware_auto_mapping_msgs/lib:/home/cityu/autoware/install/autoware_auto_geometry_msgs/lib:/home/cityu/autoware/install/autoware_adapi_v1_msgs/lib:${LD_LIBRARY_PATH} PYTHONPATH=/home/cityu/autoware/install/autoware_auto_vehicle_msgs/lib/python3.8/site-packages:/home/cityu/autoware/install/tier4_system_msgs/lib/python3.8/site-packages:/home/cityu/autoware/install/autoware_planning_msgs/lib/python3.8/site-packages:/home/cityu/autoware/install/autoware_auto_planning_msgs/lib/python3.8/site-packages:/home/cityu/autoware/install/autoware_auto_perception_msgs/lib/python3.8/site-packages:/home/cityu/autoware/install/tier4_rtc_msgs/lib/python3.8/site-packages:/home/cityu/autoware/install/tier4_planning_msgs/lib/python3.8/site-packages:/home/cityu/autoware/install/tier4_debug_msgs/lib/python3.8/site-packages:/home/cityu/autoware/install/autoware_map_msgs/lib/python3.8/site-packages:/home/cityu/autoware/install/autoware_common_msgs/lib/python3.8/site-packages:/home/cityu/autoware/install/autoware_auto_system_msgs/lib/python3.8/site-packages:/home/cityu/autoware/install/autoware_auto_mapping_msgs/lib/python3.8/site-packages:/home/cityu/autoware/install/autoware_auto_geometry_msgs/lib/python3.8/site-packages:/home/cityu/autoware/install/autoware_adapi_v1_msgs/lib/python3.8/site-packages:${PYTHONPATH} /usr/bin/cmake --build /home/cityu/autoware/build/static_centerline_optimizer -- -j16 -l16
[0.730s] Invoking command in '/home/cityu/autoware/build/static_centerline_optimizer': AMENT_PREFIX_PATH=/home/cityu/autoware/install/mission_planner:/home/cityu/autoware/install/behavior_path_planner:/home/cityu/autoware/install/route_handler:/home/cityu/autoware/install/obstacle_avoidance_planner:/home/cityu/autoware/install/lane_departure_checker:/home/cityu/autoware/install/motion_utils:/home/cityu/autoware/install/map_loader:/home/cityu/autoware/install/interpolation:/home/cityu/autoware/install/tier4_autoware_utils:/home/cityu/autoware/install/lanelet2_extension:/home/cityu/autoware/install/global_parameter_loader:/home/cityu/autoware/install/autoware_auto_tf2:/home/cityu/autoware/install/vehicle_info_util:/home/cityu/autoware/install/osqp_interface:/home/cityu/autoware/install/component_interface_utils:/home/cityu/autoware/install/component_interface_specs:/home/cityu/autoware/install/autoware_utils:/home/cityu/autoware/install/autoware_auto_vehicle_msgs:/home/cityu/autoware/install/autoware_auto_common:/home/cityu/autoware/install/tier4_system_msgs:/home/cityu/autoware/install/rtc_interface:/home/cityu/autoware/install/autoware_planning_msgs:/home/cityu/autoware/install/autoware_cmake:/home/cityu/autoware/install/autoware_auto_planning_msgs:/home/cityu/autoware/install/autoware_auto_perception_msgs:/home/cityu/autoware/install/tier4_rtc_msgs:/home/cityu/autoware/install/tier4_planning_msgs:/home/cityu/autoware/install/tier4_debug_msgs:/home/cityu/autoware/install/autoware_map_msgs:/home/cityu/autoware/install/autoware_lint_common:/home/cityu/autoware/install/autoware_common_msgs:/home/cityu/autoware/install/autoware_auto_system_msgs:/home/cityu/autoware/install/autoware_auto_mapping_msgs:/home/cityu/autoware/install/autoware_auto_geometry_msgs:/home/cityu/autoware/install/autoware_adapi_v1_msgs:${AMENT_PREFIX_PATH} CMAKE_PREFIX_PATH=/home/cityu/autoware/install/mission_planner:/home/cityu/autoware/install/behavior_path_planner:/home/cityu/autoware/install/route_handler:/home/cityu/autoware/install/obstacle_avoidance_planner:/home/cityu/autoware/install/lane_departure_checker:/home/cityu/autoware/install/motion_utils:/home/cityu/autoware/install/map_loader:/home/cityu/autoware/install/interpolation:/home/cityu/autoware/install/tier4_autoware_utils:/home/cityu/autoware/install/lanelet2_extension:/home/cityu/autoware/install/global_parameter_loader:/home/cityu/autoware/install/autoware_auto_tf2:/home/cityu/autoware/install/vehicle_info_util:/home/cityu/autoware/install/osqp_interface:/home/cityu/autoware/install/component_interface_utils:/home/cityu/autoware/install/component_interface_specs:/home/cityu/autoware/install/autoware_utils:/home/cityu/autoware/install/autoware_auto_vehicle_msgs:/home/cityu/autoware/install/autoware_auto_common:/home/cityu/autoware/install/tier4_system_msgs:/home/cityu/autoware/install/rtc_interface:/home/cityu/autoware/install/autoware_planning_msgs:/home/cityu/autoware/install/autoware_cmake:/home/cityu/autoware/install/autoware_auto_planning_msgs:/home/cityu/autoware/install/autoware_auto_perception_msgs:/home/cityu/autoware/install/tier4_rtc_msgs:/home/cityu/autoware/install/tier4_planning_msgs:/home/cityu/autoware/install/tier4_debug_msgs:/home/cityu/autoware/install/autoware_map_msgs:/home/cityu/autoware/install/autoware_lint_common:/home/cityu/autoware/install/autoware_common_msgs:/home/cityu/autoware/install/autoware_auto_system_msgs:/home/cityu/autoware/install/autoware_auto_mapping_msgs:/home/cityu/autoware/install/autoware_auto_geometry_msgs:/home/cityu/autoware/install/autoware_adapi_v1_msgs:/opt/ros/galactic LD_LIBRARY_PATH=/home/cityu/autoware/install/mission_planner/lib:/home/cityu/autoware/install/behavior_path_planner/lib:/home/cityu/autoware/install/route_handler/lib:/home/cityu/autoware/install/obstacle_avoidance_planner/lib:/home/cityu/autoware/install/lane_departure_checker/lib:/home/cityu/autoware/install/motion_utils/lib:/home/cityu/autoware/install/map_loader/lib:/home/cityu/autoware/install/interpolation/lib:/home/cityu/autoware/install/tier4_autoware_utils/lib:/home/cityu/autoware/install/lanelet2_extension/lib:/home/cityu/autoware/install/vehicle_info_util/lib:/home/cityu/autoware/install/osqp_interface/lib:/home/cityu/autoware/install/autoware_utils/lib:/home/cityu/autoware/install/autoware_auto_vehicle_msgs/lib:/home/cityu/autoware/install/tier4_system_msgs/lib:/home/cityu/autoware/install/rtc_interface/lib:/home/cityu/autoware/install/autoware_planning_msgs/lib:/home/cityu/autoware/install/autoware_auto_planning_msgs/lib:/home/cityu/autoware/install/autoware_auto_perception_msgs/lib:/home/cityu/autoware/install/tier4_rtc_msgs/lib:/home/cityu/autoware/install/tier4_planning_msgs/lib:/home/cityu/autoware/install/tier4_debug_msgs/lib:/home/cityu/autoware/install/autoware_map_msgs/lib:/home/cityu/autoware/install/autoware_common_msgs/lib:/home/cityu/autoware/install/autoware_auto_system_msgs/lib:/home/cityu/autoware/install/autoware_auto_mapping_msgs/lib:/home/cityu/autoware/install/autoware_auto_geometry_msgs/lib:/home/cityu/autoware/install/autoware_adapi_v1_msgs/lib:${LD_LIBRARY_PATH} PYTHONPATH=/home/cityu/autoware/install/autoware_auto_vehicle_msgs/lib/python3.8/site-packages:/home/cityu/autoware/install/tier4_system_msgs/lib/python3.8/site-packages:/home/cityu/autoware/install/autoware_planning_msgs/lib/python3.8/site-packages:/home/cityu/autoware/install/autoware_auto_planning_msgs/lib/python3.8/site-packages:/home/cityu/autoware/install/autoware_auto_perception_msgs/lib/python3.8/site-packages:/home/cityu/autoware/install/tier4_rtc_msgs/lib/python3.8/site-packages:/home/cityu/autoware/install/tier4_planning_msgs/lib/python3.8/site-packages:/home/cityu/autoware/install/tier4_debug_msgs/lib/python3.8/site-packages:/home/cityu/autoware/install/autoware_map_msgs/lib/python3.8/site-packages:/home/cityu/autoware/install/autoware_common_msgs/lib/python3.8/site-packages:/home/cityu/autoware/install/autoware_auto_system_msgs/lib/python3.8/site-packages:/home/cityu/autoware/install/autoware_auto_mapping_msgs/lib/python3.8/site-packages:/home/cityu/autoware/install/autoware_auto_geometry_msgs/lib/python3.8/site-packages:/home/cityu/autoware/install/autoware_adapi_v1_msgs/lib/python3.8/site-packages:${PYTHONPATH} /usr/bin/cmake --install /home/cityu/autoware/build/static_centerline_optimizer
[0.747s] -- Install configuration: "Release"
[0.747s] -- Execute custom install script
[0.747s] -- Up-to-date symlink: /home/cityu/autoware/install/static_centerline_optimizer/share/ament_index/resource_index/rosidl_interfaces/static_centerline_optimizer
[0.747s] -- Up-to-date symlink: /home/cityu/autoware/install/static_centerline_optimizer/include/static_centerline_optimizer/msg/detail/points_with_lane_id__functions.h
[0.747s] -- Up-to-date symlink: /home/cityu/autoware/install/static_centerline_optimizer/include/static_centerline_optimizer/msg/detail/points_with_lane_id__struct.h
[0.748s] -- Up-to-date symlink: /home/cityu/autoware/install/static_centerline_optimizer/include/static_centerline_optimizer/msg/detail/points_with_lane_id__type_support.h
[0.748s] -- Up-to-date symlink: /home/cityu/autoware/install/static_centerline_optimizer/include/static_centerline_optimizer/msg/points_with_lane_id.h
[0.748s] -- Up-to-date symlink: /home/cityu/autoware/install/static_centerline_optimizer/include/static_centerline_optimizer/msg/rosidl_generator_c__visibility_control.h
[0.748s] -- Up-to-date symlink: /home/cityu/autoware/install/static_centerline_optimizer/include/static_centerline_optimizer/srv/detail/load_map__functions.h
[0.748s] -- Up-to-date symlink: /home/cityu/autoware/install/static_centerline_optimizer/include/static_centerline_optimizer/srv/detail/load_map__struct.h
[0.748s] -- Up-to-date symlink: /home/cityu/autoware/install/static_centerline_optimizer/include/static_centerline_optimizer/srv/detail/load_map__type_support.h
[0.748s] -- Up-to-date symlink: /home/cityu/autoware/install/static_centerline_optimizer/include/static_centerline_optimizer/srv/detail/plan_path__functions.h
[0.748s] -- Up-to-date symlink: /home/cityu/autoware/install/static_centerline_optimizer/include/static_centerline_optimizer/srv/detail/plan_path__struct.h
[0.748s] -- Up-to-date symlink: /home/cityu/autoware/install/static_centerline_optimizer/include/static_centerline_optimizer/srv/detail/plan_path__type_support.h
[0.748s] -- Up-to-date symlink: /home/cityu/autoware/install/static_centerline_optimizer/include/static_centerline_optimizer/srv/detail/plan_route__functions.h
[0.748s] -- Up-to-date symlink: /home/cityu/autoware/install/static_centerline_optimizer/include/static_centerline_optimizer/srv/detail/plan_route__struct.h
[0.748s] -- Up-to-date symlink: /home/cityu/autoware/install/static_centerline_optimizer/include/static_centerline_optimizer/srv/detail/plan_route__type_support.h
[0.748s] -- Up-to-date symlink: /home/cityu/autoware/install/static_centerline_optimizer/include/static_centerline_optimizer/srv/load_map.h
[0.748s] -- Up-to-date symlink: /home/cityu/autoware/install/static_centerline_optimizer/include/static_centerline_optimizer/srv/plan_path.h
[0.749s] -- Up-to-date symlink: /home/cityu/autoware/install/static_centerline_optimizer/include/static_centerline_optimizer/srv/plan_route.h
[0.749s] -- Up-to-date symlink: /home/cityu/autoware/install/static_centerline_optimizer/share/static_centerline_optimizer/environment/library_path.sh
[0.749s] -- Up-to-date symlink: /home/cityu/autoware/install/static_centerline_optimizer/share/static_centerline_optimizer/environment/library_path.dsv
[0.749s] -- Up-to-date symlink: /home/cityu/autoware/install/static_centerline_optimizer/include/static_centerline_optimizer/msg/detail/points_with_lane_id__rosidl_typesupport_fastrtps_c.h
[0.749s] -- Up-to-date symlink: /home/cityu/autoware/install/static_centerline_optimizer/include/static_centerline_optimizer/msg/rosidl_typesupport_fastrtps_c__visibility_control.h
[0.749s] -- Up-to-date symlink: /home/cityu/autoware/install/static_centerline_optimizer/include/static_centerline_optimizer/srv/detail/load_map__rosidl_typesupport_fastrtps_c.h
[0.749s] -- Up-to-date symlink: /home/cityu/autoware/install/static_centerline_optimizer/include/static_centerline_optimizer/srv/detail/plan_path__rosidl_typesupport_fastrtps_c.h
[0.749s] -- Up-to-date symlink: /home/cityu/autoware/install/static_centerline_optimizer/include/static_centerline_optimizer/srv/detail/plan_route__rosidl_typesupport_fastrtps_c.h
[0.749s] -- Up-to-date symlink: /home/cityu/autoware/install/static_centerline_optimizer/lib/libstatic_centerline_optimizer__rosidl_typesupport_fastrtps_c.so
[0.749s] -- Up-to-date symlink: /home/cityu/autoware/install/static_centerline_optimizer/include/static_centerline_optimizer/msg/detail/points_with_lane_id__rosidl_typesupport_fastrtps_cpp.hpp
[0.749s] -- Up-to-date symlink: /home/cityu/autoware/install/static_centerline_optimizer/include/static_centerline_optimizer/msg/rosidl_typesupport_fastrtps_cpp__visibility_control.h
[0.749s] -- Up-to-date symlink: /home/cityu/autoware/install/static_centerline_optimizer/include/static_centerline_optimizer/srv/detail/load_map__rosidl_typesupport_fastrtps_cpp.hpp
[0.750s] -- Up-to-date symlink: /home/cityu/autoware/install/static_centerline_optimizer/include/static_centerline_optimizer/srv/detail/plan_path__rosidl_typesupport_fastrtps_cpp.hpp
[0.750s] -- Up-to-date symlink: /home/cityu/autoware/install/static_centerline_optimizer/include/static_centerline_optimizer/srv/detail/plan_route__rosidl_typesupport_fastrtps_cpp.hpp
[0.750s] -- Up-to-date symlink: /home/cityu/autoware/install/static_centerline_optimizer/lib/libstatic_centerline_optimizer__rosidl_typesupport_fastrtps_cpp.so
[0.750s] -- Up-to-date symlink: /home/cityu/autoware/install/static_centerline_optimizer/include/static_centerline_optimizer/msg/detail/points_with_lane_id__rosidl_typesupport_introspection_c.h
[0.750s] -- Up-to-date symlink: /home/cityu/autoware/install/static_centerline_optimizer/include/static_centerline_optimizer/msg/rosidl_typesupport_introspection_c__visibility_control.h
[0.750s] -- Up-to-date symlink: /home/cityu/autoware/install/static_centerline_optimizer/include/static_centerline_optimizer/srv/detail/load_map__rosidl_typesupport_introspection_c.h
[0.750s] -- Up-to-date symlink: /home/cityu/autoware/install/static_centerline_optimizer/include/static_centerline_optimizer/srv/detail/plan_path__rosidl_typesupport_introspection_c.h
[0.750s] -- Up-to-date symlink: /home/cityu/autoware/install/static_centerline_optimizer/include/static_centerline_optimizer/srv/detail/plan_route__rosidl_typesupport_introspection_c.h
[0.750s] -- Up-to-date symlink: /home/cityu/autoware/install/static_centerline_optimizer/include/static_centerline_optimizer/msg/detail/points_with_lane_id__builder.hpp
[0.750s] -- Up-to-date symlink: /home/cityu/autoware/install/static_centerline_optimizer/include/static_centerline_optimizer/msg/detail/points_with_lane_id__struct.hpp
[0.750s] -- Up-to-date symlink: /home/cityu/autoware/install/static_centerline_optimizer/include/static_centerline_optimizer/msg/detail/points_with_lane_id__traits.hpp
[0.750s] -- Up-to-date symlink: /home/cityu/autoware/install/static_centerline_optimizer/include/static_centerline_optimizer/msg/points_with_lane_id.hpp
[0.750s] -- Up-to-date symlink: /home/cityu/autoware/install/static_centerline_optimizer/include/static_centerline_optimizer/srv/detail/load_map__builder.hpp
[0.751s] -- Up-to-date symlink: /home/cityu/autoware/install/static_centerline_optimizer/include/static_centerline_optimizer/srv/detail/load_map__struct.hpp
[0.751s] -- Up-to-date symlink: /home/cityu/autoware/install/static_centerline_optimizer/include/static_centerline_optimizer/srv/detail/load_map__traits.hpp
[0.751s] -- Up-to-date symlink: /home/cityu/autoware/install/static_centerline_optimizer/include/static_centerline_optimizer/srv/detail/plan_path__builder.hpp
[0.751s] -- Up-to-date symlink: /home/cityu/autoware/install/static_centerline_optimizer/include/static_centerline_optimizer/srv/detail/plan_path__struct.hpp
[0.751s] -- Up-to-date symlink: /home/cityu/autoware/install/static_centerline_optimizer/include/static_centerline_optimizer/srv/detail/plan_path__traits.hpp
[0.751s] -- Up-to-date symlink: /home/cityu/autoware/install/static_centerline_optimizer/include/static_centerline_optimizer/srv/detail/plan_route__builder.hpp
[0.751s] -- Up-to-date symlink: /home/cityu/autoware/install/static_centerline_optimizer/include/static_centerline_optimizer/srv/detail/plan_route__struct.hpp
[0.751s] -- Up-to-date symlink: /home/cityu/autoware/install/static_centerline_optimizer/include/static_centerline_optimizer/srv/detail/plan_route__traits.hpp
[0.751s] -- Up-to-date symlink: /home/cityu/autoware/install/static_centerline_optimizer/include/static_centerline_optimizer/srv/load_map.hpp
[0.751s] -- Up-to-date symlink: /home/cityu/autoware/install/static_centerline_optimizer/include/static_centerline_optimizer/srv/plan_path.hpp
[0.752s] -- Up-to-date symlink: /home/cityu/autoware/install/static_centerline_optimizer/include/static_centerline_optimizer/srv/plan_route.hpp
[0.752s] -- Up-to-date symlink: /home/cityu/autoware/install/static_centerline_optimizer/include/static_centerline_optimizer/msg/detail/points_with_lane_id__rosidl_typesupport_introspection_cpp.hpp
[0.752s] -- Up-to-date symlink: /home/cityu/autoware/install/static_centerline_optimizer/include/static_centerline_optimizer/srv/detail/load_map__rosidl_typesupport_introspection_cpp.hpp
[0.752s] -- Up-to-date symlink: /home/cityu/autoware/install/static_centerline_optimizer/include/static_centerline_optimizer/srv/detail/plan_path__rosidl_typesupport_introspection_cpp.hpp
[0.752s] -- Up-to-date symlink: /home/cityu/autoware/install/static_centerline_optimizer/include/static_centerline_optimizer/srv/detail/plan_route__rosidl_typesupport_introspection_cpp.hpp
[0.752s] -- Up-to-date symlink: /home/cityu/autoware/install/static_centerline_optimizer/share/static_centerline_optimizer/environment/pythonpath.sh
[0.752s] -- Up-to-date symlink: /home/cityu/autoware/install/static_centerline_optimizer/share/static_centerline_optimizer/environment/pythonpath.dsv
[0.752s] -- Up-to-date symlink: /home/cityu/autoware/install/static_centerline_optimizer/lib/python3.8/site-packages/static_centerline_optimizer/__init__.py
[0.752s] -- Up-to-date symlink: /home/cityu/autoware/install/static_centerline_optimizer/lib/python3.8/site-packages/static_centerline_optimizer/srv/__init__.py
[0.752s] -- Up-to-date symlink: /home/cityu/autoware/install/static_centerline_optimizer/lib/python3.8/site-packages/static_centerline_optimizer/srv/_load_map.py
[0.752s] -- Up-to-date symlink: /home/cityu/autoware/install/static_centerline_optimizer/lib/python3.8/site-packages/static_centerline_optimizer/srv/_plan_path.py
[0.752s] -- Up-to-date symlink: /home/cityu/autoware/install/static_centerline_optimizer/lib/python3.8/site-packages/static_centerline_optimizer/srv/_plan_route.py
[0.753s] -- Up-to-date symlink: /home/cityu/autoware/install/static_centerline_optimizer/lib/python3.8/site-packages/static_centerline_optimizer/msg/__init__.py
[0.753s] -- Up-to-date symlink: /home/cityu/autoware/install/static_centerline_optimizer/lib/python3.8/site-packages/static_centerline_optimizer/msg/_points_with_lane_id.py
[0.753s] -- Up-to-date symlink: /home/cityu/autoware/install/static_centerline_optimizer/lib/python3.8/site-packages/static_centerline_optimizer/static_centerline_optimizer_s__rosidl_typesupport_fastrtps_c.cpython-38-x86_64-linux-gnu.so
[0.753s] -- Up-to-date symlink: /home/cityu/autoware/install/static_centerline_optimizer/lib/python3.8/site-packages/static_centerline_optimizer/static_centerline_optimizer_s__rosidl_typesupport_introspection_c.cpython-38-x86_64-linux-gnu.so
[0.753s] -- Up-to-date symlink: /home/cityu/autoware/install/static_centerline_optimizer/lib/python3.8/site-packages/static_centerline_optimizer/static_centerline_optimizer_s__rosidl_typesupport_c.cpython-38-x86_64-linux-gnu.so
[0.753s] -- Up-to-date symlink: /home/cityu/autoware/install/static_centerline_optimizer/lib/libstatic_centerline_optimizer__python.so
[0.753s] -- Up-to-date symlink: /home/cityu/autoware/install/static_centerline_optimizer/share/static_centerline_optimizer/srv/LoadMap.idl
[0.753s] -- Up-to-date symlink: /home/cityu/autoware/install/static_centerline_optimizer/share/static_centerline_optimizer/srv/PlanRoute.idl
[0.753s] -- Up-to-date symlink: /home/cityu/autoware/install/static_centerline_optimizer/share/static_centerline_optimizer/srv/PlanPath.idl
[0.753s] -- Up-to-date symlink: /home/cityu/autoware/install/static_centerline_optimizer/share/static_centerline_optimizer/msg/PointsWithLaneId.idl
[0.753s] -- Up-to-date symlink: /home/cityu/autoware/install/static_centerline_optimizer/share/static_centerline_optimizer/srv/LoadMap.srv
[0.753s] -- Up-to-date symlink: /home/cityu/autoware/install/static_centerline_optimizer/share/static_centerline_optimizer/srv/LoadMap_Request.msg
[0.754s] -- Up-to-date symlink: /home/cityu/autoware/install/static_centerline_optimizer/share/static_centerline_optimizer/srv/LoadMap_Response.msg
[0.754s] -- Up-to-date symlink: /home/cityu/autoware/install/static_centerline_optimizer/share/static_centerline_optimizer/srv/PlanRoute.srv
[0.754s] -- Up-to-date symlink: /home/cityu/autoware/install/static_centerline_optimizer/share/static_centerline_optimizer/srv/PlanRoute_Request.msg
[0.754s] -- Up-to-date symlink: /home/cityu/autoware/install/static_centerline_optimizer/share/static_centerline_optimizer/srv/PlanRoute_Response.msg
[0.754s] -- Up-to-date symlink: /home/cityu/autoware/install/static_centerline_optimizer/share/static_centerline_optimizer/srv/PlanPath.srv
[0.754s] -- Up-to-date symlink: /home/cityu/autoware/install/static_centerline_optimizer/share/static_centerline_optimizer/srv/PlanPath_Request.msg
[0.754s] -- Up-to-date symlink: /home/cityu/autoware/install/static_centerline_optimizer/share/static_centerline_optimizer/srv/PlanPath_Response.msg
[0.754s] -- Up-to-date symlink: /home/cityu/autoware/install/static_centerline_optimizer/share/static_centerline_optimizer/msg/PointsWithLaneId.msg
[0.754s] -- Up-to-date symlink: /home/cityu/autoware/install/static_centerline_optimizer/include/static_centerline_optimizer/collision_free_optimizer_node.hpp
[0.754s] -- Up-to-date symlink: /home/cityu/autoware/install/static_centerline_optimizer/include/static_centerline_optimizer/static_centerline_optimizer_node.hpp
[0.754s] -- Up-to-date symlink: /home/cityu/autoware/install/static_centerline_optimizer/include/static_centerline_optimizer/type_alias.hpp
[0.754s] -- Up-to-date symlink: /home/cityu/autoware/install/static_centerline_optimizer/include/static_centerline_optimizer/utils.hpp
[0.754s] -- Up-to-date symlink: /home/cityu/autoware/install/static_centerline_optimizer/lib/static_centerline_optimizer/main
[0.754s] -- Up-to-date symlink: /home/cityu/autoware/install/static_centerline_optimizer/share/static_centerline_optimizer/launch/run_planning_server.launch.xml
[0.755s] -- Up-to-date symlink: /home/cityu/autoware/install/static_centerline_optimizer/share/static_centerline_optimizer/launch/static_centerline_optimizer.launch.xml
[0.755s] -- Up-to-date symlink: /home/cityu/autoware/install/static_centerline_optimizer/share/static_centerline_optimizer/config/static_centerline_optimizer.param.yaml
[0.755s] -- Up-to-date symlink: /home/cityu/autoware/install/static_centerline_optimizer/share/static_centerline_optimizer/rviz/static_centerline_optimizer.rviz
[0.755s] -- Up-to-date symlink: /home/cityu/autoware/install/static_centerline_optimizer/share/ament_index/resource_index/package_run_dependencies/static_centerline_optimizer
[0.755s] -- Up-to-date symlink: /home/cityu/autoware/install/static_centerline_optimizer/share/ament_index/resource_index/parent_prefix_path/static_centerline_optimizer
[0.755s] -- Up-to-date symlink: /home/cityu/autoware/install/static_centerline_optimizer/share/static_centerline_optimizer/environment/ament_prefix_path.sh
[0.755s] -- Up-to-date symlink: /home/cityu/autoware/install/static_centerline_optimizer/share/static_centerline_optimizer/environment/ament_prefix_path.dsv
[0.755s] -- Up-to-date symlink: /home/cityu/autoware/install/static_centerline_optimizer/share/static_centerline_optimizer/environment/path.sh
[0.755s] -- Up-to-date symlink: /home/cityu/autoware/install/static_centerline_optimizer/share/static_centerline_optimizer/environment/path.dsv
[0.755s] -- Up-to-date symlink: /home/cityu/autoware/install/static_centerline_optimizer/share/static_centerline_optimizer/local_setup.bash
[0.755s] -- Up-to-date symlink: /home/cityu/autoware/install/static_centerline_optimizer/share/static_centerline_optimizer/local_setup.sh
[0.755s] -- Up-to-date symlink: /home/cityu/autoware/install/static_centerline_optimizer/share/static_centerline_optimizer/local_setup.zsh
[0.756s] -- Up-to-date symlink: /home/cityu/autoware/install/static_centerline_optimizer/share/static_centerline_optimizer/local_setup.dsv
[0.756s] -- Symlinking: /home/cityu/autoware/install/static_centerline_optimizer/share/static_centerline_optimizer/package.dsv
[0.763s] -- Up-to-date symlink: /home/cityu/autoware/install/static_centerline_optimizer/share/ament_index/resource_index/packages/static_centerline_optimizer
[0.763s] -- Up-to-date symlink: /home/cityu/autoware/install/static_centerline_optimizer/share/static_centerline_optimizer/cmake/rosidl_cmake-extras.cmake
[0.764s] -- Up-to-date symlink: /home/cityu/autoware/install/static_centerline_optimizer/share/static_centerline_optimizer/cmake/ament_cmake_export_dependencies-extras.cmake
[0.764s] -- Up-to-date symlink: /home/cityu/autoware/install/static_centerline_optimizer/share/static_centerline_optimizer/cmake/ament_cmake_export_libraries-extras.cmake
[0.764s] -- Up-to-date symlink: /home/cityu/autoware/install/static_centerline_optimizer/share/static_centerline_optimizer/cmake/ament_cmake_export_targets-extras.cmake
[0.764s] -- Up-to-date symlink: /home/cityu/autoware/install/static_centerline_optimizer/share/static_centerline_optimizer/cmake/ament_cmake_export_include_directories-extras.cmake
[0.764s] -- Up-to-date symlink: /home/cityu/autoware/install/static_centerline_optimizer/share/static_centerline_optimizer/cmake/rosidl_cmake_export_typesupport_libraries-extras.cmake
[0.764s] -- Up-to-date symlink: /home/cityu/autoware/install/static_centerline_optimizer/share/static_centerline_optimizer/cmake/rosidl_cmake_export_typesupport_targets-extras.cmake
[0.764s] -- Up-to-date symlink: /home/cityu/autoware/install/static_centerline_optimizer/share/static_centerline_optimizer/cmake/static_centerline_optimizerConfig.cmake
[0.764s] -- Up-to-date symlink: /home/cityu/autoware/install/static_centerline_optimizer/share/static_centerline_optimizer/cmake/static_centerline_optimizerConfig-version.cmake
[0.764s] -- Up-to-date symlink: /home/cityu/autoware/install/static_centerline_optimizer/share/static_centerline_optimizer/package.xml
[0.764s] -- Up-to-date symlink: /home/cityu/autoware/install/static_centerline_optimizer/lib/static_centerline_optimizer/app.py
[0.764s] -- Up-to-date: /home/cityu/autoware/install/static_centerline_optimizer/lib/libstatic_centerline_optimizer__rosidl_generator_c.so
[0.765s] -- Up-to-date: /home/cityu/autoware/install/static_centerline_optimizer/lib/libstatic_centerline_optimizer__rosidl_typesupport_introspection_c.so
[0.765s] -- Up-to-date: /home/cityu/autoware/install/static_centerline_optimizer/lib/libstatic_centerline_optimizer__rosidl_typesupport_c.so
[0.765s] -- Up-to-date: /home/cityu/autoware/install/static_centerline_optimizer/lib/libstatic_centerline_optimizer__rosidl_typesupport_introspection_cpp.so
[0.765s] -- Up-to-date: /home/cityu/autoware/install/static_centerline_optimizer/lib/libstatic_centerline_optimizer__rosidl_typesupport_cpp.so
[0.801s] -- Up-to-date: /home/cityu/autoware/install/static_centerline_optimizer/share/static_centerline_optimizer/cmake/static_centerline_optimizer__rosidl_generator_cExport.cmake
[0.801s] -- Up-to-date: /home/cityu/autoware/install/static_centerline_optimizer/share/static_centerline_optimizer/cmake/static_centerline_optimizer__rosidl_generator_cExport-release.cmake
[0.801s] -- Up-to-date: /home/cityu/autoware/install/static_centerline_optimizer/share/static_centerline_optimizer/cmake/static_centerline_optimizer__rosidl_typesupport_introspection_cExport.cmake
[0.801s] -- Up-to-date: /home/cityu/autoware/install/static_centerline_optimizer/share/static_centerline_optimizer/cmake/static_centerline_optimizer__rosidl_typesupport_introspection_cExport-release.cmake
[0.801s] -- Up-to-date: /home/cityu/autoware/install/static_centerline_optimizer/share/static_centerline_optimizer/cmake/static_centerline_optimizer__rosidl_typesupport_cExport.cmake
[0.802s] -- Up-to-date: /home/cityu/autoware/install/static_centerline_optimizer/share/static_centerline_optimizer/cmake/static_centerline_optimizer__rosidl_typesupport_cExport-release.cmake
[0.802s] -- Up-to-date: /home/cityu/autoware/install/static_centerline_optimizer/share/static_centerline_optimizer/cmake/static_centerline_optimizer__rosidl_generator_cppExport.cmake
[0.802s] -- Up-to-date: /home/cityu/autoware/install/static_centerline_optimizer/share/static_centerline_optimizer/cmake/static_centerline_optimizer__rosidl_typesupport_introspection_cppExport.cmake
[0.802s] -- Up-to-date: /home/cityu/autoware/install/static_centerline_optimizer/share/static_centerline_optimizer/cmake/static_centerline_optimizer__rosidl_typesupport_introspection_cppExport-release.cmake
[0.802s] -- Up-to-date: /home/cityu/autoware/install/static_centerline_optimizer/share/static_centerline_optimizer/cmake/static_centerline_optimizer__rosidl_typesupport_cppExport.cmake
[0.802s] -- Up-to-date: /home/cityu/autoware/install/static_centerline_optimizer/share/static_centerline_optimizer/cmake/static_centerline_optimizer__rosidl_typesupport_cppExport-release.cmake
[0.834s] Invoked command in '/home/cityu/autoware/build/static_centerline_optimizer' returned '0': AMENT_PREFIX_PATH=/home/cityu/autoware/install/mission_planner:/home/cityu/autoware/install/behavior_path_planner:/home/cityu/autoware/install/route_handler:/home/cityu/autoware/install/obstacle_avoidance_planner:/home/cityu/autoware/install/lane_departure_checker:/home/cityu/autoware/install/motion_utils:/home/cityu/autoware/install/map_loader:/home/cityu/autoware/install/interpolation:/home/cityu/autoware/install/tier4_autoware_utils:/home/cityu/autoware/install/lanelet2_extension:/home/cityu/autoware/install/global_parameter_loader:/home/cityu/autoware/install/autoware_auto_tf2:/home/cityu/autoware/install/vehicle_info_util:/home/cityu/autoware/install/osqp_interface:/home/cityu/autoware/install/component_interface_utils:/home/cityu/autoware/install/component_interface_specs:/home/cityu/autoware/install/autoware_utils:/home/cityu/autoware/install/autoware_auto_vehicle_msgs:/home/cityu/autoware/install/autoware_auto_common:/home/cityu/autoware/install/tier4_system_msgs:/home/cityu/autoware/install/rtc_interface:/home/cityu/autoware/install/autoware_planning_msgs:/home/cityu/autoware/install/autoware_cmake:/home/cityu/autoware/install/autoware_auto_planning_msgs:/home/cityu/autoware/install/autoware_auto_perception_msgs:/home/cityu/autoware/install/tier4_rtc_msgs:/home/cityu/autoware/install/tier4_planning_msgs:/home/cityu/autoware/install/tier4_debug_msgs:/home/cityu/autoware/install/autoware_map_msgs:/home/cityu/autoware/install/autoware_lint_common:/home/cityu/autoware/install/autoware_common_msgs:/home/cityu/autoware/install/autoware_auto_system_msgs:/home/cityu/autoware/install/autoware_auto_mapping_msgs:/home/cityu/autoware/install/autoware_auto_geometry_msgs:/home/cityu/autoware/install/autoware_adapi_v1_msgs:${AMENT_PREFIX_PATH} CMAKE_PREFIX_PATH=/home/cityu/autoware/install/mission_planner:/home/cityu/autoware/install/behavior_path_planner:/home/cityu/autoware/install/route_handler:/home/cityu/autoware/install/obstacle_avoidance_planner:/home/cityu/autoware/install/lane_departure_checker:/home/cityu/autoware/install/motion_utils:/home/cityu/autoware/install/map_loader:/home/cityu/autoware/install/interpolation:/home/cityu/autoware/install/tier4_autoware_utils:/home/cityu/autoware/install/lanelet2_extension:/home/cityu/autoware/install/global_parameter_loader:/home/cityu/autoware/install/autoware_auto_tf2:/home/cityu/autoware/install/vehicle_info_util:/home/cityu/autoware/install/osqp_interface:/home/cityu/autoware/install/component_interface_utils:/home/cityu/autoware/install/component_interface_specs:/home/cityu/autoware/install/autoware_utils:/home/cityu/autoware/install/autoware_auto_vehicle_msgs:/home/cityu/autoware/install/autoware_auto_common:/home/cityu/autoware/install/tier4_system_msgs:/home/cityu/autoware/install/rtc_interface:/home/cityu/autoware/install/autoware_planning_msgs:/home/cityu/autoware/install/autoware_cmake:/home/cityu/autoware/install/autoware_auto_planning_msgs:/home/cityu/autoware/install/autoware_auto_perception_msgs:/home/cityu/autoware/install/tier4_rtc_msgs:/home/cityu/autoware/install/tier4_planning_msgs:/home/cityu/autoware/install/tier4_debug_msgs:/home/cityu/autoware/install/autoware_map_msgs:/home/cityu/autoware/install/autoware_lint_common:/home/cityu/autoware/install/autoware_common_msgs:/home/cityu/autoware/install/autoware_auto_system_msgs:/home/cityu/autoware/install/autoware_auto_mapping_msgs:/home/cityu/autoware/install/autoware_auto_geometry_msgs:/home/cityu/autoware/install/autoware_adapi_v1_msgs:/opt/ros/galactic LD_LIBRARY_PATH=/home/cityu/autoware/install/mission_planner/lib:/home/cityu/autoware/install/behavior_path_planner/lib:/home/cityu/autoware/install/route_handler/lib:/home/cityu/autoware/install/obstacle_avoidance_planner/lib:/home/cityu/autoware/install/lane_departure_checker/lib:/home/cityu/autoware/install/motion_utils/lib:/home/cityu/autoware/install/map_loader/lib:/home/cityu/autoware/install/interpolation/lib:/home/cityu/autoware/install/tier4_autoware_utils/lib:/home/cityu/autoware/install/lanelet2_extension/lib:/home/cityu/autoware/install/vehicle_info_util/lib:/home/cityu/autoware/install/osqp_interface/lib:/home/cityu/autoware/install/autoware_utils/lib:/home/cityu/autoware/install/autoware_auto_vehicle_msgs/lib:/home/cityu/autoware/install/tier4_system_msgs/lib:/home/cityu/autoware/install/rtc_interface/lib:/home/cityu/autoware/install/autoware_planning_msgs/lib:/home/cityu/autoware/install/autoware_auto_planning_msgs/lib:/home/cityu/autoware/install/autoware_auto_perception_msgs/lib:/home/cityu/autoware/install/tier4_rtc_msgs/lib:/home/cityu/autoware/install/tier4_planning_msgs/lib:/home/cityu/autoware/install/tier4_debug_msgs/lib:/home/cityu/autoware/install/autoware_map_msgs/lib:/home/cityu/autoware/install/autoware_common_msgs/lib:/home/cityu/autoware/install/autoware_auto_system_msgs/lib:/home/cityu/autoware/install/autoware_auto_mapping_msgs/lib:/home/cityu/autoware/install/autoware_auto_geometry_msgs/lib:/home/cityu/autoware/install/autoware_adapi_v1_msgs/lib:${LD_LIBRARY_PATH} PYTHONPATH=/home/cityu/autoware/install/autoware_auto_vehicle_msgs/lib/python3.8/site-packages:/home/cityu/autoware/install/tier4_system_msgs/lib/python3.8/site-packages:/home/cityu/autoware/install/autoware_planning_msgs/lib/python3.8/site-packages:/home/cityu/autoware/install/autoware_auto_planning_msgs/lib/python3.8/site-packages:/home/cityu/autoware/install/autoware_auto_perception_msgs/lib/python3.8/site-packages:/home/cityu/autoware/install/tier4_rtc_msgs/lib/python3.8/site-packages:/home/cityu/autoware/install/tier4_planning_msgs/lib/python3.8/site-packages:/home/cityu/autoware/install/tier4_debug_msgs/lib/python3.8/site-packages:/home/cityu/autoware/install/autoware_map_msgs/lib/python3.8/site-packages:/home/cityu/autoware/install/autoware_common_msgs/lib/python3.8/site-packages:/home/cityu/autoware/install/autoware_auto_system_msgs/lib/python3.8/site-packages:/home/cityu/autoware/install/autoware_auto_mapping_msgs/lib/python3.8/site-packages:/home/cityu/autoware/install/autoware_auto_geometry_msgs/lib/python3.8/site-packages:/home/cityu/autoware/install/autoware_adapi_v1_msgs/lib/python3.8/site-packages:${PYTHONPATH} /usr/bin/cmake --install /home/cityu/autoware/build/static_centerline_optimizer
