[0.302s] Invoking command in '/home/cityu/autoware/build/dummy_diag_publisher': AMENT_PREFIX_PATH=/home/cityu/autoware/install/tier4_autoware_utils:/home/cityu/autoware/install/autoware_auto_vehicle_msgs:/home/cityu/autoware/install/autoware_cmake:/home/cityu/autoware/install/autoware_auto_planning_msgs:/home/cityu/autoware/install/autoware_auto_perception_msgs:/home/cityu/autoware/install/tier4_debug_msgs:/home/cityu/autoware/install/autoware_lint_common:/home/cityu/autoware/install/autoware_auto_mapping_msgs:/home/cityu/autoware/install/autoware_auto_geometry_msgs:${AMENT_PREFIX_PATH} CMAKE_PREFIX_PATH=/home/cityu/autoware/install/tier4_autoware_utils:/home/cityu/autoware/install/autoware_auto_vehicle_msgs:/home/cityu/autoware/install/autoware_cmake:/home/cityu/autoware/install/autoware_auto_planning_msgs:/home/cityu/autoware/install/autoware_auto_perception_msgs:/home/cityu/autoware/install/tier4_debug_msgs:/home/cityu/autoware/install/autoware_lint_common:/home/cityu/autoware/install/autoware_auto_mapping_msgs:/home/cityu/autoware/install/autoware_auto_geometry_msgs:/opt/ros/galactic LD_LIBRARY_PATH=/home/cityu/autoware/install/tier4_autoware_utils/lib:/home/cityu/autoware/install/autoware_auto_vehicle_msgs/lib:/home/cityu/autoware/install/autoware_auto_planning_msgs/lib:/home/cityu/autoware/install/autoware_auto_perception_msgs/lib:/home/cityu/autoware/install/tier4_debug_msgs/lib:/home/cityu/autoware/install/autoware_auto_mapping_msgs/lib:/home/cityu/autoware/install/autoware_auto_geometry_msgs/lib:${LD_LIBRARY_PATH} PYTHONPATH=/home/cityu/autoware/install/autoware_auto_vehicle_msgs/lib/python3.8/site-packages:/home/cityu/autoware/install/autoware_auto_planning_msgs/lib/python3.8/site-packages:/home/cityu/autoware/install/autoware_auto_perception_msgs/lib/python3.8/site-packages:/home/cityu/autoware/install/tier4_debug_msgs/lib/python3.8/site-packages:/home/cityu/autoware/install/autoware_auto_mapping_msgs/lib/python3.8/site-packages:/home/cityu/autoware/install/autoware_auto_geometry_msgs/lib/python3.8/site-packages:${PYTHONPATH} /usr/bin/cmake /home/cityu/autoware/src/universe/autoware.universe/system/dummy_diag_publisher -DCMAKE_BUILD_TYPE=Release -DDOWNLOAD_ARTIFACTS=ON -DAMENT_CMAKE_SYMLINK_INSTALL=1 -DCMAKE_INSTALL_PREFIX=/home/cityu/autoware/install/dummy_diag_publisher
[0.364s] -- Found autoware_cmake: 0.1.0 (/home/cityu/autoware/install/autoware_cmake/share/autoware_cmake/cmake)
[0.368s] -- Found ament_cmake_auto: 1.1.6 (/opt/ros/galactic/share/ament_cmake_auto/cmake)
[0.378s] -- Using PYTHON_EXECUTABLE: /usr/bin/python3
[0.522s] -- Override CMake install command with custom implementation using symlinks instead of copying resources
[0.722s] -- Using all available rosidl_typesupport_c: rosidl_typesupport_fastrtps_c;rosidl_typesupport_introspection_c
[0.729s] -- Found rosidl_adapter: 2.2.3 (/opt/ros/galactic/share/rosidl_adapter/cmake)
[0.960s] -- Using all available rosidl_typesupport_cpp: rosidl_typesupport_fastrtps_cpp;rosidl_typesupport_introspection_cpp
[1.207s] -- Found rmw_implementation_cmake: 3.3.1 (/opt/ros/galactic/share/rmw_implementation_cmake/cmake)
[1.211s] -- Found rmw_cyclonedds_cpp: 0.22.6 (/opt/ros/galactic/share/rmw_cyclonedds_cpp/cmake)
[1.243s] -- Using RMW implementation 'rmw_cyclonedds_cpp' as default
[5.207s] -- Found eigen3_cmake_module: 0.1.1 (/opt/ros/galactic/share/eigen3_cmake_module/cmake)
[5.970s] -- Found ament_lint_auto: 0.10.7 (/opt/ros/galactic/share/ament_lint_auto/cmake)
[6.776s] -- Added test 'copyright' to check source files copyright and LICENSE
[6.778s] -- Added test 'cppcheck' to perform static code analysis on C / C++ code
[6.778s] -- Configured cppcheck include dirs: /home/cityu/autoware/src/universe/autoware.universe/system/dummy_diag_publisher/include
[6.778s] -- Configured cppcheck exclude dirs and/or files: 
[6.779s] -- Added test 'lint_cmake' to check CMake code style
[6.780s] -- Added test 'xmllint' to check XML markup files
[6.788s] -- Configuring done
[6.866s] -- Generating done
[6.869s] CMake Warning:
[6.869s]   Manually-specified variables were not used by the project:
[6.869s] 
[6.870s]     DOWNLOAD_ARTIFACTS
[6.870s] 
[6.870s] 
[6.870s] -- Build files have been written to: /home/cityu/autoware/build/dummy_diag_publisher
[6.892s] Invoked command in '/home/cityu/autoware/build/dummy_diag_publisher' returned '0': AMENT_PREFIX_PATH=/home/cityu/autoware/install/tier4_autoware_utils:/home/cityu/autoware/install/autoware_auto_vehicle_msgs:/home/cityu/autoware/install/autoware_cmake:/home/cityu/autoware/install/autoware_auto_planning_msgs:/home/cityu/autoware/install/autoware_auto_perception_msgs:/home/cityu/autoware/install/tier4_debug_msgs:/home/cityu/autoware/install/autoware_lint_common:/home/cityu/autoware/install/autoware_auto_mapping_msgs:/home/cityu/autoware/install/autoware_auto_geometry_msgs:${AMENT_PREFIX_PATH} CMAKE_PREFIX_PATH=/home/cityu/autoware/install/tier4_autoware_utils:/home/cityu/autoware/install/autoware_auto_vehicle_msgs:/home/cityu/autoware/install/autoware_cmake:/home/cityu/autoware/install/autoware_auto_planning_msgs:/home/cityu/autoware/install/autoware_auto_perception_msgs:/home/cityu/autoware/install/tier4_debug_msgs:/home/cityu/autoware/install/autoware_lint_common:/home/cityu/autoware/install/autoware_auto_mapping_msgs:/home/cityu/autoware/install/autoware_auto_geometry_msgs:/opt/ros/galactic LD_LIBRARY_PATH=/home/cityu/autoware/install/tier4_autoware_utils/lib:/home/cityu/autoware/install/autoware_auto_vehicle_msgs/lib:/home/cityu/autoware/install/autoware_auto_planning_msgs/lib:/home/cityu/autoware/install/autoware_auto_perception_msgs/lib:/home/cityu/autoware/install/tier4_debug_msgs/lib:/home/cityu/autoware/install/autoware_auto_mapping_msgs/lib:/home/cityu/autoware/install/autoware_auto_geometry_msgs/lib:${LD_LIBRARY_PATH} PYTHONPATH=/home/cityu/autoware/install/autoware_auto_vehicle_msgs/lib/python3.8/site-packages:/home/cityu/autoware/install/autoware_auto_planning_msgs/lib/python3.8/site-packages:/home/cityu/autoware/install/autoware_auto_perception_msgs/lib/python3.8/site-packages:/home/cityu/autoware/install/tier4_debug_msgs/lib/python3.8/site-packages:/home/cityu/autoware/install/autoware_auto_mapping_msgs/lib/python3.8/site-packages:/home/cityu/autoware/install/autoware_auto_geometry_msgs/lib/python3.8/site-packages:${PYTHONPATH} /usr/bin/cmake /home/cityu/autoware/src/universe/autoware.universe/system/dummy_diag_publisher -DCMAKE_BUILD_TYPE=Release -DDOWNLOAD_ARTIFACTS=ON -DAMENT_CMAKE_SYMLINK_INSTALL=1 -DCMAKE_INSTALL_PREFIX=/home/cityu/autoware/install/dummy_diag_publisher
[6.914s] Invoking command in '/home/cityu/autoware/build/dummy_diag_publisher': AMENT_PREFIX_PATH=/home/cityu/autoware/install/tier4_autoware_utils:/home/cityu/autoware/install/autoware_auto_vehicle_msgs:/home/cityu/autoware/install/autoware_cmake:/home/cityu/autoware/install/autoware_auto_planning_msgs:/home/cityu/autoware/install/autoware_auto_perception_msgs:/home/cityu/autoware/install/tier4_debug_msgs:/home/cityu/autoware/install/autoware_lint_common:/home/cityu/autoware/install/autoware_auto_mapping_msgs:/home/cityu/autoware/install/autoware_auto_geometry_msgs:${AMENT_PREFIX_PATH} CMAKE_PREFIX_PATH=/home/cityu/autoware/install/tier4_autoware_utils:/home/cityu/autoware/install/autoware_auto_vehicle_msgs:/home/cityu/autoware/install/autoware_cmake:/home/cityu/autoware/install/autoware_auto_planning_msgs:/home/cityu/autoware/install/autoware_auto_perception_msgs:/home/cityu/autoware/install/tier4_debug_msgs:/home/cityu/autoware/install/autoware_lint_common:/home/cityu/autoware/install/autoware_auto_mapping_msgs:/home/cityu/autoware/install/autoware_auto_geometry_msgs:/opt/ros/galactic LD_LIBRARY_PATH=/home/cityu/autoware/install/tier4_autoware_utils/lib:/home/cityu/autoware/install/autoware_auto_vehicle_msgs/lib:/home/cityu/autoware/install/autoware_auto_planning_msgs/lib:/home/cityu/autoware/install/autoware_auto_perception_msgs/lib:/home/cityu/autoware/install/tier4_debug_msgs/lib:/home/cityu/autoware/install/autoware_auto_mapping_msgs/lib:/home/cityu/autoware/install/autoware_auto_geometry_msgs/lib:${LD_LIBRARY_PATH} PYTHONPATH=/home/cityu/autoware/install/autoware_auto_vehicle_msgs/lib/python3.8/site-packages:/home/cityu/autoware/install/autoware_auto_planning_msgs/lib/python3.8/site-packages:/home/cityu/autoware/install/autoware_auto_perception_msgs/lib/python3.8/site-packages:/home/cityu/autoware/install/tier4_debug_msgs/lib/python3.8/site-packages:/home/cityu/autoware/install/autoware_auto_mapping_msgs/lib/python3.8/site-packages:/home/cityu/autoware/install/autoware_auto_geometry_msgs/lib/python3.8/site-packages:${PYTHONPATH} /usr/bin/cmake --build /home/cityu/autoware/build/dummy_diag_publisher -- -j16 -l16
[7.722s] [ 25%] [32m[1mLinking CXX shared library libdummy_diag_publisher.so[0m
[7.722s] [ 50%] Built target dummy_diag_publisher
[7.723s] [100%] Built target dummy_diag_publisher_node
[7.797s] Invoked command in '/home/cityu/autoware/build/dummy_diag_publisher' returned '0': AMENT_PREFIX_PATH=/home/cityu/autoware/install/tier4_autoware_utils:/home/cityu/autoware/install/autoware_auto_vehicle_msgs:/home/cityu/autoware/install/autoware_cmake:/home/cityu/autoware/install/autoware_auto_planning_msgs:/home/cityu/autoware/install/autoware_auto_perception_msgs:/home/cityu/autoware/install/tier4_debug_msgs:/home/cityu/autoware/install/autoware_lint_common:/home/cityu/autoware/install/autoware_auto_mapping_msgs:/home/cityu/autoware/install/autoware_auto_geometry_msgs:${AMENT_PREFIX_PATH} CMAKE_PREFIX_PATH=/home/cityu/autoware/install/tier4_autoware_utils:/home/cityu/autoware/install/autoware_auto_vehicle_msgs:/home/cityu/autoware/install/autoware_cmake:/home/cityu/autoware/install/autoware_auto_planning_msgs:/home/cityu/autoware/install/autoware_auto_perception_msgs:/home/cityu/autoware/install/tier4_debug_msgs:/home/cityu/autoware/install/autoware_lint_common:/home/cityu/autoware/install/autoware_auto_mapping_msgs:/home/cityu/autoware/install/autoware_auto_geometry_msgs:/opt/ros/galactic LD_LIBRARY_PATH=/home/cityu/autoware/install/tier4_autoware_utils/lib:/home/cityu/autoware/install/autoware_auto_vehicle_msgs/lib:/home/cityu/autoware/install/autoware_auto_planning_msgs/lib:/home/cityu/autoware/install/autoware_auto_perception_msgs/lib:/home/cityu/autoware/install/tier4_debug_msgs/lib:/home/cityu/autoware/install/autoware_auto_mapping_msgs/lib:/home/cityu/autoware/install/autoware_auto_geometry_msgs/lib:${LD_LIBRARY_PATH} PYTHONPATH=/home/cityu/autoware/install/autoware_auto_vehicle_msgs/lib/python3.8/site-packages:/home/cityu/autoware/install/autoware_auto_planning_msgs/lib/python3.8/site-packages:/home/cityu/autoware/install/autoware_auto_perception_msgs/lib/python3.8/site-packages:/home/cityu/autoware/install/tier4_debug_msgs/lib/python3.8/site-packages:/home/cityu/autoware/install/autoware_auto_mapping_msgs/lib/python3.8/site-packages:/home/cityu/autoware/install/autoware_auto_geometry_msgs/lib/python3.8/site-packages:${PYTHONPATH} /usr/bin/cmake --build /home/cityu/autoware/build/dummy_diag_publisher -- -j16 -l16
[7.846s] Invoking command in '/home/cityu/autoware/build/dummy_diag_publisher': AMENT_PREFIX_PATH=/home/cityu/autoware/install/tier4_autoware_utils:/home/cityu/autoware/install/autoware_auto_vehicle_msgs:/home/cityu/autoware/install/autoware_cmake:/home/cityu/autoware/install/autoware_auto_planning_msgs:/home/cityu/autoware/install/autoware_auto_perception_msgs:/home/cityu/autoware/install/tier4_debug_msgs:/home/cityu/autoware/install/autoware_lint_common:/home/cityu/autoware/install/autoware_auto_mapping_msgs:/home/cityu/autoware/install/autoware_auto_geometry_msgs:${AMENT_PREFIX_PATH} CMAKE_PREFIX_PATH=/home/cityu/autoware/install/tier4_autoware_utils:/home/cityu/autoware/install/autoware_auto_vehicle_msgs:/home/cityu/autoware/install/autoware_cmake:/home/cityu/autoware/install/autoware_auto_planning_msgs:/home/cityu/autoware/install/autoware_auto_perception_msgs:/home/cityu/autoware/install/tier4_debug_msgs:/home/cityu/autoware/install/autoware_lint_common:/home/cityu/autoware/install/autoware_auto_mapping_msgs:/home/cityu/autoware/install/autoware_auto_geometry_msgs:/opt/ros/galactic LD_LIBRARY_PATH=/home/cityu/autoware/install/tier4_autoware_utils/lib:/home/cityu/autoware/install/autoware_auto_vehicle_msgs/lib:/home/cityu/autoware/install/autoware_auto_planning_msgs/lib:/home/cityu/autoware/install/autoware_auto_perception_msgs/lib:/home/cityu/autoware/install/tier4_debug_msgs/lib:/home/cityu/autoware/install/autoware_auto_mapping_msgs/lib:/home/cityu/autoware/install/autoware_auto_geometry_msgs/lib:${LD_LIBRARY_PATH} PYTHONPATH=/home/cityu/autoware/install/autoware_auto_vehicle_msgs/lib/python3.8/site-packages:/home/cityu/autoware/install/autoware_auto_planning_msgs/lib/python3.8/site-packages:/home/cityu/autoware/install/autoware_auto_perception_msgs/lib/python3.8/site-packages:/home/cityu/autoware/install/tier4_debug_msgs/lib/python3.8/site-packages:/home/cityu/autoware/install/autoware_auto_mapping_msgs/lib/python3.8/site-packages:/home/cityu/autoware/install/autoware_auto_geometry_msgs/lib/python3.8/site-packages:${PYTHONPATH} /usr/bin/cmake --install /home/cityu/autoware/build/dummy_diag_publisher
[9.223s] -- Install configuration: "Release"
[9.224s] -- Execute custom install script
[9.224s] -- Up-to-date symlink: /home/cityu/autoware/install/dummy_diag_publisher/lib/dummy_diag_publisher/dummy_diag_publisher_node
[9.224s] -- Up-to-date symlink: /home/cityu/autoware/install/dummy_diag_publisher/include/dummy_diag_publisher/dummy_diag_publisher_node.hpp
[9.224s] -- Up-to-date symlink: /home/cityu/autoware/install/dummy_diag_publisher/share/dummy_diag_publisher/environment/library_path.sh
[9.224s] -- Up-to-date symlink: /home/cityu/autoware/install/dummy_diag_publisher/share/dummy_diag_publisher/environment/library_path.dsv
[9.224s] -- Up-to-date symlink: /home/cityu/autoware/install/dummy_diag_publisher/lib/libdummy_diag_publisher.so
[9.225s] -- Up-to-date symlink: /home/cityu/autoware/install/dummy_diag_publisher/share/dummy_diag_publisher/launch/dummy_diag_publisher.launch.xml
[9.225s] -- Up-to-date symlink: /home/cityu/autoware/install/dummy_diag_publisher/share/dummy_diag_publisher/launch/dummy_diag_publisher_node.launch.xml
[9.225s] -- Up-to-date symlink: /home/cityu/autoware/install/dummy_diag_publisher/share/ament_index/resource_index/package_run_dependencies/dummy_diag_publisher
[9.232s] -- Up-to-date symlink: /home/cityu/autoware/install/dummy_diag_publisher/share/ament_index/resource_index/parent_prefix_path/dummy_diag_publisher
[9.235s] -- Up-to-date symlink: /home/cityu/autoware/install/dummy_diag_publisher/share/dummy_diag_publisher/environment/ament_prefix_path.sh
[9.236s] -- Up-to-date symlink: /home/cityu/autoware/install/dummy_diag_publisher/share/dummy_diag_publisher/environment/ament_prefix_path.dsv
[9.236s] -- Up-to-date symlink: /home/cityu/autoware/install/dummy_diag_publisher/share/dummy_diag_publisher/environment/path.sh
[9.236s] -- Up-to-date symlink: /home/cityu/autoware/install/dummy_diag_publisher/share/dummy_diag_publisher/environment/path.dsv
[9.236s] -- Up-to-date symlink: /home/cityu/autoware/install/dummy_diag_publisher/share/dummy_diag_publisher/local_setup.bash
[9.236s] -- Up-to-date symlink: /home/cityu/autoware/install/dummy_diag_publisher/share/dummy_diag_publisher/local_setup.sh
[9.237s] -- Up-to-date symlink: /home/cityu/autoware/install/dummy_diag_publisher/share/dummy_diag_publisher/local_setup.zsh
[9.237s] -- Up-to-date symlink: /home/cityu/autoware/install/dummy_diag_publisher/share/dummy_diag_publisher/local_setup.dsv
[9.237s] -- Symlinking: /home/cityu/autoware/install/dummy_diag_publisher/share/dummy_diag_publisher/package.dsv
[9.238s] -- Up-to-date symlink: /home/cityu/autoware/install/dummy_diag_publisher/share/ament_index/resource_index/packages/dummy_diag_publisher
[9.238s] -- Up-to-date symlink: /home/cityu/autoware/install/dummy_diag_publisher/share/ament_index/resource_index/rclcpp_components/dummy_diag_publisher
[9.243s] -- Up-to-date symlink: /home/cityu/autoware/install/dummy_diag_publisher/share/dummy_diag_publisher/cmake/ament_cmake_export_dependencies-extras.cmake
[9.244s] -- Up-to-date symlink: /home/cityu/autoware/install/dummy_diag_publisher/share/dummy_diag_publisher/cmake/ament_cmake_export_include_directories-extras.cmake
[9.244s] -- Up-to-date symlink: /home/cityu/autoware/install/dummy_diag_publisher/share/dummy_diag_publisher/cmake/ament_cmake_export_libraries-extras.cmake
[9.245s] -- Up-to-date symlink: /home/cityu/autoware/install/dummy_diag_publisher/share/dummy_diag_publisher/cmake/dummy_diag_publisherConfig.cmake
[9.245s] -- Up-to-date symlink: /home/cityu/autoware/install/dummy_diag_publisher/share/dummy_diag_publisher/cmake/dummy_diag_publisherConfig-version.cmake
[9.246s] -- Up-to-date symlink: /home/cityu/autoware/install/dummy_diag_publisher/share/dummy_diag_publisher/package.xml
[9.296s] Invoked command in '/home/cityu/autoware/build/dummy_diag_publisher' returned '0': AMENT_PREFIX_PATH=/home/cityu/autoware/install/tier4_autoware_utils:/home/cityu/autoware/install/autoware_auto_vehicle_msgs:/home/cityu/autoware/install/autoware_cmake:/home/cityu/autoware/install/autoware_auto_planning_msgs:/home/cityu/autoware/install/autoware_auto_perception_msgs:/home/cityu/autoware/install/tier4_debug_msgs:/home/cityu/autoware/install/autoware_lint_common:/home/cityu/autoware/install/autoware_auto_mapping_msgs:/home/cityu/autoware/install/autoware_auto_geometry_msgs:${AMENT_PREFIX_PATH} CMAKE_PREFIX_PATH=/home/cityu/autoware/install/tier4_autoware_utils:/home/cityu/autoware/install/autoware_auto_vehicle_msgs:/home/cityu/autoware/install/autoware_cmake:/home/cityu/autoware/install/autoware_auto_planning_msgs:/home/cityu/autoware/install/autoware_auto_perception_msgs:/home/cityu/autoware/install/tier4_debug_msgs:/home/cityu/autoware/install/autoware_lint_common:/home/cityu/autoware/install/autoware_auto_mapping_msgs:/home/cityu/autoware/install/autoware_auto_geometry_msgs:/opt/ros/galactic LD_LIBRARY_PATH=/home/cityu/autoware/install/tier4_autoware_utils/lib:/home/cityu/autoware/install/autoware_auto_vehicle_msgs/lib:/home/cityu/autoware/install/autoware_auto_planning_msgs/lib:/home/cityu/autoware/install/autoware_auto_perception_msgs/lib:/home/cityu/autoware/install/tier4_debug_msgs/lib:/home/cityu/autoware/install/autoware_auto_mapping_msgs/lib:/home/cityu/autoware/install/autoware_auto_geometry_msgs/lib:${LD_LIBRARY_PATH} PYTHONPATH=/home/cityu/autoware/install/autoware_auto_vehicle_msgs/lib/python3.8/site-packages:/home/cityu/autoware/install/autoware_auto_planning_msgs/lib/python3.8/site-packages:/home/cityu/autoware/install/autoware_auto_perception_msgs/lib/python3.8/site-packages:/home/cityu/autoware/install/tier4_debug_msgs/lib/python3.8/site-packages:/home/cityu/autoware/install/autoware_auto_mapping_msgs/lib/python3.8/site-packages:/home/cityu/autoware/install/autoware_auto_geometry_msgs/lib/python3.8/site-packages:${PYTHONPATH} /usr/bin/cmake --install /home/cityu/autoware/build/dummy_diag_publisher
