[  1%] Built target autoware_auto_system_msgs__cpp
[ 12%] Built target autoware_auto_system_msgs__rosidl_generator_c
[ 24%] Built target autoware_auto_system_msgs__rosidl_typesupport_cpp
[ 35%] Built target autoware_auto_system_msgs__rosidl_typesupport_fastrtps_cpp
[ 47%] Built target autoware_auto_system_msgs__rosidl_typesupport_introspection_cpp
[ 58%] Built target autoware_auto_system_msgs__rosidl_typesupport_introspection_c
[ 70%] Built target autoware_auto_system_msgs__rosidl_typesupport_c
[ 81%] Built target autoware_auto_system_msgs__rosidl_typesupport_fastrtps_c
[ 81%] Built target autoware_auto_system_msgs
[ 82%] Built target autoware_auto_system_msgs__py
[ 93%] Built target autoware_auto_system_msgs__python
[ 95%] Built target autoware_auto_system_msgs__rosidl_typesupport_c__pyext
[ 97%] Built target autoware_auto_system_msgs__rosidl_typesupport_fastrtps_c__pyext
[100%] Built target autoware_auto_system_msgs__rosidl_typesupport_introspection_c__pyext
-- Install configuration: "Release"
-- Execute custom install script
-- Up-to-date symlink: /home/cityu/autoware/install/autoware_auto_system_msgs/share/ament_index/resource_index/rosidl_interfaces/autoware_auto_system_msgs
-- Up-to-date symlink: /home/cityu/autoware/install/autoware_auto_system_msgs/include/autoware_auto_system_msgs/msg/autoware_state.h
-- Up-to-date symlink: /home/cityu/autoware/install/autoware_auto_system_msgs/include/autoware_auto_system_msgs/msg/control_diagnostic.h
-- Up-to-date symlink: /home/cityu/autoware/install/autoware_auto_system_msgs/include/autoware_auto_system_msgs/msg/detail/autoware_state__functions.h
-- Up-to-date symlink: /home/cityu/autoware/install/autoware_auto_system_msgs/include/autoware_auto_system_msgs/msg/detail/autoware_state__struct.h
-- Up-to-date symlink: /home/cityu/autoware/install/autoware_auto_system_msgs/include/autoware_auto_system_msgs/msg/detail/autoware_state__type_support.h
-- Up-to-date symlink: /home/cityu/autoware/install/autoware_auto_system_msgs/include/autoware_auto_system_msgs/msg/detail/control_diagnostic__functions.h
-- Up-to-date symlink: /home/cityu/autoware/install/autoware_auto_system_msgs/include/autoware_auto_system_msgs/msg/detail/control_diagnostic__struct.h
-- Up-to-date symlink: /home/cityu/autoware/install/autoware_auto_system_msgs/include/autoware_auto_system_msgs/msg/detail/control_diagnostic__type_support.h
-- Up-to-date symlink: /home/cityu/autoware/install/autoware_auto_system_msgs/include/autoware_auto_system_msgs/msg/detail/diagnostic_header__functions.h
-- Up-to-date symlink: /home/cityu/autoware/install/autoware_auto_system_msgs/include/autoware_auto_system_msgs/msg/detail/diagnostic_header__struct.h
-- Up-to-date symlink: /home/cityu/autoware/install/autoware_auto_system_msgs/include/autoware_auto_system_msgs/msg/detail/diagnostic_header__type_support.h
-- Up-to-date symlink: /home/cityu/autoware/install/autoware_auto_system_msgs/include/autoware_auto_system_msgs/msg/detail/driving_capability__functions.h
-- Up-to-date symlink: /home/cityu/autoware/install/autoware_auto_system_msgs/include/autoware_auto_system_msgs/msg/detail/driving_capability__struct.h
-- Up-to-date symlink: /home/cityu/autoware/install/autoware_auto_system_msgs/include/autoware_auto_system_msgs/msg/detail/driving_capability__type_support.h
-- Up-to-date symlink: /home/cityu/autoware/install/autoware_auto_system_msgs/include/autoware_auto_system_msgs/msg/detail/emergency_state__functions.h
-- Up-to-date symlink: /home/cityu/autoware/install/autoware_auto_system_msgs/include/autoware_auto_system_msgs/msg/detail/emergency_state__struct.h
-- Up-to-date symlink: /home/cityu/autoware/install/autoware_auto_system_msgs/include/autoware_auto_system_msgs/msg/detail/emergency_state__type_support.h
-- Up-to-date symlink: /home/cityu/autoware/install/autoware_auto_system_msgs/include/autoware_auto_system_msgs/msg/detail/float32_multi_array_diagnostic__functions.h
-- Up-to-date symlink: /home/cityu/autoware/install/autoware_auto_system_msgs/include/autoware_auto_system_msgs/msg/detail/float32_multi_array_diagnostic__struct.h
-- Up-to-date symlink: /home/cityu/autoware/install/autoware_auto_system_msgs/include/autoware_auto_system_msgs/msg/detail/float32_multi_array_diagnostic__type_support.h
-- Up-to-date symlink: /home/cityu/autoware/install/autoware_auto_system_msgs/include/autoware_auto_system_msgs/msg/detail/hazard_status__functions.h
-- Up-to-date symlink: /home/cityu/autoware/install/autoware_auto_system_msgs/include/autoware_auto_system_msgs/msg/detail/hazard_status__struct.h
-- Up-to-date symlink: /home/cityu/autoware/install/autoware_auto_system_msgs/include/autoware_auto_system_msgs/msg/detail/hazard_status__type_support.h
-- Up-to-date symlink: /home/cityu/autoware/install/autoware_auto_system_msgs/include/autoware_auto_system_msgs/msg/detail/hazard_status_stamped__functions.h
-- Up-to-date symlink: /home/cityu/autoware/install/autoware_auto_system_msgs/include/autoware_auto_system_msgs/msg/detail/hazard_status_stamped__struct.h
-- Up-to-date symlink: /home/cityu/autoware/install/autoware_auto_system_msgs/include/autoware_auto_system_msgs/msg/detail/hazard_status_stamped__type_support.h
-- Up-to-date symlink: /home/cityu/autoware/install/autoware_auto_system_msgs/include/autoware_auto_system_msgs/msg/diagnostic_header.h
-- Up-to-date symlink: /home/cityu/autoware/install/autoware_auto_system_msgs/include/autoware_auto_system_msgs/msg/driving_capability.h
-- Up-to-date symlink: /home/cityu/autoware/install/autoware_auto_system_msgs/include/autoware_auto_system_msgs/msg/emergency_state.h
-- Up-to-date symlink: /home/cityu/autoware/install/autoware_auto_system_msgs/include/autoware_auto_system_msgs/msg/float32_multi_array_diagnostic.h
-- Up-to-date symlink: /home/cityu/autoware/install/autoware_auto_system_msgs/include/autoware_auto_system_msgs/msg/hazard_status.h
-- Up-to-date symlink: /home/cityu/autoware/install/autoware_auto_system_msgs/include/autoware_auto_system_msgs/msg/hazard_status_stamped.h
-- Up-to-date symlink: /home/cityu/autoware/install/autoware_auto_system_msgs/include/autoware_auto_system_msgs/msg/rosidl_generator_c__visibility_control.h
-- Up-to-date symlink: /home/cityu/autoware/install/autoware_auto_system_msgs/share/autoware_auto_system_msgs/environment/library_path.sh
-- Up-to-date symlink: /home/cityu/autoware/install/autoware_auto_system_msgs/share/autoware_auto_system_msgs/environment/library_path.dsv
-- Up-to-date symlink: /home/cityu/autoware/install/autoware_auto_system_msgs/include/autoware_auto_system_msgs/msg/detail/autoware_state__rosidl_typesupport_fastrtps_c.h
-- Up-to-date symlink: /home/cityu/autoware/install/autoware_auto_system_msgs/include/autoware_auto_system_msgs/msg/detail/control_diagnostic__rosidl_typesupport_fastrtps_c.h
-- Up-to-date symlink: /home/cityu/autoware/install/autoware_auto_system_msgs/include/autoware_auto_system_msgs/msg/detail/diagnostic_header__rosidl_typesupport_fastrtps_c.h
-- Up-to-date symlink: /home/cityu/autoware/install/autoware_auto_system_msgs/include/autoware_auto_system_msgs/msg/detail/driving_capability__rosidl_typesupport_fastrtps_c.h
-- Up-to-date symlink: /home/cityu/autoware/install/autoware_auto_system_msgs/include/autoware_auto_system_msgs/msg/detail/emergency_state__rosidl_typesupport_fastrtps_c.h
-- Up-to-date symlink: /home/cityu/autoware/install/autoware_auto_system_msgs/include/autoware_auto_system_msgs/msg/detail/float32_multi_array_diagnostic__rosidl_typesupport_fastrtps_c.h
-- Up-to-date symlink: /home/cityu/autoware/install/autoware_auto_system_msgs/include/autoware_auto_system_msgs/msg/detail/hazard_status__rosidl_typesupport_fastrtps_c.h
-- Up-to-date symlink: /home/cityu/autoware/install/autoware_auto_system_msgs/include/autoware_auto_system_msgs/msg/detail/hazard_status_stamped__rosidl_typesupport_fastrtps_c.h
-- Up-to-date symlink: /home/cityu/autoware/install/autoware_auto_system_msgs/include/autoware_auto_system_msgs/msg/rosidl_typesupport_fastrtps_c__visibility_control.h
-- Up-to-date symlink: /home/cityu/autoware/install/autoware_auto_system_msgs/lib/libautoware_auto_system_msgs__rosidl_typesupport_fastrtps_c.so
-- Up-to-date symlink: /home/cityu/autoware/install/autoware_auto_system_msgs/include/autoware_auto_system_msgs/msg/detail/autoware_state__rosidl_typesupport_fastrtps_cpp.hpp
-- Up-to-date symlink: /home/cityu/autoware/install/autoware_auto_system_msgs/include/autoware_auto_system_msgs/msg/detail/control_diagnostic__rosidl_typesupport_fastrtps_cpp.hpp
-- Up-to-date symlink: /home/cityu/autoware/install/autoware_auto_system_msgs/include/autoware_auto_system_msgs/msg/detail/diagnostic_header__rosidl_typesupport_fastrtps_cpp.hpp
-- Up-to-date symlink: /home/cityu/autoware/install/autoware_auto_system_msgs/include/autoware_auto_system_msgs/msg/detail/driving_capability__rosidl_typesupport_fastrtps_cpp.hpp
-- Up-to-date symlink: /home/cityu/autoware/install/autoware_auto_system_msgs/include/autoware_auto_system_msgs/msg/detail/emergency_state__rosidl_typesupport_fastrtps_cpp.hpp
-- Up-to-date symlink: /home/cityu/autoware/install/autoware_auto_system_msgs/include/autoware_auto_system_msgs/msg/detail/float32_multi_array_diagnostic__rosidl_typesupport_fastrtps_cpp.hpp
-- Up-to-date symlink: /home/cityu/autoware/install/autoware_auto_system_msgs/include/autoware_auto_system_msgs/msg/detail/hazard_status__rosidl_typesupport_fastrtps_cpp.hpp
-- Up-to-date symlink: /home/cityu/autoware/install/autoware_auto_system_msgs/include/autoware_auto_system_msgs/msg/detail/hazard_status_stamped__rosidl_typesupport_fastrtps_cpp.hpp
-- Up-to-date symlink: /home/cityu/autoware/install/autoware_auto_system_msgs/include/autoware_auto_system_msgs/msg/rosidl_typesupport_fastrtps_cpp__visibility_control.h
-- Up-to-date symlink: /home/cityu/autoware/install/autoware_auto_system_msgs/lib/libautoware_auto_system_msgs__rosidl_typesupport_fastrtps_cpp.so
-- Up-to-date symlink: /home/cityu/autoware/install/autoware_auto_system_msgs/include/autoware_auto_system_msgs/msg/detail/autoware_state__rosidl_typesupport_introspection_c.h
-- Up-to-date symlink: /home/cityu/autoware/install/autoware_auto_system_msgs/include/autoware_auto_system_msgs/msg/detail/control_diagnostic__rosidl_typesupport_introspection_c.h
-- Up-to-date symlink: /home/cityu/autoware/install/autoware_auto_system_msgs/include/autoware_auto_system_msgs/msg/detail/diagnostic_header__rosidl_typesupport_introspection_c.h
-- Up-to-date symlink: /home/cityu/autoware/install/autoware_auto_system_msgs/include/autoware_auto_system_msgs/msg/detail/driving_capability__rosidl_typesupport_introspection_c.h
-- Up-to-date symlink: /home/cityu/autoware/install/autoware_auto_system_msgs/include/autoware_auto_system_msgs/msg/detail/emergency_state__rosidl_typesupport_introspection_c.h
-- Up-to-date symlink: /home/cityu/autoware/install/autoware_auto_system_msgs/include/autoware_auto_system_msgs/msg/detail/float32_multi_array_diagnostic__rosidl_typesupport_introspection_c.h
-- Up-to-date symlink: /home/cityu/autoware/install/autoware_auto_system_msgs/include/autoware_auto_system_msgs/msg/detail/hazard_status__rosidl_typesupport_introspection_c.h
-- Up-to-date symlink: /home/cityu/autoware/install/autoware_auto_system_msgs/include/autoware_auto_system_msgs/msg/detail/hazard_status_stamped__rosidl_typesupport_introspection_c.h
-- Up-to-date symlink: /home/cityu/autoware/install/autoware_auto_system_msgs/include/autoware_auto_system_msgs/msg/rosidl_typesupport_introspection_c__visibility_control.h
-- Up-to-date symlink: /home/cityu/autoware/install/autoware_auto_system_msgs/include/autoware_auto_system_msgs/msg/autoware_state.hpp
-- Up-to-date symlink: /home/cityu/autoware/install/autoware_auto_system_msgs/include/autoware_auto_system_msgs/msg/control_diagnostic.hpp
-- Up-to-date symlink: /home/cityu/autoware/install/autoware_auto_system_msgs/include/autoware_auto_system_msgs/msg/detail/autoware_state__builder.hpp
-- Up-to-date symlink: /home/cityu/autoware/install/autoware_auto_system_msgs/include/autoware_auto_system_msgs/msg/detail/autoware_state__struct.hpp
-- Up-to-date symlink: /home/cityu/autoware/install/autoware_auto_system_msgs/include/autoware_auto_system_msgs/msg/detail/autoware_state__traits.hpp
-- Up-to-date symlink: /home/cityu/autoware/install/autoware_auto_system_msgs/include/autoware_auto_system_msgs/msg/detail/control_diagnostic__builder.hpp
-- Up-to-date symlink: /home/cityu/autoware/install/autoware_auto_system_msgs/include/autoware_auto_system_msgs/msg/detail/control_diagnostic__struct.hpp
-- Up-to-date symlink: /home/cityu/autoware/install/autoware_auto_system_msgs/include/autoware_auto_system_msgs/msg/detail/control_diagnostic__traits.hpp
-- Up-to-date symlink: /home/cityu/autoware/install/autoware_auto_system_msgs/include/autoware_auto_system_msgs/msg/detail/diagnostic_header__builder.hpp
-- Up-to-date symlink: /home/cityu/autoware/install/autoware_auto_system_msgs/include/autoware_auto_system_msgs/msg/detail/diagnostic_header__struct.hpp
-- Up-to-date symlink: /home/cityu/autoware/install/autoware_auto_system_msgs/include/autoware_auto_system_msgs/msg/detail/diagnostic_header__traits.hpp
-- Up-to-date symlink: /home/cityu/autoware/install/autoware_auto_system_msgs/include/autoware_auto_system_msgs/msg/detail/driving_capability__builder.hpp
-- Up-to-date symlink: /home/cityu/autoware/install/autoware_auto_system_msgs/include/autoware_auto_system_msgs/msg/detail/driving_capability__struct.hpp
-- Up-to-date symlink: /home/cityu/autoware/install/autoware_auto_system_msgs/include/autoware_auto_system_msgs/msg/detail/driving_capability__traits.hpp
-- Up-to-date symlink: /home/cityu/autoware/install/autoware_auto_system_msgs/include/autoware_auto_system_msgs/msg/detail/emergency_state__builder.hpp
-- Up-to-date symlink: /home/cityu/autoware/install/autoware_auto_system_msgs/include/autoware_auto_system_msgs/msg/detail/emergency_state__struct.hpp
-- Up-to-date symlink: /home/cityu/autoware/install/autoware_auto_system_msgs/include/autoware_auto_system_msgs/msg/detail/emergency_state__traits.hpp
-- Up-to-date symlink: /home/cityu/autoware/install/autoware_auto_system_msgs/include/autoware_auto_system_msgs/msg/detail/float32_multi_array_diagnostic__builder.hpp
-- Up-to-date symlink: /home/cityu/autoware/install/autoware_auto_system_msgs/include/autoware_auto_system_msgs/msg/detail/float32_multi_array_diagnostic__struct.hpp
-- Up-to-date symlink: /home/cityu/autoware/install/autoware_auto_system_msgs/include/autoware_auto_system_msgs/msg/detail/float32_multi_array_diagnostic__traits.hpp
-- Up-to-date symlink: /home/cityu/autoware/install/autoware_auto_system_msgs/include/autoware_auto_system_msgs/msg/detail/hazard_status__builder.hpp
-- Up-to-date symlink: /home/cityu/autoware/install/autoware_auto_system_msgs/include/autoware_auto_system_msgs/msg/detail/hazard_status__struct.hpp
-- Up-to-date symlink: /home/cityu/autoware/install/autoware_auto_system_msgs/include/autoware_auto_system_msgs/msg/detail/hazard_status__traits.hpp
-- Up-to-date symlink: /home/cityu/autoware/install/autoware_auto_system_msgs/include/autoware_auto_system_msgs/msg/detail/hazard_status_stamped__builder.hpp
-- Up-to-date symlink: /home/cityu/autoware/install/autoware_auto_system_msgs/include/autoware_auto_system_msgs/msg/detail/hazard_status_stamped__struct.hpp
-- Up-to-date symlink: /home/cityu/autoware/install/autoware_auto_system_msgs/include/autoware_auto_system_msgs/msg/detail/hazard_status_stamped__traits.hpp
-- Up-to-date symlink: /home/cityu/autoware/install/autoware_auto_system_msgs/include/autoware_auto_system_msgs/msg/diagnostic_header.hpp
-- Up-to-date symlink: /home/cityu/autoware/install/autoware_auto_system_msgs/include/autoware_auto_system_msgs/msg/driving_capability.hpp
-- Up-to-date symlink: /home/cityu/autoware/install/autoware_auto_system_msgs/include/autoware_auto_system_msgs/msg/emergency_state.hpp
-- Up-to-date symlink: /home/cityu/autoware/install/autoware_auto_system_msgs/include/autoware_auto_system_msgs/msg/float32_multi_array_diagnostic.hpp
-- Up-to-date symlink: /home/cityu/autoware/install/autoware_auto_system_msgs/include/autoware_auto_system_msgs/msg/hazard_status.hpp
-- Up-to-date symlink: /home/cityu/autoware/install/autoware_auto_system_msgs/include/autoware_auto_system_msgs/msg/hazard_status_stamped.hpp
-- Up-to-date symlink: /home/cityu/autoware/install/autoware_auto_system_msgs/include/autoware_auto_system_msgs/msg/detail/autoware_state__rosidl_typesupport_introspection_cpp.hpp
-- Up-to-date symlink: /home/cityu/autoware/install/autoware_auto_system_msgs/include/autoware_auto_system_msgs/msg/detail/control_diagnostic__rosidl_typesupport_introspection_cpp.hpp
-- Up-to-date symlink: /home/cityu/autoware/install/autoware_auto_system_msgs/include/autoware_auto_system_msgs/msg/detail/diagnostic_header__rosidl_typesupport_introspection_cpp.hpp
-- Up-to-date symlink: /home/cityu/autoware/install/autoware_auto_system_msgs/include/autoware_auto_system_msgs/msg/detail/driving_capability__rosidl_typesupport_introspection_cpp.hpp
-- Up-to-date symlink: /home/cityu/autoware/install/autoware_auto_system_msgs/include/autoware_auto_system_msgs/msg/detail/emergency_state__rosidl_typesupport_introspection_cpp.hpp
-- Up-to-date symlink: /home/cityu/autoware/install/autoware_auto_system_msgs/include/autoware_auto_system_msgs/msg/detail/float32_multi_array_diagnostic__rosidl_typesupport_introspection_cpp.hpp
-- Up-to-date symlink: /home/cityu/autoware/install/autoware_auto_system_msgs/include/autoware_auto_system_msgs/msg/detail/hazard_status__rosidl_typesupport_introspection_cpp.hpp
-- Up-to-date symlink: /home/cityu/autoware/install/autoware_auto_system_msgs/include/autoware_auto_system_msgs/msg/detail/hazard_status_stamped__rosidl_typesupport_introspection_cpp.hpp
-- Up-to-date symlink: /home/cityu/autoware/install/autoware_auto_system_msgs/share/autoware_auto_system_msgs/environment/pythonpath.sh
-- Up-to-date symlink: /home/cityu/autoware/install/autoware_auto_system_msgs/share/autoware_auto_system_msgs/environment/pythonpath.dsv
-- Up-to-date symlink: /home/cityu/autoware/install/autoware_auto_system_msgs/lib/python3.8/site-packages/autoware_auto_system_msgs/__init__.py
-- Up-to-date symlink: /home/cityu/autoware/install/autoware_auto_system_msgs/lib/python3.8/site-packages/autoware_auto_system_msgs/msg/__init__.py
-- Up-to-date symlink: /home/cityu/autoware/install/autoware_auto_system_msgs/lib/python3.8/site-packages/autoware_auto_system_msgs/msg/_autoware_state.py
-- Up-to-date symlink: /home/cityu/autoware/install/autoware_auto_system_msgs/lib/python3.8/site-packages/autoware_auto_system_msgs/msg/_control_diagnostic.py
-- Up-to-date symlink: /home/cityu/autoware/install/autoware_auto_system_msgs/lib/python3.8/site-packages/autoware_auto_system_msgs/msg/_diagnostic_header.py
-- Up-to-date symlink: /home/cityu/autoware/install/autoware_auto_system_msgs/lib/python3.8/site-packages/autoware_auto_system_msgs/msg/_driving_capability.py
-- Up-to-date symlink: /home/cityu/autoware/install/autoware_auto_system_msgs/lib/python3.8/site-packages/autoware_auto_system_msgs/msg/_emergency_state.py
-- Up-to-date symlink: /home/cityu/autoware/install/autoware_auto_system_msgs/lib/python3.8/site-packages/autoware_auto_system_msgs/msg/_float32_multi_array_diagnostic.py
-- Up-to-date symlink: /home/cityu/autoware/install/autoware_auto_system_msgs/lib/python3.8/site-packages/autoware_auto_system_msgs/msg/_hazard_status.py
-- Up-to-date symlink: /home/cityu/autoware/install/autoware_auto_system_msgs/lib/python3.8/site-packages/autoware_auto_system_msgs/msg/_hazard_status_stamped.py
-- Up-to-date symlink: /home/cityu/autoware/install/autoware_auto_system_msgs/lib/python3.8/site-packages/autoware_auto_system_msgs/autoware_auto_system_msgs_s__rosidl_typesupport_fastrtps_c.cpython-38-x86_64-linux-gnu.so
-- Up-to-date symlink: /home/cityu/autoware/install/autoware_auto_system_msgs/lib/python3.8/site-packages/autoware_auto_system_msgs/autoware_auto_system_msgs_s__rosidl_typesupport_introspection_c.cpython-38-x86_64-linux-gnu.so
-- Up-to-date symlink: /home/cityu/autoware/install/autoware_auto_system_msgs/lib/python3.8/site-packages/autoware_auto_system_msgs/autoware_auto_system_msgs_s__rosidl_typesupport_c.cpython-38-x86_64-linux-gnu.so
-- Up-to-date symlink: /home/cityu/autoware/install/autoware_auto_system_msgs/lib/libautoware_auto_system_msgs__python.so
-- Up-to-date symlink: /home/cityu/autoware/install/autoware_auto_system_msgs/share/autoware_auto_system_msgs/msg/AutowareState.idl
-- Up-to-date symlink: /home/cityu/autoware/install/autoware_auto_system_msgs/share/autoware_auto_system_msgs/msg/ControlDiagnostic.idl
-- Up-to-date symlink: /home/cityu/autoware/install/autoware_auto_system_msgs/share/autoware_auto_system_msgs/msg/DiagnosticHeader.idl
-- Up-to-date symlink: /home/cityu/autoware/install/autoware_auto_system_msgs/share/autoware_auto_system_msgs/msg/DrivingCapability.idl
-- Up-to-date symlink: /home/cityu/autoware/install/autoware_auto_system_msgs/share/autoware_auto_system_msgs/msg/EmergencyState.idl
-- Up-to-date symlink: /home/cityu/autoware/install/autoware_auto_system_msgs/share/autoware_auto_system_msgs/msg/Float32MultiArrayDiagnostic.idl
-- Up-to-date symlink: /home/cityu/autoware/install/autoware_auto_system_msgs/share/autoware_auto_system_msgs/msg/HazardStatus.idl
-- Up-to-date symlink: /home/cityu/autoware/install/autoware_auto_system_msgs/share/autoware_auto_system_msgs/msg/HazardStatusStamped.idl
-- Up-to-date symlink: /home/cityu/autoware/install/autoware_auto_system_msgs/share/ament_index/resource_index/package_run_dependencies/autoware_auto_system_msgs
-- Up-to-date symlink: /home/cityu/autoware/install/autoware_auto_system_msgs/share/ament_index/resource_index/parent_prefix_path/autoware_auto_system_msgs
-- Up-to-date symlink: /home/cityu/autoware/install/autoware_auto_system_msgs/share/autoware_auto_system_msgs/environment/ament_prefix_path.sh
-- Up-to-date symlink: /home/cityu/autoware/install/autoware_auto_system_msgs/share/autoware_auto_system_msgs/environment/ament_prefix_path.dsv
-- Up-to-date symlink: /home/cityu/autoware/install/autoware_auto_system_msgs/share/autoware_auto_system_msgs/environment/path.sh
-- Up-to-date symlink: /home/cityu/autoware/install/autoware_auto_system_msgs/share/autoware_auto_system_msgs/environment/path.dsv
-- Up-to-date symlink: /home/cityu/autoware/install/autoware_auto_system_msgs/share/autoware_auto_system_msgs/local_setup.bash
-- Up-to-date symlink: /home/cityu/autoware/install/autoware_auto_system_msgs/share/autoware_auto_system_msgs/local_setup.sh
-- Up-to-date symlink: /home/cityu/autoware/install/autoware_auto_system_msgs/share/autoware_auto_system_msgs/local_setup.zsh
-- Up-to-date symlink: /home/cityu/autoware/install/autoware_auto_system_msgs/share/autoware_auto_system_msgs/local_setup.dsv
-- Symlinking: /home/cityu/autoware/install/autoware_auto_system_msgs/share/autoware_auto_system_msgs/package.dsv
-- Up-to-date symlink: /home/cityu/autoware/install/autoware_auto_system_msgs/share/ament_index/resource_index/packages/autoware_auto_system_msgs
-- Up-to-date symlink: /home/cityu/autoware/install/autoware_auto_system_msgs/share/autoware_auto_system_msgs/cmake/rosidl_cmake-extras.cmake
-- Up-to-date symlink: /home/cityu/autoware/install/autoware_auto_system_msgs/share/autoware_auto_system_msgs/cmake/ament_cmake_export_dependencies-extras.cmake
-- Up-to-date symlink: /home/cityu/autoware/install/autoware_auto_system_msgs/share/autoware_auto_system_msgs/cmake/ament_cmake_export_libraries-extras.cmake
-- Up-to-date symlink: /home/cityu/autoware/install/autoware_auto_system_msgs/share/autoware_auto_system_msgs/cmake/ament_cmake_export_targets-extras.cmake
-- Up-to-date symlink: /home/cityu/autoware/install/autoware_auto_system_msgs/share/autoware_auto_system_msgs/cmake/ament_cmake_export_include_directories-extras.cmake
-- Up-to-date symlink: /home/cityu/autoware/install/autoware_auto_system_msgs/share/autoware_auto_system_msgs/cmake/rosidl_cmake_export_typesupport_libraries-extras.cmake
-- Up-to-date symlink: /home/cityu/autoware/install/autoware_auto_system_msgs/share/autoware_auto_system_msgs/cmake/rosidl_cmake_export_typesupport_targets-extras.cmake
-- Up-to-date symlink: /home/cityu/autoware/install/autoware_auto_system_msgs/share/autoware_auto_system_msgs/cmake/autoware_auto_system_msgsConfig.cmake
-- Up-to-date symlink: /home/cityu/autoware/install/autoware_auto_system_msgs/share/autoware_auto_system_msgs/cmake/autoware_auto_system_msgsConfig-version.cmake
-- Up-to-date symlink: /home/cityu/autoware/install/autoware_auto_system_msgs/share/autoware_auto_system_msgs/package.xml
-- Up-to-date: /home/cityu/autoware/install/autoware_auto_system_msgs/lib/libautoware_auto_system_msgs__rosidl_generator_c.so
-- Up-to-date: /home/cityu/autoware/install/autoware_auto_system_msgs/lib/libautoware_auto_system_msgs__rosidl_typesupport_introspection_c.so
-- Up-to-date: /home/cityu/autoware/install/autoware_auto_system_msgs/lib/libautoware_auto_system_msgs__rosidl_typesupport_c.so
-- Up-to-date: /home/cityu/autoware/install/autoware_auto_system_msgs/lib/libautoware_auto_system_msgs__rosidl_typesupport_introspection_cpp.so
-- Up-to-date: /home/cityu/autoware/install/autoware_auto_system_msgs/lib/libautoware_auto_system_msgs__rosidl_typesupport_cpp.so
-- Up-to-date: /home/cityu/autoware/install/autoware_auto_system_msgs/share/autoware_auto_system_msgs/cmake/autoware_auto_system_msgs__rosidl_generator_cExport.cmake
-- Up-to-date: /home/cityu/autoware/install/autoware_auto_system_msgs/share/autoware_auto_system_msgs/cmake/autoware_auto_system_msgs__rosidl_generator_cExport-release.cmake
-- Up-to-date: /home/cityu/autoware/install/autoware_auto_system_msgs/share/autoware_auto_system_msgs/cmake/autoware_auto_system_msgs__rosidl_typesupport_introspection_cExport.cmake
-- Up-to-date: /home/cityu/autoware/install/autoware_auto_system_msgs/share/autoware_auto_system_msgs/cmake/autoware_auto_system_msgs__rosidl_typesupport_introspection_cExport-release.cmake
-- Up-to-date: /home/cityu/autoware/install/autoware_auto_system_msgs/share/autoware_auto_system_msgs/cmake/autoware_auto_system_msgs__rosidl_typesupport_cExport.cmake
-- Up-to-date: /home/cityu/autoware/install/autoware_auto_system_msgs/share/autoware_auto_system_msgs/cmake/autoware_auto_system_msgs__rosidl_typesupport_cExport-release.cmake
-- Up-to-date: /home/cityu/autoware/install/autoware_auto_system_msgs/share/autoware_auto_system_msgs/cmake/autoware_auto_system_msgs__rosidl_generator_cppExport.cmake
-- Up-to-date: /home/cityu/autoware/install/autoware_auto_system_msgs/share/autoware_auto_system_msgs/cmake/autoware_auto_system_msgs__rosidl_typesupport_introspection_cppExport.cmake
-- Up-to-date: /home/cityu/autoware/install/autoware_auto_system_msgs/share/autoware_auto_system_msgs/cmake/autoware_auto_system_msgs__rosidl_typesupport_introspection_cppExport-release.cmake
-- Up-to-date: /home/cityu/autoware/install/autoware_auto_system_msgs/share/autoware_auto_system_msgs/cmake/autoware_auto_system_msgs__rosidl_typesupport_cppExport.cmake
-- Up-to-date: /home/cityu/autoware/install/autoware_auto_system_msgs/share/autoware_auto_system_msgs/cmake/autoware_auto_system_msgs__rosidl_typesupport_cppExport-release.cmake
