-- The C compiler identification is GNU 9.4.0
-- The CXX compiler identification is GNU 9.4.0
-- Check for working C compiler: /usr/bin/cc
-- Check for working C compiler: /usr/bin/cc -- works
-- Detecting C compiler ABI info
-- Detecting C compiler ABI info - done
-- Detecting C compile features
-- Detecting C compile features - done
-- Check for working CXX compiler: /usr/bin/c++
-- Check for working CXX compiler: /usr/bin/c++ -- works
-- Detecting CXX compiler ABI info
-- Detecting CXX compiler ABI info - done
-- Detecting CXX compile features
-- Detecting CXX compile features - done
-- Found autoware_cmake: 0.1.0 (/home/cityu/autoware/install/autoware_cmake/share/autoware_cmake/cmake)
-- Found ament_cmake_auto: 1.1.6 (/opt/ros/galactic/share/ament_cmake_auto/cmake)
-- Found PythonInterp: /usr/bin/python3 (found suitable version "3.8.10", minimum required is "3") 
-- Using PYTHON_EXECUTABLE: /usr/bin/python3
-- Override CMake install command with custom implementation using symlinks instead of copying resources
-- Using all available rosidl_typesupport_c: rosidl_typesupport_fastrtps_c;rosidl_typesupport_introspection_c
-- Found rosidl_adapter: 2.2.3 (/opt/ros/galactic/share/rosidl_adapter/cmake)
-- Found OpenSSL: /usr/lib/x86_64-linux-gnu/libcrypto.so (found version "1.1.1f")  
-- Found FastRTPS: /opt/ros/galactic/include  
-- Using all available rosidl_typesupport_cpp: rosidl_typesupport_fastrtps_cpp;rosidl_typesupport_introspection_cpp
-- Found rmw_implementation_cmake: 3.3.1 (/opt/ros/galactic/share/rmw_implementation_cmake/cmake)
-- Found rmw_cyclonedds_cpp: 0.22.6 (/opt/ros/galactic/share/rmw_cyclonedds_cpp/cmake)
-- Using RMW implementation 'rmw_cyclonedds_cpp' as default
-- Looking for pthread.h
-- Looking for pthread.h - found
-- Performing Test CMAKE_HAVE_LIBC_PTHREAD
-- Performing Test CMAKE_HAVE_LIBC_PTHREAD - Failed
-- Looking for pthread_create in pthreads
-- Looking for pthread_create in pthreads - not found
-- Looking for pthread_create in pthread
-- Looking for pthread_create in pthread - found
-- Found Threads: TRUE  
-- Found eigen3_cmake_module: 0.1.1 (/opt/ros/galactic/share/eigen3_cmake_module/cmake)
-- Found Eigen3: TRUE (found version "3.3.7") 
-- Found ament_lint_auto: 0.10.7 (/opt/ros/galactic/share/ament_lint_auto/cmake)
-- Added test 'copyright' to check source files copyright and LICENSE
-- Added test 'cppcheck' to perform static code analysis on C / C++ code
-- Configured cppcheck include dirs: /home/cityu/autoware/src/universe/autoware.universe/system/system_error_monitor/include
-- Configured cppcheck exclude dirs and/or files: 
-- Added test 'lint_cmake' to check CMake code style
-- Added test 'xmllint' to check XML markup files
-- Configuring done
-- Generating done
-- Build files have been written to: /home/cityu/autoware/build/system_error_monitor
[35m[1mScanning dependencies of target system_error_monitor[0m
[ 33%] [32mBuilding CXX object CMakeFiles/system_error_monitor.dir/src/system_error_monitor_node.cpp.o[0m
[ 66%] [32mBuilding CXX object CMakeFiles/system_error_monitor.dir/src/system_error_monitor_core.cpp.o[0m
[100%] [32m[1mLinking CXX executable system_error_monitor[0m
[100%] Built target system_error_monitor
-- Install configuration: "Release"
-- Execute custom install script
-- Symlinking: /home/cityu/autoware/install/system_error_monitor/include/system_error_monitor/diagnostics_filter.hpp
-- Symlinking: /home/cityu/autoware/install/system_error_monitor/include/system_error_monitor/system_error_monitor_core.hpp
-- Symlinking: /home/cityu/autoware/install/system_error_monitor/lib/system_error_monitor/system_error_monitor
-- Symlinking: /home/cityu/autoware/install/system_error_monitor/share/system_error_monitor/launch/system_error_monitor.launch.xml
-- Symlinking: /home/cityu/autoware/install/system_error_monitor/share/system_error_monitor/launch/system_error_monitor_node.launch.xml
-- Symlinking: /home/cityu/autoware/install/system_error_monitor/share/system_error_monitor/config/diagnostic_aggregator/_empty.param.yaml
-- Symlinking: /home/cityu/autoware/install/system_error_monitor/share/system_error_monitor/config/diagnostic_aggregator/control.param.yaml
-- Symlinking: /home/cityu/autoware/install/system_error_monitor/share/system_error_monitor/config/diagnostic_aggregator/localization.param.yaml
-- Symlinking: /home/cityu/autoware/install/system_error_monitor/share/system_error_monitor/config/diagnostic_aggregator/map.param.yaml
-- Symlinking: /home/cityu/autoware/install/system_error_monitor/share/system_error_monitor/config/diagnostic_aggregator/perception.param.yaml
-- Symlinking: /home/cityu/autoware/install/system_error_monitor/share/system_error_monitor/config/diagnostic_aggregator/planning.param.yaml
-- Symlinking: /home/cityu/autoware/install/system_error_monitor/share/system_error_monitor/config/diagnostic_aggregator/sensing.param.yaml
-- Symlinking: /home/cityu/autoware/install/system_error_monitor/share/system_error_monitor/config/diagnostic_aggregator/system.param.yaml
-- Symlinking: /home/cityu/autoware/install/system_error_monitor/share/system_error_monitor/config/diagnostic_aggregator/vehicle.param.yaml
-- Symlinking: /home/cityu/autoware/install/system_error_monitor/share/system_error_monitor/config/system_error_monitor.param.yaml
-- Symlinking: /home/cityu/autoware/install/system_error_monitor/share/system_error_monitor/config/system_error_monitor.planning_simulation.param.yaml
-- Symlinking: /home/cityu/autoware/install/system_error_monitor/share/ament_index/resource_index/package_run_dependencies/system_error_monitor
-- Symlinking: /home/cityu/autoware/install/system_error_monitor/share/ament_index/resource_index/parent_prefix_path/system_error_monitor
-- Symlinking: /home/cityu/autoware/install/system_error_monitor/share/system_error_monitor/environment/ament_prefix_path.sh
-- Symlinking: /home/cityu/autoware/install/system_error_monitor/share/system_error_monitor/environment/ament_prefix_path.dsv
-- Symlinking: /home/cityu/autoware/install/system_error_monitor/share/system_error_monitor/environment/path.sh
-- Symlinking: /home/cityu/autoware/install/system_error_monitor/share/system_error_monitor/environment/path.dsv
-- Symlinking: /home/cityu/autoware/install/system_error_monitor/share/system_error_monitor/local_setup.bash
-- Symlinking: /home/cityu/autoware/install/system_error_monitor/share/system_error_monitor/local_setup.sh
-- Symlinking: /home/cityu/autoware/install/system_error_monitor/share/system_error_monitor/local_setup.zsh
-- Symlinking: /home/cityu/autoware/install/system_error_monitor/share/system_error_monitor/local_setup.dsv
-- Symlinking: /home/cityu/autoware/install/system_error_monitor/share/system_error_monitor/package.dsv
-- Symlinking: /home/cityu/autoware/install/system_error_monitor/share/ament_index/resource_index/packages/system_error_monitor
-- Symlinking: /home/cityu/autoware/install/system_error_monitor/share/system_error_monitor/cmake/ament_cmake_export_dependencies-extras.cmake
-- Symlinking: /home/cityu/autoware/install/system_error_monitor/share/system_error_monitor/cmake/ament_cmake_export_include_directories-extras.cmake
-- Symlinking: /home/cityu/autoware/install/system_error_monitor/share/system_error_monitor/cmake/system_error_monitorConfig.cmake
-- Symlinking: /home/cityu/autoware/install/system_error_monitor/share/system_error_monitor/cmake/system_error_monitorConfig-version.cmake
-- Symlinking: /home/cityu/autoware/install/system_error_monitor/share/system_error_monitor/package.xml
