-- Install configuration: "Release"
-- Execute custom install script
-- Up-to-date symlink: /home/cityu/autoware/install/individual_params/share/individual_params/config/default/sample_sensor_kit/imu_corrector.param.yaml
-- Up-to-date symlink: /home/cityu/autoware/install/individual_params/share/individual_params/config/default/sample_sensor_kit/sensor_kit_calibration.yaml
-- Up-to-date symlink: /home/cityu/autoware/install/individual_params/share/individual_params/config/default/sample_sensor_kit/sensors_calibration.yaml
-- Up-to-date symlink: /home/cityu/autoware/install/individual_params/share/ament_index/resource_index/package_run_dependencies/individual_params
-- Up-to-date symlink: /home/cityu/autoware/install/individual_params/share/ament_index/resource_index/parent_prefix_path/individual_params
-- Up-to-date symlink: /home/cityu/autoware/install/individual_params/share/individual_params/environment/ament_prefix_path.sh
-- Up-to-date symlink: /home/cityu/autoware/install/individual_params/share/individual_params/environment/ament_prefix_path.dsv
-- Up-to-date symlink: /home/cityu/autoware/install/individual_params/share/individual_params/environment/path.sh
-- Up-to-date symlink: /home/cityu/autoware/install/individual_params/share/individual_params/environment/path.dsv
-- Up-to-date symlink: /home/cityu/autoware/install/individual_params/share/individual_params/local_setup.bash
-- Up-to-date symlink: /home/cityu/autoware/install/individual_params/share/individual_params/local_setup.sh
-- Up-to-date symlink: /home/cityu/autoware/install/individual_params/share/individual_params/local_setup.zsh
-- Up-to-date symlink: /home/cityu/autoware/install/individual_params/share/individual_params/local_setup.dsv
-- Symlinking: /home/cityu/autoware/install/individual_params/share/individual_params/package.dsv
-- Up-to-date symlink: /home/cityu/autoware/install/individual_params/share/ament_index/resource_index/packages/individual_params
-- Up-to-date symlink: /home/cityu/autoware/install/individual_params/share/individual_params/cmake/individual_paramsConfig.cmake
-- Up-to-date symlink: /home/cityu/autoware/install/individual_params/share/individual_params/cmake/individual_paramsConfig-version.cmake
-- Up-to-date symlink: /home/cityu/autoware/install/individual_params/share/individual_params/package.xml
