[0.148s] Invoking command in '/home/cityu/autoware/build/bag_time_manager_rviz_plugin': AMENT_PREFIX_PATH=/home/cityu/autoware/install/autoware_cmake:/home/cityu/autoware/install/autoware_lint_common:${AMENT_PREFIX_PATH} CMAKE_PREFIX_PATH=/home/cityu/autoware/install/autoware_cmake:/home/cityu/autoware/install/autoware_lint_common:/opt/ros/galactic /usr/bin/cmake /home/cityu/autoware/src/universe/autoware.universe/common/bag_time_manager_rviz_plugin -DCMAKE_BUILD_TYPE=Release -DAMENT_CMAKE_SYMLINK_INSTALL=1 -DCMAKE_INSTALL_PREFIX=/home/cityu/autoware/install/bag_time_manager_rviz_plugin
[9.038s] -- The C compiler identification is GNU 9.4.0
[9.038s] -- The CXX compiler identification is GNU 9.4.0
[9.039s] -- Check for working C compiler: /usr/bin/cc
[9.039s] -- Check for working C compiler: /usr/bin/cc -- works
[9.039s] -- Detecting C compiler ABI info
[9.039s] -- Detecting C compiler ABI info - done
[9.039s] -- Detecting C compile features
[9.039s] -- Detecting C compile features - done
[9.039s] -- Check for working CXX compiler: /usr/bin/c++
[9.039s] -- Check for working CXX compiler: /usr/bin/c++ -- works
[9.039s] -- Detecting CXX compiler ABI info
[9.040s] -- Detecting CXX compiler ABI info - done
[9.040s] -- Detecting CXX compile features
[9.040s] -- Detecting CXX compile features - done
[9.040s] -- Found autoware_cmake: 0.1.0 (/home/cityu/autoware/install/autoware_cmake/share/autoware_cmake/cmake)
[9.040s] -- Found ament_cmake_auto: 1.1.6 (/opt/ros/galactic/share/ament_cmake_auto/cmake)
[9.040s] -- Found PythonInterp: /usr/bin/python3 (found suitable version "3.8.10", minimum required is "3") 
[9.040s] -- Using PYTHON_EXECUTABLE: /usr/bin/python3
[9.040s] -- Override CMake install command with custom implementation using symlinks instead of copying resources
[9.040s] -- Using all available rosidl_typesupport_c: rosidl_typesupport_fastrtps_c;rosidl_typesupport_introspection_c
[9.040s] -- Found rosidl_adapter: 2.2.3 (/opt/ros/galactic/share/rosidl_adapter/cmake)
[9.041s] -- Found OpenSSL: /usr/lib/x86_64-linux-gnu/libcrypto.so (found version "1.1.1f")  
[9.041s] -- Found FastRTPS: /opt/ros/galactic/include  
[9.041s] -- Using all available rosidl_typesupport_cpp: rosidl_typesupport_fastrtps_cpp;rosidl_typesupport_introspection_cpp
[9.041s] -- Found rmw_implementation_cmake: 3.3.1 (/opt/ros/galactic/share/rmw_implementation_cmake/cmake)
[9.041s] -- Found rmw_cyclonedds_cpp: 0.22.6 (/opt/ros/galactic/share/rmw_cyclonedds_cpp/cmake)
[9.041s] -- Using RMW implementation 'rmw_cyclonedds_cpp' as default
[9.041s] -- Looking for pthread.h
[9.041s] -- Looking for pthread.h - found
[9.041s] -- Performing Test CMAKE_HAVE_LIBC_PTHREAD
[9.042s] -- Performing Test CMAKE_HAVE_LIBC_PTHREAD - Failed
[9.042s] -- Looking for pthread_create in pthreads
[9.042s] -- Looking for pthread_create in pthreads - not found
[9.042s] -- Looking for pthread_create in pthread
[9.042s] -- Looking for pthread_create in pthread - found
[9.042s] -- Found Threads: TRUE  
[9.042s] -- Setting OGRE_DIR to: '/opt/ros/galactic/share/rviz_ogre_vendor/cmake/../../../opt/rviz_ogre_vendor/lib/OGRE/cmake'
[9.042s] -- Found OGRE
[9.042s] --   static     : OFF
[9.042s] --   components : HLMS;MeshLodGenerator;Overlay;Paging;Property;RTShaderSystem;Terrain;Volume
[9.043s] --   plugins    : Plugin_BSPSceneManager;Plugin_OctreeSceneManager;Plugin_PCZSceneManager;Plugin_ParticleFX;RenderSystem_GL;RenderSystem_GL3Plus;Codec_STBI
[9.043s] --   media      : /opt/ros/galactic/opt/rviz_ogre_vendor/share/OGRE/Media
[9.043s] -- OGRE_LIBRARIES: OgreHLMS;OgreMeshLodGenerator;OgreOverlay;OgrePaging;OgreProperty;OgreRTShaderSystem;OgreTerrain;OgreVolume;OgreMain
[9.043s] -- OGRE_LIBRARY_DIRS: /opt/ros/galactic/opt/rviz_ogre_vendor/lib
[9.043s] -- OGRE_PLUGINS: Plugin_BSPSceneManager;Plugin_OctreeSceneManager;Plugin_PCZSceneManager;Plugin_ParticleFX;RenderSystem_GL;RenderSystem_GL3Plus;Codec_STBI
[9.043s] -- OGRE_PLUGIN_DIR: /opt/ros/galactic/opt/rviz_ogre_vendor/lib/OGRE
[9.043s] -- rviz_ogre_vendor::OgreOverlay for IMPORTED_LOCATION_RELEASE: /opt/ros/galactic/opt/rviz_ogre_vendor/lib/libOgreOverlay.so
[9.043s] -- rviz_ogre_vendor::OgreOverlay for IMPORTED_LOCATION_DEBUG: /opt/ros/galactic/opt/rviz_ogre_vendor/lib/libOgreOverlay.so
[9.043s] -- rviz_ogre_vendor::OgreMain for IMPORTED_LOCATION_RELEASE: /opt/ros/galactic/opt/rviz_ogre_vendor/lib/libOgreMain.so
[9.043s] -- rviz_ogre_vendor::OgreMain for IMPORTED_LOCATION_DEBUG: /opt/ros/galactic/opt/rviz_ogre_vendor/lib/libOgreMain.so
[9.044s] -- Could not find freeimage library
[9.044s] -- Found ZLIB: /usr/lib/x86_64-linux-gnu/libz.so (found version "1.2.11") 
[9.044s] -- Found OpenGL: /usr/lib/x86_64-linux-gnu/libOpenGL.so   
[9.044s] -- Found X11: /usr/include   
[9.044s] -- Looking for XOpenDisplay in /usr/lib/x86_64-linux-gnu/libX11.so;/usr/lib/x86_64-linux-gnu/libXext.so
[9.044s] -- Looking for XOpenDisplay in /usr/lib/x86_64-linux-gnu/libX11.so;/usr/lib/x86_64-linux-gnu/libXext.so - found
[9.044s] -- Looking for gethostbyname
[9.044s] -- Looking for gethostbyname - found
[9.044s] -- Looking for connect
[9.044s] -- Looking for connect - found
[9.044s] -- Looking for remove
[9.045s] -- Looking for remove - found
[9.045s] -- Looking for shmat
[9.045s] -- Looking for shmat - found
[9.045s] -- Looking for IceConnectionNumber in ICE
[9.045s] -- Looking for IceConnectionNumber in ICE - found
[9.045s] -- rviz_ogre_vendor::RenderSystem_GL for IMPORTED_LOCATION_RELEASE: _render_system_gl_static_library_abs-NOTFOUND
[9.045s] -- rviz_ogre_vendor::RenderSystem_GL for IMPORTED_LOCATION_DEBUG: _render_system_gl_static_library_abs-NOTFOUND
[9.045s] -- library: libassimp.so.5
[9.045s] -- library: /usr/lib/x86_64-linux-gnu/libcurl.so
[9.046s] -- Found Eigen3: TRUE (found version "3.3.7") 
[9.046s] -- Found ament_lint_auto: 0.10.7 (/opt/ros/galactic/share/ament_lint_auto/cmake)
[9.046s] -- Added test 'copyright' to check source files copyright and LICENSE
[9.046s] -- Added test 'cppcheck' to perform static code analysis on C / C++ code
[9.046s] -- Configured cppcheck include dirs: 
[9.046s] -- Configured cppcheck exclude dirs and/or files: 
[9.046s] -- Added test 'lint_cmake' to check CMake code style
[9.046s] -- Added test 'xmllint' to check XML markup files
[9.046s] -- Configuring done
[9.046s] -- Generating done
[9.046s] -- Build files have been written to: /home/cityu/autoware/build/bag_time_manager_rviz_plugin
[9.047s] CMake Warning (dev) at CMakeLists.txt:7 (find_package):
[9.047s]   Ignoring EXACT since no version is requested.
[9.047s] This warning is for project developers.  Use -Wno-dev to suppress it.
[9.047s] 
[9.074s] Invoked command in '/home/cityu/autoware/build/bag_time_manager_rviz_plugin' returned '0': AMENT_PREFIX_PATH=/home/cityu/autoware/install/autoware_cmake:/home/cityu/autoware/install/autoware_lint_common:${AMENT_PREFIX_PATH} CMAKE_PREFIX_PATH=/home/cityu/autoware/install/autoware_cmake:/home/cityu/autoware/install/autoware_lint_common:/opt/ros/galactic /usr/bin/cmake /home/cityu/autoware/src/universe/autoware.universe/common/bag_time_manager_rviz_plugin -DCMAKE_BUILD_TYPE=Release -DAMENT_CMAKE_SYMLINK_INSTALL=1 -DCMAKE_INSTALL_PREFIX=/home/cityu/autoware/install/bag_time_manager_rviz_plugin
[9.075s] Invoking command in '/home/cityu/autoware/build/bag_time_manager_rviz_plugin': AMENT_PREFIX_PATH=/home/cityu/autoware/install/autoware_cmake:/home/cityu/autoware/install/autoware_lint_common:${AMENT_PREFIX_PATH} CMAKE_PREFIX_PATH=/home/cityu/autoware/install/autoware_cmake:/home/cityu/autoware/install/autoware_lint_common:/opt/ros/galactic /usr/bin/cmake --build /home/cityu/autoware/build/bag_time_manager_rviz_plugin -- -j16 -l16
[48.463s] [35m[1mScanning dependencies of target bag_time_manager_rviz_plugin_autogen[0m
[48.471s] [ 25%] [34m[1mAutomatic MOC for target bag_time_manager_rviz_plugin[0m
[48.472s] [ 25%] Built target bag_time_manager_rviz_plugin_autogen
[48.473s] [35m[1mScanning dependencies of target bag_time_manager_rviz_plugin[0m
[48.473s] [ 50%] [32mBuilding CXX object CMakeFiles/bag_time_manager_rviz_plugin.dir/bag_time_manager_rviz_plugin_autogen/mocs_compilation.cpp.o[0m
[48.473s] [ 75%] [32mBuilding CXX object CMakeFiles/bag_time_manager_rviz_plugin.dir/src/bag_time_manager_panel.cpp.o[0m
[48.473s] [100%] [32m[1mLinking CXX shared library libbag_time_manager_rviz_plugin.so[0m
[48.473s] [100%] Built target bag_time_manager_rviz_plugin
[48.507s] Invoked command in '/home/cityu/autoware/build/bag_time_manager_rviz_plugin' returned '0': AMENT_PREFIX_PATH=/home/cityu/autoware/install/autoware_cmake:/home/cityu/autoware/install/autoware_lint_common:${AMENT_PREFIX_PATH} CMAKE_PREFIX_PATH=/home/cityu/autoware/install/autoware_cmake:/home/cityu/autoware/install/autoware_lint_common:/opt/ros/galactic /usr/bin/cmake --build /home/cityu/autoware/build/bag_time_manager_rviz_plugin -- -j16 -l16
[48.910s] Invoking command in '/home/cityu/autoware/build/bag_time_manager_rviz_plugin': AMENT_PREFIX_PATH=/home/cityu/autoware/install/autoware_cmake:/home/cityu/autoware/install/autoware_lint_common:${AMENT_PREFIX_PATH} CMAKE_PREFIX_PATH=/home/cityu/autoware/install/autoware_cmake:/home/cityu/autoware/install/autoware_lint_common:/opt/ros/galactic /usr/bin/cmake --install /home/cityu/autoware/build/bag_time_manager_rviz_plugin
[74.209s] -- Install configuration: "Release"
[74.209s] -- Execute custom install script
[74.210s] -- Symlinking: /home/cityu/autoware/install/bag_time_manager_rviz_plugin/share/bag_time_manager_rviz_plugin/plugins/plugin_description.xml
[74.210s] -- Symlinking: /home/cityu/autoware/install/bag_time_manager_rviz_plugin/share/bag_time_manager_rviz_plugin/environment/library_path.sh
[74.210s] -- Symlinking: /home/cityu/autoware/install/bag_time_manager_rviz_plugin/share/bag_time_manager_rviz_plugin/environment/library_path.dsv
[74.210s] -- Symlinking: /home/cityu/autoware/install/bag_time_manager_rviz_plugin/lib/libbag_time_manager_rviz_plugin.so
[74.211s] -- Symlinking: /home/cityu/autoware/install/bag_time_manager_rviz_plugin/share/bag_time_manager_rviz_plugin/icons/classes/BagTimeManagerPanel.png
[74.211s] -- Up-to-date symlink: /home/cityu/autoware/install/bag_time_manager_rviz_plugin/share/bag_time_manager_rviz_plugin/plugins/plugin_description.xml
[74.211s] -- Symlinking: /home/cityu/autoware/install/bag_time_manager_rviz_plugin/share/ament_index/resource_index/package_run_dependencies/bag_time_manager_rviz_plugin
[74.211s] -- Symlinking: /home/cityu/autoware/install/bag_time_manager_rviz_plugin/share/ament_index/resource_index/parent_prefix_path/bag_time_manager_rviz_plugin
[74.211s] -- Symlinking: /home/cityu/autoware/install/bag_time_manager_rviz_plugin/share/bag_time_manager_rviz_plugin/environment/ament_prefix_path.sh
[74.211s] -- Symlinking: /home/cityu/autoware/install/bag_time_manager_rviz_plugin/share/bag_time_manager_rviz_plugin/environment/ament_prefix_path.dsv
[74.211s] -- Symlinking: /home/cityu/autoware/install/bag_time_manager_rviz_plugin/share/bag_time_manager_rviz_plugin/environment/path.sh
[74.211s] -- Symlinking: /home/cityu/autoware/install/bag_time_manager_rviz_plugin/share/bag_time_manager_rviz_plugin/environment/path.dsv
[74.211s] -- Symlinking: /home/cityu/autoware/install/bag_time_manager_rviz_plugin/share/bag_time_manager_rviz_plugin/local_setup.bash
[74.212s] -- Symlinking: /home/cityu/autoware/install/bag_time_manager_rviz_plugin/share/bag_time_manager_rviz_plugin/local_setup.sh
[74.212s] -- Symlinking: /home/cityu/autoware/install/bag_time_manager_rviz_plugin/share/bag_time_manager_rviz_plugin/local_setup.zsh
[74.212s] -- Symlinking: /home/cityu/autoware/install/bag_time_manager_rviz_plugin/share/bag_time_manager_rviz_plugin/local_setup.dsv
[74.212s] -- Symlinking: /home/cityu/autoware/install/bag_time_manager_rviz_plugin/share/bag_time_manager_rviz_plugin/package.dsv
[74.213s] -- Symlinking: /home/cityu/autoware/install/bag_time_manager_rviz_plugin/share/ament_index/resource_index/packages/bag_time_manager_rviz_plugin
[74.213s] -- Symlinking: /home/cityu/autoware/install/bag_time_manager_rviz_plugin/share/ament_index/resource_index/rviz_common__pluginlib__plugin/bag_time_manager_rviz_plugin
[74.213s] -- Symlinking: /home/cityu/autoware/install/bag_time_manager_rviz_plugin/share/bag_time_manager_rviz_plugin/cmake/ament_cmake_export_dependencies-extras.cmake
[74.217s] -- Symlinking: /home/cityu/autoware/install/bag_time_manager_rviz_plugin/share/bag_time_manager_rviz_plugin/cmake/ament_cmake_export_libraries-extras.cmake
[74.218s] -- Symlinking: /home/cityu/autoware/install/bag_time_manager_rviz_plugin/share/bag_time_manager_rviz_plugin/cmake/bag_time_manager_rviz_pluginConfig.cmake
[74.218s] -- Symlinking: /home/cityu/autoware/install/bag_time_manager_rviz_plugin/share/bag_time_manager_rviz_plugin/cmake/bag_time_manager_rviz_pluginConfig-version.cmake
[74.218s] -- Symlinking: /home/cityu/autoware/install/bag_time_manager_rviz_plugin/share/bag_time_manager_rviz_plugin/package.xml
[74.260s] Invoked command in '/home/cityu/autoware/build/bag_time_manager_rviz_plugin' returned '0': AMENT_PREFIX_PATH=/home/cityu/autoware/install/autoware_cmake:/home/cityu/autoware/install/autoware_lint_common:${AMENT_PREFIX_PATH} CMAKE_PREFIX_PATH=/home/cityu/autoware/install/autoware_cmake:/home/cityu/autoware/install/autoware_lint_common:/opt/ros/galactic /usr/bin/cmake --install /home/cityu/autoware/build/bag_time_manager_rviz_plugin
