-- Found autoware_cmake: 0.1.0 (/home/cityu/autoware/install/autoware_cmake/share/autoware_cmake/cmake)
-- Found ament_cmake_auto: 1.1.6 (/opt/ros/galactic/share/ament_cmake_auto/cmake)
-- Using PYTHON_EXECUTABLE: /usr/bin/python3
-- Override CMake install command with custom implementation using symlinks instead of copying resources
-- Using all available rosidl_typesupport_c: rosidl_typesupport_fastrtps_c;rosidl_typesupport_introspection_c
-- Found rosidl_adapter: 2.2.3 (/opt/ros/galactic/share/rosidl_adapter/cmake)
-- Using all available rosidl_typesupport_cpp: rosidl_typesupport_fastrtps_cpp;rosidl_typesupport_introspection_cpp
-- Found eigen3_cmake_module: 0.1.1 (/opt/ros/galactic/share/eigen3_cmake_module/cmake)
-- Found rmw_implementation_cmake: 3.3.1 (/opt/ros/galactic/share/rmw_implementation_cmake/cmake)
-- Found rmw_cyclonedds_cpp: 0.22.6 (/opt/ros/galactic/share/rmw_cyclonedds_cpp/cmake)
-- Using RMW implementation 'rmw_cyclonedds_cpp' as default
-- Found mrt_cmake_modules: 1.0.9 (/opt/ros/galactic/share/mrt_cmake_modules/cmake)
-- Found OpenMP_C: -fopenmp  
-- Found OpenMP_CXX: -fopenmp  
-- Found OpenMP: TRUE   
-- Found ament_lint_auto: 0.10.7 (/opt/ros/galactic/share/ament_lint_auto/cmake)
-- Found gmock sources under '/opt/ros/galactic/src/gmock_vendor': C++ tests using 'Google Mock' will be built
-- Found gtest sources under '/opt/ros/galactic/src/gtest_vendor': C++ tests using 'Google Test' will be built
-- Found gmock sources under '/opt/ros/galactic/src/gmock_vendor': C++ tests using 'Google Mock' will be built
-- Found gtest sources under '/opt/ros/galactic/src/gtest_vendor': C++ tests using 'Google Test' will be built
-- Found gmock sources under '/opt/ros/galactic/src/gmock_vendor': C++ tests using 'Google Mock' will be built
-- Found gtest sources under '/opt/ros/galactic/src/gtest_vendor': C++ tests using 'Google Test' will be built
-- Added test 'copyright' to check source files copyright and LICENSE
-- Added test 'cppcheck' to perform static code analysis on C / C++ code
-- Configured cppcheck include dirs: /home/cityu/autoware/src/universe/autoware.universe/planning/behavior_path_planner/include
-- Configured cppcheck exclude dirs and/or files: 
-- Added test 'lint_cmake' to check CMake code style
-- Added test 'xmllint' to check XML markup files
-- Configuring done
-- Generating done
-- Build files have been written to: /home/cityu/autoware/build/behavior_path_planner
[  6%] Built target gmock
[ 11%] Built target behavior_path_planner
[ 15%] Built target gmock_main
[ 17%] [32m[1mLinking CXX shared library libbehavior_path_planner_node.so[0m
[ 84%] Built target behavior_path_planner_node
[ 86%] [32m[1mLinking CXX executable test_behavior_path_planner_avoidance_module[0m
[ 88%] Built target test_behavior_path_planner_avoidance_module
[ 91%] [32m[1mLinking CXX executable test_behavior_path_planner_turn_signal[0m
[ 93%] Built target test_behavior_path_planner_turn_signal
[ 95%] [32m[1mLinking CXX executable test_behavior_path_planner_utilities[0m
[100%] Built target test_behavior_path_planner_utilities
-- Install configuration: "Release"
-- Execute custom install script
-- Up-to-date symlink: /home/cityu/autoware/install/behavior_path_planner/lib/behavior_path_planner/behavior_path_planner
-- Up-to-date symlink: /home/cityu/autoware/install/behavior_path_planner/include/behavior_path_planner/behavior_path_planner_node.hpp
-- Up-to-date symlink: /home/cityu/autoware/install/behavior_path_planner/include/behavior_path_planner/behavior_tree_manager.hpp
-- Up-to-date symlink: /home/cityu/autoware/install/behavior_path_planner/include/behavior_path_planner/data_manager.hpp
-- Up-to-date symlink: /home/cityu/autoware/install/behavior_path_planner/include/behavior_path_planner/debug_utilities.hpp
-- Up-to-date symlink: /home/cityu/autoware/install/behavior_path_planner/include/behavior_path_planner/parameters.hpp
-- Up-to-date symlink: /home/cityu/autoware/install/behavior_path_planner/include/behavior_path_planner/path_utilities.hpp
-- Up-to-date symlink: /home/cityu/autoware/install/behavior_path_planner/include/behavior_path_planner/scene_module/avoidance/avoidance_module.hpp
-- Up-to-date symlink: /home/cityu/autoware/install/behavior_path_planner/include/behavior_path_planner/scene_module/avoidance/avoidance_module_data.hpp
-- Up-to-date symlink: /home/cityu/autoware/install/behavior_path_planner/include/behavior_path_planner/scene_module/avoidance/avoidance_utils.hpp
-- Up-to-date symlink: /home/cityu/autoware/install/behavior_path_planner/include/behavior_path_planner/scene_module/avoidance/debug.hpp
-- Up-to-date symlink: /home/cityu/autoware/install/behavior_path_planner/include/behavior_path_planner/scene_module/lane_change/debug.hpp
-- Up-to-date symlink: /home/cityu/autoware/install/behavior_path_planner/include/behavior_path_planner/scene_module/lane_change/lane_change_module.hpp
-- Up-to-date symlink: /home/cityu/autoware/install/behavior_path_planner/include/behavior_path_planner/scene_module/lane_change/lane_change_module_data.hpp
-- Up-to-date symlink: /home/cityu/autoware/install/behavior_path_planner/include/behavior_path_planner/scene_module/lane_change/lane_change_path.hpp
-- Up-to-date symlink: /home/cityu/autoware/install/behavior_path_planner/include/behavior_path_planner/scene_module/lane_change/util.hpp
-- Up-to-date symlink: /home/cityu/autoware/install/behavior_path_planner/include/behavior_path_planner/scene_module/lane_following/lane_following_module.hpp
-- Up-to-date symlink: /home/cityu/autoware/install/behavior_path_planner/include/behavior_path_planner/scene_module/pull_out/geometric_pull_out.hpp
-- Up-to-date symlink: /home/cityu/autoware/install/behavior_path_planner/include/behavior_path_planner/scene_module/pull_out/pull_out_module.hpp
-- Up-to-date symlink: /home/cityu/autoware/install/behavior_path_planner/include/behavior_path_planner/scene_module/pull_out/pull_out_parameters.hpp
-- Up-to-date symlink: /home/cityu/autoware/install/behavior_path_planner/include/behavior_path_planner/scene_module/pull_out/pull_out_path.hpp
-- Up-to-date symlink: /home/cityu/autoware/install/behavior_path_planner/include/behavior_path_planner/scene_module/pull_out/pull_out_planner_base.hpp
-- Up-to-date symlink: /home/cityu/autoware/install/behavior_path_planner/include/behavior_path_planner/scene_module/pull_out/shift_pull_out.hpp
-- Up-to-date symlink: /home/cityu/autoware/install/behavior_path_planner/include/behavior_path_planner/scene_module/pull_out/util.hpp
-- Up-to-date symlink: /home/cityu/autoware/install/behavior_path_planner/include/behavior_path_planner/scene_module/pull_over/geometric_pull_over.hpp
-- Up-to-date symlink: /home/cityu/autoware/install/behavior_path_planner/include/behavior_path_planner/scene_module/pull_over/goal_searcher.hpp
-- Up-to-date symlink: /home/cityu/autoware/install/behavior_path_planner/include/behavior_path_planner/scene_module/pull_over/goal_searcher_base.hpp
-- Up-to-date symlink: /home/cityu/autoware/install/behavior_path_planner/include/behavior_path_planner/scene_module/pull_over/pull_over_module.hpp
-- Up-to-date symlink: /home/cityu/autoware/install/behavior_path_planner/include/behavior_path_planner/scene_module/pull_over/pull_over_parameters.hpp
-- Up-to-date symlink: /home/cityu/autoware/install/behavior_path_planner/include/behavior_path_planner/scene_module/pull_over/pull_over_planner_base.hpp
-- Up-to-date symlink: /home/cityu/autoware/install/behavior_path_planner/include/behavior_path_planner/scene_module/pull_over/shift_pull_over.hpp
-- Up-to-date symlink: /home/cityu/autoware/install/behavior_path_planner/include/behavior_path_planner/scene_module/pull_over/util.hpp
-- Up-to-date symlink: /home/cityu/autoware/install/behavior_path_planner/include/behavior_path_planner/scene_module/scene_module_bt_node_interface.hpp
-- Up-to-date symlink: /home/cityu/autoware/install/behavior_path_planner/include/behavior_path_planner/scene_module/scene_module_interface.hpp
-- Up-to-date symlink: /home/cityu/autoware/install/behavior_path_planner/include/behavior_path_planner/scene_module/scene_module_visitor.hpp
-- Up-to-date symlink: /home/cityu/autoware/install/behavior_path_planner/include/behavior_path_planner/scene_module/side_shift/side_shift_module.hpp
-- Up-to-date symlink: /home/cityu/autoware/install/behavior_path_planner/include/behavior_path_planner/scene_module/side_shift/util.hpp
-- Up-to-date symlink: /home/cityu/autoware/install/behavior_path_planner/include/behavior_path_planner/scene_module/utils/geometric_parallel_parking.hpp
-- Up-to-date symlink: /home/cityu/autoware/install/behavior_path_planner/include/behavior_path_planner/scene_module/utils/occupancy_grid_based_collision_detector.hpp
-- Up-to-date symlink: /home/cityu/autoware/install/behavior_path_planner/include/behavior_path_planner/scene_module/utils/path_shifter.hpp
-- Up-to-date symlink: /home/cityu/autoware/install/behavior_path_planner/include/behavior_path_planner/steering_factor_interface.hpp
-- Up-to-date symlink: /home/cityu/autoware/install/behavior_path_planner/include/behavior_path_planner/turn_signal_decider.hpp
-- Up-to-date symlink: /home/cityu/autoware/install/behavior_path_planner/include/behavior_path_planner/util/create_vehicle_footprint.hpp
-- Up-to-date symlink: /home/cityu/autoware/install/behavior_path_planner/include/behavior_path_planner/utilities.hpp
-- Up-to-date symlink: /home/cityu/autoware/install/behavior_path_planner/share/behavior_path_planner/environment/library_path.sh
-- Up-to-date symlink: /home/cityu/autoware/install/behavior_path_planner/share/behavior_path_planner/environment/library_path.dsv
-- Up-to-date symlink: /home/cityu/autoware/install/behavior_path_planner/lib/libbehavior_path_planner_node.so
-- Up-to-date symlink: /home/cityu/autoware/install/behavior_path_planner/share/behavior_path_planner/config/avoidance/avoidance.param.yaml
-- Up-to-date symlink: /home/cityu/autoware/install/behavior_path_planner/share/behavior_path_planner/config/behavior_path_planner.param.yaml
-- Up-to-date symlink: /home/cityu/autoware/install/behavior_path_planner/share/behavior_path_planner/config/behavior_path_planner_tree.xml
-- Up-to-date symlink: /home/cityu/autoware/install/behavior_path_planner/share/behavior_path_planner/config/behavior_path_planner_tree_lane_change_only.xml
-- Up-to-date symlink: /home/cityu/autoware/install/behavior_path_planner/share/behavior_path_planner/config/behavior_path_planner_tree_lane_change_only_old.xml
-- Up-to-date symlink: /home/cityu/autoware/install/behavior_path_planner/share/behavior_path_planner/config/behavior_path_planner_tree_old.xml
-- Up-to-date symlink: /home/cityu/autoware/install/behavior_path_planner/share/behavior_path_planner/config/behavior_path_planner_tree_pull_out.xml
-- Up-to-date symlink: /home/cityu/autoware/install/behavior_path_planner/share/behavior_path_planner/config/drivable_area_expansion.yaml
-- Up-to-date symlink: /home/cityu/autoware/install/behavior_path_planner/share/behavior_path_planner/config/lane_change/lane_change.param.yaml
-- Up-to-date symlink: /home/cityu/autoware/install/behavior_path_planner/share/behavior_path_planner/config/lane_following/lane_following.param.yaml
-- Up-to-date symlink: /home/cityu/autoware/install/behavior_path_planner/share/behavior_path_planner/config/pull_out/pull_out.param.yaml
-- Up-to-date symlink: /home/cityu/autoware/install/behavior_path_planner/share/behavior_path_planner/config/pull_over/pull_over.param.yaml
-- Up-to-date symlink: /home/cityu/autoware/install/behavior_path_planner/share/behavior_path_planner/config/side_shift/side_shift.param.yaml
-- Up-to-date symlink: /home/cityu/autoware/install/behavior_path_planner/share/behavior_path_planner/launch/behavior_path_planner.launch.xml
-- Up-to-date symlink: /home/cityu/autoware/install/behavior_path_planner/share/ament_index/resource_index/package_run_dependencies/behavior_path_planner
-- Up-to-date symlink: /home/cityu/autoware/install/behavior_path_planner/share/ament_index/resource_index/parent_prefix_path/behavior_path_planner
-- Up-to-date symlink: /home/cityu/autoware/install/behavior_path_planner/share/behavior_path_planner/environment/ament_prefix_path.sh
-- Up-to-date symlink: /home/cityu/autoware/install/behavior_path_planner/share/behavior_path_planner/environment/ament_prefix_path.dsv
-- Up-to-date symlink: /home/cityu/autoware/install/behavior_path_planner/share/behavior_path_planner/environment/path.sh
-- Up-to-date symlink: /home/cityu/autoware/install/behavior_path_planner/share/behavior_path_planner/environment/path.dsv
-- Up-to-date symlink: /home/cityu/autoware/install/behavior_path_planner/share/behavior_path_planner/local_setup.bash
-- Up-to-date symlink: /home/cityu/autoware/install/behavior_path_planner/share/behavior_path_planner/local_setup.sh
-- Up-to-date symlink: /home/cityu/autoware/install/behavior_path_planner/share/behavior_path_planner/local_setup.zsh
-- Up-to-date symlink: /home/cityu/autoware/install/behavior_path_planner/share/behavior_path_planner/local_setup.dsv
-- Symlinking: /home/cityu/autoware/install/behavior_path_planner/share/behavior_path_planner/package.dsv
-- Up-to-date symlink: /home/cityu/autoware/install/behavior_path_planner/share/ament_index/resource_index/packages/behavior_path_planner
-- Up-to-date symlink: /home/cityu/autoware/install/behavior_path_planner/share/ament_index/resource_index/rclcpp_components/behavior_path_planner
-- Up-to-date symlink: /home/cityu/autoware/install/behavior_path_planner/share/behavior_path_planner/cmake/ament_cmake_export_dependencies-extras.cmake
-- Up-to-date symlink: /home/cityu/autoware/install/behavior_path_planner/share/behavior_path_planner/cmake/ament_cmake_export_include_directories-extras.cmake
-- Up-to-date symlink: /home/cityu/autoware/install/behavior_path_planner/share/behavior_path_planner/cmake/ament_cmake_export_libraries-extras.cmake
-- Up-to-date symlink: /home/cityu/autoware/install/behavior_path_planner/share/behavior_path_planner/cmake/behavior_path_plannerConfig.cmake
-- Up-to-date symlink: /home/cityu/autoware/install/behavior_path_planner/share/behavior_path_planner/cmake/behavior_path_plannerConfig-version.cmake
-- Up-to-date symlink: /home/cityu/autoware/install/behavior_path_planner/share/behavior_path_planner/package.xml
