-- The C compiler identification is GNU 9.4.0
-- The CXX compiler identification is GNU 9.4.0
-- Check for working C compiler: /usr/bin/cc
-- Check for working C compiler: /usr/bin/cc -- works
-- Detecting C compiler ABI info
-- Detecting C compiler ABI info - done
-- Detecting C compile features
-- Detecting C compile features - done
-- Check for working CXX compiler: /usr/bin/c++
-- Check for working CXX compiler: /usr/bin/c++ -- works
-- Detecting CXX compiler ABI info
-- Detecting CXX compiler ABI info - done
-- Detecting CXX compile features
-- Detecting CXX compile features - done
-- Found autoware_cmake: 0.1.0 (/home/cityu/autoware/install/autoware_cmake/share/autoware_cmake/cmake)
-- Found ament_cmake_auto: 1.1.6 (/opt/ros/galactic/share/ament_cmake_auto/cmake)
-- Found PythonInterp: /usr/bin/python3 (found suitable version "3.8.10", minimum required is "3") 
-- Using PYTHON_EXECUTABLE: /usr/bin/python3
-- Override CMake install command with custom implementation using symlinks instead of copying resources
-- Using all available rosidl_typesupport_c: rosidl_typesupport_fastrtps_c;rosidl_typesupport_introspection_c
-- Found rosidl_adapter: 2.2.3 (/opt/ros/galactic/share/rosidl_adapter/cmake)
-- Found OpenSSL: /usr/lib/x86_64-linux-gnu/libcrypto.so (found version "1.1.1f")  
-- Found FastRTPS: /opt/ros/galactic/include  
-- Using all available rosidl_typesupport_cpp: rosidl_typesupport_fastrtps_cpp;rosidl_typesupport_introspection_cpp
-- Found eigen3_cmake_module: 0.1.1 (/opt/ros/galactic/share/eigen3_cmake_module/cmake)
-- Found Eigen3: TRUE (found version "3.3.7") 
-- Found rmw_implementation_cmake: 3.3.1 (/opt/ros/galactic/share/rmw_implementation_cmake/cmake)
-- Found rmw_cyclonedds_cpp: 0.22.6 (/opt/ros/galactic/share/rmw_cyclonedds_cpp/cmake)
-- Using RMW implementation 'rmw_cyclonedds_cpp' as default
-- Looking for pthread.h
-- Looking for pthread.h - found
-- Performing Test CMAKE_HAVE_LIBC_PTHREAD
-- Performing Test CMAKE_HAVE_LIBC_PTHREAD - Failed
-- Looking for pthread_create in pthreads
-- Looking for pthread_create in pthreads - not found
-- Looking for pthread_create in pthread
-- Looking for pthread_create in pthread - found
-- Found Threads: TRUE  
-- Found ament_lint_auto: 0.10.7 (/opt/ros/galactic/share/ament_lint_auto/cmake)
-- Found gtest sources under '/opt/ros/galactic/src/gtest_vendor': C++ tests using 'Google Test' will be built
-- Check if compiler accepts -pthread
-- Check if compiler accepts -pthread - yes
-- Added test 'copyright' to check source files copyright and LICENSE
-- Added test 'cppcheck' to perform static code analysis on C / C++ code
-- Configured cppcheck include dirs: /home/cityu/autoware/src/universe/autoware.universe/common/autoware_auto_geometry/include;/home/cityu/autoware/src/universe/autoware.universe/common/autoware_auto_geometry/test/include
-- Configured cppcheck exclude dirs and/or files: 
-- Added test 'lint_cmake' to check CMake code style
-- Added test 'xmllint' to check XML markup files
-- Configuring done
-- Generating done
-- Build files have been written to: /home/cityu/autoware/build/autoware_auto_geometry
[35m[1mScanning dependencies of target gtest[0m
[  6%] [32mBuilding CXX object gtest/CMakeFiles/gtest.dir/src/gtest-all.cc.o[0m
[ 12%] [32m[1mLinking CXX static library libgtest.a[0m
[ 12%] Built target gtest
[35m[1mScanning dependencies of target gtest_main[0m
[ 18%] [32mBuilding CXX object gtest/CMakeFiles/gtest_main.dir/src/gtest_main.cc.o[0m
[ 25%] [32m[1mLinking CXX static library libgtest_main.a[0m
[ 25%] Built target gtest_main
[35m[1mScanning dependencies of target autoware_auto_geometry[0m
[ 31%] [32mBuilding CXX object CMakeFiles/autoware_auto_geometry.dir/src/spatial_hash.cpp.o[0m
[ 37%] [32mBuilding CXX object CMakeFiles/autoware_auto_geometry.dir/src/bounding_box.cpp.o[0m
[ 43%] [32m[1mLinking CXX shared library libautoware_auto_geometry.so[0m
[ 43%] Built target autoware_auto_geometry
[35m[1mScanning dependencies of target geometry_gtest[0m
[ 50%] [32mBuilding CXX object CMakeFiles/geometry_gtest.dir/test/src/test_geometry.cpp.o[0m
[ 56%] [32mBuilding CXX object CMakeFiles/geometry_gtest.dir/test/src/test_intersection.cpp.o[0m
[ 62%] [32mBuilding CXX object CMakeFiles/geometry_gtest.dir/test/src/test_common_2d.cpp.o[0m
[ 68%] [32mBuilding CXX object CMakeFiles/geometry_gtest.dir/test/src/test_area.cpp.o[0m
[ 75%] [32mBuilding CXX object CMakeFiles/geometry_gtest.dir/test/src/lookup_table.cpp.o[0m
[ 81%] [32mBuilding CXX object CMakeFiles/geometry_gtest.dir/test/src/test_interval.cpp.o[0m
[ 87%] [32mBuilding CXX object CMakeFiles/geometry_gtest.dir/test/src/test_hull_pockets.cpp.o[0m
[ 93%] [32mBuilding CXX object CMakeFiles/geometry_gtest.dir/test/src/test_convex_hull.cpp.o[0m
[100%] [32m[1mLinking CXX executable geometry_gtest[0m
[100%] Built target geometry_gtest
-- Install configuration: "Release"
-- Execute custom install script
-- Symlinking: /home/cityu/autoware/install/autoware_auto_geometry/include/geometry/bounding_box/bounding_box_common.hpp
-- Symlinking: /home/cityu/autoware/install/autoware_auto_geometry/include/geometry/bounding_box/eigenbox_2d.hpp
-- Symlinking: /home/cityu/autoware/install/autoware_auto_geometry/include/geometry/bounding_box/lfit.hpp
-- Symlinking: /home/cityu/autoware/install/autoware_auto_geometry/include/geometry/bounding_box/rotating_calipers.hpp
-- Symlinking: /home/cityu/autoware/install/autoware_auto_geometry/include/geometry/bounding_box_2d.hpp
-- Symlinking: /home/cityu/autoware/install/autoware_auto_geometry/include/geometry/common_2d.hpp
-- Symlinking: /home/cityu/autoware/install/autoware_auto_geometry/include/geometry/common_3d.hpp
-- Symlinking: /home/cityu/autoware/install/autoware_auto_geometry/include/geometry/convex_hull.hpp
-- Symlinking: /home/cityu/autoware/install/autoware_auto_geometry/include/geometry/hull_pockets.hpp
-- Symlinking: /home/cityu/autoware/install/autoware_auto_geometry/include/geometry/intersection.hpp
-- Symlinking: /home/cityu/autoware/install/autoware_auto_geometry/include/geometry/interval.hpp
-- Symlinking: /home/cityu/autoware/install/autoware_auto_geometry/include/geometry/lookup_table.hpp
-- Symlinking: /home/cityu/autoware/install/autoware_auto_geometry/include/geometry/spatial_hash.hpp
-- Symlinking: /home/cityu/autoware/install/autoware_auto_geometry/include/geometry/spatial_hash_config.hpp
-- Symlinking: /home/cityu/autoware/install/autoware_auto_geometry/include/geometry/visibility_control.hpp
-- Symlinking: /home/cityu/autoware/install/autoware_auto_geometry/share/autoware_auto_geometry/environment/library_path.sh
-- Symlinking: /home/cityu/autoware/install/autoware_auto_geometry/share/autoware_auto_geometry/environment/library_path.dsv
-- Symlinking: /home/cityu/autoware/install/autoware_auto_geometry/lib/libautoware_auto_geometry.so
-- Symlinking: /home/cityu/autoware/install/autoware_auto_geometry/share/ament_index/resource_index/package_run_dependencies/autoware_auto_geometry
-- Symlinking: /home/cityu/autoware/install/autoware_auto_geometry/share/ament_index/resource_index/parent_prefix_path/autoware_auto_geometry
-- Symlinking: /home/cityu/autoware/install/autoware_auto_geometry/share/autoware_auto_geometry/environment/ament_prefix_path.sh
-- Symlinking: /home/cityu/autoware/install/autoware_auto_geometry/share/autoware_auto_geometry/environment/ament_prefix_path.dsv
-- Symlinking: /home/cityu/autoware/install/autoware_auto_geometry/share/autoware_auto_geometry/environment/path.sh
-- Symlinking: /home/cityu/autoware/install/autoware_auto_geometry/share/autoware_auto_geometry/environment/path.dsv
-- Symlinking: /home/cityu/autoware/install/autoware_auto_geometry/share/autoware_auto_geometry/local_setup.bash
-- Symlinking: /home/cityu/autoware/install/autoware_auto_geometry/share/autoware_auto_geometry/local_setup.sh
-- Symlinking: /home/cityu/autoware/install/autoware_auto_geometry/share/autoware_auto_geometry/local_setup.zsh
-- Symlinking: /home/cityu/autoware/install/autoware_auto_geometry/share/autoware_auto_geometry/local_setup.dsv
-- Symlinking: /home/cityu/autoware/install/autoware_auto_geometry/share/autoware_auto_geometry/package.dsv
-- Symlinking: /home/cityu/autoware/install/autoware_auto_geometry/share/ament_index/resource_index/packages/autoware_auto_geometry
-- Symlinking: /home/cityu/autoware/install/autoware_auto_geometry/share/autoware_auto_geometry/cmake/ament_cmake_export_dependencies-extras.cmake
-- Symlinking: /home/cityu/autoware/install/autoware_auto_geometry/share/autoware_auto_geometry/cmake/ament_cmake_export_include_directories-extras.cmake
-- Symlinking: /home/cityu/autoware/install/autoware_auto_geometry/share/autoware_auto_geometry/cmake/ament_cmake_export_libraries-extras.cmake
-- Symlinking: /home/cityu/autoware/install/autoware_auto_geometry/share/autoware_auto_geometry/cmake/autoware_auto_geometryConfig.cmake
-- Symlinking: /home/cityu/autoware/install/autoware_auto_geometry/share/autoware_auto_geometry/cmake/autoware_auto_geometryConfig-version.cmake
-- Symlinking: /home/cityu/autoware/install/autoware_auto_geometry/share/autoware_auto_geometry/package.xml
