[0.179s] Invoking command in '/home/cityu/autoware/build/autoware_auto_geometry': AMENT_PREFIX_PATH=/home/cityu/autoware/install/autoware_auto_tf2:/home/cityu/autoware/install/autoware_auto_vehicle_msgs:/home/cityu/autoware/install/autoware_auto_common:/home/cityu/autoware/install/autoware_cmake:/home/cityu/autoware/install/autoware_auto_planning_msgs:/home/cityu/autoware/install/autoware_auto_perception_msgs:/home/cityu/autoware/install/autoware_lint_common:/home/cityu/autoware/install/autoware_auto_system_msgs:/home/cityu/autoware/install/autoware_auto_mapping_msgs:/home/cityu/autoware/install/autoware_auto_geometry_msgs:${AMENT_PREFIX_PATH} CMAKE_PREFIX_PATH=/home/cityu/autoware/install/autoware_auto_tf2:/home/cityu/autoware/install/autoware_auto_vehicle_msgs:/home/cityu/autoware/install/autoware_auto_common:/home/cityu/autoware/install/autoware_cmake:/home/cityu/autoware/install/autoware_auto_planning_msgs:/home/cityu/autoware/install/autoware_auto_perception_msgs:/home/cityu/autoware/install/autoware_lint_common:/home/cityu/autoware/install/autoware_auto_system_msgs:/home/cityu/autoware/install/autoware_auto_mapping_msgs:/home/cityu/autoware/install/autoware_auto_geometry_msgs:/opt/ros/galactic LD_LIBRARY_PATH=/home/cityu/autoware/install/autoware_auto_vehicle_msgs/lib:/home/cityu/autoware/install/autoware_auto_planning_msgs/lib:/home/cityu/autoware/install/autoware_auto_perception_msgs/lib:/home/cityu/autoware/install/autoware_auto_system_msgs/lib:/home/cityu/autoware/install/autoware_auto_mapping_msgs/lib:/home/cityu/autoware/install/autoware_auto_geometry_msgs/lib:${LD_LIBRARY_PATH} PYTHONPATH=/home/cityu/autoware/install/autoware_auto_vehicle_msgs/lib/python3.8/site-packages:/home/cityu/autoware/install/autoware_auto_planning_msgs/lib/python3.8/site-packages:/home/cityu/autoware/install/autoware_auto_perception_msgs/lib/python3.8/site-packages:/home/cityu/autoware/install/autoware_auto_system_msgs/lib/python3.8/site-packages:/home/cityu/autoware/install/autoware_auto_mapping_msgs/lib/python3.8/site-packages:/home/cityu/autoware/install/autoware_auto_geometry_msgs/lib/python3.8/site-packages:${PYTHONPATH} /usr/bin/cmake /home/cityu/autoware/src/universe/autoware.universe/common/autoware_auto_geometry -DCMAKE_BUILD_TYPE=Release -DAMENT_CMAKE_SYMLINK_INSTALL=1 -DCMAKE_INSTALL_PREFIX=/home/cityu/autoware/install/autoware_auto_geometry
[4.693s] -- The C compiler identification is GNU 9.4.0
[4.693s] -- The CXX compiler identification is GNU 9.4.0
[4.693s] -- Check for working C compiler: /usr/bin/cc
[4.693s] -- Check for working C compiler: /usr/bin/cc -- works
[4.693s] -- Detecting C compiler ABI info
[4.693s] -- Detecting C compiler ABI info - done
[4.693s] -- Detecting C compile features
[4.694s] -- Detecting C compile features - done
[4.694s] -- Check for working CXX compiler: /usr/bin/c++
[4.700s] -- Check for working CXX compiler: /usr/bin/c++ -- works
[4.700s] -- Detecting CXX compiler ABI info
[4.701s] -- Detecting CXX compiler ABI info - done
[4.701s] -- Detecting CXX compile features
[4.701s] -- Detecting CXX compile features - done
[4.701s] -- Found autoware_cmake: 0.1.0 (/home/cityu/autoware/install/autoware_cmake/share/autoware_cmake/cmake)
[4.701s] -- Found ament_cmake_auto: 1.1.6 (/opt/ros/galactic/share/ament_cmake_auto/cmake)
[4.701s] -- Found PythonInterp: /usr/bin/python3 (found suitable version "3.8.10", minimum required is "3") 
[4.701s] -- Using PYTHON_EXECUTABLE: /usr/bin/python3
[4.701s] -- Override CMake install command with custom implementation using symlinks instead of copying resources
[4.701s] -- Using all available rosidl_typesupport_c: rosidl_typesupport_fastrtps_c;rosidl_typesupport_introspection_c
[4.701s] -- Found rosidl_adapter: 2.2.3 (/opt/ros/galactic/share/rosidl_adapter/cmake)
[4.702s] -- Found OpenSSL: /usr/lib/x86_64-linux-gnu/libcrypto.so (found version "1.1.1f")  
[4.702s] -- Found FastRTPS: /opt/ros/galactic/include  
[4.702s] -- Using all available rosidl_typesupport_cpp: rosidl_typesupport_fastrtps_cpp;rosidl_typesupport_introspection_cpp
[4.702s] -- Found eigen3_cmake_module: 0.1.1 (/opt/ros/galactic/share/eigen3_cmake_module/cmake)
[4.702s] -- Found Eigen3: TRUE (found version "3.3.7") 
[4.702s] -- Found rmw_implementation_cmake: 3.3.1 (/opt/ros/galactic/share/rmw_implementation_cmake/cmake)
[4.702s] -- Found rmw_cyclonedds_cpp: 0.22.6 (/opt/ros/galactic/share/rmw_cyclonedds_cpp/cmake)
[4.702s] -- Using RMW implementation 'rmw_cyclonedds_cpp' as default
[4.702s] -- Looking for pthread.h
[4.703s] -- Looking for pthread.h - found
[4.703s] -- Performing Test CMAKE_HAVE_LIBC_PTHREAD
[4.703s] -- Performing Test CMAKE_HAVE_LIBC_PTHREAD - Failed
[4.703s] -- Looking for pthread_create in pthreads
[4.782s] -- Looking for pthread_create in pthreads - not found
[4.783s] -- Looking for pthread_create in pthread
[4.931s] -- Looking for pthread_create in pthread - found
[4.931s] -- Found Threads: TRUE  
[7.034s] -- Found ament_lint_auto: 0.10.7 (/opt/ros/galactic/share/ament_lint_auto/cmake)
[7.245s] -- Found gtest sources under '/opt/ros/galactic/src/gtest_vendor': C++ tests using 'Google Test' will be built
[7.252s] -- Check if compiler accepts -pthread
[7.409s] -- Check if compiler accepts -pthread - yes
[7.433s] -- Added test 'copyright' to check source files copyright and LICENSE
[7.442s] -- Added test 'cppcheck' to perform static code analysis on C / C++ code
[7.442s] -- Configured cppcheck include dirs: /home/cityu/autoware/src/universe/autoware.universe/common/autoware_auto_geometry/include;/home/cityu/autoware/src/universe/autoware.universe/common/autoware_auto_geometry/test/include
[7.443s] -- Configured cppcheck exclude dirs and/or files: 
[7.444s] -- Added test 'lint_cmake' to check CMake code style
[7.445s] -- Added test 'xmllint' to check XML markup files
[7.456s] -- Configuring done
[7.570s] -- Generating done
[7.574s] -- Build files have been written to: /home/cityu/autoware/build/autoware_auto_geometry
[7.613s] Invoked command in '/home/cityu/autoware/build/autoware_auto_geometry' returned '0': AMENT_PREFIX_PATH=/home/cityu/autoware/install/autoware_auto_tf2:/home/cityu/autoware/install/autoware_auto_vehicle_msgs:/home/cityu/autoware/install/autoware_auto_common:/home/cityu/autoware/install/autoware_cmake:/home/cityu/autoware/install/autoware_auto_planning_msgs:/home/cityu/autoware/install/autoware_auto_perception_msgs:/home/cityu/autoware/install/autoware_lint_common:/home/cityu/autoware/install/autoware_auto_system_msgs:/home/cityu/autoware/install/autoware_auto_mapping_msgs:/home/cityu/autoware/install/autoware_auto_geometry_msgs:${AMENT_PREFIX_PATH} CMAKE_PREFIX_PATH=/home/cityu/autoware/install/autoware_auto_tf2:/home/cityu/autoware/install/autoware_auto_vehicle_msgs:/home/cityu/autoware/install/autoware_auto_common:/home/cityu/autoware/install/autoware_cmake:/home/cityu/autoware/install/autoware_auto_planning_msgs:/home/cityu/autoware/install/autoware_auto_perception_msgs:/home/cityu/autoware/install/autoware_lint_common:/home/cityu/autoware/install/autoware_auto_system_msgs:/home/cityu/autoware/install/autoware_auto_mapping_msgs:/home/cityu/autoware/install/autoware_auto_geometry_msgs:/opt/ros/galactic LD_LIBRARY_PATH=/home/cityu/autoware/install/autoware_auto_vehicle_msgs/lib:/home/cityu/autoware/install/autoware_auto_planning_msgs/lib:/home/cityu/autoware/install/autoware_auto_perception_msgs/lib:/home/cityu/autoware/install/autoware_auto_system_msgs/lib:/home/cityu/autoware/install/autoware_auto_mapping_msgs/lib:/home/cityu/autoware/install/autoware_auto_geometry_msgs/lib:${LD_LIBRARY_PATH} PYTHONPATH=/home/cityu/autoware/install/autoware_auto_vehicle_msgs/lib/python3.8/site-packages:/home/cityu/autoware/install/autoware_auto_planning_msgs/lib/python3.8/site-packages:/home/cityu/autoware/install/autoware_auto_perception_msgs/lib/python3.8/site-packages:/home/cityu/autoware/install/autoware_auto_system_msgs/lib/python3.8/site-packages:/home/cityu/autoware/install/autoware_auto_mapping_msgs/lib/python3.8/site-packages:/home/cityu/autoware/install/autoware_auto_geometry_msgs/lib/python3.8/site-packages:${PYTHONPATH} /usr/bin/cmake /home/cityu/autoware/src/universe/autoware.universe/common/autoware_auto_geometry -DCMAKE_BUILD_TYPE=Release -DAMENT_CMAKE_SYMLINK_INSTALL=1 -DCMAKE_INSTALL_PREFIX=/home/cityu/autoware/install/autoware_auto_geometry
[7.614s] Invoking command in '/home/cityu/autoware/build/autoware_auto_geometry': AMENT_PREFIX_PATH=/home/cityu/autoware/install/autoware_auto_tf2:/home/cityu/autoware/install/autoware_auto_vehicle_msgs:/home/cityu/autoware/install/autoware_auto_common:/home/cityu/autoware/install/autoware_cmake:/home/cityu/autoware/install/autoware_auto_planning_msgs:/home/cityu/autoware/install/autoware_auto_perception_msgs:/home/cityu/autoware/install/autoware_lint_common:/home/cityu/autoware/install/autoware_auto_system_msgs:/home/cityu/autoware/install/autoware_auto_mapping_msgs:/home/cityu/autoware/install/autoware_auto_geometry_msgs:${AMENT_PREFIX_PATH} CMAKE_PREFIX_PATH=/home/cityu/autoware/install/autoware_auto_tf2:/home/cityu/autoware/install/autoware_auto_vehicle_msgs:/home/cityu/autoware/install/autoware_auto_common:/home/cityu/autoware/install/autoware_cmake:/home/cityu/autoware/install/autoware_auto_planning_msgs:/home/cityu/autoware/install/autoware_auto_perception_msgs:/home/cityu/autoware/install/autoware_lint_common:/home/cityu/autoware/install/autoware_auto_system_msgs:/home/cityu/autoware/install/autoware_auto_mapping_msgs:/home/cityu/autoware/install/autoware_auto_geometry_msgs:/opt/ros/galactic LD_LIBRARY_PATH=/home/cityu/autoware/install/autoware_auto_vehicle_msgs/lib:/home/cityu/autoware/install/autoware_auto_planning_msgs/lib:/home/cityu/autoware/install/autoware_auto_perception_msgs/lib:/home/cityu/autoware/install/autoware_auto_system_msgs/lib:/home/cityu/autoware/install/autoware_auto_mapping_msgs/lib:/home/cityu/autoware/install/autoware_auto_geometry_msgs/lib:${LD_LIBRARY_PATH} PYTHONPATH=/home/cityu/autoware/install/autoware_auto_vehicle_msgs/lib/python3.8/site-packages:/home/cityu/autoware/install/autoware_auto_planning_msgs/lib/python3.8/site-packages:/home/cityu/autoware/install/autoware_auto_perception_msgs/lib/python3.8/site-packages:/home/cityu/autoware/install/autoware_auto_system_msgs/lib/python3.8/site-packages:/home/cityu/autoware/install/autoware_auto_mapping_msgs/lib/python3.8/site-packages:/home/cityu/autoware/install/autoware_auto_geometry_msgs/lib/python3.8/site-packages:${PYTHONPATH} /usr/bin/cmake --build /home/cityu/autoware/build/autoware_auto_geometry -- -j16 -l16
[11.730s] [35m[1mScanning dependencies of target gtest[0m
[11.730s] [  6%] [32mBuilding CXX object gtest/CMakeFiles/gtest.dir/src/gtest-all.cc.o[0m
[20.410s] [ 12%] [32m[1mLinking CXX static library libgtest.a[0m
[20.468s] [ 12%] Built target gtest
[20.486s] [35m[1mScanning dependencies of target gtest_main[0m
[20.509s] [ 18%] [32mBuilding CXX object gtest/CMakeFiles/gtest_main.dir/src/gtest_main.cc.o[0m
[22.222s] [ 25%] [32m[1mLinking CXX static library libgtest_main.a[0m
[22.274s] [ 25%] Built target gtest_main
[22.291s] [35m[1mScanning dependencies of target autoware_auto_geometry[0m
[22.366s] [ 31%] [32mBuilding CXX object CMakeFiles/autoware_auto_geometry.dir/src/spatial_hash.cpp.o[0m
[23.684s] [ 37%] [32mBuilding CXX object CMakeFiles/autoware_auto_geometry.dir/src/bounding_box.cpp.o[0m
[29.044s] [ 43%] [32m[1mLinking CXX shared library libautoware_auto_geometry.so[0m
[29.495s] [ 43%] Built target autoware_auto_geometry
[29.514s] [35m[1mScanning dependencies of target geometry_gtest[0m
[29.580s] [ 50%] [32mBuilding CXX object CMakeFiles/geometry_gtest.dir/test/src/test_geometry.cpp.o[0m
[43.388s] [ 56%] [32mBuilding CXX object CMakeFiles/geometry_gtest.dir/test/src/test_intersection.cpp.o[0m
[54.800s] [ 62%] [32mBuilding CXX object CMakeFiles/geometry_gtest.dir/test/src/test_common_2d.cpp.o[0m
[59.631s] [ 68%] [32mBuilding CXX object CMakeFiles/geometry_gtest.dir/test/src/test_area.cpp.o[0m
[64.117s] [ 75%] [32mBuilding CXX object CMakeFiles/geometry_gtest.dir/test/src/lookup_table.cpp.o[0m
[68.587s] [ 81%] [32mBuilding CXX object CMakeFiles/geometry_gtest.dir/test/src/test_interval.cpp.o[0m
[70.603s] [ 87%] [32mBuilding CXX object CMakeFiles/geometry_gtest.dir/test/src/test_hull_pockets.cpp.o[0m
[72.962s] [ 93%] [32mBuilding CXX object CMakeFiles/geometry_gtest.dir/test/src/test_convex_hull.cpp.o[0m
[76.931s] [100%] [32m[1mLinking CXX executable geometry_gtest[0m
[77.309s] [100%] Built target geometry_gtest
[77.328s] Invoked command in '/home/cityu/autoware/build/autoware_auto_geometry' returned '0': AMENT_PREFIX_PATH=/home/cityu/autoware/install/autoware_auto_tf2:/home/cityu/autoware/install/autoware_auto_vehicle_msgs:/home/cityu/autoware/install/autoware_auto_common:/home/cityu/autoware/install/autoware_cmake:/home/cityu/autoware/install/autoware_auto_planning_msgs:/home/cityu/autoware/install/autoware_auto_perception_msgs:/home/cityu/autoware/install/autoware_lint_common:/home/cityu/autoware/install/autoware_auto_system_msgs:/home/cityu/autoware/install/autoware_auto_mapping_msgs:/home/cityu/autoware/install/autoware_auto_geometry_msgs:${AMENT_PREFIX_PATH} CMAKE_PREFIX_PATH=/home/cityu/autoware/install/autoware_auto_tf2:/home/cityu/autoware/install/autoware_auto_vehicle_msgs:/home/cityu/autoware/install/autoware_auto_common:/home/cityu/autoware/install/autoware_cmake:/home/cityu/autoware/install/autoware_auto_planning_msgs:/home/cityu/autoware/install/autoware_auto_perception_msgs:/home/cityu/autoware/install/autoware_lint_common:/home/cityu/autoware/install/autoware_auto_system_msgs:/home/cityu/autoware/install/autoware_auto_mapping_msgs:/home/cityu/autoware/install/autoware_auto_geometry_msgs:/opt/ros/galactic LD_LIBRARY_PATH=/home/cityu/autoware/install/autoware_auto_vehicle_msgs/lib:/home/cityu/autoware/install/autoware_auto_planning_msgs/lib:/home/cityu/autoware/install/autoware_auto_perception_msgs/lib:/home/cityu/autoware/install/autoware_auto_system_msgs/lib:/home/cityu/autoware/install/autoware_auto_mapping_msgs/lib:/home/cityu/autoware/install/autoware_auto_geometry_msgs/lib:${LD_LIBRARY_PATH} PYTHONPATH=/home/cityu/autoware/install/autoware_auto_vehicle_msgs/lib/python3.8/site-packages:/home/cityu/autoware/install/autoware_auto_planning_msgs/lib/python3.8/site-packages:/home/cityu/autoware/install/autoware_auto_perception_msgs/lib/python3.8/site-packages:/home/cityu/autoware/install/autoware_auto_system_msgs/lib/python3.8/site-packages:/home/cityu/autoware/install/autoware_auto_mapping_msgs/lib/python3.8/site-packages:/home/cityu/autoware/install/autoware_auto_geometry_msgs/lib/python3.8/site-packages:${PYTHONPATH} /usr/bin/cmake --build /home/cityu/autoware/build/autoware_auto_geometry -- -j16 -l16
[77.374s] Invoking command in '/home/cityu/autoware/build/autoware_auto_geometry': AMENT_PREFIX_PATH=/home/cityu/autoware/install/autoware_auto_tf2:/home/cityu/autoware/install/autoware_auto_vehicle_msgs:/home/cityu/autoware/install/autoware_auto_common:/home/cityu/autoware/install/autoware_cmake:/home/cityu/autoware/install/autoware_auto_planning_msgs:/home/cityu/autoware/install/autoware_auto_perception_msgs:/home/cityu/autoware/install/autoware_lint_common:/home/cityu/autoware/install/autoware_auto_system_msgs:/home/cityu/autoware/install/autoware_auto_mapping_msgs:/home/cityu/autoware/install/autoware_auto_geometry_msgs:${AMENT_PREFIX_PATH} CMAKE_PREFIX_PATH=/home/cityu/autoware/install/autoware_auto_tf2:/home/cityu/autoware/install/autoware_auto_vehicle_msgs:/home/cityu/autoware/install/autoware_auto_common:/home/cityu/autoware/install/autoware_cmake:/home/cityu/autoware/install/autoware_auto_planning_msgs:/home/cityu/autoware/install/autoware_auto_perception_msgs:/home/cityu/autoware/install/autoware_lint_common:/home/cityu/autoware/install/autoware_auto_system_msgs:/home/cityu/autoware/install/autoware_auto_mapping_msgs:/home/cityu/autoware/install/autoware_auto_geometry_msgs:/opt/ros/galactic LD_LIBRARY_PATH=/home/cityu/autoware/install/autoware_auto_vehicle_msgs/lib:/home/cityu/autoware/install/autoware_auto_planning_msgs/lib:/home/cityu/autoware/install/autoware_auto_perception_msgs/lib:/home/cityu/autoware/install/autoware_auto_system_msgs/lib:/home/cityu/autoware/install/autoware_auto_mapping_msgs/lib:/home/cityu/autoware/install/autoware_auto_geometry_msgs/lib:${LD_LIBRARY_PATH} PYTHONPATH=/home/cityu/autoware/install/autoware_auto_vehicle_msgs/lib/python3.8/site-packages:/home/cityu/autoware/install/autoware_auto_planning_msgs/lib/python3.8/site-packages:/home/cityu/autoware/install/autoware_auto_perception_msgs/lib/python3.8/site-packages:/home/cityu/autoware/install/autoware_auto_system_msgs/lib/python3.8/site-packages:/home/cityu/autoware/install/autoware_auto_mapping_msgs/lib/python3.8/site-packages:/home/cityu/autoware/install/autoware_auto_geometry_msgs/lib/python3.8/site-packages:${PYTHONPATH} /usr/bin/cmake --install /home/cityu/autoware/build/autoware_auto_geometry
[119.641s] -- Install configuration: "Release"
[119.641s] -- Execute custom install script
[119.641s] -- Symlinking: /home/cityu/autoware/install/autoware_auto_geometry/include/geometry/bounding_box/bounding_box_common.hpp
[119.641s] -- Symlinking: /home/cityu/autoware/install/autoware_auto_geometry/include/geometry/bounding_box/eigenbox_2d.hpp
[119.642s] -- Symlinking: /home/cityu/autoware/install/autoware_auto_geometry/include/geometry/bounding_box/lfit.hpp
[119.642s] -- Symlinking: /home/cityu/autoware/install/autoware_auto_geometry/include/geometry/bounding_box/rotating_calipers.hpp
[119.642s] -- Symlinking: /home/cityu/autoware/install/autoware_auto_geometry/include/geometry/bounding_box_2d.hpp
[119.642s] -- Symlinking: /home/cityu/autoware/install/autoware_auto_geometry/include/geometry/common_2d.hpp
[119.642s] -- Symlinking: /home/cityu/autoware/install/autoware_auto_geometry/include/geometry/common_3d.hpp
[119.642s] -- Symlinking: /home/cityu/autoware/install/autoware_auto_geometry/include/geometry/convex_hull.hpp
[119.642s] -- Symlinking: /home/cityu/autoware/install/autoware_auto_geometry/include/geometry/hull_pockets.hpp
[119.642s] -- Symlinking: /home/cityu/autoware/install/autoware_auto_geometry/include/geometry/intersection.hpp
[119.642s] -- Symlinking: /home/cityu/autoware/install/autoware_auto_geometry/include/geometry/interval.hpp
[119.643s] -- Symlinking: /home/cityu/autoware/install/autoware_auto_geometry/include/geometry/lookup_table.hpp
[119.643s] -- Symlinking: /home/cityu/autoware/install/autoware_auto_geometry/include/geometry/spatial_hash.hpp
[119.643s] -- Symlinking: /home/cityu/autoware/install/autoware_auto_geometry/include/geometry/spatial_hash_config.hpp
[119.643s] -- Symlinking: /home/cityu/autoware/install/autoware_auto_geometry/include/geometry/visibility_control.hpp
[119.643s] -- Symlinking: /home/cityu/autoware/install/autoware_auto_geometry/share/autoware_auto_geometry/environment/library_path.sh
[119.643s] -- Symlinking: /home/cityu/autoware/install/autoware_auto_geometry/share/autoware_auto_geometry/environment/library_path.dsv
[119.643s] -- Symlinking: /home/cityu/autoware/install/autoware_auto_geometry/lib/libautoware_auto_geometry.so
[119.643s] -- Symlinking: /home/cityu/autoware/install/autoware_auto_geometry/share/ament_index/resource_index/package_run_dependencies/autoware_auto_geometry
[119.643s] -- Symlinking: /home/cityu/autoware/install/autoware_auto_geometry/share/ament_index/resource_index/parent_prefix_path/autoware_auto_geometry
[119.643s] -- Symlinking: /home/cityu/autoware/install/autoware_auto_geometry/share/autoware_auto_geometry/environment/ament_prefix_path.sh
[119.643s] -- Symlinking: /home/cityu/autoware/install/autoware_auto_geometry/share/autoware_auto_geometry/environment/ament_prefix_path.dsv
[119.644s] -- Symlinking: /home/cityu/autoware/install/autoware_auto_geometry/share/autoware_auto_geometry/environment/path.sh
[119.644s] -- Symlinking: /home/cityu/autoware/install/autoware_auto_geometry/share/autoware_auto_geometry/environment/path.dsv
[119.644s] -- Symlinking: /home/cityu/autoware/install/autoware_auto_geometry/share/autoware_auto_geometry/local_setup.bash
[119.644s] -- Symlinking: /home/cityu/autoware/install/autoware_auto_geometry/share/autoware_auto_geometry/local_setup.sh
[119.644s] -- Symlinking: /home/cityu/autoware/install/autoware_auto_geometry/share/autoware_auto_geometry/local_setup.zsh
[119.644s] -- Symlinking: /home/cityu/autoware/install/autoware_auto_geometry/share/autoware_auto_geometry/local_setup.dsv
[119.644s] -- Symlinking: /home/cityu/autoware/install/autoware_auto_geometry/share/autoware_auto_geometry/package.dsv
[119.644s] -- Symlinking: /home/cityu/autoware/install/autoware_auto_geometry/share/ament_index/resource_index/packages/autoware_auto_geometry
[119.644s] -- Symlinking: /home/cityu/autoware/install/autoware_auto_geometry/share/autoware_auto_geometry/cmake/ament_cmake_export_dependencies-extras.cmake
[119.645s] -- Symlinking: /home/cityu/autoware/install/autoware_auto_geometry/share/autoware_auto_geometry/cmake/ament_cmake_export_include_directories-extras.cmake
[119.645s] -- Symlinking: /home/cityu/autoware/install/autoware_auto_geometry/share/autoware_auto_geometry/cmake/ament_cmake_export_libraries-extras.cmake
[119.645s] -- Symlinking: /home/cityu/autoware/install/autoware_auto_geometry/share/autoware_auto_geometry/cmake/autoware_auto_geometryConfig.cmake
[119.645s] -- Symlinking: /home/cityu/autoware/install/autoware_auto_geometry/share/autoware_auto_geometry/cmake/autoware_auto_geometryConfig-version.cmake
[119.645s] -- Symlinking: /home/cityu/autoware/install/autoware_auto_geometry/share/autoware_auto_geometry/package.xml
[119.725s] Invoked command in '/home/cityu/autoware/build/autoware_auto_geometry' returned '0': AMENT_PREFIX_PATH=/home/cityu/autoware/install/autoware_auto_tf2:/home/cityu/autoware/install/autoware_auto_vehicle_msgs:/home/cityu/autoware/install/autoware_auto_common:/home/cityu/autoware/install/autoware_cmake:/home/cityu/autoware/install/autoware_auto_planning_msgs:/home/cityu/autoware/install/autoware_auto_perception_msgs:/home/cityu/autoware/install/autoware_lint_common:/home/cityu/autoware/install/autoware_auto_system_msgs:/home/cityu/autoware/install/autoware_auto_mapping_msgs:/home/cityu/autoware/install/autoware_auto_geometry_msgs:${AMENT_PREFIX_PATH} CMAKE_PREFIX_PATH=/home/cityu/autoware/install/autoware_auto_tf2:/home/cityu/autoware/install/autoware_auto_vehicle_msgs:/home/cityu/autoware/install/autoware_auto_common:/home/cityu/autoware/install/autoware_cmake:/home/cityu/autoware/install/autoware_auto_planning_msgs:/home/cityu/autoware/install/autoware_auto_perception_msgs:/home/cityu/autoware/install/autoware_lint_common:/home/cityu/autoware/install/autoware_auto_system_msgs:/home/cityu/autoware/install/autoware_auto_mapping_msgs:/home/cityu/autoware/install/autoware_auto_geometry_msgs:/opt/ros/galactic LD_LIBRARY_PATH=/home/cityu/autoware/install/autoware_auto_vehicle_msgs/lib:/home/cityu/autoware/install/autoware_auto_planning_msgs/lib:/home/cityu/autoware/install/autoware_auto_perception_msgs/lib:/home/cityu/autoware/install/autoware_auto_system_msgs/lib:/home/cityu/autoware/install/autoware_auto_mapping_msgs/lib:/home/cityu/autoware/install/autoware_auto_geometry_msgs/lib:${LD_LIBRARY_PATH} PYTHONPATH=/home/cityu/autoware/install/autoware_auto_vehicle_msgs/lib/python3.8/site-packages:/home/cityu/autoware/install/autoware_auto_planning_msgs/lib/python3.8/site-packages:/home/cityu/autoware/install/autoware_auto_perception_msgs/lib/python3.8/site-packages:/home/cityu/autoware/install/autoware_auto_system_msgs/lib/python3.8/site-packages:/home/cityu/autoware/install/autoware_auto_mapping_msgs/lib/python3.8/site-packages:/home/cityu/autoware/install/autoware_auto_geometry_msgs/lib/python3.8/site-packages:${PYTHONPATH} /usr/bin/cmake --install /home/cityu/autoware/build/autoware_auto_geometry
