[0.078s] Invoking command in '/home/cityu/autoware/build/lidar_apollo_segmentation_tvm_nodes': AMENT_PREFIX_PATH=/home/cityu/autoware/install/lidar_apollo_segmentation_tvm:/home/cityu/autoware/install/autoware_auto_geometry:/home/cityu/autoware/install/tvm_utility:/home/cityu/autoware/install/autoware_auto_tf2:/home/cityu/autoware/install/tier4_perception_msgs:/home/cityu/autoware/install/autoware_auto_vehicle_msgs:/home/cityu/autoware/install/autoware_auto_common:/home/cityu/autoware/install/autoware_cmake:/home/cityu/autoware/install/autoware_auto_planning_msgs:/home/cityu/autoware/install/autoware_auto_perception_msgs:/home/cityu/autoware/install/autoware_lint_common:/home/cityu/autoware/install/autoware_auto_system_msgs:/home/cityu/autoware/install/autoware_auto_mapping_msgs:/home/cityu/autoware/install/autoware_auto_geometry_msgs:${AMENT_PREFIX_PATH} CMAKE_PREFIX_PATH=/home/cityu/autoware/install/lidar_apollo_segmentation_tvm:/home/cityu/autoware/install/autoware_auto_geometry:/home/cityu/autoware/install/tvm_utility:/home/cityu/autoware/install/autoware_auto_tf2:/home/cityu/autoware/install/tier4_perception_msgs:/home/cityu/autoware/install/autoware_auto_vehicle_msgs:/home/cityu/autoware/install/autoware_auto_common:/home/cityu/autoware/install/autoware_cmake:/home/cityu/autoware/install/autoware_auto_planning_msgs:/home/cityu/autoware/install/autoware_auto_perception_msgs:/home/cityu/autoware/install/autoware_lint_common:/home/cityu/autoware/install/autoware_auto_system_msgs:/home/cityu/autoware/install/autoware_auto_mapping_msgs:/home/cityu/autoware/install/autoware_auto_geometry_msgs:/opt/ros/galactic LD_LIBRARY_PATH=/home/cityu/autoware/install/autoware_auto_geometry/lib:/home/cityu/autoware/install/tvm_utility/lib:/home/cityu/autoware/install/tier4_perception_msgs/lib:/home/cityu/autoware/install/autoware_auto_vehicle_msgs/lib:/home/cityu/autoware/install/autoware_auto_planning_msgs/lib:/home/cityu/autoware/install/autoware_auto_perception_msgs/lib:/home/cityu/autoware/install/autoware_auto_system_msgs/lib:/home/cityu/autoware/install/autoware_auto_mapping_msgs/lib:/home/cityu/autoware/install/autoware_auto_geometry_msgs/lib:${LD_LIBRARY_PATH} PYTHONPATH=/home/cityu/autoware/install/tier4_perception_msgs/lib/python3.8/site-packages:/home/cityu/autoware/install/autoware_auto_vehicle_msgs/lib/python3.8/site-packages:/home/cityu/autoware/install/autoware_auto_planning_msgs/lib/python3.8/site-packages:/home/cityu/autoware/install/autoware_auto_perception_msgs/lib/python3.8/site-packages:/home/cityu/autoware/install/autoware_auto_system_msgs/lib/python3.8/site-packages:/home/cityu/autoware/install/autoware_auto_mapping_msgs/lib/python3.8/site-packages:/home/cityu/autoware/install/autoware_auto_geometry_msgs/lib/python3.8/site-packages:${PYTHONPATH} /usr/bin/cmake /home/cityu/autoware/src/universe/autoware.universe/perception/lidar_apollo_segmentation_tvm_nodes -DCMAKE_BUILD_TYPE=Release -DAMENT_CMAKE_SYMLINK_INSTALL=1 -DCMAKE_INSTALL_PREFIX=/home/cityu/autoware/install/lidar_apollo_segmentation_tvm_nodes
[11.319s] -- The C compiler identification is GNU 9.4.0
[11.319s] -- The CXX compiler identification is GNU 9.4.0
[11.319s] -- Check for working C compiler: /usr/bin/cc
[11.319s] -- Check for working C compiler: /usr/bin/cc -- works
[11.319s] -- Detecting C compiler ABI info
[11.320s] -- Detecting C compiler ABI info - done
[11.320s] -- Detecting C compile features
[11.320s] -- Detecting C compile features - done
[11.320s] -- Check for working CXX compiler: /usr/bin/c++
[11.320s] -- Check for working CXX compiler: /usr/bin/c++ -- works
[11.320s] -- Detecting CXX compiler ABI info
[11.320s] -- Detecting CXX compiler ABI info - done
[11.320s] -- Detecting CXX compile features
[11.320s] -- Detecting CXX compile features - done
[11.320s] -- Found autoware_cmake: 0.1.0 (/home/cityu/autoware/install/autoware_cmake/share/autoware_cmake/cmake)
[11.320s] -- Found ament_cmake_auto: 1.1.6 (/opt/ros/galactic/share/ament_cmake_auto/cmake)
[11.321s] -- Found PythonInterp: /usr/bin/python3 (found suitable version "3.8.10", minimum required is "3") 
[11.329s] -- Using PYTHON_EXECUTABLE: /usr/bin/python3
[11.329s] -- Override CMake install command with custom implementation using symlinks instead of copying resources
[11.330s] -- Using all available rosidl_typesupport_c: rosidl_typesupport_fastrtps_c;rosidl_typesupport_introspection_c
[11.330s] -- Found rosidl_adapter: 2.2.3 (/opt/ros/galactic/share/rosidl_adapter/cmake)
[11.330s] -- Found OpenSSL: /usr/lib/x86_64-linux-gnu/libcrypto.so (found version "1.1.1f")  
[11.331s] -- Found FastRTPS: /opt/ros/galactic/include  
[11.331s] -- Using all available rosidl_typesupport_cpp: rosidl_typesupport_fastrtps_cpp;rosidl_typesupport_introspection_cpp
[11.331s] -- Found eigen3_cmake_module: 0.1.1 (/opt/ros/galactic/share/eigen3_cmake_module/cmake)
[11.331s] -- Found Eigen3: TRUE (found version "3.3.7") 
[11.331s] -- Found rmw_implementation_cmake: 3.3.1 (/opt/ros/galactic/share/rmw_implementation_cmake/cmake)
[11.331s] -- Found rmw_cyclonedds_cpp: 0.22.6 (/opt/ros/galactic/share/rmw_cyclonedds_cpp/cmake)
[11.332s] -- Using RMW implementation 'rmw_cyclonedds_cpp' as default
[11.338s] -- Looking for pthread.h
[11.339s] -- Looking for pthread.h - found
[11.339s] -- Performing Test CMAKE_HAVE_LIBC_PTHREAD
[11.340s] -- Performing Test CMAKE_HAVE_LIBC_PTHREAD - Failed
[11.340s] -- Looking for pthread_create in pthreads
[11.340s] -- Looking for pthread_create in pthreads - not found
[11.341s] -- Looking for pthread_create in pthread
[11.342s] -- Looking for pthread_create in pthread - found
[11.348s] -- Found Threads: TRUE  
[11.348s] -- Found ament_lint_auto: 0.10.7 (/opt/ros/galactic/share/ament_lint_auto/cmake)
[11.349s] -- Found launch_testing_ament_cmake: 0.17.2 (/opt/ros/galactic/share/launch_testing_ament_cmake/cmake)
[11.349s] -- Found python_cmake_module: 0.8.1 (/opt/ros/galactic/share/python_cmake_module/cmake)
[11.350s] -- Found PythonInterp: /usr/bin/python3 (found suitable version "3.8.10", minimum required is "3.5") 
[11.350s] -- Found PythonLibs: /usr/lib/x86_64-linux-gnu/libpython3.8.so (found suitable version "3.8.10", minimum required is "3.5") 
[11.351s] -- Using PYTHON_EXECUTABLE: /usr/bin/python3
[11.351s] -- Using PYTHON_INCLUDE_DIRS: /usr/include/python3.8
[11.352s] -- Using PYTHON_LIBRARIES: /usr/lib/x86_64-linux-gnu/libpython3.8.so
[11.352s] -- Found PythonExtra: .so  
[11.352s] -- Added test 'copyright' to check source files copyright and LICENSE
[11.353s] -- Added test 'cppcheck' to perform static code analysis on C / C++ code
[11.353s] -- Configured cppcheck include dirs: 
[11.353s] -- Configured cppcheck exclude dirs and/or files: 
[11.353s] -- Added test 'lint_cmake' to check CMake code style
[11.353s] -- Added test 'xmllint' to check XML markup files
[11.354s] -- Configuring done
[11.354s] -- Generating done
[11.359s] -- Build files have been written to: /home/cityu/autoware/build/lidar_apollo_segmentation_tvm_nodes
[11.360s] CMake Warning at CMakeLists.txt:50 (message):
[11.360s]   lidar_apollo_segmentation_tvm not built, skipping package.
[11.360s] 
[11.360s] 
[11.398s] Invoked command in '/home/cityu/autoware/build/lidar_apollo_segmentation_tvm_nodes' returned '0': AMENT_PREFIX_PATH=/home/cityu/autoware/install/lidar_apollo_segmentation_tvm:/home/cityu/autoware/install/autoware_auto_geometry:/home/cityu/autoware/install/tvm_utility:/home/cityu/autoware/install/autoware_auto_tf2:/home/cityu/autoware/install/tier4_perception_msgs:/home/cityu/autoware/install/autoware_auto_vehicle_msgs:/home/cityu/autoware/install/autoware_auto_common:/home/cityu/autoware/install/autoware_cmake:/home/cityu/autoware/install/autoware_auto_planning_msgs:/home/cityu/autoware/install/autoware_auto_perception_msgs:/home/cityu/autoware/install/autoware_lint_common:/home/cityu/autoware/install/autoware_auto_system_msgs:/home/cityu/autoware/install/autoware_auto_mapping_msgs:/home/cityu/autoware/install/autoware_auto_geometry_msgs:${AMENT_PREFIX_PATH} CMAKE_PREFIX_PATH=/home/cityu/autoware/install/lidar_apollo_segmentation_tvm:/home/cityu/autoware/install/autoware_auto_geometry:/home/cityu/autoware/install/tvm_utility:/home/cityu/autoware/install/autoware_auto_tf2:/home/cityu/autoware/install/tier4_perception_msgs:/home/cityu/autoware/install/autoware_auto_vehicle_msgs:/home/cityu/autoware/install/autoware_auto_common:/home/cityu/autoware/install/autoware_cmake:/home/cityu/autoware/install/autoware_auto_planning_msgs:/home/cityu/autoware/install/autoware_auto_perception_msgs:/home/cityu/autoware/install/autoware_lint_common:/home/cityu/autoware/install/autoware_auto_system_msgs:/home/cityu/autoware/install/autoware_auto_mapping_msgs:/home/cityu/autoware/install/autoware_auto_geometry_msgs:/opt/ros/galactic LD_LIBRARY_PATH=/home/cityu/autoware/install/autoware_auto_geometry/lib:/home/cityu/autoware/install/tvm_utility/lib:/home/cityu/autoware/install/tier4_perception_msgs/lib:/home/cityu/autoware/install/autoware_auto_vehicle_msgs/lib:/home/cityu/autoware/install/autoware_auto_planning_msgs/lib:/home/cityu/autoware/install/autoware_auto_perception_msgs/lib:/home/cityu/autoware/install/autoware_auto_system_msgs/lib:/home/cityu/autoware/install/autoware_auto_mapping_msgs/lib:/home/cityu/autoware/install/autoware_auto_geometry_msgs/lib:${LD_LIBRARY_PATH} PYTHONPATH=/home/cityu/autoware/install/tier4_perception_msgs/lib/python3.8/site-packages:/home/cityu/autoware/install/autoware_auto_vehicle_msgs/lib/python3.8/site-packages:/home/cityu/autoware/install/autoware_auto_planning_msgs/lib/python3.8/site-packages:/home/cityu/autoware/install/autoware_auto_perception_msgs/lib/python3.8/site-packages:/home/cityu/autoware/install/autoware_auto_system_msgs/lib/python3.8/site-packages:/home/cityu/autoware/install/autoware_auto_mapping_msgs/lib/python3.8/site-packages:/home/cityu/autoware/install/autoware_auto_geometry_msgs/lib/python3.8/site-packages:${PYTHONPATH} /usr/bin/cmake /home/cityu/autoware/src/universe/autoware.universe/perception/lidar_apollo_segmentation_tvm_nodes -DCMAKE_BUILD_TYPE=Release -DAMENT_CMAKE_SYMLINK_INSTALL=1 -DCMAKE_INSTALL_PREFIX=/home/cityu/autoware/install/lidar_apollo_segmentation_tvm_nodes
[11.406s] Invoking command in '/home/cityu/autoware/build/lidar_apollo_segmentation_tvm_nodes': AMENT_PREFIX_PATH=/home/cityu/autoware/install/lidar_apollo_segmentation_tvm:/home/cityu/autoware/install/autoware_auto_geometry:/home/cityu/autoware/install/tvm_utility:/home/cityu/autoware/install/autoware_auto_tf2:/home/cityu/autoware/install/tier4_perception_msgs:/home/cityu/autoware/install/autoware_auto_vehicle_msgs:/home/cityu/autoware/install/autoware_auto_common:/home/cityu/autoware/install/autoware_cmake:/home/cityu/autoware/install/autoware_auto_planning_msgs:/home/cityu/autoware/install/autoware_auto_perception_msgs:/home/cityu/autoware/install/autoware_lint_common:/home/cityu/autoware/install/autoware_auto_system_msgs:/home/cityu/autoware/install/autoware_auto_mapping_msgs:/home/cityu/autoware/install/autoware_auto_geometry_msgs:${AMENT_PREFIX_PATH} CMAKE_PREFIX_PATH=/home/cityu/autoware/install/lidar_apollo_segmentation_tvm:/home/cityu/autoware/install/autoware_auto_geometry:/home/cityu/autoware/install/tvm_utility:/home/cityu/autoware/install/autoware_auto_tf2:/home/cityu/autoware/install/tier4_perception_msgs:/home/cityu/autoware/install/autoware_auto_vehicle_msgs:/home/cityu/autoware/install/autoware_auto_common:/home/cityu/autoware/install/autoware_cmake:/home/cityu/autoware/install/autoware_auto_planning_msgs:/home/cityu/autoware/install/autoware_auto_perception_msgs:/home/cityu/autoware/install/autoware_lint_common:/home/cityu/autoware/install/autoware_auto_system_msgs:/home/cityu/autoware/install/autoware_auto_mapping_msgs:/home/cityu/autoware/install/autoware_auto_geometry_msgs:/opt/ros/galactic LD_LIBRARY_PATH=/home/cityu/autoware/install/autoware_auto_geometry/lib:/home/cityu/autoware/install/tvm_utility/lib:/home/cityu/autoware/install/tier4_perception_msgs/lib:/home/cityu/autoware/install/autoware_auto_vehicle_msgs/lib:/home/cityu/autoware/install/autoware_auto_planning_msgs/lib:/home/cityu/autoware/install/autoware_auto_perception_msgs/lib:/home/cityu/autoware/install/autoware_auto_system_msgs/lib:/home/cityu/autoware/install/autoware_auto_mapping_msgs/lib:/home/cityu/autoware/install/autoware_auto_geometry_msgs/lib:${LD_LIBRARY_PATH} PYTHONPATH=/home/cityu/autoware/install/tier4_perception_msgs/lib/python3.8/site-packages:/home/cityu/autoware/install/autoware_auto_vehicle_msgs/lib/python3.8/site-packages:/home/cityu/autoware/install/autoware_auto_planning_msgs/lib/python3.8/site-packages:/home/cityu/autoware/install/autoware_auto_perception_msgs/lib/python3.8/site-packages:/home/cityu/autoware/install/autoware_auto_system_msgs/lib/python3.8/site-packages:/home/cityu/autoware/install/autoware_auto_mapping_msgs/lib/python3.8/site-packages:/home/cityu/autoware/install/autoware_auto_geometry_msgs/lib/python3.8/site-packages:${PYTHONPATH} /usr/bin/cmake --build /home/cityu/autoware/build/lidar_apollo_segmentation_tvm_nodes -- -j16 -l16
[15.078s] Invoked command in '/home/cityu/autoware/build/lidar_apollo_segmentation_tvm_nodes' returned '0': AMENT_PREFIX_PATH=/home/cityu/autoware/install/lidar_apollo_segmentation_tvm:/home/cityu/autoware/install/autoware_auto_geometry:/home/cityu/autoware/install/tvm_utility:/home/cityu/autoware/install/autoware_auto_tf2:/home/cityu/autoware/install/tier4_perception_msgs:/home/cityu/autoware/install/autoware_auto_vehicle_msgs:/home/cityu/autoware/install/autoware_auto_common:/home/cityu/autoware/install/autoware_cmake:/home/cityu/autoware/install/autoware_auto_planning_msgs:/home/cityu/autoware/install/autoware_auto_perception_msgs:/home/cityu/autoware/install/autoware_lint_common:/home/cityu/autoware/install/autoware_auto_system_msgs:/home/cityu/autoware/install/autoware_auto_mapping_msgs:/home/cityu/autoware/install/autoware_auto_geometry_msgs:${AMENT_PREFIX_PATH} CMAKE_PREFIX_PATH=/home/cityu/autoware/install/lidar_apollo_segmentation_tvm:/home/cityu/autoware/install/autoware_auto_geometry:/home/cityu/autoware/install/tvm_utility:/home/cityu/autoware/install/autoware_auto_tf2:/home/cityu/autoware/install/tier4_perception_msgs:/home/cityu/autoware/install/autoware_auto_vehicle_msgs:/home/cityu/autoware/install/autoware_auto_common:/home/cityu/autoware/install/autoware_cmake:/home/cityu/autoware/install/autoware_auto_planning_msgs:/home/cityu/autoware/install/autoware_auto_perception_msgs:/home/cityu/autoware/install/autoware_lint_common:/home/cityu/autoware/install/autoware_auto_system_msgs:/home/cityu/autoware/install/autoware_auto_mapping_msgs:/home/cityu/autoware/install/autoware_auto_geometry_msgs:/opt/ros/galactic LD_LIBRARY_PATH=/home/cityu/autoware/install/autoware_auto_geometry/lib:/home/cityu/autoware/install/tvm_utility/lib:/home/cityu/autoware/install/tier4_perception_msgs/lib:/home/cityu/autoware/install/autoware_auto_vehicle_msgs/lib:/home/cityu/autoware/install/autoware_auto_planning_msgs/lib:/home/cityu/autoware/install/autoware_auto_perception_msgs/lib:/home/cityu/autoware/install/autoware_auto_system_msgs/lib:/home/cityu/autoware/install/autoware_auto_mapping_msgs/lib:/home/cityu/autoware/install/autoware_auto_geometry_msgs/lib:${LD_LIBRARY_PATH} PYTHONPATH=/home/cityu/autoware/install/tier4_perception_msgs/lib/python3.8/site-packages:/home/cityu/autoware/install/autoware_auto_vehicle_msgs/lib/python3.8/site-packages:/home/cityu/autoware/install/autoware_auto_planning_msgs/lib/python3.8/site-packages:/home/cityu/autoware/install/autoware_auto_perception_msgs/lib/python3.8/site-packages:/home/cityu/autoware/install/autoware_auto_system_msgs/lib/python3.8/site-packages:/home/cityu/autoware/install/autoware_auto_mapping_msgs/lib/python3.8/site-packages:/home/cityu/autoware/install/autoware_auto_geometry_msgs/lib/python3.8/site-packages:${PYTHONPATH} /usr/bin/cmake --build /home/cityu/autoware/build/lidar_apollo_segmentation_tvm_nodes -- -j16 -l16
[15.179s] Invoking command in '/home/cityu/autoware/build/lidar_apollo_segmentation_tvm_nodes': AMENT_PREFIX_PATH=/home/cityu/autoware/install/lidar_apollo_segmentation_tvm:/home/cityu/autoware/install/autoware_auto_geometry:/home/cityu/autoware/install/tvm_utility:/home/cityu/autoware/install/autoware_auto_tf2:/home/cityu/autoware/install/tier4_perception_msgs:/home/cityu/autoware/install/autoware_auto_vehicle_msgs:/home/cityu/autoware/install/autoware_auto_common:/home/cityu/autoware/install/autoware_cmake:/home/cityu/autoware/install/autoware_auto_planning_msgs:/home/cityu/autoware/install/autoware_auto_perception_msgs:/home/cityu/autoware/install/autoware_lint_common:/home/cityu/autoware/install/autoware_auto_system_msgs:/home/cityu/autoware/install/autoware_auto_mapping_msgs:/home/cityu/autoware/install/autoware_auto_geometry_msgs:${AMENT_PREFIX_PATH} CMAKE_PREFIX_PATH=/home/cityu/autoware/install/lidar_apollo_segmentation_tvm:/home/cityu/autoware/install/autoware_auto_geometry:/home/cityu/autoware/install/tvm_utility:/home/cityu/autoware/install/autoware_auto_tf2:/home/cityu/autoware/install/tier4_perception_msgs:/home/cityu/autoware/install/autoware_auto_vehicle_msgs:/home/cityu/autoware/install/autoware_auto_common:/home/cityu/autoware/install/autoware_cmake:/home/cityu/autoware/install/autoware_auto_planning_msgs:/home/cityu/autoware/install/autoware_auto_perception_msgs:/home/cityu/autoware/install/autoware_lint_common:/home/cityu/autoware/install/autoware_auto_system_msgs:/home/cityu/autoware/install/autoware_auto_mapping_msgs:/home/cityu/autoware/install/autoware_auto_geometry_msgs:/opt/ros/galactic LD_LIBRARY_PATH=/home/cityu/autoware/install/autoware_auto_geometry/lib:/home/cityu/autoware/install/tvm_utility/lib:/home/cityu/autoware/install/tier4_perception_msgs/lib:/home/cityu/autoware/install/autoware_auto_vehicle_msgs/lib:/home/cityu/autoware/install/autoware_auto_planning_msgs/lib:/home/cityu/autoware/install/autoware_auto_perception_msgs/lib:/home/cityu/autoware/install/autoware_auto_system_msgs/lib:/home/cityu/autoware/install/autoware_auto_mapping_msgs/lib:/home/cityu/autoware/install/autoware_auto_geometry_msgs/lib:${LD_LIBRARY_PATH} PYTHONPATH=/home/cityu/autoware/install/tier4_perception_msgs/lib/python3.8/site-packages:/home/cityu/autoware/install/autoware_auto_vehicle_msgs/lib/python3.8/site-packages:/home/cityu/autoware/install/autoware_auto_planning_msgs/lib/python3.8/site-packages:/home/cityu/autoware/install/autoware_auto_perception_msgs/lib/python3.8/site-packages:/home/cityu/autoware/install/autoware_auto_system_msgs/lib/python3.8/site-packages:/home/cityu/autoware/install/autoware_auto_mapping_msgs/lib/python3.8/site-packages:/home/cityu/autoware/install/autoware_auto_geometry_msgs/lib/python3.8/site-packages:${PYTHONPATH} /usr/bin/cmake --install /home/cityu/autoware/build/lidar_apollo_segmentation_tvm_nodes
[37.539s] -- Install configuration: "Release"
[37.539s] -- Execute custom install script
[37.539s] -- Symlinking: /home/cityu/autoware/install/lidar_apollo_segmentation_tvm_nodes/include/lidar_apollo_segmentation_tvm_nodes/lidar_apollo_segmentation_tvm_node.hpp
[37.540s] -- Symlinking: /home/cityu/autoware/install/lidar_apollo_segmentation_tvm_nodes/include/lidar_apollo_segmentation_tvm_nodes/visibility_control.hpp
[37.540s] -- Symlinking: /home/cityu/autoware/install/lidar_apollo_segmentation_tvm_nodes/share/ament_index/resource_index/package_run_dependencies/lidar_apollo_segmentation_tvm_nodes
[37.540s] -- Symlinking: /home/cityu/autoware/install/lidar_apollo_segmentation_tvm_nodes/share/ament_index/resource_index/parent_prefix_path/lidar_apollo_segmentation_tvm_nodes
[37.540s] -- Symlinking: /home/cityu/autoware/install/lidar_apollo_segmentation_tvm_nodes/share/lidar_apollo_segmentation_tvm_nodes/environment/ament_prefix_path.sh
[37.540s] -- Symlinking: /home/cityu/autoware/install/lidar_apollo_segmentation_tvm_nodes/share/lidar_apollo_segmentation_tvm_nodes/environment/ament_prefix_path.dsv
[37.540s] -- Symlinking: /home/cityu/autoware/install/lidar_apollo_segmentation_tvm_nodes/share/lidar_apollo_segmentation_tvm_nodes/environment/path.sh
[37.540s] -- Symlinking: /home/cityu/autoware/install/lidar_apollo_segmentation_tvm_nodes/share/lidar_apollo_segmentation_tvm_nodes/environment/path.dsv
[37.540s] -- Symlinking: /home/cityu/autoware/install/lidar_apollo_segmentation_tvm_nodes/share/lidar_apollo_segmentation_tvm_nodes/local_setup.bash
[37.541s] -- Symlinking: /home/cityu/autoware/install/lidar_apollo_segmentation_tvm_nodes/share/lidar_apollo_segmentation_tvm_nodes/local_setup.sh
[37.541s] -- Symlinking: /home/cityu/autoware/install/lidar_apollo_segmentation_tvm_nodes/share/lidar_apollo_segmentation_tvm_nodes/local_setup.zsh
[37.541s] -- Symlinking: /home/cityu/autoware/install/lidar_apollo_segmentation_tvm_nodes/share/lidar_apollo_segmentation_tvm_nodes/local_setup.dsv
[37.541s] -- Symlinking: /home/cityu/autoware/install/lidar_apollo_segmentation_tvm_nodes/share/lidar_apollo_segmentation_tvm_nodes/package.dsv
[37.541s] -- Symlinking: /home/cityu/autoware/install/lidar_apollo_segmentation_tvm_nodes/share/ament_index/resource_index/packages/lidar_apollo_segmentation_tvm_nodes
[37.541s] -- Symlinking: /home/cityu/autoware/install/lidar_apollo_segmentation_tvm_nodes/share/lidar_apollo_segmentation_tvm_nodes/cmake/ament_cmake_export_dependencies-extras.cmake
[37.541s] -- Symlinking: /home/cityu/autoware/install/lidar_apollo_segmentation_tvm_nodes/share/lidar_apollo_segmentation_tvm_nodes/cmake/ament_cmake_export_include_directories-extras.cmake
[37.541s] -- Symlinking: /home/cityu/autoware/install/lidar_apollo_segmentation_tvm_nodes/share/lidar_apollo_segmentation_tvm_nodes/cmake/lidar_apollo_segmentation_tvm_nodesConfig.cmake
[37.541s] -- Symlinking: /home/cityu/autoware/install/lidar_apollo_segmentation_tvm_nodes/share/lidar_apollo_segmentation_tvm_nodes/cmake/lidar_apollo_segmentation_tvm_nodesConfig-version.cmake
[37.541s] -- Symlinking: /home/cityu/autoware/install/lidar_apollo_segmentation_tvm_nodes/share/lidar_apollo_segmentation_tvm_nodes/package.xml
[37.615s] Invoked command in '/home/cityu/autoware/build/lidar_apollo_segmentation_tvm_nodes' returned '0': AMENT_PREFIX_PATH=/home/cityu/autoware/install/lidar_apollo_segmentation_tvm:/home/cityu/autoware/install/autoware_auto_geometry:/home/cityu/autoware/install/tvm_utility:/home/cityu/autoware/install/autoware_auto_tf2:/home/cityu/autoware/install/tier4_perception_msgs:/home/cityu/autoware/install/autoware_auto_vehicle_msgs:/home/cityu/autoware/install/autoware_auto_common:/home/cityu/autoware/install/autoware_cmake:/home/cityu/autoware/install/autoware_auto_planning_msgs:/home/cityu/autoware/install/autoware_auto_perception_msgs:/home/cityu/autoware/install/autoware_lint_common:/home/cityu/autoware/install/autoware_auto_system_msgs:/home/cityu/autoware/install/autoware_auto_mapping_msgs:/home/cityu/autoware/install/autoware_auto_geometry_msgs:${AMENT_PREFIX_PATH} CMAKE_PREFIX_PATH=/home/cityu/autoware/install/lidar_apollo_segmentation_tvm:/home/cityu/autoware/install/autoware_auto_geometry:/home/cityu/autoware/install/tvm_utility:/home/cityu/autoware/install/autoware_auto_tf2:/home/cityu/autoware/install/tier4_perception_msgs:/home/cityu/autoware/install/autoware_auto_vehicle_msgs:/home/cityu/autoware/install/autoware_auto_common:/home/cityu/autoware/install/autoware_cmake:/home/cityu/autoware/install/autoware_auto_planning_msgs:/home/cityu/autoware/install/autoware_auto_perception_msgs:/home/cityu/autoware/install/autoware_lint_common:/home/cityu/autoware/install/autoware_auto_system_msgs:/home/cityu/autoware/install/autoware_auto_mapping_msgs:/home/cityu/autoware/install/autoware_auto_geometry_msgs:/opt/ros/galactic LD_LIBRARY_PATH=/home/cityu/autoware/install/autoware_auto_geometry/lib:/home/cityu/autoware/install/tvm_utility/lib:/home/cityu/autoware/install/tier4_perception_msgs/lib:/home/cityu/autoware/install/autoware_auto_vehicle_msgs/lib:/home/cityu/autoware/install/autoware_auto_planning_msgs/lib:/home/cityu/autoware/install/autoware_auto_perception_msgs/lib:/home/cityu/autoware/install/autoware_auto_system_msgs/lib:/home/cityu/autoware/install/autoware_auto_mapping_msgs/lib:/home/cityu/autoware/install/autoware_auto_geometry_msgs/lib:${LD_LIBRARY_PATH} PYTHONPATH=/home/cityu/autoware/install/tier4_perception_msgs/lib/python3.8/site-packages:/home/cityu/autoware/install/autoware_auto_vehicle_msgs/lib/python3.8/site-packages:/home/cityu/autoware/install/autoware_auto_planning_msgs/lib/python3.8/site-packages:/home/cityu/autoware/install/autoware_auto_perception_msgs/lib/python3.8/site-packages:/home/cityu/autoware/install/autoware_auto_system_msgs/lib/python3.8/site-packages:/home/cityu/autoware/install/autoware_auto_mapping_msgs/lib/python3.8/site-packages:/home/cityu/autoware/install/autoware_auto_geometry_msgs/lib/python3.8/site-packages:${PYTHONPATH} /usr/bin/cmake --install /home/cityu/autoware/build/lidar_apollo_segmentation_tvm_nodes
