[0.239s] Invoking command in '/home/cityu/autoware/build/bag_time_manager_rviz_plugin': AMENT_PREFIX_PATH=/home/cityu/autoware/install/autoware_cmake:/home/cityu/autoware/install/autoware_lint_common:${AMENT_PREFIX_PATH} CMAKE_PREFIX_PATH=/home/cityu/autoware/install/autoware_cmake:/home/cityu/autoware/install/autoware_lint_common:/opt/ros/galactic /usr/bin/cmake --build /home/cityu/autoware/build/bag_time_manager_rviz_plugin -- -j16 -l16
[0.289s] [ 25%] [34m[1mAutomatic MOC for target bag_time_manager_rviz_plugin[0m
[0.299s] [ 25%] Built target bag_time_manager_rviz_plugin_autogen
[0.336s] [100%] Built target bag_time_manager_rviz_plugin
[0.479s] Invoked command in '/home/cityu/autoware/build/bag_time_manager_rviz_plugin' returned '0': AMENT_PREFIX_PATH=/home/cityu/autoware/install/autoware_cmake:/home/cityu/autoware/install/autoware_lint_common:${AMENT_PREFIX_PATH} CMAKE_PREFIX_PATH=/home/cityu/autoware/install/autoware_cmake:/home/cityu/autoware/install/autoware_lint_common:/opt/ros/galactic /usr/bin/cmake --build /home/cityu/autoware/build/bag_time_manager_rviz_plugin -- -j16 -l16
[0.649s] Invoking command in '/home/cityu/autoware/build/bag_time_manager_rviz_plugin': AMENT_PREFIX_PATH=/home/cityu/autoware/install/autoware_cmake:/home/cityu/autoware/install/autoware_lint_common:${AMENT_PREFIX_PATH} CMAKE_PREFIX_PATH=/home/cityu/autoware/install/autoware_cmake:/home/cityu/autoware/install/autoware_lint_common:/opt/ros/galactic /usr/bin/cmake --install /home/cityu/autoware/build/bag_time_manager_rviz_plugin
[0.680s] -- Install configuration: "Release"
[0.680s] -- Execute custom install script
[0.681s] -- Up-to-date symlink: /home/cityu/autoware/install/bag_time_manager_rviz_plugin/share/bag_time_manager_rviz_plugin/plugins/plugin_description.xml
[0.682s] -- Up-to-date symlink: /home/cityu/autoware/install/bag_time_manager_rviz_plugin/share/bag_time_manager_rviz_plugin/environment/library_path.sh
[0.682s] -- Up-to-date symlink: /home/cityu/autoware/install/bag_time_manager_rviz_plugin/share/bag_time_manager_rviz_plugin/environment/library_path.dsv
[0.682s] -- Up-to-date symlink: /home/cityu/autoware/install/bag_time_manager_rviz_plugin/lib/libbag_time_manager_rviz_plugin.so
[0.682s] -- Up-to-date symlink: /home/cityu/autoware/install/bag_time_manager_rviz_plugin/share/bag_time_manager_rviz_plugin/icons/classes/BagTimeManagerPanel.png
[0.682s] -- Up-to-date symlink: /home/cityu/autoware/install/bag_time_manager_rviz_plugin/share/bag_time_manager_rviz_plugin/plugins/plugin_description.xml
[0.683s] -- Up-to-date symlink: /home/cityu/autoware/install/bag_time_manager_rviz_plugin/share/ament_index/resource_index/package_run_dependencies/bag_time_manager_rviz_plugin
[0.684s] -- Up-to-date symlink: /home/cityu/autoware/install/bag_time_manager_rviz_plugin/share/ament_index/resource_index/parent_prefix_path/bag_time_manager_rviz_plugin
[0.684s] -- Up-to-date symlink: /home/cityu/autoware/install/bag_time_manager_rviz_plugin/share/bag_time_manager_rviz_plugin/environment/ament_prefix_path.sh
[0.684s] -- Up-to-date symlink: /home/cityu/autoware/install/bag_time_manager_rviz_plugin/share/bag_time_manager_rviz_plugin/environment/ament_prefix_path.dsv
[0.684s] -- Up-to-date symlink: /home/cityu/autoware/install/bag_time_manager_rviz_plugin/share/bag_time_manager_rviz_plugin/environment/path.sh
[0.685s] -- Up-to-date symlink: /home/cityu/autoware/install/bag_time_manager_rviz_plugin/share/bag_time_manager_rviz_plugin/environment/path.dsv
[0.685s] -- Up-to-date symlink: /home/cityu/autoware/install/bag_time_manager_rviz_plugin/share/bag_time_manager_rviz_plugin/local_setup.bash
[0.685s] -- Up-to-date symlink: /home/cityu/autoware/install/bag_time_manager_rviz_plugin/share/bag_time_manager_rviz_plugin/local_setup.sh
[0.685s] -- Up-to-date symlink: /home/cityu/autoware/install/bag_time_manager_rviz_plugin/share/bag_time_manager_rviz_plugin/local_setup.zsh
[0.686s] -- Up-to-date symlink: /home/cityu/autoware/install/bag_time_manager_rviz_plugin/share/bag_time_manager_rviz_plugin/local_setup.dsv
[0.692s] -- Symlinking: /home/cityu/autoware/install/bag_time_manager_rviz_plugin/share/bag_time_manager_rviz_plugin/package.dsv
[0.692s] -- Up-to-date symlink: /home/cityu/autoware/install/bag_time_manager_rviz_plugin/share/ament_index/resource_index/packages/bag_time_manager_rviz_plugin
[0.693s] -- Up-to-date symlink: /home/cityu/autoware/install/bag_time_manager_rviz_plugin/share/ament_index/resource_index/rviz_common__pluginlib__plugin/bag_time_manager_rviz_plugin
[0.693s] -- Up-to-date symlink: /home/cityu/autoware/install/bag_time_manager_rviz_plugin/share/bag_time_manager_rviz_plugin/cmake/ament_cmake_export_dependencies-extras.cmake
[0.693s] -- Up-to-date symlink: /home/cityu/autoware/install/bag_time_manager_rviz_plugin/share/bag_time_manager_rviz_plugin/cmake/ament_cmake_export_libraries-extras.cmake
[0.693s] -- Up-to-date symlink: /home/cityu/autoware/install/bag_time_manager_rviz_plugin/share/bag_time_manager_rviz_plugin/cmake/bag_time_manager_rviz_pluginConfig.cmake
[0.693s] -- Up-to-date symlink: /home/cityu/autoware/install/bag_time_manager_rviz_plugin/share/bag_time_manager_rviz_plugin/cmake/bag_time_manager_rviz_pluginConfig-version.cmake
[0.693s] -- Up-to-date symlink: /home/cityu/autoware/install/bag_time_manager_rviz_plugin/share/bag_time_manager_rviz_plugin/package.xml
[0.819s] Invoked command in '/home/cityu/autoware/build/bag_time_manager_rviz_plugin' returned '0': AMENT_PREFIX_PATH=/home/cityu/autoware/install/autoware_cmake:/home/cityu/autoware/install/autoware_lint_common:${AMENT_PREFIX_PATH} CMAKE_PREFIX_PATH=/home/cityu/autoware/install/autoware_cmake:/home/cityu/autoware/install/autoware_lint_common:/opt/ros/galactic /usr/bin/cmake --install /home/cityu/autoware/build/bag_time_manager_rviz_plugin
