[0.315s] Invoking command in '/home/cityu/autoware/build/lane_departure_checker': AMENT_PREFIX_PATH=/home/cityu/autoware/install/motion_utils:/home/cityu/autoware/install/interpolation:/home/cityu/autoware/install/tier4_autoware_utils:/home/cityu/autoware/install/lanelet2_extension:/home/cityu/autoware/install/vehicle_info_util:/home/cityu/autoware/install/autoware_utils:/home/cityu/autoware/install/autoware_auto_vehicle_msgs:/home/cityu/autoware/install/autoware_planning_msgs:/home/cityu/autoware/install/autoware_cmake:/home/cityu/autoware/install/autoware_auto_planning_msgs:/home/cityu/autoware/install/autoware_auto_perception_msgs:/home/cityu/autoware/install/tier4_debug_msgs:/home/cityu/autoware/install/autoware_lint_common:/home/cityu/autoware/install/autoware_common_msgs:/home/cityu/autoware/install/autoware_auto_mapping_msgs:/home/cityu/autoware/install/autoware_auto_geometry_msgs:${AMENT_PREFIX_PATH} CMAKE_PREFIX_PATH=/home/cityu/autoware/install/motion_utils:/home/cityu/autoware/install/interpolation:/home/cityu/autoware/install/tier4_autoware_utils:/home/cityu/autoware/install/lanelet2_extension:/home/cityu/autoware/install/vehicle_info_util:/home/cityu/autoware/install/autoware_utils:/home/cityu/autoware/install/autoware_auto_vehicle_msgs:/home/cityu/autoware/install/autoware_planning_msgs:/home/cityu/autoware/install/autoware_cmake:/home/cityu/autoware/install/autoware_auto_planning_msgs:/home/cityu/autoware/install/autoware_auto_perception_msgs:/home/cityu/autoware/install/tier4_debug_msgs:/home/cityu/autoware/install/autoware_lint_common:/home/cityu/autoware/install/autoware_common_msgs:/home/cityu/autoware/install/autoware_auto_mapping_msgs:/home/cityu/autoware/install/autoware_auto_geometry_msgs:/opt/ros/galactic LD_LIBRARY_PATH=/home/cityu/autoware/install/motion_utils/lib:/home/cityu/autoware/install/interpolation/lib:/home/cityu/autoware/install/tier4_autoware_utils/lib:/home/cityu/autoware/install/lanelet2_extension/lib:/home/cityu/autoware/install/vehicle_info_util/lib:/home/cityu/autoware/install/autoware_utils/lib:/home/cityu/autoware/install/autoware_auto_vehicle_msgs/lib:/home/cityu/autoware/install/autoware_planning_msgs/lib:/home/cityu/autoware/install/autoware_auto_planning_msgs/lib:/home/cityu/autoware/install/autoware_auto_perception_msgs/lib:/home/cityu/autoware/install/tier4_debug_msgs/lib:/home/cityu/autoware/install/autoware_common_msgs/lib:/home/cityu/autoware/install/autoware_auto_mapping_msgs/lib:/home/cityu/autoware/install/autoware_auto_geometry_msgs/lib:${LD_LIBRARY_PATH} PYTHONPATH=/home/cityu/autoware/install/autoware_auto_vehicle_msgs/lib/python3.8/site-packages:/home/cityu/autoware/install/autoware_planning_msgs/lib/python3.8/site-packages:/home/cityu/autoware/install/autoware_auto_planning_msgs/lib/python3.8/site-packages:/home/cityu/autoware/install/autoware_auto_perception_msgs/lib/python3.8/site-packages:/home/cityu/autoware/install/tier4_debug_msgs/lib/python3.8/site-packages:/home/cityu/autoware/install/autoware_common_msgs/lib/python3.8/site-packages:/home/cityu/autoware/install/autoware_auto_mapping_msgs/lib/python3.8/site-packages:/home/cityu/autoware/install/autoware_auto_geometry_msgs/lib/python3.8/site-packages:${PYTHONPATH} /usr/bin/cmake /home/cityu/autoware/src/universe/autoware.universe/control/lane_departure_checker -DCMAKE_BUILD_TYPE=Release -DAMENT_CMAKE_SYMLINK_INSTALL=1 -DCMAKE_INSTALL_PREFIX=/home/cityu/autoware/install/lane_departure_checker
[9.082s] -- The C compiler identification is GNU 9.4.0
[9.082s] -- The CXX compiler identification is GNU 9.4.0
[9.082s] -- Check for working C compiler: /usr/bin/cc
[9.082s] -- Check for working C compiler: /usr/bin/cc -- works
[9.082s] -- Detecting C compiler ABI info
[9.082s] -- Detecting C compiler ABI info - done
[9.083s] -- Detecting C compile features
[9.083s] -- Detecting C compile features - done
[9.083s] -- Check for working CXX compiler: /usr/bin/c++
[9.083s] -- Check for working CXX compiler: /usr/bin/c++ -- works
[9.083s] -- Detecting CXX compiler ABI info
[9.083s] -- Detecting CXX compiler ABI info - done
[9.083s] -- Detecting CXX compile features
[9.083s] -- Detecting CXX compile features - done
[9.083s] -- Found autoware_cmake: 0.1.0 (/home/cityu/autoware/install/autoware_cmake/share/autoware_cmake/cmake)
[9.084s] -- Found ament_cmake_auto: 1.1.6 (/opt/ros/galactic/share/ament_cmake_auto/cmake)
[9.084s] -- Found PythonInterp: /usr/bin/python3 (found suitable version "3.8.10", minimum required is "3") 
[9.084s] -- Using PYTHON_EXECUTABLE: /usr/bin/python3
[9.084s] -- Override CMake install command with custom implementation using symlinks instead of copying resources
[9.084s] -- Using all available rosidl_typesupport_c: rosidl_typesupport_fastrtps_c;rosidl_typesupport_introspection_c
[9.084s] -- Found rosidl_adapter: 2.2.3 (/opt/ros/galactic/share/rosidl_adapter/cmake)
[9.084s] -- Found OpenSSL: /usr/lib/x86_64-linux-gnu/libcrypto.so (found version "1.1.1f")  
[9.084s] -- Found FastRTPS: /opt/ros/galactic/include  
[9.084s] -- Using all available rosidl_typesupport_cpp: rosidl_typesupport_fastrtps_cpp;rosidl_typesupport_introspection_cpp
[9.085s] -- Found rmw_implementation_cmake: 3.3.1 (/opt/ros/galactic/share/rmw_implementation_cmake/cmake)
[9.085s] -- Found rmw_cyclonedds_cpp: 0.22.6 (/opt/ros/galactic/share/rmw_cyclonedds_cpp/cmake)
[9.085s] -- Using RMW implementation 'rmw_cyclonedds_cpp' as default
[9.085s] -- Looking for pthread.h
[9.085s] -- Looking for pthread.h - found
[9.085s] -- Performing Test CMAKE_HAVE_LIBC_PTHREAD
[9.085s] -- Performing Test CMAKE_HAVE_LIBC_PTHREAD - Failed
[9.085s] -- Looking for pthread_create in pthreads
[9.085s] -- Looking for pthread_create in pthreads - not found
[9.086s] -- Looking for pthread_create in pthread
[9.086s] -- Looking for pthread_create in pthread - found
[9.086s] -- Found Threads: TRUE  
[9.086s] -- Found mrt_cmake_modules: 1.0.9 (/opt/ros/galactic/share/mrt_cmake_modules/cmake)
[9.086s] -- Found Boost: /usr/lib/x86_64-linux-gnu/cmake/Boost-1.71.0/BoostConfig.cmake (found version "1.71.0") found components: wserialization thread random serialization log_setup prg_exec_monitor wave system chrono filesystem locale timer date_time regex graph program_options unit_test_framework log atomic iostreams 
[9.086s] -- Found OpenMP_C: -fopenmp (found version "4.5") 
[9.086s] -- Found OpenMP_CXX: -fopenmp (found version "4.5") 
[9.086s] -- Found OpenMP: TRUE (found version "4.5")  
[9.086s] -- Found pugixml: /usr/lib/x86_64-linux-gnu/libpugixml.so  
[9.087s] -- Found PkgConfig: /usr/bin/pkg-config (found version "0.29.1") 
[9.087s] -- Found GeographicLib: /usr/lib/x86_64-linux-gnu/libGeographic.so  
[9.087s] -- Found eigen3_cmake_module: 0.1.1 (/opt/ros/galactic/share/eigen3_cmake_module/cmake)
[9.087s] -- Found Eigen3: TRUE (found version "3.3.7") 
[11.954s] -- Found ament_lint_auto: 0.10.7 (/opt/ros/galactic/share/ament_lint_auto/cmake)
[19.874s] -- Added test 'copyright' to check source files copyright and LICENSE
[19.887s] -- Added test 'cppcheck' to perform static code analysis on C / C++ code
[19.888s] -- Configured cppcheck include dirs: /home/cityu/autoware/src/universe/autoware.universe/control/lane_departure_checker/include
[19.888s] -- Configured cppcheck exclude dirs and/or files: 
[19.890s] -- Added test 'lint_cmake' to check CMake code style
[19.891s] -- Added test 'xmllint' to check XML markup files
[19.927s] -- Configuring done
[20.103s] -- Generating done
[20.108s] -- Build files have been written to: /home/cityu/autoware/build/lane_departure_checker
[20.159s] Invoked command in '/home/cityu/autoware/build/lane_departure_checker' returned '0': AMENT_PREFIX_PATH=/home/cityu/autoware/install/motion_utils:/home/cityu/autoware/install/interpolation:/home/cityu/autoware/install/tier4_autoware_utils:/home/cityu/autoware/install/lanelet2_extension:/home/cityu/autoware/install/vehicle_info_util:/home/cityu/autoware/install/autoware_utils:/home/cityu/autoware/install/autoware_auto_vehicle_msgs:/home/cityu/autoware/install/autoware_planning_msgs:/home/cityu/autoware/install/autoware_cmake:/home/cityu/autoware/install/autoware_auto_planning_msgs:/home/cityu/autoware/install/autoware_auto_perception_msgs:/home/cityu/autoware/install/tier4_debug_msgs:/home/cityu/autoware/install/autoware_lint_common:/home/cityu/autoware/install/autoware_common_msgs:/home/cityu/autoware/install/autoware_auto_mapping_msgs:/home/cityu/autoware/install/autoware_auto_geometry_msgs:${AMENT_PREFIX_PATH} CMAKE_PREFIX_PATH=/home/cityu/autoware/install/motion_utils:/home/cityu/autoware/install/interpolation:/home/cityu/autoware/install/tier4_autoware_utils:/home/cityu/autoware/install/lanelet2_extension:/home/cityu/autoware/install/vehicle_info_util:/home/cityu/autoware/install/autoware_utils:/home/cityu/autoware/install/autoware_auto_vehicle_msgs:/home/cityu/autoware/install/autoware_planning_msgs:/home/cityu/autoware/install/autoware_cmake:/home/cityu/autoware/install/autoware_auto_planning_msgs:/home/cityu/autoware/install/autoware_auto_perception_msgs:/home/cityu/autoware/install/tier4_debug_msgs:/home/cityu/autoware/install/autoware_lint_common:/home/cityu/autoware/install/autoware_common_msgs:/home/cityu/autoware/install/autoware_auto_mapping_msgs:/home/cityu/autoware/install/autoware_auto_geometry_msgs:/opt/ros/galactic LD_LIBRARY_PATH=/home/cityu/autoware/install/motion_utils/lib:/home/cityu/autoware/install/interpolation/lib:/home/cityu/autoware/install/tier4_autoware_utils/lib:/home/cityu/autoware/install/lanelet2_extension/lib:/home/cityu/autoware/install/vehicle_info_util/lib:/home/cityu/autoware/install/autoware_utils/lib:/home/cityu/autoware/install/autoware_auto_vehicle_msgs/lib:/home/cityu/autoware/install/autoware_planning_msgs/lib:/home/cityu/autoware/install/autoware_auto_planning_msgs/lib:/home/cityu/autoware/install/autoware_auto_perception_msgs/lib:/home/cityu/autoware/install/tier4_debug_msgs/lib:/home/cityu/autoware/install/autoware_common_msgs/lib:/home/cityu/autoware/install/autoware_auto_mapping_msgs/lib:/home/cityu/autoware/install/autoware_auto_geometry_msgs/lib:${LD_LIBRARY_PATH} PYTHONPATH=/home/cityu/autoware/install/autoware_auto_vehicle_msgs/lib/python3.8/site-packages:/home/cityu/autoware/install/autoware_planning_msgs/lib/python3.8/site-packages:/home/cityu/autoware/install/autoware_auto_planning_msgs/lib/python3.8/site-packages:/home/cityu/autoware/install/autoware_auto_perception_msgs/lib/python3.8/site-packages:/home/cityu/autoware/install/tier4_debug_msgs/lib/python3.8/site-packages:/home/cityu/autoware/install/autoware_common_msgs/lib/python3.8/site-packages:/home/cityu/autoware/install/autoware_auto_mapping_msgs/lib/python3.8/site-packages:/home/cityu/autoware/install/autoware_auto_geometry_msgs/lib/python3.8/site-packages:${PYTHONPATH} /usr/bin/cmake /home/cityu/autoware/src/universe/autoware.universe/control/lane_departure_checker -DCMAKE_BUILD_TYPE=Release -DAMENT_CMAKE_SYMLINK_INSTALL=1 -DCMAKE_INSTALL_PREFIX=/home/cityu/autoware/install/lane_departure_checker
[20.169s] Invoking command in '/home/cityu/autoware/build/lane_departure_checker': AMENT_PREFIX_PATH=/home/cityu/autoware/install/motion_utils:/home/cityu/autoware/install/interpolation:/home/cityu/autoware/install/tier4_autoware_utils:/home/cityu/autoware/install/lanelet2_extension:/home/cityu/autoware/install/vehicle_info_util:/home/cityu/autoware/install/autoware_utils:/home/cityu/autoware/install/autoware_auto_vehicle_msgs:/home/cityu/autoware/install/autoware_planning_msgs:/home/cityu/autoware/install/autoware_cmake:/home/cityu/autoware/install/autoware_auto_planning_msgs:/home/cityu/autoware/install/autoware_auto_perception_msgs:/home/cityu/autoware/install/tier4_debug_msgs:/home/cityu/autoware/install/autoware_lint_common:/home/cityu/autoware/install/autoware_common_msgs:/home/cityu/autoware/install/autoware_auto_mapping_msgs:/home/cityu/autoware/install/autoware_auto_geometry_msgs:${AMENT_PREFIX_PATH} CMAKE_PREFIX_PATH=/home/cityu/autoware/install/motion_utils:/home/cityu/autoware/install/interpolation:/home/cityu/autoware/install/tier4_autoware_utils:/home/cityu/autoware/install/lanelet2_extension:/home/cityu/autoware/install/vehicle_info_util:/home/cityu/autoware/install/autoware_utils:/home/cityu/autoware/install/autoware_auto_vehicle_msgs:/home/cityu/autoware/install/autoware_planning_msgs:/home/cityu/autoware/install/autoware_cmake:/home/cityu/autoware/install/autoware_auto_planning_msgs:/home/cityu/autoware/install/autoware_auto_perception_msgs:/home/cityu/autoware/install/tier4_debug_msgs:/home/cityu/autoware/install/autoware_lint_common:/home/cityu/autoware/install/autoware_common_msgs:/home/cityu/autoware/install/autoware_auto_mapping_msgs:/home/cityu/autoware/install/autoware_auto_geometry_msgs:/opt/ros/galactic LD_LIBRARY_PATH=/home/cityu/autoware/install/motion_utils/lib:/home/cityu/autoware/install/interpolation/lib:/home/cityu/autoware/install/tier4_autoware_utils/lib:/home/cityu/autoware/install/lanelet2_extension/lib:/home/cityu/autoware/install/vehicle_info_util/lib:/home/cityu/autoware/install/autoware_utils/lib:/home/cityu/autoware/install/autoware_auto_vehicle_msgs/lib:/home/cityu/autoware/install/autoware_planning_msgs/lib:/home/cityu/autoware/install/autoware_auto_planning_msgs/lib:/home/cityu/autoware/install/autoware_auto_perception_msgs/lib:/home/cityu/autoware/install/tier4_debug_msgs/lib:/home/cityu/autoware/install/autoware_common_msgs/lib:/home/cityu/autoware/install/autoware_auto_mapping_msgs/lib:/home/cityu/autoware/install/autoware_auto_geometry_msgs/lib:${LD_LIBRARY_PATH} PYTHONPATH=/home/cityu/autoware/install/autoware_auto_vehicle_msgs/lib/python3.8/site-packages:/home/cityu/autoware/install/autoware_planning_msgs/lib/python3.8/site-packages:/home/cityu/autoware/install/autoware_auto_planning_msgs/lib/python3.8/site-packages:/home/cityu/autoware/install/autoware_auto_perception_msgs/lib/python3.8/site-packages:/home/cityu/autoware/install/tier4_debug_msgs/lib/python3.8/site-packages:/home/cityu/autoware/install/autoware_common_msgs/lib/python3.8/site-packages:/home/cityu/autoware/install/autoware_auto_mapping_msgs/lib/python3.8/site-packages:/home/cityu/autoware/install/autoware_auto_geometry_msgs/lib/python3.8/site-packages:${PYTHONPATH} /usr/bin/cmake --build /home/cityu/autoware/build/lane_departure_checker -- -j16 -l16
[51.828s] [35m[1mScanning dependencies of target lane_departure_checker_node[0m
[51.829s] [35m[1mScanning dependencies of target lane_departure_checker[0m
[51.834s] [ 20%] [32mBuilding CXX object CMakeFiles/lane_departure_checker_node.dir/rclcpp_components/node_main_lane_departure_checker_node.cpp.o[0m
[51.835s] [ 40%] [32mBuilding CXX object CMakeFiles/lane_departure_checker.dir/src/lane_departure_checker_node/lane_departure_checker.cpp.o[0m
[51.835s] [ 60%] [32mBuilding CXX object CMakeFiles/lane_departure_checker.dir/src/lane_departure_checker_node/lane_departure_checker_node.cpp.o[0m
[51.835s] [ 80%] [32m[1mLinking CXX executable lane_departure_checker_node[0m
[51.836s] [ 80%] Built target lane_departure_checker_node
[91.864s] [100%] [32m[1mLinking CXX shared library liblane_departure_checker.so[0m
[92.731s] [100%] Built target lane_departure_checker
[92.761s] Invoked command in '/home/cityu/autoware/build/lane_departure_checker' returned '0': AMENT_PREFIX_PATH=/home/cityu/autoware/install/motion_utils:/home/cityu/autoware/install/interpolation:/home/cityu/autoware/install/tier4_autoware_utils:/home/cityu/autoware/install/lanelet2_extension:/home/cityu/autoware/install/vehicle_info_util:/home/cityu/autoware/install/autoware_utils:/home/cityu/autoware/install/autoware_auto_vehicle_msgs:/home/cityu/autoware/install/autoware_planning_msgs:/home/cityu/autoware/install/autoware_cmake:/home/cityu/autoware/install/autoware_auto_planning_msgs:/home/cityu/autoware/install/autoware_auto_perception_msgs:/home/cityu/autoware/install/tier4_debug_msgs:/home/cityu/autoware/install/autoware_lint_common:/home/cityu/autoware/install/autoware_common_msgs:/home/cityu/autoware/install/autoware_auto_mapping_msgs:/home/cityu/autoware/install/autoware_auto_geometry_msgs:${AMENT_PREFIX_PATH} CMAKE_PREFIX_PATH=/home/cityu/autoware/install/motion_utils:/home/cityu/autoware/install/interpolation:/home/cityu/autoware/install/tier4_autoware_utils:/home/cityu/autoware/install/lanelet2_extension:/home/cityu/autoware/install/vehicle_info_util:/home/cityu/autoware/install/autoware_utils:/home/cityu/autoware/install/autoware_auto_vehicle_msgs:/home/cityu/autoware/install/autoware_planning_msgs:/home/cityu/autoware/install/autoware_cmake:/home/cityu/autoware/install/autoware_auto_planning_msgs:/home/cityu/autoware/install/autoware_auto_perception_msgs:/home/cityu/autoware/install/tier4_debug_msgs:/home/cityu/autoware/install/autoware_lint_common:/home/cityu/autoware/install/autoware_common_msgs:/home/cityu/autoware/install/autoware_auto_mapping_msgs:/home/cityu/autoware/install/autoware_auto_geometry_msgs:/opt/ros/galactic LD_LIBRARY_PATH=/home/cityu/autoware/install/motion_utils/lib:/home/cityu/autoware/install/interpolation/lib:/home/cityu/autoware/install/tier4_autoware_utils/lib:/home/cityu/autoware/install/lanelet2_extension/lib:/home/cityu/autoware/install/vehicle_info_util/lib:/home/cityu/autoware/install/autoware_utils/lib:/home/cityu/autoware/install/autoware_auto_vehicle_msgs/lib:/home/cityu/autoware/install/autoware_planning_msgs/lib:/home/cityu/autoware/install/autoware_auto_planning_msgs/lib:/home/cityu/autoware/install/autoware_auto_perception_msgs/lib:/home/cityu/autoware/install/tier4_debug_msgs/lib:/home/cityu/autoware/install/autoware_common_msgs/lib:/home/cityu/autoware/install/autoware_auto_mapping_msgs/lib:/home/cityu/autoware/install/autoware_auto_geometry_msgs/lib:${LD_LIBRARY_PATH} PYTHONPATH=/home/cityu/autoware/install/autoware_auto_vehicle_msgs/lib/python3.8/site-packages:/home/cityu/autoware/install/autoware_planning_msgs/lib/python3.8/site-packages:/home/cityu/autoware/install/autoware_auto_planning_msgs/lib/python3.8/site-packages:/home/cityu/autoware/install/autoware_auto_perception_msgs/lib/python3.8/site-packages:/home/cityu/autoware/install/tier4_debug_msgs/lib/python3.8/site-packages:/home/cityu/autoware/install/autoware_common_msgs/lib/python3.8/site-packages:/home/cityu/autoware/install/autoware_auto_mapping_msgs/lib/python3.8/site-packages:/home/cityu/autoware/install/autoware_auto_geometry_msgs/lib/python3.8/site-packages:${PYTHONPATH} /usr/bin/cmake --build /home/cityu/autoware/build/lane_departure_checker -- -j16 -l16
[92.853s] Invoking command in '/home/cityu/autoware/build/lane_departure_checker': AMENT_PREFIX_PATH=/home/cityu/autoware/install/motion_utils:/home/cityu/autoware/install/interpolation:/home/cityu/autoware/install/tier4_autoware_utils:/home/cityu/autoware/install/lanelet2_extension:/home/cityu/autoware/install/vehicle_info_util:/home/cityu/autoware/install/autoware_utils:/home/cityu/autoware/install/autoware_auto_vehicle_msgs:/home/cityu/autoware/install/autoware_planning_msgs:/home/cityu/autoware/install/autoware_cmake:/home/cityu/autoware/install/autoware_auto_planning_msgs:/home/cityu/autoware/install/autoware_auto_perception_msgs:/home/cityu/autoware/install/tier4_debug_msgs:/home/cityu/autoware/install/autoware_lint_common:/home/cityu/autoware/install/autoware_common_msgs:/home/cityu/autoware/install/autoware_auto_mapping_msgs:/home/cityu/autoware/install/autoware_auto_geometry_msgs:${AMENT_PREFIX_PATH} CMAKE_PREFIX_PATH=/home/cityu/autoware/install/motion_utils:/home/cityu/autoware/install/interpolation:/home/cityu/autoware/install/tier4_autoware_utils:/home/cityu/autoware/install/lanelet2_extension:/home/cityu/autoware/install/vehicle_info_util:/home/cityu/autoware/install/autoware_utils:/home/cityu/autoware/install/autoware_auto_vehicle_msgs:/home/cityu/autoware/install/autoware_planning_msgs:/home/cityu/autoware/install/autoware_cmake:/home/cityu/autoware/install/autoware_auto_planning_msgs:/home/cityu/autoware/install/autoware_auto_perception_msgs:/home/cityu/autoware/install/tier4_debug_msgs:/home/cityu/autoware/install/autoware_lint_common:/home/cityu/autoware/install/autoware_common_msgs:/home/cityu/autoware/install/autoware_auto_mapping_msgs:/home/cityu/autoware/install/autoware_auto_geometry_msgs:/opt/ros/galactic LD_LIBRARY_PATH=/home/cityu/autoware/install/motion_utils/lib:/home/cityu/autoware/install/interpolation/lib:/home/cityu/autoware/install/tier4_autoware_utils/lib:/home/cityu/autoware/install/lanelet2_extension/lib:/home/cityu/autoware/install/vehicle_info_util/lib:/home/cityu/autoware/install/autoware_utils/lib:/home/cityu/autoware/install/autoware_auto_vehicle_msgs/lib:/home/cityu/autoware/install/autoware_planning_msgs/lib:/home/cityu/autoware/install/autoware_auto_planning_msgs/lib:/home/cityu/autoware/install/autoware_auto_perception_msgs/lib:/home/cityu/autoware/install/tier4_debug_msgs/lib:/home/cityu/autoware/install/autoware_common_msgs/lib:/home/cityu/autoware/install/autoware_auto_mapping_msgs/lib:/home/cityu/autoware/install/autoware_auto_geometry_msgs/lib:${LD_LIBRARY_PATH} PYTHONPATH=/home/cityu/autoware/install/autoware_auto_vehicle_msgs/lib/python3.8/site-packages:/home/cityu/autoware/install/autoware_planning_msgs/lib/python3.8/site-packages:/home/cityu/autoware/install/autoware_auto_planning_msgs/lib/python3.8/site-packages:/home/cityu/autoware/install/autoware_auto_perception_msgs/lib/python3.8/site-packages:/home/cityu/autoware/install/tier4_debug_msgs/lib/python3.8/site-packages:/home/cityu/autoware/install/autoware_common_msgs/lib/python3.8/site-packages:/home/cityu/autoware/install/autoware_auto_mapping_msgs/lib/python3.8/site-packages:/home/cityu/autoware/install/autoware_auto_geometry_msgs/lib/python3.8/site-packages:${PYTHONPATH} /usr/bin/cmake --install /home/cityu/autoware/build/lane_departure_checker
[158.423s] -- Install configuration: "Release"
[158.425s] -- Execute custom install script
[158.425s] -- Symlinking: /home/cityu/autoware/install/lane_departure_checker/lib/lane_departure_checker/lane_departure_checker_node
[158.429s] -- Symlinking: /home/cityu/autoware/install/lane_departure_checker/include/lane_departure_checker/lane_departure_checker.hpp
[158.429s] -- Symlinking: /home/cityu/autoware/install/lane_departure_checker/include/lane_departure_checker/lane_departure_checker_node.hpp
[158.429s] -- Symlinking: /home/cityu/autoware/install/lane_departure_checker/include/lane_departure_checker/util/create_vehicle_footprint.hpp
[158.430s] -- Symlinking: /home/cityu/autoware/install/lane_departure_checker/share/lane_departure_checker/environment/library_path.sh
[158.430s] -- Symlinking: /home/cityu/autoware/install/lane_departure_checker/share/lane_departure_checker/environment/library_path.dsv
[158.430s] -- Symlinking: /home/cityu/autoware/install/lane_departure_checker/lib/liblane_departure_checker.so
[158.430s] -- Symlinking: /home/cityu/autoware/install/lane_departure_checker/share/lane_departure_checker/launch/lane_departure_checker.launch.xml
[158.430s] -- Symlinking: /home/cityu/autoware/install/lane_departure_checker/share/lane_departure_checker/config/lane_departure_checker.param.yaml
[158.430s] -- Symlinking: /home/cityu/autoware/install/lane_departure_checker/share/ament_index/resource_index/package_run_dependencies/lane_departure_checker
[158.430s] -- Symlinking: /home/cityu/autoware/install/lane_departure_checker/share/ament_index/resource_index/parent_prefix_path/lane_departure_checker
[158.430s] -- Symlinking: /home/cityu/autoware/install/lane_departure_checker/share/lane_departure_checker/environment/ament_prefix_path.sh
[158.430s] -- Symlinking: /home/cityu/autoware/install/lane_departure_checker/share/lane_departure_checker/environment/ament_prefix_path.dsv
[158.430s] -- Symlinking: /home/cityu/autoware/install/lane_departure_checker/share/lane_departure_checker/environment/path.sh
[158.431s] -- Symlinking: /home/cityu/autoware/install/lane_departure_checker/share/lane_departure_checker/environment/path.dsv
[158.431s] -- Symlinking: /home/cityu/autoware/install/lane_departure_checker/share/lane_departure_checker/local_setup.bash
[158.431s] -- Symlinking: /home/cityu/autoware/install/lane_departure_checker/share/lane_departure_checker/local_setup.sh
[158.431s] -- Symlinking: /home/cityu/autoware/install/lane_departure_checker/share/lane_departure_checker/local_setup.zsh
[158.431s] -- Symlinking: /home/cityu/autoware/install/lane_departure_checker/share/lane_departure_checker/local_setup.dsv
[158.431s] -- Symlinking: /home/cityu/autoware/install/lane_departure_checker/share/lane_departure_checker/package.dsv
[158.431s] -- Symlinking: /home/cityu/autoware/install/lane_departure_checker/share/ament_index/resource_index/packages/lane_departure_checker
[158.431s] -- Symlinking: /home/cityu/autoware/install/lane_departure_checker/share/ament_index/resource_index/rclcpp_components/lane_departure_checker
[158.431s] -- Symlinking: /home/cityu/autoware/install/lane_departure_checker/share/lane_departure_checker/cmake/ament_cmake_export_dependencies-extras.cmake
[158.431s] -- Symlinking: /home/cityu/autoware/install/lane_departure_checker/share/lane_departure_checker/cmake/ament_cmake_export_include_directories-extras.cmake
[158.431s] -- Symlinking: /home/cityu/autoware/install/lane_departure_checker/share/lane_departure_checker/cmake/ament_cmake_export_libraries-extras.cmake
[158.432s] -- Symlinking: /home/cityu/autoware/install/lane_departure_checker/share/lane_departure_checker/cmake/lane_departure_checkerConfig.cmake
[158.432s] -- Symlinking: /home/cityu/autoware/install/lane_departure_checker/share/lane_departure_checker/cmake/lane_departure_checkerConfig-version.cmake
[158.432s] -- Symlinking: /home/cityu/autoware/install/lane_departure_checker/share/lane_departure_checker/package.xml
[158.470s] Invoked command in '/home/cityu/autoware/build/lane_departure_checker' returned '0': AMENT_PREFIX_PATH=/home/cityu/autoware/install/motion_utils:/home/cityu/autoware/install/interpolation:/home/cityu/autoware/install/tier4_autoware_utils:/home/cityu/autoware/install/lanelet2_extension:/home/cityu/autoware/install/vehicle_info_util:/home/cityu/autoware/install/autoware_utils:/home/cityu/autoware/install/autoware_auto_vehicle_msgs:/home/cityu/autoware/install/autoware_planning_msgs:/home/cityu/autoware/install/autoware_cmake:/home/cityu/autoware/install/autoware_auto_planning_msgs:/home/cityu/autoware/install/autoware_auto_perception_msgs:/home/cityu/autoware/install/tier4_debug_msgs:/home/cityu/autoware/install/autoware_lint_common:/home/cityu/autoware/install/autoware_common_msgs:/home/cityu/autoware/install/autoware_auto_mapping_msgs:/home/cityu/autoware/install/autoware_auto_geometry_msgs:${AMENT_PREFIX_PATH} CMAKE_PREFIX_PATH=/home/cityu/autoware/install/motion_utils:/home/cityu/autoware/install/interpolation:/home/cityu/autoware/install/tier4_autoware_utils:/home/cityu/autoware/install/lanelet2_extension:/home/cityu/autoware/install/vehicle_info_util:/home/cityu/autoware/install/autoware_utils:/home/cityu/autoware/install/autoware_auto_vehicle_msgs:/home/cityu/autoware/install/autoware_planning_msgs:/home/cityu/autoware/install/autoware_cmake:/home/cityu/autoware/install/autoware_auto_planning_msgs:/home/cityu/autoware/install/autoware_auto_perception_msgs:/home/cityu/autoware/install/tier4_debug_msgs:/home/cityu/autoware/install/autoware_lint_common:/home/cityu/autoware/install/autoware_common_msgs:/home/cityu/autoware/install/autoware_auto_mapping_msgs:/home/cityu/autoware/install/autoware_auto_geometry_msgs:/opt/ros/galactic LD_LIBRARY_PATH=/home/cityu/autoware/install/motion_utils/lib:/home/cityu/autoware/install/interpolation/lib:/home/cityu/autoware/install/tier4_autoware_utils/lib:/home/cityu/autoware/install/lanelet2_extension/lib:/home/cityu/autoware/install/vehicle_info_util/lib:/home/cityu/autoware/install/autoware_utils/lib:/home/cityu/autoware/install/autoware_auto_vehicle_msgs/lib:/home/cityu/autoware/install/autoware_planning_msgs/lib:/home/cityu/autoware/install/autoware_auto_planning_msgs/lib:/home/cityu/autoware/install/autoware_auto_perception_msgs/lib:/home/cityu/autoware/install/tier4_debug_msgs/lib:/home/cityu/autoware/install/autoware_common_msgs/lib:/home/cityu/autoware/install/autoware_auto_mapping_msgs/lib:/home/cityu/autoware/install/autoware_auto_geometry_msgs/lib:${LD_LIBRARY_PATH} PYTHONPATH=/home/cityu/autoware/install/autoware_auto_vehicle_msgs/lib/python3.8/site-packages:/home/cityu/autoware/install/autoware_planning_msgs/lib/python3.8/site-packages:/home/cityu/autoware/install/autoware_auto_planning_msgs/lib/python3.8/site-packages:/home/cityu/autoware/install/autoware_auto_perception_msgs/lib/python3.8/site-packages:/home/cityu/autoware/install/tier4_debug_msgs/lib/python3.8/site-packages:/home/cityu/autoware/install/autoware_common_msgs/lib/python3.8/site-packages:/home/cityu/autoware/install/autoware_auto_mapping_msgs/lib/python3.8/site-packages:/home/cityu/autoware/install/autoware_auto_geometry_msgs/lib/python3.8/site-packages:${PYTHONPATH} /usr/bin/cmake --install /home/cityu/autoware/build/lane_departure_checker
