-- Found autoware_cmake: 0.1.0 (/home/cityu/autoware/install/autoware_cmake/share/autoware_cmake/cmake)
-- Found ament_cmake_auto: 1.1.6 (/opt/ros/galactic/share/ament_cmake_auto/cmake)
-- Using PYTHON_EXECUTABLE: /usr/bin/python3
-- Override CMake install command with custom implementation using symlinks instead of copying resources
-- Using all available rosidl_typesupport_c: rosidl_typesupport_fastrtps_c;rosidl_typesupport_introspection_c
-- Found rosidl_adapter: 2.2.3 (/opt/ros/galactic/share/rosidl_adapter/cmake)
-- Using all available rosidl_typesupport_cpp: rosidl_typesupport_fastrtps_cpp;rosidl_typesupport_introspection_cpp
-- Found rmw_implementation_cmake: 3.3.1 (/opt/ros/galactic/share/rmw_implementation_cmake/cmake)
-- Found rmw_cyclonedds_cpp: 0.22.6 (/opt/ros/galactic/share/rmw_cyclonedds_cpp/cmake)
-- Using RMW implementation 'rmw_cyclonedds_cpp' as default
-- Found eigen3_cmake_module: 0.1.1 (/opt/ros/galactic/share/eigen3_cmake_module/cmake)
-- Found ament_lint_auto: 0.10.7 (/opt/ros/galactic/share/ament_lint_auto/cmake)
-- Added test 'copyright' to check source files copyright and LICENSE
-- Added test 'cppcheck' to perform static code analysis on C / C++ code
-- Configured cppcheck include dirs: /home/cityu/autoware/src/universe/autoware.universe/vehicle/external_cmd_converter/include
-- Configured cppcheck exclude dirs and/or files: 
-- Added test 'lint_cmake' to check CMake code style
-- Added test 'xmllint' to check XML markup files
-- Configuring done
-- Generating done
CMake Warning:
  Manually-specified variables were not used by the project:

    DOWNLOAD_ARTIFACTS


-- Build files have been written to: /home/cityu/autoware/build/external_cmd_converter
[ 50%] Built target external_cmd_converter_node
[ 75%] [32m[1mLinking CXX shared library libexternal_cmd_converter.so[0m
[100%] Built target external_cmd_converter
-- Install configuration: "Release"
-- Execute custom install script
-- Up-to-date symlink: /home/cityu/autoware/install/external_cmd_converter/lib/external_cmd_converter/external_cmd_converter_node
-- Up-to-date symlink: /home/cityu/autoware/install/external_cmd_converter/include/external_cmd_converter/node.hpp
-- Up-to-date symlink: /home/cityu/autoware/install/external_cmd_converter/share/external_cmd_converter/environment/library_path.sh
-- Up-to-date symlink: /home/cityu/autoware/install/external_cmd_converter/share/external_cmd_converter/environment/library_path.dsv
-- Up-to-date symlink: /home/cityu/autoware/install/external_cmd_converter/lib/libexternal_cmd_converter.so
-- Up-to-date symlink: /home/cityu/autoware/install/external_cmd_converter/share/external_cmd_converter/launch/external_cmd_converter.launch.py
-- Up-to-date symlink: /home/cityu/autoware/install/external_cmd_converter/share/external_cmd_converter/launch/external_cmd_converter.launch.xml
-- Up-to-date symlink: /home/cityu/autoware/install/external_cmd_converter/share/ament_index/resource_index/package_run_dependencies/external_cmd_converter
-- Up-to-date symlink: /home/cityu/autoware/install/external_cmd_converter/share/ament_index/resource_index/parent_prefix_path/external_cmd_converter
-- Up-to-date symlink: /home/cityu/autoware/install/external_cmd_converter/share/external_cmd_converter/environment/ament_prefix_path.sh
-- Up-to-date symlink: /home/cityu/autoware/install/external_cmd_converter/share/external_cmd_converter/environment/ament_prefix_path.dsv
-- Up-to-date symlink: /home/cityu/autoware/install/external_cmd_converter/share/external_cmd_converter/environment/path.sh
-- Up-to-date symlink: /home/cityu/autoware/install/external_cmd_converter/share/external_cmd_converter/environment/path.dsv
-- Up-to-date symlink: /home/cityu/autoware/install/external_cmd_converter/share/external_cmd_converter/local_setup.bash
-- Up-to-date symlink: /home/cityu/autoware/install/external_cmd_converter/share/external_cmd_converter/local_setup.sh
-- Up-to-date symlink: /home/cityu/autoware/install/external_cmd_converter/share/external_cmd_converter/local_setup.zsh
-- Up-to-date symlink: /home/cityu/autoware/install/external_cmd_converter/share/external_cmd_converter/local_setup.dsv
-- Symlinking: /home/cityu/autoware/install/external_cmd_converter/share/external_cmd_converter/package.dsv
-- Up-to-date symlink: /home/cityu/autoware/install/external_cmd_converter/share/ament_index/resource_index/packages/external_cmd_converter
-- Up-to-date symlink: /home/cityu/autoware/install/external_cmd_converter/share/ament_index/resource_index/rclcpp_components/external_cmd_converter
-- Up-to-date symlink: /home/cityu/autoware/install/external_cmd_converter/share/external_cmd_converter/cmake/ament_cmake_export_dependencies-extras.cmake
-- Up-to-date symlink: /home/cityu/autoware/install/external_cmd_converter/share/external_cmd_converter/cmake/ament_cmake_export_include_directories-extras.cmake
-- Up-to-date symlink: /home/cityu/autoware/install/external_cmd_converter/share/external_cmd_converter/cmake/ament_cmake_export_libraries-extras.cmake
-- Up-to-date symlink: /home/cityu/autoware/install/external_cmd_converter/share/external_cmd_converter/cmake/external_cmd_converterConfig.cmake
-- Up-to-date symlink: /home/cityu/autoware/install/external_cmd_converter/share/external_cmd_converter/cmake/external_cmd_converterConfig-version.cmake
-- Up-to-date symlink: /home/cityu/autoware/install/external_cmd_converter/share/external_cmd_converter/package.xml
