-- The C compiler identification is GNU 9.4.0
-- The CXX compiler identification is GNU 9.4.0
-- Check for working C compiler: /usr/bin/cc
-- Check for working C compiler: /usr/bin/cc -- works
-- Detecting C compiler ABI info
-- Detecting C compiler ABI info - done
-- Detecting C compile features
-- Detecting C compile features - done
-- Check for working CXX compiler: /usr/bin/c++
-- Check for working CXX compiler: /usr/bin/c++ -- works
-- Detecting CXX compiler ABI info
-- Detecting CXX compiler ABI info - done
-- Detecting CXX compile features
-- Detecting CXX compile features - done
-- Found ament_cmake_auto: 1.1.6 (/opt/ros/galactic/share/ament_cmake_auto/cmake)
-- Found PythonInterp: /usr/bin/python3 (found suitable version "3.8.10", minimum required is "3") 
-- Using PYTHON_EXECUTABLE: /usr/bin/python3
-- Override CMake install command with custom implementation using symlinks instead of copying resources
-- Using all available rosidl_typesupport_c: rosidl_typesupport_fastrtps_c;rosidl_typesupport_introspection_c
-- Found rosidl_adapter: 2.2.3 (/opt/ros/galactic/share/rosidl_adapter/cmake)
-- Found OpenSSL: /usr/lib/x86_64-linux-gnu/libcrypto.so (found version "1.1.1f")  
-- Found FastRTPS: /opt/ros/galactic/include  
-- Using all available rosidl_typesupport_cpp: rosidl_typesupport_fastrtps_cpp;rosidl_typesupport_introspection_cpp
-- Found PythonInterp: /usr/bin/python3 (found version "3.8.10") 
-- Found ament_cmake_ros: 0.9.2 (/opt/ros/galactic/share/ament_cmake_ros/cmake)
-- Using all available rosidl_typesupport_c: rosidl_typesupport_fastrtps_c;rosidl_typesupport_introspection_c
-- Using all available rosidl_typesupport_cpp: rosidl_typesupport_fastrtps_cpp;rosidl_typesupport_introspection_cpp
-- Found PythonInterp: /usr/bin/python3 (found suitable version "3.8.10", minimum required is "3.5") 
-- Found python_cmake_module: 0.8.1 (/opt/ros/galactic/share/python_cmake_module/cmake)
-- Found PythonLibs: /usr/lib/x86_64-linux-gnu/libpython3.8.so (found suitable version "3.8.10", minimum required is "3.5") 
-- Using PYTHON_EXECUTABLE: /usr/bin/python3
-- Using PYTHON_INCLUDE_DIRS: /usr/include/python3.8
-- Using PYTHON_LIBRARIES: /usr/lib/x86_64-linux-gnu/libpython3.8.so
-- Found PythonExtra: .so  
-- Found ament_lint_auto: 0.10.7 (/opt/ros/galactic/share/ament_lint_auto/cmake)
-- Added test 'copyright' to check source files copyright and LICENSE
-- Added test 'lint_cmake' to check CMake code style
-- Added test 'xmllint' to check XML markup files
-- Configuring done
-- Generating done
-- Build files have been written to: /home/cityu/autoware/build/autoware_external_api_msgs
[  2%] [34m[1mGenerating C code for ROS interfaces[0m
[35m[1mScanning dependencies of target autoware_external_api_msgs__cpp[0m
[  5%] [34m[1mGenerating C++ code for ROS interfaces[0m
[  5%] Built target autoware_external_api_msgs__cpp
[35m[1mScanning dependencies of target autoware_external_api_msgs__rosidl_generator_c[0m
[  7%] [34m[1mGenerating C++ type support dispatch for ROS interfaces[0m
[ 10%] [32mBuilding C object CMakeFiles/autoware_external_api_msgs__rosidl_generator_c.dir/rosidl_generator_c/autoware_external_api_msgs/msg/detail/response_status__functions.c.o[0m
[ 12%] [32mBuilding C object CMakeFiles/autoware_external_api_msgs__rosidl_generator_c.dir/rosidl_generator_c/autoware_external_api_msgs/srv/detail/get_version__functions.c.o[0m
[ 15%] [32m[1mLinking C shared library libautoware_external_api_msgs__rosidl_generator_c.so[0m
[ 15%] Built target autoware_external_api_msgs__rosidl_generator_c
[ 17%] [34m[1mGenerating C++ type support for eProsima Fast-RTPS[0m
[35m[1mScanning dependencies of target autoware_external_api_msgs__rosidl_typesupport_cpp[0m
[ 20%] [32mBuilding CXX object CMakeFiles/autoware_external_api_msgs__rosidl_typesupport_cpp.dir/rosidl_typesupport_cpp/autoware_external_api_msgs/msg/response_status__type_support.cpp.o[0m
[ 23%] [32mBuilding CXX object CMakeFiles/autoware_external_api_msgs__rosidl_typesupport_cpp.dir/rosidl_typesupport_cpp/autoware_external_api_msgs/srv/get_version__type_support.cpp.o[0m
[35m[1mScanning dependencies of target autoware_external_api_msgs__rosidl_typesupport_fastrtps_cpp[0m
[ 25%] [32mBuilding CXX object CMakeFiles/autoware_external_api_msgs__rosidl_typesupport_fastrtps_cpp.dir/rosidl_typesupport_fastrtps_cpp/autoware_external_api_msgs/msg/detail/dds_fastrtps/response_status__type_support.cpp.o[0m
[ 28%] [32mBuilding CXX object CMakeFiles/autoware_external_api_msgs__rosidl_typesupport_fastrtps_cpp.dir/rosidl_typesupport_fastrtps_cpp/autoware_external_api_msgs/srv/detail/dds_fastrtps/get_version__type_support.cpp.o[0m
[ 30%] [32m[1mLinking CXX shared library libautoware_external_api_msgs__rosidl_typesupport_cpp.so[0m
[ 30%] Built target autoware_external_api_msgs__rosidl_typesupport_cpp
[ 33%] [34m[1mGenerating C type support dispatch for ROS interfaces[0m
[35m[1mScanning dependencies of target autoware_external_api_msgs__rosidl_typesupport_c[0m
[ 35%] [32m[1mLinking CXX shared library libautoware_external_api_msgs__rosidl_typesupport_fastrtps_cpp.so[0m
[ 38%] [32mBuilding CXX object CMakeFiles/autoware_external_api_msgs__rosidl_typesupport_c.dir/rosidl_typesupport_c/autoware_external_api_msgs/srv/get_version__type_support.cpp.o[0m
[ 41%] [32mBuilding CXX object CMakeFiles/autoware_external_api_msgs__rosidl_typesupport_c.dir/rosidl_typesupport_c/autoware_external_api_msgs/msg/response_status__type_support.cpp.o[0m
[ 43%] [32m[1mLinking CXX shared library libautoware_external_api_msgs__rosidl_typesupport_c.so[0m
[ 43%] Built target autoware_external_api_msgs__rosidl_typesupport_c
[ 46%] [34m[1mGenerating C introspection for ROS interfaces[0m
[ 46%] Built target autoware_external_api_msgs__rosidl_typesupport_fastrtps_cpp
[ 48%] [34m[1mGenerating C++ introspection for ROS interfaces[0m
[35m[1mScanning dependencies of target autoware_external_api_msgs__rosidl_typesupport_introspection_c[0m
[ 51%] [32mBuilding C object CMakeFiles/autoware_external_api_msgs__rosidl_typesupport_introspection_c.dir/rosidl_typesupport_introspection_c/autoware_external_api_msgs/msg/detail/response_status__type_support.c.o[0m
[ 53%] [32mBuilding C object CMakeFiles/autoware_external_api_msgs__rosidl_typesupport_introspection_c.dir/rosidl_typesupport_introspection_c/autoware_external_api_msgs/srv/detail/get_version__type_support.c.o[0m
[35m[1mScanning dependencies of target autoware_external_api_msgs__rosidl_typesupport_introspection_cpp[0m
[ 56%] [32m[1mLinking C shared library libautoware_external_api_msgs__rosidl_typesupport_introspection_c.so[0m
[ 58%] [32mBuilding CXX object CMakeFiles/autoware_external_api_msgs__rosidl_typesupport_introspection_cpp.dir/rosidl_typesupport_introspection_cpp/autoware_external_api_msgs/msg/detail/response_status__type_support.cpp.o[0m
[ 61%] [32mBuilding CXX object CMakeFiles/autoware_external_api_msgs__rosidl_typesupport_introspection_cpp.dir/rosidl_typesupport_introspection_cpp/autoware_external_api_msgs/srv/detail/get_version__type_support.cpp.o[0m
[ 61%] Built target autoware_external_api_msgs__rosidl_typesupport_introspection_c
[ 64%] [34m[1mGenerating C type support for eProsima Fast-RTPS[0m
[ 66%] [32m[1mLinking CXX shared library libautoware_external_api_msgs__rosidl_typesupport_introspection_cpp.so[0m
[ 66%] Built target autoware_external_api_msgs__rosidl_typesupport_introspection_cpp
[35m[1mScanning dependencies of target autoware_external_api_msgs__rosidl_typesupport_fastrtps_c[0m
[ 69%] [32mBuilding CXX object CMakeFiles/autoware_external_api_msgs__rosidl_typesupport_fastrtps_c.dir/rosidl_typesupport_fastrtps_c/autoware_external_api_msgs/srv/detail/get_version__type_support_c.cpp.o[0m
[ 71%] [32mBuilding CXX object CMakeFiles/autoware_external_api_msgs__rosidl_typesupport_fastrtps_c.dir/rosidl_typesupport_fastrtps_c/autoware_external_api_msgs/msg/detail/response_status__type_support_c.cpp.o[0m
[ 74%] [32m[1mLinking CXX shared library libautoware_external_api_msgs__rosidl_typesupport_fastrtps_c.so[0m
[ 74%] Built target autoware_external_api_msgs__rosidl_typesupport_fastrtps_c
[35m[1mScanning dependencies of target autoware_external_api_msgs[0m
[ 74%] Built target autoware_external_api_msgs
[35m[1mScanning dependencies of target autoware_external_api_msgs__py[0m
[ 76%] [34m[1mGenerating Python code for ROS interfaces[0m
[ 76%] Built target autoware_external_api_msgs__py
[35m[1mScanning dependencies of target autoware_external_api_msgs__python[0m
[ 82%] [32mBuilding C object CMakeFiles/autoware_external_api_msgs__python.dir/rosidl_generator_py/autoware_external_api_msgs/msg/_response_status_s.c.o[0m
[ 82%] [32mBuilding C object CMakeFiles/autoware_external_api_msgs__python.dir/rosidl_generator_py/autoware_external_api_msgs/srv/_get_version_s.c.o[0m
[ 84%] [32m[1mLinking C shared library rosidl_generator_py/autoware_external_api_msgs/libautoware_external_api_msgs__python.so[0m
[ 84%] Built target autoware_external_api_msgs__python
[35m[1mScanning dependencies of target autoware_external_api_msgs__rosidl_typesupport_introspection_c__pyext[0m
[35m[1mScanning dependencies of target autoware_external_api_msgs__rosidl_typesupport_c__pyext[0m
[35m[1mScanning dependencies of target autoware_external_api_msgs__rosidl_typesupport_fastrtps_c__pyext[0m
[ 89%] [32mBuilding C object CMakeFiles/autoware_external_api_msgs__rosidl_typesupport_c__pyext.dir/rosidl_generator_py/autoware_external_api_msgs/_autoware_external_api_msgs_s.ep.rosidl_typesupport_c.c.o[0m
[ 89%] [32mBuilding C object CMakeFiles/autoware_external_api_msgs__rosidl_typesupport_introspection_c__pyext.dir/rosidl_generator_py/autoware_external_api_msgs/_autoware_external_api_msgs_s.ep.rosidl_typesupport_introspection_c.c.o[0m
[ 92%] [32mBuilding C object CMakeFiles/autoware_external_api_msgs__rosidl_typesupport_fastrtps_c__pyext.dir/rosidl_generator_py/autoware_external_api_msgs/_autoware_external_api_msgs_s.ep.rosidl_typesupport_fastrtps_c.c.o[0m
[ 94%] [32m[1mLinking C shared library rosidl_generator_py/autoware_external_api_msgs/autoware_external_api_msgs_s__rosidl_typesupport_c.cpython-38-x86_64-linux-gnu.so[0m
[ 97%] [32m[1mLinking C shared library rosidl_generator_py/autoware_external_api_msgs/autoware_external_api_msgs_s__rosidl_typesupport_introspection_c.cpython-38-x86_64-linux-gnu.so[0m
[100%] [32m[1mLinking CXX shared library rosidl_generator_py/autoware_external_api_msgs/autoware_external_api_msgs_s__rosidl_typesupport_fastrtps_c.cpython-38-x86_64-linux-gnu.so[0m
[100%] Built target autoware_external_api_msgs__rosidl_typesupport_c__pyext
[100%] Built target autoware_external_api_msgs__rosidl_typesupport_introspection_c__pyext
[100%] Built target autoware_external_api_msgs__rosidl_typesupport_fastrtps_c__pyext
-- Install configuration: "Release"
-- Execute custom install script
-- Symlinking: /home/cityu/autoware/install/autoware_external_api_msgs/share/ament_index/resource_index/rosidl_interfaces/autoware_external_api_msgs
-- Symlinking: /home/cityu/autoware/install/autoware_external_api_msgs/include/autoware_external_api_msgs/msg/detail/response_status__functions.h
-- Symlinking: /home/cityu/autoware/install/autoware_external_api_msgs/include/autoware_external_api_msgs/msg/detail/response_status__struct.h
-- Symlinking: /home/cityu/autoware/install/autoware_external_api_msgs/include/autoware_external_api_msgs/msg/detail/response_status__type_support.h
-- Symlinking: /home/cityu/autoware/install/autoware_external_api_msgs/include/autoware_external_api_msgs/msg/response_status.h
-- Symlinking: /home/cityu/autoware/install/autoware_external_api_msgs/include/autoware_external_api_msgs/msg/rosidl_generator_c__visibility_control.h
-- Symlinking: /home/cityu/autoware/install/autoware_external_api_msgs/include/autoware_external_api_msgs/srv/detail/get_version__functions.h
-- Symlinking: /home/cityu/autoware/install/autoware_external_api_msgs/include/autoware_external_api_msgs/srv/detail/get_version__struct.h
-- Symlinking: /home/cityu/autoware/install/autoware_external_api_msgs/include/autoware_external_api_msgs/srv/detail/get_version__type_support.h
-- Symlinking: /home/cityu/autoware/install/autoware_external_api_msgs/include/autoware_external_api_msgs/srv/get_version.h
-- Symlinking: /home/cityu/autoware/install/autoware_external_api_msgs/share/autoware_external_api_msgs/environment/library_path.sh
-- Symlinking: /home/cityu/autoware/install/autoware_external_api_msgs/share/autoware_external_api_msgs/environment/library_path.dsv
-- Symlinking: /home/cityu/autoware/install/autoware_external_api_msgs/include/autoware_external_api_msgs/msg/detail/response_status__rosidl_typesupport_fastrtps_c.h
-- Symlinking: /home/cityu/autoware/install/autoware_external_api_msgs/include/autoware_external_api_msgs/msg/rosidl_typesupport_fastrtps_c__visibility_control.h
-- Symlinking: /home/cityu/autoware/install/autoware_external_api_msgs/include/autoware_external_api_msgs/srv/detail/get_version__rosidl_typesupport_fastrtps_c.h
-- Symlinking: /home/cityu/autoware/install/autoware_external_api_msgs/lib/libautoware_external_api_msgs__rosidl_typesupport_fastrtps_c.so
-- Symlinking: /home/cityu/autoware/install/autoware_external_api_msgs/include/autoware_external_api_msgs/msg/detail/response_status__rosidl_typesupport_fastrtps_cpp.hpp
-- Symlinking: /home/cityu/autoware/install/autoware_external_api_msgs/include/autoware_external_api_msgs/msg/rosidl_typesupport_fastrtps_cpp__visibility_control.h
-- Symlinking: /home/cityu/autoware/install/autoware_external_api_msgs/include/autoware_external_api_msgs/srv/detail/get_version__rosidl_typesupport_fastrtps_cpp.hpp
-- Symlinking: /home/cityu/autoware/install/autoware_external_api_msgs/lib/libautoware_external_api_msgs__rosidl_typesupport_fastrtps_cpp.so
-- Symlinking: /home/cityu/autoware/install/autoware_external_api_msgs/include/autoware_external_api_msgs/msg/detail/response_status__rosidl_typesupport_introspection_c.h
-- Symlinking: /home/cityu/autoware/install/autoware_external_api_msgs/include/autoware_external_api_msgs/msg/rosidl_typesupport_introspection_c__visibility_control.h
-- Symlinking: /home/cityu/autoware/install/autoware_external_api_msgs/include/autoware_external_api_msgs/srv/detail/get_version__rosidl_typesupport_introspection_c.h
-- Symlinking: /home/cityu/autoware/install/autoware_external_api_msgs/include/autoware_external_api_msgs/msg/detail/response_status__builder.hpp
-- Symlinking: /home/cityu/autoware/install/autoware_external_api_msgs/include/autoware_external_api_msgs/msg/detail/response_status__struct.hpp
-- Symlinking: /home/cityu/autoware/install/autoware_external_api_msgs/include/autoware_external_api_msgs/msg/detail/response_status__traits.hpp
-- Symlinking: /home/cityu/autoware/install/autoware_external_api_msgs/include/autoware_external_api_msgs/msg/response_status.hpp
-- Symlinking: /home/cityu/autoware/install/autoware_external_api_msgs/include/autoware_external_api_msgs/srv/detail/get_version__builder.hpp
-- Symlinking: /home/cityu/autoware/install/autoware_external_api_msgs/include/autoware_external_api_msgs/srv/detail/get_version__struct.hpp
-- Symlinking: /home/cityu/autoware/install/autoware_external_api_msgs/include/autoware_external_api_msgs/srv/detail/get_version__traits.hpp
-- Symlinking: /home/cityu/autoware/install/autoware_external_api_msgs/include/autoware_external_api_msgs/srv/get_version.hpp
-- Symlinking: /home/cityu/autoware/install/autoware_external_api_msgs/include/autoware_external_api_msgs/msg/detail/response_status__rosidl_typesupport_introspection_cpp.hpp
-- Symlinking: /home/cityu/autoware/install/autoware_external_api_msgs/include/autoware_external_api_msgs/srv/detail/get_version__rosidl_typesupport_introspection_cpp.hpp
-- Symlinking: /home/cityu/autoware/install/autoware_external_api_msgs/share/autoware_external_api_msgs/environment/pythonpath.sh
-- Symlinking: /home/cityu/autoware/install/autoware_external_api_msgs/share/autoware_external_api_msgs/environment/pythonpath.dsv
-- Symlinking: /home/cityu/autoware/install/autoware_external_api_msgs/lib/python3.8/site-packages/autoware_external_api_msgs/__init__.py
-- Symlinking: /home/cityu/autoware/install/autoware_external_api_msgs/lib/python3.8/site-packages/autoware_external_api_msgs/msg/__init__.py
-- Symlinking: /home/cityu/autoware/install/autoware_external_api_msgs/lib/python3.8/site-packages/autoware_external_api_msgs/msg/_response_status.py
-- Symlinking: /home/cityu/autoware/install/autoware_external_api_msgs/lib/python3.8/site-packages/autoware_external_api_msgs/srv/__init__.py
-- Symlinking: /home/cityu/autoware/install/autoware_external_api_msgs/lib/python3.8/site-packages/autoware_external_api_msgs/srv/_get_version.py
-- Symlinking: /home/cityu/autoware/install/autoware_external_api_msgs/lib/python3.8/site-packages/autoware_external_api_msgs/autoware_external_api_msgs_s__rosidl_typesupport_fastrtps_c.cpython-38-x86_64-linux-gnu.so
-- Symlinking: /home/cityu/autoware/install/autoware_external_api_msgs/lib/python3.8/site-packages/autoware_external_api_msgs/autoware_external_api_msgs_s__rosidl_typesupport_introspection_c.cpython-38-x86_64-linux-gnu.so
-- Symlinking: /home/cityu/autoware/install/autoware_external_api_msgs/lib/python3.8/site-packages/autoware_external_api_msgs/autoware_external_api_msgs_s__rosidl_typesupport_c.cpython-38-x86_64-linux-gnu.so
-- Symlinking: /home/cityu/autoware/install/autoware_external_api_msgs/lib/libautoware_external_api_msgs__python.so
-- Symlinking: /home/cityu/autoware/install/autoware_external_api_msgs/share/autoware_external_api_msgs/msg/ResponseStatus.idl
-- Symlinking: /home/cityu/autoware/install/autoware_external_api_msgs/share/autoware_external_api_msgs/srv/GetVersion.idl
-- Symlinking: /home/cityu/autoware/install/autoware_external_api_msgs/share/autoware_external_api_msgs/msg/ResponseStatus.msg
-- Symlinking: /home/cityu/autoware/install/autoware_external_api_msgs/share/autoware_external_api_msgs/srv/GetVersion.srv
-- Symlinking: /home/cityu/autoware/install/autoware_external_api_msgs/share/autoware_external_api_msgs/srv/GetVersion_Request.msg
-- Symlinking: /home/cityu/autoware/install/autoware_external_api_msgs/share/autoware_external_api_msgs/srv/GetVersion_Response.msg
-- Symlinking: /home/cityu/autoware/install/autoware_external_api_msgs/share/ament_index/resource_index/package_run_dependencies/autoware_external_api_msgs
-- Symlinking: /home/cityu/autoware/install/autoware_external_api_msgs/share/ament_index/resource_index/parent_prefix_path/autoware_external_api_msgs
-- Symlinking: /home/cityu/autoware/install/autoware_external_api_msgs/share/autoware_external_api_msgs/environment/ament_prefix_path.sh
-- Symlinking: /home/cityu/autoware/install/autoware_external_api_msgs/share/autoware_external_api_msgs/environment/ament_prefix_path.dsv
-- Symlinking: /home/cityu/autoware/install/autoware_external_api_msgs/share/autoware_external_api_msgs/environment/path.sh
-- Symlinking: /home/cityu/autoware/install/autoware_external_api_msgs/share/autoware_external_api_msgs/environment/path.dsv
-- Symlinking: /home/cityu/autoware/install/autoware_external_api_msgs/share/autoware_external_api_msgs/local_setup.bash
-- Symlinking: /home/cityu/autoware/install/autoware_external_api_msgs/share/autoware_external_api_msgs/local_setup.sh
-- Symlinking: /home/cityu/autoware/install/autoware_external_api_msgs/share/autoware_external_api_msgs/local_setup.zsh
-- Symlinking: /home/cityu/autoware/install/autoware_external_api_msgs/share/autoware_external_api_msgs/local_setup.dsv
-- Symlinking: /home/cityu/autoware/install/autoware_external_api_msgs/share/autoware_external_api_msgs/package.dsv
-- Symlinking: /home/cityu/autoware/install/autoware_external_api_msgs/share/ament_index/resource_index/packages/autoware_external_api_msgs
-- Symlinking: /home/cityu/autoware/install/autoware_external_api_msgs/share/autoware_external_api_msgs/cmake/rosidl_cmake-extras.cmake
-- Symlinking: /home/cityu/autoware/install/autoware_external_api_msgs/share/autoware_external_api_msgs/cmake/ament_cmake_export_dependencies-extras.cmake
-- Symlinking: /home/cityu/autoware/install/autoware_external_api_msgs/share/autoware_external_api_msgs/cmake/ament_cmake_export_libraries-extras.cmake
-- Symlinking: /home/cityu/autoware/install/autoware_external_api_msgs/share/autoware_external_api_msgs/cmake/ament_cmake_export_targets-extras.cmake
-- Symlinking: /home/cityu/autoware/install/autoware_external_api_msgs/share/autoware_external_api_msgs/cmake/ament_cmake_export_include_directories-extras.cmake
-- Symlinking: /home/cityu/autoware/install/autoware_external_api_msgs/share/autoware_external_api_msgs/cmake/rosidl_cmake_export_typesupport_libraries-extras.cmake
-- Symlinking: /home/cityu/autoware/install/autoware_external_api_msgs/share/autoware_external_api_msgs/cmake/rosidl_cmake_export_typesupport_targets-extras.cmake
-- Symlinking: /home/cityu/autoware/install/autoware_external_api_msgs/share/autoware_external_api_msgs/cmake/autoware_external_api_msgsConfig.cmake
-- Symlinking: /home/cityu/autoware/install/autoware_external_api_msgs/share/autoware_external_api_msgs/cmake/autoware_external_api_msgsConfig-version.cmake
-- Symlinking: /home/cityu/autoware/install/autoware_external_api_msgs/share/autoware_external_api_msgs/package.xml
-- Installing: /home/cityu/autoware/install/autoware_external_api_msgs/lib/libautoware_external_api_msgs__rosidl_generator_c.so
-- Set runtime path of "/home/cityu/autoware/install/autoware_external_api_msgs/lib/libautoware_external_api_msgs__rosidl_generator_c.so" to ""
-- Installing: /home/cityu/autoware/install/autoware_external_api_msgs/lib/libautoware_external_api_msgs__rosidl_typesupport_introspection_c.so
-- Set runtime path of "/home/cityu/autoware/install/autoware_external_api_msgs/lib/libautoware_external_api_msgs__rosidl_typesupport_introspection_c.so" to ""
-- Installing: /home/cityu/autoware/install/autoware_external_api_msgs/lib/libautoware_external_api_msgs__rosidl_typesupport_c.so
-- Set runtime path of "/home/cityu/autoware/install/autoware_external_api_msgs/lib/libautoware_external_api_msgs__rosidl_typesupport_c.so" to ""
-- Installing: /home/cityu/autoware/install/autoware_external_api_msgs/lib/libautoware_external_api_msgs__rosidl_typesupport_introspection_cpp.so
-- Set runtime path of "/home/cityu/autoware/install/autoware_external_api_msgs/lib/libautoware_external_api_msgs__rosidl_typesupport_introspection_cpp.so" to ""
-- Installing: /home/cityu/autoware/install/autoware_external_api_msgs/lib/libautoware_external_api_msgs__rosidl_typesupport_cpp.so
-- Set runtime path of "/home/cityu/autoware/install/autoware_external_api_msgs/lib/libautoware_external_api_msgs__rosidl_typesupport_cpp.so" to ""
Compiling '/home/cityu/autoware/install/autoware_external_api_msgs/lib/python3.8/site-packages/autoware_external_api_msgs/__init__.py'...
-- Installing: /home/cityu/autoware/install/autoware_external_api_msgs/share/autoware_external_api_msgs/cmake/autoware_external_api_msgs__rosidl_generator_cExport.cmake
-- Installing: /home/cityu/autoware/install/autoware_external_api_msgs/share/autoware_external_api_msgs/cmake/autoware_external_api_msgs__rosidl_generator_cExport-release.cmake
-- Installing: /home/cityu/autoware/install/autoware_external_api_msgs/share/autoware_external_api_msgs/cmake/autoware_external_api_msgs__rosidl_typesupport_introspection_cExport.cmake
-- Installing: /home/cityu/autoware/install/autoware_external_api_msgs/share/autoware_external_api_msgs/cmake/autoware_external_api_msgs__rosidl_typesupport_introspection_cExport-release.cmake
-- Installing: /home/cityu/autoware/install/autoware_external_api_msgs/share/autoware_external_api_msgs/cmake/autoware_external_api_msgs__rosidl_typesupport_cExport.cmake
-- Installing: /home/cityu/autoware/install/autoware_external_api_msgs/share/autoware_external_api_msgs/cmake/autoware_external_api_msgs__rosidl_typesupport_cExport-release.cmake
-- Installing: /home/cityu/autoware/install/autoware_external_api_msgs/share/autoware_external_api_msgs/cmake/autoware_external_api_msgs__rosidl_generator_cppExport.cmake
-- Installing: /home/cityu/autoware/install/autoware_external_api_msgs/share/autoware_external_api_msgs/cmake/autoware_external_api_msgs__rosidl_typesupport_introspection_cppExport.cmake
-- Installing: /home/cityu/autoware/install/autoware_external_api_msgs/share/autoware_external_api_msgs/cmake/autoware_external_api_msgs__rosidl_typesupport_introspection_cppExport-release.cmake
-- Installing: /home/cityu/autoware/install/autoware_external_api_msgs/share/autoware_external_api_msgs/cmake/autoware_external_api_msgs__rosidl_typesupport_cppExport.cmake
-- Installing: /home/cityu/autoware/install/autoware_external_api_msgs/share/autoware_external_api_msgs/cmake/autoware_external_api_msgs__rosidl_typesupport_cppExport-release.cmake
