-- The C compiler identification is GNU 9.4.0
-- The CXX compiler identification is GNU 9.4.0
-- Check for working C compiler: /usr/bin/cc
-- Check for working C compiler: /usr/bin/cc -- works
-- Detecting C compiler ABI info
-- Detecting C compiler ABI info - done
-- Detecting C compile features
-- Detecting C compile features - done
-- Check for working CXX compiler: /usr/bin/c++
-- Check for working CXX compiler: /usr/bin/c++ -- works
-- Detecting CXX compiler ABI info
-- Detecting CXX compiler ABI info - done
-- Detecting CXX compile features
-- Detecting CXX compile features - done
-- Found autoware_cmake: 0.1.0 (/home/cityu/autoware/install/autoware_cmake/share/autoware_cmake/cmake)
-- Found ament_cmake_auto: 1.1.6 (/opt/ros/galactic/share/ament_cmake_auto/cmake)
-- Found PythonInterp: /usr/bin/python3 (found suitable version "3.8.10", minimum required is "3") 
-- Using PYTHON_EXECUTABLE: /usr/bin/python3
-- Override CMake install command with custom implementation using symlinks instead of copying resources
-- Using all available rosidl_typesupport_c: rosidl_typesupport_fastrtps_c;rosidl_typesupport_introspection_c
-- Found rosidl_adapter: 2.2.3 (/opt/ros/galactic/share/rosidl_adapter/cmake)
-- Found OpenSSL: /usr/lib/x86_64-linux-gnu/libcrypto.so (found version "1.1.1f")  
-- Found FastRTPS: /opt/ros/galactic/include  
-- Using all available rosidl_typesupport_cpp: rosidl_typesupport_fastrtps_cpp;rosidl_typesupport_introspection_cpp
-- Found rmw_implementation_cmake: 3.3.1 (/opt/ros/galactic/share/rmw_implementation_cmake/cmake)
-- Found rmw_cyclonedds_cpp: 0.22.6 (/opt/ros/galactic/share/rmw_cyclonedds_cpp/cmake)
-- Using RMW implementation 'rmw_cyclonedds_cpp' as default
-- Looking for pthread.h
-- Looking for pthread.h - found
-- Performing Test CMAKE_HAVE_LIBC_PTHREAD
-- Performing Test CMAKE_HAVE_LIBC_PTHREAD - Failed
-- Looking for pthread_create in pthreads
-- Looking for pthread_create in pthreads - not found
-- Looking for pthread_create in pthread
-- Looking for pthread_create in pthread - found
-- Found Threads: TRUE  
-- Found eigen3_cmake_module: 0.1.1 (/opt/ros/galactic/share/eigen3_cmake_module/cmake)
-- Found Eigen3: TRUE (found version "3.3.7") 
-- Found ament_lint_auto: 0.10.7 (/opt/ros/galactic/share/ament_lint_auto/cmake)
-- Found Boost: /usr/lib/x86_64-linux-gnu/cmake/Boost-1.71.0/BoostConfig.cmake (found version "1.71.0")  
-- Found gtest sources under '/opt/ros/galactic/src/gtest_vendor': C++ tests using 'Google Test' will be built
-- Check if compiler accepts -pthread
-- Check if compiler accepts -pthread - yes
-- Added test 'copyright' to check source files copyright and LICENSE
-- Added test 'cppcheck' to perform static code analysis on C / C++ code
-- Configured cppcheck include dirs: /home/cityu/autoware/src/universe/autoware.universe/common/perception_utils/include
-- Configured cppcheck exclude dirs and/or files: 
-- Added test 'lint_cmake' to check CMake code style
-- Added test 'xmllint' to check XML markup files
-- Configuring done
-- Generating done
-- Build files have been written to: /home/cityu/autoware/build/perception_utils
[35m[1mScanning dependencies of target gtest[0m
[  7%] [32mBuilding CXX object gtest/CMakeFiles/gtest.dir/src/gtest-all.cc.o[0m
[ 15%] [32m[1mLinking CXX static library libgtest.a[0m
[ 15%] Built target gtest
[35m[1mScanning dependencies of target gtest_main[0m
[35m[1mScanning dependencies of target perception_utils[0m
[ 23%] [32mBuilding CXX object gtest/CMakeFiles/gtest_main.dir/src/gtest_main.cc.o[0m
[ 30%] [32mBuilding CXX object CMakeFiles/perception_utils.dir/src/predicted_path_utils.cpp.o[0m
[ 38%] [32mBuilding CXX object CMakeFiles/perception_utils.dir/src/conversion.cpp.o[0m
[ 46%] [32m[1mLinking CXX static library libgtest_main.a[0m
[ 46%] Built target gtest_main
[ 53%] [32m[1mLinking CXX shared library libperception_utils.so[0m
[ 53%] Built target perception_utils
[35m[1mScanning dependencies of target test_perception_utils[0m
[ 61%] [32mBuilding CXX object CMakeFiles/test_perception_utils.dir/test/src/test_conversion.cpp.o[0m
[ 76%] [32mBuilding CXX object CMakeFiles/test_perception_utils.dir/test/src/test_predicted_path_utils.cpp.o[0m
[ 76%] [32mBuilding CXX object CMakeFiles/test_perception_utils.dir/test/src/test_object_classification.cpp.o[0m
[ 84%] [32mBuilding CXX object CMakeFiles/test_perception_utils.dir/test/src/test_matching.cpp.o[0m
[ 92%] [32mBuilding CXX object CMakeFiles/test_perception_utils.dir/test/src/test_geometry.cpp.o[0m
[100%] [32m[1mLinking CXX executable test_perception_utils[0m
[100%] Built target test_perception_utils
-- Install configuration: "Release"
-- Execute custom install script
-- Symlinking: /home/cityu/autoware/install/perception_utils/include/perception_utils/conversion.hpp
-- Symlinking: /home/cityu/autoware/install/perception_utils/include/perception_utils/geometry.hpp
-- Symlinking: /home/cityu/autoware/install/perception_utils/include/perception_utils/matching.hpp
-- Symlinking: /home/cityu/autoware/install/perception_utils/include/perception_utils/object_classification.hpp
-- Symlinking: /home/cityu/autoware/install/perception_utils/include/perception_utils/perception_utils.hpp
-- Symlinking: /home/cityu/autoware/install/perception_utils/include/perception_utils/predicted_path_utils.hpp
-- Symlinking: /home/cityu/autoware/install/perception_utils/include/perception_utils/transform.hpp
-- Symlinking: /home/cityu/autoware/install/perception_utils/share/perception_utils/environment/library_path.sh
-- Symlinking: /home/cityu/autoware/install/perception_utils/share/perception_utils/environment/library_path.dsv
-- Symlinking: /home/cityu/autoware/install/perception_utils/lib/libperception_utils.so
-- Symlinking: /home/cityu/autoware/install/perception_utils/share/ament_index/resource_index/package_run_dependencies/perception_utils
-- Symlinking: /home/cityu/autoware/install/perception_utils/share/ament_index/resource_index/parent_prefix_path/perception_utils
-- Symlinking: /home/cityu/autoware/install/perception_utils/share/perception_utils/environment/ament_prefix_path.sh
-- Symlinking: /home/cityu/autoware/install/perception_utils/share/perception_utils/environment/ament_prefix_path.dsv
-- Symlinking: /home/cityu/autoware/install/perception_utils/share/perception_utils/environment/path.sh
-- Symlinking: /home/cityu/autoware/install/perception_utils/share/perception_utils/environment/path.dsv
-- Symlinking: /home/cityu/autoware/install/perception_utils/share/perception_utils/local_setup.bash
-- Symlinking: /home/cityu/autoware/install/perception_utils/share/perception_utils/local_setup.sh
-- Symlinking: /home/cityu/autoware/install/perception_utils/share/perception_utils/local_setup.zsh
-- Symlinking: /home/cityu/autoware/install/perception_utils/share/perception_utils/local_setup.dsv
-- Symlinking: /home/cityu/autoware/install/perception_utils/share/perception_utils/package.dsv
-- Symlinking: /home/cityu/autoware/install/perception_utils/share/ament_index/resource_index/packages/perception_utils
-- Symlinking: /home/cityu/autoware/install/perception_utils/share/perception_utils/cmake/ament_cmake_export_dependencies-extras.cmake
-- Symlinking: /home/cityu/autoware/install/perception_utils/share/perception_utils/cmake/ament_cmake_export_include_directories-extras.cmake
-- Symlinking: /home/cityu/autoware/install/perception_utils/share/perception_utils/cmake/ament_cmake_export_libraries-extras.cmake
-- Symlinking: /home/cityu/autoware/install/perception_utils/share/perception_utils/cmake/perception_utilsConfig.cmake
-- Symlinking: /home/cityu/autoware/install/perception_utils/share/perception_utils/cmake/perception_utilsConfig-version.cmake
-- Symlinking: /home/cityu/autoware/install/perception_utils/share/perception_utils/package.xml
