-- Found ament_cmake_auto: 1.1.6 (/opt/ros/galactic/share/ament_cmake_auto/cmake)
-- Found PythonInterp: /usr/bin/python3 (found suitable version "3.8.10", minimum required is "3") 
-- Using PYTHON_EXECUTABLE: /usr/bin/python3
-- Override CMake install command with custom implementation using symlinks instead of copying resources
-- Using all available rosidl_typesupport_c: rosidl_typesupport_fastrtps_c;rosidl_typesupport_introspection_c
-- Found rosidl_adapter: 2.2.3 (/opt/ros/galactic/share/rosidl_adapter/cmake)
-- Using all available rosidl_typesupport_cpp: rosidl_typesupport_fastrtps_cpp;rosidl_typesupport_introspection_cpp
-- Found PythonInterp: /usr/bin/python3 (found version "3.8.10") 
-- Found ament_cmake_cppcheck: 0.10.7 (/opt/ros/galactic/share/ament_cmake_cppcheck/cmake)
-- Found ament_cmake_cpplint: 0.10.7 (/opt/ros/galactic/share/ament_cmake_cpplint/cmake)
-- Found ament_cmake_uncrustify: 0.10.7 (/opt/ros/galactic/share/ament_cmake_uncrustify/cmake)
-- Found ament_cmake_ros: 0.9.2 (/opt/ros/galactic/share/ament_cmake_ros/cmake)
-- Using all available rosidl_typesupport_c: rosidl_typesupport_fastrtps_c;rosidl_typesupport_introspection_c
-- Using all available rosidl_typesupport_cpp: rosidl_typesupport_fastrtps_cpp;rosidl_typesupport_introspection_cpp
-- Found PythonInterp: /usr/bin/python3 (found suitable version "3.8.10", minimum required is "3.5") 
-- Found python_cmake_module: 0.8.1 (/opt/ros/galactic/share/python_cmake_module/cmake)
-- Using PYTHON_EXECUTABLE: /usr/bin/python3
-- Using PYTHON_INCLUDE_DIRS: /usr/include/python3.8
-- Using PYTHON_LIBRARIES: /usr/lib/x86_64-linux-gnu/libpython3.8.so
-- Found ament_cmake_flake8: 0.10.7 (/opt/ros/galactic/share/ament_cmake_flake8/cmake)
-- Found ament_cmake_pep257: 0.10.7 (/opt/ros/galactic/share/ament_cmake_pep257/cmake)
-- Found ament_lint_auto: 0.10.7 (/opt/ros/galactic/share/ament_lint_auto/cmake)
-- Added test 'copyright' to check source files copyright and LICENSE
-- Added test 'lint_cmake' to check CMake code style
-- Added test 'xmllint' to check XML markup files
-- Configuring done
-- Generating done
CMake Warning:
  Manually-specified variables were not used by the project:

    DOWNLOAD_ARTIFACTS


-- Build files have been written to: /home/cityu/autoware/build/autoware_planning_msgs
[  1%] Built target autoware_planning_msgs__cpp
[  3%] [32m[1mLinking C shared library libautoware_planning_msgs__rosidl_generator_c.so[0m
[ 12%] Built target autoware_planning_msgs__rosidl_generator_c
[ 14%] [32m[1mLinking CXX shared library libautoware_planning_msgs__rosidl_typesupport_cpp.so[0m
[ 23%] Built target autoware_planning_msgs__rosidl_typesupport_cpp
[ 25%] [32m[1mLinking CXX shared library libautoware_planning_msgs__rosidl_typesupport_c.so[0m
[ 34%] Built target autoware_planning_msgs__rosidl_typesupport_c
[ 36%] [32m[1mLinking C shared library libautoware_planning_msgs__rosidl_typesupport_introspection_c.so[0m
[ 46%] Built target autoware_planning_msgs__rosidl_typesupport_introspection_c
[ 47%] [32m[1mLinking CXX shared library libautoware_planning_msgs__rosidl_typesupport_fastrtps_cpp.so[0m
[ 57%] Built target autoware_planning_msgs__rosidl_typesupport_fastrtps_cpp
[ 58%] [32m[1mLinking CXX shared library libautoware_planning_msgs__rosidl_typesupport_introspection_cpp.so[0m
[ 68%] Built target autoware_planning_msgs__rosidl_typesupport_introspection_cpp
[ 69%] [32m[1mLinking CXX shared library libautoware_planning_msgs__rosidl_typesupport_fastrtps_c.so[0m
[ 79%] Built target autoware_planning_msgs__rosidl_typesupport_fastrtps_c
[ 79%] Built target autoware_planning_msgs
[ 80%] Built target autoware_planning_msgs__py
[ 82%] [32m[1mLinking C shared library rosidl_generator_py/autoware_planning_msgs/libautoware_planning_msgs__python.so[0m
[ 90%] Built target autoware_planning_msgs__python
[ 92%] [32m[1mLinking C shared library rosidl_generator_py/autoware_planning_msgs/autoware_planning_msgs_s__rosidl_typesupport_c.cpython-38-x86_64-linux-gnu.so[0m
[ 93%] Built target autoware_planning_msgs__rosidl_typesupport_c__pyext
[ 95%] [32m[1mLinking CXX shared library rosidl_generator_py/autoware_planning_msgs/autoware_planning_msgs_s__rosidl_typesupport_fastrtps_c.cpython-38-x86_64-linux-gnu.so[0m
[ 96%] Built target autoware_planning_msgs__rosidl_typesupport_fastrtps_c__pyext
[ 98%] [32m[1mLinking C shared library rosidl_generator_py/autoware_planning_msgs/autoware_planning_msgs_s__rosidl_typesupport_introspection_c.cpython-38-x86_64-linux-gnu.so[0m
[100%] Built target autoware_planning_msgs__rosidl_typesupport_introspection_c__pyext
-- Install configuration: "Release"
-- Execute custom install script
-- Up-to-date symlink: /home/cityu/autoware/install/autoware_planning_msgs/share/ament_index/resource_index/rosidl_interfaces/autoware_planning_msgs
-- Up-to-date symlink: /home/cityu/autoware/install/autoware_planning_msgs/include/autoware_planning_msgs/msg/detail/lanelet_primitive__functions.h
-- Up-to-date symlink: /home/cityu/autoware/install/autoware_planning_msgs/include/autoware_planning_msgs/msg/detail/lanelet_primitive__struct.h
-- Up-to-date symlink: /home/cityu/autoware/install/autoware_planning_msgs/include/autoware_planning_msgs/msg/detail/lanelet_primitive__type_support.h
-- Up-to-date symlink: /home/cityu/autoware/install/autoware_planning_msgs/include/autoware_planning_msgs/msg/detail/lanelet_route__functions.h
-- Up-to-date symlink: /home/cityu/autoware/install/autoware_planning_msgs/include/autoware_planning_msgs/msg/detail/lanelet_route__struct.h
-- Up-to-date symlink: /home/cityu/autoware/install/autoware_planning_msgs/include/autoware_planning_msgs/msg/detail/lanelet_route__type_support.h
-- Up-to-date symlink: /home/cityu/autoware/install/autoware_planning_msgs/include/autoware_planning_msgs/msg/detail/lanelet_segment__functions.h
-- Up-to-date symlink: /home/cityu/autoware/install/autoware_planning_msgs/include/autoware_planning_msgs/msg/detail/lanelet_segment__struct.h
-- Up-to-date symlink: /home/cityu/autoware/install/autoware_planning_msgs/include/autoware_planning_msgs/msg/detail/lanelet_segment__type_support.h
-- Up-to-date symlink: /home/cityu/autoware/install/autoware_planning_msgs/include/autoware_planning_msgs/msg/detail/pose_with_uuid__functions.h
-- Up-to-date symlink: /home/cityu/autoware/install/autoware_planning_msgs/include/autoware_planning_msgs/msg/detail/pose_with_uuid__struct.h
-- Up-to-date symlink: /home/cityu/autoware/install/autoware_planning_msgs/include/autoware_planning_msgs/msg/detail/pose_with_uuid__type_support.h
-- Up-to-date symlink: /home/cityu/autoware/install/autoware_planning_msgs/include/autoware_planning_msgs/msg/lanelet_primitive.h
-- Up-to-date symlink: /home/cityu/autoware/install/autoware_planning_msgs/include/autoware_planning_msgs/msg/lanelet_route.h
-- Up-to-date symlink: /home/cityu/autoware/install/autoware_planning_msgs/include/autoware_planning_msgs/msg/lanelet_segment.h
-- Up-to-date symlink: /home/cityu/autoware/install/autoware_planning_msgs/include/autoware_planning_msgs/msg/pose_with_uuid.h
-- Up-to-date symlink: /home/cityu/autoware/install/autoware_planning_msgs/include/autoware_planning_msgs/msg/rosidl_generator_c__visibility_control.h
-- Up-to-date symlink: /home/cityu/autoware/install/autoware_planning_msgs/include/autoware_planning_msgs/srv/detail/set_route__functions.h
-- Up-to-date symlink: /home/cityu/autoware/install/autoware_planning_msgs/include/autoware_planning_msgs/srv/detail/set_route__struct.h
-- Up-to-date symlink: /home/cityu/autoware/install/autoware_planning_msgs/include/autoware_planning_msgs/srv/detail/set_route__type_support.h
-- Up-to-date symlink: /home/cityu/autoware/install/autoware_planning_msgs/include/autoware_planning_msgs/srv/set_route.h
-- Up-to-date symlink: /home/cityu/autoware/install/autoware_planning_msgs/share/autoware_planning_msgs/environment/library_path.sh
-- Up-to-date symlink: /home/cityu/autoware/install/autoware_planning_msgs/share/autoware_planning_msgs/environment/library_path.dsv
-- Up-to-date symlink: /home/cityu/autoware/install/autoware_planning_msgs/include/autoware_planning_msgs/msg/detail/lanelet_primitive__rosidl_typesupport_fastrtps_c.h
-- Up-to-date symlink: /home/cityu/autoware/install/autoware_planning_msgs/include/autoware_planning_msgs/msg/detail/lanelet_route__rosidl_typesupport_fastrtps_c.h
-- Up-to-date symlink: /home/cityu/autoware/install/autoware_planning_msgs/include/autoware_planning_msgs/msg/detail/lanelet_segment__rosidl_typesupport_fastrtps_c.h
-- Up-to-date symlink: /home/cityu/autoware/install/autoware_planning_msgs/include/autoware_planning_msgs/msg/detail/pose_with_uuid__rosidl_typesupport_fastrtps_c.h
-- Up-to-date symlink: /home/cityu/autoware/install/autoware_planning_msgs/include/autoware_planning_msgs/msg/rosidl_typesupport_fastrtps_c__visibility_control.h
-- Up-to-date symlink: /home/cityu/autoware/install/autoware_planning_msgs/include/autoware_planning_msgs/srv/detail/set_route__rosidl_typesupport_fastrtps_c.h
-- Up-to-date symlink: /home/cityu/autoware/install/autoware_planning_msgs/lib/libautoware_planning_msgs__rosidl_typesupport_fastrtps_c.so
-- Up-to-date symlink: /home/cityu/autoware/install/autoware_planning_msgs/include/autoware_planning_msgs/msg/detail/lanelet_primitive__rosidl_typesupport_fastrtps_cpp.hpp
-- Up-to-date symlink: /home/cityu/autoware/install/autoware_planning_msgs/include/autoware_planning_msgs/msg/detail/lanelet_route__rosidl_typesupport_fastrtps_cpp.hpp
-- Up-to-date symlink: /home/cityu/autoware/install/autoware_planning_msgs/include/autoware_planning_msgs/msg/detail/lanelet_segment__rosidl_typesupport_fastrtps_cpp.hpp
-- Up-to-date symlink: /home/cityu/autoware/install/autoware_planning_msgs/include/autoware_planning_msgs/msg/detail/pose_with_uuid__rosidl_typesupport_fastrtps_cpp.hpp
-- Up-to-date symlink: /home/cityu/autoware/install/autoware_planning_msgs/include/autoware_planning_msgs/msg/rosidl_typesupport_fastrtps_cpp__visibility_control.h
-- Up-to-date symlink: /home/cityu/autoware/install/autoware_planning_msgs/include/autoware_planning_msgs/srv/detail/set_route__rosidl_typesupport_fastrtps_cpp.hpp
-- Up-to-date symlink: /home/cityu/autoware/install/autoware_planning_msgs/lib/libautoware_planning_msgs__rosidl_typesupport_fastrtps_cpp.so
-- Up-to-date symlink: /home/cityu/autoware/install/autoware_planning_msgs/include/autoware_planning_msgs/msg/detail/lanelet_primitive__rosidl_typesupport_introspection_c.h
-- Up-to-date symlink: /home/cityu/autoware/install/autoware_planning_msgs/include/autoware_planning_msgs/msg/detail/lanelet_route__rosidl_typesupport_introspection_c.h
-- Up-to-date symlink: /home/cityu/autoware/install/autoware_planning_msgs/include/autoware_planning_msgs/msg/detail/lanelet_segment__rosidl_typesupport_introspection_c.h
-- Up-to-date symlink: /home/cityu/autoware/install/autoware_planning_msgs/include/autoware_planning_msgs/msg/detail/pose_with_uuid__rosidl_typesupport_introspection_c.h
-- Up-to-date symlink: /home/cityu/autoware/install/autoware_planning_msgs/include/autoware_planning_msgs/msg/rosidl_typesupport_introspection_c__visibility_control.h
-- Up-to-date symlink: /home/cityu/autoware/install/autoware_planning_msgs/include/autoware_planning_msgs/srv/detail/set_route__rosidl_typesupport_introspection_c.h
-- Up-to-date symlink: /home/cityu/autoware/install/autoware_planning_msgs/include/autoware_planning_msgs/msg/detail/lanelet_primitive__builder.hpp
-- Up-to-date symlink: /home/cityu/autoware/install/autoware_planning_msgs/include/autoware_planning_msgs/msg/detail/lanelet_primitive__struct.hpp
-- Up-to-date symlink: /home/cityu/autoware/install/autoware_planning_msgs/include/autoware_planning_msgs/msg/detail/lanelet_primitive__traits.hpp
-- Up-to-date symlink: /home/cityu/autoware/install/autoware_planning_msgs/include/autoware_planning_msgs/msg/detail/lanelet_route__builder.hpp
-- Up-to-date symlink: /home/cityu/autoware/install/autoware_planning_msgs/include/autoware_planning_msgs/msg/detail/lanelet_route__struct.hpp
-- Up-to-date symlink: /home/cityu/autoware/install/autoware_planning_msgs/include/autoware_planning_msgs/msg/detail/lanelet_route__traits.hpp
-- Up-to-date symlink: /home/cityu/autoware/install/autoware_planning_msgs/include/autoware_planning_msgs/msg/detail/lanelet_segment__builder.hpp
-- Up-to-date symlink: /home/cityu/autoware/install/autoware_planning_msgs/include/autoware_planning_msgs/msg/detail/lanelet_segment__struct.hpp
-- Up-to-date symlink: /home/cityu/autoware/install/autoware_planning_msgs/include/autoware_planning_msgs/msg/detail/lanelet_segment__traits.hpp
-- Up-to-date symlink: /home/cityu/autoware/install/autoware_planning_msgs/include/autoware_planning_msgs/msg/detail/pose_with_uuid__builder.hpp
-- Up-to-date symlink: /home/cityu/autoware/install/autoware_planning_msgs/include/autoware_planning_msgs/msg/detail/pose_with_uuid__struct.hpp
-- Up-to-date symlink: /home/cityu/autoware/install/autoware_planning_msgs/include/autoware_planning_msgs/msg/detail/pose_with_uuid__traits.hpp
-- Up-to-date symlink: /home/cityu/autoware/install/autoware_planning_msgs/include/autoware_planning_msgs/msg/lanelet_primitive.hpp
-- Up-to-date symlink: /home/cityu/autoware/install/autoware_planning_msgs/include/autoware_planning_msgs/msg/lanelet_route.hpp
-- Up-to-date symlink: /home/cityu/autoware/install/autoware_planning_msgs/include/autoware_planning_msgs/msg/lanelet_segment.hpp
-- Up-to-date symlink: /home/cityu/autoware/install/autoware_planning_msgs/include/autoware_planning_msgs/msg/pose_with_uuid.hpp
-- Up-to-date symlink: /home/cityu/autoware/install/autoware_planning_msgs/include/autoware_planning_msgs/srv/detail/set_route__builder.hpp
-- Up-to-date symlink: /home/cityu/autoware/install/autoware_planning_msgs/include/autoware_planning_msgs/srv/detail/set_route__struct.hpp
-- Up-to-date symlink: /home/cityu/autoware/install/autoware_planning_msgs/include/autoware_planning_msgs/srv/detail/set_route__traits.hpp
-- Up-to-date symlink: /home/cityu/autoware/install/autoware_planning_msgs/include/autoware_planning_msgs/srv/set_route.hpp
-- Up-to-date symlink: /home/cityu/autoware/install/autoware_planning_msgs/include/autoware_planning_msgs/msg/detail/lanelet_primitive__rosidl_typesupport_introspection_cpp.hpp
-- Up-to-date symlink: /home/cityu/autoware/install/autoware_planning_msgs/include/autoware_planning_msgs/msg/detail/lanelet_route__rosidl_typesupport_introspection_cpp.hpp
-- Up-to-date symlink: /home/cityu/autoware/install/autoware_planning_msgs/include/autoware_planning_msgs/msg/detail/lanelet_segment__rosidl_typesupport_introspection_cpp.hpp
-- Up-to-date symlink: /home/cityu/autoware/install/autoware_planning_msgs/include/autoware_planning_msgs/msg/detail/pose_with_uuid__rosidl_typesupport_introspection_cpp.hpp
-- Up-to-date symlink: /home/cityu/autoware/install/autoware_planning_msgs/include/autoware_planning_msgs/srv/detail/set_route__rosidl_typesupport_introspection_cpp.hpp
-- Up-to-date symlink: /home/cityu/autoware/install/autoware_planning_msgs/share/autoware_planning_msgs/environment/pythonpath.sh
-- Up-to-date symlink: /home/cityu/autoware/install/autoware_planning_msgs/share/autoware_planning_msgs/environment/pythonpath.dsv
-- Up-to-date symlink: /home/cityu/autoware/install/autoware_planning_msgs/lib/python3.8/site-packages/autoware_planning_msgs/__init__.py
-- Up-to-date symlink: /home/cityu/autoware/install/autoware_planning_msgs/lib/python3.8/site-packages/autoware_planning_msgs/msg/__init__.py
-- Up-to-date symlink: /home/cityu/autoware/install/autoware_planning_msgs/lib/python3.8/site-packages/autoware_planning_msgs/msg/_lanelet_primitive.py
-- Up-to-date symlink: /home/cityu/autoware/install/autoware_planning_msgs/lib/python3.8/site-packages/autoware_planning_msgs/msg/_lanelet_route.py
-- Up-to-date symlink: /home/cityu/autoware/install/autoware_planning_msgs/lib/python3.8/site-packages/autoware_planning_msgs/msg/_lanelet_segment.py
-- Up-to-date symlink: /home/cityu/autoware/install/autoware_planning_msgs/lib/python3.8/site-packages/autoware_planning_msgs/msg/_pose_with_uuid.py
-- Up-to-date symlink: /home/cityu/autoware/install/autoware_planning_msgs/lib/python3.8/site-packages/autoware_planning_msgs/srv/__init__.py
-- Up-to-date symlink: /home/cityu/autoware/install/autoware_planning_msgs/lib/python3.8/site-packages/autoware_planning_msgs/srv/_set_route.py
-- Up-to-date symlink: /home/cityu/autoware/install/autoware_planning_msgs/lib/python3.8/site-packages/autoware_planning_msgs/autoware_planning_msgs_s__rosidl_typesupport_fastrtps_c.cpython-38-x86_64-linux-gnu.so
-- Up-to-date symlink: /home/cityu/autoware/install/autoware_planning_msgs/lib/python3.8/site-packages/autoware_planning_msgs/autoware_planning_msgs_s__rosidl_typesupport_introspection_c.cpython-38-x86_64-linux-gnu.so
-- Up-to-date symlink: /home/cityu/autoware/install/autoware_planning_msgs/lib/python3.8/site-packages/autoware_planning_msgs/autoware_planning_msgs_s__rosidl_typesupport_c.cpython-38-x86_64-linux-gnu.so
-- Up-to-date symlink: /home/cityu/autoware/install/autoware_planning_msgs/lib/libautoware_planning_msgs__python.so
-- Up-to-date symlink: /home/cityu/autoware/install/autoware_planning_msgs/share/autoware_planning_msgs/msg/LaneletPrimitive.idl
-- Up-to-date symlink: /home/cityu/autoware/install/autoware_planning_msgs/share/autoware_planning_msgs/msg/LaneletRoute.idl
-- Up-to-date symlink: /home/cityu/autoware/install/autoware_planning_msgs/share/autoware_planning_msgs/msg/LaneletSegment.idl
-- Up-to-date symlink: /home/cityu/autoware/install/autoware_planning_msgs/share/autoware_planning_msgs/msg/PoseWithUuid.idl
-- Up-to-date symlink: /home/cityu/autoware/install/autoware_planning_msgs/share/autoware_planning_msgs/srv/SetRoute.idl
-- Up-to-date symlink: /home/cityu/autoware/install/autoware_planning_msgs/share/autoware_planning_msgs/msg/LaneletPrimitive.msg
-- Up-to-date symlink: /home/cityu/autoware/install/autoware_planning_msgs/share/autoware_planning_msgs/msg/LaneletRoute.msg
-- Up-to-date symlink: /home/cityu/autoware/install/autoware_planning_msgs/share/autoware_planning_msgs/msg/LaneletSegment.msg
-- Up-to-date symlink: /home/cityu/autoware/install/autoware_planning_msgs/share/autoware_planning_msgs/msg/PoseWithUuid.msg
-- Up-to-date symlink: /home/cityu/autoware/install/autoware_planning_msgs/share/autoware_planning_msgs/srv/SetRoute.srv
-- Up-to-date symlink: /home/cityu/autoware/install/autoware_planning_msgs/share/autoware_planning_msgs/srv/SetRoute_Request.msg
-- Up-to-date symlink: /home/cityu/autoware/install/autoware_planning_msgs/share/autoware_planning_msgs/srv/SetRoute_Response.msg
-- Up-to-date symlink: /home/cityu/autoware/install/autoware_planning_msgs/share/ament_index/resource_index/package_run_dependencies/autoware_planning_msgs
-- Up-to-date symlink: /home/cityu/autoware/install/autoware_planning_msgs/share/ament_index/resource_index/parent_prefix_path/autoware_planning_msgs
-- Up-to-date symlink: /home/cityu/autoware/install/autoware_planning_msgs/share/autoware_planning_msgs/environment/ament_prefix_path.sh
-- Up-to-date symlink: /home/cityu/autoware/install/autoware_planning_msgs/share/autoware_planning_msgs/environment/ament_prefix_path.dsv
-- Up-to-date symlink: /home/cityu/autoware/install/autoware_planning_msgs/share/autoware_planning_msgs/environment/path.sh
-- Up-to-date symlink: /home/cityu/autoware/install/autoware_planning_msgs/share/autoware_planning_msgs/environment/path.dsv
-- Up-to-date symlink: /home/cityu/autoware/install/autoware_planning_msgs/share/autoware_planning_msgs/local_setup.bash
-- Up-to-date symlink: /home/cityu/autoware/install/autoware_planning_msgs/share/autoware_planning_msgs/local_setup.sh
-- Up-to-date symlink: /home/cityu/autoware/install/autoware_planning_msgs/share/autoware_planning_msgs/local_setup.zsh
-- Up-to-date symlink: /home/cityu/autoware/install/autoware_planning_msgs/share/autoware_planning_msgs/local_setup.dsv
-- Symlinking: /home/cityu/autoware/install/autoware_planning_msgs/share/autoware_planning_msgs/package.dsv
-- Up-to-date symlink: /home/cityu/autoware/install/autoware_planning_msgs/share/ament_index/resource_index/packages/autoware_planning_msgs
-- Up-to-date symlink: /home/cityu/autoware/install/autoware_planning_msgs/share/autoware_planning_msgs/cmake/rosidl_cmake-extras.cmake
-- Up-to-date symlink: /home/cityu/autoware/install/autoware_planning_msgs/share/autoware_planning_msgs/cmake/ament_cmake_export_dependencies-extras.cmake
-- Up-to-date symlink: /home/cityu/autoware/install/autoware_planning_msgs/share/autoware_planning_msgs/cmake/ament_cmake_export_libraries-extras.cmake
-- Up-to-date symlink: /home/cityu/autoware/install/autoware_planning_msgs/share/autoware_planning_msgs/cmake/ament_cmake_export_targets-extras.cmake
-- Up-to-date symlink: /home/cityu/autoware/install/autoware_planning_msgs/share/autoware_planning_msgs/cmake/ament_cmake_export_include_directories-extras.cmake
-- Up-to-date symlink: /home/cityu/autoware/install/autoware_planning_msgs/share/autoware_planning_msgs/cmake/rosidl_cmake_export_typesupport_libraries-extras.cmake
-- Up-to-date symlink: /home/cityu/autoware/install/autoware_planning_msgs/share/autoware_planning_msgs/cmake/rosidl_cmake_export_typesupport_targets-extras.cmake
-- Up-to-date symlink: /home/cityu/autoware/install/autoware_planning_msgs/share/autoware_planning_msgs/cmake/autoware_planning_msgsConfig.cmake
-- Up-to-date symlink: /home/cityu/autoware/install/autoware_planning_msgs/share/autoware_planning_msgs/cmake/autoware_planning_msgsConfig-version.cmake
-- Up-to-date symlink: /home/cityu/autoware/install/autoware_planning_msgs/share/autoware_planning_msgs/package.xml
-- Installing: /home/cityu/autoware/install/autoware_planning_msgs/lib/libautoware_planning_msgs__rosidl_generator_c.so
-- Set runtime path of "/home/cityu/autoware/install/autoware_planning_msgs/lib/libautoware_planning_msgs__rosidl_generator_c.so" to ""
-- Installing: /home/cityu/autoware/install/autoware_planning_msgs/lib/libautoware_planning_msgs__rosidl_typesupport_introspection_c.so
-- Set runtime path of "/home/cityu/autoware/install/autoware_planning_msgs/lib/libautoware_planning_msgs__rosidl_typesupport_introspection_c.so" to ""
-- Installing: /home/cityu/autoware/install/autoware_planning_msgs/lib/libautoware_planning_msgs__rosidl_typesupport_c.so
-- Set runtime path of "/home/cityu/autoware/install/autoware_planning_msgs/lib/libautoware_planning_msgs__rosidl_typesupport_c.so" to ""
-- Installing: /home/cityu/autoware/install/autoware_planning_msgs/lib/libautoware_planning_msgs__rosidl_typesupport_introspection_cpp.so
-- Set runtime path of "/home/cityu/autoware/install/autoware_planning_msgs/lib/libautoware_planning_msgs__rosidl_typesupport_introspection_cpp.so" to ""
-- Installing: /home/cityu/autoware/install/autoware_planning_msgs/lib/libautoware_planning_msgs__rosidl_typesupport_cpp.so
-- Set runtime path of "/home/cityu/autoware/install/autoware_planning_msgs/lib/libautoware_planning_msgs__rosidl_typesupport_cpp.so" to ""
Compiling '/home/cityu/autoware/install/autoware_planning_msgs/lib/python3.8/site-packages/autoware_planning_msgs/__init__.py'...
-- Up-to-date: /home/cityu/autoware/install/autoware_planning_msgs/share/autoware_planning_msgs/cmake/autoware_planning_msgs__rosidl_generator_cExport.cmake
-- Installing: /home/cityu/autoware/install/autoware_planning_msgs/share/autoware_planning_msgs/cmake/autoware_planning_msgs__rosidl_generator_cExport-release.cmake
-- Up-to-date: /home/cityu/autoware/install/autoware_planning_msgs/share/autoware_planning_msgs/cmake/autoware_planning_msgs__rosidl_typesupport_introspection_cExport.cmake
-- Installing: /home/cityu/autoware/install/autoware_planning_msgs/share/autoware_planning_msgs/cmake/autoware_planning_msgs__rosidl_typesupport_introspection_cExport-release.cmake
-- Up-to-date: /home/cityu/autoware/install/autoware_planning_msgs/share/autoware_planning_msgs/cmake/autoware_planning_msgs__rosidl_typesupport_cExport.cmake
-- Installing: /home/cityu/autoware/install/autoware_planning_msgs/share/autoware_planning_msgs/cmake/autoware_planning_msgs__rosidl_typesupport_cExport-release.cmake
-- Up-to-date: /home/cityu/autoware/install/autoware_planning_msgs/share/autoware_planning_msgs/cmake/autoware_planning_msgs__rosidl_generator_cppExport.cmake
-- Up-to-date: /home/cityu/autoware/install/autoware_planning_msgs/share/autoware_planning_msgs/cmake/autoware_planning_msgs__rosidl_typesupport_introspection_cppExport.cmake
-- Installing: /home/cityu/autoware/install/autoware_planning_msgs/share/autoware_planning_msgs/cmake/autoware_planning_msgs__rosidl_typesupport_introspection_cppExport-release.cmake
-- Up-to-date: /home/cityu/autoware/install/autoware_planning_msgs/share/autoware_planning_msgs/cmake/autoware_planning_msgs__rosidl_typesupport_cppExport.cmake
-- Installing: /home/cityu/autoware/install/autoware_planning_msgs/share/autoware_planning_msgs/cmake/autoware_planning_msgs__rosidl_typesupport_cppExport-release.cmake
