[0.046s] Invoking command in '/home/cityu/autoware/build/autoware_planning_msgs': AMENT_PREFIX_PATH=/home/cityu/autoware/install/autoware_common_msgs:${AMENT_PREFIX_PATH} CMAKE_PREFIX_PATH=/home/cityu/autoware/install/autoware_common_msgs:/opt/ros/galactic LD_LIBRARY_PATH=/home/cityu/autoware/install/autoware_common_msgs/lib:${LD_LIBRARY_PATH} PYTHONPATH=/home/cityu/autoware/install/autoware_common_msgs/lib/python3.8/site-packages:${PYTHONPATH} /usr/bin/cmake /home/cityu/autoware/src/core/autoware_msgs/autoware_planning_msgs -DCMAKE_BUILD_TYPE=Release -DDOWNLOAD_ARTIFACTS=ON -DAMENT_CMAKE_SYMLINK_INSTALL=1 -DCMAKE_INSTALL_PREFIX=/home/cityu/autoware/install/autoware_planning_msgs
[0.106s] -- Found ament_cmake_auto: 1.1.6 (/opt/ros/galactic/share/ament_cmake_auto/cmake)
[0.113s] -- Found PythonInterp: /usr/bin/python3 (found suitable version "3.8.10", minimum required is "3") 
[0.113s] -- Using PYTHON_EXECUTABLE: /usr/bin/python3
[0.204s] -- Override CMake install command with custom implementation using symlinks instead of copying resources
[0.329s] -- Using all available rosidl_typesupport_c: rosidl_typesupport_fastrtps_c;rosidl_typesupport_introspection_c
[0.329s] -- Found rosidl_adapter: 2.2.3 (/opt/ros/galactic/share/rosidl_adapter/cmake)
[0.571s] -- Using all available rosidl_typesupport_cpp: rosidl_typesupport_fastrtps_cpp;rosidl_typesupport_introspection_cpp
[0.747s] -- Found PythonInterp: /usr/bin/python3 (found version "3.8.10") 
[0.961s] -- Found ament_cmake_cppcheck: 0.10.7 (/opt/ros/galactic/share/ament_cmake_cppcheck/cmake)
[0.961s] -- Found ament_cmake_cpplint: 0.10.7 (/opt/ros/galactic/share/ament_cmake_cpplint/cmake)
[0.962s] -- Found ament_cmake_uncrustify: 0.10.7 (/opt/ros/galactic/share/ament_cmake_uncrustify/cmake)
[0.962s] -- Found ament_cmake_ros: 0.9.2 (/opt/ros/galactic/share/ament_cmake_ros/cmake)
[1.442s] -- Using all available rosidl_typesupport_c: rosidl_typesupport_fastrtps_c;rosidl_typesupport_introspection_c
[1.661s] -- Using all available rosidl_typesupport_cpp: rosidl_typesupport_fastrtps_cpp;rosidl_typesupport_introspection_cpp
[1.703s] -- Found PythonInterp: /usr/bin/python3 (found suitable version "3.8.10", minimum required is "3.5") 
[1.704s] -- Found python_cmake_module: 0.8.1 (/opt/ros/galactic/share/python_cmake_module/cmake)
[1.737s] -- Using PYTHON_EXECUTABLE: /usr/bin/python3
[1.737s] -- Using PYTHON_INCLUDE_DIRS: /usr/include/python3.8
[1.738s] -- Using PYTHON_LIBRARIES: /usr/lib/x86_64-linux-gnu/libpython3.8.so
[1.845s] -- Found ament_cmake_flake8: 0.10.7 (/opt/ros/galactic/share/ament_cmake_flake8/cmake)
[1.846s] -- Found ament_cmake_pep257: 0.10.7 (/opt/ros/galactic/share/ament_cmake_pep257/cmake)
[1.851s] -- Found ament_lint_auto: 0.10.7 (/opt/ros/galactic/share/ament_lint_auto/cmake)
[1.867s] -- Added test 'copyright' to check source files copyright and LICENSE
[1.867s] -- Added test 'lint_cmake' to check CMake code style
[1.867s] -- Added test 'xmllint' to check XML markup files
[1.873s] -- Configuring done
[1.981s] -- Generating done
[1.986s] CMake Warning:
[1.986s]   Manually-specified variables were not used by the project:
[1.986s] 
[1.986s]     DOWNLOAD_ARTIFACTS
[1.986s] 
[1.986s] 
[1.986s] -- Build files have been written to: /home/cityu/autoware/build/autoware_planning_msgs
[2.162s] Invoked command in '/home/cityu/autoware/build/autoware_planning_msgs' returned '0': AMENT_PREFIX_PATH=/home/cityu/autoware/install/autoware_common_msgs:${AMENT_PREFIX_PATH} CMAKE_PREFIX_PATH=/home/cityu/autoware/install/autoware_common_msgs:/opt/ros/galactic LD_LIBRARY_PATH=/home/cityu/autoware/install/autoware_common_msgs/lib:${LD_LIBRARY_PATH} PYTHONPATH=/home/cityu/autoware/install/autoware_common_msgs/lib/python3.8/site-packages:${PYTHONPATH} /usr/bin/cmake /home/cityu/autoware/src/core/autoware_msgs/autoware_planning_msgs -DCMAKE_BUILD_TYPE=Release -DDOWNLOAD_ARTIFACTS=ON -DAMENT_CMAKE_SYMLINK_INSTALL=1 -DCMAKE_INSTALL_PREFIX=/home/cityu/autoware/install/autoware_planning_msgs
[2.168s] Invoking command in '/home/cityu/autoware/build/autoware_planning_msgs': AMENT_PREFIX_PATH=/home/cityu/autoware/install/autoware_common_msgs:${AMENT_PREFIX_PATH} CMAKE_PREFIX_PATH=/home/cityu/autoware/install/autoware_common_msgs:/opt/ros/galactic LD_LIBRARY_PATH=/home/cityu/autoware/install/autoware_common_msgs/lib:${LD_LIBRARY_PATH} PYTHONPATH=/home/cityu/autoware/install/autoware_common_msgs/lib/python3.8/site-packages:${PYTHONPATH} /usr/bin/cmake --build /home/cityu/autoware/build/autoware_planning_msgs -- -j16 -l16
[2.397s] [  1%] Built target autoware_planning_msgs__cpp
[2.397s] [  3%] [32m[1mLinking C shared library libautoware_planning_msgs__rosidl_generator_c.so[0m
[2.397s] [ 12%] Built target autoware_planning_msgs__rosidl_generator_c
[2.397s] [ 14%] [32m[1mLinking CXX shared library libautoware_planning_msgs__rosidl_typesupport_cpp.so[0m
[2.397s] [ 23%] Built target autoware_planning_msgs__rosidl_typesupport_cpp
[2.397s] [ 25%] [32m[1mLinking CXX shared library libautoware_planning_msgs__rosidl_typesupport_c.so[0m
[2.453s] [ 34%] Built target autoware_planning_msgs__rosidl_typesupport_c
[2.542s] [ 36%] [32m[1mLinking C shared library libautoware_planning_msgs__rosidl_typesupport_introspection_c.so[0m
[2.587s] [ 46%] Built target autoware_planning_msgs__rosidl_typesupport_introspection_c
[2.655s] [ 47%] [32m[1mLinking CXX shared library libautoware_planning_msgs__rosidl_typesupport_fastrtps_cpp.so[0m
[2.903s] [ 57%] Built target autoware_planning_msgs__rosidl_typesupport_fastrtps_cpp
[2.963s] [ 58%] [32m[1mLinking CXX shared library libautoware_planning_msgs__rosidl_typesupport_introspection_cpp.so[0m
[3.213s] [ 68%] Built target autoware_planning_msgs__rosidl_typesupport_introspection_cpp
[3.268s] [ 69%] [32m[1mLinking CXX shared library libautoware_planning_msgs__rosidl_typesupport_fastrtps_c.so[0m
[3.486s] [ 79%] Built target autoware_planning_msgs__rosidl_typesupport_fastrtps_c
[3.518s] [ 79%] Built target autoware_planning_msgs
[3.560s] [ 80%] Built target autoware_planning_msgs__py
[3.645s] [ 82%] [32m[1mLinking C shared library rosidl_generator_py/autoware_planning_msgs/libautoware_planning_msgs__python.so[0m
[3.757s] [ 90%] Built target autoware_planning_msgs__python
[3.827s] [ 92%] [32m[1mLinking C shared library rosidl_generator_py/autoware_planning_msgs/autoware_planning_msgs_s__rosidl_typesupport_c.cpython-38-x86_64-linux-gnu.so[0m
[3.892s] [ 93%] Built target autoware_planning_msgs__rosidl_typesupport_c__pyext
[3.948s] [ 95%] [32m[1mLinking CXX shared library rosidl_generator_py/autoware_planning_msgs/autoware_planning_msgs_s__rosidl_typesupport_fastrtps_c.cpython-38-x86_64-linux-gnu.so[0m
[4.083s] [ 96%] Built target autoware_planning_msgs__rosidl_typesupport_fastrtps_c__pyext
[4.123s] [ 98%] [32m[1mLinking C shared library rosidl_generator_py/autoware_planning_msgs/autoware_planning_msgs_s__rosidl_typesupport_introspection_c.cpython-38-x86_64-linux-gnu.so[0m
[4.188s] [100%] Built target autoware_planning_msgs__rosidl_typesupport_introspection_c__pyext
[4.214s] Invoked command in '/home/cityu/autoware/build/autoware_planning_msgs' returned '0': AMENT_PREFIX_PATH=/home/cityu/autoware/install/autoware_common_msgs:${AMENT_PREFIX_PATH} CMAKE_PREFIX_PATH=/home/cityu/autoware/install/autoware_common_msgs:/opt/ros/galactic LD_LIBRARY_PATH=/home/cityu/autoware/install/autoware_common_msgs/lib:${LD_LIBRARY_PATH} PYTHONPATH=/home/cityu/autoware/install/autoware_common_msgs/lib/python3.8/site-packages:${PYTHONPATH} /usr/bin/cmake --build /home/cityu/autoware/build/autoware_planning_msgs -- -j16 -l16
[4.406s] Invoking command in '/home/cityu/autoware/build/autoware_planning_msgs': AMENT_PREFIX_PATH=/home/cityu/autoware/install/autoware_common_msgs:${AMENT_PREFIX_PATH} CMAKE_PREFIX_PATH=/home/cityu/autoware/install/autoware_common_msgs:/opt/ros/galactic LD_LIBRARY_PATH=/home/cityu/autoware/install/autoware_common_msgs/lib:${LD_LIBRARY_PATH} PYTHONPATH=/home/cityu/autoware/install/autoware_common_msgs/lib/python3.8/site-packages:${PYTHONPATH} /usr/bin/cmake --install /home/cityu/autoware/build/autoware_planning_msgs
[5.186s] -- Install configuration: "Release"
[5.186s] -- Execute custom install script
[5.186s] -- Up-to-date symlink: /home/cityu/autoware/install/autoware_planning_msgs/share/ament_index/resource_index/rosidl_interfaces/autoware_planning_msgs
[5.186s] -- Up-to-date symlink: /home/cityu/autoware/install/autoware_planning_msgs/include/autoware_planning_msgs/msg/detail/lanelet_primitive__functions.h
[5.190s] -- Up-to-date symlink: /home/cityu/autoware/install/autoware_planning_msgs/include/autoware_planning_msgs/msg/detail/lanelet_primitive__struct.h
[5.190s] -- Up-to-date symlink: /home/cityu/autoware/install/autoware_planning_msgs/include/autoware_planning_msgs/msg/detail/lanelet_primitive__type_support.h
[5.190s] -- Up-to-date symlink: /home/cityu/autoware/install/autoware_planning_msgs/include/autoware_planning_msgs/msg/detail/lanelet_route__functions.h
[5.191s] -- Up-to-date symlink: /home/cityu/autoware/install/autoware_planning_msgs/include/autoware_planning_msgs/msg/detail/lanelet_route__struct.h
[5.191s] -- Up-to-date symlink: /home/cityu/autoware/install/autoware_planning_msgs/include/autoware_planning_msgs/msg/detail/lanelet_route__type_support.h
[5.191s] -- Up-to-date symlink: /home/cityu/autoware/install/autoware_planning_msgs/include/autoware_planning_msgs/msg/detail/lanelet_segment__functions.h
[5.191s] -- Up-to-date symlink: /home/cityu/autoware/install/autoware_planning_msgs/include/autoware_planning_msgs/msg/detail/lanelet_segment__struct.h
[5.191s] -- Up-to-date symlink: /home/cityu/autoware/install/autoware_planning_msgs/include/autoware_planning_msgs/msg/detail/lanelet_segment__type_support.h
[5.191s] -- Up-to-date symlink: /home/cityu/autoware/install/autoware_planning_msgs/include/autoware_planning_msgs/msg/detail/pose_with_uuid__functions.h
[5.191s] -- Up-to-date symlink: /home/cityu/autoware/install/autoware_planning_msgs/include/autoware_planning_msgs/msg/detail/pose_with_uuid__struct.h
[5.191s] -- Up-to-date symlink: /home/cityu/autoware/install/autoware_planning_msgs/include/autoware_planning_msgs/msg/detail/pose_with_uuid__type_support.h
[5.191s] -- Up-to-date symlink: /home/cityu/autoware/install/autoware_planning_msgs/include/autoware_planning_msgs/msg/lanelet_primitive.h
[5.192s] -- Up-to-date symlink: /home/cityu/autoware/install/autoware_planning_msgs/include/autoware_planning_msgs/msg/lanelet_route.h
[5.192s] -- Up-to-date symlink: /home/cityu/autoware/install/autoware_planning_msgs/include/autoware_planning_msgs/msg/lanelet_segment.h
[5.192s] -- Up-to-date symlink: /home/cityu/autoware/install/autoware_planning_msgs/include/autoware_planning_msgs/msg/pose_with_uuid.h
[5.192s] -- Up-to-date symlink: /home/cityu/autoware/install/autoware_planning_msgs/include/autoware_planning_msgs/msg/rosidl_generator_c__visibility_control.h
[5.192s] -- Up-to-date symlink: /home/cityu/autoware/install/autoware_planning_msgs/include/autoware_planning_msgs/srv/detail/set_route__functions.h
[5.193s] -- Up-to-date symlink: /home/cityu/autoware/install/autoware_planning_msgs/include/autoware_planning_msgs/srv/detail/set_route__struct.h
[5.193s] -- Up-to-date symlink: /home/cityu/autoware/install/autoware_planning_msgs/include/autoware_planning_msgs/srv/detail/set_route__type_support.h
[5.193s] -- Up-to-date symlink: /home/cityu/autoware/install/autoware_planning_msgs/include/autoware_planning_msgs/srv/set_route.h
[5.193s] -- Up-to-date symlink: /home/cityu/autoware/install/autoware_planning_msgs/share/autoware_planning_msgs/environment/library_path.sh
[5.194s] -- Up-to-date symlink: /home/cityu/autoware/install/autoware_planning_msgs/share/autoware_planning_msgs/environment/library_path.dsv
[5.194s] -- Up-to-date symlink: /home/cityu/autoware/install/autoware_planning_msgs/include/autoware_planning_msgs/msg/detail/lanelet_primitive__rosidl_typesupport_fastrtps_c.h
[5.194s] -- Up-to-date symlink: /home/cityu/autoware/install/autoware_planning_msgs/include/autoware_planning_msgs/msg/detail/lanelet_route__rosidl_typesupport_fastrtps_c.h
[5.194s] -- Up-to-date symlink: /home/cityu/autoware/install/autoware_planning_msgs/include/autoware_planning_msgs/msg/detail/lanelet_segment__rosidl_typesupport_fastrtps_c.h
[5.194s] -- Up-to-date symlink: /home/cityu/autoware/install/autoware_planning_msgs/include/autoware_planning_msgs/msg/detail/pose_with_uuid__rosidl_typesupport_fastrtps_c.h
[5.194s] -- Up-to-date symlink: /home/cityu/autoware/install/autoware_planning_msgs/include/autoware_planning_msgs/msg/rosidl_typesupport_fastrtps_c__visibility_control.h
[5.194s] -- Up-to-date symlink: /home/cityu/autoware/install/autoware_planning_msgs/include/autoware_planning_msgs/srv/detail/set_route__rosidl_typesupport_fastrtps_c.h
[5.194s] -- Up-to-date symlink: /home/cityu/autoware/install/autoware_planning_msgs/lib/libautoware_planning_msgs__rosidl_typesupport_fastrtps_c.so
[5.195s] -- Up-to-date symlink: /home/cityu/autoware/install/autoware_planning_msgs/include/autoware_planning_msgs/msg/detail/lanelet_primitive__rosidl_typesupport_fastrtps_cpp.hpp
[5.195s] -- Up-to-date symlink: /home/cityu/autoware/install/autoware_planning_msgs/include/autoware_planning_msgs/msg/detail/lanelet_route__rosidl_typesupport_fastrtps_cpp.hpp
[5.195s] -- Up-to-date symlink: /home/cityu/autoware/install/autoware_planning_msgs/include/autoware_planning_msgs/msg/detail/lanelet_segment__rosidl_typesupport_fastrtps_cpp.hpp
[5.197s] -- Up-to-date symlink: /home/cityu/autoware/install/autoware_planning_msgs/include/autoware_planning_msgs/msg/detail/pose_with_uuid__rosidl_typesupport_fastrtps_cpp.hpp
[5.197s] -- Up-to-date symlink: /home/cityu/autoware/install/autoware_planning_msgs/include/autoware_planning_msgs/msg/rosidl_typesupport_fastrtps_cpp__visibility_control.h
[5.197s] -- Up-to-date symlink: /home/cityu/autoware/install/autoware_planning_msgs/include/autoware_planning_msgs/srv/detail/set_route__rosidl_typesupport_fastrtps_cpp.hpp
[5.197s] -- Up-to-date symlink: /home/cityu/autoware/install/autoware_planning_msgs/lib/libautoware_planning_msgs__rosidl_typesupport_fastrtps_cpp.so
[5.198s] -- Up-to-date symlink: /home/cityu/autoware/install/autoware_planning_msgs/include/autoware_planning_msgs/msg/detail/lanelet_primitive__rosidl_typesupport_introspection_c.h
[5.198s] -- Up-to-date symlink: /home/cityu/autoware/install/autoware_planning_msgs/include/autoware_planning_msgs/msg/detail/lanelet_route__rosidl_typesupport_introspection_c.h
[5.198s] -- Up-to-date symlink: /home/cityu/autoware/install/autoware_planning_msgs/include/autoware_planning_msgs/msg/detail/lanelet_segment__rosidl_typesupport_introspection_c.h
[5.198s] -- Up-to-date symlink: /home/cityu/autoware/install/autoware_planning_msgs/include/autoware_planning_msgs/msg/detail/pose_with_uuid__rosidl_typesupport_introspection_c.h
[5.198s] -- Up-to-date symlink: /home/cityu/autoware/install/autoware_planning_msgs/include/autoware_planning_msgs/msg/rosidl_typesupport_introspection_c__visibility_control.h
[5.198s] -- Up-to-date symlink: /home/cityu/autoware/install/autoware_planning_msgs/include/autoware_planning_msgs/srv/detail/set_route__rosidl_typesupport_introspection_c.h
[5.198s] -- Up-to-date symlink: /home/cityu/autoware/install/autoware_planning_msgs/include/autoware_planning_msgs/msg/detail/lanelet_primitive__builder.hpp
[5.198s] -- Up-to-date symlink: /home/cityu/autoware/install/autoware_planning_msgs/include/autoware_planning_msgs/msg/detail/lanelet_primitive__struct.hpp
[5.198s] -- Up-to-date symlink: /home/cityu/autoware/install/autoware_planning_msgs/include/autoware_planning_msgs/msg/detail/lanelet_primitive__traits.hpp
[5.199s] -- Up-to-date symlink: /home/cityu/autoware/install/autoware_planning_msgs/include/autoware_planning_msgs/msg/detail/lanelet_route__builder.hpp
[5.199s] -- Up-to-date symlink: /home/cityu/autoware/install/autoware_planning_msgs/include/autoware_planning_msgs/msg/detail/lanelet_route__struct.hpp
[5.199s] -- Up-to-date symlink: /home/cityu/autoware/install/autoware_planning_msgs/include/autoware_planning_msgs/msg/detail/lanelet_route__traits.hpp
[5.199s] -- Up-to-date symlink: /home/cityu/autoware/install/autoware_planning_msgs/include/autoware_planning_msgs/msg/detail/lanelet_segment__builder.hpp
[5.199s] -- Up-to-date symlink: /home/cityu/autoware/install/autoware_planning_msgs/include/autoware_planning_msgs/msg/detail/lanelet_segment__struct.hpp
[5.199s] -- Up-to-date symlink: /home/cityu/autoware/install/autoware_planning_msgs/include/autoware_planning_msgs/msg/detail/lanelet_segment__traits.hpp
[5.199s] -- Up-to-date symlink: /home/cityu/autoware/install/autoware_planning_msgs/include/autoware_planning_msgs/msg/detail/pose_with_uuid__builder.hpp
[5.199s] -- Up-to-date symlink: /home/cityu/autoware/install/autoware_planning_msgs/include/autoware_planning_msgs/msg/detail/pose_with_uuid__struct.hpp
[5.200s] -- Up-to-date symlink: /home/cityu/autoware/install/autoware_planning_msgs/include/autoware_planning_msgs/msg/detail/pose_with_uuid__traits.hpp
[5.200s] -- Up-to-date symlink: /home/cityu/autoware/install/autoware_planning_msgs/include/autoware_planning_msgs/msg/lanelet_primitive.hpp
[5.200s] -- Up-to-date symlink: /home/cityu/autoware/install/autoware_planning_msgs/include/autoware_planning_msgs/msg/lanelet_route.hpp
[5.200s] -- Up-to-date symlink: /home/cityu/autoware/install/autoware_planning_msgs/include/autoware_planning_msgs/msg/lanelet_segment.hpp
[5.200s] -- Up-to-date symlink: /home/cityu/autoware/install/autoware_planning_msgs/include/autoware_planning_msgs/msg/pose_with_uuid.hpp
[5.200s] -- Up-to-date symlink: /home/cityu/autoware/install/autoware_planning_msgs/include/autoware_planning_msgs/srv/detail/set_route__builder.hpp
[5.200s] -- Up-to-date symlink: /home/cityu/autoware/install/autoware_planning_msgs/include/autoware_planning_msgs/srv/detail/set_route__struct.hpp
[5.200s] -- Up-to-date symlink: /home/cityu/autoware/install/autoware_planning_msgs/include/autoware_planning_msgs/srv/detail/set_route__traits.hpp
[5.200s] -- Up-to-date symlink: /home/cityu/autoware/install/autoware_planning_msgs/include/autoware_planning_msgs/srv/set_route.hpp
[5.201s] -- Up-to-date symlink: /home/cityu/autoware/install/autoware_planning_msgs/include/autoware_planning_msgs/msg/detail/lanelet_primitive__rosidl_typesupport_introspection_cpp.hpp
[5.201s] -- Up-to-date symlink: /home/cityu/autoware/install/autoware_planning_msgs/include/autoware_planning_msgs/msg/detail/lanelet_route__rosidl_typesupport_introspection_cpp.hpp
[5.201s] -- Up-to-date symlink: /home/cityu/autoware/install/autoware_planning_msgs/include/autoware_planning_msgs/msg/detail/lanelet_segment__rosidl_typesupport_introspection_cpp.hpp
[5.201s] -- Up-to-date symlink: /home/cityu/autoware/install/autoware_planning_msgs/include/autoware_planning_msgs/msg/detail/pose_with_uuid__rosidl_typesupport_introspection_cpp.hpp
[5.201s] -- Up-to-date symlink: /home/cityu/autoware/install/autoware_planning_msgs/include/autoware_planning_msgs/srv/detail/set_route__rosidl_typesupport_introspection_cpp.hpp
[5.201s] -- Up-to-date symlink: /home/cityu/autoware/install/autoware_planning_msgs/share/autoware_planning_msgs/environment/pythonpath.sh
[5.201s] -- Up-to-date symlink: /home/cityu/autoware/install/autoware_planning_msgs/share/autoware_planning_msgs/environment/pythonpath.dsv
[5.201s] -- Up-to-date symlink: /home/cityu/autoware/install/autoware_planning_msgs/lib/python3.8/site-packages/autoware_planning_msgs/__init__.py
[5.202s] -- Up-to-date symlink: /home/cityu/autoware/install/autoware_planning_msgs/lib/python3.8/site-packages/autoware_planning_msgs/msg/__init__.py
[5.202s] -- Up-to-date symlink: /home/cityu/autoware/install/autoware_planning_msgs/lib/python3.8/site-packages/autoware_planning_msgs/msg/_lanelet_primitive.py
[5.202s] -- Up-to-date symlink: /home/cityu/autoware/install/autoware_planning_msgs/lib/python3.8/site-packages/autoware_planning_msgs/msg/_lanelet_route.py
[5.202s] -- Up-to-date symlink: /home/cityu/autoware/install/autoware_planning_msgs/lib/python3.8/site-packages/autoware_planning_msgs/msg/_lanelet_segment.py
[5.202s] -- Up-to-date symlink: /home/cityu/autoware/install/autoware_planning_msgs/lib/python3.8/site-packages/autoware_planning_msgs/msg/_pose_with_uuid.py
[5.202s] -- Up-to-date symlink: /home/cityu/autoware/install/autoware_planning_msgs/lib/python3.8/site-packages/autoware_planning_msgs/srv/__init__.py
[5.202s] -- Up-to-date symlink: /home/cityu/autoware/install/autoware_planning_msgs/lib/python3.8/site-packages/autoware_planning_msgs/srv/_set_route.py
[5.202s] -- Up-to-date symlink: /home/cityu/autoware/install/autoware_planning_msgs/lib/python3.8/site-packages/autoware_planning_msgs/autoware_planning_msgs_s__rosidl_typesupport_fastrtps_c.cpython-38-x86_64-linux-gnu.so
[5.202s] -- Up-to-date symlink: /home/cityu/autoware/install/autoware_planning_msgs/lib/python3.8/site-packages/autoware_planning_msgs/autoware_planning_msgs_s__rosidl_typesupport_introspection_c.cpython-38-x86_64-linux-gnu.so
[5.203s] -- Up-to-date symlink: /home/cityu/autoware/install/autoware_planning_msgs/lib/python3.8/site-packages/autoware_planning_msgs/autoware_planning_msgs_s__rosidl_typesupport_c.cpython-38-x86_64-linux-gnu.so
[5.203s] -- Up-to-date symlink: /home/cityu/autoware/install/autoware_planning_msgs/lib/libautoware_planning_msgs__python.so
[5.203s] -- Up-to-date symlink: /home/cityu/autoware/install/autoware_planning_msgs/share/autoware_planning_msgs/msg/LaneletPrimitive.idl
[5.203s] -- Up-to-date symlink: /home/cityu/autoware/install/autoware_planning_msgs/share/autoware_planning_msgs/msg/LaneletRoute.idl
[5.203s] -- Up-to-date symlink: /home/cityu/autoware/install/autoware_planning_msgs/share/autoware_planning_msgs/msg/LaneletSegment.idl
[5.203s] -- Up-to-date symlink: /home/cityu/autoware/install/autoware_planning_msgs/share/autoware_planning_msgs/msg/PoseWithUuid.idl
[5.203s] -- Up-to-date symlink: /home/cityu/autoware/install/autoware_planning_msgs/share/autoware_planning_msgs/srv/SetRoute.idl
[5.203s] -- Up-to-date symlink: /home/cityu/autoware/install/autoware_planning_msgs/share/autoware_planning_msgs/msg/LaneletPrimitive.msg
[5.203s] -- Up-to-date symlink: /home/cityu/autoware/install/autoware_planning_msgs/share/autoware_planning_msgs/msg/LaneletRoute.msg
[5.204s] -- Up-to-date symlink: /home/cityu/autoware/install/autoware_planning_msgs/share/autoware_planning_msgs/msg/LaneletSegment.msg
[5.204s] -- Up-to-date symlink: /home/cityu/autoware/install/autoware_planning_msgs/share/autoware_planning_msgs/msg/PoseWithUuid.msg
[5.204s] -- Up-to-date symlink: /home/cityu/autoware/install/autoware_planning_msgs/share/autoware_planning_msgs/srv/SetRoute.srv
[5.204s] -- Up-to-date symlink: /home/cityu/autoware/install/autoware_planning_msgs/share/autoware_planning_msgs/srv/SetRoute_Request.msg
[5.204s] -- Up-to-date symlink: /home/cityu/autoware/install/autoware_planning_msgs/share/autoware_planning_msgs/srv/SetRoute_Response.msg
[5.204s] -- Up-to-date symlink: /home/cityu/autoware/install/autoware_planning_msgs/share/ament_index/resource_index/package_run_dependencies/autoware_planning_msgs
[5.204s] -- Up-to-date symlink: /home/cityu/autoware/install/autoware_planning_msgs/share/ament_index/resource_index/parent_prefix_path/autoware_planning_msgs
[5.204s] -- Up-to-date symlink: /home/cityu/autoware/install/autoware_planning_msgs/share/autoware_planning_msgs/environment/ament_prefix_path.sh
[5.205s] -- Up-to-date symlink: /home/cityu/autoware/install/autoware_planning_msgs/share/autoware_planning_msgs/environment/ament_prefix_path.dsv
[5.205s] -- Up-to-date symlink: /home/cityu/autoware/install/autoware_planning_msgs/share/autoware_planning_msgs/environment/path.sh
[5.205s] -- Up-to-date symlink: /home/cityu/autoware/install/autoware_planning_msgs/share/autoware_planning_msgs/environment/path.dsv
[5.205s] -- Up-to-date symlink: /home/cityu/autoware/install/autoware_planning_msgs/share/autoware_planning_msgs/local_setup.bash
[5.205s] -- Up-to-date symlink: /home/cityu/autoware/install/autoware_planning_msgs/share/autoware_planning_msgs/local_setup.sh
[5.205s] -- Up-to-date symlink: /home/cityu/autoware/install/autoware_planning_msgs/share/autoware_planning_msgs/local_setup.zsh
[5.205s] -- Up-to-date symlink: /home/cityu/autoware/install/autoware_planning_msgs/share/autoware_planning_msgs/local_setup.dsv
[5.205s] -- Symlinking: /home/cityu/autoware/install/autoware_planning_msgs/share/autoware_planning_msgs/package.dsv
[5.205s] -- Up-to-date symlink: /home/cityu/autoware/install/autoware_planning_msgs/share/ament_index/resource_index/packages/autoware_planning_msgs
[5.206s] -- Up-to-date symlink: /home/cityu/autoware/install/autoware_planning_msgs/share/autoware_planning_msgs/cmake/rosidl_cmake-extras.cmake
[5.206s] -- Up-to-date symlink: /home/cityu/autoware/install/autoware_planning_msgs/share/autoware_planning_msgs/cmake/ament_cmake_export_dependencies-extras.cmake
[5.206s] -- Up-to-date symlink: /home/cityu/autoware/install/autoware_planning_msgs/share/autoware_planning_msgs/cmake/ament_cmake_export_libraries-extras.cmake
[5.206s] -- Up-to-date symlink: /home/cityu/autoware/install/autoware_planning_msgs/share/autoware_planning_msgs/cmake/ament_cmake_export_targets-extras.cmake
[5.206s] -- Up-to-date symlink: /home/cityu/autoware/install/autoware_planning_msgs/share/autoware_planning_msgs/cmake/ament_cmake_export_include_directories-extras.cmake
[5.206s] -- Up-to-date symlink: /home/cityu/autoware/install/autoware_planning_msgs/share/autoware_planning_msgs/cmake/rosidl_cmake_export_typesupport_libraries-extras.cmake
[5.206s] -- Up-to-date symlink: /home/cityu/autoware/install/autoware_planning_msgs/share/autoware_planning_msgs/cmake/rosidl_cmake_export_typesupport_targets-extras.cmake
[5.206s] -- Up-to-date symlink: /home/cityu/autoware/install/autoware_planning_msgs/share/autoware_planning_msgs/cmake/autoware_planning_msgsConfig.cmake
[5.206s] -- Up-to-date symlink: /home/cityu/autoware/install/autoware_planning_msgs/share/autoware_planning_msgs/cmake/autoware_planning_msgsConfig-version.cmake
[5.207s] -- Up-to-date symlink: /home/cityu/autoware/install/autoware_planning_msgs/share/autoware_planning_msgs/package.xml
[5.207s] -- Installing: /home/cityu/autoware/install/autoware_planning_msgs/lib/libautoware_planning_msgs__rosidl_generator_c.so
[5.207s] -- Set runtime path of "/home/cityu/autoware/install/autoware_planning_msgs/lib/libautoware_planning_msgs__rosidl_generator_c.so" to ""
[5.207s] -- Installing: /home/cityu/autoware/install/autoware_planning_msgs/lib/libautoware_planning_msgs__rosidl_typesupport_introspection_c.so
[5.207s] -- Set runtime path of "/home/cityu/autoware/install/autoware_planning_msgs/lib/libautoware_planning_msgs__rosidl_typesupport_introspection_c.so" to ""
[5.207s] -- Installing: /home/cityu/autoware/install/autoware_planning_msgs/lib/libautoware_planning_msgs__rosidl_typesupport_c.so
[5.208s] -- Set runtime path of "/home/cityu/autoware/install/autoware_planning_msgs/lib/libautoware_planning_msgs__rosidl_typesupport_c.so" to ""
[5.208s] -- Installing: /home/cityu/autoware/install/autoware_planning_msgs/lib/libautoware_planning_msgs__rosidl_typesupport_introspection_cpp.so
[5.209s] -- Set runtime path of "/home/cityu/autoware/install/autoware_planning_msgs/lib/libautoware_planning_msgs__rosidl_typesupport_introspection_cpp.so" to ""
[5.209s] -- Installing: /home/cityu/autoware/install/autoware_planning_msgs/lib/libautoware_planning_msgs__rosidl_typesupport_cpp.so
[5.209s] -- Set runtime path of "/home/cityu/autoware/install/autoware_planning_msgs/lib/libautoware_planning_msgs__rosidl_typesupport_cpp.so" to ""
[5.249s] Compiling '/home/cityu/autoware/install/autoware_planning_msgs/lib/python3.8/site-packages/autoware_planning_msgs/__init__.py'...
[5.276s] -- Up-to-date: /home/cityu/autoware/install/autoware_planning_msgs/share/autoware_planning_msgs/cmake/autoware_planning_msgs__rosidl_generator_cExport.cmake
[5.276s] -- Installing: /home/cityu/autoware/install/autoware_planning_msgs/share/autoware_planning_msgs/cmake/autoware_planning_msgs__rosidl_generator_cExport-release.cmake
[5.277s] -- Up-to-date: /home/cityu/autoware/install/autoware_planning_msgs/share/autoware_planning_msgs/cmake/autoware_planning_msgs__rosidl_typesupport_introspection_cExport.cmake
[5.277s] -- Installing: /home/cityu/autoware/install/autoware_planning_msgs/share/autoware_planning_msgs/cmake/autoware_planning_msgs__rosidl_typesupport_introspection_cExport-release.cmake
[5.277s] -- Up-to-date: /home/cityu/autoware/install/autoware_planning_msgs/share/autoware_planning_msgs/cmake/autoware_planning_msgs__rosidl_typesupport_cExport.cmake
[5.277s] -- Installing: /home/cityu/autoware/install/autoware_planning_msgs/share/autoware_planning_msgs/cmake/autoware_planning_msgs__rosidl_typesupport_cExport-release.cmake
[5.277s] -- Up-to-date: /home/cityu/autoware/install/autoware_planning_msgs/share/autoware_planning_msgs/cmake/autoware_planning_msgs__rosidl_generator_cppExport.cmake
[5.277s] -- Up-to-date: /home/cityu/autoware/install/autoware_planning_msgs/share/autoware_planning_msgs/cmake/autoware_planning_msgs__rosidl_typesupport_introspection_cppExport.cmake
[5.277s] -- Installing: /home/cityu/autoware/install/autoware_planning_msgs/share/autoware_planning_msgs/cmake/autoware_planning_msgs__rosidl_typesupport_introspection_cppExport-release.cmake
[5.277s] -- Up-to-date: /home/cityu/autoware/install/autoware_planning_msgs/share/autoware_planning_msgs/cmake/autoware_planning_msgs__rosidl_typesupport_cppExport.cmake
[5.277s] -- Installing: /home/cityu/autoware/install/autoware_planning_msgs/share/autoware_planning_msgs/cmake/autoware_planning_msgs__rosidl_typesupport_cppExport-release.cmake
[5.283s] Invoked command in '/home/cityu/autoware/build/autoware_planning_msgs' returned '0': AMENT_PREFIX_PATH=/home/cityu/autoware/install/autoware_common_msgs:${AMENT_PREFIX_PATH} CMAKE_PREFIX_PATH=/home/cityu/autoware/install/autoware_common_msgs:/opt/ros/galactic LD_LIBRARY_PATH=/home/cityu/autoware/install/autoware_common_msgs/lib:${LD_LIBRARY_PATH} PYTHONPATH=/home/cityu/autoware/install/autoware_common_msgs/lib/python3.8/site-packages:${PYTHONPATH} /usr/bin/cmake --install /home/cityu/autoware/build/autoware_planning_msgs
