[0.037s] Invoking command in '/home/cityu/autoware/build/velodyne_monitor': AMENT_PREFIX_PATH=/home/cityu/autoware/install/autoware_cmake:/home/cityu/autoware/install/autoware_lint_common:${AMENT_PREFIX_PATH} CMAKE_PREFIX_PATH=/home/cityu/autoware/install/autoware_cmake:/home/cityu/autoware/install/autoware_lint_common:/opt/ros/galactic /usr/bin/cmake /home/cityu/autoware/src/universe/autoware.universe/system/velodyne_monitor -DCMAKE_BUILD_TYPE=Release -DAMENT_CMAKE_SYMLINK_INSTALL=1 -DCMAKE_INSTALL_PREFIX=/home/cityu/autoware/install/velodyne_monitor
[3.501s] -- The C compiler identification is GNU 9.4.0
[3.501s] -- The CXX compiler identification is GNU 9.4.0
[3.501s] -- Check for working C compiler: /usr/bin/cc
[3.502s] -- Check for working C compiler: /usr/bin/cc -- works
[3.507s] -- Detecting C compiler ABI info
[3.507s] -- Detecting C compiler ABI info - done
[3.507s] -- Detecting C compile features
[3.507s] -- Detecting C compile features - done
[3.507s] -- Check for working CXX compiler: /usr/bin/c++
[3.508s] -- Check for working CXX compiler: /usr/bin/c++ -- works
[3.508s] -- Detecting CXX compiler ABI info
[3.508s] -- Detecting CXX compiler ABI info - done
[3.508s] -- Detecting CXX compile features
[3.508s] -- Detecting CXX compile features - done
[3.508s] -- Found autoware_cmake: 0.1.0 (/home/cityu/autoware/install/autoware_cmake/share/autoware_cmake/cmake)
[3.508s] -- Found ament_cmake_auto: 1.1.6 (/opt/ros/galactic/share/ament_cmake_auto/cmake)
[3.508s] -- Found PythonInterp: /usr/bin/python3 (found suitable version "3.8.10", minimum required is "3") 
[3.508s] -- Using PYTHON_EXECUTABLE: /usr/bin/python3
[3.509s] -- Override CMake install command with custom implementation using symlinks instead of copying resources
[3.509s] -- Using all available rosidl_typesupport_c: rosidl_typesupport_fastrtps_c;rosidl_typesupport_introspection_c
[3.509s] -- Found rosidl_adapter: 2.2.3 (/opt/ros/galactic/share/rosidl_adapter/cmake)
[3.509s] -- Found OpenSSL: /usr/lib/x86_64-linux-gnu/libcrypto.so (found version "1.1.1f")  
[3.509s] -- Found FastRTPS: /opt/ros/galactic/include  
[3.509s] -- Using all available rosidl_typesupport_cpp: rosidl_typesupport_fastrtps_cpp;rosidl_typesupport_introspection_cpp
[3.509s] -- Found rmw_implementation_cmake: 3.3.1 (/opt/ros/galactic/share/rmw_implementation_cmake/cmake)
[3.509s] -- Found rmw_cyclonedds_cpp: 0.22.6 (/opt/ros/galactic/share/rmw_cyclonedds_cpp/cmake)
[3.509s] -- Using RMW implementation 'rmw_cyclonedds_cpp' as default
[3.509s] -- Looking for pthread.h
[3.510s] -- Looking for pthread.h - found
[3.510s] -- Performing Test CMAKE_HAVE_LIBC_PTHREAD
[3.510s] -- Performing Test CMAKE_HAVE_LIBC_PTHREAD - Failed
[3.510s] -- Looking for pthread_create in pthreads
[3.510s] -- Looking for pthread_create in pthreads - not found
[3.510s] -- Looking for pthread_create in pthread
[3.510s] -- Looking for pthread_create in pthread - found
[3.510s] -- Found Threads: TRUE  
[3.510s] -- Found ament_lint_auto: 0.10.7 (/opt/ros/galactic/share/ament_lint_auto/cmake)
[3.510s] -- Added test 'copyright' to check source files copyright and LICENSE
[3.511s] -- Added test 'cppcheck' to perform static code analysis on C / C++ code
[3.511s] -- Configured cppcheck include dirs: /home/cityu/autoware/src/universe/autoware.universe/system/velodyne_monitor/include
[3.511s] -- Configured cppcheck exclude dirs and/or files: 
[3.511s] -- Added test 'lint_cmake' to check CMake code style
[3.511s] -- Added test 'xmllint' to check XML markup files
[3.511s] -- Configuring done
[3.511s] -- Generating done
[3.511s] -- Build files have been written to: /home/cityu/autoware/build/velodyne_monitor
[3.520s] Invoked command in '/home/cityu/autoware/build/velodyne_monitor' returned '0': AMENT_PREFIX_PATH=/home/cityu/autoware/install/autoware_cmake:/home/cityu/autoware/install/autoware_lint_common:${AMENT_PREFIX_PATH} CMAKE_PREFIX_PATH=/home/cityu/autoware/install/autoware_cmake:/home/cityu/autoware/install/autoware_lint_common:/opt/ros/galactic /usr/bin/cmake /home/cityu/autoware/src/universe/autoware.universe/system/velodyne_monitor -DCMAKE_BUILD_TYPE=Release -DAMENT_CMAKE_SYMLINK_INSTALL=1 -DCMAKE_INSTALL_PREFIX=/home/cityu/autoware/install/velodyne_monitor
[3.521s] Invoking command in '/home/cityu/autoware/build/velodyne_monitor': AMENT_PREFIX_PATH=/home/cityu/autoware/install/autoware_cmake:/home/cityu/autoware/install/autoware_lint_common:${AMENT_PREFIX_PATH} CMAKE_PREFIX_PATH=/home/cityu/autoware/install/autoware_cmake:/home/cityu/autoware/install/autoware_lint_common:/opt/ros/galactic /usr/bin/cmake --build /home/cityu/autoware/build/velodyne_monitor -- -j16 -l16
[8.260s] [35m[1mScanning dependencies of target velodyne_monitor[0m
[8.261s] [ 33%] [32mBuilding CXX object CMakeFiles/velodyne_monitor.dir/src/velodyne_monitor_node.cpp.o[0m
[15.899s] [ 66%] [32mBuilding CXX object CMakeFiles/velodyne_monitor.dir/src/velodyne_monitor.cpp.o[0m
[43.045s] [100%] [32m[1mLinking CXX executable velodyne_monitor[0m
[44.311s] [100%] Built target velodyne_monitor
[44.344s] Invoked command in '/home/cityu/autoware/build/velodyne_monitor' returned '0': AMENT_PREFIX_PATH=/home/cityu/autoware/install/autoware_cmake:/home/cityu/autoware/install/autoware_lint_common:${AMENT_PREFIX_PATH} CMAKE_PREFIX_PATH=/home/cityu/autoware/install/autoware_cmake:/home/cityu/autoware/install/autoware_lint_common:/opt/ros/galactic /usr/bin/cmake --build /home/cityu/autoware/build/velodyne_monitor -- -j16 -l16
[44.624s] Invoking command in '/home/cityu/autoware/build/velodyne_monitor': AMENT_PREFIX_PATH=/home/cityu/autoware/install/autoware_cmake:/home/cityu/autoware/install/autoware_lint_common:${AMENT_PREFIX_PATH} CMAKE_PREFIX_PATH=/home/cityu/autoware/install/autoware_cmake:/home/cityu/autoware/install/autoware_lint_common:/opt/ros/galactic /usr/bin/cmake --install /home/cityu/autoware/build/velodyne_monitor
[55.352s] -- Install configuration: "Release"
[55.353s] -- Execute custom install script
[55.353s] -- Symlinking: /home/cityu/autoware/install/velodyne_monitor/include/velodyne_monitor/velodyne_monitor.hpp
[55.353s] -- Symlinking: /home/cityu/autoware/install/velodyne_monitor/lib/velodyne_monitor/velodyne_monitor
[55.353s] -- Symlinking: /home/cityu/autoware/install/velodyne_monitor/share/velodyne_monitor/launch/velodyne_monitor.launch.xml
[55.353s] -- Symlinking: /home/cityu/autoware/install/velodyne_monitor/share/velodyne_monitor/config/HDL-32E.param.yaml
[55.353s] -- Symlinking: /home/cityu/autoware/install/velodyne_monitor/share/velodyne_monitor/config/VLP-16.param.yaml
[55.353s] -- Symlinking: /home/cityu/autoware/install/velodyne_monitor/share/velodyne_monitor/config/VLP-32C.param.yaml
[55.354s] -- Symlinking: /home/cityu/autoware/install/velodyne_monitor/share/velodyne_monitor/config/VLS-128.param.yaml
[55.354s] -- Symlinking: /home/cityu/autoware/install/velodyne_monitor/share/velodyne_monitor/config/Velarray_M1600.param.yaml
[55.354s] -- Symlinking: /home/cityu/autoware/install/velodyne_monitor/share/ament_index/resource_index/package_run_dependencies/velodyne_monitor
[55.354s] -- Symlinking: /home/cityu/autoware/install/velodyne_monitor/share/ament_index/resource_index/parent_prefix_path/velodyne_monitor
[55.354s] -- Symlinking: /home/cityu/autoware/install/velodyne_monitor/share/velodyne_monitor/environment/ament_prefix_path.sh
[55.354s] -- Symlinking: /home/cityu/autoware/install/velodyne_monitor/share/velodyne_monitor/environment/ament_prefix_path.dsv
[55.354s] -- Symlinking: /home/cityu/autoware/install/velodyne_monitor/share/velodyne_monitor/environment/path.sh
[55.354s] -- Symlinking: /home/cityu/autoware/install/velodyne_monitor/share/velodyne_monitor/environment/path.dsv
[55.354s] -- Symlinking: /home/cityu/autoware/install/velodyne_monitor/share/velodyne_monitor/local_setup.bash
[55.354s] -- Symlinking: /home/cityu/autoware/install/velodyne_monitor/share/velodyne_monitor/local_setup.sh
[55.354s] -- Symlinking: /home/cityu/autoware/install/velodyne_monitor/share/velodyne_monitor/local_setup.zsh
[55.355s] -- Symlinking: /home/cityu/autoware/install/velodyne_monitor/share/velodyne_monitor/local_setup.dsv
[55.355s] -- Symlinking: /home/cityu/autoware/install/velodyne_monitor/share/velodyne_monitor/package.dsv
[55.355s] -- Symlinking: /home/cityu/autoware/install/velodyne_monitor/share/ament_index/resource_index/packages/velodyne_monitor
[55.355s] -- Symlinking: /home/cityu/autoware/install/velodyne_monitor/share/velodyne_monitor/cmake/ament_cmake_export_dependencies-extras.cmake
[55.355s] -- Symlinking: /home/cityu/autoware/install/velodyne_monitor/share/velodyne_monitor/cmake/ament_cmake_export_include_directories-extras.cmake
[55.355s] -- Symlinking: /home/cityu/autoware/install/velodyne_monitor/share/velodyne_monitor/cmake/velodyne_monitorConfig.cmake
[55.355s] -- Symlinking: /home/cityu/autoware/install/velodyne_monitor/share/velodyne_monitor/cmake/velodyne_monitorConfig-version.cmake
[55.355s] -- Symlinking: /home/cityu/autoware/install/velodyne_monitor/share/velodyne_monitor/package.xml
[55.413s] Invoked command in '/home/cityu/autoware/build/velodyne_monitor' returned '0': AMENT_PREFIX_PATH=/home/cityu/autoware/install/autoware_cmake:/home/cityu/autoware/install/autoware_lint_common:${AMENT_PREFIX_PATH} CMAKE_PREFIX_PATH=/home/cityu/autoware/install/autoware_cmake:/home/cityu/autoware/install/autoware_lint_common:/opt/ros/galactic /usr/bin/cmake --install /home/cityu/autoware/build/velodyne_monitor
