[0.111s] Invoking command in '/home/cityu/autoware/build/autoware_common_msgs': CMAKE_PREFIX_PATH=/opt/ros/galactic /usr/bin/cmake /home/cityu/autoware/src/core/autoware_msgs/autoware_common_msgs -DCMAKE_BUILD_TYPE=Release--cmake-args -DDOWNLOAD_ARTIFACTS=ON -DAMENT_CMAKE_SYMLINK_INSTALL=1 -DCMAKE_INSTALL_PREFIX=/home/cityu/autoware/install/autoware_common_msgs
[0.310s] -- Found ament_cmake_auto: 1.1.6 (/opt/ros/galactic/share/ament_cmake_auto/cmake)
[0.310s] -- Found PythonInterp: /usr/bin/python3 (found suitable version "3.8.10", minimum required is "3") 
[0.310s] -- Using PYTHON_EXECUTABLE: /usr/bin/python3
[0.310s] -- Override CMake install command with custom implementation using symlinks instead of copying resources
[0.448s] -- Using all available rosidl_typesupport_c: rosidl_typesupport_fastrtps_c;rosidl_typesupport_introspection_c
[0.454s] -- Found rosidl_adapter: 2.2.3 (/opt/ros/galactic/share/rosidl_adapter/cmake)
[0.619s] -- Using all available rosidl_typesupport_cpp: rosidl_typesupport_fastrtps_cpp;rosidl_typesupport_introspection_cpp
[0.684s] -- Found PythonInterp: /usr/bin/python3 (found version "3.8.10") 
[0.771s] -- Found ament_cmake_ros: 0.9.2 (/opt/ros/galactic/share/ament_cmake_ros/cmake)
[0.908s] -- Using all available rosidl_typesupport_c: rosidl_typesupport_fastrtps_c;rosidl_typesupport_introspection_c
[0.919s] -- Using all available rosidl_typesupport_cpp: rosidl_typesupport_fastrtps_cpp;rosidl_typesupport_introspection_cpp
[0.950s] -- Found PythonInterp: /usr/bin/python3 (found suitable version "3.8.10", minimum required is "3.5") 
[0.950s] -- Found python_cmake_module: 0.8.1 (/opt/ros/galactic/share/python_cmake_module/cmake)
[0.983s] -- Using PYTHON_EXECUTABLE: /usr/bin/python3
[0.983s] -- Using PYTHON_INCLUDE_DIRS: /usr/include/python3.8
[0.984s] -- Using PYTHON_LIBRARIES: /usr/lib/x86_64-linux-gnu/libpython3.8.so
[1.024s] -- Configuring done
[1.065s] -- Generating done
[1.069s] CMake Warning:
[1.069s]   Manually-specified variables were not used by the project:
[1.069s] 
[1.069s]     DOWNLOAD_ARTIFACTS
[1.069s] 
[1.070s] 
[1.070s] -- Build files have been written to: /home/cityu/autoware/build/autoware_common_msgs
[1.083s] Invoked command in '/home/cityu/autoware/build/autoware_common_msgs' returned '0': CMAKE_PREFIX_PATH=/opt/ros/galactic /usr/bin/cmake /home/cityu/autoware/src/core/autoware_msgs/autoware_common_msgs -DCMAKE_BUILD_TYPE=Release--cmake-args -DDOWNLOAD_ARTIFACTS=ON -DAMENT_CMAKE_SYMLINK_INSTALL=1 -DCMAKE_INSTALL_PREFIX=/home/cityu/autoware/install/autoware_common_msgs
[1.084s] Invoking command in '/home/cityu/autoware/build/autoware_common_msgs': CMAKE_PREFIX_PATH=/opt/ros/galactic /usr/bin/cmake --build /home/cityu/autoware/build/autoware_common_msgs -- -j16 -l16
[1.488s] [  3%] Built target autoware_common_msgs__cpp
[1.488s] [  6%] [32mBuilding C object CMakeFiles/autoware_common_msgs__rosidl_generator_c.dir/rosidl_generator_c/autoware_common_msgs/msg/detail/response_status__functions.c.o[0m
[1.488s] [  9%] [32mBuilding CXX object CMakeFiles/autoware_common_msgs__rosidl_typesupport_cpp.dir/rosidl_typesupport_cpp/autoware_common_msgs/msg/response_status__type_support.cpp.o[0m
[1.489s] [ 12%] [32mBuilding CXX object CMakeFiles/autoware_common_msgs__rosidl_typesupport_fastrtps_cpp.dir/rosidl_typesupport_fastrtps_cpp/autoware_common_msgs/msg/detail/dds_fastrtps/response_status__type_support.cpp.o[0m
[1.489s] [ 16%] [32mBuilding CXX object CMakeFiles/autoware_common_msgs__rosidl_typesupport_introspection_cpp.dir/rosidl_typesupport_introspection_cpp/autoware_common_msgs/msg/detail/response_status__type_support.cpp.o[0m
[1.489s] [ 19%] [32m[1mLinking C shared library libautoware_common_msgs__rosidl_generator_c.so[0m
[1.489s] [ 22%] Built target autoware_common_msgs__rosidl_generator_c
[1.489s] [ 25%] [32mBuilding CXX object CMakeFiles/autoware_common_msgs__rosidl_typesupport_c.dir/rosidl_typesupport_c/autoware_common_msgs/msg/response_status__type_support.cpp.o[0m
[1.489s] [ 29%] [32mBuilding C object CMakeFiles/autoware_common_msgs__rosidl_typesupport_introspection_c.dir/rosidl_typesupport_introspection_c/autoware_common_msgs/msg/detail/response_status__type_support.c.o[0m
[1.537s] [ 32%] [32m[1mLinking C shared library libautoware_common_msgs__rosidl_typesupport_introspection_c.so[0m
[1.551s] [ 35%] [32m[1mLinking CXX shared library libautoware_common_msgs__rosidl_typesupport_c.so[0m
[1.717s] [ 38%] Built target autoware_common_msgs__rosidl_typesupport_introspection_c
[1.751s] [ 41%] Built target autoware_common_msgs__rosidl_typesupport_c
[1.890s] [ 45%] [32m[1mLinking CXX shared library libautoware_common_msgs__rosidl_typesupport_cpp.so[0m
[2.006s] [ 48%] [32m[1mLinking CXX shared library libautoware_common_msgs__rosidl_typesupport_introspection_cpp.so[0m
[2.203s] [ 51%] Built target autoware_common_msgs__rosidl_typesupport_cpp
[2.521s] [ 54%] Built target autoware_common_msgs__rosidl_typesupport_introspection_cpp
[3.060s] [ 58%] [32m[1mLinking CXX shared library libautoware_common_msgs__rosidl_typesupport_fastrtps_cpp.so[0m
[4.862s] [ 61%] Built target autoware_common_msgs__rosidl_typesupport_fastrtps_cpp
