-- The C compiler identification is GNU 9.4.0
-- The CXX compiler identification is GNU 9.4.0
-- Check for working C compiler: /usr/bin/cc
-- Check for working C compiler: /usr/bin/cc -- works
-- Detecting C compiler ABI info
-- Detecting C compiler ABI info - done
-- Detecting C compile features
-- Detecting C compile features - done
-- Check for working CXX compiler: /usr/bin/c++
-- Check for working CXX compiler: /usr/bin/c++ -- works
-- Detecting CXX compiler ABI info
-- Detecting CXX compiler ABI info - done
-- Detecting CXX compile features
-- Detecting CXX compile features - done
-- Found autoware_cmake: 0.1.0 (/home/cityu/autoware/install/autoware_cmake/share/autoware_cmake/cmake)
-- Found ament_cmake_auto: 1.1.6 (/opt/ros/galactic/share/ament_cmake_auto/cmake)
-- Found PythonInterp: /usr/bin/python3 (found suitable version "3.8.10", minimum required is "3") 
-- Using PYTHON_EXECUTABLE: /usr/bin/python3
-- Override CMake install command with custom implementation using symlinks instead of copying resources
-- Using all available rosidl_typesupport_c: rosidl_typesupport_fastrtps_c;rosidl_typesupport_introspection_c
-- Found rosidl_adapter: 2.2.3 (/opt/ros/galactic/share/rosidl_adapter/cmake)
-- Found OpenSSL: /usr/lib/x86_64-linux-gnu/libcrypto.so (found version "1.1.1f")  
-- Found FastRTPS: /opt/ros/galactic/include  
-- Using all available rosidl_typesupport_cpp: rosidl_typesupport_fastrtps_cpp;rosidl_typesupport_introspection_cpp
-- Found ament_lint_auto: 0.10.7 (/opt/ros/galactic/share/ament_lint_auto/cmake)
-- Found ament_cmake_gtest: 1.1.6 (/opt/ros/galactic/share/ament_cmake_gtest/cmake)
-- Found OpenCV: /usr (found version "4.2.0") 
-- Added test 'copyright' to check source files copyright and LICENSE
-- Added test 'cppcheck' to perform static code analysis on C / C++ code
-- Configured cppcheck include dirs: /home/cityu/autoware/src/universe/autoware.universe/common/tvm_utility/include
-- Configured cppcheck exclude dirs and/or files: 
-- Added test 'lint_cmake' to check CMake code style
-- Added test 'xmllint' to check XML markup files
-- Configuring done
-- Generating done
-- Build files have been written to: /home/cityu/autoware/build/tvm_utility
CMake Warning at tvm_utility-extras.cmake:58 (message):
  Skipped download for yolo_v2_tiny (enable by setting DOWNLOAD_ARTIFACTS)
Call Stack (most recent call first):
  CMakeLists.txt:53 (get_neural_network)


CMake Warning at CMakeLists.txt:90 (message):
  No model is generated for
  /home/cityu/autoware/src/universe/autoware.universe/common/tvm_utility/test/yolo_v2_tiny,
  skipping test


[35m[1mScanning dependencies of target tvm_utility[0m
[100%] [32m[1mLinking CXX shared library libtvm_utility.so[0m
[100%] Built target tvm_utility
-- Install configuration: "Release"
-- Execute custom install script
-- Symlinking: /home/cityu/autoware/install/tvm_utility/include/tvm_utility/pipeline.hpp
-- Symlinking: /home/cityu/autoware/install/tvm_utility/share/tvm_utility/environment/library_path.sh
-- Symlinking: /home/cityu/autoware/install/tvm_utility/share/tvm_utility/environment/library_path.dsv
-- Symlinking: /home/cityu/autoware/install/tvm_utility/lib/libtvm_utility.so
-- Symlinking: /home/cityu/autoware/install/tvm_utility/share/ament_index/resource_index/package_run_dependencies/tvm_utility
-- Symlinking: /home/cityu/autoware/install/tvm_utility/share/ament_index/resource_index/parent_prefix_path/tvm_utility
-- Symlinking: /home/cityu/autoware/install/tvm_utility/share/tvm_utility/environment/ament_prefix_path.sh
-- Symlinking: /home/cityu/autoware/install/tvm_utility/share/tvm_utility/environment/ament_prefix_path.dsv
-- Symlinking: /home/cityu/autoware/install/tvm_utility/share/tvm_utility/environment/path.sh
-- Symlinking: /home/cityu/autoware/install/tvm_utility/share/tvm_utility/environment/path.dsv
-- Symlinking: /home/cityu/autoware/install/tvm_utility/share/tvm_utility/local_setup.bash
-- Symlinking: /home/cityu/autoware/install/tvm_utility/share/tvm_utility/local_setup.sh
-- Symlinking: /home/cityu/autoware/install/tvm_utility/share/tvm_utility/local_setup.zsh
-- Symlinking: /home/cityu/autoware/install/tvm_utility/share/tvm_utility/local_setup.dsv
-- Symlinking: /home/cityu/autoware/install/tvm_utility/share/tvm_utility/package.dsv
-- Symlinking: /home/cityu/autoware/install/tvm_utility/share/ament_index/resource_index/packages/tvm_utility
-- Symlinking: /home/cityu/autoware/install/tvm_utility/share/tvm_utility/cmake/tvm_utility-extras.cmake
-- Symlinking: /home/cityu/autoware/install/tvm_utility/share/tvm_utility/cmake/ament_cmake_export_dependencies-extras.cmake
-- Symlinking: /home/cityu/autoware/install/tvm_utility/share/tvm_utility/cmake/ament_cmake_export_include_directories-extras.cmake
-- Symlinking: /home/cityu/autoware/install/tvm_utility/share/tvm_utility/cmake/ament_cmake_export_libraries-extras.cmake
-- Symlinking: /home/cityu/autoware/install/tvm_utility/share/tvm_utility/cmake/tvm_utilityConfig.cmake
-- Symlinking: /home/cityu/autoware/install/tvm_utility/share/tvm_utility/cmake/tvm_utilityConfig-version.cmake
-- Symlinking: /home/cityu/autoware/install/tvm_utility/share/tvm_utility/package.xml
