[0.306s] Invoking command in '/home/cityu/autoware/build/radar_fusion_to_detected_object': AMENT_PREFIX_PATH=/home/cityu/autoware/install/tier4_autoware_utils:/home/cityu/autoware/install/autoware_auto_vehicle_msgs:/home/cityu/autoware/install/autoware_cmake:/home/cityu/autoware/install/autoware_auto_planning_msgs:/home/cityu/autoware/install/autoware_auto_perception_msgs:/home/cityu/autoware/install/tier4_debug_msgs:/home/cityu/autoware/install/autoware_lint_common:/home/cityu/autoware/install/autoware_auto_mapping_msgs:/home/cityu/autoware/install/autoware_auto_geometry_msgs:${AMENT_PREFIX_PATH} CMAKE_PREFIX_PATH=/home/cityu/autoware/install/tier4_autoware_utils:/home/cityu/autoware/install/autoware_auto_vehicle_msgs:/home/cityu/autoware/install/autoware_cmake:/home/cityu/autoware/install/autoware_auto_planning_msgs:/home/cityu/autoware/install/autoware_auto_perception_msgs:/home/cityu/autoware/install/tier4_debug_msgs:/home/cityu/autoware/install/autoware_lint_common:/home/cityu/autoware/install/autoware_auto_mapping_msgs:/home/cityu/autoware/install/autoware_auto_geometry_msgs:/opt/ros/galactic LD_LIBRARY_PATH=/home/cityu/autoware/install/tier4_autoware_utils/lib:/home/cityu/autoware/install/autoware_auto_vehicle_msgs/lib:/home/cityu/autoware/install/autoware_auto_planning_msgs/lib:/home/cityu/autoware/install/autoware_auto_perception_msgs/lib:/home/cityu/autoware/install/tier4_debug_msgs/lib:/home/cityu/autoware/install/autoware_auto_mapping_msgs/lib:/home/cityu/autoware/install/autoware_auto_geometry_msgs/lib:${LD_LIBRARY_PATH} PYTHONPATH=/home/cityu/autoware/install/autoware_auto_vehicle_msgs/lib/python3.8/site-packages:/home/cityu/autoware/install/autoware_auto_planning_msgs/lib/python3.8/site-packages:/home/cityu/autoware/install/autoware_auto_perception_msgs/lib/python3.8/site-packages:/home/cityu/autoware/install/tier4_debug_msgs/lib/python3.8/site-packages:/home/cityu/autoware/install/autoware_auto_mapping_msgs/lib/python3.8/site-packages:/home/cityu/autoware/install/autoware_auto_geometry_msgs/lib/python3.8/site-packages:${PYTHONPATH} /usr/bin/cmake /home/cityu/autoware/src/universe/autoware.universe/perception/radar_fusion_to_detected_object -DCMAKE_BUILD_TYPE=Release -DAMENT_CMAKE_SYMLINK_INSTALL=1 -DCMAKE_INSTALL_PREFIX=/home/cityu/autoware/install/radar_fusion_to_detected_object
[22.158s] -- The C compiler identification is GNU 9.4.0
[22.162s] -- The CXX compiler identification is GNU 9.4.0
[22.163s] -- Check for working C compiler: /usr/bin/cc
[22.163s] -- Check for working C compiler: /usr/bin/cc -- works
[22.163s] -- Detecting C compiler ABI info
[22.164s] -- Detecting C compiler ABI info - done
[22.164s] -- Detecting C compile features
[22.164s] -- Detecting C compile features - done
[22.164s] -- Check for working CXX compiler: /usr/bin/c++
[22.164s] -- Check for working CXX compiler: /usr/bin/c++ -- works
[22.164s] -- Detecting CXX compiler ABI info
[22.164s] -- Detecting CXX compiler ABI info - done
[22.164s] -- Detecting CXX compile features
[22.164s] -- Detecting CXX compile features - done
[22.165s] -- Found autoware_cmake: 0.1.0 (/home/cityu/autoware/install/autoware_cmake/share/autoware_cmake/cmake)
[22.165s] -- Found ament_cmake_auto: 1.1.6 (/opt/ros/galactic/share/ament_cmake_auto/cmake)
[22.165s] -- Found PythonInterp: /usr/bin/python3 (found suitable version "3.8.10", minimum required is "3") 
[22.165s] -- Using PYTHON_EXECUTABLE: /usr/bin/python3
[22.165s] -- Override CMake install command with custom implementation using symlinks instead of copying resources
[22.165s] -- Using all available rosidl_typesupport_c: rosidl_typesupport_fastrtps_c;rosidl_typesupport_introspection_c
[22.165s] -- Found rosidl_adapter: 2.2.3 (/opt/ros/galactic/share/rosidl_adapter/cmake)
[22.165s] -- Found OpenSSL: /usr/lib/x86_64-linux-gnu/libcrypto.so (found version "1.1.1f")  
[22.165s] -- Found FastRTPS: /opt/ros/galactic/include  
[22.165s] -- Using all available rosidl_typesupport_cpp: rosidl_typesupport_fastrtps_cpp;rosidl_typesupport_introspection_cpp
[22.166s] -- Found rmw_implementation_cmake: 3.3.1 (/opt/ros/galactic/share/rmw_implementation_cmake/cmake)
[22.166s] -- Found rmw_cyclonedds_cpp: 0.22.6 (/opt/ros/galactic/share/rmw_cyclonedds_cpp/cmake)
[22.166s] -- Using RMW implementation 'rmw_cyclonedds_cpp' as default
[22.166s] -- Looking for pthread.h
[22.166s] -- Looking for pthread.h - found
[22.166s] -- Performing Test CMAKE_HAVE_LIBC_PTHREAD
[22.166s] -- Performing Test CMAKE_HAVE_LIBC_PTHREAD - Failed
[22.166s] -- Looking for pthread_create in pthreads
[22.166s] -- Looking for pthread_create in pthreads - not found
[22.166s] -- Looking for pthread_create in pthread
[22.167s] -- Looking for pthread_create in pthread - found
[22.167s] -- Found Threads: TRUE  
[22.167s] -- Found eigen3_cmake_module: 0.1.1 (/opt/ros/galactic/share/eigen3_cmake_module/cmake)
[22.167s] -- Found Eigen3: TRUE (found version "3.3.7") 
[22.167s] -- Found ament_lint_auto: 0.10.7 (/opt/ros/galactic/share/ament_lint_auto/cmake)
[22.167s] -- Added test 'copyright' to check source files copyright and LICENSE
[22.167s] -- Added test 'cppcheck' to perform static code analysis on C / C++ code
[22.167s] -- Configured cppcheck include dirs: /home/cityu/autoware/src/universe/autoware.universe/perception/radar_fusion_to_detected_object/include
[22.167s] -- Configured cppcheck exclude dirs and/or files: 
[22.168s] -- Added test 'cpplint' to check C / C++ code against the Google style
[22.168s] -- Configured cpplint exclude dirs and/or files: 
[22.168s] -- Added test 'lint_cmake' to check CMake code style
[22.168s] -- Added test 'xmllint' to check XML markup files
[22.168s] -- Configuring done
[22.168s] -- Generating done
[22.168s] -- Build files have been written to: /home/cityu/autoware/build/radar_fusion_to_detected_object
[22.191s] Invoked command in '/home/cityu/autoware/build/radar_fusion_to_detected_object' returned '0': AMENT_PREFIX_PATH=/home/cityu/autoware/install/tier4_autoware_utils:/home/cityu/autoware/install/autoware_auto_vehicle_msgs:/home/cityu/autoware/install/autoware_cmake:/home/cityu/autoware/install/autoware_auto_planning_msgs:/home/cityu/autoware/install/autoware_auto_perception_msgs:/home/cityu/autoware/install/tier4_debug_msgs:/home/cityu/autoware/install/autoware_lint_common:/home/cityu/autoware/install/autoware_auto_mapping_msgs:/home/cityu/autoware/install/autoware_auto_geometry_msgs:${AMENT_PREFIX_PATH} CMAKE_PREFIX_PATH=/home/cityu/autoware/install/tier4_autoware_utils:/home/cityu/autoware/install/autoware_auto_vehicle_msgs:/home/cityu/autoware/install/autoware_cmake:/home/cityu/autoware/install/autoware_auto_planning_msgs:/home/cityu/autoware/install/autoware_auto_perception_msgs:/home/cityu/autoware/install/tier4_debug_msgs:/home/cityu/autoware/install/autoware_lint_common:/home/cityu/autoware/install/autoware_auto_mapping_msgs:/home/cityu/autoware/install/autoware_auto_geometry_msgs:/opt/ros/galactic LD_LIBRARY_PATH=/home/cityu/autoware/install/tier4_autoware_utils/lib:/home/cityu/autoware/install/autoware_auto_vehicle_msgs/lib:/home/cityu/autoware/install/autoware_auto_planning_msgs/lib:/home/cityu/autoware/install/autoware_auto_perception_msgs/lib:/home/cityu/autoware/install/tier4_debug_msgs/lib:/home/cityu/autoware/install/autoware_auto_mapping_msgs/lib:/home/cityu/autoware/install/autoware_auto_geometry_msgs/lib:${LD_LIBRARY_PATH} PYTHONPATH=/home/cityu/autoware/install/autoware_auto_vehicle_msgs/lib/python3.8/site-packages:/home/cityu/autoware/install/autoware_auto_planning_msgs/lib/python3.8/site-packages:/home/cityu/autoware/install/autoware_auto_perception_msgs/lib/python3.8/site-packages:/home/cityu/autoware/install/tier4_debug_msgs/lib/python3.8/site-packages:/home/cityu/autoware/install/autoware_auto_mapping_msgs/lib/python3.8/site-packages:/home/cityu/autoware/install/autoware_auto_geometry_msgs/lib/python3.8/site-packages:${PYTHONPATH} /usr/bin/cmake /home/cityu/autoware/src/universe/autoware.universe/perception/radar_fusion_to_detected_object -DCMAKE_BUILD_TYPE=Release -DAMENT_CMAKE_SYMLINK_INSTALL=1 -DCMAKE_INSTALL_PREFIX=/home/cityu/autoware/install/radar_fusion_to_detected_object
[22.198s] Invoking command in '/home/cityu/autoware/build/radar_fusion_to_detected_object': AMENT_PREFIX_PATH=/home/cityu/autoware/install/tier4_autoware_utils:/home/cityu/autoware/install/autoware_auto_vehicle_msgs:/home/cityu/autoware/install/autoware_cmake:/home/cityu/autoware/install/autoware_auto_planning_msgs:/home/cityu/autoware/install/autoware_auto_perception_msgs:/home/cityu/autoware/install/tier4_debug_msgs:/home/cityu/autoware/install/autoware_lint_common:/home/cityu/autoware/install/autoware_auto_mapping_msgs:/home/cityu/autoware/install/autoware_auto_geometry_msgs:${AMENT_PREFIX_PATH} CMAKE_PREFIX_PATH=/home/cityu/autoware/install/tier4_autoware_utils:/home/cityu/autoware/install/autoware_auto_vehicle_msgs:/home/cityu/autoware/install/autoware_cmake:/home/cityu/autoware/install/autoware_auto_planning_msgs:/home/cityu/autoware/install/autoware_auto_perception_msgs:/home/cityu/autoware/install/tier4_debug_msgs:/home/cityu/autoware/install/autoware_lint_common:/home/cityu/autoware/install/autoware_auto_mapping_msgs:/home/cityu/autoware/install/autoware_auto_geometry_msgs:/opt/ros/galactic LD_LIBRARY_PATH=/home/cityu/autoware/install/tier4_autoware_utils/lib:/home/cityu/autoware/install/autoware_auto_vehicle_msgs/lib:/home/cityu/autoware/install/autoware_auto_planning_msgs/lib:/home/cityu/autoware/install/autoware_auto_perception_msgs/lib:/home/cityu/autoware/install/tier4_debug_msgs/lib:/home/cityu/autoware/install/autoware_auto_mapping_msgs/lib:/home/cityu/autoware/install/autoware_auto_geometry_msgs/lib:${LD_LIBRARY_PATH} PYTHONPATH=/home/cityu/autoware/install/autoware_auto_vehicle_msgs/lib/python3.8/site-packages:/home/cityu/autoware/install/autoware_auto_planning_msgs/lib/python3.8/site-packages:/home/cityu/autoware/install/autoware_auto_perception_msgs/lib/python3.8/site-packages:/home/cityu/autoware/install/tier4_debug_msgs/lib/python3.8/site-packages:/home/cityu/autoware/install/autoware_auto_mapping_msgs/lib/python3.8/site-packages:/home/cityu/autoware/install/autoware_auto_geometry_msgs/lib/python3.8/site-packages:${PYTHONPATH} /usr/bin/cmake --build /home/cityu/autoware/build/radar_fusion_to_detected_object -- -j16 -l16
[67.325s] [35m[1mScanning dependencies of target radar_object_fusion_to_detected_object_node[0m
[67.325s] [ 20%] [32mBuilding CXX object CMakeFiles/radar_object_fusion_to_detected_object_node.dir/rclcpp_components/node_main_radar_object_fusion_to_detected_object_node.cpp.o[0m
[67.325s] [ 40%] [32m[1mLinking CXX executable radar_object_fusion_to_detected_object_node[0m
[67.325s] [ 40%] Built target radar_object_fusion_to_detected_object_node
[67.325s] [35m[1mScanning dependencies of target radar_object_fusion_to_detected_object_node_component[0m
[67.325s] [ 60%] [32mBuilding CXX object CMakeFiles/radar_object_fusion_to_detected_object_node_component.dir/src/radar_object_fusion_to_detected_object_node/radar_object_fusion_to_detected_object_node.cpp.o[0m
[73.961s] [ 80%] [32mBuilding CXX object CMakeFiles/radar_object_fusion_to_detected_object_node_component.dir/src/radar_fusion_to_detected_object.cpp.o[0m
[99.625s] [100%] [32m[1mLinking CXX shared library libradar_object_fusion_to_detected_object_node_component.so[0m
[100.801s] [100%] Built target radar_object_fusion_to_detected_object_node_component
[100.850s] Invoked command in '/home/cityu/autoware/build/radar_fusion_to_detected_object' returned '0': AMENT_PREFIX_PATH=/home/cityu/autoware/install/tier4_autoware_utils:/home/cityu/autoware/install/autoware_auto_vehicle_msgs:/home/cityu/autoware/install/autoware_cmake:/home/cityu/autoware/install/autoware_auto_planning_msgs:/home/cityu/autoware/install/autoware_auto_perception_msgs:/home/cityu/autoware/install/tier4_debug_msgs:/home/cityu/autoware/install/autoware_lint_common:/home/cityu/autoware/install/autoware_auto_mapping_msgs:/home/cityu/autoware/install/autoware_auto_geometry_msgs:${AMENT_PREFIX_PATH} CMAKE_PREFIX_PATH=/home/cityu/autoware/install/tier4_autoware_utils:/home/cityu/autoware/install/autoware_auto_vehicle_msgs:/home/cityu/autoware/install/autoware_cmake:/home/cityu/autoware/install/autoware_auto_planning_msgs:/home/cityu/autoware/install/autoware_auto_perception_msgs:/home/cityu/autoware/install/tier4_debug_msgs:/home/cityu/autoware/install/autoware_lint_common:/home/cityu/autoware/install/autoware_auto_mapping_msgs:/home/cityu/autoware/install/autoware_auto_geometry_msgs:/opt/ros/galactic LD_LIBRARY_PATH=/home/cityu/autoware/install/tier4_autoware_utils/lib:/home/cityu/autoware/install/autoware_auto_vehicle_msgs/lib:/home/cityu/autoware/install/autoware_auto_planning_msgs/lib:/home/cityu/autoware/install/autoware_auto_perception_msgs/lib:/home/cityu/autoware/install/tier4_debug_msgs/lib:/home/cityu/autoware/install/autoware_auto_mapping_msgs/lib:/home/cityu/autoware/install/autoware_auto_geometry_msgs/lib:${LD_LIBRARY_PATH} PYTHONPATH=/home/cityu/autoware/install/autoware_auto_vehicle_msgs/lib/python3.8/site-packages:/home/cityu/autoware/install/autoware_auto_planning_msgs/lib/python3.8/site-packages:/home/cityu/autoware/install/autoware_auto_perception_msgs/lib/python3.8/site-packages:/home/cityu/autoware/install/tier4_debug_msgs/lib/python3.8/site-packages:/home/cityu/autoware/install/autoware_auto_mapping_msgs/lib/python3.8/site-packages:/home/cityu/autoware/install/autoware_auto_geometry_msgs/lib/python3.8/site-packages:${PYTHONPATH} /usr/bin/cmake --build /home/cityu/autoware/build/radar_fusion_to_detected_object -- -j16 -l16
[101.273s] Invoking command in '/home/cityu/autoware/build/radar_fusion_to_detected_object': AMENT_PREFIX_PATH=/home/cityu/autoware/install/tier4_autoware_utils:/home/cityu/autoware/install/autoware_auto_vehicle_msgs:/home/cityu/autoware/install/autoware_cmake:/home/cityu/autoware/install/autoware_auto_planning_msgs:/home/cityu/autoware/install/autoware_auto_perception_msgs:/home/cityu/autoware/install/tier4_debug_msgs:/home/cityu/autoware/install/autoware_lint_common:/home/cityu/autoware/install/autoware_auto_mapping_msgs:/home/cityu/autoware/install/autoware_auto_geometry_msgs:${AMENT_PREFIX_PATH} CMAKE_PREFIX_PATH=/home/cityu/autoware/install/tier4_autoware_utils:/home/cityu/autoware/install/autoware_auto_vehicle_msgs:/home/cityu/autoware/install/autoware_cmake:/home/cityu/autoware/install/autoware_auto_planning_msgs:/home/cityu/autoware/install/autoware_auto_perception_msgs:/home/cityu/autoware/install/tier4_debug_msgs:/home/cityu/autoware/install/autoware_lint_common:/home/cityu/autoware/install/autoware_auto_mapping_msgs:/home/cityu/autoware/install/autoware_auto_geometry_msgs:/opt/ros/galactic LD_LIBRARY_PATH=/home/cityu/autoware/install/tier4_autoware_utils/lib:/home/cityu/autoware/install/autoware_auto_vehicle_msgs/lib:/home/cityu/autoware/install/autoware_auto_planning_msgs/lib:/home/cityu/autoware/install/autoware_auto_perception_msgs/lib:/home/cityu/autoware/install/tier4_debug_msgs/lib:/home/cityu/autoware/install/autoware_auto_mapping_msgs/lib:/home/cityu/autoware/install/autoware_auto_geometry_msgs/lib:${LD_LIBRARY_PATH} PYTHONPATH=/home/cityu/autoware/install/autoware_auto_vehicle_msgs/lib/python3.8/site-packages:/home/cityu/autoware/install/autoware_auto_planning_msgs/lib/python3.8/site-packages:/home/cityu/autoware/install/autoware_auto_perception_msgs/lib/python3.8/site-packages:/home/cityu/autoware/install/tier4_debug_msgs/lib/python3.8/site-packages:/home/cityu/autoware/install/autoware_auto_mapping_msgs/lib/python3.8/site-packages:/home/cityu/autoware/install/autoware_auto_geometry_msgs/lib/python3.8/site-packages:${PYTHONPATH} /usr/bin/cmake --install /home/cityu/autoware/build/radar_fusion_to_detected_object
[131.836s] -- Install configuration: "Release"
[131.836s] -- Execute custom install script
[131.837s] -- Symlinking: /home/cityu/autoware/install/radar_fusion_to_detected_object/lib/radar_fusion_to_detected_object/radar_object_fusion_to_detected_object_node
[131.838s] -- Symlinking: /home/cityu/autoware/install/radar_fusion_to_detected_object/include/radar_fusion_to_detected_object.hpp
[131.838s] -- Symlinking: /home/cityu/autoware/install/radar_fusion_to_detected_object/include/radar_object_fusion_to_detected_object/radar_object_fusion_to_detected_object_node.hpp
[131.841s] -- Symlinking: /home/cityu/autoware/install/radar_fusion_to_detected_object/share/radar_fusion_to_detected_object/environment/library_path.sh
[131.842s] -- Symlinking: /home/cityu/autoware/install/radar_fusion_to_detected_object/share/radar_fusion_to_detected_object/environment/library_path.dsv
[131.842s] -- Symlinking: /home/cityu/autoware/install/radar_fusion_to_detected_object/lib/libradar_object_fusion_to_detected_object_node_component.so
[131.842s] -- Symlinking: /home/cityu/autoware/install/radar_fusion_to_detected_object/share/radar_fusion_to_detected_object/config/radar_object_fusion_to_detected_object.param.yaml
[131.842s] -- Symlinking: /home/cityu/autoware/install/radar_fusion_to_detected_object/share/radar_fusion_to_detected_object/launch/radar_object_fusion_to_detected_object.launch.xml
[131.842s] -- Symlinking: /home/cityu/autoware/install/radar_fusion_to_detected_object/share/ament_index/resource_index/package_run_dependencies/radar_fusion_to_detected_object
[131.842s] -- Symlinking: /home/cityu/autoware/install/radar_fusion_to_detected_object/share/ament_index/resource_index/parent_prefix_path/radar_fusion_to_detected_object
[131.842s] -- Symlinking: /home/cityu/autoware/install/radar_fusion_to_detected_object/share/radar_fusion_to_detected_object/environment/ament_prefix_path.sh
[131.843s] -- Symlinking: /home/cityu/autoware/install/radar_fusion_to_detected_object/share/radar_fusion_to_detected_object/environment/ament_prefix_path.dsv
[131.843s] -- Symlinking: /home/cityu/autoware/install/radar_fusion_to_detected_object/share/radar_fusion_to_detected_object/environment/path.sh
[131.843s] -- Symlinking: /home/cityu/autoware/install/radar_fusion_to_detected_object/share/radar_fusion_to_detected_object/environment/path.dsv
[131.843s] -- Symlinking: /home/cityu/autoware/install/radar_fusion_to_detected_object/share/radar_fusion_to_detected_object/local_setup.bash
[131.843s] -- Symlinking: /home/cityu/autoware/install/radar_fusion_to_detected_object/share/radar_fusion_to_detected_object/local_setup.sh
[131.843s] -- Symlinking: /home/cityu/autoware/install/radar_fusion_to_detected_object/share/radar_fusion_to_detected_object/local_setup.zsh
[131.843s] -- Symlinking: /home/cityu/autoware/install/radar_fusion_to_detected_object/share/radar_fusion_to_detected_object/local_setup.dsv
[131.843s] -- Symlinking: /home/cityu/autoware/install/radar_fusion_to_detected_object/share/radar_fusion_to_detected_object/package.dsv
[131.843s] -- Symlinking: /home/cityu/autoware/install/radar_fusion_to_detected_object/share/ament_index/resource_index/packages/radar_fusion_to_detected_object
[131.843s] -- Symlinking: /home/cityu/autoware/install/radar_fusion_to_detected_object/share/ament_index/resource_index/rclcpp_components/radar_fusion_to_detected_object
[131.843s] -- Symlinking: /home/cityu/autoware/install/radar_fusion_to_detected_object/share/radar_fusion_to_detected_object/cmake/ament_cmake_export_dependencies-extras.cmake
[131.844s] -- Symlinking: /home/cityu/autoware/install/radar_fusion_to_detected_object/share/radar_fusion_to_detected_object/cmake/ament_cmake_export_include_directories-extras.cmake
[131.844s] -- Symlinking: /home/cityu/autoware/install/radar_fusion_to_detected_object/share/radar_fusion_to_detected_object/cmake/ament_cmake_export_libraries-extras.cmake
[131.844s] -- Symlinking: /home/cityu/autoware/install/radar_fusion_to_detected_object/share/radar_fusion_to_detected_object/cmake/radar_fusion_to_detected_objectConfig.cmake
[131.844s] -- Symlinking: /home/cityu/autoware/install/radar_fusion_to_detected_object/share/radar_fusion_to_detected_object/cmake/radar_fusion_to_detected_objectConfig-version.cmake
[131.844s] -- Symlinking: /home/cityu/autoware/install/radar_fusion_to_detected_object/share/radar_fusion_to_detected_object/package.xml
[131.863s] Invoked command in '/home/cityu/autoware/build/radar_fusion_to_detected_object' returned '0': AMENT_PREFIX_PATH=/home/cityu/autoware/install/tier4_autoware_utils:/home/cityu/autoware/install/autoware_auto_vehicle_msgs:/home/cityu/autoware/install/autoware_cmake:/home/cityu/autoware/install/autoware_auto_planning_msgs:/home/cityu/autoware/install/autoware_auto_perception_msgs:/home/cityu/autoware/install/tier4_debug_msgs:/home/cityu/autoware/install/autoware_lint_common:/home/cityu/autoware/install/autoware_auto_mapping_msgs:/home/cityu/autoware/install/autoware_auto_geometry_msgs:${AMENT_PREFIX_PATH} CMAKE_PREFIX_PATH=/home/cityu/autoware/install/tier4_autoware_utils:/home/cityu/autoware/install/autoware_auto_vehicle_msgs:/home/cityu/autoware/install/autoware_cmake:/home/cityu/autoware/install/autoware_auto_planning_msgs:/home/cityu/autoware/install/autoware_auto_perception_msgs:/home/cityu/autoware/install/tier4_debug_msgs:/home/cityu/autoware/install/autoware_lint_common:/home/cityu/autoware/install/autoware_auto_mapping_msgs:/home/cityu/autoware/install/autoware_auto_geometry_msgs:/opt/ros/galactic LD_LIBRARY_PATH=/home/cityu/autoware/install/tier4_autoware_utils/lib:/home/cityu/autoware/install/autoware_auto_vehicle_msgs/lib:/home/cityu/autoware/install/autoware_auto_planning_msgs/lib:/home/cityu/autoware/install/autoware_auto_perception_msgs/lib:/home/cityu/autoware/install/tier4_debug_msgs/lib:/home/cityu/autoware/install/autoware_auto_mapping_msgs/lib:/home/cityu/autoware/install/autoware_auto_geometry_msgs/lib:${LD_LIBRARY_PATH} PYTHONPATH=/home/cityu/autoware/install/autoware_auto_vehicle_msgs/lib/python3.8/site-packages:/home/cityu/autoware/install/autoware_auto_planning_msgs/lib/python3.8/site-packages:/home/cityu/autoware/install/autoware_auto_perception_msgs/lib/python3.8/site-packages:/home/cityu/autoware/install/tier4_debug_msgs/lib/python3.8/site-packages:/home/cityu/autoware/install/autoware_auto_mapping_msgs/lib/python3.8/site-packages:/home/cityu/autoware/install/autoware_auto_geometry_msgs/lib/python3.8/site-packages:${PYTHONPATH} /usr/bin/cmake --install /home/cityu/autoware/build/radar_fusion_to_detected_object
