-- The C compiler identification is GNU 9.4.0
-- The CXX compiler identification is GNU 9.4.0
-- Check for working C compiler: /usr/bin/cc
-- Check for working C compiler: /usr/bin/cc -- works
-- Detecting C compiler ABI info
-- Detecting C compiler ABI info - done
-- Detecting C compile features
-- Detecting C compile features - done
-- Check for working CXX compiler: /usr/bin/c++
-- Check for working CXX compiler: /usr/bin/c++ -- works
-- Detecting CXX compiler ABI info
-- Detecting CXX compiler ABI info - done
-- Detecting CXX compile features
-- Detecting CXX compile features - done
-- Found autoware_cmake: 0.1.0 (/home/cityu/autoware/install/autoware_cmake/share/autoware_cmake/cmake)
-- Found ament_cmake_auto: 1.1.6 (/opt/ros/galactic/share/ament_cmake_auto/cmake)
-- Found PythonInterp: /usr/bin/python3 (found suitable version "3.8.10", minimum required is "3") 
-- Using PYTHON_EXECUTABLE: /usr/bin/python3
-- Override CMake install command with custom implementation using symlinks instead of copying resources
-- Using all available rosidl_typesupport_c: rosidl_typesupport_fastrtps_c;rosidl_typesupport_introspection_c
-- Found rosidl_adapter: 2.2.3 (/opt/ros/galactic/share/rosidl_adapter/cmake)
-- Found OpenSSL: /usr/lib/x86_64-linux-gnu/libcrypto.so (found version "1.1.1f")  
-- Found FastRTPS: /opt/ros/galactic/include  
-- Using all available rosidl_typesupport_cpp: rosidl_typesupport_fastrtps_cpp;rosidl_typesupport_introspection_cpp
-- Found rmw_implementation_cmake: 3.3.1 (/opt/ros/galactic/share/rmw_implementation_cmake/cmake)
-- Found rmw_cyclonedds_cpp: 0.22.6 (/opt/ros/galactic/share/rmw_cyclonedds_cpp/cmake)
-- Using RMW implementation 'rmw_cyclonedds_cpp' as default
-- Looking for pthread.h
-- Looking for pthread.h - found
-- Performing Test CMAKE_HAVE_LIBC_PTHREAD
-- Performing Test CMAKE_HAVE_LIBC_PTHREAD - Failed
-- Looking for pthread_create in pthreads
-- Looking for pthread_create in pthreads - not found
-- Looking for pthread_create in pthread
-- Looking for pthread_create in pthread - found
-- Found Threads: TRUE  
-- Found eigen3_cmake_module: 0.1.1 (/opt/ros/galactic/share/eigen3_cmake_module/cmake)
-- Found Eigen3: TRUE (found version "3.3.7") 
-- Found ament_lint_auto: 0.10.7 (/opt/ros/galactic/share/ament_lint_auto/cmake)
-- Added test 'copyright' to check source files copyright and LICENSE
-- Added test 'cppcheck' to perform static code analysis on C / C++ code
-- Configured cppcheck include dirs: /home/cityu/autoware/src/universe/autoware.universe/perception/object_merger/include
-- Configured cppcheck exclude dirs and/or files: 
-- Added test 'lint_cmake' to check CMake code style
-- Added test 'xmllint' to check XML markup files
-- Configuring done
-- Generating done
-- Build files have been written to: /home/cityu/autoware/build/object_merger
[35m[1mScanning dependencies of target mu_successive_shortest_path[0m
[ 14%] [32mBuilding CXX object CMakeFiles/mu_successive_shortest_path.dir/src/object_association_merger/data_association/mu_successive_shortest_path/mu_successive_shortest_path_wrapper.cpp.o[0m
[ 28%] [32m[1mLinking CXX shared library libmu_successive_shortest_path.so[0m
[ 28%] Built target mu_successive_shortest_path
[35m[1mScanning dependencies of target object_association_merger_node[0m
[ 42%] [32mBuilding CXX object CMakeFiles/object_association_merger_node.dir/rclcpp_components/node_main_object_association_merger_node.cpp.o[0m
[ 57%] [32m[1mLinking CXX executable object_association_merger_node[0m
[ 57%] Built target object_association_merger_node
[35m[1mScanning dependencies of target object_association_merger[0m
[ 71%] [32mBuilding CXX object CMakeFiles/object_association_merger.dir/src/object_association_merger/data_association/data_association.cpp.o[0m
[ 85%] [32mBuilding CXX object CMakeFiles/object_association_merger.dir/src/object_association_merger/node.cpp.o[0m
[100%] [32m[1mLinking CXX shared library libobject_association_merger.so[0m
[100%] Built target object_association_merger
-- Install configuration: "Release"
-- Execute custom install script
-- Symlinking: /home/cityu/autoware/install/object_merger/lib/object_merger/object_association_merger_node
-- Symlinking: /home/cityu/autoware/install/object_merger/include/object_association_merger/data_association/data_association.hpp
-- Symlinking: /home/cityu/autoware/install/object_merger/include/object_association_merger/data_association/solver/gnn_solver.hpp
-- Symlinking: /home/cityu/autoware/install/object_merger/include/object_association_merger/data_association/solver/gnn_solver_interface.hpp
-- Symlinking: /home/cityu/autoware/install/object_merger/include/object_association_merger/data_association/solver/mu_successive_shortest_path.hpp
-- Symlinking: /home/cityu/autoware/install/object_merger/include/object_association_merger/data_association/solver/successive_shortest_path.hpp
-- Symlinking: /home/cityu/autoware/install/object_merger/include/object_association_merger/node.hpp
-- Symlinking: /home/cityu/autoware/install/object_merger/include/object_association_merger/utils/utils.hpp
-- Symlinking: /home/cityu/autoware/install/object_merger/share/object_merger/environment/library_path.sh
-- Symlinking: /home/cityu/autoware/install/object_merger/share/object_merger/environment/library_path.dsv
-- Symlinking: /home/cityu/autoware/install/object_merger/lib/libmu_successive_shortest_path.so
-- Symlinking: /home/cityu/autoware/install/object_merger/lib/libobject_association_merger.so
-- Symlinking: /home/cityu/autoware/install/object_merger/share/object_merger/launch/object_association_merger.launch.xml
-- Symlinking: /home/cityu/autoware/install/object_merger/share/object_merger/config/data_association_matrix.param.yaml
-- Symlinking: /home/cityu/autoware/install/object_merger/share/object_merger/config/overlapped_judge.param.yaml
-- Symlinking: /home/cityu/autoware/install/object_merger/share/ament_index/resource_index/package_run_dependencies/object_merger
-- Symlinking: /home/cityu/autoware/install/object_merger/share/ament_index/resource_index/parent_prefix_path/object_merger
-- Symlinking: /home/cityu/autoware/install/object_merger/share/object_merger/environment/ament_prefix_path.sh
-- Symlinking: /home/cityu/autoware/install/object_merger/share/object_merger/environment/ament_prefix_path.dsv
-- Symlinking: /home/cityu/autoware/install/object_merger/share/object_merger/environment/path.sh
-- Symlinking: /home/cityu/autoware/install/object_merger/share/object_merger/environment/path.dsv
-- Symlinking: /home/cityu/autoware/install/object_merger/share/object_merger/local_setup.bash
-- Symlinking: /home/cityu/autoware/install/object_merger/share/object_merger/local_setup.sh
-- Symlinking: /home/cityu/autoware/install/object_merger/share/object_merger/local_setup.zsh
-- Symlinking: /home/cityu/autoware/install/object_merger/share/object_merger/local_setup.dsv
-- Symlinking: /home/cityu/autoware/install/object_merger/share/object_merger/package.dsv
-- Symlinking: /home/cityu/autoware/install/object_merger/share/ament_index/resource_index/packages/object_merger
-- Symlinking: /home/cityu/autoware/install/object_merger/share/ament_index/resource_index/rclcpp_components/object_merger
-- Symlinking: /home/cityu/autoware/install/object_merger/share/object_merger/cmake/ament_cmake_export_dependencies-extras.cmake
-- Symlinking: /home/cityu/autoware/install/object_merger/share/object_merger/cmake/ament_cmake_export_include_directories-extras.cmake
-- Symlinking: /home/cityu/autoware/install/object_merger/share/object_merger/cmake/ament_cmake_export_libraries-extras.cmake
-- Symlinking: /home/cityu/autoware/install/object_merger/share/object_merger/cmake/object_mergerConfig.cmake
-- Symlinking: /home/cityu/autoware/install/object_merger/share/object_merger/cmake/object_mergerConfig-version.cmake
-- Symlinking: /home/cityu/autoware/install/object_merger/share/object_merger/package.xml
