-- The C compiler identification is GNU 9.4.0
-- The CXX compiler identification is GNU 9.4.0
-- Check for working C compiler: /usr/bin/cc
-- Check for working C compiler: /usr/bin/cc -- works
-- Detecting C compiler ABI info
-- Detecting C compiler ABI info - done
-- Detecting C compile features
-- Detecting C compile features - done
-- Check for working CXX compiler: /usr/bin/c++
-- Check for working CXX compiler: /usr/bin/c++ -- works
-- Detecting CXX compiler ABI info
-- Detecting CXX compiler ABI info - done
-- Detecting CXX compile features
-- Detecting CXX compile features - done
-- Found autoware_cmake: 0.1.0 (/home/cityu/autoware/install/autoware_cmake/share/autoware_cmake/cmake)
-- Found ament_cmake_auto: 1.1.6 (/opt/ros/galactic/share/ament_cmake_auto/cmake)
-- Found PythonInterp: /usr/bin/python3 (found suitable version "3.8.10", minimum required is "3") 
-- Using PYTHON_EXECUTABLE: /usr/bin/python3
-- Override CMake install command with custom implementation using symlinks instead of copying resources
-- Using all available rosidl_typesupport_c: rosidl_typesupport_fastrtps_c;rosidl_typesupport_introspection_c
-- Found rosidl_adapter: 2.2.3 (/opt/ros/galactic/share/rosidl_adapter/cmake)
-- Found OpenSSL: /usr/lib/x86_64-linux-gnu/libcrypto.so (found version "1.1.1f")  
-- Found FastRTPS: /opt/ros/galactic/include  
-- Using all available rosidl_typesupport_cpp: rosidl_typesupport_fastrtps_cpp;rosidl_typesupport_introspection_cpp
-- Found rmw_implementation_cmake: 3.3.1 (/opt/ros/galactic/share/rmw_implementation_cmake/cmake)
-- Found rmw_cyclonedds_cpp: 0.22.6 (/opt/ros/galactic/share/rmw_cyclonedds_cpp/cmake)
-- Using RMW implementation 'rmw_cyclonedds_cpp' as default
-- Looking for pthread.h
-- Looking for pthread.h - found
-- Performing Test CMAKE_HAVE_LIBC_PTHREAD
-- Performing Test CMAKE_HAVE_LIBC_PTHREAD - Failed
-- Looking for pthread_create in pthreads
-- Looking for pthread_create in pthreads - not found
-- Looking for pthread_create in pthread
-- Looking for pthread_create in pthread - found
-- Found Threads: TRUE  
-- Found eigen3_cmake_module: 0.1.1 (/opt/ros/galactic/share/eigen3_cmake_module/cmake)
-- Found Eigen3: TRUE (found version "3.3.7") 
-- Found ament_lint_auto: 0.10.7 (/opt/ros/galactic/share/ament_lint_auto/cmake)
-- Added test 'copyright' to check source files copyright and LICENSE
-- Added test 'cppcheck' to perform static code analysis on C / C++ code
-- Configured cppcheck include dirs: /home/cityu/autoware/src/universe/external/tier4_ad_api_adaptor/awapi_awiv_adapter/include
-- Configured cppcheck exclude dirs and/or files: 
-- Added test 'lint_cmake' to check CMake code style
-- Added test 'xmllint' to check XML markup files
-- Configuring done
-- Generating done
-- Build files have been written to: /home/cityu/autoware/build/awapi_awiv_adapter
[35m[1mScanning dependencies of target awapi_awiv_adapter[0m
[  9%] [32mBuilding CXX object CMakeFiles/awapi_awiv_adapter.dir/src/awapi_awiv_adapter_node.cpp.o[0m
[ 18%] [32mBuilding CXX object CMakeFiles/awapi_awiv_adapter.dir/src/awapi_autoware_util.cpp.o[0m
[ 27%] [32mBuilding CXX object CMakeFiles/awapi_awiv_adapter.dir/src/awapi_max_velocity_publisher.cpp.o[0m
[ 36%] [32mBuilding CXX object CMakeFiles/awapi_awiv_adapter.dir/src/awapi_lane_change_state_publisher.cpp.o[0m
[ 45%] [32mBuilding CXX object CMakeFiles/awapi_awiv_adapter.dir/src/awapi_obstacle_avoidance_state_publisher.cpp.o[0m
[ 54%] [32mBuilding CXX object CMakeFiles/awapi_awiv_adapter.dir/src/awapi_v2x_aggregator.cpp.o[0m
[ 63%] [32mBuilding CXX object CMakeFiles/awapi_awiv_adapter.dir/src/awapi_stop_reason_aggregator.cpp.o[0m
[ 81%] [32mBuilding CXX object CMakeFiles/awapi_awiv_adapter.dir/src/awapi_vehicle_state_publisher.cpp.o[0m
[ 81%] [32mBuilding CXX object CMakeFiles/awapi_awiv_adapter.dir/src/awapi_autoware_state_publisher.cpp.o[0m
[ 90%] [32mBuilding CXX object CMakeFiles/awapi_awiv_adapter.dir/src/awapi_awiv_adapter_core.cpp.o[0m
[100%] [32m[1mLinking CXX executable awapi_awiv_adapter[0m
[100%] Built target awapi_awiv_adapter
-- Install configuration: "Release"
-- Execute custom install script
-- Symlinking: /home/cityu/autoware/install/awapi_awiv_adapter/include/awapi_awiv_adapter/awapi_autoware_state_publisher.hpp
-- Symlinking: /home/cityu/autoware/install/awapi_awiv_adapter/include/awapi_awiv_adapter/awapi_autoware_util.hpp
-- Symlinking: /home/cityu/autoware/install/awapi_awiv_adapter/include/awapi_awiv_adapter/awapi_awiv_adapter_core.hpp
-- Symlinking: /home/cityu/autoware/install/awapi_awiv_adapter/include/awapi_awiv_adapter/awapi_lane_change_state_publisher.hpp
-- Symlinking: /home/cityu/autoware/install/awapi_awiv_adapter/include/awapi_awiv_adapter/awapi_max_velocity_publisher.hpp
-- Symlinking: /home/cityu/autoware/install/awapi_awiv_adapter/include/awapi_awiv_adapter/awapi_obstacle_avoidance_state_publisher.hpp
-- Symlinking: /home/cityu/autoware/install/awapi_awiv_adapter/include/awapi_awiv_adapter/awapi_stop_reason_aggregator.hpp
-- Symlinking: /home/cityu/autoware/install/awapi_awiv_adapter/include/awapi_awiv_adapter/awapi_v2x_aggregator.hpp
-- Symlinking: /home/cityu/autoware/install/awapi_awiv_adapter/include/awapi_awiv_adapter/awapi_vehicle_state_publisher.hpp
-- Symlinking: /home/cityu/autoware/install/awapi_awiv_adapter/include/awapi_awiv_adapter/diagnostics_filter.hpp
-- Symlinking: /home/cityu/autoware/install/awapi_awiv_adapter/lib/awapi_awiv_adapter/awapi_awiv_adapter
-- Symlinking: /home/cityu/autoware/install/awapi_awiv_adapter/share/awapi_awiv_adapter/launch/awapi_awiv_adapter.launch.xml
-- Symlinking: /home/cityu/autoware/install/awapi_awiv_adapter/share/awapi_awiv_adapter/launch/awapi_relay_container.launch.py
-- Symlinking: /home/cityu/autoware/install/awapi_awiv_adapter/share/ament_index/resource_index/package_run_dependencies/awapi_awiv_adapter
-- Symlinking: /home/cityu/autoware/install/awapi_awiv_adapter/share/ament_index/resource_index/parent_prefix_path/awapi_awiv_adapter
-- Symlinking: /home/cityu/autoware/install/awapi_awiv_adapter/share/awapi_awiv_adapter/environment/ament_prefix_path.sh
-- Symlinking: /home/cityu/autoware/install/awapi_awiv_adapter/share/awapi_awiv_adapter/environment/ament_prefix_path.dsv
-- Symlinking: /home/cityu/autoware/install/awapi_awiv_adapter/share/awapi_awiv_adapter/environment/path.sh
-- Symlinking: /home/cityu/autoware/install/awapi_awiv_adapter/share/awapi_awiv_adapter/environment/path.dsv
-- Symlinking: /home/cityu/autoware/install/awapi_awiv_adapter/share/awapi_awiv_adapter/local_setup.bash
-- Symlinking: /home/cityu/autoware/install/awapi_awiv_adapter/share/awapi_awiv_adapter/local_setup.sh
-- Symlinking: /home/cityu/autoware/install/awapi_awiv_adapter/share/awapi_awiv_adapter/local_setup.zsh
-- Symlinking: /home/cityu/autoware/install/awapi_awiv_adapter/share/awapi_awiv_adapter/local_setup.dsv
-- Symlinking: /home/cityu/autoware/install/awapi_awiv_adapter/share/awapi_awiv_adapter/package.dsv
-- Symlinking: /home/cityu/autoware/install/awapi_awiv_adapter/share/ament_index/resource_index/packages/awapi_awiv_adapter
-- Symlinking: /home/cityu/autoware/install/awapi_awiv_adapter/share/awapi_awiv_adapter/cmake/ament_cmake_export_dependencies-extras.cmake
-- Symlinking: /home/cityu/autoware/install/awapi_awiv_adapter/share/awapi_awiv_adapter/cmake/ament_cmake_export_include_directories-extras.cmake
-- Symlinking: /home/cityu/autoware/install/awapi_awiv_adapter/share/awapi_awiv_adapter/cmake/awapi_awiv_adapterConfig.cmake
-- Symlinking: /home/cityu/autoware/install/awapi_awiv_adapter/share/awapi_awiv_adapter/cmake/awapi_awiv_adapterConfig-version.cmake
-- Symlinking: /home/cityu/autoware/install/awapi_awiv_adapter/share/awapi_awiv_adapter/package.xml
