[100%] Built target tvm_utility
-- Install configuration: "Release"
-- Execute custom install script
-- Up-to-date symlink: /home/cityu/autoware/install/tvm_utility/include/tvm_utility/pipeline.hpp
-- Up-to-date symlink: /home/cityu/autoware/install/tvm_utility/share/tvm_utility/environment/library_path.sh
-- Up-to-date symlink: /home/cityu/autoware/install/tvm_utility/share/tvm_utility/environment/library_path.dsv
-- Up-to-date symlink: /home/cityu/autoware/install/tvm_utility/lib/libtvm_utility.so
-- Up-to-date symlink: /home/cityu/autoware/install/tvm_utility/share/ament_index/resource_index/package_run_dependencies/tvm_utility
-- Up-to-date symlink: /home/cityu/autoware/install/tvm_utility/share/ament_index/resource_index/parent_prefix_path/tvm_utility
-- Up-to-date symlink: /home/cityu/autoware/install/tvm_utility/share/tvm_utility/environment/ament_prefix_path.sh
-- Up-to-date symlink: /home/cityu/autoware/install/tvm_utility/share/tvm_utility/environment/ament_prefix_path.dsv
-- Up-to-date symlink: /home/cityu/autoware/install/tvm_utility/share/tvm_utility/environment/path.sh
-- Up-to-date symlink: /home/cityu/autoware/install/tvm_utility/share/tvm_utility/environment/path.dsv
-- Up-to-date symlink: /home/cityu/autoware/install/tvm_utility/share/tvm_utility/local_setup.bash
-- Up-to-date symlink: /home/cityu/autoware/install/tvm_utility/share/tvm_utility/local_setup.sh
-- Up-to-date symlink: /home/cityu/autoware/install/tvm_utility/share/tvm_utility/local_setup.zsh
-- Up-to-date symlink: /home/cityu/autoware/install/tvm_utility/share/tvm_utility/local_setup.dsv
-- Symlinking: /home/cityu/autoware/install/tvm_utility/share/tvm_utility/package.dsv
-- Up-to-date symlink: /home/cityu/autoware/install/tvm_utility/share/ament_index/resource_index/packages/tvm_utility
-- Up-to-date symlink: /home/cityu/autoware/install/tvm_utility/share/tvm_utility/cmake/tvm_utility-extras.cmake
-- Up-to-date symlink: /home/cityu/autoware/install/tvm_utility/share/tvm_utility/cmake/ament_cmake_export_dependencies-extras.cmake
-- Up-to-date symlink: /home/cityu/autoware/install/tvm_utility/share/tvm_utility/cmake/ament_cmake_export_include_directories-extras.cmake
-- Up-to-date symlink: /home/cityu/autoware/install/tvm_utility/share/tvm_utility/cmake/ament_cmake_export_libraries-extras.cmake
-- Up-to-date symlink: /home/cityu/autoware/install/tvm_utility/share/tvm_utility/cmake/tvm_utilityConfig.cmake
-- Up-to-date symlink: /home/cityu/autoware/install/tvm_utility/share/tvm_utility/cmake/tvm_utilityConfig-version.cmake
-- Up-to-date symlink: /home/cityu/autoware/install/tvm_utility/share/tvm_utility/package.xml
