-- Found ament_cmake: 1.1.6 (/opt/ros/galactic/share/ament_cmake/cmake)
-- Using PYTHON_EXECUTABLE: /usr/bin/python3
-- Override CMake install command with custom implementation using symlinks instead of copying resources
-- Found cudnn_cmake_module: 0.0.1 (/opt/ros/galactic/share/cudnn_cmake_module/cmake)
-- Found tensorrt_cmake_module: 0.0.3 (/opt/ros/galactic/share/tensorrt_cmake_module/cmake)
-- Found TensorRT headers at /usr/include/x86_64-linux-gnu
-- Found TensorRT libs at /usr/lib/x86_64-linux-gnu/libnvinfer.so;/usr/lib/x86_64-linux-gnu/libnvinfer_plugin.so;/usr/lib/x86_64-linux-gnu/libnvparsers.so;/usr/lib/x86_64-linux-gnu/libnvonnxparser.so
-- Found ament_lint_auto: 0.10.7 (/opt/ros/galactic/share/ament_lint_auto/cmake)
-- Added test 'copyright' to check source files copyright and LICENSE
-- Added test 'lint_cmake' to check CMake code style
-- Added test 'xmllint' to check XML markup files
-- Configuring done
-- Generating done
-- Build files have been written to: /home/cityu/autoware/build/trtexec_vendor
[100%] Built target trtexec_vendor
-- Install configuration: "Release"
-- Execute custom install script
-- Up-to-date symlink: /home/cityu/autoware/install/trtexec_vendor/bin/trtexec
-- Up-to-date symlink: /home/cityu/autoware/install/trtexec_vendor/share/trtexec_vendor/environment/trtexec_vendor.sh
-- Up-to-date symlink: /home/cityu/autoware/install/trtexec_vendor/share/ament_index/resource_index/package_run_dependencies/trtexec_vendor
-- Up-to-date symlink: /home/cityu/autoware/install/trtexec_vendor/share/ament_index/resource_index/parent_prefix_path/trtexec_vendor
-- Up-to-date symlink: /home/cityu/autoware/install/trtexec_vendor/share/trtexec_vendor/environment/ament_prefix_path.sh
-- Up-to-date symlink: /home/cityu/autoware/install/trtexec_vendor/share/trtexec_vendor/environment/ament_prefix_path.dsv
-- Up-to-date symlink: /home/cityu/autoware/install/trtexec_vendor/share/trtexec_vendor/environment/path.sh
-- Up-to-date symlink: /home/cityu/autoware/install/trtexec_vendor/share/trtexec_vendor/environment/path.dsv
-- Up-to-date symlink: /home/cityu/autoware/install/trtexec_vendor/share/trtexec_vendor/local_setup.bash
-- Up-to-date symlink: /home/cityu/autoware/install/trtexec_vendor/share/trtexec_vendor/local_setup.sh
-- Up-to-date symlink: /home/cityu/autoware/install/trtexec_vendor/share/trtexec_vendor/local_setup.zsh
-- Up-to-date symlink: /home/cityu/autoware/install/trtexec_vendor/share/trtexec_vendor/local_setup.dsv
-- Symlinking: /home/cityu/autoware/install/trtexec_vendor/share/trtexec_vendor/package.dsv
-- Up-to-date symlink: /home/cityu/autoware/install/trtexec_vendor/share/ament_index/resource_index/packages/trtexec_vendor
-- Up-to-date symlink: /home/cityu/autoware/install/trtexec_vendor/share/trtexec_vendor/cmake/trtexec_vendorConfig.cmake
-- Up-to-date symlink: /home/cityu/autoware/install/trtexec_vendor/share/trtexec_vendor/cmake/trtexec_vendorConfig-version.cmake
-- Up-to-date symlink: /home/cityu/autoware/install/trtexec_vendor/share/trtexec_vendor/package.xml
