-- The C compiler identification is GNU 9.4.0
-- The CXX compiler identification is GNU 9.4.0
-- Check for working C compiler: /usr/bin/cc
-- Check for working C compiler: /usr/bin/cc -- works
-- Detecting C compiler ABI info
-- Detecting C compiler ABI info - done
-- Detecting C compile features
-- Detecting C compile features - done
-- Check for working CXX compiler: /usr/bin/c++
-- Check for working CXX compiler: /usr/bin/c++ -- works
-- Detecting CXX compiler ABI info
-- Detecting CXX compiler ABI info - done
-- Detecting CXX compile features
-- Detecting CXX compile features - done
-- Found autoware_cmake: 0.1.0 (/home/cityu/autoware/install/autoware_cmake/share/autoware_cmake/cmake)
-- Found ament_cmake_auto: 1.1.6 (/opt/ros/galactic/share/ament_cmake_auto/cmake)
-- Found PythonInterp: /usr/bin/python3 (found suitable version "3.8.10", minimum required is "3") 
-- Using PYTHON_EXECUTABLE: /usr/bin/python3
-- Override CMake install command with custom implementation using symlinks instead of copying resources
-- Using all available rosidl_typesupport_c: rosidl_typesupport_fastrtps_c;rosidl_typesupport_introspection_c
-- Found rosidl_adapter: 2.2.3 (/opt/ros/galactic/share/rosidl_adapter/cmake)
-- Found OpenSSL: /usr/lib/x86_64-linux-gnu/libcrypto.so (found version "1.1.1f")  
-- Found FastRTPS: /opt/ros/galactic/include  
-- Using all available rosidl_typesupport_cpp: rosidl_typesupport_fastrtps_cpp;rosidl_typesupport_introspection_cpp
-- Found rmw_implementation_cmake: 3.3.1 (/opt/ros/galactic/share/rmw_implementation_cmake/cmake)
-- Found rmw_cyclonedds_cpp: 0.22.6 (/opt/ros/galactic/share/rmw_cyclonedds_cpp/cmake)
-- Using RMW implementation 'rmw_cyclonedds_cpp' as default
-- Looking for pthread.h
-- Looking for pthread.h - found
-- Performing Test CMAKE_HAVE_LIBC_PTHREAD
-- Performing Test CMAKE_HAVE_LIBC_PTHREAD - Failed
-- Looking for pthread_create in pthreads
-- Looking for pthread_create in pthreads - not found
-- Looking for pthread_create in pthread
-- Looking for pthread_create in pthread - found
-- Found Threads: TRUE  
-- Found eigen3_cmake_module: 0.1.1 (/opt/ros/galactic/share/eigen3_cmake_module/cmake)
-- Found Eigen3: TRUE (found version "3.3.7") 
-- Found ament_lint_auto: 0.10.7 (/opt/ros/galactic/share/ament_lint_auto/cmake)
-- Found gtest sources under '/opt/ros/galactic/src/gtest_vendor': C++ tests using 'Google Test' will be built
-- Check if compiler accepts -pthread
-- Check if compiler accepts -pthread - yes
-- Found gtest sources under '/opt/ros/galactic/src/gtest_vendor': C++ tests using 'Google Test' will be built
-- Added test 'copyright' to check source files copyright and LICENSE
-- Added test 'cppcheck' to perform static code analysis on C / C++ code
-- Configured cppcheck include dirs: /home/cityu/autoware/src/universe/autoware.universe/planning/freespace_planning_algorithms/include
-- Configured cppcheck exclude dirs and/or files: 
-- Added test 'lint_cmake' to check CMake code style
-- Added test 'xmllint' to check XML markup files
-- Configuring done
-- Generating done
-- Build files have been written to: /home/cityu/autoware/build/freespace_planning_algorithms
[35m[1mScanning dependencies of target gtest[0m
[  6%] [32mBuilding CXX object gtest/CMakeFiles/gtest.dir/src/gtest-all.cc.o[0m
[ 12%] [32m[1mLinking CXX static library libgtest.a[0m
[ 12%] Built target gtest
[35m[1mScanning dependencies of target gtest_main[0m
[ 18%] [32mBuilding CXX object gtest/CMakeFiles/gtest_main.dir/src/gtest_main.cc.o[0m
[ 25%] [32m[1mLinking CXX static library libgtest_main.a[0m
[ 25%] Built target gtest_main
[35m[1mScanning dependencies of target reeds_shepp[0m
[ 31%] [32mBuilding CXX object CMakeFiles/reeds_shepp.dir/src/reeds_shepp.cpp.o[0m
[ 37%] [32m[1mLinking CXX shared library libreeds_shepp.so[0m
[ 37%] Built target reeds_shepp
[35m[1mScanning dependencies of target rrtstar_core[0m
[ 43%] [32mBuilding CXX object CMakeFiles/rrtstar_core.dir/src/rrtstar_core.cpp.o[0m
[ 50%] [32m[1mLinking CXX shared library librrtstar_core.so[0m
[ 50%] Built target rrtstar_core
[35m[1mScanning dependencies of target freespace_planning_algorithms[0m
[ 56%] [32mBuilding CXX object CMakeFiles/freespace_planning_algorithms.dir/src/abstract_algorithm.cpp.o[0m
[ 62%] [32mBuilding CXX object CMakeFiles/freespace_planning_algorithms.dir/src/rrtstar.cpp.o[0m
[ 68%] [32mBuilding CXX object CMakeFiles/freespace_planning_algorithms.dir/src/astar_search.cpp.o[0m
[ 75%] [32m[1mLinking CXX shared library libfreespace_planning_algorithms.so[0m
[ 75%] Built target freespace_planning_algorithms
[35m[1mScanning dependencies of target freespace_planning_algorithms-test[0m
[ 81%] [32mBuilding CXX object CMakeFiles/freespace_planning_algorithms-test.dir/test/src/test_freespace_planning_algorithms.cpp.o[0m
[ 87%] [32m[1mLinking CXX executable freespace_planning_algorithms-test[0m
[ 87%] Built target freespace_planning_algorithms-test
[35m[1mScanning dependencies of target rrtstar_core_informed-test[0m
[ 93%] [32mBuilding CXX object CMakeFiles/rrtstar_core_informed-test.dir/test/src/test_rrtstar_core_informed.cpp.o[0m
[100%] [32m[1mLinking CXX executable rrtstar_core_informed-test[0m
[100%] Built target rrtstar_core_informed-test
-- Install configuration: "Release"
-- Execute custom install script
-- Symlinking: /home/cityu/autoware/install/freespace_planning_algorithms/include/freespace_planning_algorithms/abstract_algorithm.hpp
-- Symlinking: /home/cityu/autoware/install/freespace_planning_algorithms/include/freespace_planning_algorithms/astar_search.hpp
-- Symlinking: /home/cityu/autoware/install/freespace_planning_algorithms/include/freespace_planning_algorithms/reeds_shepp.hpp
-- Symlinking: /home/cityu/autoware/install/freespace_planning_algorithms/include/freespace_planning_algorithms/rrtstar.hpp
-- Symlinking: /home/cityu/autoware/install/freespace_planning_algorithms/include/freespace_planning_algorithms/rrtstar_core.hpp
-- Symlinking: /home/cityu/autoware/install/freespace_planning_algorithms/share/freespace_planning_algorithms/environment/library_path.sh
-- Symlinking: /home/cityu/autoware/install/freespace_planning_algorithms/share/freespace_planning_algorithms/environment/library_path.dsv
-- Symlinking: /home/cityu/autoware/install/freespace_planning_algorithms/lib/libreeds_shepp.so
-- Symlinking: /home/cityu/autoware/install/freespace_planning_algorithms/lib/librrtstar_core.so
-- Symlinking: /home/cityu/autoware/install/freespace_planning_algorithms/lib/libfreespace_planning_algorithms.so
-- Symlinking: /home/cityu/autoware/install/freespace_planning_algorithms/share/ament_index/resource_index/package_run_dependencies/freespace_planning_algorithms
-- Symlinking: /home/cityu/autoware/install/freespace_planning_algorithms/share/ament_index/resource_index/parent_prefix_path/freespace_planning_algorithms
-- Symlinking: /home/cityu/autoware/install/freespace_planning_algorithms/share/freespace_planning_algorithms/environment/ament_prefix_path.sh
-- Symlinking: /home/cityu/autoware/install/freespace_planning_algorithms/share/freespace_planning_algorithms/environment/ament_prefix_path.dsv
-- Symlinking: /home/cityu/autoware/install/freespace_planning_algorithms/share/freespace_planning_algorithms/environment/path.sh
-- Symlinking: /home/cityu/autoware/install/freespace_planning_algorithms/share/freespace_planning_algorithms/environment/path.dsv
-- Symlinking: /home/cityu/autoware/install/freespace_planning_algorithms/share/freespace_planning_algorithms/local_setup.bash
-- Symlinking: /home/cityu/autoware/install/freespace_planning_algorithms/share/freespace_planning_algorithms/local_setup.sh
-- Symlinking: /home/cityu/autoware/install/freespace_planning_algorithms/share/freespace_planning_algorithms/local_setup.zsh
-- Symlinking: /home/cityu/autoware/install/freespace_planning_algorithms/share/freespace_planning_algorithms/local_setup.dsv
-- Symlinking: /home/cityu/autoware/install/freespace_planning_algorithms/share/freespace_planning_algorithms/package.dsv
-- Symlinking: /home/cityu/autoware/install/freespace_planning_algorithms/share/ament_index/resource_index/packages/freespace_planning_algorithms
-- Symlinking: /home/cityu/autoware/install/freespace_planning_algorithms/share/freespace_planning_algorithms/cmake/ament_cmake_export_dependencies-extras.cmake
-- Symlinking: /home/cityu/autoware/install/freespace_planning_algorithms/share/freespace_planning_algorithms/cmake/ament_cmake_export_include_directories-extras.cmake
-- Symlinking: /home/cityu/autoware/install/freespace_planning_algorithms/share/freespace_planning_algorithms/cmake/ament_cmake_export_libraries-extras.cmake
-- Symlinking: /home/cityu/autoware/install/freespace_planning_algorithms/share/freespace_planning_algorithms/cmake/freespace_planning_algorithmsConfig.cmake
-- Symlinking: /home/cityu/autoware/install/freespace_planning_algorithms/share/freespace_planning_algorithms/cmake/freespace_planning_algorithmsConfig-version.cmake
-- Symlinking: /home/cityu/autoware/install/freespace_planning_algorithms/share/freespace_planning_algorithms/package.xml
-- Symlinking: /home/cityu/autoware/install/freespace_planning_algorithms/lib/freespace_planning_algorithms/debug_plot.py
