-- The C compiler identification is GNU 9.4.0
-- The CXX compiler identification is GNU 9.4.0
-- Check for working C compiler: /usr/bin/cc
-- Check for working C compiler: /usr/bin/cc -- works
-- Detecting C compiler ABI info
-- Detecting C compiler ABI info - done
-- Detecting C compile features
-- Detecting C compile features - done
-- Check for working CXX compiler: /usr/bin/c++
-- Check for working CXX compiler: /usr/bin/c++ -- works
-- Detecting CXX compiler ABI info
-- Detecting CXX compiler ABI info - done
-- Detecting CXX compile features
-- Detecting CXX compile features - done
-- Found ament_cmake_auto: 1.1.6 (/opt/ros/galactic/share/ament_cmake_auto/cmake)
-- Found PythonInterp: /usr/bin/python3 (found suitable version "3.8.10", minimum required is "3") 
-- Using PYTHON_EXECUTABLE: /usr/bin/python3
-- Override CMake install command with custom implementation using symlinks instead of copying resources
-- Using all available rosidl_typesupport_c: rosidl_typesupport_fastrtps_c;rosidl_typesupport_introspection_c
-- Found rosidl_adapter: 2.2.3 (/opt/ros/galactic/share/rosidl_adapter/cmake)
-- Found OpenSSL: /usr/lib/x86_64-linux-gnu/libcrypto.so (found version "1.1.1f")  
-- Found FastRTPS: /opt/ros/galactic/include  
-- Using all available rosidl_typesupport_cpp: rosidl_typesupport_fastrtps_cpp;rosidl_typesupport_introspection_cpp
-- Found ament_cmake_cppcheck: 0.10.7 (/opt/ros/galactic/share/ament_cmake_cppcheck/cmake)
-- Found ament_cmake_cpplint: 0.10.7 (/opt/ros/galactic/share/ament_cmake_cpplint/cmake)
-- Found ament_cmake_uncrustify: 0.10.7 (/opt/ros/galactic/share/ament_cmake_uncrustify/cmake)
-- Found ament_cmake_ros: 0.9.2 (/opt/ros/galactic/share/ament_cmake_ros/cmake)
-- Using all available rosidl_typesupport_c: rosidl_typesupport_fastrtps_c;rosidl_typesupport_introspection_c
-- Using all available rosidl_typesupport_cpp: rosidl_typesupport_fastrtps_cpp;rosidl_typesupport_introspection_cpp
-- Found PythonInterp: /usr/bin/python3 (found suitable version "3.8.10", minimum required is "3.5") 
-- Found python_cmake_module: 0.8.1 (/opt/ros/galactic/share/python_cmake_module/cmake)
-- Found PythonLibs: /usr/lib/x86_64-linux-gnu/libpython3.8.so (found suitable version "3.8.10", minimum required is "3.5") 
-- Using PYTHON_EXECUTABLE: /usr/bin/python3
-- Using PYTHON_INCLUDE_DIRS: /usr/include/python3.8
-- Using PYTHON_LIBRARIES: /usr/lib/x86_64-linux-gnu/libpython3.8.so
-- Found PythonExtra: .so  
-- Found ament_cmake_flake8: 0.10.7 (/opt/ros/galactic/share/ament_cmake_flake8/cmake)
-- Found ament_cmake_pep257: 0.10.7 (/opt/ros/galactic/share/ament_cmake_pep257/cmake)
-- Found ament_lint_auto: 0.10.7 (/opt/ros/galactic/share/ament_lint_auto/cmake)
-- Added test 'copyright' to check source files copyright and LICENSE
-- Added test 'lint_cmake' to check CMake code style
-- Added test 'xmllint' to check XML markup files
-- Configuring done
-- Generating done
-- Build files have been written to: /home/cityu/autoware/build/autoware_auto_system_msgs
[35m[1mScanning dependencies of target autoware_auto_system_msgs__cpp[0m
[  1%] [34m[1mGenerating C code for ROS interfaces[0m
[  2%] [34m[1mGenerating C++ code for ROS interfaces[0m
[  2%] Built target autoware_auto_system_msgs__cpp
[  3%] [34m[1mGenerating C++ type support dispatch for ROS interfaces[0m
[  4%] [34m[1mGenerating C++ introspection for ROS interfaces[0m
[  5%] [34m[1mGenerating C++ type support for eProsima Fast-RTPS[0m
[35m[1mScanning dependencies of target autoware_auto_system_msgs__rosidl_generator_c[0m
[  6%] [32mBuilding C object CMakeFiles/autoware_auto_system_msgs__rosidl_generator_c.dir/rosidl_generator_c/autoware_auto_system_msgs/msg/detail/autoware_state__functions.c.o[0m
[  8%] [32mBuilding C object CMakeFiles/autoware_auto_system_msgs__rosidl_generator_c.dir/rosidl_generator_c/autoware_auto_system_msgs/msg/detail/control_diagnostic__functions.c.o[0m
[ 11%] [32mBuilding C object CMakeFiles/autoware_auto_system_msgs__rosidl_generator_c.dir/rosidl_generator_c/autoware_auto_system_msgs/msg/detail/float32_multi_array_diagnostic__functions.c.o[0m
[  9%] [32mBuilding C object CMakeFiles/autoware_auto_system_msgs__rosidl_generator_c.dir/rosidl_generator_c/autoware_auto_system_msgs/msg/detail/driving_capability__functions.c.o[0m
[ 10%] [32mBuilding C object CMakeFiles/autoware_auto_system_msgs__rosidl_generator_c.dir/rosidl_generator_c/autoware_auto_system_msgs/msg/detail/diagnostic_header__functions.c.o[0m
[ 12%] [32mBuilding C object CMakeFiles/autoware_auto_system_msgs__rosidl_generator_c.dir/rosidl_generator_c/autoware_auto_system_msgs/msg/detail/hazard_status__functions.c.o[0m
[ 13%] [32mBuilding C object CMakeFiles/autoware_auto_system_msgs__rosidl_generator_c.dir/rosidl_generator_c/autoware_auto_system_msgs/msg/detail/emergency_state__functions.c.o[0m
[ 14%] [32mBuilding C object CMakeFiles/autoware_auto_system_msgs__rosidl_generator_c.dir/rosidl_generator_c/autoware_auto_system_msgs/msg/detail/hazard_status_stamped__functions.c.o[0m
[ 16%] [32m[1mLinking C shared library libautoware_auto_system_msgs__rosidl_generator_c.so[0m
[ 16%] Built target autoware_auto_system_msgs__rosidl_generator_c
[ 17%] [34m[1mGenerating C introspection for ROS interfaces[0m
[ 18%] [34m[1mGenerating C type support dispatch for ROS interfaces[0m
[35m[1mScanning dependencies of target autoware_auto_system_msgs__rosidl_typesupport_fastrtps_cpp[0m
[ 19%] [32mBuilding CXX object CMakeFiles/autoware_auto_system_msgs__rosidl_typesupport_fastrtps_cpp.dir/rosidl_typesupport_fastrtps_cpp/autoware_auto_system_msgs/msg/detail/dds_fastrtps/control_diagnostic__type_support.cpp.o[0m
[ 20%] [32mBuilding CXX object CMakeFiles/autoware_auto_system_msgs__rosidl_typesupport_fastrtps_cpp.dir/rosidl_typesupport_fastrtps_cpp/autoware_auto_system_msgs/msg/detail/dds_fastrtps/autoware_state__type_support.cpp.o[0m
[ 21%] [32mBuilding CXX object CMakeFiles/autoware_auto_system_msgs__rosidl_typesupport_fastrtps_cpp.dir/rosidl_typesupport_fastrtps_cpp/autoware_auto_system_msgs/msg/detail/dds_fastrtps/driving_capability__type_support.cpp.o[0m
[ 22%] [32mBuilding CXX object CMakeFiles/autoware_auto_system_msgs__rosidl_typesupport_fastrtps_cpp.dir/rosidl_typesupport_fastrtps_cpp/autoware_auto_system_msgs/msg/detail/dds_fastrtps/emergency_state__type_support.cpp.o[0m
[ 24%] [32mBuilding CXX object CMakeFiles/autoware_auto_system_msgs__rosidl_typesupport_fastrtps_cpp.dir/rosidl_typesupport_fastrtps_cpp/autoware_auto_system_msgs/msg/detail/dds_fastrtps/diagnostic_header__type_support.cpp.o[0m
[ 25%] [32mBuilding CXX object CMakeFiles/autoware_auto_system_msgs__rosidl_typesupport_fastrtps_cpp.dir/rosidl_typesupport_fastrtps_cpp/autoware_auto_system_msgs/msg/detail/dds_fastrtps/hazard_status__type_support.cpp.o[0m
[ 26%] [32mBuilding CXX object CMakeFiles/autoware_auto_system_msgs__rosidl_typesupport_fastrtps_cpp.dir/rosidl_typesupport_fastrtps_cpp/autoware_auto_system_msgs/msg/detail/dds_fastrtps/float32_multi_array_diagnostic__type_support.cpp.o[0m
[ 27%] [32mBuilding CXX object CMakeFiles/autoware_auto_system_msgs__rosidl_typesupport_fastrtps_cpp.dir/rosidl_typesupport_fastrtps_cpp/autoware_auto_system_msgs/msg/detail/dds_fastrtps/hazard_status_stamped__type_support.cpp.o[0m
[35m[1mScanning dependencies of target autoware_auto_system_msgs__rosidl_typesupport_cpp[0m
[ 28%] [32mBuilding CXX object CMakeFiles/autoware_auto_system_msgs__rosidl_typesupport_cpp.dir/rosidl_typesupport_cpp/autoware_auto_system_msgs/msg/diagnostic_header__type_support.cpp.o[0m
[ 29%] [32mBuilding CXX object CMakeFiles/autoware_auto_system_msgs__rosidl_typesupport_cpp.dir/rosidl_typesupport_cpp/autoware_auto_system_msgs/msg/autoware_state__type_support.cpp.o[0m
[ 31%] [32mBuilding CXX object CMakeFiles/autoware_auto_system_msgs__rosidl_typesupport_cpp.dir/rosidl_typesupport_cpp/autoware_auto_system_msgs/msg/control_diagnostic__type_support.cpp.o[0m
[ 32%] [32mBuilding CXX object CMakeFiles/autoware_auto_system_msgs__rosidl_typesupport_cpp.dir/rosidl_typesupport_cpp/autoware_auto_system_msgs/msg/driving_capability__type_support.cpp.o[0m
[ 33%] [32mBuilding CXX object CMakeFiles/autoware_auto_system_msgs__rosidl_typesupport_cpp.dir/rosidl_typesupport_cpp/autoware_auto_system_msgs/msg/emergency_state__type_support.cpp.o[0m
[35m[1mScanning dependencies of target autoware_auto_system_msgs__rosidl_typesupport_introspection_cpp[0m
[ 34%] [32mBuilding CXX object CMakeFiles/autoware_auto_system_msgs__rosidl_typesupport_introspection_cpp.dir/rosidl_typesupport_introspection_cpp/autoware_auto_system_msgs/msg/detail/autoware_state__type_support.cpp.o[0m
[ 35%] [32mBuilding CXX object CMakeFiles/autoware_auto_system_msgs__rosidl_typesupport_introspection_cpp.dir/rosidl_typesupport_introspection_cpp/autoware_auto_system_msgs/msg/detail/control_diagnostic__type_support.cpp.o[0m
[35m[1mScanning dependencies of target autoware_auto_system_msgs__rosidl_typesupport_introspection_c[0m
[ 36%] [32mBuilding CXX object CMakeFiles/autoware_auto_system_msgs__rosidl_typesupport_introspection_cpp.dir/rosidl_typesupport_introspection_cpp/autoware_auto_system_msgs/msg/detail/diagnostic_header__type_support.cpp.o[0m
[ 37%] [32mBuilding CXX object CMakeFiles/autoware_auto_system_msgs__rosidl_typesupport_cpp.dir/rosidl_typesupport_cpp/autoware_auto_system_msgs/msg/float32_multi_array_diagnostic__type_support.cpp.o[0m
[35m[1mScanning dependencies of target autoware_auto_system_msgs__rosidl_typesupport_c[0m
[ 39%] [32mBuilding CXX object CMakeFiles/autoware_auto_system_msgs__rosidl_typesupport_introspection_cpp.dir/rosidl_typesupport_introspection_cpp/autoware_auto_system_msgs/msg/detail/driving_capability__type_support.cpp.o[0m
[ 40%] [32mBuilding C object CMakeFiles/autoware_auto_system_msgs__rosidl_typesupport_introspection_c.dir/rosidl_typesupport_introspection_c/autoware_auto_system_msgs/msg/detail/autoware_state__type_support.c.o[0m
[ 41%] [32mBuilding CXX object CMakeFiles/autoware_auto_system_msgs__rosidl_typesupport_c.dir/rosidl_typesupport_c/autoware_auto_system_msgs/msg/autoware_state__type_support.cpp.o[0m
[ 42%] [32mBuilding CXX object CMakeFiles/autoware_auto_system_msgs__rosidl_typesupport_c.dir/rosidl_typesupport_c/autoware_auto_system_msgs/msg/control_diagnostic__type_support.cpp.o[0m
[ 43%] [32mBuilding C object CMakeFiles/autoware_auto_system_msgs__rosidl_typesupport_introspection_c.dir/rosidl_typesupport_introspection_c/autoware_auto_system_msgs/msg/detail/diagnostic_header__type_support.c.o[0m
[ 44%] [32mBuilding CXX object CMakeFiles/autoware_auto_system_msgs__rosidl_typesupport_c.dir/rosidl_typesupport_c/autoware_auto_system_msgs/msg/diagnostic_header__type_support.cpp.o[0m
[ 45%] [32mBuilding C object CMakeFiles/autoware_auto_system_msgs__rosidl_typesupport_introspection_c.dir/rosidl_typesupport_introspection_c/autoware_auto_system_msgs/msg/detail/driving_capability__type_support.c.o[0m
[ 47%] [32mBuilding CXX object CMakeFiles/autoware_auto_system_msgs__rosidl_typesupport_c.dir/rosidl_typesupport_c/autoware_auto_system_msgs/msg/driving_capability__type_support.cpp.o[0m
[ 48%] [32mBuilding C object CMakeFiles/autoware_auto_system_msgs__rosidl_typesupport_introspection_c.dir/rosidl_typesupport_introspection_c/autoware_auto_system_msgs/msg/detail/float32_multi_array_diagnostic__type_support.c.o[0m
[ 49%] [32mBuilding CXX object CMakeFiles/autoware_auto_system_msgs__rosidl_typesupport_c.dir/rosidl_typesupport_c/autoware_auto_system_msgs/msg/hazard_status__type_support.cpp.o[0m
[ 50%] [32mBuilding C object CMakeFiles/autoware_auto_system_msgs__rosidl_typesupport_introspection_c.dir/rosidl_typesupport_introspection_c/autoware_auto_system_msgs/msg/detail/hazard_status__type_support.c.o[0m
[ 51%] [32mBuilding CXX object CMakeFiles/autoware_auto_system_msgs__rosidl_typesupport_c.dir/rosidl_typesupport_c/autoware_auto_system_msgs/msg/hazard_status_stamped__type_support.cpp.o[0m
[ 52%] [32mBuilding CXX object CMakeFiles/autoware_auto_system_msgs__rosidl_typesupport_c.dir/rosidl_typesupport_c/autoware_auto_system_msgs/msg/float32_multi_array_diagnostic__type_support.cpp.o[0m
[ 54%] [32mBuilding C object CMakeFiles/autoware_auto_system_msgs__rosidl_typesupport_introspection_c.dir/rosidl_typesupport_introspection_c/autoware_auto_system_msgs/msg/detail/hazard_status_stamped__type_support.c.o[0m
[ 55%] [32m[1mLinking CXX shared library libautoware_auto_system_msgs__rosidl_typesupport_fastrtps_cpp.so[0m
[ 56%] [32mBuilding C object CMakeFiles/autoware_auto_system_msgs__rosidl_typesupport_introspection_c.dir/rosidl_typesupport_introspection_c/autoware_auto_system_msgs/msg/detail/emergency_state__type_support.c.o[0m
[ 57%] [32mBuilding CXX object CMakeFiles/autoware_auto_system_msgs__rosidl_typesupport_c.dir/rosidl_typesupport_c/autoware_auto_system_msgs/msg/emergency_state__type_support.cpp.o[0m
[ 58%] [32m[1mLinking CXX shared library libautoware_auto_system_msgs__rosidl_typesupport_c.so[0m
[ 59%] [32mBuilding C object CMakeFiles/autoware_auto_system_msgs__rosidl_typesupport_introspection_c.dir/rosidl_typesupport_introspection_c/autoware_auto_system_msgs/msg/detail/control_diagnostic__type_support.c.o[0m
[ 60%] [32mBuilding CXX object CMakeFiles/autoware_auto_system_msgs__rosidl_typesupport_cpp.dir/rosidl_typesupport_cpp/autoware_auto_system_msgs/msg/hazard_status_stamped__type_support.cpp.o[0m
[ 62%] [32mBuilding CXX object CMakeFiles/autoware_auto_system_msgs__rosidl_typesupport_introspection_cpp.dir/rosidl_typesupport_introspection_cpp/autoware_auto_system_msgs/msg/detail/hazard_status_stamped__type_support.cpp.o[0m
[ 62%] Built target autoware_auto_system_msgs__rosidl_typesupport_fastrtps_cpp
[ 63%] [32m[1mLinking C shared library libautoware_auto_system_msgs__rosidl_typesupport_introspection_c.so[0m
[ 63%] Built target autoware_auto_system_msgs__rosidl_typesupport_c
[ 63%] Built target autoware_auto_system_msgs__rosidl_typesupport_introspection_c
[ 64%] [32mBuilding CXX object CMakeFiles/autoware_auto_system_msgs__rosidl_typesupport_cpp.dir/rosidl_typesupport_cpp/autoware_auto_system_msgs/msg/hazard_status__type_support.cpp.o[0m
[ 65%] [32mBuilding CXX object CMakeFiles/autoware_auto_system_msgs__rosidl_typesupport_introspection_cpp.dir/rosidl_typesupport_introspection_cpp/autoware_auto_system_msgs/msg/detail/hazard_status__type_support.cpp.o[0m
[ 66%] [32m[1mLinking CXX shared library libautoware_auto_system_msgs__rosidl_typesupport_cpp.so[0m
[ 66%] Built target autoware_auto_system_msgs__rosidl_typesupport_cpp
[ 67%] [32mBuilding CXX object CMakeFiles/autoware_auto_system_msgs__rosidl_typesupport_introspection_cpp.dir/rosidl_typesupport_introspection_cpp/autoware_auto_system_msgs/msg/detail/float32_multi_array_diagnostic__type_support.cpp.o[0m
[ 68%] [32mBuilding CXX object CMakeFiles/autoware_auto_system_msgs__rosidl_typesupport_introspection_cpp.dir/rosidl_typesupport_introspection_cpp/autoware_auto_system_msgs/msg/detail/emergency_state__type_support.cpp.o[0m
[ 70%] [32m[1mLinking CXX shared library libautoware_auto_system_msgs__rosidl_typesupport_introspection_cpp.so[0m
[ 70%] Built target autoware_auto_system_msgs__rosidl_typesupport_introspection_cpp
[ 71%] [34m[1mGenerating C type support for eProsima Fast-RTPS[0m
[35m[1mScanning dependencies of target autoware_auto_system_msgs__rosidl_typesupport_fastrtps_c[0m
[ 72%] [32mBuilding CXX object CMakeFiles/autoware_auto_system_msgs__rosidl_typesupport_fastrtps_c.dir/rosidl_typesupport_fastrtps_c/autoware_auto_system_msgs/msg/detail/autoware_state__type_support_c.cpp.o[0m
[ 73%] [32mBuilding CXX object CMakeFiles/autoware_auto_system_msgs__rosidl_typesupport_fastrtps_c.dir/rosidl_typesupport_fastrtps_c/autoware_auto_system_msgs/msg/detail/hazard_status_stamped__type_support_c.cpp.o[0m
[ 74%] [32mBuilding CXX object CMakeFiles/autoware_auto_system_msgs__rosidl_typesupport_fastrtps_c.dir/rosidl_typesupport_fastrtps_c/autoware_auto_system_msgs/msg/detail/hazard_status__type_support_c.cpp.o[0m
[ 75%] [32mBuilding CXX object CMakeFiles/autoware_auto_system_msgs__rosidl_typesupport_fastrtps_c.dir/rosidl_typesupport_fastrtps_c/autoware_auto_system_msgs/msg/detail/float32_multi_array_diagnostic__type_support_c.cpp.o[0m
[ 77%] [32mBuilding CXX object CMakeFiles/autoware_auto_system_msgs__rosidl_typesupport_fastrtps_c.dir/rosidl_typesupport_fastrtps_c/autoware_auto_system_msgs/msg/detail/emergency_state__type_support_c.cpp.o[0m
[ 78%] [32mBuilding CXX object CMakeFiles/autoware_auto_system_msgs__rosidl_typesupport_fastrtps_c.dir/rosidl_typesupport_fastrtps_c/autoware_auto_system_msgs/msg/detail/driving_capability__type_support_c.cpp.o[0m
[ 79%] [32mBuilding CXX object CMakeFiles/autoware_auto_system_msgs__rosidl_typesupport_fastrtps_c.dir/rosidl_typesupport_fastrtps_c/autoware_auto_system_msgs/msg/detail/diagnostic_header__type_support_c.cpp.o[0m
[ 80%] [32mBuilding CXX object CMakeFiles/autoware_auto_system_msgs__rosidl_typesupport_fastrtps_c.dir/rosidl_typesupport_fastrtps_c/autoware_auto_system_msgs/msg/detail/control_diagnostic__type_support_c.cpp.o[0m
[ 81%] [32m[1mLinking CXX shared library libautoware_auto_system_msgs__rosidl_typesupport_fastrtps_c.so[0m
[ 81%] Built target autoware_auto_system_msgs__rosidl_typesupport_fastrtps_c
[35m[1mScanning dependencies of target autoware_auto_system_msgs[0m
[ 81%] Built target autoware_auto_system_msgs
[35m[1mScanning dependencies of target autoware_auto_system_msgs__py[0m
[ 82%] [34m[1mGenerating Python code for ROS interfaces[0m
[ 82%] Built target autoware_auto_system_msgs__py
[35m[1mScanning dependencies of target autoware_auto_system_msgs__python[0m
[ 83%] [32mBuilding C object CMakeFiles/autoware_auto_system_msgs__python.dir/rosidl_generator_py/autoware_auto_system_msgs/msg/_autoware_state_s.c.o[0m
[ 85%] [32mBuilding C object CMakeFiles/autoware_auto_system_msgs__python.dir/rosidl_generator_py/autoware_auto_system_msgs/msg/_hazard_status_stamped_s.c.o[0m
[ 86%] [32mBuilding C object CMakeFiles/autoware_auto_system_msgs__python.dir/rosidl_generator_py/autoware_auto_system_msgs/msg/_hazard_status_s.c.o[0m
[ 87%] [32mBuilding C object CMakeFiles/autoware_auto_system_msgs__python.dir/rosidl_generator_py/autoware_auto_system_msgs/msg/_float32_multi_array_diagnostic_s.c.o[0m
[ 88%] [32mBuilding C object CMakeFiles/autoware_auto_system_msgs__python.dir/rosidl_generator_py/autoware_auto_system_msgs/msg/_emergency_state_s.c.o[0m
[ 89%] [32mBuilding C object CMakeFiles/autoware_auto_system_msgs__python.dir/rosidl_generator_py/autoware_auto_system_msgs/msg/_driving_capability_s.c.o[0m
[ 90%] [32mBuilding C object CMakeFiles/autoware_auto_system_msgs__python.dir/rosidl_generator_py/autoware_auto_system_msgs/msg/_diagnostic_header_s.c.o[0m
[ 91%] [32mBuilding C object CMakeFiles/autoware_auto_system_msgs__python.dir/rosidl_generator_py/autoware_auto_system_msgs/msg/_control_diagnostic_s.c.o[0m
[ 93%] [32m[1mLinking C shared library rosidl_generator_py/autoware_auto_system_msgs/libautoware_auto_system_msgs__python.so[0m
[ 93%] Built target autoware_auto_system_msgs__python
[35m[1mScanning dependencies of target autoware_auto_system_msgs__rosidl_typesupport_c__pyext[0m
[ 94%] [32mBuilding C object CMakeFiles/autoware_auto_system_msgs__rosidl_typesupport_c__pyext.dir/rosidl_generator_py/autoware_auto_system_msgs/_autoware_auto_system_msgs_s.ep.rosidl_typesupport_c.c.o[0m
[ 95%] [32m[1mLinking C shared library rosidl_generator_py/autoware_auto_system_msgs/autoware_auto_system_msgs_s__rosidl_typesupport_c.cpython-38-x86_64-linux-gnu.so[0m
[ 95%] Built target autoware_auto_system_msgs__rosidl_typesupport_c__pyext
[35m[1mScanning dependencies of target autoware_auto_system_msgs__rosidl_typesupport_introspection_c__pyext[0m
[ 96%] [32mBuilding C object CMakeFiles/autoware_auto_system_msgs__rosidl_typesupport_introspection_c__pyext.dir/rosidl_generator_py/autoware_auto_system_msgs/_autoware_auto_system_msgs_s.ep.rosidl_typesupport_introspection_c.c.o[0m
[ 97%] [32m[1mLinking C shared library rosidl_generator_py/autoware_auto_system_msgs/autoware_auto_system_msgs_s__rosidl_typesupport_introspection_c.cpython-38-x86_64-linux-gnu.so[0m
[ 97%] Built target autoware_auto_system_msgs__rosidl_typesupport_introspection_c__pyext
[35m[1mScanning dependencies of target autoware_auto_system_msgs__rosidl_typesupport_fastrtps_c__pyext[0m
[ 98%] [32mBuilding C object CMakeFiles/autoware_auto_system_msgs__rosidl_typesupport_fastrtps_c__pyext.dir/rosidl_generator_py/autoware_auto_system_msgs/_autoware_auto_system_msgs_s.ep.rosidl_typesupport_fastrtps_c.c.o[0m
[100%] [32m[1mLinking CXX shared library rosidl_generator_py/autoware_auto_system_msgs/autoware_auto_system_msgs_s__rosidl_typesupport_fastrtps_c.cpython-38-x86_64-linux-gnu.so[0m
[100%] Built target autoware_auto_system_msgs__rosidl_typesupport_fastrtps_c__pyext
-- Install configuration: "Release"
-- Execute custom install script
-- Symlinking: /home/cityu/autoware/install/autoware_auto_system_msgs/share/ament_index/resource_index/rosidl_interfaces/autoware_auto_system_msgs
-- Symlinking: /home/cityu/autoware/install/autoware_auto_system_msgs/include/autoware_auto_system_msgs/msg/autoware_state.h
-- Symlinking: /home/cityu/autoware/install/autoware_auto_system_msgs/include/autoware_auto_system_msgs/msg/control_diagnostic.h
-- Symlinking: /home/cityu/autoware/install/autoware_auto_system_msgs/include/autoware_auto_system_msgs/msg/detail/autoware_state__functions.h
-- Symlinking: /home/cityu/autoware/install/autoware_auto_system_msgs/include/autoware_auto_system_msgs/msg/detail/autoware_state__struct.h
-- Symlinking: /home/cityu/autoware/install/autoware_auto_system_msgs/include/autoware_auto_system_msgs/msg/detail/autoware_state__type_support.h
-- Symlinking: /home/cityu/autoware/install/autoware_auto_system_msgs/include/autoware_auto_system_msgs/msg/detail/control_diagnostic__functions.h
-- Symlinking: /home/cityu/autoware/install/autoware_auto_system_msgs/include/autoware_auto_system_msgs/msg/detail/control_diagnostic__struct.h
-- Symlinking: /home/cityu/autoware/install/autoware_auto_system_msgs/include/autoware_auto_system_msgs/msg/detail/control_diagnostic__type_support.h
-- Symlinking: /home/cityu/autoware/install/autoware_auto_system_msgs/include/autoware_auto_system_msgs/msg/detail/diagnostic_header__functions.h
-- Symlinking: /home/cityu/autoware/install/autoware_auto_system_msgs/include/autoware_auto_system_msgs/msg/detail/diagnostic_header__struct.h
-- Symlinking: /home/cityu/autoware/install/autoware_auto_system_msgs/include/autoware_auto_system_msgs/msg/detail/diagnostic_header__type_support.h
-- Symlinking: /home/cityu/autoware/install/autoware_auto_system_msgs/include/autoware_auto_system_msgs/msg/detail/driving_capability__functions.h
-- Symlinking: /home/cityu/autoware/install/autoware_auto_system_msgs/include/autoware_auto_system_msgs/msg/detail/driving_capability__struct.h
-- Symlinking: /home/cityu/autoware/install/autoware_auto_system_msgs/include/autoware_auto_system_msgs/msg/detail/driving_capability__type_support.h
-- Symlinking: /home/cityu/autoware/install/autoware_auto_system_msgs/include/autoware_auto_system_msgs/msg/detail/emergency_state__functions.h
-- Symlinking: /home/cityu/autoware/install/autoware_auto_system_msgs/include/autoware_auto_system_msgs/msg/detail/emergency_state__struct.h
-- Symlinking: /home/cityu/autoware/install/autoware_auto_system_msgs/include/autoware_auto_system_msgs/msg/detail/emergency_state__type_support.h
-- Symlinking: /home/cityu/autoware/install/autoware_auto_system_msgs/include/autoware_auto_system_msgs/msg/detail/float32_multi_array_diagnostic__functions.h
-- Symlinking: /home/cityu/autoware/install/autoware_auto_system_msgs/include/autoware_auto_system_msgs/msg/detail/float32_multi_array_diagnostic__struct.h
-- Symlinking: /home/cityu/autoware/install/autoware_auto_system_msgs/include/autoware_auto_system_msgs/msg/detail/float32_multi_array_diagnostic__type_support.h
-- Symlinking: /home/cityu/autoware/install/autoware_auto_system_msgs/include/autoware_auto_system_msgs/msg/detail/hazard_status__functions.h
-- Symlinking: /home/cityu/autoware/install/autoware_auto_system_msgs/include/autoware_auto_system_msgs/msg/detail/hazard_status__struct.h
-- Symlinking: /home/cityu/autoware/install/autoware_auto_system_msgs/include/autoware_auto_system_msgs/msg/detail/hazard_status__type_support.h
-- Symlinking: /home/cityu/autoware/install/autoware_auto_system_msgs/include/autoware_auto_system_msgs/msg/detail/hazard_status_stamped__functions.h
-- Symlinking: /home/cityu/autoware/install/autoware_auto_system_msgs/include/autoware_auto_system_msgs/msg/detail/hazard_status_stamped__struct.h
-- Symlinking: /home/cityu/autoware/install/autoware_auto_system_msgs/include/autoware_auto_system_msgs/msg/detail/hazard_status_stamped__type_support.h
-- Symlinking: /home/cityu/autoware/install/autoware_auto_system_msgs/include/autoware_auto_system_msgs/msg/diagnostic_header.h
-- Symlinking: /home/cityu/autoware/install/autoware_auto_system_msgs/include/autoware_auto_system_msgs/msg/driving_capability.h
-- Symlinking: /home/cityu/autoware/install/autoware_auto_system_msgs/include/autoware_auto_system_msgs/msg/emergency_state.h
-- Symlinking: /home/cityu/autoware/install/autoware_auto_system_msgs/include/autoware_auto_system_msgs/msg/float32_multi_array_diagnostic.h
-- Symlinking: /home/cityu/autoware/install/autoware_auto_system_msgs/include/autoware_auto_system_msgs/msg/hazard_status.h
-- Symlinking: /home/cityu/autoware/install/autoware_auto_system_msgs/include/autoware_auto_system_msgs/msg/hazard_status_stamped.h
-- Symlinking: /home/cityu/autoware/install/autoware_auto_system_msgs/include/autoware_auto_system_msgs/msg/rosidl_generator_c__visibility_control.h
-- Symlinking: /home/cityu/autoware/install/autoware_auto_system_msgs/share/autoware_auto_system_msgs/environment/library_path.sh
-- Symlinking: /home/cityu/autoware/install/autoware_auto_system_msgs/share/autoware_auto_system_msgs/environment/library_path.dsv
-- Symlinking: /home/cityu/autoware/install/autoware_auto_system_msgs/include/autoware_auto_system_msgs/msg/detail/autoware_state__rosidl_typesupport_fastrtps_c.h
-- Symlinking: /home/cityu/autoware/install/autoware_auto_system_msgs/include/autoware_auto_system_msgs/msg/detail/control_diagnostic__rosidl_typesupport_fastrtps_c.h
-- Symlinking: /home/cityu/autoware/install/autoware_auto_system_msgs/include/autoware_auto_system_msgs/msg/detail/diagnostic_header__rosidl_typesupport_fastrtps_c.h
-- Symlinking: /home/cityu/autoware/install/autoware_auto_system_msgs/include/autoware_auto_system_msgs/msg/detail/driving_capability__rosidl_typesupport_fastrtps_c.h
-- Symlinking: /home/cityu/autoware/install/autoware_auto_system_msgs/include/autoware_auto_system_msgs/msg/detail/emergency_state__rosidl_typesupport_fastrtps_c.h
-- Symlinking: /home/cityu/autoware/install/autoware_auto_system_msgs/include/autoware_auto_system_msgs/msg/detail/float32_multi_array_diagnostic__rosidl_typesupport_fastrtps_c.h
-- Symlinking: /home/cityu/autoware/install/autoware_auto_system_msgs/include/autoware_auto_system_msgs/msg/detail/hazard_status__rosidl_typesupport_fastrtps_c.h
-- Symlinking: /home/cityu/autoware/install/autoware_auto_system_msgs/include/autoware_auto_system_msgs/msg/detail/hazard_status_stamped__rosidl_typesupport_fastrtps_c.h
-- Symlinking: /home/cityu/autoware/install/autoware_auto_system_msgs/include/autoware_auto_system_msgs/msg/rosidl_typesupport_fastrtps_c__visibility_control.h
-- Symlinking: /home/cityu/autoware/install/autoware_auto_system_msgs/lib/libautoware_auto_system_msgs__rosidl_typesupport_fastrtps_c.so
-- Symlinking: /home/cityu/autoware/install/autoware_auto_system_msgs/include/autoware_auto_system_msgs/msg/detail/autoware_state__rosidl_typesupport_fastrtps_cpp.hpp
-- Symlinking: /home/cityu/autoware/install/autoware_auto_system_msgs/include/autoware_auto_system_msgs/msg/detail/control_diagnostic__rosidl_typesupport_fastrtps_cpp.hpp
-- Symlinking: /home/cityu/autoware/install/autoware_auto_system_msgs/include/autoware_auto_system_msgs/msg/detail/diagnostic_header__rosidl_typesupport_fastrtps_cpp.hpp
-- Symlinking: /home/cityu/autoware/install/autoware_auto_system_msgs/include/autoware_auto_system_msgs/msg/detail/driving_capability__rosidl_typesupport_fastrtps_cpp.hpp
-- Symlinking: /home/cityu/autoware/install/autoware_auto_system_msgs/include/autoware_auto_system_msgs/msg/detail/emergency_state__rosidl_typesupport_fastrtps_cpp.hpp
-- Symlinking: /home/cityu/autoware/install/autoware_auto_system_msgs/include/autoware_auto_system_msgs/msg/detail/float32_multi_array_diagnostic__rosidl_typesupport_fastrtps_cpp.hpp
-- Symlinking: /home/cityu/autoware/install/autoware_auto_system_msgs/include/autoware_auto_system_msgs/msg/detail/hazard_status__rosidl_typesupport_fastrtps_cpp.hpp
-- Symlinking: /home/cityu/autoware/install/autoware_auto_system_msgs/include/autoware_auto_system_msgs/msg/detail/hazard_status_stamped__rosidl_typesupport_fastrtps_cpp.hpp
-- Symlinking: /home/cityu/autoware/install/autoware_auto_system_msgs/include/autoware_auto_system_msgs/msg/rosidl_typesupport_fastrtps_cpp__visibility_control.h
-- Symlinking: /home/cityu/autoware/install/autoware_auto_system_msgs/lib/libautoware_auto_system_msgs__rosidl_typesupport_fastrtps_cpp.so
-- Symlinking: /home/cityu/autoware/install/autoware_auto_system_msgs/include/autoware_auto_system_msgs/msg/detail/autoware_state__rosidl_typesupport_introspection_c.h
-- Symlinking: /home/cityu/autoware/install/autoware_auto_system_msgs/include/autoware_auto_system_msgs/msg/detail/control_diagnostic__rosidl_typesupport_introspection_c.h
-- Symlinking: /home/cityu/autoware/install/autoware_auto_system_msgs/include/autoware_auto_system_msgs/msg/detail/diagnostic_header__rosidl_typesupport_introspection_c.h
-- Symlinking: /home/cityu/autoware/install/autoware_auto_system_msgs/include/autoware_auto_system_msgs/msg/detail/driving_capability__rosidl_typesupport_introspection_c.h
-- Symlinking: /home/cityu/autoware/install/autoware_auto_system_msgs/include/autoware_auto_system_msgs/msg/detail/emergency_state__rosidl_typesupport_introspection_c.h
-- Symlinking: /home/cityu/autoware/install/autoware_auto_system_msgs/include/autoware_auto_system_msgs/msg/detail/float32_multi_array_diagnostic__rosidl_typesupport_introspection_c.h
-- Symlinking: /home/cityu/autoware/install/autoware_auto_system_msgs/include/autoware_auto_system_msgs/msg/detail/hazard_status__rosidl_typesupport_introspection_c.h
-- Symlinking: /home/cityu/autoware/install/autoware_auto_system_msgs/include/autoware_auto_system_msgs/msg/detail/hazard_status_stamped__rosidl_typesupport_introspection_c.h
-- Symlinking: /home/cityu/autoware/install/autoware_auto_system_msgs/include/autoware_auto_system_msgs/msg/rosidl_typesupport_introspection_c__visibility_control.h
-- Symlinking: /home/cityu/autoware/install/autoware_auto_system_msgs/include/autoware_auto_system_msgs/msg/autoware_state.hpp
-- Symlinking: /home/cityu/autoware/install/autoware_auto_system_msgs/include/autoware_auto_system_msgs/msg/control_diagnostic.hpp
-- Symlinking: /home/cityu/autoware/install/autoware_auto_system_msgs/include/autoware_auto_system_msgs/msg/detail/autoware_state__builder.hpp
-- Symlinking: /home/cityu/autoware/install/autoware_auto_system_msgs/include/autoware_auto_system_msgs/msg/detail/autoware_state__struct.hpp
-- Symlinking: /home/cityu/autoware/install/autoware_auto_system_msgs/include/autoware_auto_system_msgs/msg/detail/autoware_state__traits.hpp
-- Symlinking: /home/cityu/autoware/install/autoware_auto_system_msgs/include/autoware_auto_system_msgs/msg/detail/control_diagnostic__builder.hpp
-- Symlinking: /home/cityu/autoware/install/autoware_auto_system_msgs/include/autoware_auto_system_msgs/msg/detail/control_diagnostic__struct.hpp
-- Symlinking: /home/cityu/autoware/install/autoware_auto_system_msgs/include/autoware_auto_system_msgs/msg/detail/control_diagnostic__traits.hpp
-- Symlinking: /home/cityu/autoware/install/autoware_auto_system_msgs/include/autoware_auto_system_msgs/msg/detail/diagnostic_header__builder.hpp
-- Symlinking: /home/cityu/autoware/install/autoware_auto_system_msgs/include/autoware_auto_system_msgs/msg/detail/diagnostic_header__struct.hpp
-- Symlinking: /home/cityu/autoware/install/autoware_auto_system_msgs/include/autoware_auto_system_msgs/msg/detail/diagnostic_header__traits.hpp
-- Symlinking: /home/cityu/autoware/install/autoware_auto_system_msgs/include/autoware_auto_system_msgs/msg/detail/driving_capability__builder.hpp
-- Symlinking: /home/cityu/autoware/install/autoware_auto_system_msgs/include/autoware_auto_system_msgs/msg/detail/driving_capability__struct.hpp
-- Symlinking: /home/cityu/autoware/install/autoware_auto_system_msgs/include/autoware_auto_system_msgs/msg/detail/driving_capability__traits.hpp
-- Symlinking: /home/cityu/autoware/install/autoware_auto_system_msgs/include/autoware_auto_system_msgs/msg/detail/emergency_state__builder.hpp
-- Symlinking: /home/cityu/autoware/install/autoware_auto_system_msgs/include/autoware_auto_system_msgs/msg/detail/emergency_state__struct.hpp
-- Symlinking: /home/cityu/autoware/install/autoware_auto_system_msgs/include/autoware_auto_system_msgs/msg/detail/emergency_state__traits.hpp
-- Symlinking: /home/cityu/autoware/install/autoware_auto_system_msgs/include/autoware_auto_system_msgs/msg/detail/float32_multi_array_diagnostic__builder.hpp
-- Symlinking: /home/cityu/autoware/install/autoware_auto_system_msgs/include/autoware_auto_system_msgs/msg/detail/float32_multi_array_diagnostic__struct.hpp
-- Symlinking: /home/cityu/autoware/install/autoware_auto_system_msgs/include/autoware_auto_system_msgs/msg/detail/float32_multi_array_diagnostic__traits.hpp
-- Symlinking: /home/cityu/autoware/install/autoware_auto_system_msgs/include/autoware_auto_system_msgs/msg/detail/hazard_status__builder.hpp
-- Symlinking: /home/cityu/autoware/install/autoware_auto_system_msgs/include/autoware_auto_system_msgs/msg/detail/hazard_status__struct.hpp
-- Symlinking: /home/cityu/autoware/install/autoware_auto_system_msgs/include/autoware_auto_system_msgs/msg/detail/hazard_status__traits.hpp
-- Symlinking: /home/cityu/autoware/install/autoware_auto_system_msgs/include/autoware_auto_system_msgs/msg/detail/hazard_status_stamped__builder.hpp
-- Symlinking: /home/cityu/autoware/install/autoware_auto_system_msgs/include/autoware_auto_system_msgs/msg/detail/hazard_status_stamped__struct.hpp
-- Symlinking: /home/cityu/autoware/install/autoware_auto_system_msgs/include/autoware_auto_system_msgs/msg/detail/hazard_status_stamped__traits.hpp
-- Symlinking: /home/cityu/autoware/install/autoware_auto_system_msgs/include/autoware_auto_system_msgs/msg/diagnostic_header.hpp
-- Symlinking: /home/cityu/autoware/install/autoware_auto_system_msgs/include/autoware_auto_system_msgs/msg/driving_capability.hpp
-- Symlinking: /home/cityu/autoware/install/autoware_auto_system_msgs/include/autoware_auto_system_msgs/msg/emergency_state.hpp
-- Symlinking: /home/cityu/autoware/install/autoware_auto_system_msgs/include/autoware_auto_system_msgs/msg/float32_multi_array_diagnostic.hpp
-- Symlinking: /home/cityu/autoware/install/autoware_auto_system_msgs/include/autoware_auto_system_msgs/msg/hazard_status.hpp
-- Symlinking: /home/cityu/autoware/install/autoware_auto_system_msgs/include/autoware_auto_system_msgs/msg/hazard_status_stamped.hpp
-- Symlinking: /home/cityu/autoware/install/autoware_auto_system_msgs/include/autoware_auto_system_msgs/msg/detail/autoware_state__rosidl_typesupport_introspection_cpp.hpp
-- Symlinking: /home/cityu/autoware/install/autoware_auto_system_msgs/include/autoware_auto_system_msgs/msg/detail/control_diagnostic__rosidl_typesupport_introspection_cpp.hpp
-- Symlinking: /home/cityu/autoware/install/autoware_auto_system_msgs/include/autoware_auto_system_msgs/msg/detail/diagnostic_header__rosidl_typesupport_introspection_cpp.hpp
-- Symlinking: /home/cityu/autoware/install/autoware_auto_system_msgs/include/autoware_auto_system_msgs/msg/detail/driving_capability__rosidl_typesupport_introspection_cpp.hpp
-- Symlinking: /home/cityu/autoware/install/autoware_auto_system_msgs/include/autoware_auto_system_msgs/msg/detail/emergency_state__rosidl_typesupport_introspection_cpp.hpp
-- Symlinking: /home/cityu/autoware/install/autoware_auto_system_msgs/include/autoware_auto_system_msgs/msg/detail/float32_multi_array_diagnostic__rosidl_typesupport_introspection_cpp.hpp
-- Symlinking: /home/cityu/autoware/install/autoware_auto_system_msgs/include/autoware_auto_system_msgs/msg/detail/hazard_status__rosidl_typesupport_introspection_cpp.hpp
-- Symlinking: /home/cityu/autoware/install/autoware_auto_system_msgs/include/autoware_auto_system_msgs/msg/detail/hazard_status_stamped__rosidl_typesupport_introspection_cpp.hpp
-- Symlinking: /home/cityu/autoware/install/autoware_auto_system_msgs/share/autoware_auto_system_msgs/environment/pythonpath.sh
-- Symlinking: /home/cityu/autoware/install/autoware_auto_system_msgs/share/autoware_auto_system_msgs/environment/pythonpath.dsv
-- Symlinking: /home/cityu/autoware/install/autoware_auto_system_msgs/lib/python3.8/site-packages/autoware_auto_system_msgs/__init__.py
-- Symlinking: /home/cityu/autoware/install/autoware_auto_system_msgs/lib/python3.8/site-packages/autoware_auto_system_msgs/msg/__init__.py
-- Symlinking: /home/cityu/autoware/install/autoware_auto_system_msgs/lib/python3.8/site-packages/autoware_auto_system_msgs/msg/_autoware_state.py
-- Symlinking: /home/cityu/autoware/install/autoware_auto_system_msgs/lib/python3.8/site-packages/autoware_auto_system_msgs/msg/_control_diagnostic.py
-- Symlinking: /home/cityu/autoware/install/autoware_auto_system_msgs/lib/python3.8/site-packages/autoware_auto_system_msgs/msg/_diagnostic_header.py
-- Symlinking: /home/cityu/autoware/install/autoware_auto_system_msgs/lib/python3.8/site-packages/autoware_auto_system_msgs/msg/_driving_capability.py
-- Symlinking: /home/cityu/autoware/install/autoware_auto_system_msgs/lib/python3.8/site-packages/autoware_auto_system_msgs/msg/_emergency_state.py
-- Symlinking: /home/cityu/autoware/install/autoware_auto_system_msgs/lib/python3.8/site-packages/autoware_auto_system_msgs/msg/_float32_multi_array_diagnostic.py
-- Symlinking: /home/cityu/autoware/install/autoware_auto_system_msgs/lib/python3.8/site-packages/autoware_auto_system_msgs/msg/_hazard_status.py
-- Symlinking: /home/cityu/autoware/install/autoware_auto_system_msgs/lib/python3.8/site-packages/autoware_auto_system_msgs/msg/_hazard_status_stamped.py
-- Symlinking: /home/cityu/autoware/install/autoware_auto_system_msgs/lib/python3.8/site-packages/autoware_auto_system_msgs/autoware_auto_system_msgs_s__rosidl_typesupport_fastrtps_c.cpython-38-x86_64-linux-gnu.so
-- Symlinking: /home/cityu/autoware/install/autoware_auto_system_msgs/lib/python3.8/site-packages/autoware_auto_system_msgs/autoware_auto_system_msgs_s__rosidl_typesupport_introspection_c.cpython-38-x86_64-linux-gnu.so
-- Symlinking: /home/cityu/autoware/install/autoware_auto_system_msgs/lib/python3.8/site-packages/autoware_auto_system_msgs/autoware_auto_system_msgs_s__rosidl_typesupport_c.cpython-38-x86_64-linux-gnu.so
-- Symlinking: /home/cityu/autoware/install/autoware_auto_system_msgs/lib/libautoware_auto_system_msgs__python.so
-- Symlinking: /home/cityu/autoware/install/autoware_auto_system_msgs/share/autoware_auto_system_msgs/msg/AutowareState.idl
-- Symlinking: /home/cityu/autoware/install/autoware_auto_system_msgs/share/autoware_auto_system_msgs/msg/ControlDiagnostic.idl
-- Symlinking: /home/cityu/autoware/install/autoware_auto_system_msgs/share/autoware_auto_system_msgs/msg/DiagnosticHeader.idl
-- Symlinking: /home/cityu/autoware/install/autoware_auto_system_msgs/share/autoware_auto_system_msgs/msg/DrivingCapability.idl
-- Symlinking: /home/cityu/autoware/install/autoware_auto_system_msgs/share/autoware_auto_system_msgs/msg/EmergencyState.idl
-- Symlinking: /home/cityu/autoware/install/autoware_auto_system_msgs/share/autoware_auto_system_msgs/msg/Float32MultiArrayDiagnostic.idl
-- Symlinking: /home/cityu/autoware/install/autoware_auto_system_msgs/share/autoware_auto_system_msgs/msg/HazardStatus.idl
-- Symlinking: /home/cityu/autoware/install/autoware_auto_system_msgs/share/autoware_auto_system_msgs/msg/HazardStatusStamped.idl
-- Symlinking: /home/cityu/autoware/install/autoware_auto_system_msgs/share/ament_index/resource_index/package_run_dependencies/autoware_auto_system_msgs
-- Symlinking: /home/cityu/autoware/install/autoware_auto_system_msgs/share/ament_index/resource_index/parent_prefix_path/autoware_auto_system_msgs
-- Symlinking: /home/cityu/autoware/install/autoware_auto_system_msgs/share/autoware_auto_system_msgs/environment/ament_prefix_path.sh
-- Symlinking: /home/cityu/autoware/install/autoware_auto_system_msgs/share/autoware_auto_system_msgs/environment/ament_prefix_path.dsv
-- Symlinking: /home/cityu/autoware/install/autoware_auto_system_msgs/share/autoware_auto_system_msgs/environment/path.sh
-- Symlinking: /home/cityu/autoware/install/autoware_auto_system_msgs/share/autoware_auto_system_msgs/environment/path.dsv
-- Symlinking: /home/cityu/autoware/install/autoware_auto_system_msgs/share/autoware_auto_system_msgs/local_setup.bash
-- Symlinking: /home/cityu/autoware/install/autoware_auto_system_msgs/share/autoware_auto_system_msgs/local_setup.sh
-- Symlinking: /home/cityu/autoware/install/autoware_auto_system_msgs/share/autoware_auto_system_msgs/local_setup.zsh
-- Symlinking: /home/cityu/autoware/install/autoware_auto_system_msgs/share/autoware_auto_system_msgs/local_setup.dsv
-- Symlinking: /home/cityu/autoware/install/autoware_auto_system_msgs/share/autoware_auto_system_msgs/package.dsv
-- Symlinking: /home/cityu/autoware/install/autoware_auto_system_msgs/share/ament_index/resource_index/packages/autoware_auto_system_msgs
-- Symlinking: /home/cityu/autoware/install/autoware_auto_system_msgs/share/autoware_auto_system_msgs/cmake/rosidl_cmake-extras.cmake
-- Symlinking: /home/cityu/autoware/install/autoware_auto_system_msgs/share/autoware_auto_system_msgs/cmake/ament_cmake_export_dependencies-extras.cmake
-- Symlinking: /home/cityu/autoware/install/autoware_auto_system_msgs/share/autoware_auto_system_msgs/cmake/ament_cmake_export_libraries-extras.cmake
-- Symlinking: /home/cityu/autoware/install/autoware_auto_system_msgs/share/autoware_auto_system_msgs/cmake/ament_cmake_export_targets-extras.cmake
-- Symlinking: /home/cityu/autoware/install/autoware_auto_system_msgs/share/autoware_auto_system_msgs/cmake/ament_cmake_export_include_directories-extras.cmake
-- Symlinking: /home/cityu/autoware/install/autoware_auto_system_msgs/share/autoware_auto_system_msgs/cmake/rosidl_cmake_export_typesupport_libraries-extras.cmake
-- Symlinking: /home/cityu/autoware/install/autoware_auto_system_msgs/share/autoware_auto_system_msgs/cmake/rosidl_cmake_export_typesupport_targets-extras.cmake
-- Symlinking: /home/cityu/autoware/install/autoware_auto_system_msgs/share/autoware_auto_system_msgs/cmake/autoware_auto_system_msgsConfig.cmake
-- Symlinking: /home/cityu/autoware/install/autoware_auto_system_msgs/share/autoware_auto_system_msgs/cmake/autoware_auto_system_msgsConfig-version.cmake
-- Symlinking: /home/cityu/autoware/install/autoware_auto_system_msgs/share/autoware_auto_system_msgs/package.xml
-- Installing: /home/cityu/autoware/install/autoware_auto_system_msgs/lib/libautoware_auto_system_msgs__rosidl_generator_c.so
-- Set runtime path of "/home/cityu/autoware/install/autoware_auto_system_msgs/lib/libautoware_auto_system_msgs__rosidl_generator_c.so" to ""
-- Installing: /home/cityu/autoware/install/autoware_auto_system_msgs/lib/libautoware_auto_system_msgs__rosidl_typesupport_introspection_c.so
-- Set runtime path of "/home/cityu/autoware/install/autoware_auto_system_msgs/lib/libautoware_auto_system_msgs__rosidl_typesupport_introspection_c.so" to ""
-- Installing: /home/cityu/autoware/install/autoware_auto_system_msgs/lib/libautoware_auto_system_msgs__rosidl_typesupport_c.so
-- Set runtime path of "/home/cityu/autoware/install/autoware_auto_system_msgs/lib/libautoware_auto_system_msgs__rosidl_typesupport_c.so" to ""
-- Installing: /home/cityu/autoware/install/autoware_auto_system_msgs/lib/libautoware_auto_system_msgs__rosidl_typesupport_introspection_cpp.so
-- Set runtime path of "/home/cityu/autoware/install/autoware_auto_system_msgs/lib/libautoware_auto_system_msgs__rosidl_typesupport_introspection_cpp.so" to ""
-- Installing: /home/cityu/autoware/install/autoware_auto_system_msgs/lib/libautoware_auto_system_msgs__rosidl_typesupport_cpp.so
-- Set runtime path of "/home/cityu/autoware/install/autoware_auto_system_msgs/lib/libautoware_auto_system_msgs__rosidl_typesupport_cpp.so" to ""
Compiling '/home/cityu/autoware/install/autoware_auto_system_msgs/lib/python3.8/site-packages/autoware_auto_system_msgs/__init__.py'...
-- Installing: /home/cityu/autoware/install/autoware_auto_system_msgs/share/autoware_auto_system_msgs/cmake/autoware_auto_system_msgs__rosidl_generator_cExport.cmake
-- Installing: /home/cityu/autoware/install/autoware_auto_system_msgs/share/autoware_auto_system_msgs/cmake/autoware_auto_system_msgs__rosidl_generator_cExport-release.cmake
-- Installing: /home/cityu/autoware/install/autoware_auto_system_msgs/share/autoware_auto_system_msgs/cmake/autoware_auto_system_msgs__rosidl_typesupport_introspection_cExport.cmake
-- Installing: /home/cityu/autoware/install/autoware_auto_system_msgs/share/autoware_auto_system_msgs/cmake/autoware_auto_system_msgs__rosidl_typesupport_introspection_cExport-release.cmake
-- Installing: /home/cityu/autoware/install/autoware_auto_system_msgs/share/autoware_auto_system_msgs/cmake/autoware_auto_system_msgs__rosidl_typesupport_cExport.cmake
-- Installing: /home/cityu/autoware/install/autoware_auto_system_msgs/share/autoware_auto_system_msgs/cmake/autoware_auto_system_msgs__rosidl_typesupport_cExport-release.cmake
-- Installing: /home/cityu/autoware/install/autoware_auto_system_msgs/share/autoware_auto_system_msgs/cmake/autoware_auto_system_msgs__rosidl_generator_cppExport.cmake
-- Installing: /home/cityu/autoware/install/autoware_auto_system_msgs/share/autoware_auto_system_msgs/cmake/autoware_auto_system_msgs__rosidl_typesupport_introspection_cppExport.cmake
-- Installing: /home/cityu/autoware/install/autoware_auto_system_msgs/share/autoware_auto_system_msgs/cmake/autoware_auto_system_msgs__rosidl_typesupport_introspection_cppExport-release.cmake
-- Installing: /home/cityu/autoware/install/autoware_auto_system_msgs/share/autoware_auto_system_msgs/cmake/autoware_auto_system_msgs__rosidl_typesupport_cppExport.cmake
-- Installing: /home/cityu/autoware/install/autoware_auto_system_msgs/share/autoware_auto_system_msgs/cmake/autoware_auto_system_msgs__rosidl_typesupport_cppExport-release.cmake
