[0.108s] Invoking command in '/home/cityu/autoware/build/autoware_auto_system_msgs': CMAKE_PREFIX_PATH=/opt/ros/galactic /usr/bin/cmake /home/cityu/autoware/src/core/external/autoware_auto_msgs/autoware_auto_system_msgs -DCMAKE_BUILD_TYPE=Release -DAMENT_CMAKE_SYMLINK_INSTALL=1 -DCMAKE_INSTALL_PREFIX=/home/cityu/autoware/install/autoware_auto_system_msgs
[0.395s] -- The C compiler identification is GNU 9.4.0
[0.631s] -- The CXX compiler identification is GNU 9.4.0
[0.637s] -- Check for working C compiler: /usr/bin/cc
[0.781s] -- Check for working C compiler: /usr/bin/cc -- works
[0.782s] -- Detecting C compiler ABI info
[0.926s] -- Detecting C compiler ABI info - done
[0.946s] -- Detecting C compile features
[0.947s] -- Detecting C compile features - done
[0.950s] -- Check for working CXX compiler: /usr/bin/c++
[1.112s] -- Check for working CXX compiler: /usr/bin/c++ -- works
[1.113s] -- Detecting CXX compiler ABI info
[1.259s] -- Detecting CXX compiler ABI info - done
[1.273s] -- Detecting CXX compile features
[1.273s] -- Detecting CXX compile features - done
[1.276s] -- Found ament_cmake_auto: 1.1.6 (/opt/ros/galactic/share/ament_cmake_auto/cmake)
[1.321s] -- Found PythonInterp: /usr/bin/python3 (found suitable version "3.8.10", minimum required is "3") 
[1.321s] -- Using PYTHON_EXECUTABLE: /usr/bin/python3
[1.443s] -- Override CMake install command with custom implementation using symlinks instead of copying resources
[1.587s] -- Using all available rosidl_typesupport_c: rosidl_typesupport_fastrtps_c;rosidl_typesupport_introspection_c
[1.596s] -- Found rosidl_adapter: 2.2.3 (/opt/ros/galactic/share/rosidl_adapter/cmake)
[1.709s] -- Found OpenSSL: /usr/lib/x86_64-linux-gnu/libcrypto.so (found version "1.1.1f")  
[1.748s] -- Found FastRTPS: /opt/ros/galactic/include  
[1.860s] -- Using all available rosidl_typesupport_cpp: rosidl_typesupport_fastrtps_cpp;rosidl_typesupport_introspection_cpp
[2.101s] -- Found ament_cmake_cppcheck: 0.10.7 (/opt/ros/galactic/share/ament_cmake_cppcheck/cmake)
[2.103s] -- Found ament_cmake_cpplint: 0.10.7 (/opt/ros/galactic/share/ament_cmake_cpplint/cmake)
[2.106s] -- Found ament_cmake_uncrustify: 0.10.7 (/opt/ros/galactic/share/ament_cmake_uncrustify/cmake)
[2.109s] -- Found ament_cmake_ros: 0.9.2 (/opt/ros/galactic/share/ament_cmake_ros/cmake)
[2.399s] -- Using all available rosidl_typesupport_c: rosidl_typesupport_fastrtps_c;rosidl_typesupport_introspection_c
[2.490s] -- Using all available rosidl_typesupport_cpp: rosidl_typesupport_fastrtps_cpp;rosidl_typesupport_introspection_cpp
[2.527s] -- Found PythonInterp: /usr/bin/python3 (found suitable version "3.8.10", minimum required is "3.5") 
[2.529s] -- Found python_cmake_module: 0.8.1 (/opt/ros/galactic/share/python_cmake_module/cmake)
[2.566s] -- Found PythonLibs: /usr/lib/x86_64-linux-gnu/libpython3.8.so (found suitable version "3.8.10", minimum required is "3.5") 
[2.566s] -- Using PYTHON_EXECUTABLE: /usr/bin/python3
[2.566s] -- Using PYTHON_INCLUDE_DIRS: /usr/include/python3.8
[2.566s] -- Using PYTHON_LIBRARIES: /usr/lib/x86_64-linux-gnu/libpython3.8.so
[2.606s] -- Found PythonExtra: .so  
[2.865s] -- Found ament_cmake_flake8: 0.10.7 (/opt/ros/galactic/share/ament_cmake_flake8/cmake)
[2.866s] -- Found ament_cmake_pep257: 0.10.7 (/opt/ros/galactic/share/ament_cmake_pep257/cmake)
[2.869s] -- Found ament_lint_auto: 0.10.7 (/opt/ros/galactic/share/ament_lint_auto/cmake)
[2.897s] -- Added test 'copyright' to check source files copyright and LICENSE
[2.897s] -- Added test 'lint_cmake' to check CMake code style
[2.898s] -- Added test 'xmllint' to check XML markup files
[2.908s] -- Configuring done
[3.061s] -- Generating done
[3.067s] -- Build files have been written to: /home/cityu/autoware/build/autoware_auto_system_msgs
[3.133s] Invoked command in '/home/cityu/autoware/build/autoware_auto_system_msgs' returned '0': CMAKE_PREFIX_PATH=/opt/ros/galactic /usr/bin/cmake /home/cityu/autoware/src/core/external/autoware_auto_msgs/autoware_auto_system_msgs -DCMAKE_BUILD_TYPE=Release -DAMENT_CMAKE_SYMLINK_INSTALL=1 -DCMAKE_INSTALL_PREFIX=/home/cityu/autoware/install/autoware_auto_system_msgs
[3.135s] Invoking command in '/home/cityu/autoware/build/autoware_auto_system_msgs': CMAKE_PREFIX_PATH=/opt/ros/galactic /usr/bin/cmake --build /home/cityu/autoware/build/autoware_auto_system_msgs -- -j16 -l16
[4.202s] [35m[1mScanning dependencies of target autoware_auto_system_msgs__cpp[0m
[4.203s] [  1%] [34m[1mGenerating C code for ROS interfaces[0m
[4.203s] [  2%] [34m[1mGenerating C++ code for ROS interfaces[0m
[6.814s] [  2%] Built target autoware_auto_system_msgs__cpp
[6.919s] [  3%] [34m[1mGenerating C++ type support dispatch for ROS interfaces[0m
[6.950s] [  4%] [34m[1mGenerating C++ introspection for ROS interfaces[0m
[6.974s] [  5%] [34m[1mGenerating C++ type support for eProsima Fast-RTPS[0m
[7.704s] [35m[1mScanning dependencies of target autoware_auto_system_msgs__rosidl_generator_c[0m
[7.840s] [  6%] [32mBuilding C object CMakeFiles/autoware_auto_system_msgs__rosidl_generator_c.dir/rosidl_generator_c/autoware_auto_system_msgs/msg/detail/autoware_state__functions.c.o[0m
[7.939s] [  8%] [32mBuilding C object CMakeFiles/autoware_auto_system_msgs__rosidl_generator_c.dir/rosidl_generator_c/autoware_auto_system_msgs/msg/detail/control_diagnostic__functions.c.o[0m
[7.945s] [ 11%] [32mBuilding C object CMakeFiles/autoware_auto_system_msgs__rosidl_generator_c.dir/rosidl_generator_c/autoware_auto_system_msgs/msg/detail/float32_multi_array_diagnostic__functions.c.o[0m
[7.957s] [  9%] [32mBuilding C object CMakeFiles/autoware_auto_system_msgs__rosidl_generator_c.dir/rosidl_generator_c/autoware_auto_system_msgs/msg/detail/driving_capability__functions.c.o[0m
[7.959s] [ 10%] [32mBuilding C object CMakeFiles/autoware_auto_system_msgs__rosidl_generator_c.dir/rosidl_generator_c/autoware_auto_system_msgs/msg/detail/diagnostic_header__functions.c.o[0m
[7.980s] [ 12%] [32mBuilding C object CMakeFiles/autoware_auto_system_msgs__rosidl_generator_c.dir/rosidl_generator_c/autoware_auto_system_msgs/msg/detail/hazard_status__functions.c.o[0m
[7.980s] [ 13%] [32mBuilding C object CMakeFiles/autoware_auto_system_msgs__rosidl_generator_c.dir/rosidl_generator_c/autoware_auto_system_msgs/msg/detail/emergency_state__functions.c.o[0m
[7.987s] [ 14%] [32mBuilding C object CMakeFiles/autoware_auto_system_msgs__rosidl_generator_c.dir/rosidl_generator_c/autoware_auto_system_msgs/msg/detail/hazard_status_stamped__functions.c.o[0m
[8.836s] [ 16%] [32m[1mLinking C shared library libautoware_auto_system_msgs__rosidl_generator_c.so[0m
[9.410s] [ 16%] Built target autoware_auto_system_msgs__rosidl_generator_c
[9.528s] [ 17%] [34m[1mGenerating C introspection for ROS interfaces[0m
[9.538s] [ 18%] [34m[1mGenerating C type support dispatch for ROS interfaces[0m
[13.366s] [35m[1mScanning dependencies of target autoware_auto_system_msgs__rosidl_typesupport_fastrtps_cpp[0m
[13.408s] [ 19%] [32mBuilding CXX object CMakeFiles/autoware_auto_system_msgs__rosidl_typesupport_fastrtps_cpp.dir/rosidl_typesupport_fastrtps_cpp/autoware_auto_system_msgs/msg/detail/dds_fastrtps/control_diagnostic__type_support.cpp.o[0m
[13.462s] [ 20%] [32mBuilding CXX object CMakeFiles/autoware_auto_system_msgs__rosidl_typesupport_fastrtps_cpp.dir/rosidl_typesupport_fastrtps_cpp/autoware_auto_system_msgs/msg/detail/dds_fastrtps/autoware_state__type_support.cpp.o[0m
[13.475s] [ 21%] [32mBuilding CXX object CMakeFiles/autoware_auto_system_msgs__rosidl_typesupport_fastrtps_cpp.dir/rosidl_typesupport_fastrtps_cpp/autoware_auto_system_msgs/msg/detail/dds_fastrtps/driving_capability__type_support.cpp.o[0m
[13.500s] [ 22%] [32mBuilding CXX object CMakeFiles/autoware_auto_system_msgs__rosidl_typesupport_fastrtps_cpp.dir/rosidl_typesupport_fastrtps_cpp/autoware_auto_system_msgs/msg/detail/dds_fastrtps/emergency_state__type_support.cpp.o[0m
[13.502s] [ 24%] [32mBuilding CXX object CMakeFiles/autoware_auto_system_msgs__rosidl_typesupport_fastrtps_cpp.dir/rosidl_typesupport_fastrtps_cpp/autoware_auto_system_msgs/msg/detail/dds_fastrtps/diagnostic_header__type_support.cpp.o[0m
[13.604s] [ 25%] [32mBuilding CXX object CMakeFiles/autoware_auto_system_msgs__rosidl_typesupport_fastrtps_cpp.dir/rosidl_typesupport_fastrtps_cpp/autoware_auto_system_msgs/msg/detail/dds_fastrtps/hazard_status__type_support.cpp.o[0m
[13.624s] [ 26%] [32mBuilding CXX object CMakeFiles/autoware_auto_system_msgs__rosidl_typesupport_fastrtps_cpp.dir/rosidl_typesupport_fastrtps_cpp/autoware_auto_system_msgs/msg/detail/dds_fastrtps/float32_multi_array_diagnostic__type_support.cpp.o[0m
[13.630s] [ 27%] [32mBuilding CXX object CMakeFiles/autoware_auto_system_msgs__rosidl_typesupport_fastrtps_cpp.dir/rosidl_typesupport_fastrtps_cpp/autoware_auto_system_msgs/msg/detail/dds_fastrtps/hazard_status_stamped__type_support.cpp.o[0m
[13.668s] [35m[1mScanning dependencies of target autoware_auto_system_msgs__rosidl_typesupport_cpp[0m
[13.798s] [ 28%] [32mBuilding CXX object CMakeFiles/autoware_auto_system_msgs__rosidl_typesupport_cpp.dir/rosidl_typesupport_cpp/autoware_auto_system_msgs/msg/diagnostic_header__type_support.cpp.o[0m
[13.802s] [ 29%] [32mBuilding CXX object CMakeFiles/autoware_auto_system_msgs__rosidl_typesupport_cpp.dir/rosidl_typesupport_cpp/autoware_auto_system_msgs/msg/autoware_state__type_support.cpp.o[0m
[13.836s] [ 31%] [32mBuilding CXX object CMakeFiles/autoware_auto_system_msgs__rosidl_typesupport_cpp.dir/rosidl_typesupport_cpp/autoware_auto_system_msgs/msg/control_diagnostic__type_support.cpp.o[0m
[13.878s] [ 32%] [32mBuilding CXX object CMakeFiles/autoware_auto_system_msgs__rosidl_typesupport_cpp.dir/rosidl_typesupport_cpp/autoware_auto_system_msgs/msg/driving_capability__type_support.cpp.o[0m
[13.976s] [ 33%] [32mBuilding CXX object CMakeFiles/autoware_auto_system_msgs__rosidl_typesupport_cpp.dir/rosidl_typesupport_cpp/autoware_auto_system_msgs/msg/emergency_state__type_support.cpp.o[0m
[14.198s] [35m[1mScanning dependencies of target autoware_auto_system_msgs__rosidl_typesupport_introspection_cpp[0m
[14.334s] [ 34%] [32mBuilding CXX object CMakeFiles/autoware_auto_system_msgs__rosidl_typesupport_introspection_cpp.dir/rosidl_typesupport_introspection_cpp/autoware_auto_system_msgs/msg/detail/autoware_state__type_support.cpp.o[0m
[15.742s] [ 35%] [32mBuilding CXX object CMakeFiles/autoware_auto_system_msgs__rosidl_typesupport_introspection_cpp.dir/rosidl_typesupport_introspection_cpp/autoware_auto_system_msgs/msg/detail/control_diagnostic__type_support.cpp.o[0m
[15.922s] [35m[1mScanning dependencies of target autoware_auto_system_msgs__rosidl_typesupport_introspection_c[0m
[16.045s] [ 36%] [32mBuilding CXX object CMakeFiles/autoware_auto_system_msgs__rosidl_typesupport_introspection_cpp.dir/rosidl_typesupport_introspection_cpp/autoware_auto_system_msgs/msg/detail/diagnostic_header__type_support.cpp.o[0m
[16.066s] [ 37%] [32mBuilding CXX object CMakeFiles/autoware_auto_system_msgs__rosidl_typesupport_cpp.dir/rosidl_typesupport_cpp/autoware_auto_system_msgs/msg/float32_multi_array_diagnostic__type_support.cpp.o[0m
[16.110s] [35m[1mScanning dependencies of target autoware_auto_system_msgs__rosidl_typesupport_c[0m
[16.110s] [ 39%] [32mBuilding CXX object CMakeFiles/autoware_auto_system_msgs__rosidl_typesupport_introspection_cpp.dir/rosidl_typesupport_introspection_cpp/autoware_auto_system_msgs/msg/detail/driving_capability__type_support.cpp.o[0m
[16.122s] [ 40%] [32mBuilding C object CMakeFiles/autoware_auto_system_msgs__rosidl_typesupport_introspection_c.dir/rosidl_typesupport_introspection_c/autoware_auto_system_msgs/msg/detail/autoware_state__type_support.c.o[0m
[16.216s] [ 41%] [32mBuilding CXX object CMakeFiles/autoware_auto_system_msgs__rosidl_typesupport_c.dir/rosidl_typesupport_c/autoware_auto_system_msgs/msg/autoware_state__type_support.cpp.o[0m
[16.441s] [ 42%] [32mBuilding CXX object CMakeFiles/autoware_auto_system_msgs__rosidl_typesupport_c.dir/rosidl_typesupport_c/autoware_auto_system_msgs/msg/control_diagnostic__type_support.cpp.o[0m
[16.491s] [ 43%] [32mBuilding C object CMakeFiles/autoware_auto_system_msgs__rosidl_typesupport_introspection_c.dir/rosidl_typesupport_introspection_c/autoware_auto_system_msgs/msg/detail/diagnostic_header__type_support.c.o[0m
[16.750s] [ 44%] [32mBuilding CXX object CMakeFiles/autoware_auto_system_msgs__rosidl_typesupport_c.dir/rosidl_typesupport_c/autoware_auto_system_msgs/msg/diagnostic_header__type_support.cpp.o[0m
[16.784s] [ 45%] [32mBuilding C object CMakeFiles/autoware_auto_system_msgs__rosidl_typesupport_introspection_c.dir/rosidl_typesupport_introspection_c/autoware_auto_system_msgs/msg/detail/driving_capability__type_support.c.o[0m
[16.998s] [ 47%] [32mBuilding CXX object CMakeFiles/autoware_auto_system_msgs__rosidl_typesupport_c.dir/rosidl_typesupport_c/autoware_auto_system_msgs/msg/driving_capability__type_support.cpp.o[0m
[17.166s] [ 48%] [32mBuilding C object CMakeFiles/autoware_auto_system_msgs__rosidl_typesupport_introspection_c.dir/rosidl_typesupport_introspection_c/autoware_auto_system_msgs/msg/detail/float32_multi_array_diagnostic__type_support.c.o[0m
[17.266s] [ 49%] [32mBuilding CXX object CMakeFiles/autoware_auto_system_msgs__rosidl_typesupport_c.dir/rosidl_typesupport_c/autoware_auto_system_msgs/msg/hazard_status__type_support.cpp.o[0m
[17.381s] [ 50%] [32mBuilding C object CMakeFiles/autoware_auto_system_msgs__rosidl_typesupport_introspection_c.dir/rosidl_typesupport_introspection_c/autoware_auto_system_msgs/msg/detail/hazard_status__type_support.c.o[0m
[17.421s] [ 51%] [32mBuilding CXX object CMakeFiles/autoware_auto_system_msgs__rosidl_typesupport_c.dir/rosidl_typesupport_c/autoware_auto_system_msgs/msg/hazard_status_stamped__type_support.cpp.o[0m
[17.546s] [ 52%] [32mBuilding CXX object CMakeFiles/autoware_auto_system_msgs__rosidl_typesupport_c.dir/rosidl_typesupport_c/autoware_auto_system_msgs/msg/float32_multi_array_diagnostic__type_support.cpp.o[0m
[17.591s] [ 54%] [32mBuilding C object CMakeFiles/autoware_auto_system_msgs__rosidl_typesupport_introspection_c.dir/rosidl_typesupport_introspection_c/autoware_auto_system_msgs/msg/detail/hazard_status_stamped__type_support.c.o[0m
[17.668s] [ 55%] [32m[1mLinking CXX shared library libautoware_auto_system_msgs__rosidl_typesupport_fastrtps_cpp.so[0m
[17.744s] [ 56%] [32mBuilding C object CMakeFiles/autoware_auto_system_msgs__rosidl_typesupport_introspection_c.dir/rosidl_typesupport_introspection_c/autoware_auto_system_msgs/msg/detail/emergency_state__type_support.c.o[0m
[17.752s] [ 57%] [32mBuilding CXX object CMakeFiles/autoware_auto_system_msgs__rosidl_typesupport_c.dir/rosidl_typesupport_c/autoware_auto_system_msgs/msg/emergency_state__type_support.cpp.o[0m
[17.886s] [ 58%] [32m[1mLinking CXX shared library libautoware_auto_system_msgs__rosidl_typesupport_c.so[0m
[17.903s] [ 59%] [32mBuilding C object CMakeFiles/autoware_auto_system_msgs__rosidl_typesupport_introspection_c.dir/rosidl_typesupport_introspection_c/autoware_auto_system_msgs/msg/detail/control_diagnostic__type_support.c.o[0m
[17.915s] [ 60%] [32mBuilding CXX object CMakeFiles/autoware_auto_system_msgs__rosidl_typesupport_cpp.dir/rosidl_typesupport_cpp/autoware_auto_system_msgs/msg/hazard_status_stamped__type_support.cpp.o[0m
[17.920s] [ 62%] [32mBuilding CXX object CMakeFiles/autoware_auto_system_msgs__rosidl_typesupport_introspection_cpp.dir/rosidl_typesupport_introspection_cpp/autoware_auto_system_msgs/msg/detail/hazard_status_stamped__type_support.cpp.o[0m
[18.036s] [ 62%] Built target autoware_auto_system_msgs__rosidl_typesupport_fastrtps_cpp
[18.065s] [ 63%] [32m[1mLinking C shared library libautoware_auto_system_msgs__rosidl_typesupport_introspection_c.so[0m
[18.076s] [ 63%] Built target autoware_auto_system_msgs__rosidl_typesupport_c
[18.187s] [ 63%] Built target autoware_auto_system_msgs__rosidl_typesupport_introspection_c
[18.691s] [ 64%] [32mBuilding CXX object CMakeFiles/autoware_auto_system_msgs__rosidl_typesupport_cpp.dir/rosidl_typesupport_cpp/autoware_auto_system_msgs/msg/hazard_status__type_support.cpp.o[0m
[18.732s] [ 65%] [32mBuilding CXX object CMakeFiles/autoware_auto_system_msgs__rosidl_typesupport_introspection_cpp.dir/rosidl_typesupport_introspection_cpp/autoware_auto_system_msgs/msg/detail/hazard_status__type_support.cpp.o[0m
[19.263s] [ 66%] [32m[1mLinking CXX shared library libautoware_auto_system_msgs__rosidl_typesupport_cpp.so[0m
[19.379s] [ 66%] Built target autoware_auto_system_msgs__rosidl_typesupport_cpp
[19.659s] [ 67%] [32mBuilding CXX object CMakeFiles/autoware_auto_system_msgs__rosidl_typesupport_introspection_cpp.dir/rosidl_typesupport_introspection_cpp/autoware_auto_system_msgs/msg/detail/float32_multi_array_diagnostic__type_support.cpp.o[0m
[20.260s] [ 68%] [32mBuilding CXX object CMakeFiles/autoware_auto_system_msgs__rosidl_typesupport_introspection_cpp.dir/rosidl_typesupport_introspection_cpp/autoware_auto_system_msgs/msg/detail/emergency_state__type_support.cpp.o[0m
[20.759s] [ 70%] [32m[1mLinking CXX shared library libautoware_auto_system_msgs__rosidl_typesupport_introspection_cpp.so[0m
[20.933s] [ 70%] Built target autoware_auto_system_msgs__rosidl_typesupport_introspection_cpp
[20.962s] [ 71%] [34m[1mGenerating C type support for eProsima Fast-RTPS[0m
[22.490s] [35m[1mScanning dependencies of target autoware_auto_system_msgs__rosidl_typesupport_fastrtps_c[0m
[22.515s] [ 72%] [32mBuilding CXX object CMakeFiles/autoware_auto_system_msgs__rosidl_typesupport_fastrtps_c.dir/rosidl_typesupport_fastrtps_c/autoware_auto_system_msgs/msg/detail/autoware_state__type_support_c.cpp.o[0m
[23.015s] [ 73%] [32mBuilding CXX object CMakeFiles/autoware_auto_system_msgs__rosidl_typesupport_fastrtps_c.dir/rosidl_typesupport_fastrtps_c/autoware_auto_system_msgs/msg/detail/hazard_status_stamped__type_support_c.cpp.o[0m
[23.500s] [ 74%] [32mBuilding CXX object CMakeFiles/autoware_auto_system_msgs__rosidl_typesupport_fastrtps_c.dir/rosidl_typesupport_fastrtps_c/autoware_auto_system_msgs/msg/detail/hazard_status__type_support_c.cpp.o[0m
[24.175s] [ 75%] [32mBuilding CXX object CMakeFiles/autoware_auto_system_msgs__rosidl_typesupport_fastrtps_c.dir/rosidl_typesupport_fastrtps_c/autoware_auto_system_msgs/msg/detail/float32_multi_array_diagnostic__type_support_c.cpp.o[0m
[24.613s] [ 77%] [32mBuilding CXX object CMakeFiles/autoware_auto_system_msgs__rosidl_typesupport_fastrtps_c.dir/rosidl_typesupport_fastrtps_c/autoware_auto_system_msgs/msg/detail/emergency_state__type_support_c.cpp.o[0m
[25.127s] [ 78%] [32mBuilding CXX object CMakeFiles/autoware_auto_system_msgs__rosidl_typesupport_fastrtps_c.dir/rosidl_typesupport_fastrtps_c/autoware_auto_system_msgs/msg/detail/driving_capability__type_support_c.cpp.o[0m
[25.643s] [ 79%] [32mBuilding CXX object CMakeFiles/autoware_auto_system_msgs__rosidl_typesupport_fastrtps_c.dir/rosidl_typesupport_fastrtps_c/autoware_auto_system_msgs/msg/detail/diagnostic_header__type_support_c.cpp.o[0m
[26.203s] [ 80%] [32mBuilding CXX object CMakeFiles/autoware_auto_system_msgs__rosidl_typesupport_fastrtps_c.dir/rosidl_typesupport_fastrtps_c/autoware_auto_system_msgs/msg/detail/control_diagnostic__type_support_c.cpp.o[0m
[26.971s] [ 81%] [32m[1mLinking CXX shared library libautoware_auto_system_msgs__rosidl_typesupport_fastrtps_c.so[0m
[27.243s] [ 81%] Built target autoware_auto_system_msgs__rosidl_typesupport_fastrtps_c
[27.264s] [35m[1mScanning dependencies of target autoware_auto_system_msgs[0m
[27.286s] [ 81%] Built target autoware_auto_system_msgs
[27.303s] [35m[1mScanning dependencies of target autoware_auto_system_msgs__py[0m
[27.335s] [ 82%] [34m[1mGenerating Python code for ROS interfaces[0m
[30.460s] [ 82%] Built target autoware_auto_system_msgs__py
[30.483s] [35m[1mScanning dependencies of target autoware_auto_system_msgs__python[0m
[30.532s] [ 83%] [32mBuilding C object CMakeFiles/autoware_auto_system_msgs__python.dir/rosidl_generator_py/autoware_auto_system_msgs/msg/_autoware_state_s.c.o[0m
[30.689s] [ 85%] [32mBuilding C object CMakeFiles/autoware_auto_system_msgs__python.dir/rosidl_generator_py/autoware_auto_system_msgs/msg/_hazard_status_stamped_s.c.o[0m
[30.861s] [ 86%] [32mBuilding C object CMakeFiles/autoware_auto_system_msgs__python.dir/rosidl_generator_py/autoware_auto_system_msgs/msg/_hazard_status_s.c.o[0m
[31.172s] [ 87%] [32mBuilding C object CMakeFiles/autoware_auto_system_msgs__python.dir/rosidl_generator_py/autoware_auto_system_msgs/msg/_float32_multi_array_diagnostic_s.c.o[0m
[31.372s] [ 88%] [32mBuilding C object CMakeFiles/autoware_auto_system_msgs__python.dir/rosidl_generator_py/autoware_auto_system_msgs/msg/_emergency_state_s.c.o[0m
[31.567s] [ 89%] [32mBuilding C object CMakeFiles/autoware_auto_system_msgs__python.dir/rosidl_generator_py/autoware_auto_system_msgs/msg/_driving_capability_s.c.o[0m
[31.752s] [ 90%] [32mBuilding C object CMakeFiles/autoware_auto_system_msgs__python.dir/rosidl_generator_py/autoware_auto_system_msgs/msg/_diagnostic_header_s.c.o[0m
[31.953s] [ 91%] [32mBuilding C object CMakeFiles/autoware_auto_system_msgs__python.dir/rosidl_generator_py/autoware_auto_system_msgs/msg/_control_diagnostic_s.c.o[0m
[32.174s] [ 93%] [32m[1mLinking C shared library rosidl_generator_py/autoware_auto_system_msgs/libautoware_auto_system_msgs__python.so[0m
[32.250s] [ 93%] Built target autoware_auto_system_msgs__python
[32.265s] [35m[1mScanning dependencies of target autoware_auto_system_msgs__rosidl_typesupport_c__pyext[0m
[32.304s] [ 94%] [32mBuilding C object CMakeFiles/autoware_auto_system_msgs__rosidl_typesupport_c__pyext.dir/rosidl_generator_py/autoware_auto_system_msgs/_autoware_auto_system_msgs_s.ep.rosidl_typesupport_c.c.o[0m
[32.591s] [ 95%] [32m[1mLinking C shared library rosidl_generator_py/autoware_auto_system_msgs/autoware_auto_system_msgs_s__rosidl_typesupport_c.cpython-38-x86_64-linux-gnu.so[0m
[32.661s] [ 95%] Built target autoware_auto_system_msgs__rosidl_typesupport_c__pyext
[32.678s] [35m[1mScanning dependencies of target autoware_auto_system_msgs__rosidl_typesupport_introspection_c__pyext[0m
[32.710s] [ 96%] [32mBuilding C object CMakeFiles/autoware_auto_system_msgs__rosidl_typesupport_introspection_c__pyext.dir/rosidl_generator_py/autoware_auto_system_msgs/_autoware_auto_system_msgs_s.ep.rosidl_typesupport_introspection_c.c.o[0m
[32.959s] [ 97%] [32m[1mLinking C shared library rosidl_generator_py/autoware_auto_system_msgs/autoware_auto_system_msgs_s__rosidl_typesupport_introspection_c.cpython-38-x86_64-linux-gnu.so[0m
[33.009s] [ 97%] Built target autoware_auto_system_msgs__rosidl_typesupport_introspection_c__pyext
[33.020s] [35m[1mScanning dependencies of target autoware_auto_system_msgs__rosidl_typesupport_fastrtps_c__pyext[0m
[33.044s] [ 98%] [32mBuilding C object CMakeFiles/autoware_auto_system_msgs__rosidl_typesupport_fastrtps_c__pyext.dir/rosidl_generator_py/autoware_auto_system_msgs/_autoware_auto_system_msgs_s.ep.rosidl_typesupport_fastrtps_c.c.o[0m
[33.284s] [100%] [32m[1mLinking CXX shared library rosidl_generator_py/autoware_auto_system_msgs/autoware_auto_system_msgs_s__rosidl_typesupport_fastrtps_c.cpython-38-x86_64-linux-gnu.so[0m
[33.400s] [100%] Built target autoware_auto_system_msgs__rosidl_typesupport_fastrtps_c__pyext
[33.431s] Invoked command in '/home/cityu/autoware/build/autoware_auto_system_msgs' returned '0': CMAKE_PREFIX_PATH=/opt/ros/galactic /usr/bin/cmake --build /home/cityu/autoware/build/autoware_auto_system_msgs -- -j16 -l16
[33.592s] Invoking command in '/home/cityu/autoware/build/autoware_auto_system_msgs': CMAKE_PREFIX_PATH=/opt/ros/galactic /usr/bin/cmake --install /home/cityu/autoware/build/autoware_auto_system_msgs
[53.436s] -- Install configuration: "Release"
[53.437s] -- Execute custom install script
[53.437s] -- Symlinking: /home/cityu/autoware/install/autoware_auto_system_msgs/share/ament_index/resource_index/rosidl_interfaces/autoware_auto_system_msgs
[53.437s] -- Symlinking: /home/cityu/autoware/install/autoware_auto_system_msgs/include/autoware_auto_system_msgs/msg/autoware_state.h
[53.437s] -- Symlinking: /home/cityu/autoware/install/autoware_auto_system_msgs/include/autoware_auto_system_msgs/msg/control_diagnostic.h
[53.437s] -- Symlinking: /home/cityu/autoware/install/autoware_auto_system_msgs/include/autoware_auto_system_msgs/msg/detail/autoware_state__functions.h
[53.437s] -- Symlinking: /home/cityu/autoware/install/autoware_auto_system_msgs/include/autoware_auto_system_msgs/msg/detail/autoware_state__struct.h
[53.441s] -- Symlinking: /home/cityu/autoware/install/autoware_auto_system_msgs/include/autoware_auto_system_msgs/msg/detail/autoware_state__type_support.h
[53.441s] -- Symlinking: /home/cityu/autoware/install/autoware_auto_system_msgs/include/autoware_auto_system_msgs/msg/detail/control_diagnostic__functions.h
[53.442s] -- Symlinking: /home/cityu/autoware/install/autoware_auto_system_msgs/include/autoware_auto_system_msgs/msg/detail/control_diagnostic__struct.h
[53.442s] -- Symlinking: /home/cityu/autoware/install/autoware_auto_system_msgs/include/autoware_auto_system_msgs/msg/detail/control_diagnostic__type_support.h
[53.442s] -- Symlinking: /home/cityu/autoware/install/autoware_auto_system_msgs/include/autoware_auto_system_msgs/msg/detail/diagnostic_header__functions.h
[53.442s] -- Symlinking: /home/cityu/autoware/install/autoware_auto_system_msgs/include/autoware_auto_system_msgs/msg/detail/diagnostic_header__struct.h
[53.442s] -- Symlinking: /home/cityu/autoware/install/autoware_auto_system_msgs/include/autoware_auto_system_msgs/msg/detail/diagnostic_header__type_support.h
[53.442s] -- Symlinking: /home/cityu/autoware/install/autoware_auto_system_msgs/include/autoware_auto_system_msgs/msg/detail/driving_capability__functions.h
[53.442s] -- Symlinking: /home/cityu/autoware/install/autoware_auto_system_msgs/include/autoware_auto_system_msgs/msg/detail/driving_capability__struct.h
[53.442s] -- Symlinking: /home/cityu/autoware/install/autoware_auto_system_msgs/include/autoware_auto_system_msgs/msg/detail/driving_capability__type_support.h
[53.442s] -- Symlinking: /home/cityu/autoware/install/autoware_auto_system_msgs/include/autoware_auto_system_msgs/msg/detail/emergency_state__functions.h
[53.442s] -- Symlinking: /home/cityu/autoware/install/autoware_auto_system_msgs/include/autoware_auto_system_msgs/msg/detail/emergency_state__struct.h
[53.442s] -- Symlinking: /home/cityu/autoware/install/autoware_auto_system_msgs/include/autoware_auto_system_msgs/msg/detail/emergency_state__type_support.h
[53.443s] -- Symlinking: /home/cityu/autoware/install/autoware_auto_system_msgs/include/autoware_auto_system_msgs/msg/detail/float32_multi_array_diagnostic__functions.h
[53.443s] -- Symlinking: /home/cityu/autoware/install/autoware_auto_system_msgs/include/autoware_auto_system_msgs/msg/detail/float32_multi_array_diagnostic__struct.h
[53.443s] -- Symlinking: /home/cityu/autoware/install/autoware_auto_system_msgs/include/autoware_auto_system_msgs/msg/detail/float32_multi_array_diagnostic__type_support.h
[53.443s] -- Symlinking: /home/cityu/autoware/install/autoware_auto_system_msgs/include/autoware_auto_system_msgs/msg/detail/hazard_status__functions.h
[53.443s] -- Symlinking: /home/cityu/autoware/install/autoware_auto_system_msgs/include/autoware_auto_system_msgs/msg/detail/hazard_status__struct.h
[53.443s] -- Symlinking: /home/cityu/autoware/install/autoware_auto_system_msgs/include/autoware_auto_system_msgs/msg/detail/hazard_status__type_support.h
[53.443s] -- Symlinking: /home/cityu/autoware/install/autoware_auto_system_msgs/include/autoware_auto_system_msgs/msg/detail/hazard_status_stamped__functions.h
[53.443s] -- Symlinking: /home/cityu/autoware/install/autoware_auto_system_msgs/include/autoware_auto_system_msgs/msg/detail/hazard_status_stamped__struct.h
[53.443s] -- Symlinking: /home/cityu/autoware/install/autoware_auto_system_msgs/include/autoware_auto_system_msgs/msg/detail/hazard_status_stamped__type_support.h
[53.444s] -- Symlinking: /home/cityu/autoware/install/autoware_auto_system_msgs/include/autoware_auto_system_msgs/msg/diagnostic_header.h
[53.444s] -- Symlinking: /home/cityu/autoware/install/autoware_auto_system_msgs/include/autoware_auto_system_msgs/msg/driving_capability.h
[53.445s] -- Symlinking: /home/cityu/autoware/install/autoware_auto_system_msgs/include/autoware_auto_system_msgs/msg/emergency_state.h
[53.445s] -- Symlinking: /home/cityu/autoware/install/autoware_auto_system_msgs/include/autoware_auto_system_msgs/msg/float32_multi_array_diagnostic.h
[53.445s] -- Symlinking: /home/cityu/autoware/install/autoware_auto_system_msgs/include/autoware_auto_system_msgs/msg/hazard_status.h
[53.445s] -- Symlinking: /home/cityu/autoware/install/autoware_auto_system_msgs/include/autoware_auto_system_msgs/msg/hazard_status_stamped.h
[53.445s] -- Symlinking: /home/cityu/autoware/install/autoware_auto_system_msgs/include/autoware_auto_system_msgs/msg/rosidl_generator_c__visibility_control.h
[53.445s] -- Symlinking: /home/cityu/autoware/install/autoware_auto_system_msgs/share/autoware_auto_system_msgs/environment/library_path.sh
[53.446s] -- Symlinking: /home/cityu/autoware/install/autoware_auto_system_msgs/share/autoware_auto_system_msgs/environment/library_path.dsv
[53.447s] -- Symlinking: /home/cityu/autoware/install/autoware_auto_system_msgs/include/autoware_auto_system_msgs/msg/detail/autoware_state__rosidl_typesupport_fastrtps_c.h
[53.447s] -- Symlinking: /home/cityu/autoware/install/autoware_auto_system_msgs/include/autoware_auto_system_msgs/msg/detail/control_diagnostic__rosidl_typesupport_fastrtps_c.h
[53.447s] -- Symlinking: /home/cityu/autoware/install/autoware_auto_system_msgs/include/autoware_auto_system_msgs/msg/detail/diagnostic_header__rosidl_typesupport_fastrtps_c.h
[53.447s] -- Symlinking: /home/cityu/autoware/install/autoware_auto_system_msgs/include/autoware_auto_system_msgs/msg/detail/driving_capability__rosidl_typesupport_fastrtps_c.h
[53.447s] -- Symlinking: /home/cityu/autoware/install/autoware_auto_system_msgs/include/autoware_auto_system_msgs/msg/detail/emergency_state__rosidl_typesupport_fastrtps_c.h
[53.447s] -- Symlinking: /home/cityu/autoware/install/autoware_auto_system_msgs/include/autoware_auto_system_msgs/msg/detail/float32_multi_array_diagnostic__rosidl_typesupport_fastrtps_c.h
[53.448s] -- Symlinking: /home/cityu/autoware/install/autoware_auto_system_msgs/include/autoware_auto_system_msgs/msg/detail/hazard_status__rosidl_typesupport_fastrtps_c.h
[53.448s] -- Symlinking: /home/cityu/autoware/install/autoware_auto_system_msgs/include/autoware_auto_system_msgs/msg/detail/hazard_status_stamped__rosidl_typesupport_fastrtps_c.h
[53.448s] -- Symlinking: /home/cityu/autoware/install/autoware_auto_system_msgs/include/autoware_auto_system_msgs/msg/rosidl_typesupport_fastrtps_c__visibility_control.h
[53.448s] -- Symlinking: /home/cityu/autoware/install/autoware_auto_system_msgs/lib/libautoware_auto_system_msgs__rosidl_typesupport_fastrtps_c.so
[53.448s] -- Symlinking: /home/cityu/autoware/install/autoware_auto_system_msgs/include/autoware_auto_system_msgs/msg/detail/autoware_state__rosidl_typesupport_fastrtps_cpp.hpp
[53.448s] -- Symlinking: /home/cityu/autoware/install/autoware_auto_system_msgs/include/autoware_auto_system_msgs/msg/detail/control_diagnostic__rosidl_typesupport_fastrtps_cpp.hpp
[53.448s] -- Symlinking: /home/cityu/autoware/install/autoware_auto_system_msgs/include/autoware_auto_system_msgs/msg/detail/diagnostic_header__rosidl_typesupport_fastrtps_cpp.hpp
[53.448s] -- Symlinking: /home/cityu/autoware/install/autoware_auto_system_msgs/include/autoware_auto_system_msgs/msg/detail/driving_capability__rosidl_typesupport_fastrtps_cpp.hpp
[53.448s] -- Symlinking: /home/cityu/autoware/install/autoware_auto_system_msgs/include/autoware_auto_system_msgs/msg/detail/emergency_state__rosidl_typesupport_fastrtps_cpp.hpp
[53.449s] -- Symlinking: /home/cityu/autoware/install/autoware_auto_system_msgs/include/autoware_auto_system_msgs/msg/detail/float32_multi_array_diagnostic__rosidl_typesupport_fastrtps_cpp.hpp
[53.449s] -- Symlinking: /home/cityu/autoware/install/autoware_auto_system_msgs/include/autoware_auto_system_msgs/msg/detail/hazard_status__rosidl_typesupport_fastrtps_cpp.hpp
[53.449s] -- Symlinking: /home/cityu/autoware/install/autoware_auto_system_msgs/include/autoware_auto_system_msgs/msg/detail/hazard_status_stamped__rosidl_typesupport_fastrtps_cpp.hpp
[53.449s] -- Symlinking: /home/cityu/autoware/install/autoware_auto_system_msgs/include/autoware_auto_system_msgs/msg/rosidl_typesupport_fastrtps_cpp__visibility_control.h
[53.449s] -- Symlinking: /home/cityu/autoware/install/autoware_auto_system_msgs/lib/libautoware_auto_system_msgs__rosidl_typesupport_fastrtps_cpp.so
[53.449s] -- Symlinking: /home/cityu/autoware/install/autoware_auto_system_msgs/include/autoware_auto_system_msgs/msg/detail/autoware_state__rosidl_typesupport_introspection_c.h
[53.449s] -- Symlinking: /home/cityu/autoware/install/autoware_auto_system_msgs/include/autoware_auto_system_msgs/msg/detail/control_diagnostic__rosidl_typesupport_introspection_c.h
[53.449s] -- Symlinking: /home/cityu/autoware/install/autoware_auto_system_msgs/include/autoware_auto_system_msgs/msg/detail/diagnostic_header__rosidl_typesupport_introspection_c.h
[53.449s] -- Symlinking: /home/cityu/autoware/install/autoware_auto_system_msgs/include/autoware_auto_system_msgs/msg/detail/driving_capability__rosidl_typesupport_introspection_c.h
[53.449s] -- Symlinking: /home/cityu/autoware/install/autoware_auto_system_msgs/include/autoware_auto_system_msgs/msg/detail/emergency_state__rosidl_typesupport_introspection_c.h
[53.450s] -- Symlinking: /home/cityu/autoware/install/autoware_auto_system_msgs/include/autoware_auto_system_msgs/msg/detail/float32_multi_array_diagnostic__rosidl_typesupport_introspection_c.h
[53.450s] -- Symlinking: /home/cityu/autoware/install/autoware_auto_system_msgs/include/autoware_auto_system_msgs/msg/detail/hazard_status__rosidl_typesupport_introspection_c.h
[53.450s] -- Symlinking: /home/cityu/autoware/install/autoware_auto_system_msgs/include/autoware_auto_system_msgs/msg/detail/hazard_status_stamped__rosidl_typesupport_introspection_c.h
[53.450s] -- Symlinking: /home/cityu/autoware/install/autoware_auto_system_msgs/include/autoware_auto_system_msgs/msg/rosidl_typesupport_introspection_c__visibility_control.h
[53.450s] -- Symlinking: /home/cityu/autoware/install/autoware_auto_system_msgs/include/autoware_auto_system_msgs/msg/autoware_state.hpp
[53.450s] -- Symlinking: /home/cityu/autoware/install/autoware_auto_system_msgs/include/autoware_auto_system_msgs/msg/control_diagnostic.hpp
[53.450s] -- Symlinking: /home/cityu/autoware/install/autoware_auto_system_msgs/include/autoware_auto_system_msgs/msg/detail/autoware_state__builder.hpp
[53.450s] -- Symlinking: /home/cityu/autoware/install/autoware_auto_system_msgs/include/autoware_auto_system_msgs/msg/detail/autoware_state__struct.hpp
[53.450s] -- Symlinking: /home/cityu/autoware/install/autoware_auto_system_msgs/include/autoware_auto_system_msgs/msg/detail/autoware_state__traits.hpp
[53.450s] -- Symlinking: /home/cityu/autoware/install/autoware_auto_system_msgs/include/autoware_auto_system_msgs/msg/detail/control_diagnostic__builder.hpp
[53.451s] -- Symlinking: /home/cityu/autoware/install/autoware_auto_system_msgs/include/autoware_auto_system_msgs/msg/detail/control_diagnostic__struct.hpp
[53.451s] -- Symlinking: /home/cityu/autoware/install/autoware_auto_system_msgs/include/autoware_auto_system_msgs/msg/detail/control_diagnostic__traits.hpp
[53.451s] -- Symlinking: /home/cityu/autoware/install/autoware_auto_system_msgs/include/autoware_auto_system_msgs/msg/detail/diagnostic_header__builder.hpp
[53.451s] -- Symlinking: /home/cityu/autoware/install/autoware_auto_system_msgs/include/autoware_auto_system_msgs/msg/detail/diagnostic_header__struct.hpp
[53.451s] -- Symlinking: /home/cityu/autoware/install/autoware_auto_system_msgs/include/autoware_auto_system_msgs/msg/detail/diagnostic_header__traits.hpp
[53.451s] -- Symlinking: /home/cityu/autoware/install/autoware_auto_system_msgs/include/autoware_auto_system_msgs/msg/detail/driving_capability__builder.hpp
[53.451s] -- Symlinking: /home/cityu/autoware/install/autoware_auto_system_msgs/include/autoware_auto_system_msgs/msg/detail/driving_capability__struct.hpp
[53.451s] -- Symlinking: /home/cityu/autoware/install/autoware_auto_system_msgs/include/autoware_auto_system_msgs/msg/detail/driving_capability__traits.hpp
[53.451s] -- Symlinking: /home/cityu/autoware/install/autoware_auto_system_msgs/include/autoware_auto_system_msgs/msg/detail/emergency_state__builder.hpp
[53.451s] -- Symlinking: /home/cityu/autoware/install/autoware_auto_system_msgs/include/autoware_auto_system_msgs/msg/detail/emergency_state__struct.hpp
[53.452s] -- Symlinking: /home/cityu/autoware/install/autoware_auto_system_msgs/include/autoware_auto_system_msgs/msg/detail/emergency_state__traits.hpp
[53.452s] -- Symlinking: /home/cityu/autoware/install/autoware_auto_system_msgs/include/autoware_auto_system_msgs/msg/detail/float32_multi_array_diagnostic__builder.hpp
[53.452s] -- Symlinking: /home/cityu/autoware/install/autoware_auto_system_msgs/include/autoware_auto_system_msgs/msg/detail/float32_multi_array_diagnostic__struct.hpp
[53.452s] -- Symlinking: /home/cityu/autoware/install/autoware_auto_system_msgs/include/autoware_auto_system_msgs/msg/detail/float32_multi_array_diagnostic__traits.hpp
[53.452s] -- Symlinking: /home/cityu/autoware/install/autoware_auto_system_msgs/include/autoware_auto_system_msgs/msg/detail/hazard_status__builder.hpp
[53.452s] -- Symlinking: /home/cityu/autoware/install/autoware_auto_system_msgs/include/autoware_auto_system_msgs/msg/detail/hazard_status__struct.hpp
[53.452s] -- Symlinking: /home/cityu/autoware/install/autoware_auto_system_msgs/include/autoware_auto_system_msgs/msg/detail/hazard_status__traits.hpp
[53.452s] -- Symlinking: /home/cityu/autoware/install/autoware_auto_system_msgs/include/autoware_auto_system_msgs/msg/detail/hazard_status_stamped__builder.hpp
[53.452s] -- Symlinking: /home/cityu/autoware/install/autoware_auto_system_msgs/include/autoware_auto_system_msgs/msg/detail/hazard_status_stamped__struct.hpp
[53.452s] -- Symlinking: /home/cityu/autoware/install/autoware_auto_system_msgs/include/autoware_auto_system_msgs/msg/detail/hazard_status_stamped__traits.hpp
[53.452s] -- Symlinking: /home/cityu/autoware/install/autoware_auto_system_msgs/include/autoware_auto_system_msgs/msg/diagnostic_header.hpp
[53.453s] -- Symlinking: /home/cityu/autoware/install/autoware_auto_system_msgs/include/autoware_auto_system_msgs/msg/driving_capability.hpp
[53.453s] -- Symlinking: /home/cityu/autoware/install/autoware_auto_system_msgs/include/autoware_auto_system_msgs/msg/emergency_state.hpp
[53.453s] -- Symlinking: /home/cityu/autoware/install/autoware_auto_system_msgs/include/autoware_auto_system_msgs/msg/float32_multi_array_diagnostic.hpp
[53.453s] -- Symlinking: /home/cityu/autoware/install/autoware_auto_system_msgs/include/autoware_auto_system_msgs/msg/hazard_status.hpp
[53.453s] -- Symlinking: /home/cityu/autoware/install/autoware_auto_system_msgs/include/autoware_auto_system_msgs/msg/hazard_status_stamped.hpp
[53.453s] -- Symlinking: /home/cityu/autoware/install/autoware_auto_system_msgs/include/autoware_auto_system_msgs/msg/detail/autoware_state__rosidl_typesupport_introspection_cpp.hpp
[53.453s] -- Symlinking: /home/cityu/autoware/install/autoware_auto_system_msgs/include/autoware_auto_system_msgs/msg/detail/control_diagnostic__rosidl_typesupport_introspection_cpp.hpp
[53.453s] -- Symlinking: /home/cityu/autoware/install/autoware_auto_system_msgs/include/autoware_auto_system_msgs/msg/detail/diagnostic_header__rosidl_typesupport_introspection_cpp.hpp
[53.453s] -- Symlinking: /home/cityu/autoware/install/autoware_auto_system_msgs/include/autoware_auto_system_msgs/msg/detail/driving_capability__rosidl_typesupport_introspection_cpp.hpp
[53.453s] -- Symlinking: /home/cityu/autoware/install/autoware_auto_system_msgs/include/autoware_auto_system_msgs/msg/detail/emergency_state__rosidl_typesupport_introspection_cpp.hpp
[53.454s] -- Symlinking: /home/cityu/autoware/install/autoware_auto_system_msgs/include/autoware_auto_system_msgs/msg/detail/float32_multi_array_diagnostic__rosidl_typesupport_introspection_cpp.hpp
[53.454s] -- Symlinking: /home/cityu/autoware/install/autoware_auto_system_msgs/include/autoware_auto_system_msgs/msg/detail/hazard_status__rosidl_typesupport_introspection_cpp.hpp
[53.454s] -- Symlinking: /home/cityu/autoware/install/autoware_auto_system_msgs/include/autoware_auto_system_msgs/msg/detail/hazard_status_stamped__rosidl_typesupport_introspection_cpp.hpp
[53.454s] -- Symlinking: /home/cityu/autoware/install/autoware_auto_system_msgs/share/autoware_auto_system_msgs/environment/pythonpath.sh
[53.454s] -- Symlinking: /home/cityu/autoware/install/autoware_auto_system_msgs/share/autoware_auto_system_msgs/environment/pythonpath.dsv
[53.454s] -- Symlinking: /home/cityu/autoware/install/autoware_auto_system_msgs/lib/python3.8/site-packages/autoware_auto_system_msgs/__init__.py
[53.454s] -- Symlinking: /home/cityu/autoware/install/autoware_auto_system_msgs/lib/python3.8/site-packages/autoware_auto_system_msgs/msg/__init__.py
[53.454s] -- Symlinking: /home/cityu/autoware/install/autoware_auto_system_msgs/lib/python3.8/site-packages/autoware_auto_system_msgs/msg/_autoware_state.py
[53.454s] -- Symlinking: /home/cityu/autoware/install/autoware_auto_system_msgs/lib/python3.8/site-packages/autoware_auto_system_msgs/msg/_control_diagnostic.py
[53.454s] -- Symlinking: /home/cityu/autoware/install/autoware_auto_system_msgs/lib/python3.8/site-packages/autoware_auto_system_msgs/msg/_diagnostic_header.py
[53.455s] -- Symlinking: /home/cityu/autoware/install/autoware_auto_system_msgs/lib/python3.8/site-packages/autoware_auto_system_msgs/msg/_driving_capability.py
[53.455s] -- Symlinking: /home/cityu/autoware/install/autoware_auto_system_msgs/lib/python3.8/site-packages/autoware_auto_system_msgs/msg/_emergency_state.py
[53.455s] -- Symlinking: /home/cityu/autoware/install/autoware_auto_system_msgs/lib/python3.8/site-packages/autoware_auto_system_msgs/msg/_float32_multi_array_diagnostic.py
[53.455s] -- Symlinking: /home/cityu/autoware/install/autoware_auto_system_msgs/lib/python3.8/site-packages/autoware_auto_system_msgs/msg/_hazard_status.py
[53.455s] -- Symlinking: /home/cityu/autoware/install/autoware_auto_system_msgs/lib/python3.8/site-packages/autoware_auto_system_msgs/msg/_hazard_status_stamped.py
[53.461s] -- Symlinking: /home/cityu/autoware/install/autoware_auto_system_msgs/lib/python3.8/site-packages/autoware_auto_system_msgs/autoware_auto_system_msgs_s__rosidl_typesupport_fastrtps_c.cpython-38-x86_64-linux-gnu.so
[53.478s] -- Symlinking: /home/cityu/autoware/install/autoware_auto_system_msgs/lib/python3.8/site-packages/autoware_auto_system_msgs/autoware_auto_system_msgs_s__rosidl_typesupport_introspection_c.cpython-38-x86_64-linux-gnu.so
[53.493s] -- Symlinking: /home/cityu/autoware/install/autoware_auto_system_msgs/lib/python3.8/site-packages/autoware_auto_system_msgs/autoware_auto_system_msgs_s__rosidl_typesupport_c.cpython-38-x86_64-linux-gnu.so
[53.508s] -- Symlinking: /home/cityu/autoware/install/autoware_auto_system_msgs/lib/libautoware_auto_system_msgs__python.so
[53.521s] -- Symlinking: /home/cityu/autoware/install/autoware_auto_system_msgs/share/autoware_auto_system_msgs/msg/AutowareState.idl
[53.534s] -- Symlinking: /home/cityu/autoware/install/autoware_auto_system_msgs/share/autoware_auto_system_msgs/msg/ControlDiagnostic.idl
[53.546s] -- Symlinking: /home/cityu/autoware/install/autoware_auto_system_msgs/share/autoware_auto_system_msgs/msg/DiagnosticHeader.idl
[53.560s] -- Symlinking: /home/cityu/autoware/install/autoware_auto_system_msgs/share/autoware_auto_system_msgs/msg/DrivingCapability.idl
[53.571s] -- Symlinking: /home/cityu/autoware/install/autoware_auto_system_msgs/share/autoware_auto_system_msgs/msg/EmergencyState.idl
[53.582s] -- Symlinking: /home/cityu/autoware/install/autoware_auto_system_msgs/share/autoware_auto_system_msgs/msg/Float32MultiArrayDiagnostic.idl
[53.592s] -- Symlinking: /home/cityu/autoware/install/autoware_auto_system_msgs/share/autoware_auto_system_msgs/msg/HazardStatus.idl
[53.606s] -- Symlinking: /home/cityu/autoware/install/autoware_auto_system_msgs/share/autoware_auto_system_msgs/msg/HazardStatusStamped.idl
[53.620s] -- Symlinking: /home/cityu/autoware/install/autoware_auto_system_msgs/share/ament_index/resource_index/package_run_dependencies/autoware_auto_system_msgs
[53.633s] -- Symlinking: /home/cityu/autoware/install/autoware_auto_system_msgs/share/ament_index/resource_index/parent_prefix_path/autoware_auto_system_msgs
[53.648s] -- Symlinking: /home/cityu/autoware/install/autoware_auto_system_msgs/share/autoware_auto_system_msgs/environment/ament_prefix_path.sh
[53.662s] -- Symlinking: /home/cityu/autoware/install/autoware_auto_system_msgs/share/autoware_auto_system_msgs/environment/ament_prefix_path.dsv
[53.677s] -- Symlinking: /home/cityu/autoware/install/autoware_auto_system_msgs/share/autoware_auto_system_msgs/environment/path.sh
[53.689s] -- Symlinking: /home/cityu/autoware/install/autoware_auto_system_msgs/share/autoware_auto_system_msgs/environment/path.dsv
[53.702s] -- Symlinking: /home/cityu/autoware/install/autoware_auto_system_msgs/share/autoware_auto_system_msgs/local_setup.bash
[53.714s] -- Symlinking: /home/cityu/autoware/install/autoware_auto_system_msgs/share/autoware_auto_system_msgs/local_setup.sh
[53.726s] -- Symlinking: /home/cityu/autoware/install/autoware_auto_system_msgs/share/autoware_auto_system_msgs/local_setup.zsh
[53.738s] -- Symlinking: /home/cityu/autoware/install/autoware_auto_system_msgs/share/autoware_auto_system_msgs/local_setup.dsv
[53.750s] -- Symlinking: /home/cityu/autoware/install/autoware_auto_system_msgs/share/autoware_auto_system_msgs/package.dsv
[53.760s] -- Symlinking: /home/cityu/autoware/install/autoware_auto_system_msgs/share/ament_index/resource_index/packages/autoware_auto_system_msgs
[53.774s] -- Symlinking: /home/cityu/autoware/install/autoware_auto_system_msgs/share/autoware_auto_system_msgs/cmake/rosidl_cmake-extras.cmake
[53.786s] -- Symlinking: /home/cityu/autoware/install/autoware_auto_system_msgs/share/autoware_auto_system_msgs/cmake/ament_cmake_export_dependencies-extras.cmake
[53.798s] -- Symlinking: /home/cityu/autoware/install/autoware_auto_system_msgs/share/autoware_auto_system_msgs/cmake/ament_cmake_export_libraries-extras.cmake
[53.809s] -- Symlinking: /home/cityu/autoware/install/autoware_auto_system_msgs/share/autoware_auto_system_msgs/cmake/ament_cmake_export_targets-extras.cmake
[53.819s] -- Symlinking: /home/cityu/autoware/install/autoware_auto_system_msgs/share/autoware_auto_system_msgs/cmake/ament_cmake_export_include_directories-extras.cmake
[53.829s] -- Symlinking: /home/cityu/autoware/install/autoware_auto_system_msgs/share/autoware_auto_system_msgs/cmake/rosidl_cmake_export_typesupport_libraries-extras.cmake
[53.841s] -- Symlinking: /home/cityu/autoware/install/autoware_auto_system_msgs/share/autoware_auto_system_msgs/cmake/rosidl_cmake_export_typesupport_targets-extras.cmake
[53.853s] -- Symlinking: /home/cityu/autoware/install/autoware_auto_system_msgs/share/autoware_auto_system_msgs/cmake/autoware_auto_system_msgsConfig.cmake
[53.865s] -- Symlinking: /home/cityu/autoware/install/autoware_auto_system_msgs/share/autoware_auto_system_msgs/cmake/autoware_auto_system_msgsConfig-version.cmake
[53.878s] -- Symlinking: /home/cityu/autoware/install/autoware_auto_system_msgs/share/autoware_auto_system_msgs/package.xml
[53.893s] -- Installing: /home/cityu/autoware/install/autoware_auto_system_msgs/lib/libautoware_auto_system_msgs__rosidl_generator_c.so
[53.893s] -- Set runtime path of "/home/cityu/autoware/install/autoware_auto_system_msgs/lib/libautoware_auto_system_msgs__rosidl_generator_c.so" to ""
[53.893s] -- Installing: /home/cityu/autoware/install/autoware_auto_system_msgs/lib/libautoware_auto_system_msgs__rosidl_typesupport_introspection_c.so
[53.894s] -- Set runtime path of "/home/cityu/autoware/install/autoware_auto_system_msgs/lib/libautoware_auto_system_msgs__rosidl_typesupport_introspection_c.so" to ""
[53.894s] -- Installing: /home/cityu/autoware/install/autoware_auto_system_msgs/lib/libautoware_auto_system_msgs__rosidl_typesupport_c.so
[53.894s] -- Set runtime path of "/home/cityu/autoware/install/autoware_auto_system_msgs/lib/libautoware_auto_system_msgs__rosidl_typesupport_c.so" to ""
[53.894s] -- Installing: /home/cityu/autoware/install/autoware_auto_system_msgs/lib/libautoware_auto_system_msgs__rosidl_typesupport_introspection_cpp.so
[53.895s] -- Set runtime path of "/home/cityu/autoware/install/autoware_auto_system_msgs/lib/libautoware_auto_system_msgs__rosidl_typesupport_introspection_cpp.so" to ""
[53.895s] -- Installing: /home/cityu/autoware/install/autoware_auto_system_msgs/lib/libautoware_auto_system_msgs__rosidl_typesupport_cpp.so
[53.896s] -- Set runtime path of "/home/cityu/autoware/install/autoware_auto_system_msgs/lib/libautoware_auto_system_msgs__rosidl_typesupport_cpp.so" to ""
[53.942s] Compiling '/home/cityu/autoware/install/autoware_auto_system_msgs/lib/python3.8/site-packages/autoware_auto_system_msgs/__init__.py'...
[53.952s] -- Installing: /home/cityu/autoware/install/autoware_auto_system_msgs/share/autoware_auto_system_msgs/cmake/autoware_auto_system_msgs__rosidl_generator_cExport.cmake
[53.952s] -- Installing: /home/cityu/autoware/install/autoware_auto_system_msgs/share/autoware_auto_system_msgs/cmake/autoware_auto_system_msgs__rosidl_generator_cExport-release.cmake
[53.952s] -- Installing: /home/cityu/autoware/install/autoware_auto_system_msgs/share/autoware_auto_system_msgs/cmake/autoware_auto_system_msgs__rosidl_typesupport_introspection_cExport.cmake
[53.952s] -- Installing: /home/cityu/autoware/install/autoware_auto_system_msgs/share/autoware_auto_system_msgs/cmake/autoware_auto_system_msgs__rosidl_typesupport_introspection_cExport-release.cmake
[53.953s] -- Installing: /home/cityu/autoware/install/autoware_auto_system_msgs/share/autoware_auto_system_msgs/cmake/autoware_auto_system_msgs__rosidl_typesupport_cExport.cmake
[53.953s] -- Installing: /home/cityu/autoware/install/autoware_auto_system_msgs/share/autoware_auto_system_msgs/cmake/autoware_auto_system_msgs__rosidl_typesupport_cExport-release.cmake
[53.953s] -- Installing: /home/cityu/autoware/install/autoware_auto_system_msgs/share/autoware_auto_system_msgs/cmake/autoware_auto_system_msgs__rosidl_generator_cppExport.cmake
[53.954s] -- Installing: /home/cityu/autoware/install/autoware_auto_system_msgs/share/autoware_auto_system_msgs/cmake/autoware_auto_system_msgs__rosidl_typesupport_introspection_cppExport.cmake
[53.954s] -- Installing: /home/cityu/autoware/install/autoware_auto_system_msgs/share/autoware_auto_system_msgs/cmake/autoware_auto_system_msgs__rosidl_typesupport_introspection_cppExport-release.cmake
[53.954s] -- Installing: /home/cityu/autoware/install/autoware_auto_system_msgs/share/autoware_auto_system_msgs/cmake/autoware_auto_system_msgs__rosidl_typesupport_cppExport.cmake
[53.954s] -- Installing: /home/cityu/autoware/install/autoware_auto_system_msgs/share/autoware_auto_system_msgs/cmake/autoware_auto_system_msgs__rosidl_typesupport_cppExport-release.cmake
[54.006s] Invoked command in '/home/cityu/autoware/build/autoware_auto_system_msgs' returned '0': CMAKE_PREFIX_PATH=/opt/ros/galactic /usr/bin/cmake --install /home/cityu/autoware/build/autoware_auto_system_msgs
