-- The C compiler identification is GNU 9.4.0
-- The CXX compiler identification is GNU 9.4.0
-- Check for working C compiler: /usr/bin/cc
-- Check for working C compiler: /usr/bin/cc -- works
-- Detecting C compiler ABI info
-- Detecting C compiler ABI info - done
-- Detecting C compile features
-- Detecting C compile features - done
-- Check for working CXX compiler: /usr/bin/c++
-- Check for working CXX compiler: /usr/bin/c++ -- works
-- Detecting CXX compiler ABI info
-- Detecting CXX compiler ABI info - done
-- Detecting CXX compile features
-- Detecting CXX compile features - done
-- Found autoware_cmake: 0.1.0 (/home/cityu/autoware/install/autoware_cmake/share/autoware_cmake/cmake)
-- Found ament_cmake_auto: 1.1.6 (/opt/ros/galactic/share/ament_cmake_auto/cmake)
-- Found PythonInterp: /usr/bin/python3 (found suitable version "3.8.10", minimum required is "3") 
-- Using PYTHON_EXECUTABLE: /usr/bin/python3
-- Override CMake install command with custom implementation using symlinks instead of copying resources
-- Using all available rosidl_typesupport_c: rosidl_typesupport_fastrtps_c;rosidl_typesupport_introspection_c
-- Found rosidl_adapter: 2.2.3 (/opt/ros/galactic/share/rosidl_adapter/cmake)
-- Found OpenSSL: /usr/lib/x86_64-linux-gnu/libcrypto.so (found version "1.1.1f")  
-- Found FastRTPS: /opt/ros/galactic/include  
-- Using all available rosidl_typesupport_cpp: rosidl_typesupport_fastrtps_cpp;rosidl_typesupport_introspection_cpp
-- Found rmw_implementation_cmake: 3.3.1 (/opt/ros/galactic/share/rmw_implementation_cmake/cmake)
-- Found rmw_cyclonedds_cpp: 0.22.6 (/opt/ros/galactic/share/rmw_cyclonedds_cpp/cmake)
-- Using RMW implementation 'rmw_cyclonedds_cpp' as default
-- Looking for pthread.h
-- Looking for pthread.h - found
-- Performing Test CMAKE_HAVE_LIBC_PTHREAD
-- Performing Test CMAKE_HAVE_LIBC_PTHREAD - Failed
-- Looking for pthread_create in pthreads
-- Looking for pthread_create in pthreads - not found
-- Looking for pthread_create in pthread
-- Looking for pthread_create in pthread - found
-- Found Threads: TRUE  
-- Found eigen3_cmake_module: 0.1.1 (/opt/ros/galactic/share/eigen3_cmake_module/cmake)
-- Found Eigen3: TRUE (found version "3.3.7") 
-- Checking for module 'eigen3'
--   Found eigen3, version 3.3.7
-- Found Eigen: /usr/include/eigen3 (Required is at least version "3.1") 
-- Eigen found (include: /usr/include/eigen3, version: 3.3.7)
-- Checking for module 'flann'
--   Found flann, version 1.9.1
-- Found FLANN: /usr/lib/x86_64-linux-gnu/libflann_cpp.so  
-- The imported target "vtkParseOGLExt" references the file
   "/usr/bin/vtkParseOGLExt-7.1"
but this file does not exist.  Possible reasons include:
* The file was deleted, renamed, or moved to another location.
* An install or uninstall procedure did not complete successfully.
* The installation package was faulty and contained
   "/usr/lib/cmake/vtk-7.1/VTKTargets.cmake"
but not all the files it references.

-- The imported target "vtkRenderingPythonTkWidgets" references the file
   "/usr/lib/x86_64-linux-gnu/libvtkRenderingPythonTkWidgets.so"
but this file does not exist.  Possible reasons include:
* The file was deleted, renamed, or moved to another location.
* An install or uninstall procedure did not complete successfully.
* The installation package was faulty and contained
   "/usr/lib/cmake/vtk-7.1/VTKTargets.cmake"
but not all the files it references.

-- The imported target "vtk" references the file
   "/usr/bin/vtk"
but this file does not exist.  Possible reasons include:
* The file was deleted, renamed, or moved to another location.
* An install or uninstall procedure did not complete successfully.
* The installation package was faulty and contained
   "/usr/lib/cmake/vtk-7.1/VTKTargets.cmake"
but not all the files it references.

-- The imported target "pvtk" references the file
   "/usr/bin/pvtk"
but this file does not exist.  Possible reasons include:
* The file was deleted, renamed, or moved to another location.
* An install or uninstall procedure did not complete successfully.
* The installation package was faulty and contained
   "/usr/lib/cmake/vtk-7.1/VTKTargets.cmake"
but not all the files it references.

-- Checking for module 'libusb-1.0'
--   No package 'libusb-1.0' found
-- Could NOT find USB_10 (missing: USB_10_LIBRARY USB_10_INCLUDE_DIR) 
-- OpenNI disabled because libusb-1.0 not found.
-- Checking for module 'libusb-1.0'
--   No package 'libusb-1.0' found
-- Could NOT find USB_10 (missing: USB_10_LIBRARY USB_10_INCLUDE_DIR) 
-- OpenNI 2 disabled because libusb-1.0 not found.
-- LIBUSB_1_LIBRARY (missing: LIBUSB_1_INCLUDE_DIR) 
-- Checking for module 'libusb-1.0'
--   No package 'libusb-1.0' found
-- Could NOT find USB_10 (missing: USB_10_LIBRARY USB_10_INCLUDE_DIR) 
-- OpenNI disabled because libusb-1.0 not found.
-- Checking for module 'libusb-1.0'
--   No package 'libusb-1.0' found
-- Could NOT find USB_10 (missing: USB_10_LIBRARY USB_10_INCLUDE_DIR) 
-- OpenNI 2 disabled because libusb-1.0 not found.
-- Found Qhull: optimized;/usr/lib/x86_64-linux-gnu/libqhull.so;debug;/usr/lib/x86_64-linux-gnu/libqhull.so  
-- QHULL found (include: /usr/include, lib: optimized;/usr/lib/x86_64-linux-gnu/libqhull.so;debug;/usr/lib/x86_64-linux-gnu/libqhull.so)
-- Checking for module 'libusb-1.0'
--   No package 'libusb-1.0' found
-- Could NOT find USB_10 (missing: USB_10_LIBRARY USB_10_INCLUDE_DIR) 
-- OpenNI disabled because libusb-1.0 not found.
-- Found PCL_COMMON: /usr/lib/x86_64-linux-gnu/libpcl_common.so  
-- Found PCL_KDTREE: /usr/lib/x86_64-linux-gnu/libpcl_kdtree.so  
-- Found PCL_OCTREE: /usr/lib/x86_64-linux-gnu/libpcl_octree.so  
-- Found PCL_SEARCH: /usr/lib/x86_64-linux-gnu/libpcl_search.so  
-- Found PCL_SAMPLE_CONSENSUS: /usr/lib/x86_64-linux-gnu/libpcl_sample_consensus.so  
-- Found PCL_FILTERS: /usr/lib/x86_64-linux-gnu/libpcl_filters.so  
-- Found PCL_2D: /usr/include/pcl-1.10  
-- Found PCL_GEOMETRY: /usr/include/pcl-1.10  
-- Found PCL_IO: /usr/lib/x86_64-linux-gnu/libpcl_io.so  
-- Found PCL_FEATURES: /usr/lib/x86_64-linux-gnu/libpcl_features.so  
-- Found PCL_ML: /usr/lib/x86_64-linux-gnu/libpcl_ml.so  
-- Found PCL_SEGMENTATION: /usr/lib/x86_64-linux-gnu/libpcl_segmentation.so  
-- Found PCL_VISUALIZATION: /usr/lib/x86_64-linux-gnu/libpcl_visualization.so  
-- Found PCL_SURFACE: /usr/lib/x86_64-linux-gnu/libpcl_surface.so  
-- Found PCL_REGISTRATION: /usr/lib/x86_64-linux-gnu/libpcl_registration.so  
-- Found PCL_KEYPOINTS: /usr/lib/x86_64-linux-gnu/libpcl_keypoints.so  
-- Found PCL_TRACKING: /usr/lib/x86_64-linux-gnu/libpcl_tracking.so  
-- Found PCL_RECOGNITION: /usr/lib/x86_64-linux-gnu/libpcl_recognition.so  
-- Found PCL_STEREO: /usr/lib/x86_64-linux-gnu/libpcl_stereo.so  
-- Found PCL_APPS: /usr/lib/x86_64-linux-gnu/libpcl_apps.so  
-- Found PCL_IN_HAND_SCANNER: /usr/include/pcl-1.10  
-- Found PCL_POINT_CLOUD_EDITOR: /usr/include/pcl-1.10  
-- Found PCL_OUTOFCORE: /usr/lib/x86_64-linux-gnu/libpcl_outofcore.so  
-- Found PCL_PEOPLE: /usr/lib/x86_64-linux-gnu/libpcl_people.so  
-- Found ament_lint_auto: 0.10.7 (/opt/ros/galactic/share/ament_lint_auto/cmake)
-- Found CUDA: /usr/local/cuda (found version "11.6") 
-- start to download
-- Checking and downloading pts_voxel_encoder_centerpoint.onnx 
-- start pts_voxel_encoder_centerpoint.onnx
-- not found pts_voxel_encoder_centerpoint.onnx
-- File doesn't exists. Downloading now ...
-- Download completed successfully!
-- Checking and downloading pts_backbone_neck_head_centerpoint.onnx 
-- start pts_backbone_neck_head_centerpoint.onnx
-- not found pts_backbone_neck_head_centerpoint.onnx
-- File doesn't exists. Downloading now ...
-- Download completed successfully!
-- Checking and downloading pts_voxel_encoder_centerpoint_tiny.onnx 
-- start pts_voxel_encoder_centerpoint_tiny.onnx
-- not found pts_voxel_encoder_centerpoint_tiny.onnx
-- File doesn't exists. Downloading now ...
-- Download completed successfully!
-- Checking and downloading pts_backbone_neck_head_centerpoint_tiny.onnx 
-- start pts_backbone_neck_head_centerpoint_tiny.onnx
-- not found pts_backbone_neck_head_centerpoint_tiny.onnx
-- File doesn't exists. Downloading now ...
-- Download completed successfully!
-- Added test 'copyright' to check source files copyright and LICENSE
-- Added test 'cppcheck' to perform static code analysis on C / C++ code
-- Configured cppcheck include dirs: /home/cityu/autoware/src/universe/autoware.universe/perception/lidar_centerpoint/include;$<BUILD_INTERFACE:/home/cityu/autoware/src/universe/autoware.universe/perception/lidar_centerpoint/include>
-- Configured cppcheck exclude dirs and/or files: 
-- Added test 'lint_cmake' to check CMake code style
-- Added test 'xmllint' to check XML markup files
-- Configuring done
-- Generating done
-- Build files have been written to: /home/cityu/autoware/build/lidar_centerpoint
[  4%] [34m[1mBuilding NVCC (Device) object CMakeFiles/centerpoint_cuda_lib.dir/lib/preprocess/centerpoint_cuda_lib_generated_preprocess_kernel.cu.o[0m
[  8%] [34m[1mBuilding NVCC (Device) object CMakeFiles/centerpoint_cuda_lib.dir/lib/network/centerpoint_cuda_lib_generated_scatter_kernel.cu.o[0m
[ 13%] [34m[1mBuilding NVCC (Device) object CMakeFiles/centerpoint_cuda_lib.dir/lib/postprocess/centerpoint_cuda_lib_generated_postprocess_kernel.cu.o[0m
[ 17%] [34m[1mBuilding NVCC (Device) object CMakeFiles/centerpoint_cuda_lib.dir/lib/postprocess/centerpoint_cuda_lib_generated_circle_nms_kernel.cu.o[0m
[35m[1mScanning dependencies of target centerpoint_cuda_lib[0m
[ 21%] [32m[1mLinking CXX shared library libcenterpoint_cuda_lib.so[0m
[ 21%] Built target centerpoint_cuda_lib
[35m[1mScanning dependencies of target single_inference_lidar_centerpoint_node[0m
[35m[1mScanning dependencies of target lidar_centerpoint_node[0m
[ 26%] [32mBuilding CXX object CMakeFiles/single_inference_lidar_centerpoint_node.dir/rclcpp_components/node_main_single_inference_lidar_centerpoint_node.cpp.o[0m
[ 30%] [32mBuilding CXX object CMakeFiles/lidar_centerpoint_node.dir/rclcpp_components/node_main_lidar_centerpoint_node.cpp.o[0m
[ 34%] [32m[1mLinking CXX executable lidar_centerpoint_node[0m
[ 39%] [32m[1mLinking CXX executable single_inference_lidar_centerpoint_node[0m
[ 39%] Built target lidar_centerpoint_node
[ 39%] Built target single_inference_lidar_centerpoint_node
[35m[1mScanning dependencies of target centerpoint_lib[0m
[ 43%] [32mBuilding CXX object CMakeFiles/centerpoint_lib.dir/lib/detection_class_remapper.cpp.o[0m
[ 47%] [32mBuilding CXX object CMakeFiles/centerpoint_lib.dir/lib/centerpoint_trt.cpp.o[0m
[ 52%] [32mBuilding CXX object CMakeFiles/centerpoint_lib.dir/lib/preprocess/voxel_generator.cpp.o[0m
[ 56%] [32mBuilding CXX object CMakeFiles/centerpoint_lib.dir/lib/preprocess/pointcloud_densification.cpp.o[0m
[ 60%] [32mBuilding CXX object CMakeFiles/centerpoint_lib.dir/lib/postprocess/non_maximum_suppression.cpp.o[0m
[ 65%] [32mBuilding CXX object CMakeFiles/centerpoint_lib.dir/lib/network/tensorrt_wrapper.cpp.o[0m
[ 69%] [32mBuilding CXX object CMakeFiles/centerpoint_lib.dir/lib/network/network_trt.cpp.o[0m
[ 73%] [32mBuilding CXX object CMakeFiles/centerpoint_lib.dir/lib/ros_utils.cpp.o[0m
[ 78%] [32mBuilding CXX object CMakeFiles/centerpoint_lib.dir/lib/utils.cpp.o[0m
[ 82%] [32m[1mLinking CXX shared library libcenterpoint_lib.so[0m
[ 82%] Built target centerpoint_lib
[35m[1mScanning dependencies of target lidar_centerpoint_component[0m
[ 86%] [32mBuilding CXX object CMakeFiles/lidar_centerpoint_component.dir/src/node.cpp.o[0m
[ 91%] [32m[1mLinking CXX shared library liblidar_centerpoint_component.so[0m
[ 91%] Built target lidar_centerpoint_component
[35m[1mScanning dependencies of target single_inference_lidar_centerpoint_component[0m
[ 95%] [32mBuilding CXX object CMakeFiles/single_inference_lidar_centerpoint_component.dir/src/single_inference_node.cpp.o[0m
[100%] [32m[1mLinking CXX shared library libsingle_inference_lidar_centerpoint_component.so[0m
[100%] Built target single_inference_lidar_centerpoint_component
-- Install configuration: "Release"
-- Execute custom install script
-- Symlinking: /home/cityu/autoware/install/lidar_centerpoint/lib/lidar_centerpoint/lidar_centerpoint_node
-- Symlinking: /home/cityu/autoware/install/lidar_centerpoint/lib/lidar_centerpoint/single_inference_lidar_centerpoint_node
-- Symlinking: /home/cityu/autoware/install/lidar_centerpoint/lib/lidar_centerpoint/lidar_centerpoint_visualizer.py
-- Symlinking: /home/cityu/autoware/install/lidar_centerpoint/include/lidar_centerpoint/centerpoint_config.hpp
-- Symlinking: /home/cityu/autoware/install/lidar_centerpoint/include/lidar_centerpoint/centerpoint_trt.hpp
-- Symlinking: /home/cityu/autoware/install/lidar_centerpoint/include/lidar_centerpoint/cuda_utils.hpp
-- Symlinking: /home/cityu/autoware/install/lidar_centerpoint/include/lidar_centerpoint/detection_class_remapper.hpp
-- Symlinking: /home/cityu/autoware/install/lidar_centerpoint/include/lidar_centerpoint/network/network_trt.hpp
-- Symlinking: /home/cityu/autoware/install/lidar_centerpoint/include/lidar_centerpoint/network/scatter_kernel.hpp
-- Symlinking: /home/cityu/autoware/install/lidar_centerpoint/include/lidar_centerpoint/network/tensorrt_wrapper.hpp
-- Symlinking: /home/cityu/autoware/install/lidar_centerpoint/include/lidar_centerpoint/node.hpp
-- Symlinking: /home/cityu/autoware/install/lidar_centerpoint/include/lidar_centerpoint/postprocess/circle_nms_kernel.hpp
-- Symlinking: /home/cityu/autoware/install/lidar_centerpoint/include/lidar_centerpoint/postprocess/non_maximum_suppression.hpp
-- Symlinking: /home/cityu/autoware/install/lidar_centerpoint/include/lidar_centerpoint/postprocess/postprocess_kernel.hpp
-- Symlinking: /home/cityu/autoware/install/lidar_centerpoint/include/lidar_centerpoint/preprocess/pointcloud_densification.hpp
-- Symlinking: /home/cityu/autoware/install/lidar_centerpoint/include/lidar_centerpoint/preprocess/preprocess_kernel.hpp
-- Symlinking: /home/cityu/autoware/install/lidar_centerpoint/include/lidar_centerpoint/preprocess/voxel_generator.hpp
-- Symlinking: /home/cityu/autoware/install/lidar_centerpoint/include/lidar_centerpoint/ros_utils.hpp
-- Symlinking: /home/cityu/autoware/install/lidar_centerpoint/include/lidar_centerpoint/single_inference_node.hpp
-- Symlinking: /home/cityu/autoware/install/lidar_centerpoint/include/lidar_centerpoint/utils.hpp
-- Symlinking: /home/cityu/autoware/install/lidar_centerpoint/share/lidar_centerpoint/environment/library_path.sh
-- Symlinking: /home/cityu/autoware/install/lidar_centerpoint/share/lidar_centerpoint/environment/library_path.dsv
-- Symlinking: /home/cityu/autoware/install/lidar_centerpoint/lib/libcenterpoint_lib.so
-- Symlinking: /home/cityu/autoware/install/lidar_centerpoint/lib/liblidar_centerpoint_component.so
-- Symlinking: /home/cityu/autoware/install/lidar_centerpoint/lib/libsingle_inference_lidar_centerpoint_component.so
-- Symlinking: /home/cityu/autoware/install/lidar_centerpoint/share/lidar_centerpoint/launch/lidar_centerpoint.launch.xml
-- Symlinking: /home/cityu/autoware/install/lidar_centerpoint/share/lidar_centerpoint/launch/single_inference_lidar_centerpoint.launch.xml
-- Symlinking: /home/cityu/autoware/install/lidar_centerpoint/share/lidar_centerpoint/data/pts_backbone_neck_head_centerpoint.onnx
-- Symlinking: /home/cityu/autoware/install/lidar_centerpoint/share/lidar_centerpoint/data/pts_backbone_neck_head_centerpoint_tiny.onnx
-- Symlinking: /home/cityu/autoware/install/lidar_centerpoint/share/lidar_centerpoint/data/pts_voxel_encoder_centerpoint.onnx
-- Symlinking: /home/cityu/autoware/install/lidar_centerpoint/share/lidar_centerpoint/data/pts_voxel_encoder_centerpoint_tiny.onnx
-- Symlinking: /home/cityu/autoware/install/lidar_centerpoint/share/lidar_centerpoint/config/centerpoint.param.yaml
-- Symlinking: /home/cityu/autoware/install/lidar_centerpoint/share/lidar_centerpoint/config/centerpoint_tiny.param.yaml
-- Symlinking: /home/cityu/autoware/install/lidar_centerpoint/share/lidar_centerpoint/config/detection_class_remapper.param.yaml
-- Symlinking: /home/cityu/autoware/install/lidar_centerpoint/share/ament_index/resource_index/package_run_dependencies/lidar_centerpoint
-- Symlinking: /home/cityu/autoware/install/lidar_centerpoint/share/ament_index/resource_index/parent_prefix_path/lidar_centerpoint
-- Symlinking: /home/cityu/autoware/install/lidar_centerpoint/share/lidar_centerpoint/environment/ament_prefix_path.sh
-- Symlinking: /home/cityu/autoware/install/lidar_centerpoint/share/lidar_centerpoint/environment/ament_prefix_path.dsv
-- Symlinking: /home/cityu/autoware/install/lidar_centerpoint/share/lidar_centerpoint/environment/path.sh
-- Symlinking: /home/cityu/autoware/install/lidar_centerpoint/share/lidar_centerpoint/environment/path.dsv
-- Symlinking: /home/cityu/autoware/install/lidar_centerpoint/share/lidar_centerpoint/local_setup.bash
-- Symlinking: /home/cityu/autoware/install/lidar_centerpoint/share/lidar_centerpoint/local_setup.sh
-- Symlinking: /home/cityu/autoware/install/lidar_centerpoint/share/lidar_centerpoint/local_setup.zsh
-- Symlinking: /home/cityu/autoware/install/lidar_centerpoint/share/lidar_centerpoint/local_setup.dsv
-- Symlinking: /home/cityu/autoware/install/lidar_centerpoint/share/lidar_centerpoint/package.dsv
-- Symlinking: /home/cityu/autoware/install/lidar_centerpoint/share/ament_index/resource_index/packages/lidar_centerpoint
-- Symlinking: /home/cityu/autoware/install/lidar_centerpoint/share/ament_index/resource_index/rclcpp_components/lidar_centerpoint
-- Symlinking: /home/cityu/autoware/install/lidar_centerpoint/share/lidar_centerpoint/cmake/ament_cmake_export_dependencies-extras.cmake
-- Symlinking: /home/cityu/autoware/install/lidar_centerpoint/share/lidar_centerpoint/cmake/ament_cmake_export_include_directories-extras.cmake
-- Symlinking: /home/cityu/autoware/install/lidar_centerpoint/share/lidar_centerpoint/cmake/ament_cmake_export_libraries-extras.cmake
-- Symlinking: /home/cityu/autoware/install/lidar_centerpoint/share/lidar_centerpoint/cmake/lidar_centerpointConfig.cmake
-- Symlinking: /home/cityu/autoware/install/lidar_centerpoint/share/lidar_centerpoint/cmake/lidar_centerpointConfig-version.cmake
-- Symlinking: /home/cityu/autoware/install/lidar_centerpoint/share/lidar_centerpoint/package.xml
-- Symlinking: /home/cityu/autoware/install/lidar_centerpoint/lib/libcenterpoint_cuda_lib.so
