-- Found ament_cmake_core: 1.1.6 (/opt/ros/galactic/share/ament_cmake_core/cmake)
-- Found PythonInterp: /usr/bin/python3 (found suitable version "3.8.10", minimum required is "3") 
-- Using PYTHON_EXECUTABLE: /usr/bin/python3
-- Override CMake install command with custom implementation using symlinks instead of copying resources
-- Configuring done
-- Generating done
-- Build files have been written to: /home/cityu/autoware/build/grid_map_cmake_helpers
-- Install configuration: "Release"
-- Execute custom install script
-- Symlinking: /home/cityu/autoware/install/grid_map_cmake_helpers/share/ament_index/resource_index/package_run_dependencies/grid_map_cmake_helpers
-- Symlinking: /home/cityu/autoware/install/grid_map_cmake_helpers/share/ament_index/resource_index/parent_prefix_path/grid_map_cmake_helpers
-- Symlinking: /home/cityu/autoware/install/grid_map_cmake_helpers/share/grid_map_cmake_helpers/environment/ament_prefix_path.sh
-- Symlinking: /home/cityu/autoware/install/grid_map_cmake_helpers/share/grid_map_cmake_helpers/environment/ament_prefix_path.dsv
-- Symlinking: /home/cityu/autoware/install/grid_map_cmake_helpers/share/grid_map_cmake_helpers/environment/path.sh
-- Symlinking: /home/cityu/autoware/install/grid_map_cmake_helpers/share/grid_map_cmake_helpers/environment/path.dsv
-- Symlinking: /home/cityu/autoware/install/grid_map_cmake_helpers/share/grid_map_cmake_helpers/local_setup.bash
-- Symlinking: /home/cityu/autoware/install/grid_map_cmake_helpers/share/grid_map_cmake_helpers/local_setup.sh
-- Symlinking: /home/cityu/autoware/install/grid_map_cmake_helpers/share/grid_map_cmake_helpers/local_setup.zsh
-- Symlinking: /home/cityu/autoware/install/grid_map_cmake_helpers/share/grid_map_cmake_helpers/local_setup.dsv
-- Symlinking: /home/cityu/autoware/install/grid_map_cmake_helpers/share/grid_map_cmake_helpers/package.dsv
-- Symlinking: /home/cityu/autoware/install/grid_map_cmake_helpers/share/ament_index/resource_index/packages/grid_map_cmake_helpers
-- Symlinking: /home/cityu/autoware/install/grid_map_cmake_helpers/share/grid_map_cmake_helpers/cmake/grid_map_cmake_helpers-extras.cmake
-- Symlinking: /home/cityu/autoware/install/grid_map_cmake_helpers/share/grid_map_cmake_helpers/cmake/grid_map_cmake_helpersConfig.cmake
-- Symlinking: /home/cityu/autoware/install/grid_map_cmake_helpers/share/grid_map_cmake_helpers/cmake/grid_map_cmake_helpersConfig-version.cmake
-- Symlinking: /home/cityu/autoware/install/grid_map_cmake_helpers/share/grid_map_cmake_helpers/package.xml
-- Symlinking: /home/cityu/autoware/install/grid_map_cmake_helpers/share/grid_map_cmake_helpers/cmake/grid_map_package.cmake
