[0.363s] Invoking command in '/home/cityu/autoware/build/autoware_planning_msgs': AMENT_PREFIX_PATH=/home/cityu/autoware/install/autoware_common_msgs:${AMENT_PREFIX_PATH} CMAKE_PREFIX_PATH=/home/cityu/autoware/install/autoware_common_msgs:/opt/ros/galactic LD_LIBRARY_PATH=/home/cityu/autoware/install/autoware_common_msgs/lib:${LD_LIBRARY_PATH} PYTHONPATH=/home/cityu/autoware/install/autoware_common_msgs/lib/python3.8/site-packages:${PYTHONPATH} /usr/bin/cmake --build /home/cityu/autoware/build/autoware_planning_msgs -- -j16 -l16
[0.489s] [  1%] Built target autoware_planning_msgs__cpp
[0.490s] [ 12%] Built target autoware_planning_msgs__rosidl_generator_c
[0.490s] [ 42%] Built target autoware_planning_msgs__rosidl_typesupport_c
[0.490s] [ 44%] Built target autoware_planning_msgs__rosidl_typesupport_introspection_cpp
[0.490s] [ 46%] Built target autoware_planning_msgs__rosidl_typesupport_cpp
[0.490s] [ 57%] Built target autoware_planning_msgs__rosidl_typesupport_introspection_c
[0.490s] [ 68%] Built target autoware_planning_msgs__rosidl_typesupport_fastrtps_cpp
[0.490s] [ 79%] Built target autoware_planning_msgs__rosidl_typesupport_fastrtps_c
[0.490s] [ 79%] Built target autoware_planning_msgs
[0.503s] [ 80%] Built target autoware_planning_msgs__py
[0.593s] [ 90%] Built target autoware_planning_msgs__python
[0.611s] [ 93%] Built target autoware_planning_msgs__rosidl_typesupport_fastrtps_c__pyext
[0.611s] [ 96%] Built target autoware_planning_msgs__rosidl_typesupport_c__pyext
[0.612s] [100%] Built target autoware_planning_msgs__rosidl_typesupport_introspection_c__pyext
[0.863s] Invoked command in '/home/cityu/autoware/build/autoware_planning_msgs' returned '0': AMENT_PREFIX_PATH=/home/cityu/autoware/install/autoware_common_msgs:${AMENT_PREFIX_PATH} CMAKE_PREFIX_PATH=/home/cityu/autoware/install/autoware_common_msgs:/opt/ros/galactic LD_LIBRARY_PATH=/home/cityu/autoware/install/autoware_common_msgs/lib:${LD_LIBRARY_PATH} PYTHONPATH=/home/cityu/autoware/install/autoware_common_msgs/lib/python3.8/site-packages:${PYTHONPATH} /usr/bin/cmake --build /home/cityu/autoware/build/autoware_planning_msgs -- -j16 -l16
[1.076s] Invoking command in '/home/cityu/autoware/build/autoware_planning_msgs': AMENT_PREFIX_PATH=/home/cityu/autoware/install/autoware_common_msgs:${AMENT_PREFIX_PATH} CMAKE_PREFIX_PATH=/home/cityu/autoware/install/autoware_common_msgs:/opt/ros/galactic LD_LIBRARY_PATH=/home/cityu/autoware/install/autoware_common_msgs/lib:${LD_LIBRARY_PATH} PYTHONPATH=/home/cityu/autoware/install/autoware_common_msgs/lib/python3.8/site-packages:${PYTHONPATH} /usr/bin/cmake --install /home/cityu/autoware/build/autoware_planning_msgs
[1.101s] -- Install configuration: "Release"
[1.101s] -- Execute custom install script
[1.101s] -- Up-to-date symlink: /home/cityu/autoware/install/autoware_planning_msgs/share/ament_index/resource_index/rosidl_interfaces/autoware_planning_msgs
[1.101s] -- Up-to-date symlink: /home/cityu/autoware/install/autoware_planning_msgs/include/autoware_planning_msgs/msg/detail/lanelet_primitive__functions.h
[1.101s] -- Up-to-date symlink: /home/cityu/autoware/install/autoware_planning_msgs/include/autoware_planning_msgs/msg/detail/lanelet_primitive__struct.h
[1.101s] -- Up-to-date symlink: /home/cityu/autoware/install/autoware_planning_msgs/include/autoware_planning_msgs/msg/detail/lanelet_primitive__type_support.h
[1.101s] -- Up-to-date symlink: /home/cityu/autoware/install/autoware_planning_msgs/include/autoware_planning_msgs/msg/detail/lanelet_route__functions.h
[1.102s] -- Up-to-date symlink: /home/cityu/autoware/install/autoware_planning_msgs/include/autoware_planning_msgs/msg/detail/lanelet_route__struct.h
[1.102s] -- Up-to-date symlink: /home/cityu/autoware/install/autoware_planning_msgs/include/autoware_planning_msgs/msg/detail/lanelet_route__type_support.h
[1.102s] -- Up-to-date symlink: /home/cityu/autoware/install/autoware_planning_msgs/include/autoware_planning_msgs/msg/detail/lanelet_segment__functions.h
[1.102s] -- Up-to-date symlink: /home/cityu/autoware/install/autoware_planning_msgs/include/autoware_planning_msgs/msg/detail/lanelet_segment__struct.h
[1.103s] -- Up-to-date symlink: /home/cityu/autoware/install/autoware_planning_msgs/include/autoware_planning_msgs/msg/detail/lanelet_segment__type_support.h
[1.103s] -- Up-to-date symlink: /home/cityu/autoware/install/autoware_planning_msgs/include/autoware_planning_msgs/msg/detail/pose_with_uuid__functions.h
[1.103s] -- Up-to-date symlink: /home/cityu/autoware/install/autoware_planning_msgs/include/autoware_planning_msgs/msg/detail/pose_with_uuid__struct.h
[1.103s] -- Up-to-date symlink: /home/cityu/autoware/install/autoware_planning_msgs/include/autoware_planning_msgs/msg/detail/pose_with_uuid__type_support.h
[1.104s] -- Up-to-date symlink: /home/cityu/autoware/install/autoware_planning_msgs/include/autoware_planning_msgs/msg/lanelet_primitive.h
[1.104s] -- Up-to-date symlink: /home/cityu/autoware/install/autoware_planning_msgs/include/autoware_planning_msgs/msg/lanelet_route.h
[1.104s] -- Up-to-date symlink: /home/cityu/autoware/install/autoware_planning_msgs/include/autoware_planning_msgs/msg/lanelet_segment.h
[1.104s] -- Up-to-date symlink: /home/cityu/autoware/install/autoware_planning_msgs/include/autoware_planning_msgs/msg/pose_with_uuid.h
[1.104s] -- Up-to-date symlink: /home/cityu/autoware/install/autoware_planning_msgs/include/autoware_planning_msgs/msg/rosidl_generator_c__visibility_control.h
[1.104s] -- Up-to-date symlink: /home/cityu/autoware/install/autoware_planning_msgs/include/autoware_planning_msgs/srv/detail/set_route__functions.h
[1.104s] -- Up-to-date symlink: /home/cityu/autoware/install/autoware_planning_msgs/include/autoware_planning_msgs/srv/detail/set_route__struct.h
[1.105s] -- Up-to-date symlink: /home/cityu/autoware/install/autoware_planning_msgs/include/autoware_planning_msgs/srv/detail/set_route__type_support.h
[1.105s] -- Up-to-date symlink: /home/cityu/autoware/install/autoware_planning_msgs/include/autoware_planning_msgs/srv/set_route.h
[1.105s] -- Up-to-date symlink: /home/cityu/autoware/install/autoware_planning_msgs/share/autoware_planning_msgs/environment/library_path.sh
[1.105s] -- Up-to-date symlink: /home/cityu/autoware/install/autoware_planning_msgs/share/autoware_planning_msgs/environment/library_path.dsv
[1.105s] -- Up-to-date symlink: /home/cityu/autoware/install/autoware_planning_msgs/include/autoware_planning_msgs/msg/detail/lanelet_primitive__rosidl_typesupport_fastrtps_c.h
[1.105s] -- Up-to-date symlink: /home/cityu/autoware/install/autoware_planning_msgs/include/autoware_planning_msgs/msg/detail/lanelet_route__rosidl_typesupport_fastrtps_c.h
[1.105s] -- Up-to-date symlink: /home/cityu/autoware/install/autoware_planning_msgs/include/autoware_planning_msgs/msg/detail/lanelet_segment__rosidl_typesupport_fastrtps_c.h
[1.105s] -- Up-to-date symlink: /home/cityu/autoware/install/autoware_planning_msgs/include/autoware_planning_msgs/msg/detail/pose_with_uuid__rosidl_typesupport_fastrtps_c.h
[1.105s] -- Up-to-date symlink: /home/cityu/autoware/install/autoware_planning_msgs/include/autoware_planning_msgs/msg/rosidl_typesupport_fastrtps_c__visibility_control.h
[1.106s] -- Up-to-date symlink: /home/cityu/autoware/install/autoware_planning_msgs/include/autoware_planning_msgs/srv/detail/set_route__rosidl_typesupport_fastrtps_c.h
[1.109s] -- Up-to-date symlink: /home/cityu/autoware/install/autoware_planning_msgs/lib/libautoware_planning_msgs__rosidl_typesupport_fastrtps_c.so
[1.110s] -- Up-to-date symlink: /home/cityu/autoware/install/autoware_planning_msgs/include/autoware_planning_msgs/msg/detail/lanelet_primitive__rosidl_typesupport_fastrtps_cpp.hpp
[1.110s] -- Up-to-date symlink: /home/cityu/autoware/install/autoware_planning_msgs/include/autoware_planning_msgs/msg/detail/lanelet_route__rosidl_typesupport_fastrtps_cpp.hpp
[1.110s] -- Up-to-date symlink: /home/cityu/autoware/install/autoware_planning_msgs/include/autoware_planning_msgs/msg/detail/lanelet_segment__rosidl_typesupport_fastrtps_cpp.hpp
[1.110s] -- Up-to-date symlink: /home/cityu/autoware/install/autoware_planning_msgs/include/autoware_planning_msgs/msg/detail/pose_with_uuid__rosidl_typesupport_fastrtps_cpp.hpp
[1.110s] -- Up-to-date symlink: /home/cityu/autoware/install/autoware_planning_msgs/include/autoware_planning_msgs/msg/rosidl_typesupport_fastrtps_cpp__visibility_control.h
[1.110s] -- Up-to-date symlink: /home/cityu/autoware/install/autoware_planning_msgs/include/autoware_planning_msgs/srv/detail/set_route__rosidl_typesupport_fastrtps_cpp.hpp
[1.110s] -- Up-to-date symlink: /home/cityu/autoware/install/autoware_planning_msgs/lib/libautoware_planning_msgs__rosidl_typesupport_fastrtps_cpp.so
[1.110s] -- Up-to-date symlink: /home/cityu/autoware/install/autoware_planning_msgs/include/autoware_planning_msgs/msg/detail/lanelet_primitive__rosidl_typesupport_introspection_c.h
[1.110s] -- Up-to-date symlink: /home/cityu/autoware/install/autoware_planning_msgs/include/autoware_planning_msgs/msg/detail/lanelet_route__rosidl_typesupport_introspection_c.h
[1.111s] -- Up-to-date symlink: /home/cityu/autoware/install/autoware_planning_msgs/include/autoware_planning_msgs/msg/detail/lanelet_segment__rosidl_typesupport_introspection_c.h
[1.111s] -- Up-to-date symlink: /home/cityu/autoware/install/autoware_planning_msgs/include/autoware_planning_msgs/msg/detail/pose_with_uuid__rosidl_typesupport_introspection_c.h
[1.111s] -- Up-to-date symlink: /home/cityu/autoware/install/autoware_planning_msgs/include/autoware_planning_msgs/msg/rosidl_typesupport_introspection_c__visibility_control.h
[1.111s] -- Up-to-date symlink: /home/cityu/autoware/install/autoware_planning_msgs/include/autoware_planning_msgs/srv/detail/set_route__rosidl_typesupport_introspection_c.h
[1.111s] -- Up-to-date symlink: /home/cityu/autoware/install/autoware_planning_msgs/include/autoware_planning_msgs/msg/detail/lanelet_primitive__builder.hpp
[1.111s] -- Up-to-date symlink: /home/cityu/autoware/install/autoware_planning_msgs/include/autoware_planning_msgs/msg/detail/lanelet_primitive__struct.hpp
[1.111s] -- Up-to-date symlink: /home/cityu/autoware/install/autoware_planning_msgs/include/autoware_planning_msgs/msg/detail/lanelet_primitive__traits.hpp
[1.112s] -- Up-to-date symlink: /home/cityu/autoware/install/autoware_planning_msgs/include/autoware_planning_msgs/msg/detail/lanelet_route__builder.hpp
[1.113s] -- Up-to-date symlink: /home/cityu/autoware/install/autoware_planning_msgs/include/autoware_planning_msgs/msg/detail/lanelet_route__struct.hpp
[1.113s] -- Up-to-date symlink: /home/cityu/autoware/install/autoware_planning_msgs/include/autoware_planning_msgs/msg/detail/lanelet_route__traits.hpp
[1.113s] -- Up-to-date symlink: /home/cityu/autoware/install/autoware_planning_msgs/include/autoware_planning_msgs/msg/detail/lanelet_segment__builder.hpp
[1.116s] -- Up-to-date symlink: /home/cityu/autoware/install/autoware_planning_msgs/include/autoware_planning_msgs/msg/detail/lanelet_segment__struct.hpp
[1.118s] -- Up-to-date symlink: /home/cityu/autoware/install/autoware_planning_msgs/include/autoware_planning_msgs/msg/detail/lanelet_segment__traits.hpp
[1.118s] -- Up-to-date symlink: /home/cityu/autoware/install/autoware_planning_msgs/include/autoware_planning_msgs/msg/detail/pose_with_uuid__builder.hpp
[1.118s] -- Up-to-date symlink: /home/cityu/autoware/install/autoware_planning_msgs/include/autoware_planning_msgs/msg/detail/pose_with_uuid__struct.hpp
[1.118s] -- Up-to-date symlink: /home/cityu/autoware/install/autoware_planning_msgs/include/autoware_planning_msgs/msg/detail/pose_with_uuid__traits.hpp
[1.118s] -- Up-to-date symlink: /home/cityu/autoware/install/autoware_planning_msgs/include/autoware_planning_msgs/msg/lanelet_primitive.hpp
[1.119s] -- Up-to-date symlink: /home/cityu/autoware/install/autoware_planning_msgs/include/autoware_planning_msgs/msg/lanelet_route.hpp
[1.119s] -- Up-to-date symlink: /home/cityu/autoware/install/autoware_planning_msgs/include/autoware_planning_msgs/msg/lanelet_segment.hpp
[1.119s] -- Up-to-date symlink: /home/cityu/autoware/install/autoware_planning_msgs/include/autoware_planning_msgs/msg/pose_with_uuid.hpp
[1.119s] -- Up-to-date symlink: /home/cityu/autoware/install/autoware_planning_msgs/include/autoware_planning_msgs/srv/detail/set_route__builder.hpp
[1.119s] -- Up-to-date symlink: /home/cityu/autoware/install/autoware_planning_msgs/include/autoware_planning_msgs/srv/detail/set_route__struct.hpp
[1.119s] -- Up-to-date symlink: /home/cityu/autoware/install/autoware_planning_msgs/include/autoware_planning_msgs/srv/detail/set_route__traits.hpp
[1.120s] -- Up-to-date symlink: /home/cityu/autoware/install/autoware_planning_msgs/include/autoware_planning_msgs/srv/set_route.hpp
[1.120s] -- Up-to-date symlink: /home/cityu/autoware/install/autoware_planning_msgs/include/autoware_planning_msgs/msg/detail/lanelet_primitive__rosidl_typesupport_introspection_cpp.hpp
[1.121s] -- Up-to-date symlink: /home/cityu/autoware/install/autoware_planning_msgs/include/autoware_planning_msgs/msg/detail/lanelet_route__rosidl_typesupport_introspection_cpp.hpp
[1.121s] -- Up-to-date symlink: /home/cityu/autoware/install/autoware_planning_msgs/include/autoware_planning_msgs/msg/detail/lanelet_segment__rosidl_typesupport_introspection_cpp.hpp
[1.121s] -- Up-to-date symlink: /home/cityu/autoware/install/autoware_planning_msgs/include/autoware_planning_msgs/msg/detail/pose_with_uuid__rosidl_typesupport_introspection_cpp.hpp
[1.121s] -- Up-to-date symlink: /home/cityu/autoware/install/autoware_planning_msgs/include/autoware_planning_msgs/srv/detail/set_route__rosidl_typesupport_introspection_cpp.hpp
[1.121s] -- Up-to-date symlink: /home/cityu/autoware/install/autoware_planning_msgs/share/autoware_planning_msgs/environment/pythonpath.sh
[1.121s] -- Up-to-date symlink: /home/cityu/autoware/install/autoware_planning_msgs/share/autoware_planning_msgs/environment/pythonpath.dsv
[1.121s] -- Up-to-date symlink: /home/cityu/autoware/install/autoware_planning_msgs/lib/python3.8/site-packages/autoware_planning_msgs/__init__.py
[1.121s] -- Up-to-date symlink: /home/cityu/autoware/install/autoware_planning_msgs/lib/python3.8/site-packages/autoware_planning_msgs/msg/__init__.py
[1.121s] -- Up-to-date symlink: /home/cityu/autoware/install/autoware_planning_msgs/lib/python3.8/site-packages/autoware_planning_msgs/msg/_lanelet_primitive.py
[1.122s] -- Up-to-date symlink: /home/cityu/autoware/install/autoware_planning_msgs/lib/python3.8/site-packages/autoware_planning_msgs/msg/_lanelet_route.py
[1.126s] -- Up-to-date symlink: /home/cityu/autoware/install/autoware_planning_msgs/lib/python3.8/site-packages/autoware_planning_msgs/msg/_lanelet_segment.py
[1.126s] -- Up-to-date symlink: /home/cityu/autoware/install/autoware_planning_msgs/lib/python3.8/site-packages/autoware_planning_msgs/msg/_pose_with_uuid.py
[1.126s] -- Up-to-date symlink: /home/cityu/autoware/install/autoware_planning_msgs/lib/python3.8/site-packages/autoware_planning_msgs/srv/__init__.py
[1.126s] -- Up-to-date symlink: /home/cityu/autoware/install/autoware_planning_msgs/lib/python3.8/site-packages/autoware_planning_msgs/srv/_set_route.py
[1.127s] -- Up-to-date symlink: /home/cityu/autoware/install/autoware_planning_msgs/lib/python3.8/site-packages/autoware_planning_msgs/autoware_planning_msgs_s__rosidl_typesupport_fastrtps_c.cpython-38-x86_64-linux-gnu.so
[1.131s] -- Up-to-date symlink: /home/cityu/autoware/install/autoware_planning_msgs/lib/python3.8/site-packages/autoware_planning_msgs/autoware_planning_msgs_s__rosidl_typesupport_introspection_c.cpython-38-x86_64-linux-gnu.so
[1.131s] -- Up-to-date symlink: /home/cityu/autoware/install/autoware_planning_msgs/lib/python3.8/site-packages/autoware_planning_msgs/autoware_planning_msgs_s__rosidl_typesupport_c.cpython-38-x86_64-linux-gnu.so
[1.132s] -- Up-to-date symlink: /home/cityu/autoware/install/autoware_planning_msgs/lib/libautoware_planning_msgs__python.so
[1.132s] -- Up-to-date symlink: /home/cityu/autoware/install/autoware_planning_msgs/share/autoware_planning_msgs/msg/LaneletPrimitive.idl
[1.132s] -- Up-to-date symlink: /home/cityu/autoware/install/autoware_planning_msgs/share/autoware_planning_msgs/msg/LaneletRoute.idl
[1.132s] -- Up-to-date symlink: /home/cityu/autoware/install/autoware_planning_msgs/share/autoware_planning_msgs/msg/LaneletSegment.idl
[1.132s] -- Up-to-date symlink: /home/cityu/autoware/install/autoware_planning_msgs/share/autoware_planning_msgs/msg/PoseWithUuid.idl
[1.132s] -- Up-to-date symlink: /home/cityu/autoware/install/autoware_planning_msgs/share/autoware_planning_msgs/srv/SetRoute.idl
[1.132s] -- Up-to-date symlink: /home/cityu/autoware/install/autoware_planning_msgs/share/autoware_planning_msgs/msg/LaneletPrimitive.msg
[1.133s] -- Up-to-date symlink: /home/cityu/autoware/install/autoware_planning_msgs/share/autoware_planning_msgs/msg/LaneletRoute.msg
[1.133s] -- Up-to-date symlink: /home/cityu/autoware/install/autoware_planning_msgs/share/autoware_planning_msgs/msg/LaneletSegment.msg
[1.133s] -- Up-to-date symlink: /home/cityu/autoware/install/autoware_planning_msgs/share/autoware_planning_msgs/msg/PoseWithUuid.msg
[1.133s] -- Up-to-date symlink: /home/cityu/autoware/install/autoware_planning_msgs/share/autoware_planning_msgs/srv/SetRoute.srv
[1.133s] -- Up-to-date symlink: /home/cityu/autoware/install/autoware_planning_msgs/share/autoware_planning_msgs/srv/SetRoute_Request.msg
[1.133s] -- Up-to-date symlink: /home/cityu/autoware/install/autoware_planning_msgs/share/autoware_planning_msgs/srv/SetRoute_Response.msg
[1.133s] -- Up-to-date symlink: /home/cityu/autoware/install/autoware_planning_msgs/share/ament_index/resource_index/package_run_dependencies/autoware_planning_msgs
[1.133s] -- Up-to-date symlink: /home/cityu/autoware/install/autoware_planning_msgs/share/ament_index/resource_index/parent_prefix_path/autoware_planning_msgs
[1.133s] -- Up-to-date symlink: /home/cityu/autoware/install/autoware_planning_msgs/share/autoware_planning_msgs/environment/ament_prefix_path.sh
[1.133s] -- Up-to-date symlink: /home/cityu/autoware/install/autoware_planning_msgs/share/autoware_planning_msgs/environment/ament_prefix_path.dsv
[1.134s] -- Up-to-date symlink: /home/cityu/autoware/install/autoware_planning_msgs/share/autoware_planning_msgs/environment/path.sh
[1.134s] -- Up-to-date symlink: /home/cityu/autoware/install/autoware_planning_msgs/share/autoware_planning_msgs/environment/path.dsv
[1.135s] -- Up-to-date symlink: /home/cityu/autoware/install/autoware_planning_msgs/share/autoware_planning_msgs/local_setup.bash
[1.135s] -- Up-to-date symlink: /home/cityu/autoware/install/autoware_planning_msgs/share/autoware_planning_msgs/local_setup.sh
[1.135s] -- Up-to-date symlink: /home/cityu/autoware/install/autoware_planning_msgs/share/autoware_planning_msgs/local_setup.zsh
[1.135s] -- Up-to-date symlink: /home/cityu/autoware/install/autoware_planning_msgs/share/autoware_planning_msgs/local_setup.dsv
[1.150s] -- Symlinking: /home/cityu/autoware/install/autoware_planning_msgs/share/autoware_planning_msgs/package.dsv
[1.167s] -- Up-to-date symlink: /home/cityu/autoware/install/autoware_planning_msgs/share/ament_index/resource_index/packages/autoware_planning_msgs
[1.167s] -- Up-to-date symlink: /home/cityu/autoware/install/autoware_planning_msgs/share/autoware_planning_msgs/cmake/rosidl_cmake-extras.cmake
[1.168s] -- Up-to-date symlink: /home/cityu/autoware/install/autoware_planning_msgs/share/autoware_planning_msgs/cmake/ament_cmake_export_dependencies-extras.cmake
[1.168s] -- Up-to-date symlink: /home/cityu/autoware/install/autoware_planning_msgs/share/autoware_planning_msgs/cmake/ament_cmake_export_libraries-extras.cmake
[1.169s] -- Up-to-date symlink: /home/cityu/autoware/install/autoware_planning_msgs/share/autoware_planning_msgs/cmake/ament_cmake_export_targets-extras.cmake
[1.169s] -- Up-to-date symlink: /home/cityu/autoware/install/autoware_planning_msgs/share/autoware_planning_msgs/cmake/ament_cmake_export_include_directories-extras.cmake
[1.169s] -- Up-to-date symlink: /home/cityu/autoware/install/autoware_planning_msgs/share/autoware_planning_msgs/cmake/rosidl_cmake_export_typesupport_libraries-extras.cmake
[1.169s] -- Up-to-date symlink: /home/cityu/autoware/install/autoware_planning_msgs/share/autoware_planning_msgs/cmake/rosidl_cmake_export_typesupport_targets-extras.cmake
[1.169s] -- Up-to-date symlink: /home/cityu/autoware/install/autoware_planning_msgs/share/autoware_planning_msgs/cmake/autoware_planning_msgsConfig.cmake
[1.169s] -- Up-to-date symlink: /home/cityu/autoware/install/autoware_planning_msgs/share/autoware_planning_msgs/cmake/autoware_planning_msgsConfig-version.cmake
[1.169s] -- Up-to-date symlink: /home/cityu/autoware/install/autoware_planning_msgs/share/autoware_planning_msgs/package.xml
[1.169s] -- Up-to-date: /home/cityu/autoware/install/autoware_planning_msgs/lib/libautoware_planning_msgs__rosidl_generator_c.so
[1.169s] -- Up-to-date: /home/cityu/autoware/install/autoware_planning_msgs/lib/libautoware_planning_msgs__rosidl_typesupport_introspection_c.so
[1.169s] -- Up-to-date: /home/cityu/autoware/install/autoware_planning_msgs/lib/libautoware_planning_msgs__rosidl_typesupport_c.so
[1.170s] -- Up-to-date: /home/cityu/autoware/install/autoware_planning_msgs/lib/libautoware_planning_msgs__rosidl_typesupport_introspection_cpp.so
[1.170s] -- Up-to-date: /home/cityu/autoware/install/autoware_planning_msgs/lib/libautoware_planning_msgs__rosidl_typesupport_cpp.so
[1.254s] -- Up-to-date: /home/cityu/autoware/install/autoware_planning_msgs/share/autoware_planning_msgs/cmake/autoware_planning_msgs__rosidl_generator_cExport.cmake
[1.254s] -- Up-to-date: /home/cityu/autoware/install/autoware_planning_msgs/share/autoware_planning_msgs/cmake/autoware_planning_msgs__rosidl_generator_cExport-release.cmake
[1.254s] -- Up-to-date: /home/cityu/autoware/install/autoware_planning_msgs/share/autoware_planning_msgs/cmake/autoware_planning_msgs__rosidl_typesupport_introspection_cExport.cmake
[1.257s] -- Up-to-date: /home/cityu/autoware/install/autoware_planning_msgs/share/autoware_planning_msgs/cmake/autoware_planning_msgs__rosidl_typesupport_introspection_cExport-release.cmake
[1.257s] -- Up-to-date: /home/cityu/autoware/install/autoware_planning_msgs/share/autoware_planning_msgs/cmake/autoware_planning_msgs__rosidl_typesupport_cExport.cmake
[1.257s] -- Up-to-date: /home/cityu/autoware/install/autoware_planning_msgs/share/autoware_planning_msgs/cmake/autoware_planning_msgs__rosidl_typesupport_cExport-release.cmake
[1.257s] -- Up-to-date: /home/cityu/autoware/install/autoware_planning_msgs/share/autoware_planning_msgs/cmake/autoware_planning_msgs__rosidl_generator_cppExport.cmake
[1.257s] -- Up-to-date: /home/cityu/autoware/install/autoware_planning_msgs/share/autoware_planning_msgs/cmake/autoware_planning_msgs__rosidl_typesupport_introspection_cppExport.cmake
[1.257s] -- Up-to-date: /home/cityu/autoware/install/autoware_planning_msgs/share/autoware_planning_msgs/cmake/autoware_planning_msgs__rosidl_typesupport_introspection_cppExport-release.cmake
[1.257s] -- Up-to-date: /home/cityu/autoware/install/autoware_planning_msgs/share/autoware_planning_msgs/cmake/autoware_planning_msgs__rosidl_typesupport_cppExport.cmake
[1.258s] -- Up-to-date: /home/cityu/autoware/install/autoware_planning_msgs/share/autoware_planning_msgs/cmake/autoware_planning_msgs__rosidl_typesupport_cppExport-release.cmake
[1.310s] Invoked command in '/home/cityu/autoware/build/autoware_planning_msgs' returned '0': AMENT_PREFIX_PATH=/home/cityu/autoware/install/autoware_common_msgs:${AMENT_PREFIX_PATH} CMAKE_PREFIX_PATH=/home/cityu/autoware/install/autoware_common_msgs:/opt/ros/galactic LD_LIBRARY_PATH=/home/cityu/autoware/install/autoware_common_msgs/lib:${LD_LIBRARY_PATH} PYTHONPATH=/home/cityu/autoware/install/autoware_common_msgs/lib/python3.8/site-packages:${PYTHONPATH} /usr/bin/cmake --install /home/cityu/autoware/build/autoware_planning_msgs
