[0.260s] Invoking command in '/home/cityu/autoware/build/mrm_comfortable_stop_operator': AMENT_PREFIX_PATH=/home/cityu/autoware/install/tier4_system_msgs:/home/cityu/autoware/install/autoware_cmake:/home/cityu/autoware/install/tier4_planning_msgs:/home/cityu/autoware/install/autoware_lint_common:/home/cityu/autoware/install/autoware_common_msgs:/home/cityu/autoware/install/autoware_adapi_v1_msgs:${AMENT_PREFIX_PATH} CMAKE_PREFIX_PATH=/home/cityu/autoware/install/tier4_system_msgs:/home/cityu/autoware/install/autoware_cmake:/home/cityu/autoware/install/tier4_planning_msgs:/home/cityu/autoware/install/autoware_lint_common:/home/cityu/autoware/install/autoware_common_msgs:/home/cityu/autoware/install/autoware_adapi_v1_msgs:/opt/ros/galactic LD_LIBRARY_PATH=/home/cityu/autoware/install/tier4_system_msgs/lib:/home/cityu/autoware/install/tier4_planning_msgs/lib:/home/cityu/autoware/install/autoware_common_msgs/lib:/home/cityu/autoware/install/autoware_adapi_v1_msgs/lib:${LD_LIBRARY_PATH} PYTHONPATH=/home/cityu/autoware/install/tier4_system_msgs/lib/python3.8/site-packages:/home/cityu/autoware/install/tier4_planning_msgs/lib/python3.8/site-packages:/home/cityu/autoware/install/autoware_common_msgs/lib/python3.8/site-packages:/home/cityu/autoware/install/autoware_adapi_v1_msgs/lib/python3.8/site-packages:${PYTHONPATH} /usr/bin/cmake /home/cityu/autoware/src/universe/autoware.universe/system/mrm_comfortable_stop_operator -DCMAKE_BUILD_TYPE=Release -DAMENT_CMAKE_SYMLINK_INSTALL=1 -DCMAKE_INSTALL_PREFIX=/home/cityu/autoware/install/mrm_comfortable_stop_operator
[39.522s] -- The C compiler identification is GNU 9.4.0
[39.523s] -- The CXX compiler identification is GNU 9.4.0
[39.524s] -- Check for working C compiler: /usr/bin/cc
[39.525s] -- Check for working C compiler: /usr/bin/cc -- works
[39.529s] -- Detecting C compiler ABI info
[39.529s] -- Detecting C compiler ABI info - done
[39.529s] -- Detecting C compile features
[39.529s] -- Detecting C compile features - done
[39.530s] -- Check for working CXX compiler: /usr/bin/c++
[39.530s] -- Check for working CXX compiler: /usr/bin/c++ -- works
[39.530s] -- Detecting CXX compiler ABI info
[39.530s] -- Detecting CXX compiler ABI info - done
[39.530s] -- Detecting CXX compile features
[39.530s] -- Detecting CXX compile features - done
[39.530s] -- Found autoware_cmake: 0.1.0 (/home/cityu/autoware/install/autoware_cmake/share/autoware_cmake/cmake)
[39.530s] -- Found ament_cmake_auto: 1.1.6 (/opt/ros/galactic/share/ament_cmake_auto/cmake)
[39.530s] -- Found PythonInterp: /usr/bin/python3 (found suitable version "3.8.10", minimum required is "3") 
[39.531s] -- Using PYTHON_EXECUTABLE: /usr/bin/python3
[39.531s] -- Override CMake install command with custom implementation using symlinks instead of copying resources
[39.531s] -- Using all available rosidl_typesupport_c: rosidl_typesupport_fastrtps_c;rosidl_typesupport_introspection_c
[39.531s] -- Found rosidl_adapter: 2.2.3 (/opt/ros/galactic/share/rosidl_adapter/cmake)
[39.531s] -- Found OpenSSL: /usr/lib/x86_64-linux-gnu/libcrypto.so (found version "1.1.1f")  
[39.531s] -- Found FastRTPS: /opt/ros/galactic/include  
[39.531s] -- Using all available rosidl_typesupport_cpp: rosidl_typesupport_fastrtps_cpp;rosidl_typesupport_introspection_cpp
[39.531s] -- Found rmw_implementation_cmake: 3.3.1 (/opt/ros/galactic/share/rmw_implementation_cmake/cmake)
[39.531s] -- Found rmw_cyclonedds_cpp: 0.22.6 (/opt/ros/galactic/share/rmw_cyclonedds_cpp/cmake)
[39.532s] -- Using RMW implementation 'rmw_cyclonedds_cpp' as default
[39.532s] -- Looking for pthread.h
[39.533s] -- Looking for pthread.h - found
[39.542s] -- Performing Test CMAKE_HAVE_LIBC_PTHREAD
[39.542s] -- Performing Test CMAKE_HAVE_LIBC_PTHREAD - Failed
[39.542s] -- Looking for pthread_create in pthreads
[39.542s] -- Looking for pthread_create in pthreads - not found
[39.543s] -- Looking for pthread_create in pthread
[39.543s] -- Looking for pthread_create in pthread - found
[39.543s] -- Found Threads: TRUE  
[39.543s] -- Found ament_lint_auto: 0.10.7 (/opt/ros/galactic/share/ament_lint_auto/cmake)
[39.543s] -- Added test 'copyright' to check source files copyright and LICENSE
[39.544s] -- Added test 'cppcheck' to perform static code analysis on C / C++ code
[39.544s] -- Configured cppcheck include dirs: /home/cityu/autoware/src/universe/autoware.universe/system/mrm_comfortable_stop_operator/include
[39.544s] -- Configured cppcheck exclude dirs and/or files: 
[39.544s] -- Added test 'lint_cmake' to check CMake code style
[39.544s] -- Added test 'xmllint' to check XML markup files
[39.544s] -- Configuring done
[39.544s] -- Generating done
[39.544s] -- Build files have been written to: /home/cityu/autoware/build/mrm_comfortable_stop_operator
[39.579s] Invoked command in '/home/cityu/autoware/build/mrm_comfortable_stop_operator' returned '0': AMENT_PREFIX_PATH=/home/cityu/autoware/install/tier4_system_msgs:/home/cityu/autoware/install/autoware_cmake:/home/cityu/autoware/install/tier4_planning_msgs:/home/cityu/autoware/install/autoware_lint_common:/home/cityu/autoware/install/autoware_common_msgs:/home/cityu/autoware/install/autoware_adapi_v1_msgs:${AMENT_PREFIX_PATH} CMAKE_PREFIX_PATH=/home/cityu/autoware/install/tier4_system_msgs:/home/cityu/autoware/install/autoware_cmake:/home/cityu/autoware/install/tier4_planning_msgs:/home/cityu/autoware/install/autoware_lint_common:/home/cityu/autoware/install/autoware_common_msgs:/home/cityu/autoware/install/autoware_adapi_v1_msgs:/opt/ros/galactic LD_LIBRARY_PATH=/home/cityu/autoware/install/tier4_system_msgs/lib:/home/cityu/autoware/install/tier4_planning_msgs/lib:/home/cityu/autoware/install/autoware_common_msgs/lib:/home/cityu/autoware/install/autoware_adapi_v1_msgs/lib:${LD_LIBRARY_PATH} PYTHONPATH=/home/cityu/autoware/install/tier4_system_msgs/lib/python3.8/site-packages:/home/cityu/autoware/install/tier4_planning_msgs/lib/python3.8/site-packages:/home/cityu/autoware/install/autoware_common_msgs/lib/python3.8/site-packages:/home/cityu/autoware/install/autoware_adapi_v1_msgs/lib/python3.8/site-packages:${PYTHONPATH} /usr/bin/cmake /home/cityu/autoware/src/universe/autoware.universe/system/mrm_comfortable_stop_operator -DCMAKE_BUILD_TYPE=Release -DAMENT_CMAKE_SYMLINK_INSTALL=1 -DCMAKE_INSTALL_PREFIX=/home/cityu/autoware/install/mrm_comfortable_stop_operator
[39.580s] Invoking command in '/home/cityu/autoware/build/mrm_comfortable_stop_operator': AMENT_PREFIX_PATH=/home/cityu/autoware/install/tier4_system_msgs:/home/cityu/autoware/install/autoware_cmake:/home/cityu/autoware/install/tier4_planning_msgs:/home/cityu/autoware/install/autoware_lint_common:/home/cityu/autoware/install/autoware_common_msgs:/home/cityu/autoware/install/autoware_adapi_v1_msgs:${AMENT_PREFIX_PATH} CMAKE_PREFIX_PATH=/home/cityu/autoware/install/tier4_system_msgs:/home/cityu/autoware/install/autoware_cmake:/home/cityu/autoware/install/tier4_planning_msgs:/home/cityu/autoware/install/autoware_lint_common:/home/cityu/autoware/install/autoware_common_msgs:/home/cityu/autoware/install/autoware_adapi_v1_msgs:/opt/ros/galactic LD_LIBRARY_PATH=/home/cityu/autoware/install/tier4_system_msgs/lib:/home/cityu/autoware/install/tier4_planning_msgs/lib:/home/cityu/autoware/install/autoware_common_msgs/lib:/home/cityu/autoware/install/autoware_adapi_v1_msgs/lib:${LD_LIBRARY_PATH} PYTHONPATH=/home/cityu/autoware/install/tier4_system_msgs/lib/python3.8/site-packages:/home/cityu/autoware/install/tier4_planning_msgs/lib/python3.8/site-packages:/home/cityu/autoware/install/autoware_common_msgs/lib/python3.8/site-packages:/home/cityu/autoware/install/autoware_adapi_v1_msgs/lib/python3.8/site-packages:${PYTHONPATH} /usr/bin/cmake --build /home/cityu/autoware/build/mrm_comfortable_stop_operator -- -j16 -l16
[45.930s] [35m[1mScanning dependencies of target mrm_comfortable_stop_operator[0m
[45.931s] [ 25%] [32mBuilding CXX object CMakeFiles/mrm_comfortable_stop_operator.dir/rclcpp_components/node_main_mrm_comfortable_stop_operator.cpp.o[0m
[45.931s] [ 50%] [32m[1mLinking CXX executable mrm_comfortable_stop_operator[0m
[46.181s] [ 50%] Built target mrm_comfortable_stop_operator
[46.200s] [35m[1mScanning dependencies of target mrm_comfortable_stop_operator_component[0m
[46.268s] [ 75%] [32mBuilding CXX object CMakeFiles/mrm_comfortable_stop_operator_component.dir/src/mrm_comfortable_stop_operator/mrm_comfortable_stop_operator_core.cpp.o[0m
[59.050s] [100%] [32m[1mLinking CXX shared library libmrm_comfortable_stop_operator_component.so[0m
[59.347s] [100%] Built target mrm_comfortable_stop_operator_component
[59.369s] Invoked command in '/home/cityu/autoware/build/mrm_comfortable_stop_operator' returned '0': AMENT_PREFIX_PATH=/home/cityu/autoware/install/tier4_system_msgs:/home/cityu/autoware/install/autoware_cmake:/home/cityu/autoware/install/tier4_planning_msgs:/home/cityu/autoware/install/autoware_lint_common:/home/cityu/autoware/install/autoware_common_msgs:/home/cityu/autoware/install/autoware_adapi_v1_msgs:${AMENT_PREFIX_PATH} CMAKE_PREFIX_PATH=/home/cityu/autoware/install/tier4_system_msgs:/home/cityu/autoware/install/autoware_cmake:/home/cityu/autoware/install/tier4_planning_msgs:/home/cityu/autoware/install/autoware_lint_common:/home/cityu/autoware/install/autoware_common_msgs:/home/cityu/autoware/install/autoware_adapi_v1_msgs:/opt/ros/galactic LD_LIBRARY_PATH=/home/cityu/autoware/install/tier4_system_msgs/lib:/home/cityu/autoware/install/tier4_planning_msgs/lib:/home/cityu/autoware/install/autoware_common_msgs/lib:/home/cityu/autoware/install/autoware_adapi_v1_msgs/lib:${LD_LIBRARY_PATH} PYTHONPATH=/home/cityu/autoware/install/tier4_system_msgs/lib/python3.8/site-packages:/home/cityu/autoware/install/tier4_planning_msgs/lib/python3.8/site-packages:/home/cityu/autoware/install/autoware_common_msgs/lib/python3.8/site-packages:/home/cityu/autoware/install/autoware_adapi_v1_msgs/lib/python3.8/site-packages:${PYTHONPATH} /usr/bin/cmake --build /home/cityu/autoware/build/mrm_comfortable_stop_operator -- -j16 -l16
[59.419s] Invoking command in '/home/cityu/autoware/build/mrm_comfortable_stop_operator': AMENT_PREFIX_PATH=/home/cityu/autoware/install/tier4_system_msgs:/home/cityu/autoware/install/autoware_cmake:/home/cityu/autoware/install/tier4_planning_msgs:/home/cityu/autoware/install/autoware_lint_common:/home/cityu/autoware/install/autoware_common_msgs:/home/cityu/autoware/install/autoware_adapi_v1_msgs:${AMENT_PREFIX_PATH} CMAKE_PREFIX_PATH=/home/cityu/autoware/install/tier4_system_msgs:/home/cityu/autoware/install/autoware_cmake:/home/cityu/autoware/install/tier4_planning_msgs:/home/cityu/autoware/install/autoware_lint_common:/home/cityu/autoware/install/autoware_common_msgs:/home/cityu/autoware/install/autoware_adapi_v1_msgs:/opt/ros/galactic LD_LIBRARY_PATH=/home/cityu/autoware/install/tier4_system_msgs/lib:/home/cityu/autoware/install/tier4_planning_msgs/lib:/home/cityu/autoware/install/autoware_common_msgs/lib:/home/cityu/autoware/install/autoware_adapi_v1_msgs/lib:${LD_LIBRARY_PATH} PYTHONPATH=/home/cityu/autoware/install/tier4_system_msgs/lib/python3.8/site-packages:/home/cityu/autoware/install/tier4_planning_msgs/lib/python3.8/site-packages:/home/cityu/autoware/install/autoware_common_msgs/lib/python3.8/site-packages:/home/cityu/autoware/install/autoware_adapi_v1_msgs/lib/python3.8/site-packages:${PYTHONPATH} /usr/bin/cmake --install /home/cityu/autoware/build/mrm_comfortable_stop_operator
[67.711s] -- Install configuration: "Release"
[67.711s] -- Execute custom install script
[67.711s] -- Symlinking: /home/cityu/autoware/install/mrm_comfortable_stop_operator/lib/mrm_comfortable_stop_operator/mrm_comfortable_stop_operator
[67.711s] -- Symlinking: /home/cityu/autoware/install/mrm_comfortable_stop_operator/include/mrm_comfortable_stop_operator/mrm_comfortable_stop_operator_core.hpp
[67.711s] -- Symlinking: /home/cityu/autoware/install/mrm_comfortable_stop_operator/share/mrm_comfortable_stop_operator/environment/library_path.sh
[67.711s] -- Symlinking: /home/cityu/autoware/install/mrm_comfortable_stop_operator/share/mrm_comfortable_stop_operator/environment/library_path.dsv
[67.711s] -- Symlinking: /home/cityu/autoware/install/mrm_comfortable_stop_operator/lib/libmrm_comfortable_stop_operator_component.so
[67.711s] -- Symlinking: /home/cityu/autoware/install/mrm_comfortable_stop_operator/share/mrm_comfortable_stop_operator/launch/mrm_comfortable_stop_operator.launch.py
[67.711s] -- Symlinking: /home/cityu/autoware/install/mrm_comfortable_stop_operator/share/mrm_comfortable_stop_operator/config/mrm_comfortable_stop_operator.param.yaml
[67.711s] -- Symlinking: /home/cityu/autoware/install/mrm_comfortable_stop_operator/share/ament_index/resource_index/package_run_dependencies/mrm_comfortable_stop_operator
[67.712s] -- Symlinking: /home/cityu/autoware/install/mrm_comfortable_stop_operator/share/ament_index/resource_index/parent_prefix_path/mrm_comfortable_stop_operator
[67.712s] -- Symlinking: /home/cityu/autoware/install/mrm_comfortable_stop_operator/share/mrm_comfortable_stop_operator/environment/ament_prefix_path.sh
[67.712s] -- Symlinking: /home/cityu/autoware/install/mrm_comfortable_stop_operator/share/mrm_comfortable_stop_operator/environment/ament_prefix_path.dsv
[67.712s] -- Symlinking: /home/cityu/autoware/install/mrm_comfortable_stop_operator/share/mrm_comfortable_stop_operator/environment/path.sh
[67.713s] -- Symlinking: /home/cityu/autoware/install/mrm_comfortable_stop_operator/share/mrm_comfortable_stop_operator/environment/path.dsv
[67.713s] -- Symlinking: /home/cityu/autoware/install/mrm_comfortable_stop_operator/share/mrm_comfortable_stop_operator/local_setup.bash
[67.713s] -- Symlinking: /home/cityu/autoware/install/mrm_comfortable_stop_operator/share/mrm_comfortable_stop_operator/local_setup.sh
[67.713s] -- Symlinking: /home/cityu/autoware/install/mrm_comfortable_stop_operator/share/mrm_comfortable_stop_operator/local_setup.zsh
[67.713s] -- Symlinking: /home/cityu/autoware/install/mrm_comfortable_stop_operator/share/mrm_comfortable_stop_operator/local_setup.dsv
[67.713s] -- Symlinking: /home/cityu/autoware/install/mrm_comfortable_stop_operator/share/mrm_comfortable_stop_operator/package.dsv
[67.713s] -- Symlinking: /home/cityu/autoware/install/mrm_comfortable_stop_operator/share/ament_index/resource_index/packages/mrm_comfortable_stop_operator
[67.713s] -- Symlinking: /home/cityu/autoware/install/mrm_comfortable_stop_operator/share/ament_index/resource_index/rclcpp_components/mrm_comfortable_stop_operator
[67.714s] -- Symlinking: /home/cityu/autoware/install/mrm_comfortable_stop_operator/share/mrm_comfortable_stop_operator/cmake/ament_cmake_export_dependencies-extras.cmake
[67.714s] -- Symlinking: /home/cityu/autoware/install/mrm_comfortable_stop_operator/share/mrm_comfortable_stop_operator/cmake/ament_cmake_export_include_directories-extras.cmake
[67.714s] -- Symlinking: /home/cityu/autoware/install/mrm_comfortable_stop_operator/share/mrm_comfortable_stop_operator/cmake/ament_cmake_export_libraries-extras.cmake
[67.714s] -- Symlinking: /home/cityu/autoware/install/mrm_comfortable_stop_operator/share/mrm_comfortable_stop_operator/cmake/mrm_comfortable_stop_operatorConfig.cmake
[67.714s] -- Symlinking: /home/cityu/autoware/install/mrm_comfortable_stop_operator/share/mrm_comfortable_stop_operator/cmake/mrm_comfortable_stop_operatorConfig-version.cmake
[67.714s] -- Symlinking: /home/cityu/autoware/install/mrm_comfortable_stop_operator/share/mrm_comfortable_stop_operator/package.xml
[67.774s] Invoked command in '/home/cityu/autoware/build/mrm_comfortable_stop_operator' returned '0': AMENT_PREFIX_PATH=/home/cityu/autoware/install/tier4_system_msgs:/home/cityu/autoware/install/autoware_cmake:/home/cityu/autoware/install/tier4_planning_msgs:/home/cityu/autoware/install/autoware_lint_common:/home/cityu/autoware/install/autoware_common_msgs:/home/cityu/autoware/install/autoware_adapi_v1_msgs:${AMENT_PREFIX_PATH} CMAKE_PREFIX_PATH=/home/cityu/autoware/install/tier4_system_msgs:/home/cityu/autoware/install/autoware_cmake:/home/cityu/autoware/install/tier4_planning_msgs:/home/cityu/autoware/install/autoware_lint_common:/home/cityu/autoware/install/autoware_common_msgs:/home/cityu/autoware/install/autoware_adapi_v1_msgs:/opt/ros/galactic LD_LIBRARY_PATH=/home/cityu/autoware/install/tier4_system_msgs/lib:/home/cityu/autoware/install/tier4_planning_msgs/lib:/home/cityu/autoware/install/autoware_common_msgs/lib:/home/cityu/autoware/install/autoware_adapi_v1_msgs/lib:${LD_LIBRARY_PATH} PYTHONPATH=/home/cityu/autoware/install/tier4_system_msgs/lib/python3.8/site-packages:/home/cityu/autoware/install/tier4_planning_msgs/lib/python3.8/site-packages:/home/cityu/autoware/install/autoware_common_msgs/lib/python3.8/site-packages:/home/cityu/autoware/install/autoware_adapi_v1_msgs/lib/python3.8/site-packages:${PYTHONPATH} /usr/bin/cmake --install /home/cityu/autoware/build/mrm_comfortable_stop_operator
