-- The C compiler identification is GNU 9.4.0
-- The CXX compiler identification is GNU 9.4.0
-- Check for working C compiler: /usr/bin/cc
-- Check for working C compiler: /usr/bin/cc -- works
-- Detecting C compiler ABI info
-- Detecting C compiler ABI info - done
-- Detecting C compile features
-- Detecting C compile features - done
-- Check for working CXX compiler: /usr/bin/c++
-- Check for working CXX compiler: /usr/bin/c++ -- works
-- Detecting CXX compiler ABI info
-- Detecting CXX compiler ABI info - done
-- Detecting CXX compile features
-- Detecting CXX compile features - done
-- Found ament_cmake_auto: 1.1.6 (/opt/ros/galactic/share/ament_cmake_auto/cmake)
-- Found PythonInterp: /usr/bin/python3 (found suitable version "3.8.10", minimum required is "3") 
-- Using PYTHON_EXECUTABLE: /usr/bin/python3
-- Override CMake install command with custom implementation using symlinks instead of copying resources
-- Using all available rosidl_typesupport_c: rosidl_typesupport_fastrtps_c;rosidl_typesupport_introspection_c
-- Found rosidl_adapter: 2.2.3 (/opt/ros/galactic/share/rosidl_adapter/cmake)
-- Found OpenSSL: /usr/lib/x86_64-linux-gnu/libcrypto.so (found version "1.1.1f")  
-- Found FastRTPS: /opt/ros/galactic/include  
-- Using all available rosidl_typesupport_cpp: rosidl_typesupport_fastrtps_cpp;rosidl_typesupport_introspection_cpp
-- Found PythonInterp: /usr/bin/python3 (found version "3.8.10") 
-- Found ament_cmake_cppcheck: 0.10.7 (/opt/ros/galactic/share/ament_cmake_cppcheck/cmake)
-- Found ament_cmake_cpplint: 0.10.7 (/opt/ros/galactic/share/ament_cmake_cpplint/cmake)
-- Found ament_cmake_uncrustify: 0.10.7 (/opt/ros/galactic/share/ament_cmake_uncrustify/cmake)
-- Found ament_cmake_ros: 0.9.2 (/opt/ros/galactic/share/ament_cmake_ros/cmake)
-- Using all available rosidl_typesupport_c: rosidl_typesupport_fastrtps_c;rosidl_typesupport_introspection_c
-- Using all available rosidl_typesupport_cpp: rosidl_typesupport_fastrtps_cpp;rosidl_typesupport_introspection_cpp
-- Found PythonInterp: /usr/bin/python3 (found suitable version "3.8.10", minimum required is "3.5") 
-- Found python_cmake_module: 0.8.1 (/opt/ros/galactic/share/python_cmake_module/cmake)
-- Found PythonLibs: /usr/lib/x86_64-linux-gnu/libpython3.8.so (found suitable version "3.8.10", minimum required is "3.5") 
-- Using PYTHON_EXECUTABLE: /usr/bin/python3
-- Using PYTHON_INCLUDE_DIRS: /usr/include/python3.8
-- Using PYTHON_LIBRARIES: /usr/lib/x86_64-linux-gnu/libpython3.8.so
-- Found PythonExtra: .so  
-- Found ament_cmake_flake8: 0.10.7 (/opt/ros/galactic/share/ament_cmake_flake8/cmake)
-- Found ament_cmake_pep257: 0.10.7 (/opt/ros/galactic/share/ament_cmake_pep257/cmake)
-- Found ament_lint_auto: 0.10.7 (/opt/ros/galactic/share/ament_lint_auto/cmake)
-- Added test 'copyright' to check source files copyright and LICENSE
-- Added test 'lint_cmake' to check CMake code style
-- Added test 'xmllint' to check XML markup files
-- Configuring done
-- Generating done
-- Build files have been written to: /home/cityu/autoware/build/autoware_map_msgs
[  1%] [34m[1mGenerating C code for ROS interfaces[0m
[35m[1mScanning dependencies of target autoware_map_msgs__cpp[0m
[  3%] [34m[1mGenerating C++ code for ROS interfaces[0m
[35m[1mScanning dependencies of target autoware_map_msgs__rosidl_generator_c[0m
[  4%] [32mBuilding C object CMakeFiles/autoware_map_msgs__rosidl_generator_c.dir/rosidl_generator_c/autoware_map_msgs/msg/detail/area_info__functions.c.o[0m
[  6%] [32mBuilding C object CMakeFiles/autoware_map_msgs__rosidl_generator_c.dir/rosidl_generator_c/autoware_map_msgs/msg/detail/point_cloud_map_cell_with_id__functions.c.o[0m
[  7%] [32mBuilding C object CMakeFiles/autoware_map_msgs__rosidl_generator_c.dir/rosidl_generator_c/autoware_map_msgs/msg/detail/lanelet_map_bin__functions.c.o[0m
[  9%] [32mBuilding C object CMakeFiles/autoware_map_msgs__rosidl_generator_c.dir/rosidl_generator_c/autoware_map_msgs/srv/detail/get_partial_point_cloud_map__functions.c.o[0m
[ 11%] [32mBuilding C object CMakeFiles/autoware_map_msgs__rosidl_generator_c.dir/rosidl_generator_c/autoware_map_msgs/srv/detail/get_differential_point_cloud_map__functions.c.o[0m
[ 11%] Built target autoware_map_msgs__cpp
[ 12%] [34m[1mGenerating C++ type support for eProsima Fast-RTPS[0m
[ 14%] [34m[1mGenerating C++ introspection for ROS interfaces[0m
[ 15%] [34m[1mGenerating C++ type support dispatch for ROS interfaces[0m
[ 17%] [32m[1mLinking C shared library libautoware_map_msgs__rosidl_generator_c.so[0m
[ 17%] Built target autoware_map_msgs__rosidl_generator_c
[ 19%] [34m[1mGenerating C introspection for ROS interfaces[0m
[ 20%] [34m[1mGenerating C type support dispatch for ROS interfaces[0m
[35m[1mScanning dependencies of target autoware_map_msgs__rosidl_typesupport_fastrtps_cpp[0m
[ 22%] [32mBuilding CXX object CMakeFiles/autoware_map_msgs__rosidl_typesupport_fastrtps_cpp.dir/rosidl_typesupport_fastrtps_cpp/autoware_map_msgs/msg/detail/dds_fastrtps/area_info__type_support.cpp.o[0m
[ 23%] [32mBuilding CXX object CMakeFiles/autoware_map_msgs__rosidl_typesupport_fastrtps_cpp.dir/rosidl_typesupport_fastrtps_cpp/autoware_map_msgs/msg/detail/dds_fastrtps/lanelet_map_bin__type_support.cpp.o[0m
[ 25%] [32mBuilding CXX object CMakeFiles/autoware_map_msgs__rosidl_typesupport_fastrtps_cpp.dir/rosidl_typesupport_fastrtps_cpp/autoware_map_msgs/msg/detail/dds_fastrtps/point_cloud_map_cell_with_id__type_support.cpp.o[0m
[ 26%] [32mBuilding CXX object CMakeFiles/autoware_map_msgs__rosidl_typesupport_fastrtps_cpp.dir/rosidl_typesupport_fastrtps_cpp/autoware_map_msgs/srv/detail/dds_fastrtps/get_partial_point_cloud_map__type_support.cpp.o[0m
[ 28%] [32mBuilding CXX object CMakeFiles/autoware_map_msgs__rosidl_typesupport_fastrtps_cpp.dir/rosidl_typesupport_fastrtps_cpp/autoware_map_msgs/srv/detail/dds_fastrtps/get_differential_point_cloud_map__type_support.cpp.o[0m
[35m[1mScanning dependencies of target autoware_map_msgs__rosidl_typesupport_introspection_cpp[0m
[ 30%] [32mBuilding CXX object CMakeFiles/autoware_map_msgs__rosidl_typesupport_introspection_cpp.dir/rosidl_typesupport_introspection_cpp/autoware_map_msgs/msg/detail/area_info__type_support.cpp.o[0m
[ 31%] [32mBuilding CXX object CMakeFiles/autoware_map_msgs__rosidl_typesupport_introspection_cpp.dir/rosidl_typesupport_introspection_cpp/autoware_map_msgs/msg/detail/point_cloud_map_cell_with_id__type_support.cpp.o[0m
[ 33%] [32mBuilding CXX object CMakeFiles/autoware_map_msgs__rosidl_typesupport_introspection_cpp.dir/rosidl_typesupport_introspection_cpp/autoware_map_msgs/msg/detail/lanelet_map_bin__type_support.cpp.o[0m
[ 34%] [32mBuilding CXX object CMakeFiles/autoware_map_msgs__rosidl_typesupport_introspection_cpp.dir/rosidl_typesupport_introspection_cpp/autoware_map_msgs/srv/detail/get_partial_point_cloud_map__type_support.cpp.o[0m
[ 36%] [32mBuilding CXX object CMakeFiles/autoware_map_msgs__rosidl_typesupport_introspection_cpp.dir/rosidl_typesupport_introspection_cpp/autoware_map_msgs/srv/detail/get_differential_point_cloud_map__type_support.cpp.o[0m
[35m[1mScanning dependencies of target autoware_map_msgs__rosidl_typesupport_cpp[0m
[ 38%] [32mBuilding CXX object CMakeFiles/autoware_map_msgs__rosidl_typesupport_cpp.dir/rosidl_typesupport_cpp/autoware_map_msgs/msg/lanelet_map_bin__type_support.cpp.o[0m
[ 39%] [32mBuilding CXX object CMakeFiles/autoware_map_msgs__rosidl_typesupport_cpp.dir/rosidl_typesupport_cpp/autoware_map_msgs/msg/area_info__type_support.cpp.o[0m
[ 41%] [32mBuilding CXX object CMakeFiles/autoware_map_msgs__rosidl_typesupport_cpp.dir/rosidl_typesupport_cpp/autoware_map_msgs/msg/point_cloud_map_cell_with_id__type_support.cpp.o[0m
[ 42%] [32mBuilding CXX object CMakeFiles/autoware_map_msgs__rosidl_typesupport_cpp.dir/rosidl_typesupport_cpp/autoware_map_msgs/srv/get_partial_point_cloud_map__type_support.cpp.o[0m
[35m[1mScanning dependencies of target autoware_map_msgs__rosidl_typesupport_c[0m
[ 44%] [32mBuilding CXX object CMakeFiles/autoware_map_msgs__rosidl_typesupport_c.dir/rosidl_typesupport_c/autoware_map_msgs/msg/area_info__type_support.cpp.o[0m
[ 46%] [32mBuilding CXX object CMakeFiles/autoware_map_msgs__rosidl_typesupport_c.dir/rosidl_typesupport_c/autoware_map_msgs/msg/lanelet_map_bin__type_support.cpp.o[0m
[35m[1mScanning dependencies of target autoware_map_msgs__rosidl_typesupport_introspection_c[0m
[ 47%] [32mBuilding CXX object CMakeFiles/autoware_map_msgs__rosidl_typesupport_c.dir/rosidl_typesupport_c/autoware_map_msgs/msg/point_cloud_map_cell_with_id__type_support.cpp.o[0m
[ 49%] [32mBuilding C object CMakeFiles/autoware_map_msgs__rosidl_typesupport_introspection_c.dir/rosidl_typesupport_introspection_c/autoware_map_msgs/msg/detail/area_info__type_support.c.o[0m
[ 50%] [32mBuilding CXX object CMakeFiles/autoware_map_msgs__rosidl_typesupport_c.dir/rosidl_typesupport_c/autoware_map_msgs/srv/get_partial_point_cloud_map__type_support.cpp.o[0m
[ 52%] [32mBuilding C object CMakeFiles/autoware_map_msgs__rosidl_typesupport_introspection_c.dir/rosidl_typesupport_introspection_c/autoware_map_msgs/msg/detail/lanelet_map_bin__type_support.c.o[0m
[ 53%] [32mBuilding CXX object CMakeFiles/autoware_map_msgs__rosidl_typesupport_c.dir/rosidl_typesupport_c/autoware_map_msgs/srv/get_differential_point_cloud_map__type_support.cpp.o[0m
[ 55%] [32mBuilding C object CMakeFiles/autoware_map_msgs__rosidl_typesupport_introspection_c.dir/rosidl_typesupport_introspection_c/autoware_map_msgs/msg/detail/point_cloud_map_cell_with_id__type_support.c.o[0m
[ 57%] [32m[1mLinking CXX shared library libautoware_map_msgs__rosidl_typesupport_c.so[0m
[ 58%] [32mBuilding C object CMakeFiles/autoware_map_msgs__rosidl_typesupport_introspection_c.dir/rosidl_typesupport_introspection_c/autoware_map_msgs/srv/detail/get_differential_point_cloud_map__type_support.c.o[0m
[ 58%] Built target autoware_map_msgs__rosidl_typesupport_c
[ 60%] [32mBuilding C object CMakeFiles/autoware_map_msgs__rosidl_typesupport_introspection_c.dir/rosidl_typesupport_introspection_c/autoware_map_msgs/srv/detail/get_partial_point_cloud_map__type_support.c.o[0m
[ 61%] [32m[1mLinking C shared library libautoware_map_msgs__rosidl_typesupport_introspection_c.so[0m
[ 61%] Built target autoware_map_msgs__rosidl_typesupport_introspection_c
[ 63%] [32mBuilding CXX object CMakeFiles/autoware_map_msgs__rosidl_typesupport_cpp.dir/rosidl_typesupport_cpp/autoware_map_msgs/srv/get_differential_point_cloud_map__type_support.cpp.o[0m
[ 65%] [32m[1mLinking CXX shared library libautoware_map_msgs__rosidl_typesupport_fastrtps_cpp.so[0m
[ 66%] [32m[1mLinking CXX shared library libautoware_map_msgs__rosidl_typesupport_introspection_cpp.so[0m
[ 66%] Built target autoware_map_msgs__rosidl_typesupport_introspection_cpp
[ 66%] Built target autoware_map_msgs__rosidl_typesupport_fastrtps_cpp
[ 68%] [32m[1mLinking CXX shared library libautoware_map_msgs__rosidl_typesupport_cpp.so[0m
[ 68%] Built target autoware_map_msgs__rosidl_typesupport_cpp
[ 69%] [34m[1mGenerating C type support for eProsima Fast-RTPS[0m
[35m[1mScanning dependencies of target autoware_map_msgs__rosidl_typesupport_fastrtps_c[0m
[ 71%] [32mBuilding CXX object CMakeFiles/autoware_map_msgs__rosidl_typesupport_fastrtps_c.dir/rosidl_typesupport_fastrtps_c/autoware_map_msgs/msg/detail/area_info__type_support_c.cpp.o[0m
[ 73%] [32mBuilding CXX object CMakeFiles/autoware_map_msgs__rosidl_typesupport_fastrtps_c.dir/rosidl_typesupport_fastrtps_c/autoware_map_msgs/srv/detail/get_differential_point_cloud_map__type_support_c.cpp.o[0m
[ 74%] [32mBuilding CXX object CMakeFiles/autoware_map_msgs__rosidl_typesupport_fastrtps_c.dir/rosidl_typesupport_fastrtps_c/autoware_map_msgs/srv/detail/get_partial_point_cloud_map__type_support_c.cpp.o[0m
[ 76%] [32mBuilding CXX object CMakeFiles/autoware_map_msgs__rosidl_typesupport_fastrtps_c.dir/rosidl_typesupport_fastrtps_c/autoware_map_msgs/msg/detail/point_cloud_map_cell_with_id__type_support_c.cpp.o[0m
[ 77%] [32mBuilding CXX object CMakeFiles/autoware_map_msgs__rosidl_typesupport_fastrtps_c.dir/rosidl_typesupport_fastrtps_c/autoware_map_msgs/msg/detail/lanelet_map_bin__type_support_c.cpp.o[0m
[ 79%] [32m[1mLinking CXX shared library libautoware_map_msgs__rosidl_typesupport_fastrtps_c.so[0m
[ 79%] Built target autoware_map_msgs__rosidl_typesupport_fastrtps_c
[35m[1mScanning dependencies of target autoware_map_msgs[0m
[ 79%] Built target autoware_map_msgs
[35m[1mScanning dependencies of target autoware_map_msgs__py[0m
[ 80%] [34m[1mGenerating Python code for ROS interfaces[0m
[ 80%] Built target autoware_map_msgs__py
[35m[1mScanning dependencies of target autoware_map_msgs__python[0m
[ 82%] [32mBuilding C object CMakeFiles/autoware_map_msgs__python.dir/rosidl_generator_py/autoware_map_msgs/msg/_area_info_s.c.o[0m
[ 84%] [32mBuilding C object CMakeFiles/autoware_map_msgs__python.dir/rosidl_generator_py/autoware_map_msgs/srv/_get_differential_point_cloud_map_s.c.o[0m
[ 85%] [32mBuilding C object CMakeFiles/autoware_map_msgs__python.dir/rosidl_generator_py/autoware_map_msgs/srv/_get_partial_point_cloud_map_s.c.o[0m
[ 87%] [32mBuilding C object CMakeFiles/autoware_map_msgs__python.dir/rosidl_generator_py/autoware_map_msgs/msg/_point_cloud_map_cell_with_id_s.c.o[0m
[ 88%] [32mBuilding C object CMakeFiles/autoware_map_msgs__python.dir/rosidl_generator_py/autoware_map_msgs/msg/_lanelet_map_bin_s.c.o[0m
[ 90%] [32m[1mLinking C shared library rosidl_generator_py/autoware_map_msgs/libautoware_map_msgs__python.so[0m
[ 90%] Built target autoware_map_msgs__python
[35m[1mScanning dependencies of target autoware_map_msgs__rosidl_typesupport_introspection_c__pyext[0m
[ 92%] [32mBuilding C object CMakeFiles/autoware_map_msgs__rosidl_typesupport_introspection_c__pyext.dir/rosidl_generator_py/autoware_map_msgs/_autoware_map_msgs_s.ep.rosidl_typesupport_introspection_c.c.o[0m
[ 93%] [32m[1mLinking C shared library rosidl_generator_py/autoware_map_msgs/autoware_map_msgs_s__rosidl_typesupport_introspection_c.cpython-38-x86_64-linux-gnu.so[0m
[ 93%] Built target autoware_map_msgs__rosidl_typesupport_introspection_c__pyext
[35m[1mScanning dependencies of target autoware_map_msgs__rosidl_typesupport_c__pyext[0m
[ 95%] [32mBuilding C object CMakeFiles/autoware_map_msgs__rosidl_typesupport_c__pyext.dir/rosidl_generator_py/autoware_map_msgs/_autoware_map_msgs_s.ep.rosidl_typesupport_c.c.o[0m
[ 96%] [32m[1mLinking C shared library rosidl_generator_py/autoware_map_msgs/autoware_map_msgs_s__rosidl_typesupport_c.cpython-38-x86_64-linux-gnu.so[0m
[ 96%] Built target autoware_map_msgs__rosidl_typesupport_c__pyext
[35m[1mScanning dependencies of target autoware_map_msgs__rosidl_typesupport_fastrtps_c__pyext[0m
[ 98%] [32mBuilding C object CMakeFiles/autoware_map_msgs__rosidl_typesupport_fastrtps_c__pyext.dir/rosidl_generator_py/autoware_map_msgs/_autoware_map_msgs_s.ep.rosidl_typesupport_fastrtps_c.c.o[0m
[100%] [32m[1mLinking CXX shared library rosidl_generator_py/autoware_map_msgs/autoware_map_msgs_s__rosidl_typesupport_fastrtps_c.cpython-38-x86_64-linux-gnu.so[0m
[100%] Built target autoware_map_msgs__rosidl_typesupport_fastrtps_c__pyext
-- Install configuration: "Release"
-- Execute custom install script
-- Symlinking: /home/cityu/autoware/install/autoware_map_msgs/share/ament_index/resource_index/rosidl_interfaces/autoware_map_msgs
-- Symlinking: /home/cityu/autoware/install/autoware_map_msgs/include/autoware_map_msgs/msg/area_info.h
-- Symlinking: /home/cityu/autoware/install/autoware_map_msgs/include/autoware_map_msgs/msg/detail/area_info__functions.h
-- Symlinking: /home/cityu/autoware/install/autoware_map_msgs/include/autoware_map_msgs/msg/detail/area_info__struct.h
-- Symlinking: /home/cityu/autoware/install/autoware_map_msgs/include/autoware_map_msgs/msg/detail/area_info__type_support.h
-- Symlinking: /home/cityu/autoware/install/autoware_map_msgs/include/autoware_map_msgs/msg/detail/lanelet_map_bin__functions.h
-- Symlinking: /home/cityu/autoware/install/autoware_map_msgs/include/autoware_map_msgs/msg/detail/lanelet_map_bin__struct.h
-- Symlinking: /home/cityu/autoware/install/autoware_map_msgs/include/autoware_map_msgs/msg/detail/lanelet_map_bin__type_support.h
-- Symlinking: /home/cityu/autoware/install/autoware_map_msgs/include/autoware_map_msgs/msg/detail/point_cloud_map_cell_with_id__functions.h
-- Symlinking: /home/cityu/autoware/install/autoware_map_msgs/include/autoware_map_msgs/msg/detail/point_cloud_map_cell_with_id__struct.h
-- Symlinking: /home/cityu/autoware/install/autoware_map_msgs/include/autoware_map_msgs/msg/detail/point_cloud_map_cell_with_id__type_support.h
-- Symlinking: /home/cityu/autoware/install/autoware_map_msgs/include/autoware_map_msgs/msg/lanelet_map_bin.h
-- Symlinking: /home/cityu/autoware/install/autoware_map_msgs/include/autoware_map_msgs/msg/point_cloud_map_cell_with_id.h
-- Symlinking: /home/cityu/autoware/install/autoware_map_msgs/include/autoware_map_msgs/msg/rosidl_generator_c__visibility_control.h
-- Symlinking: /home/cityu/autoware/install/autoware_map_msgs/include/autoware_map_msgs/srv/detail/get_differential_point_cloud_map__functions.h
-- Symlinking: /home/cityu/autoware/install/autoware_map_msgs/include/autoware_map_msgs/srv/detail/get_differential_point_cloud_map__struct.h
-- Symlinking: /home/cityu/autoware/install/autoware_map_msgs/include/autoware_map_msgs/srv/detail/get_differential_point_cloud_map__type_support.h
-- Symlinking: /home/cityu/autoware/install/autoware_map_msgs/include/autoware_map_msgs/srv/detail/get_partial_point_cloud_map__functions.h
-- Symlinking: /home/cityu/autoware/install/autoware_map_msgs/include/autoware_map_msgs/srv/detail/get_partial_point_cloud_map__struct.h
-- Symlinking: /home/cityu/autoware/install/autoware_map_msgs/include/autoware_map_msgs/srv/detail/get_partial_point_cloud_map__type_support.h
-- Symlinking: /home/cityu/autoware/install/autoware_map_msgs/include/autoware_map_msgs/srv/get_differential_point_cloud_map.h
-- Symlinking: /home/cityu/autoware/install/autoware_map_msgs/include/autoware_map_msgs/srv/get_partial_point_cloud_map.h
-- Symlinking: /home/cityu/autoware/install/autoware_map_msgs/share/autoware_map_msgs/environment/library_path.sh
-- Symlinking: /home/cityu/autoware/install/autoware_map_msgs/share/autoware_map_msgs/environment/library_path.dsv
-- Symlinking: /home/cityu/autoware/install/autoware_map_msgs/include/autoware_map_msgs/msg/detail/area_info__rosidl_typesupport_fastrtps_c.h
-- Symlinking: /home/cityu/autoware/install/autoware_map_msgs/include/autoware_map_msgs/msg/detail/lanelet_map_bin__rosidl_typesupport_fastrtps_c.h
-- Symlinking: /home/cityu/autoware/install/autoware_map_msgs/include/autoware_map_msgs/msg/detail/point_cloud_map_cell_with_id__rosidl_typesupport_fastrtps_c.h
-- Symlinking: /home/cityu/autoware/install/autoware_map_msgs/include/autoware_map_msgs/msg/rosidl_typesupport_fastrtps_c__visibility_control.h
-- Symlinking: /home/cityu/autoware/install/autoware_map_msgs/include/autoware_map_msgs/srv/detail/get_differential_point_cloud_map__rosidl_typesupport_fastrtps_c.h
-- Symlinking: /home/cityu/autoware/install/autoware_map_msgs/include/autoware_map_msgs/srv/detail/get_partial_point_cloud_map__rosidl_typesupport_fastrtps_c.h
-- Symlinking: /home/cityu/autoware/install/autoware_map_msgs/lib/libautoware_map_msgs__rosidl_typesupport_fastrtps_c.so
-- Symlinking: /home/cityu/autoware/install/autoware_map_msgs/include/autoware_map_msgs/msg/detail/area_info__rosidl_typesupport_fastrtps_cpp.hpp
-- Symlinking: /home/cityu/autoware/install/autoware_map_msgs/include/autoware_map_msgs/msg/detail/lanelet_map_bin__rosidl_typesupport_fastrtps_cpp.hpp
-- Symlinking: /home/cityu/autoware/install/autoware_map_msgs/include/autoware_map_msgs/msg/detail/point_cloud_map_cell_with_id__rosidl_typesupport_fastrtps_cpp.hpp
-- Symlinking: /home/cityu/autoware/install/autoware_map_msgs/include/autoware_map_msgs/msg/rosidl_typesupport_fastrtps_cpp__visibility_control.h
-- Symlinking: /home/cityu/autoware/install/autoware_map_msgs/include/autoware_map_msgs/srv/detail/get_differential_point_cloud_map__rosidl_typesupport_fastrtps_cpp.hpp
-- Symlinking: /home/cityu/autoware/install/autoware_map_msgs/include/autoware_map_msgs/srv/detail/get_partial_point_cloud_map__rosidl_typesupport_fastrtps_cpp.hpp
-- Symlinking: /home/cityu/autoware/install/autoware_map_msgs/lib/libautoware_map_msgs__rosidl_typesupport_fastrtps_cpp.so
-- Symlinking: /home/cityu/autoware/install/autoware_map_msgs/include/autoware_map_msgs/msg/detail/area_info__rosidl_typesupport_introspection_c.h
-- Symlinking: /home/cityu/autoware/install/autoware_map_msgs/include/autoware_map_msgs/msg/detail/lanelet_map_bin__rosidl_typesupport_introspection_c.h
-- Symlinking: /home/cityu/autoware/install/autoware_map_msgs/include/autoware_map_msgs/msg/detail/point_cloud_map_cell_with_id__rosidl_typesupport_introspection_c.h
-- Symlinking: /home/cityu/autoware/install/autoware_map_msgs/include/autoware_map_msgs/msg/rosidl_typesupport_introspection_c__visibility_control.h
-- Symlinking: /home/cityu/autoware/install/autoware_map_msgs/include/autoware_map_msgs/srv/detail/get_differential_point_cloud_map__rosidl_typesupport_introspection_c.h
-- Symlinking: /home/cityu/autoware/install/autoware_map_msgs/include/autoware_map_msgs/srv/detail/get_partial_point_cloud_map__rosidl_typesupport_introspection_c.h
-- Symlinking: /home/cityu/autoware/install/autoware_map_msgs/include/autoware_map_msgs/msg/area_info.hpp
-- Symlinking: /home/cityu/autoware/install/autoware_map_msgs/include/autoware_map_msgs/msg/detail/area_info__builder.hpp
-- Symlinking: /home/cityu/autoware/install/autoware_map_msgs/include/autoware_map_msgs/msg/detail/area_info__struct.hpp
-- Symlinking: /home/cityu/autoware/install/autoware_map_msgs/include/autoware_map_msgs/msg/detail/area_info__traits.hpp
-- Symlinking: /home/cityu/autoware/install/autoware_map_msgs/include/autoware_map_msgs/msg/detail/lanelet_map_bin__builder.hpp
-- Symlinking: /home/cityu/autoware/install/autoware_map_msgs/include/autoware_map_msgs/msg/detail/lanelet_map_bin__struct.hpp
-- Symlinking: /home/cityu/autoware/install/autoware_map_msgs/include/autoware_map_msgs/msg/detail/lanelet_map_bin__traits.hpp
-- Symlinking: /home/cityu/autoware/install/autoware_map_msgs/include/autoware_map_msgs/msg/detail/point_cloud_map_cell_with_id__builder.hpp
-- Symlinking: /home/cityu/autoware/install/autoware_map_msgs/include/autoware_map_msgs/msg/detail/point_cloud_map_cell_with_id__struct.hpp
-- Symlinking: /home/cityu/autoware/install/autoware_map_msgs/include/autoware_map_msgs/msg/detail/point_cloud_map_cell_with_id__traits.hpp
-- Symlinking: /home/cityu/autoware/install/autoware_map_msgs/include/autoware_map_msgs/msg/lanelet_map_bin.hpp
-- Symlinking: /home/cityu/autoware/install/autoware_map_msgs/include/autoware_map_msgs/msg/point_cloud_map_cell_with_id.hpp
-- Symlinking: /home/cityu/autoware/install/autoware_map_msgs/include/autoware_map_msgs/srv/detail/get_differential_point_cloud_map__builder.hpp
-- Symlinking: /home/cityu/autoware/install/autoware_map_msgs/include/autoware_map_msgs/srv/detail/get_differential_point_cloud_map__struct.hpp
-- Symlinking: /home/cityu/autoware/install/autoware_map_msgs/include/autoware_map_msgs/srv/detail/get_differential_point_cloud_map__traits.hpp
-- Symlinking: /home/cityu/autoware/install/autoware_map_msgs/include/autoware_map_msgs/srv/detail/get_partial_point_cloud_map__builder.hpp
-- Symlinking: /home/cityu/autoware/install/autoware_map_msgs/include/autoware_map_msgs/srv/detail/get_partial_point_cloud_map__struct.hpp
-- Symlinking: /home/cityu/autoware/install/autoware_map_msgs/include/autoware_map_msgs/srv/detail/get_partial_point_cloud_map__traits.hpp
-- Symlinking: /home/cityu/autoware/install/autoware_map_msgs/include/autoware_map_msgs/srv/get_differential_point_cloud_map.hpp
-- Symlinking: /home/cityu/autoware/install/autoware_map_msgs/include/autoware_map_msgs/srv/get_partial_point_cloud_map.hpp
-- Symlinking: /home/cityu/autoware/install/autoware_map_msgs/include/autoware_map_msgs/msg/detail/area_info__rosidl_typesupport_introspection_cpp.hpp
-- Symlinking: /home/cityu/autoware/install/autoware_map_msgs/include/autoware_map_msgs/msg/detail/lanelet_map_bin__rosidl_typesupport_introspection_cpp.hpp
-- Symlinking: /home/cityu/autoware/install/autoware_map_msgs/include/autoware_map_msgs/msg/detail/point_cloud_map_cell_with_id__rosidl_typesupport_introspection_cpp.hpp
-- Symlinking: /home/cityu/autoware/install/autoware_map_msgs/include/autoware_map_msgs/srv/detail/get_differential_point_cloud_map__rosidl_typesupport_introspection_cpp.hpp
-- Symlinking: /home/cityu/autoware/install/autoware_map_msgs/include/autoware_map_msgs/srv/detail/get_partial_point_cloud_map__rosidl_typesupport_introspection_cpp.hpp
-- Symlinking: /home/cityu/autoware/install/autoware_map_msgs/share/autoware_map_msgs/environment/pythonpath.sh
-- Symlinking: /home/cityu/autoware/install/autoware_map_msgs/share/autoware_map_msgs/environment/pythonpath.dsv
-- Symlinking: /home/cityu/autoware/install/autoware_map_msgs/lib/python3.8/site-packages/autoware_map_msgs/__init__.py
-- Symlinking: /home/cityu/autoware/install/autoware_map_msgs/lib/python3.8/site-packages/autoware_map_msgs/msg/__init__.py
-- Symlinking: /home/cityu/autoware/install/autoware_map_msgs/lib/python3.8/site-packages/autoware_map_msgs/msg/_area_info.py
-- Symlinking: /home/cityu/autoware/install/autoware_map_msgs/lib/python3.8/site-packages/autoware_map_msgs/msg/_lanelet_map_bin.py
-- Symlinking: /home/cityu/autoware/install/autoware_map_msgs/lib/python3.8/site-packages/autoware_map_msgs/msg/_point_cloud_map_cell_with_id.py
-- Symlinking: /home/cityu/autoware/install/autoware_map_msgs/lib/python3.8/site-packages/autoware_map_msgs/srv/__init__.py
-- Symlinking: /home/cityu/autoware/install/autoware_map_msgs/lib/python3.8/site-packages/autoware_map_msgs/srv/_get_differential_point_cloud_map.py
-- Symlinking: /home/cityu/autoware/install/autoware_map_msgs/lib/python3.8/site-packages/autoware_map_msgs/srv/_get_partial_point_cloud_map.py
-- Symlinking: /home/cityu/autoware/install/autoware_map_msgs/lib/python3.8/site-packages/autoware_map_msgs/autoware_map_msgs_s__rosidl_typesupport_fastrtps_c.cpython-38-x86_64-linux-gnu.so
-- Symlinking: /home/cityu/autoware/install/autoware_map_msgs/lib/python3.8/site-packages/autoware_map_msgs/autoware_map_msgs_s__rosidl_typesupport_introspection_c.cpython-38-x86_64-linux-gnu.so
-- Symlinking: /home/cityu/autoware/install/autoware_map_msgs/lib/python3.8/site-packages/autoware_map_msgs/autoware_map_msgs_s__rosidl_typesupport_c.cpython-38-x86_64-linux-gnu.so
-- Symlinking: /home/cityu/autoware/install/autoware_map_msgs/lib/libautoware_map_msgs__python.so
-- Symlinking: /home/cityu/autoware/install/autoware_map_msgs/share/autoware_map_msgs/msg/AreaInfo.idl
-- Symlinking: /home/cityu/autoware/install/autoware_map_msgs/share/autoware_map_msgs/msg/LaneletMapBin.idl
-- Symlinking: /home/cityu/autoware/install/autoware_map_msgs/share/autoware_map_msgs/msg/PointCloudMapCellWithID.idl
-- Symlinking: /home/cityu/autoware/install/autoware_map_msgs/share/autoware_map_msgs/srv/GetPartialPointCloudMap.idl
-- Symlinking: /home/cityu/autoware/install/autoware_map_msgs/share/autoware_map_msgs/srv/GetDifferentialPointCloudMap.idl
-- Symlinking: /home/cityu/autoware/install/autoware_map_msgs/share/autoware_map_msgs/msg/AreaInfo.msg
-- Symlinking: /home/cityu/autoware/install/autoware_map_msgs/share/autoware_map_msgs/msg/LaneletMapBin.msg
-- Symlinking: /home/cityu/autoware/install/autoware_map_msgs/share/autoware_map_msgs/msg/PointCloudMapCellWithID.msg
-- Symlinking: /home/cityu/autoware/install/autoware_map_msgs/share/autoware_map_msgs/srv/GetPartialPointCloudMap.srv
-- Symlinking: /home/cityu/autoware/install/autoware_map_msgs/share/autoware_map_msgs/srv/GetPartialPointCloudMap_Request.msg
-- Symlinking: /home/cityu/autoware/install/autoware_map_msgs/share/autoware_map_msgs/srv/GetPartialPointCloudMap_Response.msg
-- Symlinking: /home/cityu/autoware/install/autoware_map_msgs/share/autoware_map_msgs/srv/GetDifferentialPointCloudMap.srv
-- Symlinking: /home/cityu/autoware/install/autoware_map_msgs/share/autoware_map_msgs/srv/GetDifferentialPointCloudMap_Request.msg
-- Symlinking: /home/cityu/autoware/install/autoware_map_msgs/share/autoware_map_msgs/srv/GetDifferentialPointCloudMap_Response.msg
-- Symlinking: /home/cityu/autoware/install/autoware_map_msgs/share/ament_index/resource_index/package_run_dependencies/autoware_map_msgs
-- Symlinking: /home/cityu/autoware/install/autoware_map_msgs/share/ament_index/resource_index/parent_prefix_path/autoware_map_msgs
-- Symlinking: /home/cityu/autoware/install/autoware_map_msgs/share/autoware_map_msgs/environment/ament_prefix_path.sh
-- Symlinking: /home/cityu/autoware/install/autoware_map_msgs/share/autoware_map_msgs/environment/ament_prefix_path.dsv
-- Symlinking: /home/cityu/autoware/install/autoware_map_msgs/share/autoware_map_msgs/environment/path.sh
-- Symlinking: /home/cityu/autoware/install/autoware_map_msgs/share/autoware_map_msgs/environment/path.dsv
-- Symlinking: /home/cityu/autoware/install/autoware_map_msgs/share/autoware_map_msgs/local_setup.bash
-- Symlinking: /home/cityu/autoware/install/autoware_map_msgs/share/autoware_map_msgs/local_setup.sh
-- Symlinking: /home/cityu/autoware/install/autoware_map_msgs/share/autoware_map_msgs/local_setup.zsh
-- Symlinking: /home/cityu/autoware/install/autoware_map_msgs/share/autoware_map_msgs/local_setup.dsv
-- Symlinking: /home/cityu/autoware/install/autoware_map_msgs/share/autoware_map_msgs/package.dsv
-- Symlinking: /home/cityu/autoware/install/autoware_map_msgs/share/ament_index/resource_index/packages/autoware_map_msgs
-- Symlinking: /home/cityu/autoware/install/autoware_map_msgs/share/autoware_map_msgs/cmake/rosidl_cmake-extras.cmake
-- Symlinking: /home/cityu/autoware/install/autoware_map_msgs/share/autoware_map_msgs/cmake/ament_cmake_export_dependencies-extras.cmake
-- Symlinking: /home/cityu/autoware/install/autoware_map_msgs/share/autoware_map_msgs/cmake/ament_cmake_export_libraries-extras.cmake
-- Symlinking: /home/cityu/autoware/install/autoware_map_msgs/share/autoware_map_msgs/cmake/ament_cmake_export_targets-extras.cmake
-- Symlinking: /home/cityu/autoware/install/autoware_map_msgs/share/autoware_map_msgs/cmake/ament_cmake_export_include_directories-extras.cmake
-- Symlinking: /home/cityu/autoware/install/autoware_map_msgs/share/autoware_map_msgs/cmake/rosidl_cmake_export_typesupport_libraries-extras.cmake
-- Symlinking: /home/cityu/autoware/install/autoware_map_msgs/share/autoware_map_msgs/cmake/rosidl_cmake_export_typesupport_targets-extras.cmake
-- Symlinking: /home/cityu/autoware/install/autoware_map_msgs/share/autoware_map_msgs/cmake/autoware_map_msgsConfig.cmake
-- Symlinking: /home/cityu/autoware/install/autoware_map_msgs/share/autoware_map_msgs/cmake/autoware_map_msgsConfig-version.cmake
-- Symlinking: /home/cityu/autoware/install/autoware_map_msgs/share/autoware_map_msgs/package.xml
-- Installing: /home/cityu/autoware/install/autoware_map_msgs/lib/libautoware_map_msgs__rosidl_generator_c.so
-- Set runtime path of "/home/cityu/autoware/install/autoware_map_msgs/lib/libautoware_map_msgs__rosidl_generator_c.so" to ""
-- Installing: /home/cityu/autoware/install/autoware_map_msgs/lib/libautoware_map_msgs__rosidl_typesupport_introspection_c.so
-- Set runtime path of "/home/cityu/autoware/install/autoware_map_msgs/lib/libautoware_map_msgs__rosidl_typesupport_introspection_c.so" to ""
-- Installing: /home/cityu/autoware/install/autoware_map_msgs/lib/libautoware_map_msgs__rosidl_typesupport_c.so
-- Set runtime path of "/home/cityu/autoware/install/autoware_map_msgs/lib/libautoware_map_msgs__rosidl_typesupport_c.so" to ""
-- Installing: /home/cityu/autoware/install/autoware_map_msgs/lib/libautoware_map_msgs__rosidl_typesupport_introspection_cpp.so
-- Set runtime path of "/home/cityu/autoware/install/autoware_map_msgs/lib/libautoware_map_msgs__rosidl_typesupport_introspection_cpp.so" to ""
-- Installing: /home/cityu/autoware/install/autoware_map_msgs/lib/libautoware_map_msgs__rosidl_typesupport_cpp.so
-- Set runtime path of "/home/cityu/autoware/install/autoware_map_msgs/lib/libautoware_map_msgs__rosidl_typesupport_cpp.so" to ""
Compiling '/home/cityu/autoware/install/autoware_map_msgs/lib/python3.8/site-packages/autoware_map_msgs/__init__.py'...
-- Installing: /home/cityu/autoware/install/autoware_map_msgs/share/autoware_map_msgs/cmake/autoware_map_msgs__rosidl_generator_cExport.cmake
-- Installing: /home/cityu/autoware/install/autoware_map_msgs/share/autoware_map_msgs/cmake/autoware_map_msgs__rosidl_generator_cExport-release.cmake
-- Installing: /home/cityu/autoware/install/autoware_map_msgs/share/autoware_map_msgs/cmake/autoware_map_msgs__rosidl_typesupport_introspection_cExport.cmake
-- Installing: /home/cityu/autoware/install/autoware_map_msgs/share/autoware_map_msgs/cmake/autoware_map_msgs__rosidl_typesupport_introspection_cExport-release.cmake
-- Installing: /home/cityu/autoware/install/autoware_map_msgs/share/autoware_map_msgs/cmake/autoware_map_msgs__rosidl_typesupport_cExport.cmake
-- Installing: /home/cityu/autoware/install/autoware_map_msgs/share/autoware_map_msgs/cmake/autoware_map_msgs__rosidl_typesupport_cExport-release.cmake
-- Installing: /home/cityu/autoware/install/autoware_map_msgs/share/autoware_map_msgs/cmake/autoware_map_msgs__rosidl_generator_cppExport.cmake
-- Installing: /home/cityu/autoware/install/autoware_map_msgs/share/autoware_map_msgs/cmake/autoware_map_msgs__rosidl_typesupport_introspection_cppExport.cmake
-- Installing: /home/cityu/autoware/install/autoware_map_msgs/share/autoware_map_msgs/cmake/autoware_map_msgs__rosidl_typesupport_introspection_cppExport-release.cmake
-- Installing: /home/cityu/autoware/install/autoware_map_msgs/share/autoware_map_msgs/cmake/autoware_map_msgs__rosidl_typesupport_cppExport.cmake
-- Installing: /home/cityu/autoware/install/autoware_map_msgs/share/autoware_map_msgs/cmake/autoware_map_msgs__rosidl_typesupport_cppExport-release.cmake
