[0.066s] Invoking command in '/home/cityu/autoware/build/autoware_map_msgs': CMAKE_PREFIX_PATH=/opt/ros/galactic /usr/bin/cmake /home/cityu/autoware/src/core/autoware_msgs/autoware_map_msgs -DCMAKE_BUILD_TYPE=Release -DAMENT_CMAKE_SYMLINK_INSTALL=1 -DCMAKE_INSTALL_PREFIX=/home/cityu/autoware/install/autoware_map_msgs
[2.664s] -- The C compiler identification is GNU 9.4.0
[2.665s] -- The CXX compiler identification is GNU 9.4.0
[2.665s] -- Check for working C compiler: /usr/bin/cc
[2.666s] -- Check for working C compiler: /usr/bin/cc -- works
[2.666s] -- Detecting C compiler ABI info
[2.666s] -- Detecting C compiler ABI info - done
[2.666s] -- Detecting C compile features
[2.666s] -- Detecting C compile features - done
[2.666s] -- Check for working CXX compiler: /usr/bin/c++
[2.666s] -- Check for working CXX compiler: /usr/bin/c++ -- works
[2.666s] -- Detecting CXX compiler ABI info
[2.666s] -- Detecting CXX compiler ABI info - done
[2.667s] -- Detecting CXX compile features
[2.667s] -- Detecting CXX compile features - done
[2.667s] -- Found ament_cmake_auto: 1.1.6 (/opt/ros/galactic/share/ament_cmake_auto/cmake)
[2.667s] -- Found PythonInterp: /usr/bin/python3 (found suitable version "3.8.10", minimum required is "3") 
[2.667s] -- Using PYTHON_EXECUTABLE: /usr/bin/python3
[2.667s] -- Override CMake install command with custom implementation using symlinks instead of copying resources
[2.667s] -- Using all available rosidl_typesupport_c: rosidl_typesupport_fastrtps_c;rosidl_typesupport_introspection_c
[2.667s] -- Found rosidl_adapter: 2.2.3 (/opt/ros/galactic/share/rosidl_adapter/cmake)
[2.667s] -- Found OpenSSL: /usr/lib/x86_64-linux-gnu/libcrypto.so (found version "1.1.1f")  
[2.668s] -- Found FastRTPS: /opt/ros/galactic/include  
[2.668s] -- Using all available rosidl_typesupport_cpp: rosidl_typesupport_fastrtps_cpp;rosidl_typesupport_introspection_cpp
[2.668s] -- Found PythonInterp: /usr/bin/python3 (found version "3.8.10") 
[2.668s] -- Found ament_cmake_cppcheck: 0.10.7 (/opt/ros/galactic/share/ament_cmake_cppcheck/cmake)
[2.668s] -- Found ament_cmake_cpplint: 0.10.7 (/opt/ros/galactic/share/ament_cmake_cpplint/cmake)
[2.668s] -- Found ament_cmake_uncrustify: 0.10.7 (/opt/ros/galactic/share/ament_cmake_uncrustify/cmake)
[2.668s] -- Found ament_cmake_ros: 0.9.2 (/opt/ros/galactic/share/ament_cmake_ros/cmake)
[2.850s] -- Using all available rosidl_typesupport_c: rosidl_typesupport_fastrtps_c;rosidl_typesupport_introspection_c
[3.171s] -- Using all available rosidl_typesupport_cpp: rosidl_typesupport_fastrtps_cpp;rosidl_typesupport_introspection_cpp
[3.232s] -- Found PythonInterp: /usr/bin/python3 (found suitable version "3.8.10", minimum required is "3.5") 
[3.234s] -- Found python_cmake_module: 0.8.1 (/opt/ros/galactic/share/python_cmake_module/cmake)
[3.278s] -- Found PythonLibs: /usr/lib/x86_64-linux-gnu/libpython3.8.so (found suitable version "3.8.10", minimum required is "3.5") 
[3.279s] -- Using PYTHON_EXECUTABLE: /usr/bin/python3
[3.279s] -- Using PYTHON_INCLUDE_DIRS: /usr/include/python3.8
[3.279s] -- Using PYTHON_LIBRARIES: /usr/lib/x86_64-linux-gnu/libpython3.8.so
[3.369s] -- Found PythonExtra: .so  
[4.016s] -- Found ament_cmake_flake8: 0.10.7 (/opt/ros/galactic/share/ament_cmake_flake8/cmake)
[4.030s] -- Found ament_cmake_pep257: 0.10.7 (/opt/ros/galactic/share/ament_cmake_pep257/cmake)
[4.035s] -- Found ament_lint_auto: 0.10.7 (/opt/ros/galactic/share/ament_lint_auto/cmake)
[4.095s] -- Added test 'copyright' to check source files copyright and LICENSE
[4.096s] -- Added test 'lint_cmake' to check CMake code style
[4.096s] -- Added test 'xmllint' to check XML markup files
[4.124s] -- Configuring done
[4.462s] -- Generating done
[4.484s] -- Build files have been written to: /home/cityu/autoware/build/autoware_map_msgs
[4.564s] Invoked command in '/home/cityu/autoware/build/autoware_map_msgs' returned '0': CMAKE_PREFIX_PATH=/opt/ros/galactic /usr/bin/cmake /home/cityu/autoware/src/core/autoware_msgs/autoware_map_msgs -DCMAKE_BUILD_TYPE=Release -DAMENT_CMAKE_SYMLINK_INSTALL=1 -DCMAKE_INSTALL_PREFIX=/home/cityu/autoware/install/autoware_map_msgs
[4.565s] Invoking command in '/home/cityu/autoware/build/autoware_map_msgs': CMAKE_PREFIX_PATH=/opt/ros/galactic /usr/bin/cmake --build /home/cityu/autoware/build/autoware_map_msgs -- -j16 -l16
[20.297s] [  1%] [34m[1mGenerating C code for ROS interfaces[0m
[20.297s] [35m[1mScanning dependencies of target autoware_map_msgs__cpp[0m
[20.297s] [  3%] [34m[1mGenerating C++ code for ROS interfaces[0m
[20.297s] [35m[1mScanning dependencies of target autoware_map_msgs__rosidl_generator_c[0m
[20.297s] [  4%] [32mBuilding C object CMakeFiles/autoware_map_msgs__rosidl_generator_c.dir/rosidl_generator_c/autoware_map_msgs/msg/detail/area_info__functions.c.o[0m
[20.297s] [  6%] [32mBuilding C object CMakeFiles/autoware_map_msgs__rosidl_generator_c.dir/rosidl_generator_c/autoware_map_msgs/msg/detail/point_cloud_map_cell_with_id__functions.c.o[0m
[20.298s] [  7%] [32mBuilding C object CMakeFiles/autoware_map_msgs__rosidl_generator_c.dir/rosidl_generator_c/autoware_map_msgs/msg/detail/lanelet_map_bin__functions.c.o[0m
[20.302s] [  9%] [32mBuilding C object CMakeFiles/autoware_map_msgs__rosidl_generator_c.dir/rosidl_generator_c/autoware_map_msgs/srv/detail/get_partial_point_cloud_map__functions.c.o[0m
[20.303s] [ 11%] [32mBuilding C object CMakeFiles/autoware_map_msgs__rosidl_generator_c.dir/rosidl_generator_c/autoware_map_msgs/srv/detail/get_differential_point_cloud_map__functions.c.o[0m
[20.303s] [ 11%] Built target autoware_map_msgs__cpp
[20.303s] [ 12%] [34m[1mGenerating C++ type support for eProsima Fast-RTPS[0m
[20.304s] [ 14%] [34m[1mGenerating C++ introspection for ROS interfaces[0m
[20.304s] [ 15%] [34m[1mGenerating C++ type support dispatch for ROS interfaces[0m
[20.304s] [ 17%] [32m[1mLinking C shared library libautoware_map_msgs__rosidl_generator_c.so[0m
[20.304s] [ 17%] Built target autoware_map_msgs__rosidl_generator_c
[20.304s] [ 19%] [34m[1mGenerating C introspection for ROS interfaces[0m
[20.304s] [ 20%] [34m[1mGenerating C type support dispatch for ROS interfaces[0m
[20.304s] [35m[1mScanning dependencies of target autoware_map_msgs__rosidl_typesupport_fastrtps_cpp[0m
[20.304s] [ 22%] [32mBuilding CXX object CMakeFiles/autoware_map_msgs__rosidl_typesupport_fastrtps_cpp.dir/rosidl_typesupport_fastrtps_cpp/autoware_map_msgs/msg/detail/dds_fastrtps/area_info__type_support.cpp.o[0m
[20.304s] [ 23%] [32mBuilding CXX object CMakeFiles/autoware_map_msgs__rosidl_typesupport_fastrtps_cpp.dir/rosidl_typesupport_fastrtps_cpp/autoware_map_msgs/msg/detail/dds_fastrtps/lanelet_map_bin__type_support.cpp.o[0m
[20.305s] [ 25%] [32mBuilding CXX object CMakeFiles/autoware_map_msgs__rosidl_typesupport_fastrtps_cpp.dir/rosidl_typesupport_fastrtps_cpp/autoware_map_msgs/msg/detail/dds_fastrtps/point_cloud_map_cell_with_id__type_support.cpp.o[0m
[20.305s] [ 26%] [32mBuilding CXX object CMakeFiles/autoware_map_msgs__rosidl_typesupport_fastrtps_cpp.dir/rosidl_typesupport_fastrtps_cpp/autoware_map_msgs/srv/detail/dds_fastrtps/get_partial_point_cloud_map__type_support.cpp.o[0m
[20.305s] [ 28%] [32mBuilding CXX object CMakeFiles/autoware_map_msgs__rosidl_typesupport_fastrtps_cpp.dir/rosidl_typesupport_fastrtps_cpp/autoware_map_msgs/srv/detail/dds_fastrtps/get_differential_point_cloud_map__type_support.cpp.o[0m
[20.305s] [35m[1mScanning dependencies of target autoware_map_msgs__rosidl_typesupport_introspection_cpp[0m
[20.305s] [ 30%] [32mBuilding CXX object CMakeFiles/autoware_map_msgs__rosidl_typesupport_introspection_cpp.dir/rosidl_typesupport_introspection_cpp/autoware_map_msgs/msg/detail/area_info__type_support.cpp.o[0m
[20.305s] [ 31%] [32mBuilding CXX object CMakeFiles/autoware_map_msgs__rosidl_typesupport_introspection_cpp.dir/rosidl_typesupport_introspection_cpp/autoware_map_msgs/msg/detail/point_cloud_map_cell_with_id__type_support.cpp.o[0m
[20.305s] [ 33%] [32mBuilding CXX object CMakeFiles/autoware_map_msgs__rosidl_typesupport_introspection_cpp.dir/rosidl_typesupport_introspection_cpp/autoware_map_msgs/msg/detail/lanelet_map_bin__type_support.cpp.o[0m
[20.305s] [ 34%] [32mBuilding CXX object CMakeFiles/autoware_map_msgs__rosidl_typesupport_introspection_cpp.dir/rosidl_typesupport_introspection_cpp/autoware_map_msgs/srv/detail/get_partial_point_cloud_map__type_support.cpp.o[0m
[20.305s] [ 36%] [32mBuilding CXX object CMakeFiles/autoware_map_msgs__rosidl_typesupport_introspection_cpp.dir/rosidl_typesupport_introspection_cpp/autoware_map_msgs/srv/detail/get_differential_point_cloud_map__type_support.cpp.o[0m
[20.305s] [35m[1mScanning dependencies of target autoware_map_msgs__rosidl_typesupport_cpp[0m
[20.306s] [ 38%] [32mBuilding CXX object CMakeFiles/autoware_map_msgs__rosidl_typesupport_cpp.dir/rosidl_typesupport_cpp/autoware_map_msgs/msg/lanelet_map_bin__type_support.cpp.o[0m
[20.306s] [ 39%] [32mBuilding CXX object CMakeFiles/autoware_map_msgs__rosidl_typesupport_cpp.dir/rosidl_typesupport_cpp/autoware_map_msgs/msg/area_info__type_support.cpp.o[0m
[20.306s] [ 41%] [32mBuilding CXX object CMakeFiles/autoware_map_msgs__rosidl_typesupport_cpp.dir/rosidl_typesupport_cpp/autoware_map_msgs/msg/point_cloud_map_cell_with_id__type_support.cpp.o[0m
[20.306s] [ 42%] [32mBuilding CXX object CMakeFiles/autoware_map_msgs__rosidl_typesupport_cpp.dir/rosidl_typesupport_cpp/autoware_map_msgs/srv/get_partial_point_cloud_map__type_support.cpp.o[0m
[20.306s] [35m[1mScanning dependencies of target autoware_map_msgs__rosidl_typesupport_c[0m
[20.306s] [ 44%] [32mBuilding CXX object CMakeFiles/autoware_map_msgs__rosidl_typesupport_c.dir/rosidl_typesupport_c/autoware_map_msgs/msg/area_info__type_support.cpp.o[0m
[20.306s] [ 46%] [32mBuilding CXX object CMakeFiles/autoware_map_msgs__rosidl_typesupport_c.dir/rosidl_typesupport_c/autoware_map_msgs/msg/lanelet_map_bin__type_support.cpp.o[0m
[20.306s] [35m[1mScanning dependencies of target autoware_map_msgs__rosidl_typesupport_introspection_c[0m
[20.306s] [ 47%] [32mBuilding CXX object CMakeFiles/autoware_map_msgs__rosidl_typesupport_c.dir/rosidl_typesupport_c/autoware_map_msgs/msg/point_cloud_map_cell_with_id__type_support.cpp.o[0m
[20.307s] [ 49%] [32mBuilding C object CMakeFiles/autoware_map_msgs__rosidl_typesupport_introspection_c.dir/rosidl_typesupport_introspection_c/autoware_map_msgs/msg/detail/area_info__type_support.c.o[0m
[20.307s] [ 50%] [32mBuilding CXX object CMakeFiles/autoware_map_msgs__rosidl_typesupport_c.dir/rosidl_typesupport_c/autoware_map_msgs/srv/get_partial_point_cloud_map__type_support.cpp.o[0m
[20.307s] [ 52%] [32mBuilding C object CMakeFiles/autoware_map_msgs__rosidl_typesupport_introspection_c.dir/rosidl_typesupport_introspection_c/autoware_map_msgs/msg/detail/lanelet_map_bin__type_support.c.o[0m
[20.307s] [ 53%] [32mBuilding CXX object CMakeFiles/autoware_map_msgs__rosidl_typesupport_c.dir/rosidl_typesupport_c/autoware_map_msgs/srv/get_differential_point_cloud_map__type_support.cpp.o[0m
[20.307s] [ 55%] [32mBuilding C object CMakeFiles/autoware_map_msgs__rosidl_typesupport_introspection_c.dir/rosidl_typesupport_introspection_c/autoware_map_msgs/msg/detail/point_cloud_map_cell_with_id__type_support.c.o[0m
[20.307s] [ 57%] [32m[1mLinking CXX shared library libautoware_map_msgs__rosidl_typesupport_c.so[0m
[20.307s] [ 58%] [32mBuilding C object CMakeFiles/autoware_map_msgs__rosidl_typesupport_introspection_c.dir/rosidl_typesupport_introspection_c/autoware_map_msgs/srv/detail/get_differential_point_cloud_map__type_support.c.o[0m
[20.307s] [ 58%] Built target autoware_map_msgs__rosidl_typesupport_c
[20.307s] [ 60%] [32mBuilding C object CMakeFiles/autoware_map_msgs__rosidl_typesupport_introspection_c.dir/rosidl_typesupport_introspection_c/autoware_map_msgs/srv/detail/get_partial_point_cloud_map__type_support.c.o[0m
[20.308s] [ 61%] [32m[1mLinking C shared library libautoware_map_msgs__rosidl_typesupport_introspection_c.so[0m
[20.308s] [ 61%] Built target autoware_map_msgs__rosidl_typesupport_introspection_c
[20.308s] [ 63%] [32mBuilding CXX object CMakeFiles/autoware_map_msgs__rosidl_typesupport_cpp.dir/rosidl_typesupport_cpp/autoware_map_msgs/srv/get_differential_point_cloud_map__type_support.cpp.o[0m
[20.308s] [ 65%] [32m[1mLinking CXX shared library libautoware_map_msgs__rosidl_typesupport_fastrtps_cpp.so[0m
[20.308s] [ 66%] [32m[1mLinking CXX shared library libautoware_map_msgs__rosidl_typesupport_introspection_cpp.so[0m
[20.308s] [ 66%] Built target autoware_map_msgs__rosidl_typesupport_introspection_cpp
[20.308s] [ 66%] Built target autoware_map_msgs__rosidl_typesupport_fastrtps_cpp
[20.308s] [ 68%] [32m[1mLinking CXX shared library libautoware_map_msgs__rosidl_typesupport_cpp.so[0m
[20.308s] [ 68%] Built target autoware_map_msgs__rosidl_typesupport_cpp
[20.308s] [ 69%] [34m[1mGenerating C type support for eProsima Fast-RTPS[0m
[20.309s] [35m[1mScanning dependencies of target autoware_map_msgs__rosidl_typesupport_fastrtps_c[0m
[20.309s] [ 71%] [32mBuilding CXX object CMakeFiles/autoware_map_msgs__rosidl_typesupport_fastrtps_c.dir/rosidl_typesupport_fastrtps_c/autoware_map_msgs/msg/detail/area_info__type_support_c.cpp.o[0m
[20.524s] [ 73%] [32mBuilding CXX object CMakeFiles/autoware_map_msgs__rosidl_typesupport_fastrtps_c.dir/rosidl_typesupport_fastrtps_c/autoware_map_msgs/srv/detail/get_differential_point_cloud_map__type_support_c.cpp.o[0m
[21.329s] [ 74%] [32mBuilding CXX object CMakeFiles/autoware_map_msgs__rosidl_typesupport_fastrtps_c.dir/rosidl_typesupport_fastrtps_c/autoware_map_msgs/srv/detail/get_partial_point_cloud_map__type_support_c.cpp.o[0m
[21.969s] [ 76%] [32mBuilding CXX object CMakeFiles/autoware_map_msgs__rosidl_typesupport_fastrtps_c.dir/rosidl_typesupport_fastrtps_c/autoware_map_msgs/msg/detail/point_cloud_map_cell_with_id__type_support_c.cpp.o[0m
[22.549s] [ 77%] [32mBuilding CXX object CMakeFiles/autoware_map_msgs__rosidl_typesupport_fastrtps_c.dir/rosidl_typesupport_fastrtps_c/autoware_map_msgs/msg/detail/lanelet_map_bin__type_support_c.cpp.o[0m
[23.240s] [ 79%] [32m[1mLinking CXX shared library libautoware_map_msgs__rosidl_typesupport_fastrtps_c.so[0m
[23.397s] [ 79%] Built target autoware_map_msgs__rosidl_typesupport_fastrtps_c
[23.409s] [35m[1mScanning dependencies of target autoware_map_msgs[0m
[23.424s] [ 79%] Built target autoware_map_msgs
[23.441s] [35m[1mScanning dependencies of target autoware_map_msgs__py[0m
[23.458s] [ 80%] [34m[1mGenerating Python code for ROS interfaces[0m
[25.375s] [ 80%] Built target autoware_map_msgs__py
[25.378s] [35m[1mScanning dependencies of target autoware_map_msgs__python[0m
[25.431s] [ 82%] [32mBuilding C object CMakeFiles/autoware_map_msgs__python.dir/rosidl_generator_py/autoware_map_msgs/msg/_area_info_s.c.o[0m
[25.441s] [ 84%] [32mBuilding C object CMakeFiles/autoware_map_msgs__python.dir/rosidl_generator_py/autoware_map_msgs/srv/_get_differential_point_cloud_map_s.c.o[0m
[25.648s] [ 85%] [32mBuilding C object CMakeFiles/autoware_map_msgs__python.dir/rosidl_generator_py/autoware_map_msgs/srv/_get_partial_point_cloud_map_s.c.o[0m
[25.868s] [ 87%] [32mBuilding C object CMakeFiles/autoware_map_msgs__python.dir/rosidl_generator_py/autoware_map_msgs/msg/_point_cloud_map_cell_with_id_s.c.o[0m
[26.057s] [ 88%] [32mBuilding C object CMakeFiles/autoware_map_msgs__python.dir/rosidl_generator_py/autoware_map_msgs/msg/_lanelet_map_bin_s.c.o[0m
[26.340s] [ 90%] [32m[1mLinking C shared library rosidl_generator_py/autoware_map_msgs/libautoware_map_msgs__python.so[0m
[26.460s] [ 90%] Built target autoware_map_msgs__python
[26.483s] [35m[1mScanning dependencies of target autoware_map_msgs__rosidl_typesupport_introspection_c__pyext[0m
[26.525s] [ 92%] [32mBuilding C object CMakeFiles/autoware_map_msgs__rosidl_typesupport_introspection_c__pyext.dir/rosidl_generator_py/autoware_map_msgs/_autoware_map_msgs_s.ep.rosidl_typesupport_introspection_c.c.o[0m
[26.847s] [ 93%] [32m[1mLinking C shared library rosidl_generator_py/autoware_map_msgs/autoware_map_msgs_s__rosidl_typesupport_introspection_c.cpython-38-x86_64-linux-gnu.so[0m
[26.920s] [ 93%] Built target autoware_map_msgs__rosidl_typesupport_introspection_c__pyext
[26.955s] [35m[1mScanning dependencies of target autoware_map_msgs__rosidl_typesupport_c__pyext[0m
[26.997s] [ 95%] [32mBuilding C object CMakeFiles/autoware_map_msgs__rosidl_typesupport_c__pyext.dir/rosidl_generator_py/autoware_map_msgs/_autoware_map_msgs_s.ep.rosidl_typesupport_c.c.o[0m
[27.317s] [ 96%] [32m[1mLinking C shared library rosidl_generator_py/autoware_map_msgs/autoware_map_msgs_s__rosidl_typesupport_c.cpython-38-x86_64-linux-gnu.so[0m
[27.387s] [ 96%] Built target autoware_map_msgs__rosidl_typesupport_c__pyext
[27.406s] [35m[1mScanning dependencies of target autoware_map_msgs__rosidl_typesupport_fastrtps_c__pyext[0m
[27.444s] [ 98%] [32mBuilding C object CMakeFiles/autoware_map_msgs__rosidl_typesupport_fastrtps_c__pyext.dir/rosidl_generator_py/autoware_map_msgs/_autoware_map_msgs_s.ep.rosidl_typesupport_fastrtps_c.c.o[0m
[27.731s] [100%] [32m[1mLinking CXX shared library rosidl_generator_py/autoware_map_msgs/autoware_map_msgs_s__rosidl_typesupport_fastrtps_c.cpython-38-x86_64-linux-gnu.so[0m
[27.910s] [100%] Built target autoware_map_msgs__rosidl_typesupport_fastrtps_c__pyext
[27.941s] Invoked command in '/home/cityu/autoware/build/autoware_map_msgs' returned '0': CMAKE_PREFIX_PATH=/opt/ros/galactic /usr/bin/cmake --build /home/cityu/autoware/build/autoware_map_msgs -- -j16 -l16
[28.077s] Invoking command in '/home/cityu/autoware/build/autoware_map_msgs': CMAKE_PREFIX_PATH=/opt/ros/galactic /usr/bin/cmake --install /home/cityu/autoware/build/autoware_map_msgs
[30.135s] -- Install configuration: "Release"
[30.135s] -- Execute custom install script
[30.136s] -- Symlinking: /home/cityu/autoware/install/autoware_map_msgs/share/ament_index/resource_index/rosidl_interfaces/autoware_map_msgs
[30.136s] -- Symlinking: /home/cityu/autoware/install/autoware_map_msgs/include/autoware_map_msgs/msg/area_info.h
[30.136s] -- Symlinking: /home/cityu/autoware/install/autoware_map_msgs/include/autoware_map_msgs/msg/detail/area_info__functions.h
[30.136s] -- Symlinking: /home/cityu/autoware/install/autoware_map_msgs/include/autoware_map_msgs/msg/detail/area_info__struct.h
[30.136s] -- Symlinking: /home/cityu/autoware/install/autoware_map_msgs/include/autoware_map_msgs/msg/detail/area_info__type_support.h
[30.136s] -- Symlinking: /home/cityu/autoware/install/autoware_map_msgs/include/autoware_map_msgs/msg/detail/lanelet_map_bin__functions.h
[30.136s] -- Symlinking: /home/cityu/autoware/install/autoware_map_msgs/include/autoware_map_msgs/msg/detail/lanelet_map_bin__struct.h
[30.136s] -- Symlinking: /home/cityu/autoware/install/autoware_map_msgs/include/autoware_map_msgs/msg/detail/lanelet_map_bin__type_support.h
[30.136s] -- Symlinking: /home/cityu/autoware/install/autoware_map_msgs/include/autoware_map_msgs/msg/detail/point_cloud_map_cell_with_id__functions.h
[30.136s] -- Symlinking: /home/cityu/autoware/install/autoware_map_msgs/include/autoware_map_msgs/msg/detail/point_cloud_map_cell_with_id__struct.h
[30.136s] -- Symlinking: /home/cityu/autoware/install/autoware_map_msgs/include/autoware_map_msgs/msg/detail/point_cloud_map_cell_with_id__type_support.h
[30.137s] -- Symlinking: /home/cityu/autoware/install/autoware_map_msgs/include/autoware_map_msgs/msg/lanelet_map_bin.h
[30.137s] -- Symlinking: /home/cityu/autoware/install/autoware_map_msgs/include/autoware_map_msgs/msg/point_cloud_map_cell_with_id.h
[30.137s] -- Symlinking: /home/cityu/autoware/install/autoware_map_msgs/include/autoware_map_msgs/msg/rosidl_generator_c__visibility_control.h
[30.137s] -- Symlinking: /home/cityu/autoware/install/autoware_map_msgs/include/autoware_map_msgs/srv/detail/get_differential_point_cloud_map__functions.h
[30.137s] -- Symlinking: /home/cityu/autoware/install/autoware_map_msgs/include/autoware_map_msgs/srv/detail/get_differential_point_cloud_map__struct.h
[30.137s] -- Symlinking: /home/cityu/autoware/install/autoware_map_msgs/include/autoware_map_msgs/srv/detail/get_differential_point_cloud_map__type_support.h
[30.137s] -- Symlinking: /home/cityu/autoware/install/autoware_map_msgs/include/autoware_map_msgs/srv/detail/get_partial_point_cloud_map__functions.h
[30.137s] -- Symlinking: /home/cityu/autoware/install/autoware_map_msgs/include/autoware_map_msgs/srv/detail/get_partial_point_cloud_map__struct.h
[30.142s] -- Symlinking: /home/cityu/autoware/install/autoware_map_msgs/include/autoware_map_msgs/srv/detail/get_partial_point_cloud_map__type_support.h
[30.142s] -- Symlinking: /home/cityu/autoware/install/autoware_map_msgs/include/autoware_map_msgs/srv/get_differential_point_cloud_map.h
[30.142s] -- Symlinking: /home/cityu/autoware/install/autoware_map_msgs/include/autoware_map_msgs/srv/get_partial_point_cloud_map.h
[30.142s] -- Symlinking: /home/cityu/autoware/install/autoware_map_msgs/share/autoware_map_msgs/environment/library_path.sh
[30.142s] -- Symlinking: /home/cityu/autoware/install/autoware_map_msgs/share/autoware_map_msgs/environment/library_path.dsv
[30.142s] -- Symlinking: /home/cityu/autoware/install/autoware_map_msgs/include/autoware_map_msgs/msg/detail/area_info__rosidl_typesupport_fastrtps_c.h
[30.142s] -- Symlinking: /home/cityu/autoware/install/autoware_map_msgs/include/autoware_map_msgs/msg/detail/lanelet_map_bin__rosidl_typesupport_fastrtps_c.h
[30.142s] -- Symlinking: /home/cityu/autoware/install/autoware_map_msgs/include/autoware_map_msgs/msg/detail/point_cloud_map_cell_with_id__rosidl_typesupport_fastrtps_c.h
[30.142s] -- Symlinking: /home/cityu/autoware/install/autoware_map_msgs/include/autoware_map_msgs/msg/rosidl_typesupport_fastrtps_c__visibility_control.h
[30.143s] -- Symlinking: /home/cityu/autoware/install/autoware_map_msgs/include/autoware_map_msgs/srv/detail/get_differential_point_cloud_map__rosidl_typesupport_fastrtps_c.h
[30.143s] -- Symlinking: /home/cityu/autoware/install/autoware_map_msgs/include/autoware_map_msgs/srv/detail/get_partial_point_cloud_map__rosidl_typesupport_fastrtps_c.h
[30.143s] -- Symlinking: /home/cityu/autoware/install/autoware_map_msgs/lib/libautoware_map_msgs__rosidl_typesupport_fastrtps_c.so
[30.143s] -- Symlinking: /home/cityu/autoware/install/autoware_map_msgs/include/autoware_map_msgs/msg/detail/area_info__rosidl_typesupport_fastrtps_cpp.hpp
[30.143s] -- Symlinking: /home/cityu/autoware/install/autoware_map_msgs/include/autoware_map_msgs/msg/detail/lanelet_map_bin__rosidl_typesupport_fastrtps_cpp.hpp
[30.143s] -- Symlinking: /home/cityu/autoware/install/autoware_map_msgs/include/autoware_map_msgs/msg/detail/point_cloud_map_cell_with_id__rosidl_typesupport_fastrtps_cpp.hpp
[30.143s] -- Symlinking: /home/cityu/autoware/install/autoware_map_msgs/include/autoware_map_msgs/msg/rosidl_typesupport_fastrtps_cpp__visibility_control.h
[30.143s] -- Symlinking: /home/cityu/autoware/install/autoware_map_msgs/include/autoware_map_msgs/srv/detail/get_differential_point_cloud_map__rosidl_typesupport_fastrtps_cpp.hpp
[30.143s] -- Symlinking: /home/cityu/autoware/install/autoware_map_msgs/include/autoware_map_msgs/srv/detail/get_partial_point_cloud_map__rosidl_typesupport_fastrtps_cpp.hpp
[30.144s] -- Symlinking: /home/cityu/autoware/install/autoware_map_msgs/lib/libautoware_map_msgs__rosidl_typesupport_fastrtps_cpp.so
[30.144s] -- Symlinking: /home/cityu/autoware/install/autoware_map_msgs/include/autoware_map_msgs/msg/detail/area_info__rosidl_typesupport_introspection_c.h
[30.144s] -- Symlinking: /home/cityu/autoware/install/autoware_map_msgs/include/autoware_map_msgs/msg/detail/lanelet_map_bin__rosidl_typesupport_introspection_c.h
[30.144s] -- Symlinking: /home/cityu/autoware/install/autoware_map_msgs/include/autoware_map_msgs/msg/detail/point_cloud_map_cell_with_id__rosidl_typesupport_introspection_c.h
[30.144s] -- Symlinking: /home/cityu/autoware/install/autoware_map_msgs/include/autoware_map_msgs/msg/rosidl_typesupport_introspection_c__visibility_control.h
[30.144s] -- Symlinking: /home/cityu/autoware/install/autoware_map_msgs/include/autoware_map_msgs/srv/detail/get_differential_point_cloud_map__rosidl_typesupport_introspection_c.h
[30.145s] -- Symlinking: /home/cityu/autoware/install/autoware_map_msgs/include/autoware_map_msgs/srv/detail/get_partial_point_cloud_map__rosidl_typesupport_introspection_c.h
[30.145s] -- Symlinking: /home/cityu/autoware/install/autoware_map_msgs/include/autoware_map_msgs/msg/area_info.hpp
[30.145s] -- Symlinking: /home/cityu/autoware/install/autoware_map_msgs/include/autoware_map_msgs/msg/detail/area_info__builder.hpp
[30.145s] -- Symlinking: /home/cityu/autoware/install/autoware_map_msgs/include/autoware_map_msgs/msg/detail/area_info__struct.hpp
[30.145s] -- Symlinking: /home/cityu/autoware/install/autoware_map_msgs/include/autoware_map_msgs/msg/detail/area_info__traits.hpp
[30.145s] -- Symlinking: /home/cityu/autoware/install/autoware_map_msgs/include/autoware_map_msgs/msg/detail/lanelet_map_bin__builder.hpp
[30.145s] -- Symlinking: /home/cityu/autoware/install/autoware_map_msgs/include/autoware_map_msgs/msg/detail/lanelet_map_bin__struct.hpp
[30.146s] -- Symlinking: /home/cityu/autoware/install/autoware_map_msgs/include/autoware_map_msgs/msg/detail/lanelet_map_bin__traits.hpp
[30.146s] -- Symlinking: /home/cityu/autoware/install/autoware_map_msgs/include/autoware_map_msgs/msg/detail/point_cloud_map_cell_with_id__builder.hpp
[30.146s] -- Symlinking: /home/cityu/autoware/install/autoware_map_msgs/include/autoware_map_msgs/msg/detail/point_cloud_map_cell_with_id__struct.hpp
[30.146s] -- Symlinking: /home/cityu/autoware/install/autoware_map_msgs/include/autoware_map_msgs/msg/detail/point_cloud_map_cell_with_id__traits.hpp
[30.146s] -- Symlinking: /home/cityu/autoware/install/autoware_map_msgs/include/autoware_map_msgs/msg/lanelet_map_bin.hpp
[30.146s] -- Symlinking: /home/cityu/autoware/install/autoware_map_msgs/include/autoware_map_msgs/msg/point_cloud_map_cell_with_id.hpp
[30.146s] -- Symlinking: /home/cityu/autoware/install/autoware_map_msgs/include/autoware_map_msgs/srv/detail/get_differential_point_cloud_map__builder.hpp
[30.146s] -- Symlinking: /home/cityu/autoware/install/autoware_map_msgs/include/autoware_map_msgs/srv/detail/get_differential_point_cloud_map__struct.hpp
[30.146s] -- Symlinking: /home/cityu/autoware/install/autoware_map_msgs/include/autoware_map_msgs/srv/detail/get_differential_point_cloud_map__traits.hpp
[30.146s] -- Symlinking: /home/cityu/autoware/install/autoware_map_msgs/include/autoware_map_msgs/srv/detail/get_partial_point_cloud_map__builder.hpp
[30.147s] -- Symlinking: /home/cityu/autoware/install/autoware_map_msgs/include/autoware_map_msgs/srv/detail/get_partial_point_cloud_map__struct.hpp
[30.147s] -- Symlinking: /home/cityu/autoware/install/autoware_map_msgs/include/autoware_map_msgs/srv/detail/get_partial_point_cloud_map__traits.hpp
[30.147s] -- Symlinking: /home/cityu/autoware/install/autoware_map_msgs/include/autoware_map_msgs/srv/get_differential_point_cloud_map.hpp
[30.147s] -- Symlinking: /home/cityu/autoware/install/autoware_map_msgs/include/autoware_map_msgs/srv/get_partial_point_cloud_map.hpp
[30.147s] -- Symlinking: /home/cityu/autoware/install/autoware_map_msgs/include/autoware_map_msgs/msg/detail/area_info__rosidl_typesupport_introspection_cpp.hpp
[30.147s] -- Symlinking: /home/cityu/autoware/install/autoware_map_msgs/include/autoware_map_msgs/msg/detail/lanelet_map_bin__rosidl_typesupport_introspection_cpp.hpp
[30.147s] -- Symlinking: /home/cityu/autoware/install/autoware_map_msgs/include/autoware_map_msgs/msg/detail/point_cloud_map_cell_with_id__rosidl_typesupport_introspection_cpp.hpp
[30.147s] -- Symlinking: /home/cityu/autoware/install/autoware_map_msgs/include/autoware_map_msgs/srv/detail/get_differential_point_cloud_map__rosidl_typesupport_introspection_cpp.hpp
[30.147s] -- Symlinking: /home/cityu/autoware/install/autoware_map_msgs/include/autoware_map_msgs/srv/detail/get_partial_point_cloud_map__rosidl_typesupport_introspection_cpp.hpp
[30.147s] -- Symlinking: /home/cityu/autoware/install/autoware_map_msgs/share/autoware_map_msgs/environment/pythonpath.sh
[30.148s] -- Symlinking: /home/cityu/autoware/install/autoware_map_msgs/share/autoware_map_msgs/environment/pythonpath.dsv
[30.148s] -- Symlinking: /home/cityu/autoware/install/autoware_map_msgs/lib/python3.8/site-packages/autoware_map_msgs/__init__.py
[30.148s] -- Symlinking: /home/cityu/autoware/install/autoware_map_msgs/lib/python3.8/site-packages/autoware_map_msgs/msg/__init__.py
[30.148s] -- Symlinking: /home/cityu/autoware/install/autoware_map_msgs/lib/python3.8/site-packages/autoware_map_msgs/msg/_area_info.py
[30.149s] -- Symlinking: /home/cityu/autoware/install/autoware_map_msgs/lib/python3.8/site-packages/autoware_map_msgs/msg/_lanelet_map_bin.py
[30.149s] -- Symlinking: /home/cityu/autoware/install/autoware_map_msgs/lib/python3.8/site-packages/autoware_map_msgs/msg/_point_cloud_map_cell_with_id.py
[30.149s] -- Symlinking: /home/cityu/autoware/install/autoware_map_msgs/lib/python3.8/site-packages/autoware_map_msgs/srv/__init__.py
[30.149s] -- Symlinking: /home/cityu/autoware/install/autoware_map_msgs/lib/python3.8/site-packages/autoware_map_msgs/srv/_get_differential_point_cloud_map.py
[30.149s] -- Symlinking: /home/cityu/autoware/install/autoware_map_msgs/lib/python3.8/site-packages/autoware_map_msgs/srv/_get_partial_point_cloud_map.py
[30.149s] -- Symlinking: /home/cityu/autoware/install/autoware_map_msgs/lib/python3.8/site-packages/autoware_map_msgs/autoware_map_msgs_s__rosidl_typesupport_fastrtps_c.cpython-38-x86_64-linux-gnu.so
[30.149s] -- Symlinking: /home/cityu/autoware/install/autoware_map_msgs/lib/python3.8/site-packages/autoware_map_msgs/autoware_map_msgs_s__rosidl_typesupport_introspection_c.cpython-38-x86_64-linux-gnu.so
[30.150s] -- Symlinking: /home/cityu/autoware/install/autoware_map_msgs/lib/python3.8/site-packages/autoware_map_msgs/autoware_map_msgs_s__rosidl_typesupport_c.cpython-38-x86_64-linux-gnu.so
[30.150s] -- Symlinking: /home/cityu/autoware/install/autoware_map_msgs/lib/libautoware_map_msgs__python.so
[30.150s] -- Symlinking: /home/cityu/autoware/install/autoware_map_msgs/share/autoware_map_msgs/msg/AreaInfo.idl
[30.150s] -- Symlinking: /home/cityu/autoware/install/autoware_map_msgs/share/autoware_map_msgs/msg/LaneletMapBin.idl
[30.150s] -- Symlinking: /home/cityu/autoware/install/autoware_map_msgs/share/autoware_map_msgs/msg/PointCloudMapCellWithID.idl
[30.150s] -- Symlinking: /home/cityu/autoware/install/autoware_map_msgs/share/autoware_map_msgs/srv/GetPartialPointCloudMap.idl
[30.150s] -- Symlinking: /home/cityu/autoware/install/autoware_map_msgs/share/autoware_map_msgs/srv/GetDifferentialPointCloudMap.idl
[30.151s] -- Symlinking: /home/cityu/autoware/install/autoware_map_msgs/share/autoware_map_msgs/msg/AreaInfo.msg
[30.151s] -- Symlinking: /home/cityu/autoware/install/autoware_map_msgs/share/autoware_map_msgs/msg/LaneletMapBin.msg
[30.151s] -- Symlinking: /home/cityu/autoware/install/autoware_map_msgs/share/autoware_map_msgs/msg/PointCloudMapCellWithID.msg
[30.151s] -- Symlinking: /home/cityu/autoware/install/autoware_map_msgs/share/autoware_map_msgs/srv/GetPartialPointCloudMap.srv
[30.151s] -- Symlinking: /home/cityu/autoware/install/autoware_map_msgs/share/autoware_map_msgs/srv/GetPartialPointCloudMap_Request.msg
[30.155s] -- Symlinking: /home/cityu/autoware/install/autoware_map_msgs/share/autoware_map_msgs/srv/GetPartialPointCloudMap_Response.msg
[30.156s] -- Symlinking: /home/cityu/autoware/install/autoware_map_msgs/share/autoware_map_msgs/srv/GetDifferentialPointCloudMap.srv
[30.157s] -- Symlinking: /home/cityu/autoware/install/autoware_map_msgs/share/autoware_map_msgs/srv/GetDifferentialPointCloudMap_Request.msg
[30.157s] -- Symlinking: /home/cityu/autoware/install/autoware_map_msgs/share/autoware_map_msgs/srv/GetDifferentialPointCloudMap_Response.msg
[30.157s] -- Symlinking: /home/cityu/autoware/install/autoware_map_msgs/share/ament_index/resource_index/package_run_dependencies/autoware_map_msgs
[30.157s] -- Symlinking: /home/cityu/autoware/install/autoware_map_msgs/share/ament_index/resource_index/parent_prefix_path/autoware_map_msgs
[30.157s] -- Symlinking: /home/cityu/autoware/install/autoware_map_msgs/share/autoware_map_msgs/environment/ament_prefix_path.sh
[30.157s] -- Symlinking: /home/cityu/autoware/install/autoware_map_msgs/share/autoware_map_msgs/environment/ament_prefix_path.dsv
[30.157s] -- Symlinking: /home/cityu/autoware/install/autoware_map_msgs/share/autoware_map_msgs/environment/path.sh
[30.157s] -- Symlinking: /home/cityu/autoware/install/autoware_map_msgs/share/autoware_map_msgs/environment/path.dsv
[30.157s] -- Symlinking: /home/cityu/autoware/install/autoware_map_msgs/share/autoware_map_msgs/local_setup.bash
[30.158s] -- Symlinking: /home/cityu/autoware/install/autoware_map_msgs/share/autoware_map_msgs/local_setup.sh
[30.158s] -- Symlinking: /home/cityu/autoware/install/autoware_map_msgs/share/autoware_map_msgs/local_setup.zsh
[30.158s] -- Symlinking: /home/cityu/autoware/install/autoware_map_msgs/share/autoware_map_msgs/local_setup.dsv
[30.158s] -- Symlinking: /home/cityu/autoware/install/autoware_map_msgs/share/autoware_map_msgs/package.dsv
[30.158s] -- Symlinking: /home/cityu/autoware/install/autoware_map_msgs/share/ament_index/resource_index/packages/autoware_map_msgs
[30.158s] -- Symlinking: /home/cityu/autoware/install/autoware_map_msgs/share/autoware_map_msgs/cmake/rosidl_cmake-extras.cmake
[30.158s] -- Symlinking: /home/cityu/autoware/install/autoware_map_msgs/share/autoware_map_msgs/cmake/ament_cmake_export_dependencies-extras.cmake
[30.158s] -- Symlinking: /home/cityu/autoware/install/autoware_map_msgs/share/autoware_map_msgs/cmake/ament_cmake_export_libraries-extras.cmake
[30.158s] -- Symlinking: /home/cityu/autoware/install/autoware_map_msgs/share/autoware_map_msgs/cmake/ament_cmake_export_targets-extras.cmake
[30.158s] -- Symlinking: /home/cityu/autoware/install/autoware_map_msgs/share/autoware_map_msgs/cmake/ament_cmake_export_include_directories-extras.cmake
[30.158s] -- Symlinking: /home/cityu/autoware/install/autoware_map_msgs/share/autoware_map_msgs/cmake/rosidl_cmake_export_typesupport_libraries-extras.cmake
[30.159s] -- Symlinking: /home/cityu/autoware/install/autoware_map_msgs/share/autoware_map_msgs/cmake/rosidl_cmake_export_typesupport_targets-extras.cmake
[30.159s] -- Symlinking: /home/cityu/autoware/install/autoware_map_msgs/share/autoware_map_msgs/cmake/autoware_map_msgsConfig.cmake
[30.159s] -- Symlinking: /home/cityu/autoware/install/autoware_map_msgs/share/autoware_map_msgs/cmake/autoware_map_msgsConfig-version.cmake
[30.159s] -- Symlinking: /home/cityu/autoware/install/autoware_map_msgs/share/autoware_map_msgs/package.xml
[30.159s] -- Installing: /home/cityu/autoware/install/autoware_map_msgs/lib/libautoware_map_msgs__rosidl_generator_c.so
[30.159s] -- Set runtime path of "/home/cityu/autoware/install/autoware_map_msgs/lib/libautoware_map_msgs__rosidl_generator_c.so" to ""
[30.159s] -- Installing: /home/cityu/autoware/install/autoware_map_msgs/lib/libautoware_map_msgs__rosidl_typesupport_introspection_c.so
[30.159s] -- Set runtime path of "/home/cityu/autoware/install/autoware_map_msgs/lib/libautoware_map_msgs__rosidl_typesupport_introspection_c.so" to ""
[30.159s] -- Installing: /home/cityu/autoware/install/autoware_map_msgs/lib/libautoware_map_msgs__rosidl_typesupport_c.so
[30.159s] -- Set runtime path of "/home/cityu/autoware/install/autoware_map_msgs/lib/libautoware_map_msgs__rosidl_typesupport_c.so" to ""
[30.160s] -- Installing: /home/cityu/autoware/install/autoware_map_msgs/lib/libautoware_map_msgs__rosidl_typesupport_introspection_cpp.so
[30.160s] -- Set runtime path of "/home/cityu/autoware/install/autoware_map_msgs/lib/libautoware_map_msgs__rosidl_typesupport_introspection_cpp.so" to ""
[30.160s] -- Installing: /home/cityu/autoware/install/autoware_map_msgs/lib/libautoware_map_msgs__rosidl_typesupport_cpp.so
[30.160s] -- Set runtime path of "/home/cityu/autoware/install/autoware_map_msgs/lib/libautoware_map_msgs__rosidl_typesupport_cpp.so" to ""
[30.160s] Compiling '/home/cityu/autoware/install/autoware_map_msgs/lib/python3.8/site-packages/autoware_map_msgs/__init__.py'...
[30.160s] -- Installing: /home/cityu/autoware/install/autoware_map_msgs/share/autoware_map_msgs/cmake/autoware_map_msgs__rosidl_generator_cExport.cmake
[30.160s] -- Installing: /home/cityu/autoware/install/autoware_map_msgs/share/autoware_map_msgs/cmake/autoware_map_msgs__rosidl_generator_cExport-release.cmake
[30.160s] -- Installing: /home/cityu/autoware/install/autoware_map_msgs/share/autoware_map_msgs/cmake/autoware_map_msgs__rosidl_typesupport_introspection_cExport.cmake
[30.160s] -- Installing: /home/cityu/autoware/install/autoware_map_msgs/share/autoware_map_msgs/cmake/autoware_map_msgs__rosidl_typesupport_introspection_cExport-release.cmake
[30.160s] -- Installing: /home/cityu/autoware/install/autoware_map_msgs/share/autoware_map_msgs/cmake/autoware_map_msgs__rosidl_typesupport_cExport.cmake
[30.161s] -- Installing: /home/cityu/autoware/install/autoware_map_msgs/share/autoware_map_msgs/cmake/autoware_map_msgs__rosidl_typesupport_cExport-release.cmake
[30.161s] -- Installing: /home/cityu/autoware/install/autoware_map_msgs/share/autoware_map_msgs/cmake/autoware_map_msgs__rosidl_generator_cppExport.cmake
[30.164s] -- Installing: /home/cityu/autoware/install/autoware_map_msgs/share/autoware_map_msgs/cmake/autoware_map_msgs__rosidl_typesupport_introspection_cppExport.cmake
[30.164s] -- Installing: /home/cityu/autoware/install/autoware_map_msgs/share/autoware_map_msgs/cmake/autoware_map_msgs__rosidl_typesupport_introspection_cppExport-release.cmake
[30.164s] -- Installing: /home/cityu/autoware/install/autoware_map_msgs/share/autoware_map_msgs/cmake/autoware_map_msgs__rosidl_typesupport_cppExport.cmake
[30.165s] -- Installing: /home/cityu/autoware/install/autoware_map_msgs/share/autoware_map_msgs/cmake/autoware_map_msgs__rosidl_typesupport_cppExport-release.cmake
[30.178s] Invoked command in '/home/cityu/autoware/build/autoware_map_msgs' returned '0': CMAKE_PREFIX_PATH=/opt/ros/galactic /usr/bin/cmake --install /home/cityu/autoware/build/autoware_map_msgs
