-- The C compiler identification is GNU 9.4.0
-- The CXX compiler identification is GNU 9.4.0
-- Check for working C compiler: /usr/bin/cc
-- Check for working C compiler: /usr/bin/cc -- works
-- Detecting C compiler ABI info
-- Detecting C compiler ABI info - done
-- Detecting C compile features
-- Detecting C compile features - done
-- Check for working CXX compiler: /usr/bin/c++
-- Check for working CXX compiler: /usr/bin/c++ -- works
-- Detecting CXX compiler ABI info
-- Detecting CXX compiler ABI info - done
-- Detecting CXX compile features
-- Detecting CXX compile features - done
-- Found ament_cmake: 1.1.6 (/opt/ros/galactic/share/ament_cmake/cmake)
-- Found PythonInterp: /usr/bin/python3 (found suitable version "3.8.10", minimum required is "3") 
-- Using PYTHON_EXECUTABLE: /usr/bin/python3
-- Override CMake install command with custom implementation using symlinks instead of copying resources
-- Found cv_bridge: 3.1.3 (/opt/ros/galactic/share/cv_bridge/cmake)
-- Using all available rosidl_typesupport_c: rosidl_typesupport_fastrtps_c;rosidl_typesupport_introspection_c
-- Found rosidl_adapter: 2.2.3 (/opt/ros/galactic/share/rosidl_adapter/cmake)
-- Found OpenSSL: /usr/lib/x86_64-linux-gnu/libcrypto.so (found version "1.1.1f")  
-- Found FastRTPS: /opt/ros/galactic/include  
-- Using all available rosidl_typesupport_cpp: rosidl_typesupport_fastrtps_cpp;rosidl_typesupport_introspection_cpp
-- Found filters: 2.1.0 (/opt/ros/galactic/share/filters/cmake)
-- Found grid_map_cmake_helpers: 2.0.0 (/home/cityu/autoware/install/grid_map_cmake_helpers/share/grid_map_cmake_helpers/cmake)
-- Found grid_map_core: 2.0.0 (/home/cityu/autoware/install/grid_map_core/share/grid_map_core/cmake)
-- Found grid_map_cv: 2.0.0 (/home/cityu/autoware/install/grid_map_cv/share/grid_map_cv/cmake)
-- Found rmw_implementation_cmake: 3.3.1 (/opt/ros/galactic/share/rmw_implementation_cmake/cmake)
-- Found rmw_cyclonedds_cpp: 0.22.6 (/opt/ros/galactic/share/rmw_cyclonedds_cpp/cmake)
-- Using RMW implementation 'rmw_cyclonedds_cpp' as default
-- Looking for pthread.h
-- Looking for pthread.h - found
-- Performing Test CMAKE_HAVE_LIBC_PTHREAD
-- Performing Test CMAKE_HAVE_LIBC_PTHREAD - Failed
-- Looking for pthread_create in pthreads
-- Looking for pthread_create in pthreads - not found
-- Looking for pthread_create in pthread
-- Looking for pthread_create in pthread - found
-- Found Threads: TRUE  
-- Found grid_map_msgs: 2.0.0 (/home/cityu/autoware/install/grid_map_msgs/share/grid_map_msgs/cmake)
-- Found grid_map_octomap: 2.0.0 (/home/cityu/autoware/install/grid_map_octomap/share/grid_map_octomap/cmake)
-- Found grid_map_ros: 2.0.0 (/home/cityu/autoware/install/grid_map_ros/share/grid_map_ros/cmake)
-- Found octomap_msgs: 2.0.0 (/opt/ros/galactic/share/octomap_msgs/cmake)
-- Found OpenCV: /usr (found version "4.2.0") found components: opencv_highgui 
-- Found ament_lint_auto: 0.10.7 (/opt/ros/galactic/share/ament_lint_auto/cmake)
-- Added test 'cppcheck' to perform static code analysis on C / C++ code
-- Configured cppcheck include dirs: /home/cityu/autoware/src/universe/external/grid_map/grid_map_demos/include
-- Configured cppcheck exclude dirs and/or files: 
-- Added test 'flake8' to check Python code syntax and style conventions
-- Added test 'lint_cmake' to check CMake code style
-- Added test 'pep257' to check Python code against some of the style conventions in PEP 257
-- Added test 'uncrustify' to check C / C++ code style
-- Configured uncrustify additional arguments: 
-- Added test 'xmllint' to check XML markup files
-- Configuring done
-- Generating done
-- Build files have been written to: /home/cityu/autoware/build/grid_map_demos
[35m[1mScanning dependencies of target interpolation_demo[0m
[35m[1mScanning dependencies of target normal_filter_comparison_demo[0m
[35m[1mScanning dependencies of target move_demo[0m
[35m[1mScanning dependencies of target simple_demo[0m
[35m[1mScanning dependencies of target tutorial_demo[0m
[35m[1mScanning dependencies of target iterator_benchmark[0m
[35m[1mScanning dependencies of target octomap_to_gridmap_demo[0m
[35m[1mScanning dependencies of target resolution_change_demo[0m
[  3%] [32mBuilding CXX object CMakeFiles/iterator_benchmark.dir/src/iterator_benchmark.cpp.o[0m
[  6%] [32mBuilding CXX object CMakeFiles/move_demo.dir/src/move_demo_node.cpp.o[0m
[ 10%] [32mBuilding CXX object CMakeFiles/interpolation_demo.dir/src/interpolation_demo_node.cpp.o[0m
[ 16%] [32mBuilding CXX object CMakeFiles/simple_demo.dir/src/simple_demo_node.cpp.o[0m
[ 16%] [32mBuilding CXX object CMakeFiles/normal_filter_comparison_demo.dir/src/normal_filter_comparison_node.cpp.o[0m
[ 20%] [32mBuilding CXX object CMakeFiles/interpolation_demo.dir/src/InterpolationDemo.cpp.o[0m
[ 23%] [32mBuilding CXX object CMakeFiles/resolution_change_demo.dir/src/resolution_change_demo_node.cpp.o[0m
[ 26%] [32mBuilding CXX object CMakeFiles/tutorial_demo.dir/src/tutorial_demo_node.cpp.o[0m
[ 30%] [32mBuilding CXX object CMakeFiles/octomap_to_gridmap_demo.dir/src/octomap_to_gridmap_demo_node.cpp.o[0m
[ 33%] [32mBuilding CXX object CMakeFiles/octomap_to_gridmap_demo.dir/src/OctomapToGridmapDemo.cpp.o[0m
[ 36%] [32m[1mLinking CXX executable iterator_benchmark[0m
[ 36%] Built target iterator_benchmark
[ 40%] [32m[1mLinking CXX executable resolution_change_demo[0m
[ 43%] [32m[1mLinking CXX executable simple_demo[0m
[ 43%] Built target resolution_change_demo
[35m[1mScanning dependencies of target opencv_demo[0m
[35m[1mScanning dependencies of target image_to_gridmap_demo[0m
[35m[1mScanning dependencies of target iterators_demo[0m
[35m[1mScanning dependencies of target filters_demo_lib[0m
[ 46%] [32mBuilding CXX object CMakeFiles/filters_demo_lib.dir/src/FiltersDemo.cpp.o[0m
[ 53%] [32mBuilding CXX object CMakeFiles/iterators_demo.dir/src/iterators_demo_node.cpp.o[0m
[ 53%] [32mBuilding CXX object CMakeFiles/iterators_demo.dir/src/IteratorsDemo.cpp.o[0m
[ 56%] [32mBuilding CXX object CMakeFiles/opencv_demo.dir/src/opencv_demo_node.cpp.o[0m
[ 63%] [32mBuilding CXX object CMakeFiles/image_to_gridmap_demo.dir/src/ImageToGridmapDemo.cpp.o[0m
[ 63%] [32mBuilding CXX object CMakeFiles/image_to_gridmap_demo.dir/src/image_to_gridmap_demo_node.cpp.o[0m
[ 63%] Built target simple_demo
[ 66%] [32m[1mLinking CXX executable tutorial_demo[0m
[ 66%] Built target tutorial_demo
[ 70%] [32m[1mLinking CXX executable interpolation_demo[0m
[ 73%] [32m[1mLinking CXX executable move_demo[0m
[ 73%] Built target interpolation_demo
[ 73%] Built target move_demo
[ 76%] [32m[1mLinking CXX executable octomap_to_gridmap_demo[0m
[ 76%] Built target octomap_to_gridmap_demo
[ 80%] [32m[1mLinking CXX executable opencv_demo[0m
[ 80%] Built target opencv_demo
[ 83%] [32m[1mLinking CXX executable normal_filter_comparison_demo[0m
[ 83%] Built target normal_filter_comparison_demo
[ 86%] [32m[1mLinking CXX executable iterators_demo[0m
[ 86%] Built target iterators_demo
[ 90%] [32m[1mLinking CXX executable image_to_gridmap_demo[0m
[ 90%] Built target image_to_gridmap_demo
[ 93%] [32m[1mLinking CXX shared library libfilters_demo_lib.so[0m
[ 93%] Built target filters_demo_lib
[35m[1mScanning dependencies of target filters_demo[0m
[ 96%] [32mBuilding CXX object CMakeFiles/filters_demo.dir/src/filters_demo_node.cpp.o[0m
[100%] [32m[1mLinking CXX executable filters_demo[0m
[100%] Built target filters_demo
-- Install configuration: "Release"
-- Execute custom install script
-- Symlinking: /home/cityu/autoware/install/grid_map_demos/lib/grid_map_demos/filters_demo
-- Symlinking: /home/cityu/autoware/install/grid_map_demos/lib/libfilters_demo_lib.so
-- Symlinking: /home/cityu/autoware/install/grid_map_demos/lib/grid_map_demos/image_to_gridmap_demo
-- Symlinking: /home/cityu/autoware/install/grid_map_demos/lib/grid_map_demos/interpolation_demo
-- Symlinking: /home/cityu/autoware/install/grid_map_demos/lib/grid_map_demos/iterator_benchmark
-- Symlinking: /home/cityu/autoware/install/grid_map_demos/lib/grid_map_demos/iterators_demo
-- Symlinking: /home/cityu/autoware/install/grid_map_demos/lib/grid_map_demos/move_demo
-- Symlinking: /home/cityu/autoware/install/grid_map_demos/lib/grid_map_demos/normal_filter_comparison_demo
-- Symlinking: /home/cityu/autoware/install/grid_map_demos/lib/grid_map_demos/octomap_to_gridmap_demo
-- Symlinking: /home/cityu/autoware/install/grid_map_demos/lib/grid_map_demos/opencv_demo
-- Symlinking: /home/cityu/autoware/install/grid_map_demos/lib/grid_map_demos/resolution_change_demo
-- Symlinking: /home/cityu/autoware/install/grid_map_demos/lib/grid_map_demos/simple_demo
-- Symlinking: /home/cityu/autoware/install/grid_map_demos/lib/grid_map_demos/tutorial_demo
-- Symlinking: /home/cityu/autoware/install/grid_map_demos/share/grid_map_demos/config/filters_demo.yaml
-- Symlinking: /home/cityu/autoware/install/grid_map_demos/share/grid_map_demos/config/filters_demo_filter_chain.yaml
-- Symlinking: /home/cityu/autoware/install/grid_map_demos/share/grid_map_demos/config/grid_map_loader_demo.yaml
-- Symlinking: /home/cityu/autoware/install/grid_map_demos/share/grid_map_demos/config/image_to_gridmap_demo.yaml
-- Symlinking: /home/cityu/autoware/install/grid_map_demos/share/grid_map_demos/config/interpolation_demo.yaml
-- Symlinking: /home/cityu/autoware/install/grid_map_demos/share/grid_map_demos/config/iterators_demo.yaml
-- Symlinking: /home/cityu/autoware/install/grid_map_demos/share/grid_map_demos/config/move_demo.yaml
-- Symlinking: /home/cityu/autoware/install/grid_map_demos/share/grid_map_demos/config/normal_filter_comparison.yaml
-- Symlinking: /home/cityu/autoware/install/grid_map_demos/share/grid_map_demos/config/normal_filter_comparison_visualization.yaml
-- Symlinking: /home/cityu/autoware/install/grid_map_demos/share/grid_map_demos/config/octomap_to_gridmap_demo.yaml
-- Symlinking: /home/cityu/autoware/install/grid_map_demos/share/grid_map_demos/config/opencv_demo.yaml
-- Symlinking: /home/cityu/autoware/install/grid_map_demos/share/grid_map_demos/config/resolution_change_demo.yaml
-- Symlinking: /home/cityu/autoware/install/grid_map_demos/share/grid_map_demos/config/simple_demo.yaml
-- Symlinking: /home/cityu/autoware/install/grid_map_demos/share/grid_map_demos/config/tutorial_demo.yaml
-- Symlinking: /home/cityu/autoware/install/grid_map_demos/share/grid_map_demos/data/eth_logo.png
-- Symlinking: /home/cityu/autoware/install/grid_map_demos/share/grid_map_demos/data/freiburg1_360.bt
-- Symlinking: /home/cityu/autoware/install/grid_map_demos/share/grid_map_demos/data/grid_map_bag/grid_map_bag.db3
-- Symlinking: /home/cityu/autoware/install/grid_map_demos/share/grid_map_demos/data/grid_map_bag/metadata.yaml
-- Symlinking: /home/cityu/autoware/install/grid_map_demos/share/grid_map_demos/data/linearGradient_horizontal.png
-- Symlinking: /home/cityu/autoware/install/grid_map_demos/share/grid_map_demos/data/linearGradient_oblique_and_flat.png
-- Symlinking: /home/cityu/autoware/install/grid_map_demos/share/grid_map_demos/data/linearGradient_oblique_only.png
-- Symlinking: /home/cityu/autoware/install/grid_map_demos/share/grid_map_demos/data/linearGradient_vertical.png
-- Symlinking: /home/cityu/autoware/install/grid_map_demos/share/grid_map_demos/data/radialGradient_circle.png
-- Symlinking: /home/cityu/autoware/install/grid_map_demos/share/grid_map_demos/data/radialGradient_ellipse.png
-- Symlinking: /home/cityu/autoware/install/grid_map_demos/share/grid_map_demos/data/radialGradient_horizontal.png
-- Symlinking: /home/cityu/autoware/install/grid_map_demos/share/grid_map_demos/data/terrain.png
-- Symlinking: /home/cityu/autoware/install/grid_map_demos/share/grid_map_demos/doc/filters_demo.gif
-- Symlinking: /home/cityu/autoware/install/grid_map_demos/share/grid_map_demos/doc/filters_demo_preview.gif
-- Symlinking: /home/cityu/autoware/install/grid_map_demos/share/grid_map_demos/doc/image_to_grid_map_demo_result.png
-- Symlinking: /home/cityu/autoware/install/grid_map_demos/share/grid_map_demos/doc/opencv_demo_result.gif
-- Symlinking: /home/cityu/autoware/install/grid_map_demos/share/grid_map_demos/launch/filters_demo_launch.py
-- Symlinking: /home/cityu/autoware/install/grid_map_demos/share/grid_map_demos/launch/grid_map_loader_demo_launch.py
-- Symlinking: /home/cityu/autoware/install/grid_map_demos/share/grid_map_demos/launch/image_to_gridmap_demo_launch.py
-- Symlinking: /home/cityu/autoware/install/grid_map_demos/share/grid_map_demos/launch/interpolation_demo_launch.py
-- Symlinking: /home/cityu/autoware/install/grid_map_demos/share/grid_map_demos/launch/iterators_demo_launch.py
-- Symlinking: /home/cityu/autoware/install/grid_map_demos/share/grid_map_demos/launch/move_demo_launch.py
-- Symlinking: /home/cityu/autoware/install/grid_map_demos/share/grid_map_demos/launch/normal_filter_comparison_launch.py
-- Symlinking: /home/cityu/autoware/install/grid_map_demos/share/grid_map_demos/launch/octomap_to_gridmap_demo_launch.py
-- Symlinking: /home/cityu/autoware/install/grid_map_demos/share/grid_map_demos/launch/opencv_demo_launch.py
-- Symlinking: /home/cityu/autoware/install/grid_map_demos/share/grid_map_demos/launch/resolution_change_demo_launch.py
-- Symlinking: /home/cityu/autoware/install/grid_map_demos/share/grid_map_demos/launch/simple_demo_launch.py
-- Symlinking: /home/cityu/autoware/install/grid_map_demos/share/grid_map_demos/launch/tutorial_demo_launch.py
-- Symlinking: /home/cityu/autoware/install/grid_map_demos/share/grid_map_demos/rviz/filters_demo.rviz
-- Symlinking: /home/cityu/autoware/install/grid_map_demos/share/grid_map_demos/rviz/grid_map_demo.rviz
-- Symlinking: /home/cityu/autoware/install/grid_map_demos/share/grid_map_demos/rviz/grid_map_iterators_demo.rviz
-- Symlinking: /home/cityu/autoware/install/grid_map_demos/share/grid_map_demos/rviz/interpolation_demo.rviz
-- Symlinking: /home/cityu/autoware/install/grid_map_demos/share/grid_map_demos/rviz/normal_filter_comparison_demo.rviz
-- Symlinking: /home/cityu/autoware/install/grid_map_demos/share/grid_map_demos/rviz/octomap_to_gridmap_demo.rviz
-- Symlinking: /home/cityu/autoware/install/grid_map_demos/lib/grid_map_demos/image_publisher.py
-- Symlinking: /home/cityu/autoware/install/grid_map_demos/share/ament_index/resource_index/package_run_dependencies/grid_map_demos
-- Symlinking: /home/cityu/autoware/install/grid_map_demos/share/ament_index/resource_index/parent_prefix_path/grid_map_demos
-- Symlinking: /home/cityu/autoware/install/grid_map_demos/share/grid_map_demos/environment/ament_prefix_path.sh
-- Symlinking: /home/cityu/autoware/install/grid_map_demos/share/grid_map_demos/environment/ament_prefix_path.dsv
-- Symlinking: /home/cityu/autoware/install/grid_map_demos/share/grid_map_demos/environment/path.sh
-- Symlinking: /home/cityu/autoware/install/grid_map_demos/share/grid_map_demos/environment/path.dsv
-- Symlinking: /home/cityu/autoware/install/grid_map_demos/share/grid_map_demos/local_setup.bash
-- Symlinking: /home/cityu/autoware/install/grid_map_demos/share/grid_map_demos/local_setup.sh
-- Symlinking: /home/cityu/autoware/install/grid_map_demos/share/grid_map_demos/local_setup.zsh
-- Symlinking: /home/cityu/autoware/install/grid_map_demos/share/grid_map_demos/local_setup.dsv
-- Symlinking: /home/cityu/autoware/install/grid_map_demos/share/grid_map_demos/package.dsv
-- Symlinking: /home/cityu/autoware/install/grid_map_demos/share/ament_index/resource_index/packages/grid_map_demos
-- Symlinking: /home/cityu/autoware/install/grid_map_demos/share/grid_map_demos/cmake/ament_cmake_export_include_directories-extras.cmake
-- Symlinking: /home/cityu/autoware/install/grid_map_demos/share/grid_map_demos/cmake/grid_map_demosConfig.cmake
-- Symlinking: /home/cityu/autoware/install/grid_map_demos/share/grid_map_demos/cmake/grid_map_demosConfig-version.cmake
-- Symlinking: /home/cityu/autoware/install/grid_map_demos/share/grid_map_demos/package.xml
