-- The C compiler identification is GNU 9.4.0
-- The CXX compiler identification is GNU 9.4.0
-- Check for working C compiler: /usr/bin/cc
-- Check for working C compiler: /usr/bin/cc -- works
-- Detecting C compiler ABI info
-- Detecting C compiler ABI info - done
-- Detecting C compile features
-- Detecting C compile features - done
-- Check for working CXX compiler: /usr/bin/c++
-- Check for working CXX compiler: /usr/bin/c++ -- works
-- Detecting CXX compiler ABI info
-- Detecting CXX compiler ABI info - done
-- Detecting CXX compile features
-- Detecting CXX compile features - done
-- Found autoware_cmake: 0.1.0 (/home/cityu/autoware/install/autoware_cmake/share/autoware_cmake/cmake)
-- Found ament_cmake_auto: 1.1.6 (/opt/ros/galactic/share/ament_cmake_auto/cmake)
-- Found PythonInterp: /usr/bin/python3 (found suitable version "3.8.10", minimum required is "3") 
-- Using PYTHON_EXECUTABLE: /usr/bin/python3
-- Override CMake install command with custom implementation using symlinks instead of copying resources
-- Using all available rosidl_typesupport_c: rosidl_typesupport_fastrtps_c;rosidl_typesupport_introspection_c
-- Found rosidl_adapter: 2.2.3 (/opt/ros/galactic/share/rosidl_adapter/cmake)
-- Found OpenSSL: /usr/lib/x86_64-linux-gnu/libcrypto.so (found version "1.1.1f")  
-- Found FastRTPS: /opt/ros/galactic/include  
-- Using all available rosidl_typesupport_cpp: rosidl_typesupport_fastrtps_cpp;rosidl_typesupport_introspection_cpp
-- Found rmw_implementation_cmake: 3.3.1 (/opt/ros/galactic/share/rmw_implementation_cmake/cmake)
-- Found rmw_cyclonedds_cpp: 0.22.6 (/opt/ros/galactic/share/rmw_cyclonedds_cpp/cmake)
-- Using RMW implementation 'rmw_cyclonedds_cpp' as default
-- Looking for pthread.h
-- Looking for pthread.h - found
-- Performing Test CMAKE_HAVE_LIBC_PTHREAD
-- Performing Test CMAKE_HAVE_LIBC_PTHREAD - Failed
-- Looking for pthread_create in pthreads
-- Looking for pthread_create in pthreads - not found
-- Looking for pthread_create in pthread
-- Looking for pthread_create in pthread - found
-- Found Threads: TRUE  
-- Found eigen3_cmake_module: 0.1.1 (/opt/ros/galactic/share/eigen3_cmake_module/cmake)
-- Found Eigen3: TRUE (found version "3.3.7") 
-- Found ament_lint_auto: 0.10.7 (/opt/ros/galactic/share/ament_lint_auto/cmake)
-- Found Boost: /usr/lib/x86_64-linux-gnu/cmake/Boost-1.71.0/BoostConfig.cmake (found version "1.71.0")  
-- Found gtest sources under '/opt/ros/galactic/src/gtest_vendor': C++ tests using 'Google Test' will be built
-- Check if compiler accepts -pthread
-- Check if compiler accepts -pthread - yes
-- Added test 'copyright' to check source files copyright and LICENSE
-- Added test 'cppcheck' to perform static code analysis on C / C++ code
-- Configured cppcheck include dirs: /home/cityu/autoware/src/universe/autoware.universe/common/tier4_autoware_utils/include
-- Configured cppcheck exclude dirs and/or files: 
-- Added test 'lint_cmake' to check CMake code style
-- Added test 'xmllint' to check XML markup files
-- Configuring done
-- Generating done
-- Build files have been written to: /home/cityu/autoware/build/tier4_autoware_utils
[35m[1mScanning dependencies of target gtest[0m
[  5%] [32mBuilding CXX object gtest/CMakeFiles/gtest.dir/src/gtest-all.cc.o[0m
[ 10%] [32m[1mLinking CXX static library libgtest.a[0m
[ 10%] Built target gtest
[35m[1mScanning dependencies of target gtest_main[0m
[ 15%] [32mBuilding CXX object gtest/CMakeFiles/gtest_main.dir/src/gtest_main.cc.o[0m
[ 20%] [32m[1mLinking CXX static library libgtest_main.a[0m
[ 20%] Built target gtest_main
[35m[1mScanning dependencies of target tier4_autoware_utils[0m
[ 25%] [32mBuilding CXX object CMakeFiles/tier4_autoware_utils.dir/src/tier4_autoware_utils.cpp.o[0m
[ 30%] [32mBuilding CXX object CMakeFiles/tier4_autoware_utils.dir/src/ros/msg_operation.cpp.o[0m
[ 35%] [32mBuilding CXX object CMakeFiles/tier4_autoware_utils.dir/src/geometry/boost_polygon_utils.cpp.o[0m
[ 40%] [32m[1mLinking CXX shared library libtier4_autoware_utils.so[0m
[ 40%] Built target tier4_autoware_utils
[35m[1mScanning dependencies of target test_tier4_autoware_utils[0m
[ 45%] [32mBuilding CXX object CMakeFiles/test_tier4_autoware_utils.dir/test/src/geometry/test_boost_geometry.cpp.o[0m
[ 50%] [32mBuilding CXX object CMakeFiles/test_tier4_autoware_utils.dir/test/src/test_autoware_utils.cpp.o[0m
[ 55%] [32mBuilding CXX object CMakeFiles/test_tier4_autoware_utils.dir/test/src/system/test_stop_watch.cpp.o[0m
[ 60%] [32mBuilding CXX object CMakeFiles/test_tier4_autoware_utils.dir/test/src/math/test_unit_conversion.cpp.o[0m
[ 65%] [32mBuilding CXX object CMakeFiles/test_tier4_autoware_utils.dir/test/src/math/test_range.cpp.o[0m
[ 70%] [32mBuilding CXX object CMakeFiles/test_tier4_autoware_utils.dir/test/src/math/test_normalization.cpp.o[0m
[ 75%] [32mBuilding CXX object CMakeFiles/test_tier4_autoware_utils.dir/test/src/math/test_constants.cpp.o[0m
[ 80%] [32mBuilding CXX object CMakeFiles/test_tier4_autoware_utils.dir/test/src/geometry/test_pose_deviation.cpp.o[0m
[ 90%] [32mBuilding CXX object CMakeFiles/test_tier4_autoware_utils.dir/test/src/geometry/test_geometry.cpp.o[0m
[ 90%] [32mBuilding CXX object CMakeFiles/test_tier4_autoware_utils.dir/test/src/geometry/test_path_with_lane_id_geometry.cpp.o[0m
[ 95%] [32mBuilding CXX object CMakeFiles/test_tier4_autoware_utils.dir/test/src/geometry/test_boost_polygon_utils.cpp.o[0m
[100%] [32m[1mLinking CXX executable test_tier4_autoware_utils[0m
[100%] Built target test_tier4_autoware_utils
-- Install configuration: "Release"
-- Execute custom install script
-- Symlinking: /home/cityu/autoware/install/tier4_autoware_utils/include/tier4_autoware_utils/geometry/boost_geometry.hpp
-- Symlinking: /home/cityu/autoware/install/tier4_autoware_utils/include/tier4_autoware_utils/geometry/boost_polygon_utils.hpp
-- Symlinking: /home/cityu/autoware/install/tier4_autoware_utils/include/tier4_autoware_utils/geometry/geometry.hpp
-- Symlinking: /home/cityu/autoware/install/tier4_autoware_utils/include/tier4_autoware_utils/geometry/path_with_lane_id_geometry.hpp
-- Symlinking: /home/cityu/autoware/install/tier4_autoware_utils/include/tier4_autoware_utils/geometry/pose_deviation.hpp
-- Symlinking: /home/cityu/autoware/install/tier4_autoware_utils/include/tier4_autoware_utils/math/constants.hpp
-- Symlinking: /home/cityu/autoware/install/tier4_autoware_utils/include/tier4_autoware_utils/math/normalization.hpp
-- Symlinking: /home/cityu/autoware/install/tier4_autoware_utils/include/tier4_autoware_utils/math/range.hpp
-- Symlinking: /home/cityu/autoware/install/tier4_autoware_utils/include/tier4_autoware_utils/math/unit_conversion.hpp
-- Symlinking: /home/cityu/autoware/install/tier4_autoware_utils/include/tier4_autoware_utils/ros/debug_publisher.hpp
-- Symlinking: /home/cityu/autoware/install/tier4_autoware_utils/include/tier4_autoware_utils/ros/debug_traits.hpp
-- Symlinking: /home/cityu/autoware/install/tier4_autoware_utils/include/tier4_autoware_utils/ros/marker_helper.hpp
-- Symlinking: /home/cityu/autoware/install/tier4_autoware_utils/include/tier4_autoware_utils/ros/msg_covariance.hpp
-- Symlinking: /home/cityu/autoware/install/tier4_autoware_utils/include/tier4_autoware_utils/ros/msg_operation.hpp
-- Symlinking: /home/cityu/autoware/install/tier4_autoware_utils/include/tier4_autoware_utils/ros/processing_time_publisher.hpp
-- Symlinking: /home/cityu/autoware/install/tier4_autoware_utils/include/tier4_autoware_utils/ros/self_pose_listener.hpp
-- Symlinking: /home/cityu/autoware/install/tier4_autoware_utils/include/tier4_autoware_utils/ros/transform_listener.hpp
-- Symlinking: /home/cityu/autoware/install/tier4_autoware_utils/include/tier4_autoware_utils/ros/update_param.hpp
-- Symlinking: /home/cityu/autoware/install/tier4_autoware_utils/include/tier4_autoware_utils/ros/wait_for_param.hpp
-- Symlinking: /home/cityu/autoware/install/tier4_autoware_utils/include/tier4_autoware_utils/system/stop_watch.hpp
-- Symlinking: /home/cityu/autoware/install/tier4_autoware_utils/include/tier4_autoware_utils/tier4_autoware_utils.hpp
-- Symlinking: /home/cityu/autoware/install/tier4_autoware_utils/share/tier4_autoware_utils/environment/library_path.sh
-- Symlinking: /home/cityu/autoware/install/tier4_autoware_utils/share/tier4_autoware_utils/environment/library_path.dsv
-- Symlinking: /home/cityu/autoware/install/tier4_autoware_utils/lib/libtier4_autoware_utils.so
-- Symlinking: /home/cityu/autoware/install/tier4_autoware_utils/share/ament_index/resource_index/package_run_dependencies/tier4_autoware_utils
-- Symlinking: /home/cityu/autoware/install/tier4_autoware_utils/share/ament_index/resource_index/parent_prefix_path/tier4_autoware_utils
-- Symlinking: /home/cityu/autoware/install/tier4_autoware_utils/share/tier4_autoware_utils/environment/ament_prefix_path.sh
-- Symlinking: /home/cityu/autoware/install/tier4_autoware_utils/share/tier4_autoware_utils/environment/ament_prefix_path.dsv
-- Symlinking: /home/cityu/autoware/install/tier4_autoware_utils/share/tier4_autoware_utils/environment/path.sh
-- Symlinking: /home/cityu/autoware/install/tier4_autoware_utils/share/tier4_autoware_utils/environment/path.dsv
-- Symlinking: /home/cityu/autoware/install/tier4_autoware_utils/share/tier4_autoware_utils/local_setup.bash
-- Symlinking: /home/cityu/autoware/install/tier4_autoware_utils/share/tier4_autoware_utils/local_setup.sh
-- Symlinking: /home/cityu/autoware/install/tier4_autoware_utils/share/tier4_autoware_utils/local_setup.zsh
-- Symlinking: /home/cityu/autoware/install/tier4_autoware_utils/share/tier4_autoware_utils/local_setup.dsv
-- Symlinking: /home/cityu/autoware/install/tier4_autoware_utils/share/tier4_autoware_utils/package.dsv
-- Symlinking: /home/cityu/autoware/install/tier4_autoware_utils/share/ament_index/resource_index/packages/tier4_autoware_utils
-- Symlinking: /home/cityu/autoware/install/tier4_autoware_utils/share/tier4_autoware_utils/cmake/ament_cmake_export_dependencies-extras.cmake
-- Symlinking: /home/cityu/autoware/install/tier4_autoware_utils/share/tier4_autoware_utils/cmake/ament_cmake_export_include_directories-extras.cmake
-- Symlinking: /home/cityu/autoware/install/tier4_autoware_utils/share/tier4_autoware_utils/cmake/ament_cmake_export_libraries-extras.cmake
-- Symlinking: /home/cityu/autoware/install/tier4_autoware_utils/share/tier4_autoware_utils/cmake/tier4_autoware_utilsConfig.cmake
-- Symlinking: /home/cityu/autoware/install/tier4_autoware_utils/share/tier4_autoware_utils/cmake/tier4_autoware_utilsConfig-version.cmake
-- Symlinking: /home/cityu/autoware/install/tier4_autoware_utils/share/tier4_autoware_utils/package.xml
