[0.073s] Invoking command in '/home/cityu/autoware/build/system_monitor': AMENT_PREFIX_PATH=/home/cityu/autoware/install/tier4_autoware_utils:/home/cityu/autoware/install/autoware_auto_vehicle_msgs:/home/cityu/autoware/install/autoware_cmake:/home/cityu/autoware/install/autoware_auto_planning_msgs:/home/cityu/autoware/install/autoware_auto_perception_msgs:/home/cityu/autoware/install/tier4_external_api_msgs:/home/cityu/autoware/install/tier4_debug_msgs:/home/cityu/autoware/install/autoware_lint_common:/home/cityu/autoware/install/autoware_auto_mapping_msgs:/home/cityu/autoware/install/autoware_auto_geometry_msgs:${AMENT_PREFIX_PATH} CMAKE_PREFIX_PATH=/home/cityu/autoware/install/tier4_autoware_utils:/home/cityu/autoware/install/autoware_auto_vehicle_msgs:/home/cityu/autoware/install/autoware_cmake:/home/cityu/autoware/install/autoware_auto_planning_msgs:/home/cityu/autoware/install/autoware_auto_perception_msgs:/home/cityu/autoware/install/tier4_external_api_msgs:/home/cityu/autoware/install/tier4_debug_msgs:/home/cityu/autoware/install/autoware_lint_common:/home/cityu/autoware/install/autoware_auto_mapping_msgs:/home/cityu/autoware/install/autoware_auto_geometry_msgs:/opt/ros/galactic LD_LIBRARY_PATH=/home/cityu/autoware/install/tier4_autoware_utils/lib:/home/cityu/autoware/install/autoware_auto_vehicle_msgs/lib:/home/cityu/autoware/install/autoware_auto_planning_msgs/lib:/home/cityu/autoware/install/autoware_auto_perception_msgs/lib:/home/cityu/autoware/install/tier4_external_api_msgs/lib:/home/cityu/autoware/install/tier4_debug_msgs/lib:/home/cityu/autoware/install/autoware_auto_mapping_msgs/lib:/home/cityu/autoware/install/autoware_auto_geometry_msgs/lib:${LD_LIBRARY_PATH} PYTHONPATH=/home/cityu/autoware/install/autoware_auto_vehicle_msgs/lib/python3.8/site-packages:/home/cityu/autoware/install/autoware_auto_planning_msgs/lib/python3.8/site-packages:/home/cityu/autoware/install/autoware_auto_perception_msgs/lib/python3.8/site-packages:/home/cityu/autoware/install/tier4_external_api_msgs/lib/python3.8/site-packages:/home/cityu/autoware/install/tier4_debug_msgs/lib/python3.8/site-packages:/home/cityu/autoware/install/autoware_auto_mapping_msgs/lib/python3.8/site-packages:/home/cityu/autoware/install/autoware_auto_geometry_msgs/lib/python3.8/site-packages:${PYTHONPATH} /usr/bin/cmake /home/cityu/autoware/src/universe/autoware.universe/system/system_monitor -DCMAKE_BUILD_TYPE=Release -DDOWNLOAD_ARTIFACTS=ON -DAMENT_CMAKE_SYMLINK_INSTALL=1 -DCMAKE_INSTALL_PREFIX=/home/cityu/autoware/install/system_monitor
[3.795s] -- Found autoware_cmake: 0.1.0 (/home/cityu/autoware/install/autoware_cmake/share/autoware_cmake/cmake)
[3.796s] -- Found ament_cmake_auto: 1.1.6 (/opt/ros/galactic/share/ament_cmake_auto/cmake)
[3.796s] -- Using PYTHON_EXECUTABLE: /usr/bin/python3
[3.796s] -- Override CMake install command with custom implementation using symlinks instead of copying resources
[3.796s] -- Using all available rosidl_typesupport_c: rosidl_typesupport_fastrtps_c;rosidl_typesupport_introspection_c
[3.796s] -- Found rosidl_adapter: 2.2.3 (/opt/ros/galactic/share/rosidl_adapter/cmake)
[3.796s] -- Using all available rosidl_typesupport_cpp: rosidl_typesupport_fastrtps_cpp;rosidl_typesupport_introspection_cpp
[3.796s] -- Found rmw_implementation_cmake: 3.3.1 (/opt/ros/galactic/share/rmw_implementation_cmake/cmake)
[3.796s] -- Found rmw_cyclonedds_cpp: 0.22.6 (/opt/ros/galactic/share/rmw_cyclonedds_cpp/cmake)
[3.796s] -- Using RMW implementation 'rmw_cyclonedds_cpp' as default
[5.250s] -- Found eigen3_cmake_module: 0.1.1 (/opt/ros/galactic/share/eigen3_cmake_module/cmake)
[5.932s] -- Found ament_lint_auto: 0.10.7 (/opt/ros/galactic/share/ament_lint_auto/cmake)
[5.940s] -- NVML include dir: /usr/local/cuda/include
[5.940s] -- NVML library : /usr/lib/x86_64-linux-gnu/libnvidia-ml.so
[5.940s] -- HOST_SYSTEM_VERSION: 5.15.0-69-generic
[5.940s] -- SYSTEM_PROCESSOR: x86_64
[5.941s] -- CPU PLATFORM: intel
[5.941s] -- GPU PLATFORM: nvml
[12.417s] -- Added test 'copyright' to check source files copyright and LICENSE
[12.426s] -- Added test 'cppcheck' to perform static code analysis on C / C++ code
[12.431s] -- Configured cppcheck include dirs: /home/cityu/autoware/src/universe/autoware.universe/system/system_monitor/include
[12.432s] -- Configured cppcheck exclude dirs and/or files: 
[12.434s] -- Added test 'lint_cmake' to check CMake code style
[12.436s] -- Added test 'xmllint' to check XML markup files
[12.445s] -- Configuring done
[13.691s] -- Generating done
[13.698s] CMake Warning:
[13.698s]   Manually-specified variables were not used by the project:
[13.698s] 
[13.699s]     DOWNLOAD_ARTIFACTS
[13.699s] 
[13.699s] 
[13.699s] -- Build files have been written to: /home/cityu/autoware/build/system_monitor
[13.732s] Invoked command in '/home/cityu/autoware/build/system_monitor' returned '0': AMENT_PREFIX_PATH=/home/cityu/autoware/install/tier4_autoware_utils:/home/cityu/autoware/install/autoware_auto_vehicle_msgs:/home/cityu/autoware/install/autoware_cmake:/home/cityu/autoware/install/autoware_auto_planning_msgs:/home/cityu/autoware/install/autoware_auto_perception_msgs:/home/cityu/autoware/install/tier4_external_api_msgs:/home/cityu/autoware/install/tier4_debug_msgs:/home/cityu/autoware/install/autoware_lint_common:/home/cityu/autoware/install/autoware_auto_mapping_msgs:/home/cityu/autoware/install/autoware_auto_geometry_msgs:${AMENT_PREFIX_PATH} CMAKE_PREFIX_PATH=/home/cityu/autoware/install/tier4_autoware_utils:/home/cityu/autoware/install/autoware_auto_vehicle_msgs:/home/cityu/autoware/install/autoware_cmake:/home/cityu/autoware/install/autoware_auto_planning_msgs:/home/cityu/autoware/install/autoware_auto_perception_msgs:/home/cityu/autoware/install/tier4_external_api_msgs:/home/cityu/autoware/install/tier4_debug_msgs:/home/cityu/autoware/install/autoware_lint_common:/home/cityu/autoware/install/autoware_auto_mapping_msgs:/home/cityu/autoware/install/autoware_auto_geometry_msgs:/opt/ros/galactic LD_LIBRARY_PATH=/home/cityu/autoware/install/tier4_autoware_utils/lib:/home/cityu/autoware/install/autoware_auto_vehicle_msgs/lib:/home/cityu/autoware/install/autoware_auto_planning_msgs/lib:/home/cityu/autoware/install/autoware_auto_perception_msgs/lib:/home/cityu/autoware/install/tier4_external_api_msgs/lib:/home/cityu/autoware/install/tier4_debug_msgs/lib:/home/cityu/autoware/install/autoware_auto_mapping_msgs/lib:/home/cityu/autoware/install/autoware_auto_geometry_msgs/lib:${LD_LIBRARY_PATH} PYTHONPATH=/home/cityu/autoware/install/autoware_auto_vehicle_msgs/lib/python3.8/site-packages:/home/cityu/autoware/install/autoware_auto_planning_msgs/lib/python3.8/site-packages:/home/cityu/autoware/install/autoware_auto_perception_msgs/lib/python3.8/site-packages:/home/cityu/autoware/install/tier4_external_api_msgs/lib/python3.8/site-packages:/home/cityu/autoware/install/tier4_debug_msgs/lib/python3.8/site-packages:/home/cityu/autoware/install/autoware_auto_mapping_msgs/lib/python3.8/site-packages:/home/cityu/autoware/install/autoware_auto_geometry_msgs/lib/python3.8/site-packages:${PYTHONPATH} /usr/bin/cmake /home/cityu/autoware/src/universe/autoware.universe/system/system_monitor -DCMAKE_BUILD_TYPE=Release -DDOWNLOAD_ARTIFACTS=ON -DAMENT_CMAKE_SYMLINK_INSTALL=1 -DCMAKE_INSTALL_PREFIX=/home/cityu/autoware/install/system_monitor
[13.733s] Invoking command in '/home/cityu/autoware/build/system_monitor': AMENT_PREFIX_PATH=/home/cityu/autoware/install/tier4_autoware_utils:/home/cityu/autoware/install/autoware_auto_vehicle_msgs:/home/cityu/autoware/install/autoware_cmake:/home/cityu/autoware/install/autoware_auto_planning_msgs:/home/cityu/autoware/install/autoware_auto_perception_msgs:/home/cityu/autoware/install/tier4_external_api_msgs:/home/cityu/autoware/install/tier4_debug_msgs:/home/cityu/autoware/install/autoware_lint_common:/home/cityu/autoware/install/autoware_auto_mapping_msgs:/home/cityu/autoware/install/autoware_auto_geometry_msgs:${AMENT_PREFIX_PATH} CMAKE_PREFIX_PATH=/home/cityu/autoware/install/tier4_autoware_utils:/home/cityu/autoware/install/autoware_auto_vehicle_msgs:/home/cityu/autoware/install/autoware_cmake:/home/cityu/autoware/install/autoware_auto_planning_msgs:/home/cityu/autoware/install/autoware_auto_perception_msgs:/home/cityu/autoware/install/tier4_external_api_msgs:/home/cityu/autoware/install/tier4_debug_msgs:/home/cityu/autoware/install/autoware_lint_common:/home/cityu/autoware/install/autoware_auto_mapping_msgs:/home/cityu/autoware/install/autoware_auto_geometry_msgs:/opt/ros/galactic LD_LIBRARY_PATH=/home/cityu/autoware/install/tier4_autoware_utils/lib:/home/cityu/autoware/install/autoware_auto_vehicle_msgs/lib:/home/cityu/autoware/install/autoware_auto_planning_msgs/lib:/home/cityu/autoware/install/autoware_auto_perception_msgs/lib:/home/cityu/autoware/install/tier4_external_api_msgs/lib:/home/cityu/autoware/install/tier4_debug_msgs/lib:/home/cityu/autoware/install/autoware_auto_mapping_msgs/lib:/home/cityu/autoware/install/autoware_auto_geometry_msgs/lib:${LD_LIBRARY_PATH} PYTHONPATH=/home/cityu/autoware/install/autoware_auto_vehicle_msgs/lib/python3.8/site-packages:/home/cityu/autoware/install/autoware_auto_planning_msgs/lib/python3.8/site-packages:/home/cityu/autoware/install/autoware_auto_perception_msgs/lib/python3.8/site-packages:/home/cityu/autoware/install/tier4_external_api_msgs/lib/python3.8/site-packages:/home/cityu/autoware/install/tier4_debug_msgs/lib/python3.8/site-packages:/home/cityu/autoware/install/autoware_auto_mapping_msgs/lib/python3.8/site-packages:/home/cityu/autoware/install/autoware_auto_geometry_msgs/lib/python3.8/site-packages:${PYTHONPATH} /usr/bin/cmake --build /home/cityu/autoware/build/system_monitor -- -j16 -l16
[16.772s] [  4%] Built target voltage_monitor
[16.773s] [  9%] Built target gpu_monitor
[16.774s] [ 14%] Built target ntp_monitor
[16.774s] [ 17%] [32m[1mLinking CXX shared library libcpu_monitor_lib.so[0m
[16.774s] [ 21%] Built target cpu_monitor_lib
[16.774s] [ 26%] Built target cpu_monitor
[16.774s] [ 29%] [32m[1mLinking CXX shared library libhdd_monitor_lib.so[0m
[16.774s] [ 31%] Built target hdd_monitor_lib
[16.774s] [ 36%] Built target hdd_monitor
[16.775s] [ 39%] [32m[1mLinking CXX shared library libmem_monitor_lib.so[0m
[16.775s] [ 41%] Built target mem_monitor_lib
[16.775s] [ 46%] Built target mem_monitor
[16.775s] [ 48%] [32m[1mLinking CXX shared library libnet_monitor_lib.so[0m
[16.775s] [ 53%] Built target net_monitor_lib
[16.775s] [ 58%] Built target net_monitor
[16.775s] [ 60%] [32m[1mLinking CXX shared library libntp_monitor_lib.so[0m
[17.102s] [ 63%] Built target ntp_monitor_lib
[17.171s] [ 68%] Built target process_monitor
[17.245s] [ 70%] [32m[1mLinking CXX shared library libprocess_monitor_lib.so[0m
[18.098s] [ 73%] Built target process_monitor_lib
[18.162s] [ 75%] [32m[1mLinking CXX shared library libgpu_monitor_lib.so[0m
[18.728s] [ 80%] Built target gpu_monitor_lib
[18.785s] [ 82%] [32m[1mLinking CXX shared library libvoltage_monitor_lib.so[0m
[19.379s] [ 85%] Built target voltage_monitor_lib
[19.420s] [ 87%] [32m[1mLinking CXX executable hdd_reader[0m
[19.863s] [ 90%] Built target hdd_reader
[19.906s] [ 92%] [32m[1mLinking CXX executable traffic_reader[0m
[20.276s] [ 95%] Built target traffic_reader
[20.323s] [ 97%] [32m[1mLinking CXX executable msr_reader[0m
[20.663s] [100%] Built target msr_reader
[20.689s] Invoked command in '/home/cityu/autoware/build/system_monitor' returned '0': AMENT_PREFIX_PATH=/home/cityu/autoware/install/tier4_autoware_utils:/home/cityu/autoware/install/autoware_auto_vehicle_msgs:/home/cityu/autoware/install/autoware_cmake:/home/cityu/autoware/install/autoware_auto_planning_msgs:/home/cityu/autoware/install/autoware_auto_perception_msgs:/home/cityu/autoware/install/tier4_external_api_msgs:/home/cityu/autoware/install/tier4_debug_msgs:/home/cityu/autoware/install/autoware_lint_common:/home/cityu/autoware/install/autoware_auto_mapping_msgs:/home/cityu/autoware/install/autoware_auto_geometry_msgs:${AMENT_PREFIX_PATH} CMAKE_PREFIX_PATH=/home/cityu/autoware/install/tier4_autoware_utils:/home/cityu/autoware/install/autoware_auto_vehicle_msgs:/home/cityu/autoware/install/autoware_cmake:/home/cityu/autoware/install/autoware_auto_planning_msgs:/home/cityu/autoware/install/autoware_auto_perception_msgs:/home/cityu/autoware/install/tier4_external_api_msgs:/home/cityu/autoware/install/tier4_debug_msgs:/home/cityu/autoware/install/autoware_lint_common:/home/cityu/autoware/install/autoware_auto_mapping_msgs:/home/cityu/autoware/install/autoware_auto_geometry_msgs:/opt/ros/galactic LD_LIBRARY_PATH=/home/cityu/autoware/install/tier4_autoware_utils/lib:/home/cityu/autoware/install/autoware_auto_vehicle_msgs/lib:/home/cityu/autoware/install/autoware_auto_planning_msgs/lib:/home/cityu/autoware/install/autoware_auto_perception_msgs/lib:/home/cityu/autoware/install/tier4_external_api_msgs/lib:/home/cityu/autoware/install/tier4_debug_msgs/lib:/home/cityu/autoware/install/autoware_auto_mapping_msgs/lib:/home/cityu/autoware/install/autoware_auto_geometry_msgs/lib:${LD_LIBRARY_PATH} PYTHONPATH=/home/cityu/autoware/install/autoware_auto_vehicle_msgs/lib/python3.8/site-packages:/home/cityu/autoware/install/autoware_auto_planning_msgs/lib/python3.8/site-packages:/home/cityu/autoware/install/autoware_auto_perception_msgs/lib/python3.8/site-packages:/home/cityu/autoware/install/tier4_external_api_msgs/lib/python3.8/site-packages:/home/cityu/autoware/install/tier4_debug_msgs/lib/python3.8/site-packages:/home/cityu/autoware/install/autoware_auto_mapping_msgs/lib/python3.8/site-packages:/home/cityu/autoware/install/autoware_auto_geometry_msgs/lib/python3.8/site-packages:${PYTHONPATH} /usr/bin/cmake --build /home/cityu/autoware/build/system_monitor -- -j16 -l16
[20.786s] Invoking command in '/home/cityu/autoware/build/system_monitor': AMENT_PREFIX_PATH=/home/cityu/autoware/install/tier4_autoware_utils:/home/cityu/autoware/install/autoware_auto_vehicle_msgs:/home/cityu/autoware/install/autoware_cmake:/home/cityu/autoware/install/autoware_auto_planning_msgs:/home/cityu/autoware/install/autoware_auto_perception_msgs:/home/cityu/autoware/install/tier4_external_api_msgs:/home/cityu/autoware/install/tier4_debug_msgs:/home/cityu/autoware/install/autoware_lint_common:/home/cityu/autoware/install/autoware_auto_mapping_msgs:/home/cityu/autoware/install/autoware_auto_geometry_msgs:${AMENT_PREFIX_PATH} CMAKE_PREFIX_PATH=/home/cityu/autoware/install/tier4_autoware_utils:/home/cityu/autoware/install/autoware_auto_vehicle_msgs:/home/cityu/autoware/install/autoware_cmake:/home/cityu/autoware/install/autoware_auto_planning_msgs:/home/cityu/autoware/install/autoware_auto_perception_msgs:/home/cityu/autoware/install/tier4_external_api_msgs:/home/cityu/autoware/install/tier4_debug_msgs:/home/cityu/autoware/install/autoware_lint_common:/home/cityu/autoware/install/autoware_auto_mapping_msgs:/home/cityu/autoware/install/autoware_auto_geometry_msgs:/opt/ros/galactic LD_LIBRARY_PATH=/home/cityu/autoware/install/tier4_autoware_utils/lib:/home/cityu/autoware/install/autoware_auto_vehicle_msgs/lib:/home/cityu/autoware/install/autoware_auto_planning_msgs/lib:/home/cityu/autoware/install/autoware_auto_perception_msgs/lib:/home/cityu/autoware/install/tier4_external_api_msgs/lib:/home/cityu/autoware/install/tier4_debug_msgs/lib:/home/cityu/autoware/install/autoware_auto_mapping_msgs/lib:/home/cityu/autoware/install/autoware_auto_geometry_msgs/lib:${LD_LIBRARY_PATH} PYTHONPATH=/home/cityu/autoware/install/autoware_auto_vehicle_msgs/lib/python3.8/site-packages:/home/cityu/autoware/install/autoware_auto_planning_msgs/lib/python3.8/site-packages:/home/cityu/autoware/install/autoware_auto_perception_msgs/lib/python3.8/site-packages:/home/cityu/autoware/install/tier4_external_api_msgs/lib/python3.8/site-packages:/home/cityu/autoware/install/tier4_debug_msgs/lib/python3.8/site-packages:/home/cityu/autoware/install/autoware_auto_mapping_msgs/lib/python3.8/site-packages:/home/cityu/autoware/install/autoware_auto_geometry_msgs/lib/python3.8/site-packages:${PYTHONPATH} /usr/bin/cmake --install /home/cityu/autoware/build/system_monitor
[25.265s] -- Install configuration: "Release"
[25.266s] -- Execute custom install script
[25.266s] -- Up-to-date symlink: /home/cityu/autoware/install/system_monitor/lib/system_monitor/cpu_monitor
[25.270s] -- Up-to-date symlink: /home/cityu/autoware/install/system_monitor/lib/system_monitor/hdd_monitor
[25.271s] -- Up-to-date symlink: /home/cityu/autoware/install/system_monitor/lib/system_monitor/mem_monitor
[25.271s] -- Up-to-date symlink: /home/cityu/autoware/install/system_monitor/lib/system_monitor/net_monitor
[25.271s] -- Up-to-date symlink: /home/cityu/autoware/install/system_monitor/lib/system_monitor/ntp_monitor
[25.271s] -- Up-to-date symlink: /home/cityu/autoware/install/system_monitor/lib/system_monitor/process_monitor
[25.271s] -- Up-to-date symlink: /home/cityu/autoware/install/system_monitor/lib/system_monitor/gpu_monitor
[25.271s] -- Up-to-date symlink: /home/cityu/autoware/install/system_monitor/lib/system_monitor/voltage_monitor
[25.271s] -- Up-to-date symlink: /home/cityu/autoware/install/system_monitor/include/hdd_reader/hdd_reader.hpp
[25.271s] -- Up-to-date symlink: /home/cityu/autoware/install/system_monitor/include/msr_reader/msr_reader.hpp
[25.272s] -- Up-to-date symlink: /home/cityu/autoware/install/system_monitor/include/system_monitor/cpu_monitor/arm_cpu_monitor.hpp
[25.272s] -- Up-to-date symlink: /home/cityu/autoware/install/system_monitor/include/system_monitor/cpu_monitor/cpu_monitor_base.hpp
[25.272s] -- Up-to-date symlink: /home/cityu/autoware/install/system_monitor/include/system_monitor/cpu_monitor/intel_cpu_monitor.hpp
[25.272s] -- Up-to-date symlink: /home/cityu/autoware/install/system_monitor/include/system_monitor/cpu_monitor/raspi_cpu_monitor.hpp
[25.272s] -- Up-to-date symlink: /home/cityu/autoware/install/system_monitor/include/system_monitor/cpu_monitor/tegra_cpu_monitor.hpp
[25.272s] -- Up-to-date symlink: /home/cityu/autoware/install/system_monitor/include/system_monitor/cpu_monitor/unknown_cpu_monitor.hpp
[25.272s] -- Up-to-date symlink: /home/cityu/autoware/install/system_monitor/include/system_monitor/gpu_monitor/gpu_monitor_base.hpp
[25.272s] -- Up-to-date symlink: /home/cityu/autoware/install/system_monitor/include/system_monitor/gpu_monitor/nvml_gpu_monitor.hpp
[25.272s] -- Up-to-date symlink: /home/cityu/autoware/install/system_monitor/include/system_monitor/gpu_monitor/tegra_gpu_monitor.hpp
[25.273s] -- Up-to-date symlink: /home/cityu/autoware/install/system_monitor/include/system_monitor/gpu_monitor/unknown_gpu_monitor.hpp
[25.273s] -- Up-to-date symlink: /home/cityu/autoware/install/system_monitor/include/system_monitor/hdd_monitor/hdd_monitor.hpp
[25.273s] -- Up-to-date symlink: /home/cityu/autoware/install/system_monitor/include/system_monitor/mem_monitor/mem_monitor.hpp
[25.273s] -- Up-to-date symlink: /home/cityu/autoware/install/system_monitor/include/system_monitor/net_monitor/net_monitor.hpp
[25.283s] -- Up-to-date symlink: /home/cityu/autoware/install/system_monitor/include/system_monitor/net_monitor/nl80211.hpp
[25.284s] -- Up-to-date symlink: /home/cityu/autoware/install/system_monitor/include/system_monitor/ntp_monitor/ntp_monitor.hpp
[25.284s] -- Up-to-date symlink: /home/cityu/autoware/install/system_monitor/include/system_monitor/process_monitor/diag_task.hpp
[25.284s] -- Up-to-date symlink: /home/cityu/autoware/install/system_monitor/include/system_monitor/process_monitor/process_monitor.hpp
[25.284s] -- Up-to-date symlink: /home/cityu/autoware/install/system_monitor/include/system_monitor/system_monitor_utility.hpp
[25.285s] -- Up-to-date symlink: /home/cityu/autoware/install/system_monitor/include/system_monitor/voltage_monitor/voltage_monitor.hpp
[25.285s] -- Up-to-date symlink: /home/cityu/autoware/install/system_monitor/include/traffic_reader/traffic_reader.hpp
[25.285s] -- Up-to-date symlink: /home/cityu/autoware/install/system_monitor/share/system_monitor/environment/library_path.sh
[25.285s] -- Up-to-date symlink: /home/cityu/autoware/install/system_monitor/share/system_monitor/environment/library_path.dsv
[25.285s] -- Up-to-date symlink: /home/cityu/autoware/install/system_monitor/lib/libcpu_monitor_lib.so
[25.285s] -- Up-to-date symlink: /home/cityu/autoware/install/system_monitor/lib/libhdd_monitor_lib.so
[25.285s] -- Up-to-date symlink: /home/cityu/autoware/install/system_monitor/lib/libmem_monitor_lib.so
[25.285s] -- Up-to-date symlink: /home/cityu/autoware/install/system_monitor/lib/libnet_monitor_lib.so
[25.286s] -- Up-to-date symlink: /home/cityu/autoware/install/system_monitor/lib/libntp_monitor_lib.so
[25.286s] -- Up-to-date symlink: /home/cityu/autoware/install/system_monitor/lib/libprocess_monitor_lib.so
[25.286s] -- Up-to-date symlink: /home/cityu/autoware/install/system_monitor/lib/libgpu_monitor_lib.so
[25.286s] -- Up-to-date symlink: /home/cityu/autoware/install/system_monitor/lib/libvoltage_monitor_lib.so
[25.286s] -- Up-to-date symlink: /home/cityu/autoware/install/system_monitor/lib/system_monitor/msr_reader
[25.286s] -- Up-to-date symlink: /home/cityu/autoware/install/system_monitor/lib/system_monitor/hdd_reader
[25.286s] -- Up-to-date symlink: /home/cityu/autoware/install/system_monitor/lib/system_monitor/traffic_reader
[25.287s] -- Up-to-date symlink: /home/cityu/autoware/install/system_monitor/share/system_monitor/launch/system_monitor.launch.py
[25.287s] -- Up-to-date symlink: /home/cityu/autoware/install/system_monitor/share/system_monitor/launch/system_monitor.launch.xml
[25.287s] -- Up-to-date symlink: /home/cityu/autoware/install/system_monitor/share/system_monitor/config/cpu_monitor.param.yaml
[25.287s] -- Up-to-date symlink: /home/cityu/autoware/install/system_monitor/share/system_monitor/config/gpu_monitor.param.yaml
[25.287s] -- Up-to-date symlink: /home/cityu/autoware/install/system_monitor/share/system_monitor/config/hdd_monitor.param.yaml
[25.288s] -- Up-to-date symlink: /home/cityu/autoware/install/system_monitor/share/system_monitor/config/mem_monitor.param.yaml
[25.288s] -- Up-to-date symlink: /home/cityu/autoware/install/system_monitor/share/system_monitor/config/net_monitor.param.yaml
[25.288s] -- Up-to-date symlink: /home/cityu/autoware/install/system_monitor/share/system_monitor/config/ntp_monitor.param.yaml
[25.288s] -- Up-to-date symlink: /home/cityu/autoware/install/system_monitor/share/system_monitor/config/process_monitor.param.yaml
[25.288s] -- Up-to-date symlink: /home/cityu/autoware/install/system_monitor/share/system_monitor/config/voltage_monitor.param.yaml
[25.288s] -- Up-to-date symlink: /home/cityu/autoware/install/system_monitor/share/ament_index/resource_index/package_run_dependencies/system_monitor
[25.289s] -- Up-to-date symlink: /home/cityu/autoware/install/system_monitor/share/ament_index/resource_index/parent_prefix_path/system_monitor
[25.289s] -- Up-to-date symlink: /home/cityu/autoware/install/system_monitor/share/system_monitor/environment/ament_prefix_path.sh
[25.289s] -- Up-to-date symlink: /home/cityu/autoware/install/system_monitor/share/system_monitor/environment/ament_prefix_path.dsv
[25.289s] -- Up-to-date symlink: /home/cityu/autoware/install/system_monitor/share/system_monitor/environment/path.sh
[25.289s] -- Up-to-date symlink: /home/cityu/autoware/install/system_monitor/share/system_monitor/environment/path.dsv
[25.289s] -- Up-to-date symlink: /home/cityu/autoware/install/system_monitor/share/system_monitor/local_setup.bash
[25.290s] -- Up-to-date symlink: /home/cityu/autoware/install/system_monitor/share/system_monitor/local_setup.sh
[25.290s] -- Up-to-date symlink: /home/cityu/autoware/install/system_monitor/share/system_monitor/local_setup.zsh
[25.290s] -- Up-to-date symlink: /home/cityu/autoware/install/system_monitor/share/system_monitor/local_setup.dsv
[25.290s] -- Symlinking: /home/cityu/autoware/install/system_monitor/share/system_monitor/package.dsv
[25.290s] -- Up-to-date symlink: /home/cityu/autoware/install/system_monitor/share/ament_index/resource_index/packages/system_monitor
[25.291s] -- Up-to-date symlink: /home/cityu/autoware/install/system_monitor/share/ament_index/resource_index/rclcpp_components/system_monitor
[25.297s] -- Up-to-date symlink: /home/cityu/autoware/install/system_monitor/share/system_monitor/cmake/ament_cmake_export_dependencies-extras.cmake
[25.297s] -- Up-to-date symlink: /home/cityu/autoware/install/system_monitor/share/system_monitor/cmake/ament_cmake_export_include_directories-extras.cmake
[25.298s] -- Up-to-date symlink: /home/cityu/autoware/install/system_monitor/share/system_monitor/cmake/ament_cmake_export_libraries-extras.cmake
[25.298s] -- Up-to-date symlink: /home/cityu/autoware/install/system_monitor/share/system_monitor/cmake/system_monitorConfig.cmake
[25.299s] -- Up-to-date symlink: /home/cityu/autoware/install/system_monitor/share/system_monitor/cmake/system_monitorConfig-version.cmake
[25.299s] -- Up-to-date symlink: /home/cityu/autoware/install/system_monitor/share/system_monitor/package.xml
[25.309s] Invoked command in '/home/cityu/autoware/build/system_monitor' returned '0': AMENT_PREFIX_PATH=/home/cityu/autoware/install/tier4_autoware_utils:/home/cityu/autoware/install/autoware_auto_vehicle_msgs:/home/cityu/autoware/install/autoware_cmake:/home/cityu/autoware/install/autoware_auto_planning_msgs:/home/cityu/autoware/install/autoware_auto_perception_msgs:/home/cityu/autoware/install/tier4_external_api_msgs:/home/cityu/autoware/install/tier4_debug_msgs:/home/cityu/autoware/install/autoware_lint_common:/home/cityu/autoware/install/autoware_auto_mapping_msgs:/home/cityu/autoware/install/autoware_auto_geometry_msgs:${AMENT_PREFIX_PATH} CMAKE_PREFIX_PATH=/home/cityu/autoware/install/tier4_autoware_utils:/home/cityu/autoware/install/autoware_auto_vehicle_msgs:/home/cityu/autoware/install/autoware_cmake:/home/cityu/autoware/install/autoware_auto_planning_msgs:/home/cityu/autoware/install/autoware_auto_perception_msgs:/home/cityu/autoware/install/tier4_external_api_msgs:/home/cityu/autoware/install/tier4_debug_msgs:/home/cityu/autoware/install/autoware_lint_common:/home/cityu/autoware/install/autoware_auto_mapping_msgs:/home/cityu/autoware/install/autoware_auto_geometry_msgs:/opt/ros/galactic LD_LIBRARY_PATH=/home/cityu/autoware/install/tier4_autoware_utils/lib:/home/cityu/autoware/install/autoware_auto_vehicle_msgs/lib:/home/cityu/autoware/install/autoware_auto_planning_msgs/lib:/home/cityu/autoware/install/autoware_auto_perception_msgs/lib:/home/cityu/autoware/install/tier4_external_api_msgs/lib:/home/cityu/autoware/install/tier4_debug_msgs/lib:/home/cityu/autoware/install/autoware_auto_mapping_msgs/lib:/home/cityu/autoware/install/autoware_auto_geometry_msgs/lib:${LD_LIBRARY_PATH} PYTHONPATH=/home/cityu/autoware/install/autoware_auto_vehicle_msgs/lib/python3.8/site-packages:/home/cityu/autoware/install/autoware_auto_planning_msgs/lib/python3.8/site-packages:/home/cityu/autoware/install/autoware_auto_perception_msgs/lib/python3.8/site-packages:/home/cityu/autoware/install/tier4_external_api_msgs/lib/python3.8/site-packages:/home/cityu/autoware/install/tier4_debug_msgs/lib/python3.8/site-packages:/home/cityu/autoware/install/autoware_auto_mapping_msgs/lib/python3.8/site-packages:/home/cityu/autoware/install/autoware_auto_geometry_msgs/lib/python3.8/site-packages:${PYTHONPATH} /usr/bin/cmake --install /home/cityu/autoware/build/system_monitor
