CMake Warning:
  Manually-specified variables were not used by the project:

    DOWNLOAD_ARTIFACTS


-- Found autoware_cmake: 0.1.0 (/home/cityu/autoware/install/autoware_cmake/share/autoware_cmake/cmake)
-- Found ament_cmake_auto: 1.1.6 (/opt/ros/galactic/share/ament_cmake_auto/cmake)
-- Using PYTHON_EXECUTABLE: /usr/bin/python3
-- Override CMake install command with custom implementation using symlinks instead of copying resources
-- Found ament_lint_auto: 0.10.7 (/opt/ros/galactic/share/ament_lint_auto/cmake)
-- Eigen found (include: /usr/include/eigen3, version: 3.3.7)
-- looking for PCL_COMMON
-- Added test 'copyright' to check source files copyright and LICENSE
-- Added test 'cppcheck' to perform static code analysis on C / C++ code
-- Configured cppcheck include dirs: /home/cityu/autoware/src/universe/autoware.universe/sensing/tier4_pcl_extensions/include
-- Configured cppcheck exclude dirs and/or files: 
-- Added test 'lint_cmake' to check CMake code style
-- Added test 'xmllint' to check XML markup files
-- Configuring done
-- Generating done
-- Build files have been written to: /home/cityu/autoware/build/tier4_pcl_extensions
[100%] Built target tier4_pcl_extensions
-- Install configuration: "Release"
-- Execute custom install script
-- Up-to-date symlink: /home/cityu/autoware/install/tier4_pcl_extensions/include/tier4_pcl_extensions/voxel_grid_nearest_centroid.hpp
-- Up-to-date symlink: /home/cityu/autoware/install/tier4_pcl_extensions/include/tier4_pcl_extensions/voxel_grid_nearest_centroid_impl.hpp
-- Up-to-date symlink: /home/cityu/autoware/install/tier4_pcl_extensions/share/tier4_pcl_extensions/environment/library_path.sh
-- Up-to-date symlink: /home/cityu/autoware/install/tier4_pcl_extensions/share/tier4_pcl_extensions/environment/library_path.dsv
-- Up-to-date symlink: /home/cityu/autoware/install/tier4_pcl_extensions/lib/libtier4_pcl_extensions.so
-- Up-to-date symlink: /home/cityu/autoware/install/tier4_pcl_extensions/share/ament_index/resource_index/package_run_dependencies/tier4_pcl_extensions
-- Up-to-date symlink: /home/cityu/autoware/install/tier4_pcl_extensions/share/ament_index/resource_index/parent_prefix_path/tier4_pcl_extensions
-- Up-to-date symlink: /home/cityu/autoware/install/tier4_pcl_extensions/share/tier4_pcl_extensions/environment/ament_prefix_path.sh
-- Up-to-date symlink: /home/cityu/autoware/install/tier4_pcl_extensions/share/tier4_pcl_extensions/environment/ament_prefix_path.dsv
-- Up-to-date symlink: /home/cityu/autoware/install/tier4_pcl_extensions/share/tier4_pcl_extensions/environment/path.sh
-- Up-to-date symlink: /home/cityu/autoware/install/tier4_pcl_extensions/share/tier4_pcl_extensions/environment/path.dsv
-- Up-to-date symlink: /home/cityu/autoware/install/tier4_pcl_extensions/share/tier4_pcl_extensions/local_setup.bash
-- Up-to-date symlink: /home/cityu/autoware/install/tier4_pcl_extensions/share/tier4_pcl_extensions/local_setup.sh
-- Up-to-date symlink: /home/cityu/autoware/install/tier4_pcl_extensions/share/tier4_pcl_extensions/local_setup.zsh
-- Up-to-date symlink: /home/cityu/autoware/install/tier4_pcl_extensions/share/tier4_pcl_extensions/local_setup.dsv
-- Symlinking: /home/cityu/autoware/install/tier4_pcl_extensions/share/tier4_pcl_extensions/package.dsv
-- Up-to-date symlink: /home/cityu/autoware/install/tier4_pcl_extensions/share/ament_index/resource_index/packages/tier4_pcl_extensions
-- Up-to-date symlink: /home/cityu/autoware/install/tier4_pcl_extensions/share/tier4_pcl_extensions/cmake/ament_cmake_export_dependencies-extras.cmake
-- Up-to-date symlink: /home/cityu/autoware/install/tier4_pcl_extensions/share/tier4_pcl_extensions/cmake/ament_cmake_export_include_directories-extras.cmake
-- Up-to-date symlink: /home/cityu/autoware/install/tier4_pcl_extensions/share/tier4_pcl_extensions/cmake/ament_cmake_export_libraries-extras.cmake
-- Up-to-date symlink: /home/cityu/autoware/install/tier4_pcl_extensions/share/tier4_pcl_extensions/cmake/tier4_pcl_extensionsConfig.cmake
-- Up-to-date symlink: /home/cityu/autoware/install/tier4_pcl_extensions/share/tier4_pcl_extensions/cmake/tier4_pcl_extensionsConfig-version.cmake
-- Up-to-date symlink: /home/cityu/autoware/install/tier4_pcl_extensions/share/tier4_pcl_extensions/package.xml
