[0.099s] Invoking command in '/home/cityu/autoware/build/rtc_interface': AMENT_PREFIX_PATH=/home/cityu/autoware/install/tier4_rtc_msgs:/home/cityu/autoware/install/autoware_lint_common:${AMENT_PREFIX_PATH} CMAKE_PREFIX_PATH=/home/cityu/autoware/install/tier4_rtc_msgs:/home/cityu/autoware/install/autoware_lint_common:/opt/ros/galactic LD_LIBRARY_PATH=/home/cityu/autoware/install/tier4_rtc_msgs/lib:${LD_LIBRARY_PATH} PYTHONPATH=/home/cityu/autoware/install/tier4_rtc_msgs/lib/python3.8/site-packages:${PYTHONPATH} /usr/bin/cmake /home/cityu/autoware/src/universe/autoware.universe/planning/rtc_interface -DCMAKE_BUILD_TYPE=Release -DDOWNLOAD_ARTIFACTS=ON -DAMENT_CMAKE_SYMLINK_INSTALL=1 -DCMAKE_INSTALL_PREFIX=/home/cityu/autoware/install/rtc_interface
[0.466s] -- Found ament_cmake_auto: 1.1.6 (/opt/ros/galactic/share/ament_cmake_auto/cmake)
[0.466s] -- Using PYTHON_EXECUTABLE: /usr/bin/python3
[0.467s] -- Override CMake install command with custom implementation using symlinks instead of copying resources
[0.468s] -- Using all available rosidl_typesupport_c: rosidl_typesupport_fastrtps_c;rosidl_typesupport_introspection_c
[0.480s] -- Found rosidl_adapter: 2.2.3 (/opt/ros/galactic/share/rosidl_adapter/cmake)
[0.640s] -- Using all available rosidl_typesupport_cpp: rosidl_typesupport_fastrtps_cpp;rosidl_typesupport_introspection_cpp
[0.700s] -- Found rmw_implementation_cmake: 3.3.1 (/opt/ros/galactic/share/rmw_implementation_cmake/cmake)
[0.703s] -- Found rmw_cyclonedds_cpp: 0.22.6 (/opt/ros/galactic/share/rmw_cyclonedds_cpp/cmake)
[0.727s] -- Using RMW implementation 'rmw_cyclonedds_cpp' as default
[0.948s] -- Found ament_lint_auto: 0.10.7 (/opt/ros/galactic/share/ament_lint_auto/cmake)
[0.959s] -- Added test 'copyright' to check source files copyright and LICENSE
[0.959s] -- Added test 'cppcheck' to perform static code analysis on C / C++ code
[0.960s] -- Configured cppcheck include dirs: /home/cityu/autoware/src/universe/autoware.universe/planning/rtc_interface/include
[0.960s] -- Configured cppcheck exclude dirs and/or files: 
[0.960s] -- Added test 'lint_cmake' to check CMake code style
[0.960s] -- Added test 'xmllint' to check XML markup files
[0.965s] -- Configuring done
[0.974s] -- Generating done
[0.975s] CMake Warning:
[0.975s]   Manually-specified variables were not used by the project:
[0.975s] 
[0.975s]     DOWNLOAD_ARTIFACTS
[0.975s] 
[0.975s] 
[0.976s] -- Build files have been written to: /home/cityu/autoware/build/rtc_interface
[0.997s] Invoked command in '/home/cityu/autoware/build/rtc_interface' returned '0': AMENT_PREFIX_PATH=/home/cityu/autoware/install/tier4_rtc_msgs:/home/cityu/autoware/install/autoware_lint_common:${AMENT_PREFIX_PATH} CMAKE_PREFIX_PATH=/home/cityu/autoware/install/tier4_rtc_msgs:/home/cityu/autoware/install/autoware_lint_common:/opt/ros/galactic LD_LIBRARY_PATH=/home/cityu/autoware/install/tier4_rtc_msgs/lib:${LD_LIBRARY_PATH} PYTHONPATH=/home/cityu/autoware/install/tier4_rtc_msgs/lib/python3.8/site-packages:${PYTHONPATH} /usr/bin/cmake /home/cityu/autoware/src/universe/autoware.universe/planning/rtc_interface -DCMAKE_BUILD_TYPE=Release -DDOWNLOAD_ARTIFACTS=ON -DAMENT_CMAKE_SYMLINK_INSTALL=1 -DCMAKE_INSTALL_PREFIX=/home/cityu/autoware/install/rtc_interface
[1.029s] Invoking command in '/home/cityu/autoware/build/rtc_interface': AMENT_PREFIX_PATH=/home/cityu/autoware/install/tier4_rtc_msgs:/home/cityu/autoware/install/autoware_lint_common:${AMENT_PREFIX_PATH} CMAKE_PREFIX_PATH=/home/cityu/autoware/install/tier4_rtc_msgs:/home/cityu/autoware/install/autoware_lint_common:/opt/ros/galactic LD_LIBRARY_PATH=/home/cityu/autoware/install/tier4_rtc_msgs/lib:${LD_LIBRARY_PATH} PYTHONPATH=/home/cityu/autoware/install/tier4_rtc_msgs/lib/python3.8/site-packages:${PYTHONPATH} /usr/bin/cmake --build /home/cityu/autoware/build/rtc_interface -- -j16 -l16
[2.207s] [ 50%] [32m[1mLinking CXX shared library librtc_interface.so[0m
[2.218s] [100%] Built target rtc_interface
[2.226s] Invoked command in '/home/cityu/autoware/build/rtc_interface' returned '0': AMENT_PREFIX_PATH=/home/cityu/autoware/install/tier4_rtc_msgs:/home/cityu/autoware/install/autoware_lint_common:${AMENT_PREFIX_PATH} CMAKE_PREFIX_PATH=/home/cityu/autoware/install/tier4_rtc_msgs:/home/cityu/autoware/install/autoware_lint_common:/opt/ros/galactic LD_LIBRARY_PATH=/home/cityu/autoware/install/tier4_rtc_msgs/lib:${LD_LIBRARY_PATH} PYTHONPATH=/home/cityu/autoware/install/tier4_rtc_msgs/lib/python3.8/site-packages:${PYTHONPATH} /usr/bin/cmake --build /home/cityu/autoware/build/rtc_interface -- -j16 -l16
[2.261s] Invoking command in '/home/cityu/autoware/build/rtc_interface': AMENT_PREFIX_PATH=/home/cityu/autoware/install/tier4_rtc_msgs:/home/cityu/autoware/install/autoware_lint_common:${AMENT_PREFIX_PATH} CMAKE_PREFIX_PATH=/home/cityu/autoware/install/tier4_rtc_msgs:/home/cityu/autoware/install/autoware_lint_common:/opt/ros/galactic LD_LIBRARY_PATH=/home/cityu/autoware/install/tier4_rtc_msgs/lib:${LD_LIBRARY_PATH} PYTHONPATH=/home/cityu/autoware/install/tier4_rtc_msgs/lib/python3.8/site-packages:${PYTHONPATH} /usr/bin/cmake --install /home/cityu/autoware/build/rtc_interface
[3.479s] -- Install configuration: "Release"
[3.479s] -- Execute custom install script
[3.479s] -- Up-to-date symlink: /home/cityu/autoware/install/rtc_interface/include/rtc_interface/rtc_interface.hpp
[3.480s] -- Up-to-date symlink: /home/cityu/autoware/install/rtc_interface/share/rtc_interface/environment/library_path.sh
[3.480s] -- Up-to-date symlink: /home/cityu/autoware/install/rtc_interface/share/rtc_interface/environment/library_path.dsv
[3.480s] -- Up-to-date symlink: /home/cityu/autoware/install/rtc_interface/lib/librtc_interface.so
[3.480s] -- Up-to-date symlink: /home/cityu/autoware/install/rtc_interface/share/ament_index/resource_index/package_run_dependencies/rtc_interface
[3.486s] -- Up-to-date symlink: /home/cityu/autoware/install/rtc_interface/share/ament_index/resource_index/parent_prefix_path/rtc_interface
[3.488s] -- Up-to-date symlink: /home/cityu/autoware/install/rtc_interface/share/rtc_interface/environment/ament_prefix_path.sh
[3.488s] -- Up-to-date symlink: /home/cityu/autoware/install/rtc_interface/share/rtc_interface/environment/ament_prefix_path.dsv
[3.488s] -- Up-to-date symlink: /home/cityu/autoware/install/rtc_interface/share/rtc_interface/environment/path.sh
[3.488s] -- Up-to-date symlink: /home/cityu/autoware/install/rtc_interface/share/rtc_interface/environment/path.dsv
[3.488s] -- Up-to-date symlink: /home/cityu/autoware/install/rtc_interface/share/rtc_interface/local_setup.bash
[3.489s] -- Up-to-date symlink: /home/cityu/autoware/install/rtc_interface/share/rtc_interface/local_setup.sh
[3.489s] -- Up-to-date symlink: /home/cityu/autoware/install/rtc_interface/share/rtc_interface/local_setup.zsh
[3.489s] -- Up-to-date symlink: /home/cityu/autoware/install/rtc_interface/share/rtc_interface/local_setup.dsv
[3.489s] -- Symlinking: /home/cityu/autoware/install/rtc_interface/share/rtc_interface/package.dsv
[3.489s] -- Up-to-date symlink: /home/cityu/autoware/install/rtc_interface/share/ament_index/resource_index/packages/rtc_interface
[3.489s] -- Up-to-date symlink: /home/cityu/autoware/install/rtc_interface/share/rtc_interface/cmake/ament_cmake_export_dependencies-extras.cmake
[3.489s] -- Up-to-date symlink: /home/cityu/autoware/install/rtc_interface/share/rtc_interface/cmake/ament_cmake_export_include_directories-extras.cmake
[3.489s] -- Up-to-date symlink: /home/cityu/autoware/install/rtc_interface/share/rtc_interface/cmake/ament_cmake_export_libraries-extras.cmake
[3.489s] -- Up-to-date symlink: /home/cityu/autoware/install/rtc_interface/share/rtc_interface/cmake/rtc_interfaceConfig.cmake
[3.489s] -- Up-to-date symlink: /home/cityu/autoware/install/rtc_interface/share/rtc_interface/cmake/rtc_interfaceConfig-version.cmake
[3.490s] -- Up-to-date symlink: /home/cityu/autoware/install/rtc_interface/share/rtc_interface/package.xml
[3.579s] Invoked command in '/home/cityu/autoware/build/rtc_interface' returned '0': AMENT_PREFIX_PATH=/home/cityu/autoware/install/tier4_rtc_msgs:/home/cityu/autoware/install/autoware_lint_common:${AMENT_PREFIX_PATH} CMAKE_PREFIX_PATH=/home/cityu/autoware/install/tier4_rtc_msgs:/home/cityu/autoware/install/autoware_lint_common:/opt/ros/galactic LD_LIBRARY_PATH=/home/cityu/autoware/install/tier4_rtc_msgs/lib:${LD_LIBRARY_PATH} PYTHONPATH=/home/cityu/autoware/install/tier4_rtc_msgs/lib/python3.8/site-packages:${PYTHONPATH} /usr/bin/cmake --install /home/cityu/autoware/build/rtc_interface
