-- Found autoware_cmake: 0.1.0 (/home/cityu/autoware/install/autoware_cmake/share/autoware_cmake/cmake)
-- Found ament_cmake_auto: 1.1.6 (/opt/ros/galactic/share/ament_cmake_auto/cmake)
-- Using PYTHON_EXECUTABLE: /usr/bin/python3
-- Override CMake install command with custom implementation using symlinks instead of copying resources
-- Using all available rosidl_typesupport_c: rosidl_typesupport_fastrtps_c;rosidl_typesupport_introspection_c
-- Found rosidl_adapter: 2.2.3 (/opt/ros/galactic/share/rosidl_adapter/cmake)
-- Using all available rosidl_typesupport_cpp: rosidl_typesupport_fastrtps_cpp;rosidl_typesupport_introspection_cpp
-- Found rmw_implementation_cmake: 3.3.1 (/opt/ros/galactic/share/rmw_implementation_cmake/cmake)
-- Found rmw_cyclonedds_cpp: 0.22.6 (/opt/ros/galactic/share/rmw_cyclonedds_cpp/cmake)
-- Using RMW implementation 'rmw_cyclonedds_cpp' as default
-- Found ament_lint_auto: 0.10.7 (/opt/ros/galactic/share/ament_lint_auto/cmake)
-- Eigen found (include: /usr/include/eigen3, version: 3.3.7)
-- looking for PCL_COMMON
-- Added test 'copyright' to check source files copyright and LICENSE
-- Added test 'cppcheck' to perform static code analysis on C / C++ code
-- Configured cppcheck include dirs: /home/cityu/autoware/src/universe/autoware.universe/perception/shape_estimation/include;$<BUILD_INTERFACE:/home/cityu/autoware/src/universe/autoware.universe/perception/shape_estimation/include>;/home/cityu/autoware/src/universe/autoware.universe/perception/shape_estimation/src
-- Configured cppcheck exclude dirs and/or files: 
-- Added test 'lint_cmake' to check CMake code style
-- Added test 'xmllint' to check XML markup files
-- Configuring done
-- Generating done
-- Build files have been written to: /home/cityu/autoware/build/shape_estimation
[ 12%] Built target shape_estimation
[ 18%] [32m[1mLinking CXX shared library libshape_estimation_lib.so[0m
[ 87%] Built target shape_estimation_lib
[ 93%] [32m[1mLinking CXX shared library libshape_estimation_node.so[0m
[100%] Built target shape_estimation_node
-- Install configuration: "Release"
-- Execute custom install script
-- Up-to-date symlink: /home/cityu/autoware/install/shape_estimation/lib/shape_estimation/shape_estimation
-- Up-to-date symlink: /home/cityu/autoware/install/shape_estimation/include/shape_estimation/corrector/bus_corrector.hpp
-- Up-to-date symlink: /home/cityu/autoware/install/shape_estimation/include/shape_estimation/corrector/car_corrector.hpp
-- Up-to-date symlink: /home/cityu/autoware/install/shape_estimation/include/shape_estimation/corrector/corrector.hpp
-- Up-to-date symlink: /home/cityu/autoware/install/shape_estimation/include/shape_estimation/corrector/corrector_interface.hpp
-- Up-to-date symlink: /home/cityu/autoware/install/shape_estimation/include/shape_estimation/corrector/no_corrector.hpp
-- Up-to-date symlink: /home/cityu/autoware/install/shape_estimation/include/shape_estimation/corrector/reference_shape_size_corrector.hpp
-- Up-to-date symlink: /home/cityu/autoware/install/shape_estimation/include/shape_estimation/corrector/truck_corrector.hpp
-- Up-to-date symlink: /home/cityu/autoware/install/shape_estimation/include/shape_estimation/corrector/utils.hpp
-- Up-to-date symlink: /home/cityu/autoware/install/shape_estimation/include/shape_estimation/corrector/vehicle_corrector.hpp
-- Up-to-date symlink: /home/cityu/autoware/install/shape_estimation/include/shape_estimation/filter/bus_filter.hpp
-- Up-to-date symlink: /home/cityu/autoware/install/shape_estimation/include/shape_estimation/filter/car_filter.hpp
-- Up-to-date symlink: /home/cityu/autoware/install/shape_estimation/include/shape_estimation/filter/filter.hpp
-- Up-to-date symlink: /home/cityu/autoware/install/shape_estimation/include/shape_estimation/filter/filter_interface.hpp
-- Up-to-date symlink: /home/cityu/autoware/install/shape_estimation/include/shape_estimation/filter/no_filter.hpp
-- Up-to-date symlink: /home/cityu/autoware/install/shape_estimation/include/shape_estimation/filter/truck_filter.hpp
-- Up-to-date symlink: /home/cityu/autoware/install/shape_estimation/include/shape_estimation/filter/utils.hpp
-- Up-to-date symlink: /home/cityu/autoware/install/shape_estimation/include/shape_estimation/model/bounding_box.hpp
-- Up-to-date symlink: /home/cityu/autoware/install/shape_estimation/include/shape_estimation/model/convex_hull.hpp
-- Up-to-date symlink: /home/cityu/autoware/install/shape_estimation/include/shape_estimation/model/cylinder.hpp
-- Up-to-date symlink: /home/cityu/autoware/install/shape_estimation/include/shape_estimation/model/model.hpp
-- Up-to-date symlink: /home/cityu/autoware/install/shape_estimation/include/shape_estimation/model/model_interface.hpp
-- Up-to-date symlink: /home/cityu/autoware/install/shape_estimation/include/shape_estimation/shape_estimator.hpp
-- Up-to-date symlink: /home/cityu/autoware/install/shape_estimation/share/shape_estimation/environment/library_path.sh
-- Up-to-date symlink: /home/cityu/autoware/install/shape_estimation/share/shape_estimation/environment/library_path.dsv
-- Up-to-date symlink: /home/cityu/autoware/install/shape_estimation/lib/libshape_estimation_lib.so
-- Up-to-date symlink: /home/cityu/autoware/install/shape_estimation/lib/libshape_estimation_node.so
-- Up-to-date symlink: /home/cityu/autoware/install/shape_estimation/share/shape_estimation/launch/shape_estimation.launch.xml
-- Up-to-date symlink: /home/cityu/autoware/install/shape_estimation/share/ament_index/resource_index/package_run_dependencies/shape_estimation
-- Up-to-date symlink: /home/cityu/autoware/install/shape_estimation/share/ament_index/resource_index/parent_prefix_path/shape_estimation
-- Up-to-date symlink: /home/cityu/autoware/install/shape_estimation/share/shape_estimation/environment/ament_prefix_path.sh
-- Up-to-date symlink: /home/cityu/autoware/install/shape_estimation/share/shape_estimation/environment/ament_prefix_path.dsv
-- Up-to-date symlink: /home/cityu/autoware/install/shape_estimation/share/shape_estimation/environment/path.sh
-- Up-to-date symlink: /home/cityu/autoware/install/shape_estimation/share/shape_estimation/environment/path.dsv
-- Up-to-date symlink: /home/cityu/autoware/install/shape_estimation/share/shape_estimation/local_setup.bash
-- Up-to-date symlink: /home/cityu/autoware/install/shape_estimation/share/shape_estimation/local_setup.sh
-- Up-to-date symlink: /home/cityu/autoware/install/shape_estimation/share/shape_estimation/local_setup.zsh
-- Up-to-date symlink: /home/cityu/autoware/install/shape_estimation/share/shape_estimation/local_setup.dsv
-- Symlinking: /home/cityu/autoware/install/shape_estimation/share/shape_estimation/package.dsv
-- Up-to-date symlink: /home/cityu/autoware/install/shape_estimation/share/ament_index/resource_index/packages/shape_estimation
-- Up-to-date symlink: /home/cityu/autoware/install/shape_estimation/share/ament_index/resource_index/rclcpp_components/shape_estimation
-- Up-to-date symlink: /home/cityu/autoware/install/shape_estimation/share/shape_estimation/cmake/ament_cmake_export_dependencies-extras.cmake
-- Up-to-date symlink: /home/cityu/autoware/install/shape_estimation/share/shape_estimation/cmake/ament_cmake_export_include_directories-extras.cmake
-- Up-to-date symlink: /home/cityu/autoware/install/shape_estimation/share/shape_estimation/cmake/ament_cmake_export_libraries-extras.cmake
-- Up-to-date symlink: /home/cityu/autoware/install/shape_estimation/share/shape_estimation/cmake/shape_estimationConfig.cmake
-- Up-to-date symlink: /home/cityu/autoware/install/shape_estimation/share/shape_estimation/cmake/shape_estimationConfig-version.cmake
-- Up-to-date symlink: /home/cityu/autoware/install/shape_estimation/share/shape_estimation/package.xml
