-- Found ament_cmake: 1.1.6 (/opt/ros/galactic/share/ament_cmake/cmake)
-- Using PYTHON_EXECUTABLE: /usr/bin/python3
-- Override CMake install command with custom implementation using symlinks instead of copying resources
-- Configuring done
-- Generating done
CMake Warning:
  Manually-specified variables were not used by the project:

    DOWNLOAD_ARTIFACTS


-- Build files have been written to: /home/cityu/autoware/build/grid_map
-- Install configuration: "Release"
-- Execute custom install script
-- Up-to-date symlink: /home/cityu/autoware/install/grid_map/share/ament_index/resource_index/package_run_dependencies/grid_map
-- Up-to-date symlink: /home/cityu/autoware/install/grid_map/share/ament_index/resource_index/parent_prefix_path/grid_map
-- Up-to-date symlink: /home/cityu/autoware/install/grid_map/share/grid_map/environment/ament_prefix_path.sh
-- Up-to-date symlink: /home/cityu/autoware/install/grid_map/share/grid_map/environment/ament_prefix_path.dsv
-- Up-to-date symlink: /home/cityu/autoware/install/grid_map/share/grid_map/environment/path.sh
-- Up-to-date symlink: /home/cityu/autoware/install/grid_map/share/grid_map/environment/path.dsv
-- Up-to-date symlink: /home/cityu/autoware/install/grid_map/share/grid_map/local_setup.bash
-- Up-to-date symlink: /home/cityu/autoware/install/grid_map/share/grid_map/local_setup.sh
-- Up-to-date symlink: /home/cityu/autoware/install/grid_map/share/grid_map/local_setup.zsh
-- Up-to-date symlink: /home/cityu/autoware/install/grid_map/share/grid_map/local_setup.dsv
-- Symlinking: /home/cityu/autoware/install/grid_map/share/grid_map/package.dsv
-- Up-to-date symlink: /home/cityu/autoware/install/grid_map/share/ament_index/resource_index/packages/grid_map
-- Up-to-date symlink: /home/cityu/autoware/install/grid_map/share/grid_map/cmake/grid_mapConfig.cmake
-- Up-to-date symlink: /home/cityu/autoware/install/grid_map/share/grid_map/cmake/grid_mapConfig-version.cmake
-- Up-to-date symlink: /home/cityu/autoware/install/grid_map/share/grid_map/package.xml
