[0.826s] Invoking command in '/home/cityu/autoware/build/pose_initializer': AMENT_PREFIX_PATH=/home/cityu/autoware/install/motion_utils:/home/cityu/autoware/install/interpolation:/home/cityu/autoware/install/tier4_autoware_utils:/home/cityu/autoware/install/component_interface_utils:/home/cityu/autoware/install/component_interface_specs:/home/cityu/autoware/install/autoware_auto_vehicle_msgs:/home/cityu/autoware/install/tier4_system_msgs:/home/cityu/autoware/install/autoware_cmake:/home/cityu/autoware/install/autoware_auto_planning_msgs:/home/cityu/autoware/install/autoware_auto_perception_msgs:/home/cityu/autoware/install/tier4_localization_msgs:/home/cityu/autoware/install/tier4_debug_msgs:/home/cityu/autoware/install/autoware_lint_common:/home/cityu/autoware/install/autoware_common_msgs:/home/cityu/autoware/install/autoware_auto_mapping_msgs:/home/cityu/autoware/install/autoware_auto_geometry_msgs:/home/cityu/autoware/install/autoware_adapi_v1_msgs:${AMENT_PREFIX_PATH} CMAKE_PREFIX_PATH=/home/cityu/autoware/install/motion_utils:/home/cityu/autoware/install/interpolation:/home/cityu/autoware/install/tier4_autoware_utils:/home/cityu/autoware/install/component_interface_utils:/home/cityu/autoware/install/component_interface_specs:/home/cityu/autoware/install/autoware_auto_vehicle_msgs:/home/cityu/autoware/install/tier4_system_msgs:/home/cityu/autoware/install/autoware_cmake:/home/cityu/autoware/install/autoware_auto_planning_msgs:/home/cityu/autoware/install/autoware_auto_perception_msgs:/home/cityu/autoware/install/tier4_localization_msgs:/home/cityu/autoware/install/tier4_debug_msgs:/home/cityu/autoware/install/autoware_lint_common:/home/cityu/autoware/install/autoware_common_msgs:/home/cityu/autoware/install/autoware_auto_mapping_msgs:/home/cityu/autoware/install/autoware_auto_geometry_msgs:/home/cityu/autoware/install/autoware_adapi_v1_msgs:/opt/ros/galactic LD_LIBRARY_PATH=/home/cityu/autoware/install/motion_utils/lib:/home/cityu/autoware/install/interpolation/lib:/home/cityu/autoware/install/tier4_autoware_utils/lib:/home/cityu/autoware/install/autoware_auto_vehicle_msgs/lib:/home/cityu/autoware/install/tier4_system_msgs/lib:/home/cityu/autoware/install/autoware_auto_planning_msgs/lib:/home/cityu/autoware/install/autoware_auto_perception_msgs/lib:/home/cityu/autoware/install/tier4_localization_msgs/lib:/home/cityu/autoware/install/tier4_debug_msgs/lib:/home/cityu/autoware/install/autoware_common_msgs/lib:/home/cityu/autoware/install/autoware_auto_mapping_msgs/lib:/home/cityu/autoware/install/autoware_auto_geometry_msgs/lib:/home/cityu/autoware/install/autoware_adapi_v1_msgs/lib:${LD_LIBRARY_PATH} PYTHONPATH=/home/cityu/autoware/install/autoware_auto_vehicle_msgs/lib/python3.8/site-packages:/home/cityu/autoware/install/tier4_system_msgs/lib/python3.8/site-packages:/home/cityu/autoware/install/autoware_auto_planning_msgs/lib/python3.8/site-packages:/home/cityu/autoware/install/autoware_auto_perception_msgs/lib/python3.8/site-packages:/home/cityu/autoware/install/tier4_localization_msgs/lib/python3.8/site-packages:/home/cityu/autoware/install/tier4_debug_msgs/lib/python3.8/site-packages:/home/cityu/autoware/install/autoware_common_msgs/lib/python3.8/site-packages:/home/cityu/autoware/install/autoware_auto_mapping_msgs/lib/python3.8/site-packages:/home/cityu/autoware/install/autoware_auto_geometry_msgs/lib/python3.8/site-packages:/home/cityu/autoware/install/autoware_adapi_v1_msgs/lib/python3.8/site-packages:${PYTHONPATH} /usr/bin/cmake /home/cityu/autoware/src/universe/autoware.universe/localization/pose_initializer -DCMAKE_BUILD_TYPE=Release -DAMENT_CMAKE_SYMLINK_INSTALL=1 -DCMAKE_INSTALL_PREFIX=/home/cityu/autoware/install/pose_initializer
[44.538s] -- The C compiler identification is GNU 9.4.0
[44.540s] -- The CXX compiler identification is GNU 9.4.0
[44.544s] -- Check for working C compiler: /usr/bin/cc
[44.544s] -- Check for working C compiler: /usr/bin/cc -- works
[44.545s] -- Detecting C compiler ABI info
[44.545s] -- Detecting C compiler ABI info - done
[44.545s] -- Detecting C compile features
[44.545s] -- Detecting C compile features - done
[44.545s] -- Check for working CXX compiler: /usr/bin/c++
[44.545s] -- Check for working CXX compiler: /usr/bin/c++ -- works
[44.545s] -- Detecting CXX compiler ABI info
[44.545s] -- Detecting CXX compiler ABI info - done
[44.545s] -- Detecting CXX compile features
[44.545s] -- Detecting CXX compile features - done
[44.546s] -- Found autoware_cmake: 0.1.0 (/home/cityu/autoware/install/autoware_cmake/share/autoware_cmake/cmake)
[44.546s] -- Found ament_cmake_auto: 1.1.6 (/opt/ros/galactic/share/ament_cmake_auto/cmake)
[44.546s] -- Found PythonInterp: /usr/bin/python3 (found suitable version "3.8.10", minimum required is "3") 
[44.546s] -- Using PYTHON_EXECUTABLE: /usr/bin/python3
[44.546s] -- Override CMake install command with custom implementation using symlinks instead of copying resources
[44.546s] -- Using all available rosidl_typesupport_c: rosidl_typesupport_fastrtps_c;rosidl_typesupport_introspection_c
[44.546s] -- Found rosidl_adapter: 2.2.3 (/opt/ros/galactic/share/rosidl_adapter/cmake)
[44.546s] -- Found OpenSSL: /usr/lib/x86_64-linux-gnu/libcrypto.so (found version "1.1.1f")  
[44.546s] -- Found FastRTPS: /opt/ros/galactic/include  
[44.547s] -- Using all available rosidl_typesupport_cpp: rosidl_typesupport_fastrtps_cpp;rosidl_typesupport_introspection_cpp
[44.548s] -- Found rmw_implementation_cmake: 3.3.1 (/opt/ros/galactic/share/rmw_implementation_cmake/cmake)
[44.550s] -- Found rmw_cyclonedds_cpp: 0.22.6 (/opt/ros/galactic/share/rmw_cyclonedds_cpp/cmake)
[44.551s] -- Using RMW implementation 'rmw_cyclonedds_cpp' as default
[44.551s] -- Looking for pthread.h
[44.556s] -- Looking for pthread.h - found
[44.557s] -- Performing Test CMAKE_HAVE_LIBC_PTHREAD
[44.557s] -- Performing Test CMAKE_HAVE_LIBC_PTHREAD - Failed
[44.557s] -- Looking for pthread_create in pthreads
[44.557s] -- Looking for pthread_create in pthreads - not found
[44.558s] -- Looking for pthread_create in pthread
[44.558s] -- Looking for pthread_create in pthread - found
[44.558s] -- Found Threads: TRUE  
[44.558s] -- Found eigen3_cmake_module: 0.1.1 (/opt/ros/galactic/share/eigen3_cmake_module/cmake)
[44.558s] -- Found Eigen3: TRUE (found version "3.3.7") 
[44.558s] -- Found ament_lint_auto: 0.10.7 (/opt/ros/galactic/share/ament_lint_auto/cmake)
[44.558s] -- Checking for module 'eigen3'
[44.558s] --   Found eigen3, version 3.3.7
[44.558s] -- Found Eigen: /usr/include/eigen3 (Required is at least version "3.1") 
[44.559s] -- Eigen found (include: /usr/include/eigen3, version: 3.3.7)
[44.559s] -- Found Boost: /usr/include (found suitable version "1.71.0", minimum required is "1.55.0") found components: system filesystem date_time iostreams regex 
[44.559s] -- looking for PCL_COMMON
[44.559s] -- Found PCL_COMMON: /usr/lib/x86_64-linux-gnu/libpcl_common.so  
[44.559s] -- Found PCL: pcl_common;/usr/lib/x86_64-linux-gnu/libboost_system.so;/usr/lib/x86_64-linux-gnu/libboost_filesystem.so;/usr/lib/x86_64-linux-gnu/libboost_date_time.so;/usr/lib/x86_64-linux-gnu/libboost_iostreams.so;/usr/lib/x86_64-linux-gnu/libboost_regex.so  
[44.559s] -- Found gmock sources under '/opt/ros/galactic/src/gmock_vendor': C++ tests using 'Google Mock' will be built
[44.559s] -- Found ament_cmake_gtest: 1.1.6 (/opt/ros/galactic/share/ament_cmake_gtest/cmake)
[44.559s] -- Found gtest sources under '/opt/ros/galactic/src/gtest_vendor': C++ tests using 'Google Test' will be built
[44.559s] -- Added test 'cppcheck' to perform static code analysis on C / C++ code
[44.559s] -- Configured cppcheck include dirs: /home/cityu/autoware/src/universe/autoware.universe/localization/pose_initializer/include
[44.560s] -- Configured cppcheck exclude dirs and/or files: 
[44.560s] -- Added test 'copyright' to check source files copyright and LICENSE
[44.560s] -- Added test 'lint_cmake' to check CMake code style
[44.560s] -- Added test 'xmllint' to check XML markup files
[44.560s] -- Configuring done
[44.560s] -- Generating done
[44.560s] -- Build files have been written to: /home/cityu/autoware/build/pose_initializer
[44.564s] Invoked command in '/home/cityu/autoware/build/pose_initializer' returned '0': AMENT_PREFIX_PATH=/home/cityu/autoware/install/motion_utils:/home/cityu/autoware/install/interpolation:/home/cityu/autoware/install/tier4_autoware_utils:/home/cityu/autoware/install/component_interface_utils:/home/cityu/autoware/install/component_interface_specs:/home/cityu/autoware/install/autoware_auto_vehicle_msgs:/home/cityu/autoware/install/tier4_system_msgs:/home/cityu/autoware/install/autoware_cmake:/home/cityu/autoware/install/autoware_auto_planning_msgs:/home/cityu/autoware/install/autoware_auto_perception_msgs:/home/cityu/autoware/install/tier4_localization_msgs:/home/cityu/autoware/install/tier4_debug_msgs:/home/cityu/autoware/install/autoware_lint_common:/home/cityu/autoware/install/autoware_common_msgs:/home/cityu/autoware/install/autoware_auto_mapping_msgs:/home/cityu/autoware/install/autoware_auto_geometry_msgs:/home/cityu/autoware/install/autoware_adapi_v1_msgs:${AMENT_PREFIX_PATH} CMAKE_PREFIX_PATH=/home/cityu/autoware/install/motion_utils:/home/cityu/autoware/install/interpolation:/home/cityu/autoware/install/tier4_autoware_utils:/home/cityu/autoware/install/component_interface_utils:/home/cityu/autoware/install/component_interface_specs:/home/cityu/autoware/install/autoware_auto_vehicle_msgs:/home/cityu/autoware/install/tier4_system_msgs:/home/cityu/autoware/install/autoware_cmake:/home/cityu/autoware/install/autoware_auto_planning_msgs:/home/cityu/autoware/install/autoware_auto_perception_msgs:/home/cityu/autoware/install/tier4_localization_msgs:/home/cityu/autoware/install/tier4_debug_msgs:/home/cityu/autoware/install/autoware_lint_common:/home/cityu/autoware/install/autoware_common_msgs:/home/cityu/autoware/install/autoware_auto_mapping_msgs:/home/cityu/autoware/install/autoware_auto_geometry_msgs:/home/cityu/autoware/install/autoware_adapi_v1_msgs:/opt/ros/galactic LD_LIBRARY_PATH=/home/cityu/autoware/install/motion_utils/lib:/home/cityu/autoware/install/interpolation/lib:/home/cityu/autoware/install/tier4_autoware_utils/lib:/home/cityu/autoware/install/autoware_auto_vehicle_msgs/lib:/home/cityu/autoware/install/tier4_system_msgs/lib:/home/cityu/autoware/install/autoware_auto_planning_msgs/lib:/home/cityu/autoware/install/autoware_auto_perception_msgs/lib:/home/cityu/autoware/install/tier4_localization_msgs/lib:/home/cityu/autoware/install/tier4_debug_msgs/lib:/home/cityu/autoware/install/autoware_common_msgs/lib:/home/cityu/autoware/install/autoware_auto_mapping_msgs/lib:/home/cityu/autoware/install/autoware_auto_geometry_msgs/lib:/home/cityu/autoware/install/autoware_adapi_v1_msgs/lib:${LD_LIBRARY_PATH} PYTHONPATH=/home/cityu/autoware/install/autoware_auto_vehicle_msgs/lib/python3.8/site-packages:/home/cityu/autoware/install/tier4_system_msgs/lib/python3.8/site-packages:/home/cityu/autoware/install/autoware_auto_planning_msgs/lib/python3.8/site-packages:/home/cityu/autoware/install/autoware_auto_perception_msgs/lib/python3.8/site-packages:/home/cityu/autoware/install/tier4_localization_msgs/lib/python3.8/site-packages:/home/cityu/autoware/install/tier4_debug_msgs/lib/python3.8/site-packages:/home/cityu/autoware/install/autoware_common_msgs/lib/python3.8/site-packages:/home/cityu/autoware/install/autoware_auto_mapping_msgs/lib/python3.8/site-packages:/home/cityu/autoware/install/autoware_auto_geometry_msgs/lib/python3.8/site-packages:/home/cityu/autoware/install/autoware_adapi_v1_msgs/lib/python3.8/site-packages:${PYTHONPATH} /usr/bin/cmake /home/cityu/autoware/src/universe/autoware.universe/localization/pose_initializer -DCMAKE_BUILD_TYPE=Release -DAMENT_CMAKE_SYMLINK_INSTALL=1 -DCMAKE_INSTALL_PREFIX=/home/cityu/autoware/install/pose_initializer
[44.565s] Invoking command in '/home/cityu/autoware/build/pose_initializer': AMENT_PREFIX_PATH=/home/cityu/autoware/install/motion_utils:/home/cityu/autoware/install/interpolation:/home/cityu/autoware/install/tier4_autoware_utils:/home/cityu/autoware/install/component_interface_utils:/home/cityu/autoware/install/component_interface_specs:/home/cityu/autoware/install/autoware_auto_vehicle_msgs:/home/cityu/autoware/install/tier4_system_msgs:/home/cityu/autoware/install/autoware_cmake:/home/cityu/autoware/install/autoware_auto_planning_msgs:/home/cityu/autoware/install/autoware_auto_perception_msgs:/home/cityu/autoware/install/tier4_localization_msgs:/home/cityu/autoware/install/tier4_debug_msgs:/home/cityu/autoware/install/autoware_lint_common:/home/cityu/autoware/install/autoware_common_msgs:/home/cityu/autoware/install/autoware_auto_mapping_msgs:/home/cityu/autoware/install/autoware_auto_geometry_msgs:/home/cityu/autoware/install/autoware_adapi_v1_msgs:${AMENT_PREFIX_PATH} CMAKE_PREFIX_PATH=/home/cityu/autoware/install/motion_utils:/home/cityu/autoware/install/interpolation:/home/cityu/autoware/install/tier4_autoware_utils:/home/cityu/autoware/install/component_interface_utils:/home/cityu/autoware/install/component_interface_specs:/home/cityu/autoware/install/autoware_auto_vehicle_msgs:/home/cityu/autoware/install/tier4_system_msgs:/home/cityu/autoware/install/autoware_cmake:/home/cityu/autoware/install/autoware_auto_planning_msgs:/home/cityu/autoware/install/autoware_auto_perception_msgs:/home/cityu/autoware/install/tier4_localization_msgs:/home/cityu/autoware/install/tier4_debug_msgs:/home/cityu/autoware/install/autoware_lint_common:/home/cityu/autoware/install/autoware_common_msgs:/home/cityu/autoware/install/autoware_auto_mapping_msgs:/home/cityu/autoware/install/autoware_auto_geometry_msgs:/home/cityu/autoware/install/autoware_adapi_v1_msgs:/opt/ros/galactic LD_LIBRARY_PATH=/home/cityu/autoware/install/motion_utils/lib:/home/cityu/autoware/install/interpolation/lib:/home/cityu/autoware/install/tier4_autoware_utils/lib:/home/cityu/autoware/install/autoware_auto_vehicle_msgs/lib:/home/cityu/autoware/install/tier4_system_msgs/lib:/home/cityu/autoware/install/autoware_auto_planning_msgs/lib:/home/cityu/autoware/install/autoware_auto_perception_msgs/lib:/home/cityu/autoware/install/tier4_localization_msgs/lib:/home/cityu/autoware/install/tier4_debug_msgs/lib:/home/cityu/autoware/install/autoware_common_msgs/lib:/home/cityu/autoware/install/autoware_auto_mapping_msgs/lib:/home/cityu/autoware/install/autoware_auto_geometry_msgs/lib:/home/cityu/autoware/install/autoware_adapi_v1_msgs/lib:${LD_LIBRARY_PATH} PYTHONPATH=/home/cityu/autoware/install/autoware_auto_vehicle_msgs/lib/python3.8/site-packages:/home/cityu/autoware/install/tier4_system_msgs/lib/python3.8/site-packages:/home/cityu/autoware/install/autoware_auto_planning_msgs/lib/python3.8/site-packages:/home/cityu/autoware/install/autoware_auto_perception_msgs/lib/python3.8/site-packages:/home/cityu/autoware/install/tier4_localization_msgs/lib/python3.8/site-packages:/home/cityu/autoware/install/tier4_debug_msgs/lib/python3.8/site-packages:/home/cityu/autoware/install/autoware_common_msgs/lib/python3.8/site-packages:/home/cityu/autoware/install/autoware_auto_mapping_msgs/lib/python3.8/site-packages:/home/cityu/autoware/install/autoware_auto_geometry_msgs/lib/python3.8/site-packages:/home/cityu/autoware/install/autoware_adapi_v1_msgs/lib/python3.8/site-packages:${PYTHONPATH} /usr/bin/cmake --build /home/cityu/autoware/build/pose_initializer -- -j16 -l16
[108.074s] [35m[1mScanning dependencies of target gmock[0m
[108.075s] [  5%] [32mBuilding CXX object gmock/CMakeFiles/gmock.dir/opt/ros/galactic/src/gtest_vendor/src/gtest-all.cc.o[0m
[108.075s] [ 11%] [32mBuilding CXX object gmock/CMakeFiles/gmock.dir/src/gmock-all.cc.o[0m
[108.076s] [ 17%] [32m[1mLinking CXX static library libgmock.a[0m
[108.076s] [ 17%] Built target gmock
[108.076s] [35m[1mScanning dependencies of target pose_initializer_node[0m
[108.076s] [ 23%] [32mBuilding CXX object CMakeFiles/pose_initializer_node.dir/src/pose_initializer/pose_initializer_node.cpp.o[0m
[108.076s] [ 29%] [32mBuilding CXX object CMakeFiles/pose_initializer_node.dir/src/pose_initializer/localization_trigger_module.cpp.o[0m
[108.076s] [ 35%] [32mBuilding CXX object CMakeFiles/pose_initializer_node.dir/src/pose_initializer/gnss_module.cpp.o[0m
[108.076s] [ 41%] [32mBuilding CXX object CMakeFiles/pose_initializer_node.dir/src/pose_initializer/stop_check_module.cpp.o[0m
[108.076s] [ 47%] [32mBuilding CXX object CMakeFiles/pose_initializer_node.dir/src/pose_initializer/ndt_module.cpp.o[0m
[108.076s] [ 52%] [32mBuilding CXX object CMakeFiles/pose_initializer_node.dir/src/pose_initializer/pose_initializer_core.cpp.o[0m
[108.077s] [ 58%] [32m[1mLinking CXX executable pose_initializer_node[0m
[108.077s] [ 58%] Built target pose_initializer_node
[108.077s] [35m[1mScanning dependencies of target map_height_fitter[0m
[108.077s] [ 64%] [32mBuilding CXX object CMakeFiles/map_height_fitter.dir/src/map_height_fitter/map_height_fitter_node.cpp.o[0m
[108.077s] [ 70%] [32mBuilding CXX object CMakeFiles/map_height_fitter.dir/src/map_height_fitter/map_height_fitter_core.cpp.o[0m
[134.576s] [ 76%] [32m[1mLinking CXX executable map_height_fitter[0m
[135.444s] [ 76%] Built target map_height_fitter
[135.461s] [35m[1mScanning dependencies of target gmock_main[0m
[135.494s] [ 82%] [32mBuilding CXX object gmock/CMakeFiles/gmock_main.dir/src/gmock_main.cc.o[0m
[138.168s] [ 88%] [32m[1mLinking CXX static library libgmock_main.a[0m
[138.231s] [ 88%] Built target gmock_main
[138.255s] [35m[1mScanning dependencies of target test_copy_vector_to_array[0m
[138.290s] [ 94%] [32mBuilding CXX object CMakeFiles/test_copy_vector_to_array.dir/test/test_copy_vector_to_array.cpp.o[0m
[142.403s] [100%] [32m[1mLinking CXX executable test_copy_vector_to_array[0m
[142.799s] [100%] Built target test_copy_vector_to_array
[142.828s] Invoked command in '/home/cityu/autoware/build/pose_initializer' returned '0': AMENT_PREFIX_PATH=/home/cityu/autoware/install/motion_utils:/home/cityu/autoware/install/interpolation:/home/cityu/autoware/install/tier4_autoware_utils:/home/cityu/autoware/install/component_interface_utils:/home/cityu/autoware/install/component_interface_specs:/home/cityu/autoware/install/autoware_auto_vehicle_msgs:/home/cityu/autoware/install/tier4_system_msgs:/home/cityu/autoware/install/autoware_cmake:/home/cityu/autoware/install/autoware_auto_planning_msgs:/home/cityu/autoware/install/autoware_auto_perception_msgs:/home/cityu/autoware/install/tier4_localization_msgs:/home/cityu/autoware/install/tier4_debug_msgs:/home/cityu/autoware/install/autoware_lint_common:/home/cityu/autoware/install/autoware_common_msgs:/home/cityu/autoware/install/autoware_auto_mapping_msgs:/home/cityu/autoware/install/autoware_auto_geometry_msgs:/home/cityu/autoware/install/autoware_adapi_v1_msgs:${AMENT_PREFIX_PATH} CMAKE_PREFIX_PATH=/home/cityu/autoware/install/motion_utils:/home/cityu/autoware/install/interpolation:/home/cityu/autoware/install/tier4_autoware_utils:/home/cityu/autoware/install/component_interface_utils:/home/cityu/autoware/install/component_interface_specs:/home/cityu/autoware/install/autoware_auto_vehicle_msgs:/home/cityu/autoware/install/tier4_system_msgs:/home/cityu/autoware/install/autoware_cmake:/home/cityu/autoware/install/autoware_auto_planning_msgs:/home/cityu/autoware/install/autoware_auto_perception_msgs:/home/cityu/autoware/install/tier4_localization_msgs:/home/cityu/autoware/install/tier4_debug_msgs:/home/cityu/autoware/install/autoware_lint_common:/home/cityu/autoware/install/autoware_common_msgs:/home/cityu/autoware/install/autoware_auto_mapping_msgs:/home/cityu/autoware/install/autoware_auto_geometry_msgs:/home/cityu/autoware/install/autoware_adapi_v1_msgs:/opt/ros/galactic LD_LIBRARY_PATH=/home/cityu/autoware/install/motion_utils/lib:/home/cityu/autoware/install/interpolation/lib:/home/cityu/autoware/install/tier4_autoware_utils/lib:/home/cityu/autoware/install/autoware_auto_vehicle_msgs/lib:/home/cityu/autoware/install/tier4_system_msgs/lib:/home/cityu/autoware/install/autoware_auto_planning_msgs/lib:/home/cityu/autoware/install/autoware_auto_perception_msgs/lib:/home/cityu/autoware/install/tier4_localization_msgs/lib:/home/cityu/autoware/install/tier4_debug_msgs/lib:/home/cityu/autoware/install/autoware_common_msgs/lib:/home/cityu/autoware/install/autoware_auto_mapping_msgs/lib:/home/cityu/autoware/install/autoware_auto_geometry_msgs/lib:/home/cityu/autoware/install/autoware_adapi_v1_msgs/lib:${LD_LIBRARY_PATH} PYTHONPATH=/home/cityu/autoware/install/autoware_auto_vehicle_msgs/lib/python3.8/site-packages:/home/cityu/autoware/install/tier4_system_msgs/lib/python3.8/site-packages:/home/cityu/autoware/install/autoware_auto_planning_msgs/lib/python3.8/site-packages:/home/cityu/autoware/install/autoware_auto_perception_msgs/lib/python3.8/site-packages:/home/cityu/autoware/install/tier4_localization_msgs/lib/python3.8/site-packages:/home/cityu/autoware/install/tier4_debug_msgs/lib/python3.8/site-packages:/home/cityu/autoware/install/autoware_common_msgs/lib/python3.8/site-packages:/home/cityu/autoware/install/autoware_auto_mapping_msgs/lib/python3.8/site-packages:/home/cityu/autoware/install/autoware_auto_geometry_msgs/lib/python3.8/site-packages:/home/cityu/autoware/install/autoware_adapi_v1_msgs/lib/python3.8/site-packages:${PYTHONPATH} /usr/bin/cmake --build /home/cityu/autoware/build/pose_initializer -- -j16 -l16
[142.908s] Invoking command in '/home/cityu/autoware/build/pose_initializer': AMENT_PREFIX_PATH=/home/cityu/autoware/install/motion_utils:/home/cityu/autoware/install/interpolation:/home/cityu/autoware/install/tier4_autoware_utils:/home/cityu/autoware/install/component_interface_utils:/home/cityu/autoware/install/component_interface_specs:/home/cityu/autoware/install/autoware_auto_vehicle_msgs:/home/cityu/autoware/install/tier4_system_msgs:/home/cityu/autoware/install/autoware_cmake:/home/cityu/autoware/install/autoware_auto_planning_msgs:/home/cityu/autoware/install/autoware_auto_perception_msgs:/home/cityu/autoware/install/tier4_localization_msgs:/home/cityu/autoware/install/tier4_debug_msgs:/home/cityu/autoware/install/autoware_lint_common:/home/cityu/autoware/install/autoware_common_msgs:/home/cityu/autoware/install/autoware_auto_mapping_msgs:/home/cityu/autoware/install/autoware_auto_geometry_msgs:/home/cityu/autoware/install/autoware_adapi_v1_msgs:${AMENT_PREFIX_PATH} CMAKE_PREFIX_PATH=/home/cityu/autoware/install/motion_utils:/home/cityu/autoware/install/interpolation:/home/cityu/autoware/install/tier4_autoware_utils:/home/cityu/autoware/install/component_interface_utils:/home/cityu/autoware/install/component_interface_specs:/home/cityu/autoware/install/autoware_auto_vehicle_msgs:/home/cityu/autoware/install/tier4_system_msgs:/home/cityu/autoware/install/autoware_cmake:/home/cityu/autoware/install/autoware_auto_planning_msgs:/home/cityu/autoware/install/autoware_auto_perception_msgs:/home/cityu/autoware/install/tier4_localization_msgs:/home/cityu/autoware/install/tier4_debug_msgs:/home/cityu/autoware/install/autoware_lint_common:/home/cityu/autoware/install/autoware_common_msgs:/home/cityu/autoware/install/autoware_auto_mapping_msgs:/home/cityu/autoware/install/autoware_auto_geometry_msgs:/home/cityu/autoware/install/autoware_adapi_v1_msgs:/opt/ros/galactic LD_LIBRARY_PATH=/home/cityu/autoware/install/motion_utils/lib:/home/cityu/autoware/install/interpolation/lib:/home/cityu/autoware/install/tier4_autoware_utils/lib:/home/cityu/autoware/install/autoware_auto_vehicle_msgs/lib:/home/cityu/autoware/install/tier4_system_msgs/lib:/home/cityu/autoware/install/autoware_auto_planning_msgs/lib:/home/cityu/autoware/install/autoware_auto_perception_msgs/lib:/home/cityu/autoware/install/tier4_localization_msgs/lib:/home/cityu/autoware/install/tier4_debug_msgs/lib:/home/cityu/autoware/install/autoware_common_msgs/lib:/home/cityu/autoware/install/autoware_auto_mapping_msgs/lib:/home/cityu/autoware/install/autoware_auto_geometry_msgs/lib:/home/cityu/autoware/install/autoware_adapi_v1_msgs/lib:${LD_LIBRARY_PATH} PYTHONPATH=/home/cityu/autoware/install/autoware_auto_vehicle_msgs/lib/python3.8/site-packages:/home/cityu/autoware/install/tier4_system_msgs/lib/python3.8/site-packages:/home/cityu/autoware/install/autoware_auto_planning_msgs/lib/python3.8/site-packages:/home/cityu/autoware/install/autoware_auto_perception_msgs/lib/python3.8/site-packages:/home/cityu/autoware/install/tier4_localization_msgs/lib/python3.8/site-packages:/home/cityu/autoware/install/tier4_debug_msgs/lib/python3.8/site-packages:/home/cityu/autoware/install/autoware_common_msgs/lib/python3.8/site-packages:/home/cityu/autoware/install/autoware_auto_mapping_msgs/lib/python3.8/site-packages:/home/cityu/autoware/install/autoware_auto_geometry_msgs/lib/python3.8/site-packages:/home/cityu/autoware/install/autoware_adapi_v1_msgs/lib/python3.8/site-packages:${PYTHONPATH} /usr/bin/cmake --install /home/cityu/autoware/build/pose_initializer
[150.053s] -- Install configuration: "Release"
[150.053s] -- Execute custom install script
[150.053s] -- Symlinking: /home/cityu/autoware/install/pose_initializer/lib/pose_initializer/pose_initializer_node
[150.053s] -- Symlinking: /home/cityu/autoware/install/pose_initializer/lib/pose_initializer/map_height_fitter
[150.054s] -- Symlinking: /home/cityu/autoware/install/pose_initializer/share/pose_initializer/launch/pose_initializer.launch.xml
[150.054s] -- Symlinking: /home/cityu/autoware/install/pose_initializer/share/pose_initializer/config/pose_initializer.param.yaml
[150.054s] -- Symlinking: /home/cityu/autoware/install/pose_initializer/share/ament_index/resource_index/package_run_dependencies/pose_initializer
[150.054s] -- Symlinking: /home/cityu/autoware/install/pose_initializer/share/ament_index/resource_index/parent_prefix_path/pose_initializer
[150.054s] -- Symlinking: /home/cityu/autoware/install/pose_initializer/share/pose_initializer/environment/ament_prefix_path.sh
[150.054s] -- Symlinking: /home/cityu/autoware/install/pose_initializer/share/pose_initializer/environment/ament_prefix_path.dsv
[150.054s] -- Symlinking: /home/cityu/autoware/install/pose_initializer/share/pose_initializer/environment/path.sh
[150.054s] -- Symlinking: /home/cityu/autoware/install/pose_initializer/share/pose_initializer/environment/path.dsv
[150.054s] -- Symlinking: /home/cityu/autoware/install/pose_initializer/share/pose_initializer/local_setup.bash
[150.055s] -- Symlinking: /home/cityu/autoware/install/pose_initializer/share/pose_initializer/local_setup.sh
[150.055s] -- Symlinking: /home/cityu/autoware/install/pose_initializer/share/pose_initializer/local_setup.zsh
[150.055s] -- Symlinking: /home/cityu/autoware/install/pose_initializer/share/pose_initializer/local_setup.dsv
[150.055s] -- Symlinking: /home/cityu/autoware/install/pose_initializer/share/pose_initializer/package.dsv
[150.055s] -- Symlinking: /home/cityu/autoware/install/pose_initializer/share/ament_index/resource_index/packages/pose_initializer
[150.055s] -- Symlinking: /home/cityu/autoware/install/pose_initializer/share/pose_initializer/cmake/ament_cmake_export_dependencies-extras.cmake
[150.055s] -- Symlinking: /home/cityu/autoware/install/pose_initializer/share/pose_initializer/cmake/pose_initializerConfig.cmake
[150.055s] -- Symlinking: /home/cityu/autoware/install/pose_initializer/share/pose_initializer/cmake/pose_initializerConfig-version.cmake
[150.055s] -- Symlinking: /home/cityu/autoware/install/pose_initializer/share/pose_initializer/package.xml
[150.076s] Invoked command in '/home/cityu/autoware/build/pose_initializer' returned '0': AMENT_PREFIX_PATH=/home/cityu/autoware/install/motion_utils:/home/cityu/autoware/install/interpolation:/home/cityu/autoware/install/tier4_autoware_utils:/home/cityu/autoware/install/component_interface_utils:/home/cityu/autoware/install/component_interface_specs:/home/cityu/autoware/install/autoware_auto_vehicle_msgs:/home/cityu/autoware/install/tier4_system_msgs:/home/cityu/autoware/install/autoware_cmake:/home/cityu/autoware/install/autoware_auto_planning_msgs:/home/cityu/autoware/install/autoware_auto_perception_msgs:/home/cityu/autoware/install/tier4_localization_msgs:/home/cityu/autoware/install/tier4_debug_msgs:/home/cityu/autoware/install/autoware_lint_common:/home/cityu/autoware/install/autoware_common_msgs:/home/cityu/autoware/install/autoware_auto_mapping_msgs:/home/cityu/autoware/install/autoware_auto_geometry_msgs:/home/cityu/autoware/install/autoware_adapi_v1_msgs:${AMENT_PREFIX_PATH} CMAKE_PREFIX_PATH=/home/cityu/autoware/install/motion_utils:/home/cityu/autoware/install/interpolation:/home/cityu/autoware/install/tier4_autoware_utils:/home/cityu/autoware/install/component_interface_utils:/home/cityu/autoware/install/component_interface_specs:/home/cityu/autoware/install/autoware_auto_vehicle_msgs:/home/cityu/autoware/install/tier4_system_msgs:/home/cityu/autoware/install/autoware_cmake:/home/cityu/autoware/install/autoware_auto_planning_msgs:/home/cityu/autoware/install/autoware_auto_perception_msgs:/home/cityu/autoware/install/tier4_localization_msgs:/home/cityu/autoware/install/tier4_debug_msgs:/home/cityu/autoware/install/autoware_lint_common:/home/cityu/autoware/install/autoware_common_msgs:/home/cityu/autoware/install/autoware_auto_mapping_msgs:/home/cityu/autoware/install/autoware_auto_geometry_msgs:/home/cityu/autoware/install/autoware_adapi_v1_msgs:/opt/ros/galactic LD_LIBRARY_PATH=/home/cityu/autoware/install/motion_utils/lib:/home/cityu/autoware/install/interpolation/lib:/home/cityu/autoware/install/tier4_autoware_utils/lib:/home/cityu/autoware/install/autoware_auto_vehicle_msgs/lib:/home/cityu/autoware/install/tier4_system_msgs/lib:/home/cityu/autoware/install/autoware_auto_planning_msgs/lib:/home/cityu/autoware/install/autoware_auto_perception_msgs/lib:/home/cityu/autoware/install/tier4_localization_msgs/lib:/home/cityu/autoware/install/tier4_debug_msgs/lib:/home/cityu/autoware/install/autoware_common_msgs/lib:/home/cityu/autoware/install/autoware_auto_mapping_msgs/lib:/home/cityu/autoware/install/autoware_auto_geometry_msgs/lib:/home/cityu/autoware/install/autoware_adapi_v1_msgs/lib:${LD_LIBRARY_PATH} PYTHONPATH=/home/cityu/autoware/install/autoware_auto_vehicle_msgs/lib/python3.8/site-packages:/home/cityu/autoware/install/tier4_system_msgs/lib/python3.8/site-packages:/home/cityu/autoware/install/autoware_auto_planning_msgs/lib/python3.8/site-packages:/home/cityu/autoware/install/autoware_auto_perception_msgs/lib/python3.8/site-packages:/home/cityu/autoware/install/tier4_localization_msgs/lib/python3.8/site-packages:/home/cityu/autoware/install/tier4_debug_msgs/lib/python3.8/site-packages:/home/cityu/autoware/install/autoware_common_msgs/lib/python3.8/site-packages:/home/cityu/autoware/install/autoware_auto_mapping_msgs/lib/python3.8/site-packages:/home/cityu/autoware/install/autoware_auto_geometry_msgs/lib/python3.8/site-packages:/home/cityu/autoware/install/autoware_adapi_v1_msgs/lib/python3.8/site-packages:${PYTHONPATH} /usr/bin/cmake --install /home/cityu/autoware/build/pose_initializer
