-- The C compiler identification is GNU 9.4.0
-- The CXX compiler identification is GNU 9.4.0
-- Check for working C compiler: /usr/bin/cc
-- Check for working C compiler: /usr/bin/cc -- works
-- Detecting C compiler ABI info
-- Detecting C compiler ABI info - done
-- Detecting C compile features
-- Detecting C compile features - done
-- Check for working CXX compiler: /usr/bin/c++
-- Check for working CXX compiler: /usr/bin/c++ -- works
-- Detecting CXX compiler ABI info
-- Detecting CXX compiler ABI info - done
-- Detecting CXX compile features
-- Detecting CXX compile features - done
-- Found ament_cmake_auto: 1.1.6 (/opt/ros/galactic/share/ament_cmake_auto/cmake)
-- Found PythonInterp: /usr/bin/python3 (found suitable version "3.8.10", minimum required is "3") 
-- Using PYTHON_EXECUTABLE: /usr/bin/python3
-- Override CMake install command with custom implementation using symlinks instead of copying resources
-- Using all available rosidl_typesupport_c: rosidl_typesupport_fastrtps_c;rosidl_typesupport_introspection_c
-- Found rosidl_adapter: 2.2.3 (/opt/ros/galactic/share/rosidl_adapter/cmake)
-- Found OpenSSL: /usr/lib/x86_64-linux-gnu/libcrypto.so (found version "1.1.1f")  
-- Found FastRTPS: /opt/ros/galactic/include  
-- Using all available rosidl_typesupport_cpp: rosidl_typesupport_fastrtps_cpp;rosidl_typesupport_introspection_cpp
-- Found PythonInterp: /usr/bin/python3 (found version "3.8.10") 
-- Found ament_cmake_ros: 0.9.2 (/opt/ros/galactic/share/ament_cmake_ros/cmake)
-- Using all available rosidl_typesupport_c: rosidl_typesupport_fastrtps_c;rosidl_typesupport_introspection_c
-- Using all available rosidl_typesupport_cpp: rosidl_typesupport_fastrtps_cpp;rosidl_typesupport_introspection_cpp
-- Found PythonInterp: /usr/bin/python3 (found suitable version "3.8.10", minimum required is "3.5") 
-- Found python_cmake_module: 0.8.1 (/opt/ros/galactic/share/python_cmake_module/cmake)
-- Found PythonLibs: /usr/lib/x86_64-linux-gnu/libpython3.8.so (found suitable version "3.8.10", minimum required is "3.5") 
-- Using PYTHON_EXECUTABLE: /usr/bin/python3
-- Using PYTHON_INCLUDE_DIRS: /usr/include/python3.8
-- Using PYTHON_LIBRARIES: /usr/lib/x86_64-linux-gnu/libpython3.8.so
-- Found PythonExtra: .so  
-- Found ament_lint_auto: 0.10.7 (/opt/ros/galactic/share/ament_lint_auto/cmake)
-- Added test 'copyright' to check source files copyright and LICENSE
-- Added test 'lint_cmake' to check CMake code style
-- Added test 'xmllint' to check XML markup files
-- Configuring done
-- Generating done
-- Build files have been written to: /home/cityu/autoware/build/tier4_api_msgs
[35m[1mScanning dependencies of target tier4_api_msgs__cpp[0m
[  0%] [34m[1mGenerating C++ code for ROS interfaces[0m
[  0%] Built target tier4_api_msgs__cpp
[  1%] [34m[1mGenerating C code for ROS interfaces[0m
[35m[1mScanning dependencies of target tier4_api_msgs__rosidl_generator_c[0m
[  2%] [32mBuilding C object CMakeFiles/tier4_api_msgs__rosidl_generator_c.dir/rosidl_generator_c/tier4_api_msgs/msg/detail/awapi_autoware_status__functions.c.o[0m
[  3%] [32mBuilding C object CMakeFiles/tier4_api_msgs__rosidl_generator_c.dir/rosidl_generator_c/tier4_api_msgs/msg/detail/velocity_limit__functions.c.o[0m
[  4%] [32mBuilding C object CMakeFiles/tier4_api_msgs__rosidl_generator_c.dir/rosidl_generator_c/tier4_api_msgs/msg/detail/stop_command__functions.c.o[0m
[  5%] [32mBuilding C object CMakeFiles/tier4_api_msgs__rosidl_generator_c.dir/rosidl_generator_c/tier4_api_msgs/msg/detail/obstacle_avoidance_status__functions.c.o[0m
[  6%] [32mBuilding C object CMakeFiles/tier4_api_msgs__rosidl_generator_c.dir/rosidl_generator_c/tier4_api_msgs/msg/detail/lane_change_status__functions.c.o[0m
[  7%] [32mBuilding C object CMakeFiles/tier4_api_msgs__rosidl_generator_c.dir/rosidl_generator_c/tier4_api_msgs/msg/detail/intersection_status__functions.c.o[0m
[  7%] [32mBuilding C object CMakeFiles/tier4_api_msgs__rosidl_generator_c.dir/rosidl_generator_c/tier4_api_msgs/msg/detail/euler__functions.c.o[0m
[  8%] [32mBuilding C object CMakeFiles/tier4_api_msgs__rosidl_generator_c.dir/rosidl_generator_c/tier4_api_msgs/msg/detail/door_status__functions.c.o[0m
[  9%] [32mBuilding C object CMakeFiles/tier4_api_msgs__rosidl_generator_c.dir/rosidl_generator_c/tier4_api_msgs/msg/detail/door_control_command__functions.c.o[0m
[ 10%] [32mBuilding C object CMakeFiles/tier4_api_msgs__rosidl_generator_c.dir/rosidl_generator_c/tier4_api_msgs/msg/detail/crosswalk_status__functions.c.o[0m
[ 11%] [32mBuilding C object CMakeFiles/tier4_api_msgs__rosidl_generator_c.dir/rosidl_generator_c/tier4_api_msgs/msg/detail/awapi_vehicle_status__functions.c.o[0m
[ 12%] [32m[1mLinking C shared library libtier4_api_msgs__rosidl_generator_c.so[0m
[ 12%] Built target tier4_api_msgs__rosidl_generator_c
[ 13%] [34m[1mGenerating C++ introspection for ROS interfaces[0m
[35m[1mScanning dependencies of target tier4_api_msgs__rosidl_typesupport_introspection_cpp[0m
[ 14%] [32mBuilding CXX object CMakeFiles/tier4_api_msgs__rosidl_typesupport_introspection_cpp.dir/rosidl_typesupport_introspection_cpp/tier4_api_msgs/msg/detail/awapi_autoware_status__type_support.cpp.o[0m
[ 15%] [32mBuilding CXX object CMakeFiles/tier4_api_msgs__rosidl_typesupport_introspection_cpp.dir/rosidl_typesupport_introspection_cpp/tier4_api_msgs/msg/detail/velocity_limit__type_support.cpp.o[0m
[ 16%] [32mBuilding CXX object CMakeFiles/tier4_api_msgs__rosidl_typesupport_introspection_cpp.dir/rosidl_typesupport_introspection_cpp/tier4_api_msgs/msg/detail/stop_command__type_support.cpp.o[0m
[ 17%] [32mBuilding CXX object CMakeFiles/tier4_api_msgs__rosidl_typesupport_introspection_cpp.dir/rosidl_typesupport_introspection_cpp/tier4_api_msgs/msg/detail/obstacle_avoidance_status__type_support.cpp.o[0m
[ 18%] [32mBuilding CXX object CMakeFiles/tier4_api_msgs__rosidl_typesupport_introspection_cpp.dir/rosidl_typesupport_introspection_cpp/tier4_api_msgs/msg/detail/lane_change_status__type_support.cpp.o[0m
[ 19%] [32mBuilding CXX object CMakeFiles/tier4_api_msgs__rosidl_typesupport_introspection_cpp.dir/rosidl_typesupport_introspection_cpp/tier4_api_msgs/msg/detail/intersection_status__type_support.cpp.o[0m
[ 20%] [32mBuilding CXX object CMakeFiles/tier4_api_msgs__rosidl_typesupport_introspection_cpp.dir/rosidl_typesupport_introspection_cpp/tier4_api_msgs/msg/detail/euler__type_support.cpp.o[0m
[ 21%] [32mBuilding CXX object CMakeFiles/tier4_api_msgs__rosidl_typesupport_introspection_cpp.dir/rosidl_typesupport_introspection_cpp/tier4_api_msgs/msg/detail/door_status__type_support.cpp.o[0m
[ 22%] [32mBuilding CXX object CMakeFiles/tier4_api_msgs__rosidl_typesupport_introspection_cpp.dir/rosidl_typesupport_introspection_cpp/tier4_api_msgs/msg/detail/door_control_command__type_support.cpp.o[0m
[ 23%] [32mBuilding CXX object CMakeFiles/tier4_api_msgs__rosidl_typesupport_introspection_cpp.dir/rosidl_typesupport_introspection_cpp/tier4_api_msgs/msg/detail/crosswalk_status__type_support.cpp.o[0m
[ 23%] [32mBuilding CXX object CMakeFiles/tier4_api_msgs__rosidl_typesupport_introspection_cpp.dir/rosidl_typesupport_introspection_cpp/tier4_api_msgs/msg/detail/awapi_vehicle_status__type_support.cpp.o[0m
[ 24%] [32m[1mLinking CXX shared library libtier4_api_msgs__rosidl_typesupport_introspection_cpp.so[0m
[ 24%] Built target tier4_api_msgs__rosidl_typesupport_introspection_cpp
[ 25%] [34m[1mGenerating C introspection for ROS interfaces[0m
[35m[1mScanning dependencies of target tier4_api_msgs__rosidl_typesupport_introspection_c[0m
[ 26%] [32mBuilding C object CMakeFiles/tier4_api_msgs__rosidl_typesupport_introspection_c.dir/rosidl_typesupport_introspection_c/tier4_api_msgs/msg/detail/awapi_autoware_status__type_support.c.o[0m
[ 27%] [32mBuilding C object CMakeFiles/tier4_api_msgs__rosidl_typesupport_introspection_c.dir/rosidl_typesupport_introspection_c/tier4_api_msgs/msg/detail/velocity_limit__type_support.c.o[0m
[ 28%] [32mBuilding C object CMakeFiles/tier4_api_msgs__rosidl_typesupport_introspection_c.dir/rosidl_typesupport_introspection_c/tier4_api_msgs/msg/detail/stop_command__type_support.c.o[0m
[ 29%] [32mBuilding C object CMakeFiles/tier4_api_msgs__rosidl_typesupport_introspection_c.dir/rosidl_typesupport_introspection_c/tier4_api_msgs/msg/detail/obstacle_avoidance_status__type_support.c.o[0m
[ 30%] [32mBuilding C object CMakeFiles/tier4_api_msgs__rosidl_typesupport_introspection_c.dir/rosidl_typesupport_introspection_c/tier4_api_msgs/msg/detail/lane_change_status__type_support.c.o[0m
[ 30%] [32mBuilding C object CMakeFiles/tier4_api_msgs__rosidl_typesupport_introspection_c.dir/rosidl_typesupport_introspection_c/tier4_api_msgs/msg/detail/intersection_status__type_support.c.o[0m
[ 31%] [32mBuilding C object CMakeFiles/tier4_api_msgs__rosidl_typesupport_introspection_c.dir/rosidl_typesupport_introspection_c/tier4_api_msgs/msg/detail/euler__type_support.c.o[0m
[ 32%] [32mBuilding C object CMakeFiles/tier4_api_msgs__rosidl_typesupport_introspection_c.dir/rosidl_typesupport_introspection_c/tier4_api_msgs/msg/detail/door_status__type_support.c.o[0m
[ 33%] [32mBuilding C object CMakeFiles/tier4_api_msgs__rosidl_typesupport_introspection_c.dir/rosidl_typesupport_introspection_c/tier4_api_msgs/msg/detail/door_control_command__type_support.c.o[0m
[ 34%] [32mBuilding C object CMakeFiles/tier4_api_msgs__rosidl_typesupport_introspection_c.dir/rosidl_typesupport_introspection_c/tier4_api_msgs/msg/detail/crosswalk_status__type_support.c.o[0m
[ 35%] [32mBuilding C object CMakeFiles/tier4_api_msgs__rosidl_typesupport_introspection_c.dir/rosidl_typesupport_introspection_c/tier4_api_msgs/msg/detail/awapi_vehicle_status__type_support.c.o[0m
[ 36%] [32m[1mLinking C shared library libtier4_api_msgs__rosidl_typesupport_introspection_c.so[0m
[ 36%] Built target tier4_api_msgs__rosidl_typesupport_introspection_c
[ 37%] [34m[1mGenerating C type support dispatch for ROS interfaces[0m
[35m[1mScanning dependencies of target tier4_api_msgs__rosidl_typesupport_c[0m
[ 38%] [32mBuilding CXX object CMakeFiles/tier4_api_msgs__rosidl_typesupport_c.dir/rosidl_typesupport_c/tier4_api_msgs/msg/awapi_autoware_status__type_support.cpp.o[0m
[ 39%] [32mBuilding CXX object CMakeFiles/tier4_api_msgs__rosidl_typesupport_c.dir/rosidl_typesupport_c/tier4_api_msgs/msg/velocity_limit__type_support.cpp.o[0m
[ 40%] [32mBuilding CXX object CMakeFiles/tier4_api_msgs__rosidl_typesupport_c.dir/rosidl_typesupport_c/tier4_api_msgs/msg/stop_command__type_support.cpp.o[0m
[ 41%] [32mBuilding CXX object CMakeFiles/tier4_api_msgs__rosidl_typesupport_c.dir/rosidl_typesupport_c/tier4_api_msgs/msg/obstacle_avoidance_status__type_support.cpp.o[0m
[ 42%] [32mBuilding CXX object CMakeFiles/tier4_api_msgs__rosidl_typesupport_c.dir/rosidl_typesupport_c/tier4_api_msgs/msg/lane_change_status__type_support.cpp.o[0m
[ 43%] [32mBuilding CXX object CMakeFiles/tier4_api_msgs__rosidl_typesupport_c.dir/rosidl_typesupport_c/tier4_api_msgs/msg/intersection_status__type_support.cpp.o[0m
[ 44%] [32mBuilding CXX object CMakeFiles/tier4_api_msgs__rosidl_typesupport_c.dir/rosidl_typesupport_c/tier4_api_msgs/msg/euler__type_support.cpp.o[0m
[ 45%] [32mBuilding CXX object CMakeFiles/tier4_api_msgs__rosidl_typesupport_c.dir/rosidl_typesupport_c/tier4_api_msgs/msg/door_status__type_support.cpp.o[0m
[ 46%] [32mBuilding CXX object CMakeFiles/tier4_api_msgs__rosidl_typesupport_c.dir/rosidl_typesupport_c/tier4_api_msgs/msg/door_control_command__type_support.cpp.o[0m
[ 46%] [32mBuilding CXX object CMakeFiles/tier4_api_msgs__rosidl_typesupport_c.dir/rosidl_typesupport_c/tier4_api_msgs/msg/crosswalk_status__type_support.cpp.o[0m
[ 47%] [32mBuilding CXX object CMakeFiles/tier4_api_msgs__rosidl_typesupport_c.dir/rosidl_typesupport_c/tier4_api_msgs/msg/awapi_vehicle_status__type_support.cpp.o[0m
[ 48%] [32m[1mLinking CXX shared library libtier4_api_msgs__rosidl_typesupport_c.so[0m
[ 48%] Built target tier4_api_msgs__rosidl_typesupport_c
[ 48%] [34m[1mGenerating C++ type support for eProsima Fast-RTPS[0m
[35m[1mScanning dependencies of target tier4_api_msgs__rosidl_typesupport_fastrtps_cpp[0m
[ 49%] [32mBuilding CXX object CMakeFiles/tier4_api_msgs__rosidl_typesupport_fastrtps_cpp.dir/rosidl_typesupport_fastrtps_cpp/tier4_api_msgs/msg/detail/dds_fastrtps/awapi_autoware_status__type_support.cpp.o[0m
[ 50%] [32mBuilding CXX object CMakeFiles/tier4_api_msgs__rosidl_typesupport_fastrtps_cpp.dir/rosidl_typesupport_fastrtps_cpp/tier4_api_msgs/msg/detail/dds_fastrtps/velocity_limit__type_support.cpp.o[0m
[ 50%] [32mBuilding CXX object CMakeFiles/tier4_api_msgs__rosidl_typesupport_fastrtps_cpp.dir/rosidl_typesupport_fastrtps_cpp/tier4_api_msgs/msg/detail/dds_fastrtps/stop_command__type_support.cpp.o[0m
[ 51%] [32mBuilding CXX object CMakeFiles/tier4_api_msgs__rosidl_typesupport_fastrtps_cpp.dir/rosidl_typesupport_fastrtps_cpp/tier4_api_msgs/msg/detail/dds_fastrtps/obstacle_avoidance_status__type_support.cpp.o[0m
[ 52%] [32mBuilding CXX object CMakeFiles/tier4_api_msgs__rosidl_typesupport_fastrtps_cpp.dir/rosidl_typesupport_fastrtps_cpp/tier4_api_msgs/msg/detail/dds_fastrtps/lane_change_status__type_support.cpp.o[0m
[ 53%] [32mBuilding CXX object CMakeFiles/tier4_api_msgs__rosidl_typesupport_fastrtps_cpp.dir/rosidl_typesupport_fastrtps_cpp/tier4_api_msgs/msg/detail/dds_fastrtps/intersection_status__type_support.cpp.o[0m
[ 54%] [32mBuilding CXX object CMakeFiles/tier4_api_msgs__rosidl_typesupport_fastrtps_cpp.dir/rosidl_typesupport_fastrtps_cpp/tier4_api_msgs/msg/detail/dds_fastrtps/euler__type_support.cpp.o[0m
[ 55%] [32mBuilding CXX object CMakeFiles/tier4_api_msgs__rosidl_typesupport_fastrtps_cpp.dir/rosidl_typesupport_fastrtps_cpp/tier4_api_msgs/msg/detail/dds_fastrtps/door_status__type_support.cpp.o[0m
[ 56%] [32mBuilding CXX object CMakeFiles/tier4_api_msgs__rosidl_typesupport_fastrtps_cpp.dir/rosidl_typesupport_fastrtps_cpp/tier4_api_msgs/msg/detail/dds_fastrtps/door_control_command__type_support.cpp.o[0m
[ 57%] [32mBuilding CXX object CMakeFiles/tier4_api_msgs__rosidl_typesupport_fastrtps_cpp.dir/rosidl_typesupport_fastrtps_cpp/tier4_api_msgs/msg/detail/dds_fastrtps/crosswalk_status__type_support.cpp.o[0m
[ 58%] [32mBuilding CXX object CMakeFiles/tier4_api_msgs__rosidl_typesupport_fastrtps_cpp.dir/rosidl_typesupport_fastrtps_cpp/tier4_api_msgs/msg/detail/dds_fastrtps/awapi_vehicle_status__type_support.cpp.o[0m
[ 59%] [32m[1mLinking CXX shared library libtier4_api_msgs__rosidl_typesupport_fastrtps_cpp.so[0m
[ 59%] Built target tier4_api_msgs__rosidl_typesupport_fastrtps_cpp
[ 61%] [34m[1mGenerating C type support for eProsima Fast-RTPS[0m
[ 61%] [34m[1mGenerating C++ type support dispatch for ROS interfaces[0m
[35m[1mScanning dependencies of target tier4_api_msgs__rosidl_typesupport_cpp[0m
[ 62%] [32mBuilding CXX object CMakeFiles/tier4_api_msgs__rosidl_typesupport_cpp.dir/rosidl_typesupport_cpp/tier4_api_msgs/msg/awapi_autoware_status__type_support.cpp.o[0m
[ 63%] [32mBuilding CXX object CMakeFiles/tier4_api_msgs__rosidl_typesupport_cpp.dir/rosidl_typesupport_cpp/tier4_api_msgs/msg/awapi_vehicle_status__type_support.cpp.o[0m
[35m[1mScanning dependencies of target tier4_api_msgs__rosidl_typesupport_fastrtps_c[0m
[ 65%] [32mBuilding CXX object CMakeFiles/tier4_api_msgs__rosidl_typesupport_fastrtps_c.dir/rosidl_typesupport_fastrtps_c/tier4_api_msgs/msg/detail/awapi_vehicle_status__type_support_c.cpp.o[0m
[ 65%] [32mBuilding CXX object CMakeFiles/tier4_api_msgs__rosidl_typesupport_fastrtps_c.dir/rosidl_typesupport_fastrtps_c/tier4_api_msgs/msg/detail/awapi_autoware_status__type_support_c.cpp.o[0m
[ 66%] [32mBuilding CXX object CMakeFiles/tier4_api_msgs__rosidl_typesupport_cpp.dir/rosidl_typesupport_cpp/tier4_api_msgs/msg/velocity_limit__type_support.cpp.o[0m
[ 67%] [32mBuilding CXX object CMakeFiles/tier4_api_msgs__rosidl_typesupport_cpp.dir/rosidl_typesupport_cpp/tier4_api_msgs/msg/stop_command__type_support.cpp.o[0m
[ 69%] [32mBuilding CXX object CMakeFiles/tier4_api_msgs__rosidl_typesupport_fastrtps_c.dir/rosidl_typesupport_fastrtps_c/tier4_api_msgs/msg/detail/intersection_status__type_support_c.cpp.o[0m
[ 69%] [32mBuilding CXX object CMakeFiles/tier4_api_msgs__rosidl_typesupport_cpp.dir/rosidl_typesupport_cpp/tier4_api_msgs/msg/obstacle_avoidance_status__type_support.cpp.o[0m
[ 70%] [32mBuilding CXX object CMakeFiles/tier4_api_msgs__rosidl_typesupport_fastrtps_c.dir/rosidl_typesupport_fastrtps_c/tier4_api_msgs/msg/detail/obstacle_avoidance_status__type_support_c.cpp.o[0m
[ 70%] [32mBuilding CXX object CMakeFiles/tier4_api_msgs__rosidl_typesupport_cpp.dir/rosidl_typesupport_cpp/tier4_api_msgs/msg/lane_change_status__type_support.cpp.o[0m
[ 71%] [32mBuilding CXX object CMakeFiles/tier4_api_msgs__rosidl_typesupport_cpp.dir/rosidl_typesupport_cpp/tier4_api_msgs/msg/intersection_status__type_support.cpp.o[0m
[ 72%] [32mBuilding CXX object CMakeFiles/tier4_api_msgs__rosidl_typesupport_cpp.dir/rosidl_typesupport_cpp/tier4_api_msgs/msg/euler__type_support.cpp.o[0m
[ 73%] [32mBuilding CXX object CMakeFiles/tier4_api_msgs__rosidl_typesupport_fastrtps_c.dir/rosidl_typesupport_fastrtps_c/tier4_api_msgs/msg/detail/velocity_limit__type_support_c.cpp.o[0m
[ 74%] [32mBuilding CXX object CMakeFiles/tier4_api_msgs__rosidl_typesupport_fastrtps_c.dir/rosidl_typesupport_fastrtps_c/tier4_api_msgs/msg/detail/stop_command__type_support_c.cpp.o[0m
[ 75%] [32mBuilding CXX object CMakeFiles/tier4_api_msgs__rosidl_typesupport_cpp.dir/rosidl_typesupport_cpp/tier4_api_msgs/msg/door_status__type_support.cpp.o[0m
[ 76%] [32mBuilding CXX object CMakeFiles/tier4_api_msgs__rosidl_typesupport_cpp.dir/rosidl_typesupport_cpp/tier4_api_msgs/msg/door_control_command__type_support.cpp.o[0m
[ 77%] [32mBuilding CXX object CMakeFiles/tier4_api_msgs__rosidl_typesupport_fastrtps_c.dir/rosidl_typesupport_fastrtps_c/tier4_api_msgs/msg/detail/lane_change_status__type_support_c.cpp.o[0m
[ 78%] [32mBuilding CXX object CMakeFiles/tier4_api_msgs__rosidl_typesupport_fastrtps_c.dir/rosidl_typesupport_fastrtps_c/tier4_api_msgs/msg/detail/euler__type_support_c.cpp.o[0m
[ 79%] [32mBuilding CXX object CMakeFiles/tier4_api_msgs__rosidl_typesupport_cpp.dir/rosidl_typesupport_cpp/tier4_api_msgs/msg/crosswalk_status__type_support.cpp.o[0m
[ 79%] [32mBuilding CXX object CMakeFiles/tier4_api_msgs__rosidl_typesupport_fastrtps_c.dir/rosidl_typesupport_fastrtps_c/tier4_api_msgs/msg/detail/door_status__type_support_c.cpp.o[0m
[ 80%] [32mBuilding CXX object CMakeFiles/tier4_api_msgs__rosidl_typesupport_fastrtps_c.dir/rosidl_typesupport_fastrtps_c/tier4_api_msgs/msg/detail/door_control_command__type_support_c.cpp.o[0m
[ 81%] [32m[1mLinking CXX shared library libtier4_api_msgs__rosidl_typesupport_cpp.so[0m
[ 81%] Built target tier4_api_msgs__rosidl_typesupport_cpp
[ 82%] [32mBuilding CXX object CMakeFiles/tier4_api_msgs__rosidl_typesupport_fastrtps_c.dir/rosidl_typesupport_fastrtps_c/tier4_api_msgs/msg/detail/crosswalk_status__type_support_c.cpp.o[0m
[ 83%] [32m[1mLinking CXX shared library libtier4_api_msgs__rosidl_typesupport_fastrtps_c.so[0m
[ 83%] Built target tier4_api_msgs__rosidl_typesupport_fastrtps_c
[35m[1mScanning dependencies of target tier4_api_msgs[0m
[ 83%] Built target tier4_api_msgs
[35m[1mScanning dependencies of target tier4_api_msgs__py[0m
[ 84%] [34m[1mGenerating Python code for ROS interfaces[0m
[ 84%] Built target tier4_api_msgs__py
[35m[1mScanning dependencies of target tier4_api_msgs__python[0m
[ 85%] [32mBuilding C object CMakeFiles/tier4_api_msgs__python.dir/rosidl_generator_py/tier4_api_msgs/msg/_awapi_autoware_status_s.c.o[0m
[ 86%] [32mBuilding C object CMakeFiles/tier4_api_msgs__python.dir/rosidl_generator_py/tier4_api_msgs/msg/_awapi_vehicle_status_s.c.o[0m
[ 87%] [32mBuilding C object CMakeFiles/tier4_api_msgs__python.dir/rosidl_generator_py/tier4_api_msgs/msg/_crosswalk_status_s.c.o[0m
[ 88%] [32mBuilding C object CMakeFiles/tier4_api_msgs__python.dir/rosidl_generator_py/tier4_api_msgs/msg/_velocity_limit_s.c.o[0m
[ 89%] [32mBuilding C object CMakeFiles/tier4_api_msgs__python.dir/rosidl_generator_py/tier4_api_msgs/msg/_stop_command_s.c.o[0m
[ 89%] [32mBuilding C object CMakeFiles/tier4_api_msgs__python.dir/rosidl_generator_py/tier4_api_msgs/msg/_obstacle_avoidance_status_s.c.o[0m
[ 90%] [32mBuilding C object CMakeFiles/tier4_api_msgs__python.dir/rosidl_generator_py/tier4_api_msgs/msg/_intersection_status_s.c.o[0m
[ 91%] [32mBuilding C object CMakeFiles/tier4_api_msgs__python.dir/rosidl_generator_py/tier4_api_msgs/msg/_lane_change_status_s.c.o[0m
[ 92%] [32mBuilding C object CMakeFiles/tier4_api_msgs__python.dir/rosidl_generator_py/tier4_api_msgs/msg/_euler_s.c.o[0m
[ 93%] [32mBuilding C object CMakeFiles/tier4_api_msgs__python.dir/rosidl_generator_py/tier4_api_msgs/msg/_door_control_command_s.c.o[0m
[ 94%] [32mBuilding C object CMakeFiles/tier4_api_msgs__python.dir/rosidl_generator_py/tier4_api_msgs/msg/_door_status_s.c.o[0m
[ 95%] [32m[1mLinking C shared library rosidl_generator_py/tier4_api_msgs/libtier4_api_msgs__python.so[0m
[ 95%] Built target tier4_api_msgs__python
[35m[1mScanning dependencies of target tier4_api_msgs__rosidl_typesupport_c__pyext[0m
[35m[1mScanning dependencies of target tier4_api_msgs__rosidl_typesupport_introspection_c__pyext[0m
[35m[1mScanning dependencies of target tier4_api_msgs__rosidl_typesupport_fastrtps_c__pyext[0m
[ 96%] [32mBuilding C object CMakeFiles/tier4_api_msgs__rosidl_typesupport_introspection_c__pyext.dir/rosidl_generator_py/tier4_api_msgs/_tier4_api_msgs_s.ep.rosidl_typesupport_introspection_c.c.o[0m
[ 96%] [32mBuilding C object CMakeFiles/tier4_api_msgs__rosidl_typesupport_c__pyext.dir/rosidl_generator_py/tier4_api_msgs/_tier4_api_msgs_s.ep.rosidl_typesupport_c.c.o[0m
[ 97%] [32mBuilding C object CMakeFiles/tier4_api_msgs__rosidl_typesupport_fastrtps_c__pyext.dir/rosidl_generator_py/tier4_api_msgs/_tier4_api_msgs_s.ep.rosidl_typesupport_fastrtps_c.c.o[0m
[ 98%] [32m[1mLinking C shared library rosidl_generator_py/tier4_api_msgs/tier4_api_msgs_s__rosidl_typesupport_c.cpython-38-x86_64-linux-gnu.so[0m
[ 99%] [32m[1mLinking CXX shared library rosidl_generator_py/tier4_api_msgs/tier4_api_msgs_s__rosidl_typesupport_fastrtps_c.cpython-38-x86_64-linux-gnu.so[0m
[100%] [32m[1mLinking C shared library rosidl_generator_py/tier4_api_msgs/tier4_api_msgs_s__rosidl_typesupport_introspection_c.cpython-38-x86_64-linux-gnu.so[0m
[100%] Built target tier4_api_msgs__rosidl_typesupport_c__pyext
[100%] Built target tier4_api_msgs__rosidl_typesupport_fastrtps_c__pyext
[100%] Built target tier4_api_msgs__rosidl_typesupport_introspection_c__pyext
-- Install configuration: "Release"
-- Execute custom install script
-- Symlinking: /home/cityu/autoware/install/tier4_api_msgs/share/ament_index/resource_index/rosidl_interfaces/tier4_api_msgs
-- Symlinking: /home/cityu/autoware/install/tier4_api_msgs/include/tier4_api_msgs/msg/awapi_autoware_status.h
-- Symlinking: /home/cityu/autoware/install/tier4_api_msgs/include/tier4_api_msgs/msg/awapi_vehicle_status.h
-- Symlinking: /home/cityu/autoware/install/tier4_api_msgs/include/tier4_api_msgs/msg/crosswalk_status.h
-- Symlinking: /home/cityu/autoware/install/tier4_api_msgs/include/tier4_api_msgs/msg/detail/awapi_autoware_status__functions.h
-- Symlinking: /home/cityu/autoware/install/tier4_api_msgs/include/tier4_api_msgs/msg/detail/awapi_autoware_status__struct.h
-- Symlinking: /home/cityu/autoware/install/tier4_api_msgs/include/tier4_api_msgs/msg/detail/awapi_autoware_status__type_support.h
-- Symlinking: /home/cityu/autoware/install/tier4_api_msgs/include/tier4_api_msgs/msg/detail/awapi_vehicle_status__functions.h
-- Symlinking: /home/cityu/autoware/install/tier4_api_msgs/include/tier4_api_msgs/msg/detail/awapi_vehicle_status__struct.h
-- Symlinking: /home/cityu/autoware/install/tier4_api_msgs/include/tier4_api_msgs/msg/detail/awapi_vehicle_status__type_support.h
-- Symlinking: /home/cityu/autoware/install/tier4_api_msgs/include/tier4_api_msgs/msg/detail/crosswalk_status__functions.h
-- Symlinking: /home/cityu/autoware/install/tier4_api_msgs/include/tier4_api_msgs/msg/detail/crosswalk_status__struct.h
-- Symlinking: /home/cityu/autoware/install/tier4_api_msgs/include/tier4_api_msgs/msg/detail/crosswalk_status__type_support.h
-- Symlinking: /home/cityu/autoware/install/tier4_api_msgs/include/tier4_api_msgs/msg/detail/door_control_command__functions.h
-- Symlinking: /home/cityu/autoware/install/tier4_api_msgs/include/tier4_api_msgs/msg/detail/door_control_command__struct.h
-- Symlinking: /home/cityu/autoware/install/tier4_api_msgs/include/tier4_api_msgs/msg/detail/door_control_command__type_support.h
-- Symlinking: /home/cityu/autoware/install/tier4_api_msgs/include/tier4_api_msgs/msg/detail/door_status__functions.h
-- Symlinking: /home/cityu/autoware/install/tier4_api_msgs/include/tier4_api_msgs/msg/detail/door_status__struct.h
-- Symlinking: /home/cityu/autoware/install/tier4_api_msgs/include/tier4_api_msgs/msg/detail/door_status__type_support.h
-- Symlinking: /home/cityu/autoware/install/tier4_api_msgs/include/tier4_api_msgs/msg/detail/euler__functions.h
-- Symlinking: /home/cityu/autoware/install/tier4_api_msgs/include/tier4_api_msgs/msg/detail/euler__struct.h
-- Symlinking: /home/cityu/autoware/install/tier4_api_msgs/include/tier4_api_msgs/msg/detail/euler__type_support.h
-- Symlinking: /home/cityu/autoware/install/tier4_api_msgs/include/tier4_api_msgs/msg/detail/intersection_status__functions.h
-- Symlinking: /home/cityu/autoware/install/tier4_api_msgs/include/tier4_api_msgs/msg/detail/intersection_status__struct.h
-- Symlinking: /home/cityu/autoware/install/tier4_api_msgs/include/tier4_api_msgs/msg/detail/intersection_status__type_support.h
-- Symlinking: /home/cityu/autoware/install/tier4_api_msgs/include/tier4_api_msgs/msg/detail/lane_change_status__functions.h
-- Symlinking: /home/cityu/autoware/install/tier4_api_msgs/include/tier4_api_msgs/msg/detail/lane_change_status__struct.h
-- Symlinking: /home/cityu/autoware/install/tier4_api_msgs/include/tier4_api_msgs/msg/detail/lane_change_status__type_support.h
-- Symlinking: /home/cityu/autoware/install/tier4_api_msgs/include/tier4_api_msgs/msg/detail/obstacle_avoidance_status__functions.h
-- Symlinking: /home/cityu/autoware/install/tier4_api_msgs/include/tier4_api_msgs/msg/detail/obstacle_avoidance_status__struct.h
-- Symlinking: /home/cityu/autoware/install/tier4_api_msgs/include/tier4_api_msgs/msg/detail/obstacle_avoidance_status__type_support.h
-- Symlinking: /home/cityu/autoware/install/tier4_api_msgs/include/tier4_api_msgs/msg/detail/stop_command__functions.h
-- Symlinking: /home/cityu/autoware/install/tier4_api_msgs/include/tier4_api_msgs/msg/detail/stop_command__struct.h
-- Symlinking: /home/cityu/autoware/install/tier4_api_msgs/include/tier4_api_msgs/msg/detail/stop_command__type_support.h
-- Symlinking: /home/cityu/autoware/install/tier4_api_msgs/include/tier4_api_msgs/msg/detail/velocity_limit__functions.h
-- Symlinking: /home/cityu/autoware/install/tier4_api_msgs/include/tier4_api_msgs/msg/detail/velocity_limit__struct.h
-- Symlinking: /home/cityu/autoware/install/tier4_api_msgs/include/tier4_api_msgs/msg/detail/velocity_limit__type_support.h
-- Symlinking: /home/cityu/autoware/install/tier4_api_msgs/include/tier4_api_msgs/msg/door_control_command.h
-- Symlinking: /home/cityu/autoware/install/tier4_api_msgs/include/tier4_api_msgs/msg/door_status.h
-- Symlinking: /home/cityu/autoware/install/tier4_api_msgs/include/tier4_api_msgs/msg/euler.h
-- Symlinking: /home/cityu/autoware/install/tier4_api_msgs/include/tier4_api_msgs/msg/intersection_status.h
-- Symlinking: /home/cityu/autoware/install/tier4_api_msgs/include/tier4_api_msgs/msg/lane_change_status.h
-- Symlinking: /home/cityu/autoware/install/tier4_api_msgs/include/tier4_api_msgs/msg/obstacle_avoidance_status.h
-- Symlinking: /home/cityu/autoware/install/tier4_api_msgs/include/tier4_api_msgs/msg/rosidl_generator_c__visibility_control.h
-- Symlinking: /home/cityu/autoware/install/tier4_api_msgs/include/tier4_api_msgs/msg/stop_command.h
-- Symlinking: /home/cityu/autoware/install/tier4_api_msgs/include/tier4_api_msgs/msg/velocity_limit.h
-- Symlinking: /home/cityu/autoware/install/tier4_api_msgs/share/tier4_api_msgs/environment/library_path.sh
-- Symlinking: /home/cityu/autoware/install/tier4_api_msgs/share/tier4_api_msgs/environment/library_path.dsv
-- Symlinking: /home/cityu/autoware/install/tier4_api_msgs/include/tier4_api_msgs/msg/detail/awapi_autoware_status__rosidl_typesupport_fastrtps_c.h
-- Symlinking: /home/cityu/autoware/install/tier4_api_msgs/include/tier4_api_msgs/msg/detail/awapi_vehicle_status__rosidl_typesupport_fastrtps_c.h
-- Symlinking: /home/cityu/autoware/install/tier4_api_msgs/include/tier4_api_msgs/msg/detail/crosswalk_status__rosidl_typesupport_fastrtps_c.h
-- Symlinking: /home/cityu/autoware/install/tier4_api_msgs/include/tier4_api_msgs/msg/detail/door_control_command__rosidl_typesupport_fastrtps_c.h
-- Symlinking: /home/cityu/autoware/install/tier4_api_msgs/include/tier4_api_msgs/msg/detail/door_status__rosidl_typesupport_fastrtps_c.h
-- Symlinking: /home/cityu/autoware/install/tier4_api_msgs/include/tier4_api_msgs/msg/detail/euler__rosidl_typesupport_fastrtps_c.h
-- Symlinking: /home/cityu/autoware/install/tier4_api_msgs/include/tier4_api_msgs/msg/detail/intersection_status__rosidl_typesupport_fastrtps_c.h
-- Symlinking: /home/cityu/autoware/install/tier4_api_msgs/include/tier4_api_msgs/msg/detail/lane_change_status__rosidl_typesupport_fastrtps_c.h
-- Symlinking: /home/cityu/autoware/install/tier4_api_msgs/include/tier4_api_msgs/msg/detail/obstacle_avoidance_status__rosidl_typesupport_fastrtps_c.h
-- Symlinking: /home/cityu/autoware/install/tier4_api_msgs/include/tier4_api_msgs/msg/detail/stop_command__rosidl_typesupport_fastrtps_c.h
-- Symlinking: /home/cityu/autoware/install/tier4_api_msgs/include/tier4_api_msgs/msg/detail/velocity_limit__rosidl_typesupport_fastrtps_c.h
-- Symlinking: /home/cityu/autoware/install/tier4_api_msgs/include/tier4_api_msgs/msg/rosidl_typesupport_fastrtps_c__visibility_control.h
-- Symlinking: /home/cityu/autoware/install/tier4_api_msgs/lib/libtier4_api_msgs__rosidl_typesupport_fastrtps_c.so
-- Symlinking: /home/cityu/autoware/install/tier4_api_msgs/include/tier4_api_msgs/msg/detail/awapi_autoware_status__rosidl_typesupport_fastrtps_cpp.hpp
-- Symlinking: /home/cityu/autoware/install/tier4_api_msgs/include/tier4_api_msgs/msg/detail/awapi_vehicle_status__rosidl_typesupport_fastrtps_cpp.hpp
-- Symlinking: /home/cityu/autoware/install/tier4_api_msgs/include/tier4_api_msgs/msg/detail/crosswalk_status__rosidl_typesupport_fastrtps_cpp.hpp
-- Symlinking: /home/cityu/autoware/install/tier4_api_msgs/include/tier4_api_msgs/msg/detail/door_control_command__rosidl_typesupport_fastrtps_cpp.hpp
-- Symlinking: /home/cityu/autoware/install/tier4_api_msgs/include/tier4_api_msgs/msg/detail/door_status__rosidl_typesupport_fastrtps_cpp.hpp
-- Symlinking: /home/cityu/autoware/install/tier4_api_msgs/include/tier4_api_msgs/msg/detail/euler__rosidl_typesupport_fastrtps_cpp.hpp
-- Symlinking: /home/cityu/autoware/install/tier4_api_msgs/include/tier4_api_msgs/msg/detail/intersection_status__rosidl_typesupport_fastrtps_cpp.hpp
-- Symlinking: /home/cityu/autoware/install/tier4_api_msgs/include/tier4_api_msgs/msg/detail/lane_change_status__rosidl_typesupport_fastrtps_cpp.hpp
-- Symlinking: /home/cityu/autoware/install/tier4_api_msgs/include/tier4_api_msgs/msg/detail/obstacle_avoidance_status__rosidl_typesupport_fastrtps_cpp.hpp
-- Symlinking: /home/cityu/autoware/install/tier4_api_msgs/include/tier4_api_msgs/msg/detail/stop_command__rosidl_typesupport_fastrtps_cpp.hpp
-- Symlinking: /home/cityu/autoware/install/tier4_api_msgs/include/tier4_api_msgs/msg/detail/velocity_limit__rosidl_typesupport_fastrtps_cpp.hpp
-- Symlinking: /home/cityu/autoware/install/tier4_api_msgs/include/tier4_api_msgs/msg/rosidl_typesupport_fastrtps_cpp__visibility_control.h
-- Symlinking: /home/cityu/autoware/install/tier4_api_msgs/lib/libtier4_api_msgs__rosidl_typesupport_fastrtps_cpp.so
-- Symlinking: /home/cityu/autoware/install/tier4_api_msgs/include/tier4_api_msgs/msg/detail/awapi_autoware_status__rosidl_typesupport_introspection_c.h
-- Symlinking: /home/cityu/autoware/install/tier4_api_msgs/include/tier4_api_msgs/msg/detail/awapi_vehicle_status__rosidl_typesupport_introspection_c.h
-- Symlinking: /home/cityu/autoware/install/tier4_api_msgs/include/tier4_api_msgs/msg/detail/crosswalk_status__rosidl_typesupport_introspection_c.h
-- Symlinking: /home/cityu/autoware/install/tier4_api_msgs/include/tier4_api_msgs/msg/detail/door_control_command__rosidl_typesupport_introspection_c.h
-- Symlinking: /home/cityu/autoware/install/tier4_api_msgs/include/tier4_api_msgs/msg/detail/door_status__rosidl_typesupport_introspection_c.h
-- Symlinking: /home/cityu/autoware/install/tier4_api_msgs/include/tier4_api_msgs/msg/detail/euler__rosidl_typesupport_introspection_c.h
-- Symlinking: /home/cityu/autoware/install/tier4_api_msgs/include/tier4_api_msgs/msg/detail/intersection_status__rosidl_typesupport_introspection_c.h
-- Symlinking: /home/cityu/autoware/install/tier4_api_msgs/include/tier4_api_msgs/msg/detail/lane_change_status__rosidl_typesupport_introspection_c.h
-- Symlinking: /home/cityu/autoware/install/tier4_api_msgs/include/tier4_api_msgs/msg/detail/obstacle_avoidance_status__rosidl_typesupport_introspection_c.h
-- Symlinking: /home/cityu/autoware/install/tier4_api_msgs/include/tier4_api_msgs/msg/detail/stop_command__rosidl_typesupport_introspection_c.h
-- Symlinking: /home/cityu/autoware/install/tier4_api_msgs/include/tier4_api_msgs/msg/detail/velocity_limit__rosidl_typesupport_introspection_c.h
-- Symlinking: /home/cityu/autoware/install/tier4_api_msgs/include/tier4_api_msgs/msg/rosidl_typesupport_introspection_c__visibility_control.h
-- Symlinking: /home/cityu/autoware/install/tier4_api_msgs/include/tier4_api_msgs/msg/awapi_autoware_status.hpp
-- Symlinking: /home/cityu/autoware/install/tier4_api_msgs/include/tier4_api_msgs/msg/awapi_vehicle_status.hpp
-- Symlinking: /home/cityu/autoware/install/tier4_api_msgs/include/tier4_api_msgs/msg/crosswalk_status.hpp
-- Symlinking: /home/cityu/autoware/install/tier4_api_msgs/include/tier4_api_msgs/msg/detail/awapi_autoware_status__builder.hpp
-- Symlinking: /home/cityu/autoware/install/tier4_api_msgs/include/tier4_api_msgs/msg/detail/awapi_autoware_status__struct.hpp
-- Symlinking: /home/cityu/autoware/install/tier4_api_msgs/include/tier4_api_msgs/msg/detail/awapi_autoware_status__traits.hpp
-- Symlinking: /home/cityu/autoware/install/tier4_api_msgs/include/tier4_api_msgs/msg/detail/awapi_vehicle_status__builder.hpp
-- Symlinking: /home/cityu/autoware/install/tier4_api_msgs/include/tier4_api_msgs/msg/detail/awapi_vehicle_status__struct.hpp
-- Symlinking: /home/cityu/autoware/install/tier4_api_msgs/include/tier4_api_msgs/msg/detail/awapi_vehicle_status__traits.hpp
-- Symlinking: /home/cityu/autoware/install/tier4_api_msgs/include/tier4_api_msgs/msg/detail/crosswalk_status__builder.hpp
-- Symlinking: /home/cityu/autoware/install/tier4_api_msgs/include/tier4_api_msgs/msg/detail/crosswalk_status__struct.hpp
-- Symlinking: /home/cityu/autoware/install/tier4_api_msgs/include/tier4_api_msgs/msg/detail/crosswalk_status__traits.hpp
-- Symlinking: /home/cityu/autoware/install/tier4_api_msgs/include/tier4_api_msgs/msg/detail/door_control_command__builder.hpp
-- Symlinking: /home/cityu/autoware/install/tier4_api_msgs/include/tier4_api_msgs/msg/detail/door_control_command__struct.hpp
-- Symlinking: /home/cityu/autoware/install/tier4_api_msgs/include/tier4_api_msgs/msg/detail/door_control_command__traits.hpp
-- Symlinking: /home/cityu/autoware/install/tier4_api_msgs/include/tier4_api_msgs/msg/detail/door_status__builder.hpp
-- Symlinking: /home/cityu/autoware/install/tier4_api_msgs/include/tier4_api_msgs/msg/detail/door_status__struct.hpp
-- Symlinking: /home/cityu/autoware/install/tier4_api_msgs/include/tier4_api_msgs/msg/detail/door_status__traits.hpp
-- Symlinking: /home/cityu/autoware/install/tier4_api_msgs/include/tier4_api_msgs/msg/detail/euler__builder.hpp
-- Symlinking: /home/cityu/autoware/install/tier4_api_msgs/include/tier4_api_msgs/msg/detail/euler__struct.hpp
-- Symlinking: /home/cityu/autoware/install/tier4_api_msgs/include/tier4_api_msgs/msg/detail/euler__traits.hpp
-- Symlinking: /home/cityu/autoware/install/tier4_api_msgs/include/tier4_api_msgs/msg/detail/intersection_status__builder.hpp
-- Symlinking: /home/cityu/autoware/install/tier4_api_msgs/include/tier4_api_msgs/msg/detail/intersection_status__struct.hpp
-- Symlinking: /home/cityu/autoware/install/tier4_api_msgs/include/tier4_api_msgs/msg/detail/intersection_status__traits.hpp
-- Symlinking: /home/cityu/autoware/install/tier4_api_msgs/include/tier4_api_msgs/msg/detail/lane_change_status__builder.hpp
-- Symlinking: /home/cityu/autoware/install/tier4_api_msgs/include/tier4_api_msgs/msg/detail/lane_change_status__struct.hpp
-- Symlinking: /home/cityu/autoware/install/tier4_api_msgs/include/tier4_api_msgs/msg/detail/lane_change_status__traits.hpp
-- Symlinking: /home/cityu/autoware/install/tier4_api_msgs/include/tier4_api_msgs/msg/detail/obstacle_avoidance_status__builder.hpp
-- Symlinking: /home/cityu/autoware/install/tier4_api_msgs/include/tier4_api_msgs/msg/detail/obstacle_avoidance_status__struct.hpp
-- Symlinking: /home/cityu/autoware/install/tier4_api_msgs/include/tier4_api_msgs/msg/detail/obstacle_avoidance_status__traits.hpp
-- Symlinking: /home/cityu/autoware/install/tier4_api_msgs/include/tier4_api_msgs/msg/detail/stop_command__builder.hpp
-- Symlinking: /home/cityu/autoware/install/tier4_api_msgs/include/tier4_api_msgs/msg/detail/stop_command__struct.hpp
-- Symlinking: /home/cityu/autoware/install/tier4_api_msgs/include/tier4_api_msgs/msg/detail/stop_command__traits.hpp
-- Symlinking: /home/cityu/autoware/install/tier4_api_msgs/include/tier4_api_msgs/msg/detail/velocity_limit__builder.hpp
-- Symlinking: /home/cityu/autoware/install/tier4_api_msgs/include/tier4_api_msgs/msg/detail/velocity_limit__struct.hpp
-- Symlinking: /home/cityu/autoware/install/tier4_api_msgs/include/tier4_api_msgs/msg/detail/velocity_limit__traits.hpp
-- Symlinking: /home/cityu/autoware/install/tier4_api_msgs/include/tier4_api_msgs/msg/door_control_command.hpp
-- Symlinking: /home/cityu/autoware/install/tier4_api_msgs/include/tier4_api_msgs/msg/door_status.hpp
-- Symlinking: /home/cityu/autoware/install/tier4_api_msgs/include/tier4_api_msgs/msg/euler.hpp
-- Symlinking: /home/cityu/autoware/install/tier4_api_msgs/include/tier4_api_msgs/msg/intersection_status.hpp
-- Symlinking: /home/cityu/autoware/install/tier4_api_msgs/include/tier4_api_msgs/msg/lane_change_status.hpp
-- Symlinking: /home/cityu/autoware/install/tier4_api_msgs/include/tier4_api_msgs/msg/obstacle_avoidance_status.hpp
-- Symlinking: /home/cityu/autoware/install/tier4_api_msgs/include/tier4_api_msgs/msg/stop_command.hpp
-- Symlinking: /home/cityu/autoware/install/tier4_api_msgs/include/tier4_api_msgs/msg/velocity_limit.hpp
-- Symlinking: /home/cityu/autoware/install/tier4_api_msgs/include/tier4_api_msgs/msg/detail/awapi_autoware_status__rosidl_typesupport_introspection_cpp.hpp
-- Symlinking: /home/cityu/autoware/install/tier4_api_msgs/include/tier4_api_msgs/msg/detail/awapi_vehicle_status__rosidl_typesupport_introspection_cpp.hpp
-- Symlinking: /home/cityu/autoware/install/tier4_api_msgs/include/tier4_api_msgs/msg/detail/crosswalk_status__rosidl_typesupport_introspection_cpp.hpp
-- Symlinking: /home/cityu/autoware/install/tier4_api_msgs/include/tier4_api_msgs/msg/detail/door_control_command__rosidl_typesupport_introspection_cpp.hpp
-- Symlinking: /home/cityu/autoware/install/tier4_api_msgs/include/tier4_api_msgs/msg/detail/door_status__rosidl_typesupport_introspection_cpp.hpp
-- Symlinking: /home/cityu/autoware/install/tier4_api_msgs/include/tier4_api_msgs/msg/detail/euler__rosidl_typesupport_introspection_cpp.hpp
-- Symlinking: /home/cityu/autoware/install/tier4_api_msgs/include/tier4_api_msgs/msg/detail/intersection_status__rosidl_typesupport_introspection_cpp.hpp
-- Symlinking: /home/cityu/autoware/install/tier4_api_msgs/include/tier4_api_msgs/msg/detail/lane_change_status__rosidl_typesupport_introspection_cpp.hpp
-- Symlinking: /home/cityu/autoware/install/tier4_api_msgs/include/tier4_api_msgs/msg/detail/obstacle_avoidance_status__rosidl_typesupport_introspection_cpp.hpp
-- Symlinking: /home/cityu/autoware/install/tier4_api_msgs/include/tier4_api_msgs/msg/detail/stop_command__rosidl_typesupport_introspection_cpp.hpp
-- Symlinking: /home/cityu/autoware/install/tier4_api_msgs/include/tier4_api_msgs/msg/detail/velocity_limit__rosidl_typesupport_introspection_cpp.hpp
-- Symlinking: /home/cityu/autoware/install/tier4_api_msgs/share/tier4_api_msgs/environment/pythonpath.sh
-- Symlinking: /home/cityu/autoware/install/tier4_api_msgs/share/tier4_api_msgs/environment/pythonpath.dsv
-- Symlinking: /home/cityu/autoware/install/tier4_api_msgs/lib/python3.8/site-packages/tier4_api_msgs/__init__.py
-- Symlinking: /home/cityu/autoware/install/tier4_api_msgs/lib/python3.8/site-packages/tier4_api_msgs/msg/__init__.py
-- Symlinking: /home/cityu/autoware/install/tier4_api_msgs/lib/python3.8/site-packages/tier4_api_msgs/msg/_awapi_autoware_status.py
-- Symlinking: /home/cityu/autoware/install/tier4_api_msgs/lib/python3.8/site-packages/tier4_api_msgs/msg/_awapi_vehicle_status.py
-- Symlinking: /home/cityu/autoware/install/tier4_api_msgs/lib/python3.8/site-packages/tier4_api_msgs/msg/_crosswalk_status.py
-- Symlinking: /home/cityu/autoware/install/tier4_api_msgs/lib/python3.8/site-packages/tier4_api_msgs/msg/_door_control_command.py
-- Symlinking: /home/cityu/autoware/install/tier4_api_msgs/lib/python3.8/site-packages/tier4_api_msgs/msg/_door_status.py
-- Symlinking: /home/cityu/autoware/install/tier4_api_msgs/lib/python3.8/site-packages/tier4_api_msgs/msg/_euler.py
-- Symlinking: /home/cityu/autoware/install/tier4_api_msgs/lib/python3.8/site-packages/tier4_api_msgs/msg/_intersection_status.py
-- Symlinking: /home/cityu/autoware/install/tier4_api_msgs/lib/python3.8/site-packages/tier4_api_msgs/msg/_lane_change_status.py
-- Symlinking: /home/cityu/autoware/install/tier4_api_msgs/lib/python3.8/site-packages/tier4_api_msgs/msg/_obstacle_avoidance_status.py
-- Symlinking: /home/cityu/autoware/install/tier4_api_msgs/lib/python3.8/site-packages/tier4_api_msgs/msg/_stop_command.py
-- Symlinking: /home/cityu/autoware/install/tier4_api_msgs/lib/python3.8/site-packages/tier4_api_msgs/msg/_velocity_limit.py
-- Symlinking: /home/cityu/autoware/install/tier4_api_msgs/lib/python3.8/site-packages/tier4_api_msgs/tier4_api_msgs_s__rosidl_typesupport_fastrtps_c.cpython-38-x86_64-linux-gnu.so
-- Symlinking: /home/cityu/autoware/install/tier4_api_msgs/lib/python3.8/site-packages/tier4_api_msgs/tier4_api_msgs_s__rosidl_typesupport_introspection_c.cpython-38-x86_64-linux-gnu.so
-- Symlinking: /home/cityu/autoware/install/tier4_api_msgs/lib/python3.8/site-packages/tier4_api_msgs/tier4_api_msgs_s__rosidl_typesupport_c.cpython-38-x86_64-linux-gnu.so
-- Symlinking: /home/cityu/autoware/install/tier4_api_msgs/lib/libtier4_api_msgs__python.so
-- Symlinking: /home/cityu/autoware/install/tier4_api_msgs/share/tier4_api_msgs/msg/AwapiAutowareStatus.idl
-- Symlinking: /home/cityu/autoware/install/tier4_api_msgs/share/tier4_api_msgs/msg/AwapiVehicleStatus.idl
-- Symlinking: /home/cityu/autoware/install/tier4_api_msgs/share/tier4_api_msgs/msg/CrosswalkStatus.idl
-- Symlinking: /home/cityu/autoware/install/tier4_api_msgs/share/tier4_api_msgs/msg/DoorControlCommand.idl
-- Symlinking: /home/cityu/autoware/install/tier4_api_msgs/share/tier4_api_msgs/msg/DoorStatus.idl
-- Symlinking: /home/cityu/autoware/install/tier4_api_msgs/share/tier4_api_msgs/msg/Euler.idl
-- Symlinking: /home/cityu/autoware/install/tier4_api_msgs/share/tier4_api_msgs/msg/IntersectionStatus.idl
-- Symlinking: /home/cityu/autoware/install/tier4_api_msgs/share/tier4_api_msgs/msg/LaneChangeStatus.idl
-- Symlinking: /home/cityu/autoware/install/tier4_api_msgs/share/tier4_api_msgs/msg/ObstacleAvoidanceStatus.idl
-- Symlinking: /home/cityu/autoware/install/tier4_api_msgs/share/tier4_api_msgs/msg/StopCommand.idl
-- Symlinking: /home/cityu/autoware/install/tier4_api_msgs/share/tier4_api_msgs/msg/VelocityLimit.idl
-- Symlinking: /home/cityu/autoware/install/tier4_api_msgs/share/tier4_api_msgs/msg/AwapiAutowareStatus.msg
-- Symlinking: /home/cityu/autoware/install/tier4_api_msgs/share/tier4_api_msgs/msg/AwapiVehicleStatus.msg
-- Symlinking: /home/cityu/autoware/install/tier4_api_msgs/share/tier4_api_msgs/msg/CrosswalkStatus.msg
-- Symlinking: /home/cityu/autoware/install/tier4_api_msgs/share/tier4_api_msgs/msg/DoorControlCommand.msg
-- Symlinking: /home/cityu/autoware/install/tier4_api_msgs/share/tier4_api_msgs/msg/DoorStatus.msg
-- Symlinking: /home/cityu/autoware/install/tier4_api_msgs/share/tier4_api_msgs/msg/Euler.msg
-- Symlinking: /home/cityu/autoware/install/tier4_api_msgs/share/tier4_api_msgs/msg/IntersectionStatus.msg
-- Symlinking: /home/cityu/autoware/install/tier4_api_msgs/share/tier4_api_msgs/msg/LaneChangeStatus.msg
-- Symlinking: /home/cityu/autoware/install/tier4_api_msgs/share/tier4_api_msgs/msg/ObstacleAvoidanceStatus.msg
-- Symlinking: /home/cityu/autoware/install/tier4_api_msgs/share/tier4_api_msgs/msg/StopCommand.msg
-- Symlinking: /home/cityu/autoware/install/tier4_api_msgs/share/tier4_api_msgs/msg/VelocityLimit.msg
-- Symlinking: /home/cityu/autoware/install/tier4_api_msgs/share/ament_index/resource_index/package_run_dependencies/tier4_api_msgs
-- Symlinking: /home/cityu/autoware/install/tier4_api_msgs/share/ament_index/resource_index/parent_prefix_path/tier4_api_msgs
-- Symlinking: /home/cityu/autoware/install/tier4_api_msgs/share/tier4_api_msgs/environment/ament_prefix_path.sh
-- Symlinking: /home/cityu/autoware/install/tier4_api_msgs/share/tier4_api_msgs/environment/ament_prefix_path.dsv
-- Symlinking: /home/cityu/autoware/install/tier4_api_msgs/share/tier4_api_msgs/environment/path.sh
-- Symlinking: /home/cityu/autoware/install/tier4_api_msgs/share/tier4_api_msgs/environment/path.dsv
-- Symlinking: /home/cityu/autoware/install/tier4_api_msgs/share/tier4_api_msgs/local_setup.bash
-- Symlinking: /home/cityu/autoware/install/tier4_api_msgs/share/tier4_api_msgs/local_setup.sh
-- Symlinking: /home/cityu/autoware/install/tier4_api_msgs/share/tier4_api_msgs/local_setup.zsh
-- Symlinking: /home/cityu/autoware/install/tier4_api_msgs/share/tier4_api_msgs/local_setup.dsv
-- Symlinking: /home/cityu/autoware/install/tier4_api_msgs/share/tier4_api_msgs/package.dsv
-- Symlinking: /home/cityu/autoware/install/tier4_api_msgs/share/ament_index/resource_index/packages/tier4_api_msgs
-- Symlinking: /home/cityu/autoware/install/tier4_api_msgs/share/tier4_api_msgs/cmake/rosidl_cmake-extras.cmake
-- Symlinking: /home/cityu/autoware/install/tier4_api_msgs/share/tier4_api_msgs/cmake/ament_cmake_export_dependencies-extras.cmake
-- Symlinking: /home/cityu/autoware/install/tier4_api_msgs/share/tier4_api_msgs/cmake/ament_cmake_export_libraries-extras.cmake
-- Symlinking: /home/cityu/autoware/install/tier4_api_msgs/share/tier4_api_msgs/cmake/ament_cmake_export_targets-extras.cmake
-- Symlinking: /home/cityu/autoware/install/tier4_api_msgs/share/tier4_api_msgs/cmake/ament_cmake_export_include_directories-extras.cmake
-- Symlinking: /home/cityu/autoware/install/tier4_api_msgs/share/tier4_api_msgs/cmake/rosidl_cmake_export_typesupport_libraries-extras.cmake
-- Symlinking: /home/cityu/autoware/install/tier4_api_msgs/share/tier4_api_msgs/cmake/rosidl_cmake_export_typesupport_targets-extras.cmake
-- Symlinking: /home/cityu/autoware/install/tier4_api_msgs/share/tier4_api_msgs/cmake/tier4_api_msgsConfig.cmake
-- Symlinking: /home/cityu/autoware/install/tier4_api_msgs/share/tier4_api_msgs/cmake/tier4_api_msgsConfig-version.cmake
-- Symlinking: /home/cityu/autoware/install/tier4_api_msgs/share/tier4_api_msgs/package.xml
-- Installing: /home/cityu/autoware/install/tier4_api_msgs/lib/libtier4_api_msgs__rosidl_generator_c.so
-- Set runtime path of "/home/cityu/autoware/install/tier4_api_msgs/lib/libtier4_api_msgs__rosidl_generator_c.so" to ""
-- Installing: /home/cityu/autoware/install/tier4_api_msgs/lib/libtier4_api_msgs__rosidl_typesupport_introspection_c.so
-- Set runtime path of "/home/cityu/autoware/install/tier4_api_msgs/lib/libtier4_api_msgs__rosidl_typesupport_introspection_c.so" to ""
-- Installing: /home/cityu/autoware/install/tier4_api_msgs/lib/libtier4_api_msgs__rosidl_typesupport_c.so
-- Set runtime path of "/home/cityu/autoware/install/tier4_api_msgs/lib/libtier4_api_msgs__rosidl_typesupport_c.so" to ""
-- Installing: /home/cityu/autoware/install/tier4_api_msgs/lib/libtier4_api_msgs__rosidl_typesupport_introspection_cpp.so
-- Set runtime path of "/home/cityu/autoware/install/tier4_api_msgs/lib/libtier4_api_msgs__rosidl_typesupport_introspection_cpp.so" to ""
-- Installing: /home/cityu/autoware/install/tier4_api_msgs/lib/libtier4_api_msgs__rosidl_typesupport_cpp.so
-- Set runtime path of "/home/cityu/autoware/install/tier4_api_msgs/lib/libtier4_api_msgs__rosidl_typesupport_cpp.so" to ""
Compiling '/home/cityu/autoware/install/tier4_api_msgs/lib/python3.8/site-packages/tier4_api_msgs/__init__.py'...
-- Installing: /home/cityu/autoware/install/tier4_api_msgs/share/tier4_api_msgs/cmake/tier4_api_msgs__rosidl_generator_cExport.cmake
-- Installing: /home/cityu/autoware/install/tier4_api_msgs/share/tier4_api_msgs/cmake/tier4_api_msgs__rosidl_generator_cExport-release.cmake
-- Installing: /home/cityu/autoware/install/tier4_api_msgs/share/tier4_api_msgs/cmake/tier4_api_msgs__rosidl_typesupport_introspection_cExport.cmake
-- Installing: /home/cityu/autoware/install/tier4_api_msgs/share/tier4_api_msgs/cmake/tier4_api_msgs__rosidl_typesupport_introspection_cExport-release.cmake
-- Installing: /home/cityu/autoware/install/tier4_api_msgs/share/tier4_api_msgs/cmake/tier4_api_msgs__rosidl_typesupport_cExport.cmake
-- Installing: /home/cityu/autoware/install/tier4_api_msgs/share/tier4_api_msgs/cmake/tier4_api_msgs__rosidl_typesupport_cExport-release.cmake
-- Installing: /home/cityu/autoware/install/tier4_api_msgs/share/tier4_api_msgs/cmake/tier4_api_msgs__rosidl_generator_cppExport.cmake
-- Installing: /home/cityu/autoware/install/tier4_api_msgs/share/tier4_api_msgs/cmake/tier4_api_msgs__rosidl_typesupport_introspection_cppExport.cmake
-- Installing: /home/cityu/autoware/install/tier4_api_msgs/share/tier4_api_msgs/cmake/tier4_api_msgs__rosidl_typesupport_introspection_cppExport-release.cmake
-- Installing: /home/cityu/autoware/install/tier4_api_msgs/share/tier4_api_msgs/cmake/tier4_api_msgs__rosidl_typesupport_cppExport.cmake
-- Installing: /home/cityu/autoware/install/tier4_api_msgs/share/tier4_api_msgs/cmake/tier4_api_msgs__rosidl_typesupport_cppExport-release.cmake
