[0.098s] Invoking command in '/home/cityu/autoware/build/rtc_manager_rviz_plugin': AMENT_PREFIX_PATH=/home/cityu/autoware/install/autoware_cmake:/home/cityu/autoware/install/tier4_rtc_msgs:/home/cityu/autoware/install/tier4_planning_msgs:/home/cityu/autoware/install/tier4_external_api_msgs:/home/cityu/autoware/install/autoware_lint_common:${AMENT_PREFIX_PATH} CMAKE_PREFIX_PATH=/home/cityu/autoware/install/autoware_cmake:/home/cityu/autoware/install/tier4_rtc_msgs:/home/cityu/autoware/install/tier4_planning_msgs:/home/cityu/autoware/install/tier4_external_api_msgs:/home/cityu/autoware/install/autoware_lint_common:/opt/ros/galactic LD_LIBRARY_PATH=/home/cityu/autoware/install/tier4_rtc_msgs/lib:/home/cityu/autoware/install/tier4_planning_msgs/lib:/home/cityu/autoware/install/tier4_external_api_msgs/lib:${LD_LIBRARY_PATH} PYTHONPATH=/home/cityu/autoware/install/tier4_rtc_msgs/lib/python3.8/site-packages:/home/cityu/autoware/install/tier4_planning_msgs/lib/python3.8/site-packages:/home/cityu/autoware/install/tier4_external_api_msgs/lib/python3.8/site-packages:${PYTHONPATH} /usr/bin/cmake /home/cityu/autoware/src/universe/autoware.universe/common/rtc_manager_rviz_plugin -DCMAKE_BUILD_TYPE=Release -DDOWNLOAD_ARTIFACTS=ON -DAMENT_CMAKE_SYMLINK_INSTALL=1 -DCMAKE_INSTALL_PREFIX=/home/cityu/autoware/install/rtc_manager_rviz_plugin
[1.754s] -- Found autoware_cmake: 0.1.0 (/home/cityu/autoware/install/autoware_cmake/share/autoware_cmake/cmake)
[1.755s] -- Found ament_cmake_auto: 1.1.6 (/opt/ros/galactic/share/ament_cmake_auto/cmake)
[1.755s] -- Using PYTHON_EXECUTABLE: /usr/bin/python3
[1.755s] -- Override CMake install command with custom implementation using symlinks instead of copying resources
[1.755s] -- Using all available rosidl_typesupport_c: rosidl_typesupport_fastrtps_c;rosidl_typesupport_introspection_c
[1.755s] -- Found rosidl_adapter: 2.2.3 (/opt/ros/galactic/share/rosidl_adapter/cmake)
[1.755s] -- Using all available rosidl_typesupport_cpp: rosidl_typesupport_fastrtps_cpp;rosidl_typesupport_introspection_cpp
[1.755s] -- Found rmw_implementation_cmake: 3.3.1 (/opt/ros/galactic/share/rmw_implementation_cmake/cmake)
[1.755s] -- Found rmw_cyclonedds_cpp: 0.22.6 (/opt/ros/galactic/share/rmw_cyclonedds_cpp/cmake)
[1.755s] -- Using RMW implementation 'rmw_cyclonedds_cpp' as default
[1.755s] -- Setting OGRE_DIR to: '/opt/ros/galactic/share/rviz_ogre_vendor/cmake/../../../opt/rviz_ogre_vendor/lib/OGRE/cmake'
[1.756s] -- Found OGRE
[1.756s] --   static     : OFF
[1.756s] --   components : HLMS;MeshLodGenerator;Overlay;Paging;Property;RTShaderSystem;Terrain;Volume
[1.756s] --   plugins    : Plugin_BSPSceneManager;Plugin_OctreeSceneManager;Plugin_PCZSceneManager;Plugin_ParticleFX;RenderSystem_GL;RenderSystem_GL3Plus;Codec_STBI
[1.756s] --   media      : /opt/ros/galactic/opt/rviz_ogre_vendor/share/OGRE/Media
[1.756s] -- OGRE_LIBRARIES: OgreHLMS;OgreMeshLodGenerator;OgreOverlay;OgrePaging;OgreProperty;OgreRTShaderSystem;OgreTerrain;OgreVolume;OgreMain
[1.756s] -- OGRE_LIBRARY_DIRS: /opt/ros/galactic/opt/rviz_ogre_vendor/lib
[1.756s] -- OGRE_PLUGINS: Plugin_BSPSceneManager;Plugin_OctreeSceneManager;Plugin_PCZSceneManager;Plugin_ParticleFX;RenderSystem_GL;RenderSystem_GL3Plus;Codec_STBI
[1.756s] -- OGRE_PLUGIN_DIR: /opt/ros/galactic/opt/rviz_ogre_vendor/lib/OGRE
[1.756s] -- rviz_ogre_vendor::OgreOverlay for IMPORTED_LOCATION_RELEASE: /opt/ros/galactic/opt/rviz_ogre_vendor/lib/libOgreOverlay.so
[1.756s] -- rviz_ogre_vendor::OgreOverlay for IMPORTED_LOCATION_DEBUG: /opt/ros/galactic/opt/rviz_ogre_vendor/lib/libOgreOverlay.so
[1.757s] -- rviz_ogre_vendor::OgreMain for IMPORTED_LOCATION_RELEASE: /opt/ros/galactic/opt/rviz_ogre_vendor/lib/libOgreMain.so
[1.757s] -- rviz_ogre_vendor::OgreMain for IMPORTED_LOCATION_DEBUG: /opt/ros/galactic/opt/rviz_ogre_vendor/lib/libOgreMain.so
[1.757s] -- Could not find freeimage library
[1.757s] -- rviz_ogre_vendor::RenderSystem_GL for IMPORTED_LOCATION_RELEASE: _render_system_gl_static_library_abs-NOTFOUND
[1.757s] -- rviz_ogre_vendor::RenderSystem_GL for IMPORTED_LOCATION_DEBUG: _render_system_gl_static_library_abs-NOTFOUND
[1.758s] -- library: libassimp.so.5
[1.758s] -- library: /usr/lib/x86_64-linux-gnu/libcurl.so
[3.218s] -- Found ament_lint_auto: 0.10.7 (/opt/ros/galactic/share/ament_lint_auto/cmake)
[3.241s] -- Added test 'copyright' to check source files copyright and LICENSE
[3.248s] -- Added test 'cppcheck' to perform static code analysis on C / C++ code
[3.248s] -- Configured cppcheck include dirs: 
[3.248s] -- Configured cppcheck exclude dirs and/or files: 
[3.249s] -- Added test 'lint_cmake' to check CMake code style
[3.249s] -- Added test 'xmllint' to check XML markup files
[3.256s] -- Configuring done
[3.333s] CMake Warning:
[3.333s]   Manually-specified variables were not used by the project:
[3.333s] 
[3.334s]     DOWNLOAD_ARTIFACTS
[3.334s] 
[3.334s] 
[3.334s] -- Generating done
[3.334s] -- Build files have been written to: /home/cityu/autoware/build/rtc_manager_rviz_plugin
[3.468s] Invoked command in '/home/cityu/autoware/build/rtc_manager_rviz_plugin' returned '0': AMENT_PREFIX_PATH=/home/cityu/autoware/install/autoware_cmake:/home/cityu/autoware/install/tier4_rtc_msgs:/home/cityu/autoware/install/tier4_planning_msgs:/home/cityu/autoware/install/tier4_external_api_msgs:/home/cityu/autoware/install/autoware_lint_common:${AMENT_PREFIX_PATH} CMAKE_PREFIX_PATH=/home/cityu/autoware/install/autoware_cmake:/home/cityu/autoware/install/tier4_rtc_msgs:/home/cityu/autoware/install/tier4_planning_msgs:/home/cityu/autoware/install/tier4_external_api_msgs:/home/cityu/autoware/install/autoware_lint_common:/opt/ros/galactic LD_LIBRARY_PATH=/home/cityu/autoware/install/tier4_rtc_msgs/lib:/home/cityu/autoware/install/tier4_planning_msgs/lib:/home/cityu/autoware/install/tier4_external_api_msgs/lib:${LD_LIBRARY_PATH} PYTHONPATH=/home/cityu/autoware/install/tier4_rtc_msgs/lib/python3.8/site-packages:/home/cityu/autoware/install/tier4_planning_msgs/lib/python3.8/site-packages:/home/cityu/autoware/install/tier4_external_api_msgs/lib/python3.8/site-packages:${PYTHONPATH} /usr/bin/cmake /home/cityu/autoware/src/universe/autoware.universe/common/rtc_manager_rviz_plugin -DCMAKE_BUILD_TYPE=Release -DDOWNLOAD_ARTIFACTS=ON -DAMENT_CMAKE_SYMLINK_INSTALL=1 -DCMAKE_INSTALL_PREFIX=/home/cityu/autoware/install/rtc_manager_rviz_plugin
[3.475s] Invoking command in '/home/cityu/autoware/build/rtc_manager_rviz_plugin': AMENT_PREFIX_PATH=/home/cityu/autoware/install/autoware_cmake:/home/cityu/autoware/install/tier4_rtc_msgs:/home/cityu/autoware/install/tier4_planning_msgs:/home/cityu/autoware/install/tier4_external_api_msgs:/home/cityu/autoware/install/autoware_lint_common:${AMENT_PREFIX_PATH} CMAKE_PREFIX_PATH=/home/cityu/autoware/install/autoware_cmake:/home/cityu/autoware/install/tier4_rtc_msgs:/home/cityu/autoware/install/tier4_planning_msgs:/home/cityu/autoware/install/tier4_external_api_msgs:/home/cityu/autoware/install/autoware_lint_common:/opt/ros/galactic LD_LIBRARY_PATH=/home/cityu/autoware/install/tier4_rtc_msgs/lib:/home/cityu/autoware/install/tier4_planning_msgs/lib:/home/cityu/autoware/install/tier4_external_api_msgs/lib:${LD_LIBRARY_PATH} PYTHONPATH=/home/cityu/autoware/install/tier4_rtc_msgs/lib/python3.8/site-packages:/home/cityu/autoware/install/tier4_planning_msgs/lib/python3.8/site-packages:/home/cityu/autoware/install/tier4_external_api_msgs/lib/python3.8/site-packages:${PYTHONPATH} /usr/bin/cmake --build /home/cityu/autoware/build/rtc_manager_rviz_plugin -- -j16 -l16
[3.577s] [ 25%] [34m[1mAutomatic MOC for target rtc_manager_rviz_plugin[0m
[3.622s] [ 25%] Built target rtc_manager_rviz_plugin_autogen
[3.700s] [ 50%] [32m[1mLinking CXX shared library librtc_manager_rviz_plugin.so[0m
[6.431s] [100%] Built target rtc_manager_rviz_plugin
[6.448s] Invoked command in '/home/cityu/autoware/build/rtc_manager_rviz_plugin' returned '0': AMENT_PREFIX_PATH=/home/cityu/autoware/install/autoware_cmake:/home/cityu/autoware/install/tier4_rtc_msgs:/home/cityu/autoware/install/tier4_planning_msgs:/home/cityu/autoware/install/tier4_external_api_msgs:/home/cityu/autoware/install/autoware_lint_common:${AMENT_PREFIX_PATH} CMAKE_PREFIX_PATH=/home/cityu/autoware/install/autoware_cmake:/home/cityu/autoware/install/tier4_rtc_msgs:/home/cityu/autoware/install/tier4_planning_msgs:/home/cityu/autoware/install/tier4_external_api_msgs:/home/cityu/autoware/install/autoware_lint_common:/opt/ros/galactic LD_LIBRARY_PATH=/home/cityu/autoware/install/tier4_rtc_msgs/lib:/home/cityu/autoware/install/tier4_planning_msgs/lib:/home/cityu/autoware/install/tier4_external_api_msgs/lib:${LD_LIBRARY_PATH} PYTHONPATH=/home/cityu/autoware/install/tier4_rtc_msgs/lib/python3.8/site-packages:/home/cityu/autoware/install/tier4_planning_msgs/lib/python3.8/site-packages:/home/cityu/autoware/install/tier4_external_api_msgs/lib/python3.8/site-packages:${PYTHONPATH} /usr/bin/cmake --build /home/cityu/autoware/build/rtc_manager_rviz_plugin -- -j16 -l16
[6.540s] Invoking command in '/home/cityu/autoware/build/rtc_manager_rviz_plugin': AMENT_PREFIX_PATH=/home/cityu/autoware/install/autoware_cmake:/home/cityu/autoware/install/tier4_rtc_msgs:/home/cityu/autoware/install/tier4_planning_msgs:/home/cityu/autoware/install/tier4_external_api_msgs:/home/cityu/autoware/install/autoware_lint_common:${AMENT_PREFIX_PATH} CMAKE_PREFIX_PATH=/home/cityu/autoware/install/autoware_cmake:/home/cityu/autoware/install/tier4_rtc_msgs:/home/cityu/autoware/install/tier4_planning_msgs:/home/cityu/autoware/install/tier4_external_api_msgs:/home/cityu/autoware/install/autoware_lint_common:/opt/ros/galactic LD_LIBRARY_PATH=/home/cityu/autoware/install/tier4_rtc_msgs/lib:/home/cityu/autoware/install/tier4_planning_msgs/lib:/home/cityu/autoware/install/tier4_external_api_msgs/lib:${LD_LIBRARY_PATH} PYTHONPATH=/home/cityu/autoware/install/tier4_rtc_msgs/lib/python3.8/site-packages:/home/cityu/autoware/install/tier4_planning_msgs/lib/python3.8/site-packages:/home/cityu/autoware/install/tier4_external_api_msgs/lib/python3.8/site-packages:${PYTHONPATH} /usr/bin/cmake --install /home/cityu/autoware/build/rtc_manager_rviz_plugin
[7.390s] -- Install configuration: "Release"
[7.390s] -- Execute custom install script
[7.390s] -- Up-to-date symlink: /home/cityu/autoware/install/rtc_manager_rviz_plugin/share/rtc_manager_rviz_plugin/plugins/plugin_description.xml
[7.390s] -- Up-to-date symlink: /home/cityu/autoware/install/rtc_manager_rviz_plugin/share/rtc_manager_rviz_plugin/environment/library_path.sh
[7.390s] -- Up-to-date symlink: /home/cityu/autoware/install/rtc_manager_rviz_plugin/share/rtc_manager_rviz_plugin/environment/library_path.dsv
[7.390s] -- Up-to-date symlink: /home/cityu/autoware/install/rtc_manager_rviz_plugin/lib/librtc_manager_rviz_plugin.so
[7.391s] -- Up-to-date symlink: /home/cityu/autoware/install/rtc_manager_rviz_plugin/share/rtc_manager_rviz_plugin/icons/classes/RTCManagerPanel.png
[7.391s] -- Up-to-date symlink: /home/cityu/autoware/install/rtc_manager_rviz_plugin/share/rtc_manager_rviz_plugin/plugins/plugin_description.xml
[7.391s] -- Up-to-date symlink: /home/cityu/autoware/install/rtc_manager_rviz_plugin/share/ament_index/resource_index/package_run_dependencies/rtc_manager_rviz_plugin
[7.391s] -- Up-to-date symlink: /home/cityu/autoware/install/rtc_manager_rviz_plugin/share/ament_index/resource_index/parent_prefix_path/rtc_manager_rviz_plugin
[7.391s] -- Up-to-date symlink: /home/cityu/autoware/install/rtc_manager_rviz_plugin/share/rtc_manager_rviz_plugin/environment/ament_prefix_path.sh
[7.391s] -- Up-to-date symlink: /home/cityu/autoware/install/rtc_manager_rviz_plugin/share/rtc_manager_rviz_plugin/environment/ament_prefix_path.dsv
[7.391s] -- Up-to-date symlink: /home/cityu/autoware/install/rtc_manager_rviz_plugin/share/rtc_manager_rviz_plugin/environment/path.sh
[7.391s] -- Up-to-date symlink: /home/cityu/autoware/install/rtc_manager_rviz_plugin/share/rtc_manager_rviz_plugin/environment/path.dsv
[7.391s] -- Up-to-date symlink: /home/cityu/autoware/install/rtc_manager_rviz_plugin/share/rtc_manager_rviz_plugin/local_setup.bash
[7.391s] -- Up-to-date symlink: /home/cityu/autoware/install/rtc_manager_rviz_plugin/share/rtc_manager_rviz_plugin/local_setup.sh
[7.391s] -- Up-to-date symlink: /home/cityu/autoware/install/rtc_manager_rviz_plugin/share/rtc_manager_rviz_plugin/local_setup.zsh
[7.392s] -- Up-to-date symlink: /home/cityu/autoware/install/rtc_manager_rviz_plugin/share/rtc_manager_rviz_plugin/local_setup.dsv
[7.392s] -- Symlinking: /home/cityu/autoware/install/rtc_manager_rviz_plugin/share/rtc_manager_rviz_plugin/package.dsv
[7.392s] -- Up-to-date symlink: /home/cityu/autoware/install/rtc_manager_rviz_plugin/share/ament_index/resource_index/packages/rtc_manager_rviz_plugin
[7.392s] -- Up-to-date symlink: /home/cityu/autoware/install/rtc_manager_rviz_plugin/share/ament_index/resource_index/rviz_common__pluginlib__plugin/rtc_manager_rviz_plugin
[7.392s] -- Up-to-date symlink: /home/cityu/autoware/install/rtc_manager_rviz_plugin/share/rtc_manager_rviz_plugin/cmake/ament_cmake_export_dependencies-extras.cmake
[7.392s] -- Up-to-date symlink: /home/cityu/autoware/install/rtc_manager_rviz_plugin/share/rtc_manager_rviz_plugin/cmake/ament_cmake_export_libraries-extras.cmake
[7.392s] -- Up-to-date symlink: /home/cityu/autoware/install/rtc_manager_rviz_plugin/share/rtc_manager_rviz_plugin/cmake/rtc_manager_rviz_pluginConfig.cmake
[7.392s] -- Up-to-date symlink: /home/cityu/autoware/install/rtc_manager_rviz_plugin/share/rtc_manager_rviz_plugin/cmake/rtc_manager_rviz_pluginConfig-version.cmake
[7.392s] -- Up-to-date symlink: /home/cityu/autoware/install/rtc_manager_rviz_plugin/share/rtc_manager_rviz_plugin/package.xml
[7.509s] Invoked command in '/home/cityu/autoware/build/rtc_manager_rviz_plugin' returned '0': AMENT_PREFIX_PATH=/home/cityu/autoware/install/autoware_cmake:/home/cityu/autoware/install/tier4_rtc_msgs:/home/cityu/autoware/install/tier4_planning_msgs:/home/cityu/autoware/install/tier4_external_api_msgs:/home/cityu/autoware/install/autoware_lint_common:${AMENT_PREFIX_PATH} CMAKE_PREFIX_PATH=/home/cityu/autoware/install/autoware_cmake:/home/cityu/autoware/install/tier4_rtc_msgs:/home/cityu/autoware/install/tier4_planning_msgs:/home/cityu/autoware/install/tier4_external_api_msgs:/home/cityu/autoware/install/autoware_lint_common:/opt/ros/galactic LD_LIBRARY_PATH=/home/cityu/autoware/install/tier4_rtc_msgs/lib:/home/cityu/autoware/install/tier4_planning_msgs/lib:/home/cityu/autoware/install/tier4_external_api_msgs/lib:${LD_LIBRARY_PATH} PYTHONPATH=/home/cityu/autoware/install/tier4_rtc_msgs/lib/python3.8/site-packages:/home/cityu/autoware/install/tier4_planning_msgs/lib/python3.8/site-packages:/home/cityu/autoware/install/tier4_external_api_msgs/lib/python3.8/site-packages:${PYTHONPATH} /usr/bin/cmake --install /home/cityu/autoware/build/rtc_manager_rviz_plugin
