-- Found ament_cmake_auto: 1.1.6 (/opt/ros/galactic/share/ament_cmake_auto/cmake)
-- Using PYTHON_EXECUTABLE: /usr/bin/python3
-- Override CMake install command with custom implementation using symlinks instead of copying resources
-- Found ament_lint_auto: 0.10.7 (/opt/ros/galactic/share/ament_lint_auto/cmake)
-- Added test 'copyright' to check source files copyright and LICENSE
-- Added test 'lint_cmake' to check CMake code style
-- Added test 'xmllint' to check XML markup files
-- Configuring done
-- Generating done
CMake Warning:
  Manually-specified variables were not used by the project:

    DOWNLOAD_ARTIFACTS


-- Build files have been written to: /home/cityu/autoware/build/autoware_cmake
-- Install configuration: "Release"
-- Execute custom install script
-- Up-to-date symlink: /home/cityu/autoware/install/autoware_cmake/share/autoware_cmake/cmake/autoware_package.cmake
-- Up-to-date symlink: /home/cityu/autoware/install/autoware_cmake/share/ament_index/resource_index/package_run_dependencies/autoware_cmake
-- Up-to-date symlink: /home/cityu/autoware/install/autoware_cmake/share/ament_index/resource_index/parent_prefix_path/autoware_cmake
-- Up-to-date symlink: /home/cityu/autoware/install/autoware_cmake/share/autoware_cmake/environment/ament_prefix_path.sh
-- Up-to-date symlink: /home/cityu/autoware/install/autoware_cmake/share/autoware_cmake/environment/ament_prefix_path.dsv
-- Up-to-date symlink: /home/cityu/autoware/install/autoware_cmake/share/autoware_cmake/environment/path.sh
-- Up-to-date symlink: /home/cityu/autoware/install/autoware_cmake/share/autoware_cmake/environment/path.dsv
-- Up-to-date symlink: /home/cityu/autoware/install/autoware_cmake/share/autoware_cmake/local_setup.bash
-- Up-to-date symlink: /home/cityu/autoware/install/autoware_cmake/share/autoware_cmake/local_setup.sh
-- Up-to-date symlink: /home/cityu/autoware/install/autoware_cmake/share/autoware_cmake/local_setup.zsh
-- Up-to-date symlink: /home/cityu/autoware/install/autoware_cmake/share/autoware_cmake/local_setup.dsv
-- Symlinking: /home/cityu/autoware/install/autoware_cmake/share/autoware_cmake/package.dsv
-- Up-to-date symlink: /home/cityu/autoware/install/autoware_cmake/share/ament_index/resource_index/packages/autoware_cmake
-- Up-to-date symlink: /home/cityu/autoware/install/autoware_cmake/share/autoware_cmake/cmake/autoware_cmake-extras.cmake
-- Up-to-date symlink: /home/cityu/autoware/install/autoware_cmake/share/autoware_cmake/cmake/autoware_cmakeConfig.cmake
-- Up-to-date symlink: /home/cityu/autoware/install/autoware_cmake/share/autoware_cmake/cmake/autoware_cmakeConfig-version.cmake
-- Up-to-date symlink: /home/cityu/autoware/install/autoware_cmake/share/autoware_cmake/package.xml
