[0.324s] Invoking command in '/home/cityu/autoware/build/grid_map_rviz_plugin': AMENT_PREFIX_PATH=/home/cityu/autoware/install/grid_map_ros:/home/cityu/autoware/install/grid_map_cv:/home/cityu/autoware/install/grid_map_msgs:/home/cityu/autoware/install/grid_map_core:/home/cityu/autoware/install/grid_map_cmake_helpers:${AMENT_PREFIX_PATH} CMAKE_PREFIX_PATH=/home/cityu/autoware/install/grid_map_ros:/home/cityu/autoware/install/grid_map_cv:/home/cityu/autoware/install/grid_map_msgs:/home/cityu/autoware/install/grid_map_core:/home/cityu/autoware/install/grid_map_cmake_helpers:/opt/ros/galactic LD_LIBRARY_PATH=/home/cityu/autoware/install/grid_map_ros/lib:/home/cityu/autoware/install/grid_map_cv/lib:/home/cityu/autoware/install/grid_map_msgs/lib:/home/cityu/autoware/install/grid_map_core/lib:${LD_LIBRARY_PATH} PYTHONPATH=/home/cityu/autoware/install/grid_map_msgs/lib/python3.8/site-packages:${PYTHONPATH} /usr/bin/cmake --build /home/cityu/autoware/build/grid_map_rviz_plugin -- -j16 -l16
[0.366s] [ 14%] [34m[1mAutomatic MOC for target grid_map_rviz_plugin[0m
[0.379s] [ 14%] Built target grid_map_rviz_plugin_autogen
[0.447s] [100%] Built target grid_map_rviz_plugin
[0.647s] Invoked command in '/home/cityu/autoware/build/grid_map_rviz_plugin' returned '0': AMENT_PREFIX_PATH=/home/cityu/autoware/install/grid_map_ros:/home/cityu/autoware/install/grid_map_cv:/home/cityu/autoware/install/grid_map_msgs:/home/cityu/autoware/install/grid_map_core:/home/cityu/autoware/install/grid_map_cmake_helpers:${AMENT_PREFIX_PATH} CMAKE_PREFIX_PATH=/home/cityu/autoware/install/grid_map_ros:/home/cityu/autoware/install/grid_map_cv:/home/cityu/autoware/install/grid_map_msgs:/home/cityu/autoware/install/grid_map_core:/home/cityu/autoware/install/grid_map_cmake_helpers:/opt/ros/galactic LD_LIBRARY_PATH=/home/cityu/autoware/install/grid_map_ros/lib:/home/cityu/autoware/install/grid_map_cv/lib:/home/cityu/autoware/install/grid_map_msgs/lib:/home/cityu/autoware/install/grid_map_core/lib:${LD_LIBRARY_PATH} PYTHONPATH=/home/cityu/autoware/install/grid_map_msgs/lib/python3.8/site-packages:${PYTHONPATH} /usr/bin/cmake --build /home/cityu/autoware/build/grid_map_rviz_plugin -- -j16 -l16
[0.829s] Invoking command in '/home/cityu/autoware/build/grid_map_rviz_plugin': AMENT_PREFIX_PATH=/home/cityu/autoware/install/grid_map_ros:/home/cityu/autoware/install/grid_map_cv:/home/cityu/autoware/install/grid_map_msgs:/home/cityu/autoware/install/grid_map_core:/home/cityu/autoware/install/grid_map_cmake_helpers:${AMENT_PREFIX_PATH} CMAKE_PREFIX_PATH=/home/cityu/autoware/install/grid_map_ros:/home/cityu/autoware/install/grid_map_cv:/home/cityu/autoware/install/grid_map_msgs:/home/cityu/autoware/install/grid_map_core:/home/cityu/autoware/install/grid_map_cmake_helpers:/opt/ros/galactic LD_LIBRARY_PATH=/home/cityu/autoware/install/grid_map_ros/lib:/home/cityu/autoware/install/grid_map_cv/lib:/home/cityu/autoware/install/grid_map_msgs/lib:/home/cityu/autoware/install/grid_map_core/lib:${LD_LIBRARY_PATH} PYTHONPATH=/home/cityu/autoware/install/grid_map_msgs/lib/python3.8/site-packages:${PYTHONPATH} /usr/bin/cmake --install /home/cityu/autoware/build/grid_map_rviz_plugin
[0.921s] -- Install configuration: "Release"
[0.928s] -- Execute custom install script
[0.929s] -- Up-to-date symlink: /home/cityu/autoware/install/grid_map_rviz_plugin/share/grid_map_rviz_plugin//plugin_description.xml
[0.929s] -- Up-to-date symlink: /home/cityu/autoware/install/grid_map_rviz_plugin/include/grid_map_rviz_plugin/GridMapDisplay.hpp
[0.929s] -- Up-to-date symlink: /home/cityu/autoware/install/grid_map_rviz_plugin/include/grid_map_rviz_plugin/GridMapVisual.hpp
[0.930s] -- Up-to-date symlink: /home/cityu/autoware/install/grid_map_rviz_plugin/share/grid_map_rviz_plugin/plugin_description.xml
[0.930s] -- Up-to-date symlink: /home/cityu/autoware/install/grid_map_rviz_plugin/share/grid_map_rviz_plugin/icons/icons/classes/GridMap.png
[0.930s] -- Up-to-date symlink: /home/cityu/autoware/install/grid_map_rviz_plugin/share/grid_map_rviz_plugin/doc/grid_map_rviz_plugin.png
[0.930s] -- Up-to-date symlink: /home/cityu/autoware/install/grid_map_rviz_plugin/share/grid_map_rviz_plugin/doc/grid_map_rviz_plugin_example.png
[0.930s] -- Up-to-date symlink: /home/cityu/autoware/install/grid_map_rviz_plugin/share/grid_map_rviz_plugin/environment/library_path.sh
[0.930s] -- Up-to-date symlink: /home/cityu/autoware/install/grid_map_rviz_plugin/share/grid_map_rviz_plugin/environment/library_path.dsv
[0.930s] -- Up-to-date symlink: /home/cityu/autoware/install/grid_map_rviz_plugin/share/ament_index/resource_index/package_run_dependencies/grid_map_rviz_plugin
[0.930s] -- Up-to-date symlink: /home/cityu/autoware/install/grid_map_rviz_plugin/share/ament_index/resource_index/parent_prefix_path/grid_map_rviz_plugin
[0.930s] -- Up-to-date symlink: /home/cityu/autoware/install/grid_map_rviz_plugin/share/grid_map_rviz_plugin/environment/ament_prefix_path.sh
[0.930s] -- Up-to-date symlink: /home/cityu/autoware/install/grid_map_rviz_plugin/share/grid_map_rviz_plugin/environment/ament_prefix_path.dsv
[0.930s] -- Up-to-date symlink: /home/cityu/autoware/install/grid_map_rviz_plugin/share/grid_map_rviz_plugin/environment/path.sh
[0.930s] -- Up-to-date symlink: /home/cityu/autoware/install/grid_map_rviz_plugin/share/grid_map_rviz_plugin/environment/path.dsv
[0.930s] -- Up-to-date symlink: /home/cityu/autoware/install/grid_map_rviz_plugin/share/grid_map_rviz_plugin/local_setup.bash
[0.930s] -- Up-to-date symlink: /home/cityu/autoware/install/grid_map_rviz_plugin/share/grid_map_rviz_plugin/local_setup.sh
[0.931s] -- Up-to-date symlink: /home/cityu/autoware/install/grid_map_rviz_plugin/share/grid_map_rviz_plugin/local_setup.zsh
[0.931s] -- Up-to-date symlink: /home/cityu/autoware/install/grid_map_rviz_plugin/share/grid_map_rviz_plugin/local_setup.dsv
[0.931s] -- Symlinking: /home/cityu/autoware/install/grid_map_rviz_plugin/share/grid_map_rviz_plugin/package.dsv
[0.931s] -- Up-to-date symlink: /home/cityu/autoware/install/grid_map_rviz_plugin/share/ament_index/resource_index/packages/grid_map_rviz_plugin
[0.931s] -- Up-to-date symlink: /home/cityu/autoware/install/grid_map_rviz_plugin/share/ament_index/resource_index/rviz_common__pluginlib__plugin/grid_map_rviz_plugin
[0.931s] -- Up-to-date symlink: /home/cityu/autoware/install/grid_map_rviz_plugin/share/grid_map_rviz_plugin/cmake/ament_cmake_export_include_directories-extras.cmake
[0.931s] -- Up-to-date symlink: /home/cityu/autoware/install/grid_map_rviz_plugin/share/grid_map_rviz_plugin/cmake/ament_cmake_export_targets-extras.cmake
[0.931s] -- Up-to-date symlink: /home/cityu/autoware/install/grid_map_rviz_plugin/share/grid_map_rviz_plugin/cmake/ament_cmake_export_dependencies-extras.cmake
[0.931s] -- Up-to-date symlink: /home/cityu/autoware/install/grid_map_rviz_plugin/share/grid_map_rviz_plugin/cmake/grid_map_rviz_pluginConfig.cmake
[0.931s] -- Up-to-date symlink: /home/cityu/autoware/install/grid_map_rviz_plugin/share/grid_map_rviz_plugin/cmake/grid_map_rviz_pluginConfig-version.cmake
[0.932s] -- Up-to-date symlink: /home/cityu/autoware/install/grid_map_rviz_plugin/share/grid_map_rviz_plugin/package.xml
[0.932s] -- Up-to-date: /home/cityu/autoware/install/grid_map_rviz_plugin/lib/libgrid_map_rviz_plugin.so
[0.932s] -- Up-to-date: /home/cityu/autoware/install/grid_map_rviz_plugin/share/grid_map_rviz_plugin/cmake/grid_map_rviz_pluginExport.cmake
[0.932s] -- Up-to-date: /home/cityu/autoware/install/grid_map_rviz_plugin/share/grid_map_rviz_plugin/cmake/grid_map_rviz_pluginExport-release.cmake
[0.959s] Invoked command in '/home/cityu/autoware/build/grid_map_rviz_plugin' returned '0': AMENT_PREFIX_PATH=/home/cityu/autoware/install/grid_map_ros:/home/cityu/autoware/install/grid_map_cv:/home/cityu/autoware/install/grid_map_msgs:/home/cityu/autoware/install/grid_map_core:/home/cityu/autoware/install/grid_map_cmake_helpers:${AMENT_PREFIX_PATH} CMAKE_PREFIX_PATH=/home/cityu/autoware/install/grid_map_ros:/home/cityu/autoware/install/grid_map_cv:/home/cityu/autoware/install/grid_map_msgs:/home/cityu/autoware/install/grid_map_core:/home/cityu/autoware/install/grid_map_cmake_helpers:/opt/ros/galactic LD_LIBRARY_PATH=/home/cityu/autoware/install/grid_map_ros/lib:/home/cityu/autoware/install/grid_map_cv/lib:/home/cityu/autoware/install/grid_map_msgs/lib:/home/cityu/autoware/install/grid_map_core/lib:${LD_LIBRARY_PATH} PYTHONPATH=/home/cityu/autoware/install/grid_map_msgs/lib/python3.8/site-packages:${PYTHONPATH} /usr/bin/cmake --install /home/cityu/autoware/build/grid_map_rviz_plugin
