[0.123s] Invoking command in '/home/cityu/autoware/build/rtc_replayer': AMENT_PREFIX_PATH=/home/cityu/autoware/install/autoware_cmake:/home/cityu/autoware/install/tier4_rtc_msgs:/home/cityu/autoware/install/autoware_lint_common:${AMENT_PREFIX_PATH} CMAKE_PREFIX_PATH=/home/cityu/autoware/install/autoware_cmake:/home/cityu/autoware/install/tier4_rtc_msgs:/home/cityu/autoware/install/autoware_lint_common:/opt/ros/galactic LD_LIBRARY_PATH=/home/cityu/autoware/install/tier4_rtc_msgs/lib:${LD_LIBRARY_PATH} PYTHONPATH=/home/cityu/autoware/install/tier4_rtc_msgs/lib/python3.8/site-packages:${PYTHONPATH} /usr/bin/cmake /home/cityu/autoware/src/universe/autoware.universe/planning/rtc_replayer -DCMAKE_BUILD_TYPE=Release -DDOWNLOAD_ARTIFACTS=ON -DAMENT_CMAKE_SYMLINK_INSTALL=1 -DCMAKE_INSTALL_PREFIX=/home/cityu/autoware/install/rtc_replayer
[0.213s] -- Found autoware_cmake: 0.1.0 (/home/cityu/autoware/install/autoware_cmake/share/autoware_cmake/cmake)
[0.215s] -- Found ament_cmake_auto: 1.1.6 (/opt/ros/galactic/share/ament_cmake_auto/cmake)
[0.215s] -- Using PYTHON_EXECUTABLE: /usr/bin/python3
[0.289s] -- Override CMake install command with custom implementation using symlinks instead of copying resources
[0.483s] -- Using all available rosidl_typesupport_c: rosidl_typesupport_fastrtps_c;rosidl_typesupport_introspection_c
[0.488s] -- Found rosidl_adapter: 2.2.3 (/opt/ros/galactic/share/rosidl_adapter/cmake)
[0.705s] -- Using all available rosidl_typesupport_cpp: rosidl_typesupport_fastrtps_cpp;rosidl_typesupport_introspection_cpp
[0.803s] -- Found rmw_implementation_cmake: 3.3.1 (/opt/ros/galactic/share/rmw_implementation_cmake/cmake)
[0.805s] -- Found rmw_cyclonedds_cpp: 0.22.6 (/opt/ros/galactic/share/rmw_cyclonedds_cpp/cmake)
[0.837s] -- Using RMW implementation 'rmw_cyclonedds_cpp' as default
[1.271s] -- Found ament_lint_auto: 0.10.7 (/opt/ros/galactic/share/ament_lint_auto/cmake)
[1.294s] -- Added test 'copyright' to check source files copyright and LICENSE
[1.296s] -- Added test 'cppcheck' to perform static code analysis on C / C++ code
[1.296s] -- Configured cppcheck include dirs: /home/cityu/autoware/src/universe/autoware.universe/planning/rtc_replayer/include
[1.296s] -- Configured cppcheck exclude dirs and/or files: 
[1.297s] -- Added test 'lint_cmake' to check CMake code style
[1.297s] -- Added test 'xmllint' to check XML markup files
[1.305s] -- Configuring done
[1.328s] -- Generating done
[1.330s] CMake Warning:
[1.330s]   Manually-specified variables were not used by the project:
[1.330s] 
[1.331s]     DOWNLOAD_ARTIFACTS
[1.331s] 
[1.331s] 
[1.331s] -- Build files have been written to: /home/cityu/autoware/build/rtc_replayer
[1.362s] Invoked command in '/home/cityu/autoware/build/rtc_replayer' returned '0': AMENT_PREFIX_PATH=/home/cityu/autoware/install/autoware_cmake:/home/cityu/autoware/install/tier4_rtc_msgs:/home/cityu/autoware/install/autoware_lint_common:${AMENT_PREFIX_PATH} CMAKE_PREFIX_PATH=/home/cityu/autoware/install/autoware_cmake:/home/cityu/autoware/install/tier4_rtc_msgs:/home/cityu/autoware/install/autoware_lint_common:/opt/ros/galactic LD_LIBRARY_PATH=/home/cityu/autoware/install/tier4_rtc_msgs/lib:${LD_LIBRARY_PATH} PYTHONPATH=/home/cityu/autoware/install/tier4_rtc_msgs/lib/python3.8/site-packages:${PYTHONPATH} /usr/bin/cmake /home/cityu/autoware/src/universe/autoware.universe/planning/rtc_replayer -DCMAKE_BUILD_TYPE=Release -DDOWNLOAD_ARTIFACTS=ON -DAMENT_CMAKE_SYMLINK_INSTALL=1 -DCMAKE_INSTALL_PREFIX=/home/cityu/autoware/install/rtc_replayer
[1.365s] Invoking command in '/home/cityu/autoware/build/rtc_replayer': AMENT_PREFIX_PATH=/home/cityu/autoware/install/autoware_cmake:/home/cityu/autoware/install/tier4_rtc_msgs:/home/cityu/autoware/install/autoware_lint_common:${AMENT_PREFIX_PATH} CMAKE_PREFIX_PATH=/home/cityu/autoware/install/autoware_cmake:/home/cityu/autoware/install/tier4_rtc_msgs:/home/cityu/autoware/install/autoware_lint_common:/opt/ros/galactic LD_LIBRARY_PATH=/home/cityu/autoware/install/tier4_rtc_msgs/lib:${LD_LIBRARY_PATH} PYTHONPATH=/home/cityu/autoware/install/tier4_rtc_msgs/lib/python3.8/site-packages:${PYTHONPATH} /usr/bin/cmake --build /home/cityu/autoware/build/rtc_replayer -- -j16 -l16
[1.737s] [ 50%] Built target rtc_replayer_node
[1.737s] [ 75%] [32m[1mLinking CXX shared library librtc_replayer.so[0m
[1.884s] [100%] Built target rtc_replayer
[2.007s] Invoked command in '/home/cityu/autoware/build/rtc_replayer' returned '0': AMENT_PREFIX_PATH=/home/cityu/autoware/install/autoware_cmake:/home/cityu/autoware/install/tier4_rtc_msgs:/home/cityu/autoware/install/autoware_lint_common:${AMENT_PREFIX_PATH} CMAKE_PREFIX_PATH=/home/cityu/autoware/install/autoware_cmake:/home/cityu/autoware/install/tier4_rtc_msgs:/home/cityu/autoware/install/autoware_lint_common:/opt/ros/galactic LD_LIBRARY_PATH=/home/cityu/autoware/install/tier4_rtc_msgs/lib:${LD_LIBRARY_PATH} PYTHONPATH=/home/cityu/autoware/install/tier4_rtc_msgs/lib/python3.8/site-packages:${PYTHONPATH} /usr/bin/cmake --build /home/cityu/autoware/build/rtc_replayer -- -j16 -l16
[2.088s] Invoking command in '/home/cityu/autoware/build/rtc_replayer': AMENT_PREFIX_PATH=/home/cityu/autoware/install/autoware_cmake:/home/cityu/autoware/install/tier4_rtc_msgs:/home/cityu/autoware/install/autoware_lint_common:${AMENT_PREFIX_PATH} CMAKE_PREFIX_PATH=/home/cityu/autoware/install/autoware_cmake:/home/cityu/autoware/install/tier4_rtc_msgs:/home/cityu/autoware/install/autoware_lint_common:/opt/ros/galactic LD_LIBRARY_PATH=/home/cityu/autoware/install/tier4_rtc_msgs/lib:${LD_LIBRARY_PATH} PYTHONPATH=/home/cityu/autoware/install/tier4_rtc_msgs/lib/python3.8/site-packages:${PYTHONPATH} /usr/bin/cmake --install /home/cityu/autoware/build/rtc_replayer
[4.454s] -- Install configuration: "Release"
[4.462s] -- Execute custom install script
[4.464s] -- Up-to-date symlink: /home/cityu/autoware/install/rtc_replayer/lib/rtc_replayer/rtc_replayer_node
[4.470s] -- Up-to-date symlink: /home/cityu/autoware/install/rtc_replayer/include/rtc_replayer/rtc_replayer_node.hpp
[4.474s] -- Up-to-date symlink: /home/cityu/autoware/install/rtc_replayer/share/rtc_replayer/environment/library_path.sh
[4.474s] -- Up-to-date symlink: /home/cityu/autoware/install/rtc_replayer/share/rtc_replayer/environment/library_path.dsv
[4.475s] -- Up-to-date symlink: /home/cityu/autoware/install/rtc_replayer/lib/librtc_replayer.so
[4.475s] -- Up-to-date symlink: /home/cityu/autoware/install/rtc_replayer/share/rtc_replayer/launch/rtc_replayer.launch.xml
[4.475s] -- Up-to-date symlink: /home/cityu/autoware/install/rtc_replayer/share/ament_index/resource_index/package_run_dependencies/rtc_replayer
[4.475s] -- Up-to-date symlink: /home/cityu/autoware/install/rtc_replayer/share/ament_index/resource_index/parent_prefix_path/rtc_replayer
[4.475s] -- Up-to-date symlink: /home/cityu/autoware/install/rtc_replayer/share/rtc_replayer/environment/ament_prefix_path.sh
[4.475s] -- Up-to-date symlink: /home/cityu/autoware/install/rtc_replayer/share/rtc_replayer/environment/ament_prefix_path.dsv
[4.475s] -- Up-to-date symlink: /home/cityu/autoware/install/rtc_replayer/share/rtc_replayer/environment/path.sh
[4.475s] -- Up-to-date symlink: /home/cityu/autoware/install/rtc_replayer/share/rtc_replayer/environment/path.dsv
[4.475s] -- Up-to-date symlink: /home/cityu/autoware/install/rtc_replayer/share/rtc_replayer/local_setup.bash
[4.476s] -- Up-to-date symlink: /home/cityu/autoware/install/rtc_replayer/share/rtc_replayer/local_setup.sh
[4.476s] -- Up-to-date symlink: /home/cityu/autoware/install/rtc_replayer/share/rtc_replayer/local_setup.zsh
[4.476s] -- Up-to-date symlink: /home/cityu/autoware/install/rtc_replayer/share/rtc_replayer/local_setup.dsv
[4.476s] -- Symlinking: /home/cityu/autoware/install/rtc_replayer/share/rtc_replayer/package.dsv
[4.476s] -- Up-to-date symlink: /home/cityu/autoware/install/rtc_replayer/share/ament_index/resource_index/packages/rtc_replayer
[4.476s] -- Up-to-date symlink: /home/cityu/autoware/install/rtc_replayer/share/ament_index/resource_index/rclcpp_components/rtc_replayer
[4.476s] -- Up-to-date symlink: /home/cityu/autoware/install/rtc_replayer/share/rtc_replayer/cmake/ament_cmake_export_dependencies-extras.cmake
[4.476s] -- Up-to-date symlink: /home/cityu/autoware/install/rtc_replayer/share/rtc_replayer/cmake/ament_cmake_export_include_directories-extras.cmake
[4.476s] -- Up-to-date symlink: /home/cityu/autoware/install/rtc_replayer/share/rtc_replayer/cmake/ament_cmake_export_libraries-extras.cmake
[4.476s] -- Up-to-date symlink: /home/cityu/autoware/install/rtc_replayer/share/rtc_replayer/cmake/rtc_replayerConfig.cmake
[4.476s] -- Up-to-date symlink: /home/cityu/autoware/install/rtc_replayer/share/rtc_replayer/cmake/rtc_replayerConfig-version.cmake
[4.477s] -- Up-to-date symlink: /home/cityu/autoware/install/rtc_replayer/share/rtc_replayer/package.xml
[4.487s] Invoked command in '/home/cityu/autoware/build/rtc_replayer' returned '0': AMENT_PREFIX_PATH=/home/cityu/autoware/install/autoware_cmake:/home/cityu/autoware/install/tier4_rtc_msgs:/home/cityu/autoware/install/autoware_lint_common:${AMENT_PREFIX_PATH} CMAKE_PREFIX_PATH=/home/cityu/autoware/install/autoware_cmake:/home/cityu/autoware/install/tier4_rtc_msgs:/home/cityu/autoware/install/autoware_lint_common:/opt/ros/galactic LD_LIBRARY_PATH=/home/cityu/autoware/install/tier4_rtc_msgs/lib:${LD_LIBRARY_PATH} PYTHONPATH=/home/cityu/autoware/install/tier4_rtc_msgs/lib/python3.8/site-packages:${PYTHONPATH} /usr/bin/cmake --install /home/cityu/autoware/build/rtc_replayer
