-- Found autoware_cmake: 0.1.0 (/home/cityu/autoware/install/autoware_cmake/share/autoware_cmake/cmake)
-- Found ament_cmake_auto: 1.1.6 (/opt/ros/galactic/share/ament_cmake_auto/cmake)
-- Using PYTHON_EXECUTABLE: /usr/bin/python3
-- Override CMake install command with custom implementation using symlinks instead of copying resources
-- Using all available rosidl_typesupport_c: rosidl_typesupport_fastrtps_c;rosidl_typesupport_introspection_c
-- Found rosidl_adapter: 2.2.3 (/opt/ros/galactic/share/rosidl_adapter/cmake)
-- Using all available rosidl_typesupport_cpp: rosidl_typesupport_fastrtps_cpp;rosidl_typesupport_introspection_cpp
-- Found rmw_implementation_cmake: 3.3.1 (/opt/ros/galactic/share/rmw_implementation_cmake/cmake)
-- Found rmw_cyclonedds_cpp: 0.22.6 (/opt/ros/galactic/share/rmw_cyclonedds_cpp/cmake)
-- Using RMW implementation 'rmw_cyclonedds_cpp' as default
-- Found ament_lint_auto: 0.10.7 (/opt/ros/galactic/share/ament_lint_auto/cmake)
-- Found gtest sources under '/opt/ros/galactic/src/gtest_vendor': C++ tests using 'Google Test' will be built
-- Added test 'copyright' to check source files copyright and LICENSE
-- Added test 'cppcheck' to perform static code analysis on C / C++ code
-- Configured cppcheck include dirs: /home/cityu/autoware/src/universe/autoware.universe/common/osqp_interface/include
-- Configured cppcheck exclude dirs and/or files: 
-- Added test 'lint_cmake' to check CMake code style
-- Added test 'xmllint' to check XML markup files
-- Configuring done
-- Generating done
CMake Warning:
  Manually-specified variables were not used by the project:

    DOWNLOAD_ARTIFACTS


-- Build files have been written to: /home/cityu/autoware/build/osqp_interface
[ 10%] [32m[1mLinking CXX shared library libosqp_interface.so[0m
[ 30%] Built target osqp_interface
[ 50%] Built target gtest_main
[ 70%] Built target gtest
[ 80%] [32mBuilding CXX object CMakeFiles/test_osqp_interface.dir/test/test_osqp_interface.cpp.o[0m
[ 90%] [32mBuilding CXX object CMakeFiles/test_osqp_interface.dir/test/test_csc_matrix_conv.cpp.o[0m
[100%] [32m[1mLinking CXX executable test_osqp_interface[0m
[100%] Built target test_osqp_interface
-- Install configuration: "Release"
-- Execute custom install script
-- Up-to-date symlink: /home/cityu/autoware/install/osqp_interface/share/osqp_interface/environment/library_path.sh
-- Up-to-date symlink: /home/cityu/autoware/install/osqp_interface/share/osqp_interface/environment/library_path.dsv
-- Up-to-date symlink: /home/cityu/autoware/install/osqp_interface/include/osqp_interface/csc_matrix_conv.hpp
-- Up-to-date symlink: /home/cityu/autoware/install/osqp_interface/include/osqp_interface/osqp_interface.hpp
-- Up-to-date symlink: /home/cityu/autoware/install/osqp_interface/include/osqp_interface/visibility_control.hpp
-- Up-to-date symlink: /home/cityu/autoware/install/osqp_interface/lib/libosqp_interface.so
-- Up-to-date symlink: /home/cityu/autoware/install/osqp_interface/share/ament_index/resource_index/package_run_dependencies/osqp_interface
-- Up-to-date symlink: /home/cityu/autoware/install/osqp_interface/share/ament_index/resource_index/parent_prefix_path/osqp_interface
-- Up-to-date symlink: /home/cityu/autoware/install/osqp_interface/share/osqp_interface/environment/ament_prefix_path.sh
-- Up-to-date symlink: /home/cityu/autoware/install/osqp_interface/share/osqp_interface/environment/ament_prefix_path.dsv
-- Up-to-date symlink: /home/cityu/autoware/install/osqp_interface/share/osqp_interface/environment/path.sh
-- Up-to-date symlink: /home/cityu/autoware/install/osqp_interface/share/osqp_interface/environment/path.dsv
-- Up-to-date symlink: /home/cityu/autoware/install/osqp_interface/share/osqp_interface/local_setup.bash
-- Up-to-date symlink: /home/cityu/autoware/install/osqp_interface/share/osqp_interface/local_setup.sh
-- Up-to-date symlink: /home/cityu/autoware/install/osqp_interface/share/osqp_interface/local_setup.zsh
-- Up-to-date symlink: /home/cityu/autoware/install/osqp_interface/share/osqp_interface/local_setup.dsv
-- Symlinking: /home/cityu/autoware/install/osqp_interface/share/osqp_interface/package.dsv
-- Up-to-date symlink: /home/cityu/autoware/install/osqp_interface/share/ament_index/resource_index/packages/osqp_interface
-- Up-to-date symlink: /home/cityu/autoware/install/osqp_interface/share/osqp_interface/cmake/ament_cmake_export_include_directories-extras.cmake
-- Up-to-date symlink: /home/cityu/autoware/install/osqp_interface/share/osqp_interface/cmake/ament_cmake_export_libraries-extras.cmake
-- Up-to-date symlink: /home/cityu/autoware/install/osqp_interface/share/osqp_interface/cmake/ament_cmake_export_dependencies-extras.cmake
-- Up-to-date symlink: /home/cityu/autoware/install/osqp_interface/share/osqp_interface/cmake/osqp_interfaceConfig.cmake
-- Up-to-date symlink: /home/cityu/autoware/install/osqp_interface/share/osqp_interface/cmake/osqp_interfaceConfig-version.cmake
-- Up-to-date symlink: /home/cityu/autoware/install/osqp_interface/share/osqp_interface/package.xml
