[0.068s] Invoking command in '/home/cityu/autoware/build/osqp_interface': AMENT_PREFIX_PATH=/home/cityu/autoware/install/autoware_cmake:/home/cityu/autoware/install/autoware_lint_common:${AMENT_PREFIX_PATH} CMAKE_PREFIX_PATH=/home/cityu/autoware/install/autoware_cmake:/home/cityu/autoware/install/autoware_lint_common:/opt/ros/galactic /usr/bin/cmake /home/cityu/autoware/src/universe/autoware.universe/common/osqp_interface -DCMAKE_BUILD_TYPE=Release -DDOWNLOAD_ARTIFACTS=ON -DAMENT_CMAKE_SYMLINK_INSTALL=1 -DCMAKE_INSTALL_PREFIX=/home/cityu/autoware/install/osqp_interface
[0.690s] -- Found autoware_cmake: 0.1.0 (/home/cityu/autoware/install/autoware_cmake/share/autoware_cmake/cmake)
[0.690s] -- Found ament_cmake_auto: 1.1.6 (/opt/ros/galactic/share/ament_cmake_auto/cmake)
[0.694s] -- Using PYTHON_EXECUTABLE: /usr/bin/python3
[0.694s] -- Override CMake install command with custom implementation using symlinks instead of copying resources
[0.694s] -- Using all available rosidl_typesupport_c: rosidl_typesupport_fastrtps_c;rosidl_typesupport_introspection_c
[0.694s] -- Found rosidl_adapter: 2.2.3 (/opt/ros/galactic/share/rosidl_adapter/cmake)
[0.695s] -- Using all available rosidl_typesupport_cpp: rosidl_typesupport_fastrtps_cpp;rosidl_typesupport_introspection_cpp
[0.764s] -- Found rmw_implementation_cmake: 3.3.1 (/opt/ros/galactic/share/rmw_implementation_cmake/cmake)
[0.780s] -- Found rmw_cyclonedds_cpp: 0.22.6 (/opt/ros/galactic/share/rmw_cyclonedds_cpp/cmake)
[0.804s] -- Using RMW implementation 'rmw_cyclonedds_cpp' as default
[1.156s] -- Found ament_lint_auto: 0.10.7 (/opt/ros/galactic/share/ament_lint_auto/cmake)
[1.186s] -- Found gtest sources under '/opt/ros/galactic/src/gtest_vendor': C++ tests using 'Google Test' will be built
[1.199s] -- Added test 'copyright' to check source files copyright and LICENSE
[1.200s] -- Added test 'cppcheck' to perform static code analysis on C / C++ code
[1.201s] -- Configured cppcheck include dirs: /home/cityu/autoware/src/universe/autoware.universe/common/osqp_interface/include
[1.201s] -- Configured cppcheck exclude dirs and/or files: 
[1.201s] -- Added test 'lint_cmake' to check CMake code style
[1.202s] -- Added test 'xmllint' to check XML markup files
[1.229s] -- Configuring done
[1.231s] -- Generating done
[1.234s] CMake Warning:
[1.234s]   Manually-specified variables were not used by the project:
[1.234s] 
[1.234s]     DOWNLOAD_ARTIFACTS
[1.234s] 
[1.234s] 
[1.234s] -- Build files have been written to: /home/cityu/autoware/build/osqp_interface
[1.263s] Invoked command in '/home/cityu/autoware/build/osqp_interface' returned '0': AMENT_PREFIX_PATH=/home/cityu/autoware/install/autoware_cmake:/home/cityu/autoware/install/autoware_lint_common:${AMENT_PREFIX_PATH} CMAKE_PREFIX_PATH=/home/cityu/autoware/install/autoware_cmake:/home/cityu/autoware/install/autoware_lint_common:/opt/ros/galactic /usr/bin/cmake /home/cityu/autoware/src/universe/autoware.universe/common/osqp_interface -DCMAKE_BUILD_TYPE=Release -DDOWNLOAD_ARTIFACTS=ON -DAMENT_CMAKE_SYMLINK_INSTALL=1 -DCMAKE_INSTALL_PREFIX=/home/cityu/autoware/install/osqp_interface
[1.267s] Invoking command in '/home/cityu/autoware/build/osqp_interface': AMENT_PREFIX_PATH=/home/cityu/autoware/install/autoware_cmake:/home/cityu/autoware/install/autoware_lint_common:${AMENT_PREFIX_PATH} CMAKE_PREFIX_PATH=/home/cityu/autoware/install/autoware_cmake:/home/cityu/autoware/install/autoware_lint_common:/opt/ros/galactic /usr/bin/cmake --build /home/cityu/autoware/build/osqp_interface -- -j16 -l16
[1.612s] [ 10%] [32m[1mLinking CXX shared library libosqp_interface.so[0m
[1.612s] [ 30%] Built target osqp_interface
[1.620s] [ 50%] Built target gtest_main
[1.651s] [ 70%] Built target gtest
[1.695s] [ 80%] [32mBuilding CXX object CMakeFiles/test_osqp_interface.dir/test/test_osqp_interface.cpp.o[0m
[8.081s] [ 90%] [32mBuilding CXX object CMakeFiles/test_osqp_interface.dir/test/test_csc_matrix_conv.cpp.o[0m
[12.240s] [100%] [32m[1mLinking CXX executable test_osqp_interface[0m
[12.384s] [100%] Built target test_osqp_interface
[12.416s] Invoked command in '/home/cityu/autoware/build/osqp_interface' returned '0': AMENT_PREFIX_PATH=/home/cityu/autoware/install/autoware_cmake:/home/cityu/autoware/install/autoware_lint_common:${AMENT_PREFIX_PATH} CMAKE_PREFIX_PATH=/home/cityu/autoware/install/autoware_cmake:/home/cityu/autoware/install/autoware_lint_common:/opt/ros/galactic /usr/bin/cmake --build /home/cityu/autoware/build/osqp_interface -- -j16 -l16
[12.477s] Invoking command in '/home/cityu/autoware/build/osqp_interface': AMENT_PREFIX_PATH=/home/cityu/autoware/install/autoware_cmake:/home/cityu/autoware/install/autoware_lint_common:${AMENT_PREFIX_PATH} CMAKE_PREFIX_PATH=/home/cityu/autoware/install/autoware_cmake:/home/cityu/autoware/install/autoware_lint_common:/opt/ros/galactic /usr/bin/cmake --install /home/cityu/autoware/build/osqp_interface
[12.689s] -- Install configuration: "Release"
[12.689s] -- Execute custom install script
[12.690s] -- Up-to-date symlink: /home/cityu/autoware/install/osqp_interface/share/osqp_interface/environment/library_path.sh
[12.690s] -- Up-to-date symlink: /home/cityu/autoware/install/osqp_interface/share/osqp_interface/environment/library_path.dsv
[12.690s] -- Up-to-date symlink: /home/cityu/autoware/install/osqp_interface/include/osqp_interface/csc_matrix_conv.hpp
[12.690s] -- Up-to-date symlink: /home/cityu/autoware/install/osqp_interface/include/osqp_interface/osqp_interface.hpp
[12.690s] -- Up-to-date symlink: /home/cityu/autoware/install/osqp_interface/include/osqp_interface/visibility_control.hpp
[12.690s] -- Up-to-date symlink: /home/cityu/autoware/install/osqp_interface/lib/libosqp_interface.so
[12.690s] -- Up-to-date symlink: /home/cityu/autoware/install/osqp_interface/share/ament_index/resource_index/package_run_dependencies/osqp_interface
[12.690s] -- Up-to-date symlink: /home/cityu/autoware/install/osqp_interface/share/ament_index/resource_index/parent_prefix_path/osqp_interface
[12.690s] -- Up-to-date symlink: /home/cityu/autoware/install/osqp_interface/share/osqp_interface/environment/ament_prefix_path.sh
[12.690s] -- Up-to-date symlink: /home/cityu/autoware/install/osqp_interface/share/osqp_interface/environment/ament_prefix_path.dsv
[12.690s] -- Up-to-date symlink: /home/cityu/autoware/install/osqp_interface/share/osqp_interface/environment/path.sh
[12.690s] -- Up-to-date symlink: /home/cityu/autoware/install/osqp_interface/share/osqp_interface/environment/path.dsv
[12.690s] -- Up-to-date symlink: /home/cityu/autoware/install/osqp_interface/share/osqp_interface/local_setup.bash
[12.690s] -- Up-to-date symlink: /home/cityu/autoware/install/osqp_interface/share/osqp_interface/local_setup.sh
[12.691s] -- Up-to-date symlink: /home/cityu/autoware/install/osqp_interface/share/osqp_interface/local_setup.zsh
[12.691s] -- Up-to-date symlink: /home/cityu/autoware/install/osqp_interface/share/osqp_interface/local_setup.dsv
[12.691s] -- Symlinking: /home/cityu/autoware/install/osqp_interface/share/osqp_interface/package.dsv
[12.691s] -- Up-to-date symlink: /home/cityu/autoware/install/osqp_interface/share/ament_index/resource_index/packages/osqp_interface
[12.691s] -- Up-to-date symlink: /home/cityu/autoware/install/osqp_interface/share/osqp_interface/cmake/ament_cmake_export_include_directories-extras.cmake
[12.691s] -- Up-to-date symlink: /home/cityu/autoware/install/osqp_interface/share/osqp_interface/cmake/ament_cmake_export_libraries-extras.cmake
[12.691s] -- Up-to-date symlink: /home/cityu/autoware/install/osqp_interface/share/osqp_interface/cmake/ament_cmake_export_dependencies-extras.cmake
[12.691s] -- Up-to-date symlink: /home/cityu/autoware/install/osqp_interface/share/osqp_interface/cmake/osqp_interfaceConfig.cmake
[12.691s] -- Up-to-date symlink: /home/cityu/autoware/install/osqp_interface/share/osqp_interface/cmake/osqp_interfaceConfig-version.cmake
[12.692s] -- Up-to-date symlink: /home/cityu/autoware/install/osqp_interface/share/osqp_interface/package.xml
[12.718s] Invoked command in '/home/cityu/autoware/build/osqp_interface' returned '0': AMENT_PREFIX_PATH=/home/cityu/autoware/install/autoware_cmake:/home/cityu/autoware/install/autoware_lint_common:${AMENT_PREFIX_PATH} CMAKE_PREFIX_PATH=/home/cityu/autoware/install/autoware_cmake:/home/cityu/autoware/install/autoware_lint_common:/opt/ros/galactic /usr/bin/cmake --install /home/cityu/autoware/build/osqp_interface
