[0.177s] Invoking command in '/home/cityu/autoware/build/planning_debug_tools': AMENT_PREFIX_PATH=/home/cityu/autoware/install/motion_utils:/home/cityu/autoware/install/interpolation:/home/cityu/autoware/install/tier4_autoware_utils:/home/cityu/autoware/install/autoware_auto_vehicle_msgs:/home/cityu/autoware/install/autoware_cmake:/home/cityu/autoware/install/autoware_auto_planning_msgs:/home/cityu/autoware/install/autoware_auto_perception_msgs:/home/cityu/autoware/install/tier4_planning_msgs:/home/cityu/autoware/install/tier4_debug_msgs:/home/cityu/autoware/install/autoware_lint_common:/home/cityu/autoware/install/autoware_auto_mapping_msgs:/home/cityu/autoware/install/autoware_auto_geometry_msgs:${AMENT_PREFIX_PATH} CMAKE_PREFIX_PATH=/home/cityu/autoware/install/motion_utils:/home/cityu/autoware/install/interpolation:/home/cityu/autoware/install/tier4_autoware_utils:/home/cityu/autoware/install/autoware_auto_vehicle_msgs:/home/cityu/autoware/install/autoware_cmake:/home/cityu/autoware/install/autoware_auto_planning_msgs:/home/cityu/autoware/install/autoware_auto_perception_msgs:/home/cityu/autoware/install/tier4_planning_msgs:/home/cityu/autoware/install/tier4_debug_msgs:/home/cityu/autoware/install/autoware_lint_common:/home/cityu/autoware/install/autoware_auto_mapping_msgs:/home/cityu/autoware/install/autoware_auto_geometry_msgs:/opt/ros/galactic LD_LIBRARY_PATH=/home/cityu/autoware/install/motion_utils/lib:/home/cityu/autoware/install/interpolation/lib:/home/cityu/autoware/install/tier4_autoware_utils/lib:/home/cityu/autoware/install/autoware_auto_vehicle_msgs/lib:/home/cityu/autoware/install/autoware_auto_planning_msgs/lib:/home/cityu/autoware/install/autoware_auto_perception_msgs/lib:/home/cityu/autoware/install/tier4_planning_msgs/lib:/home/cityu/autoware/install/tier4_debug_msgs/lib:/home/cityu/autoware/install/autoware_auto_mapping_msgs/lib:/home/cityu/autoware/install/autoware_auto_geometry_msgs/lib:${LD_LIBRARY_PATH} PYTHONPATH=/home/cityu/autoware/install/autoware_auto_vehicle_msgs/lib/python3.8/site-packages:/home/cityu/autoware/install/autoware_auto_planning_msgs/lib/python3.8/site-packages:/home/cityu/autoware/install/autoware_auto_perception_msgs/lib/python3.8/site-packages:/home/cityu/autoware/install/tier4_planning_msgs/lib/python3.8/site-packages:/home/cityu/autoware/install/tier4_debug_msgs/lib/python3.8/site-packages:/home/cityu/autoware/install/autoware_auto_mapping_msgs/lib/python3.8/site-packages:/home/cityu/autoware/install/autoware_auto_geometry_msgs/lib/python3.8/site-packages:${PYTHONPATH} /usr/bin/cmake --build /home/cityu/autoware/build/planning_debug_tools -- -j16 -l16
[0.349s] [  2%] Built target planning_debug_tools__cpp
[0.349s] [ 10%] Built target planning_debug_tools__rosidl_generator_c
[0.350s] [ 20%] Built target trajectory_analyzer_exe
[0.350s] [ 20%] Built target stop_reason_visualizer_exe
[0.350s] [ 28%] Built target planning_debug_tools__rosidl_typesupport_introspection_cpp
[0.357s] [ 35%] Built target planning_debug_tools__rosidl_typesupport_introspection_c
[0.357s] [ 43%] Built target planning_debug_tools__rosidl_typesupport_c
[0.358s] [ 51%] Built target planning_debug_tools__rosidl_typesupport_cpp
[0.358s] [ 58%] Built target planning_debug_tools__rosidl_typesupport_fastrtps_cpp
[0.359s] [ 66%] Built target planning_debug_tools__rosidl_typesupport_fastrtps_c
[0.359s] [ 66%] Built target planning_debug_tools
[0.359s] [ 69%] Built target planning_debug_tools__py
[0.360s] [ 74%] Built target trajectory_analyzer_node
[0.372s] [ 79%] Built target planning_debug_tools__python
[0.388s] [ 84%] Built target stop_reason_visualizer_node
[0.396s] [ 89%] Built target planning_debug_tools__rosidl_typesupport_c__pyext
[0.396s] [ 94%] Built target planning_debug_tools__rosidl_typesupport_introspection_c__pyext
[0.397s] [100%] Built target planning_debug_tools__rosidl_typesupport_fastrtps_c__pyext
[0.524s] Invoked command in '/home/cityu/autoware/build/planning_debug_tools' returned '0': AMENT_PREFIX_PATH=/home/cityu/autoware/install/motion_utils:/home/cityu/autoware/install/interpolation:/home/cityu/autoware/install/tier4_autoware_utils:/home/cityu/autoware/install/autoware_auto_vehicle_msgs:/home/cityu/autoware/install/autoware_cmake:/home/cityu/autoware/install/autoware_auto_planning_msgs:/home/cityu/autoware/install/autoware_auto_perception_msgs:/home/cityu/autoware/install/tier4_planning_msgs:/home/cityu/autoware/install/tier4_debug_msgs:/home/cityu/autoware/install/autoware_lint_common:/home/cityu/autoware/install/autoware_auto_mapping_msgs:/home/cityu/autoware/install/autoware_auto_geometry_msgs:${AMENT_PREFIX_PATH} CMAKE_PREFIX_PATH=/home/cityu/autoware/install/motion_utils:/home/cityu/autoware/install/interpolation:/home/cityu/autoware/install/tier4_autoware_utils:/home/cityu/autoware/install/autoware_auto_vehicle_msgs:/home/cityu/autoware/install/autoware_cmake:/home/cityu/autoware/install/autoware_auto_planning_msgs:/home/cityu/autoware/install/autoware_auto_perception_msgs:/home/cityu/autoware/install/tier4_planning_msgs:/home/cityu/autoware/install/tier4_debug_msgs:/home/cityu/autoware/install/autoware_lint_common:/home/cityu/autoware/install/autoware_auto_mapping_msgs:/home/cityu/autoware/install/autoware_auto_geometry_msgs:/opt/ros/galactic LD_LIBRARY_PATH=/home/cityu/autoware/install/motion_utils/lib:/home/cityu/autoware/install/interpolation/lib:/home/cityu/autoware/install/tier4_autoware_utils/lib:/home/cityu/autoware/install/autoware_auto_vehicle_msgs/lib:/home/cityu/autoware/install/autoware_auto_planning_msgs/lib:/home/cityu/autoware/install/autoware_auto_perception_msgs/lib:/home/cityu/autoware/install/tier4_planning_msgs/lib:/home/cityu/autoware/install/tier4_debug_msgs/lib:/home/cityu/autoware/install/autoware_auto_mapping_msgs/lib:/home/cityu/autoware/install/autoware_auto_geometry_msgs/lib:${LD_LIBRARY_PATH} PYTHONPATH=/home/cityu/autoware/install/autoware_auto_vehicle_msgs/lib/python3.8/site-packages:/home/cityu/autoware/install/autoware_auto_planning_msgs/lib/python3.8/site-packages:/home/cityu/autoware/install/autoware_auto_perception_msgs/lib/python3.8/site-packages:/home/cityu/autoware/install/tier4_planning_msgs/lib/python3.8/site-packages:/home/cityu/autoware/install/tier4_debug_msgs/lib/python3.8/site-packages:/home/cityu/autoware/install/autoware_auto_mapping_msgs/lib/python3.8/site-packages:/home/cityu/autoware/install/autoware_auto_geometry_msgs/lib/python3.8/site-packages:${PYTHONPATH} /usr/bin/cmake --build /home/cityu/autoware/build/planning_debug_tools -- -j16 -l16
[0.702s] Invoking command in '/home/cityu/autoware/build/planning_debug_tools': AMENT_PREFIX_PATH=/home/cityu/autoware/install/motion_utils:/home/cityu/autoware/install/interpolation:/home/cityu/autoware/install/tier4_autoware_utils:/home/cityu/autoware/install/autoware_auto_vehicle_msgs:/home/cityu/autoware/install/autoware_cmake:/home/cityu/autoware/install/autoware_auto_planning_msgs:/home/cityu/autoware/install/autoware_auto_perception_msgs:/home/cityu/autoware/install/tier4_planning_msgs:/home/cityu/autoware/install/tier4_debug_msgs:/home/cityu/autoware/install/autoware_lint_common:/home/cityu/autoware/install/autoware_auto_mapping_msgs:/home/cityu/autoware/install/autoware_auto_geometry_msgs:${AMENT_PREFIX_PATH} CMAKE_PREFIX_PATH=/home/cityu/autoware/install/motion_utils:/home/cityu/autoware/install/interpolation:/home/cityu/autoware/install/tier4_autoware_utils:/home/cityu/autoware/install/autoware_auto_vehicle_msgs:/home/cityu/autoware/install/autoware_cmake:/home/cityu/autoware/install/autoware_auto_planning_msgs:/home/cityu/autoware/install/autoware_auto_perception_msgs:/home/cityu/autoware/install/tier4_planning_msgs:/home/cityu/autoware/install/tier4_debug_msgs:/home/cityu/autoware/install/autoware_lint_common:/home/cityu/autoware/install/autoware_auto_mapping_msgs:/home/cityu/autoware/install/autoware_auto_geometry_msgs:/opt/ros/galactic LD_LIBRARY_PATH=/home/cityu/autoware/install/motion_utils/lib:/home/cityu/autoware/install/interpolation/lib:/home/cityu/autoware/install/tier4_autoware_utils/lib:/home/cityu/autoware/install/autoware_auto_vehicle_msgs/lib:/home/cityu/autoware/install/autoware_auto_planning_msgs/lib:/home/cityu/autoware/install/autoware_auto_perception_msgs/lib:/home/cityu/autoware/install/tier4_planning_msgs/lib:/home/cityu/autoware/install/tier4_debug_msgs/lib:/home/cityu/autoware/install/autoware_auto_mapping_msgs/lib:/home/cityu/autoware/install/autoware_auto_geometry_msgs/lib:${LD_LIBRARY_PATH} PYTHONPATH=/home/cityu/autoware/install/autoware_auto_vehicle_msgs/lib/python3.8/site-packages:/home/cityu/autoware/install/autoware_auto_planning_msgs/lib/python3.8/site-packages:/home/cityu/autoware/install/autoware_auto_perception_msgs/lib/python3.8/site-packages:/home/cityu/autoware/install/tier4_planning_msgs/lib/python3.8/site-packages:/home/cityu/autoware/install/tier4_debug_msgs/lib/python3.8/site-packages:/home/cityu/autoware/install/autoware_auto_mapping_msgs/lib/python3.8/site-packages:/home/cityu/autoware/install/autoware_auto_geometry_msgs/lib/python3.8/site-packages:${PYTHONPATH} /usr/bin/cmake --install /home/cityu/autoware/build/planning_debug_tools
[0.753s] -- Install configuration: "Release"
[0.753s] -- Execute custom install script
[0.753s] -- Up-to-date symlink: /home/cityu/autoware/install/planning_debug_tools/share/ament_index/resource_index/rosidl_interfaces/planning_debug_tools
[0.753s] -- Up-to-date symlink: /home/cityu/autoware/install/planning_debug_tools/include/planning_debug_tools/msg/detail/trajectory_debug_info__functions.h
[0.753s] -- Up-to-date symlink: /home/cityu/autoware/install/planning_debug_tools/include/planning_debug_tools/msg/detail/trajectory_debug_info__struct.h
[0.753s] -- Up-to-date symlink: /home/cityu/autoware/install/planning_debug_tools/include/planning_debug_tools/msg/detail/trajectory_debug_info__type_support.h
[0.754s] -- Up-to-date symlink: /home/cityu/autoware/install/planning_debug_tools/include/planning_debug_tools/msg/rosidl_generator_c__visibility_control.h
[0.754s] -- Up-to-date symlink: /home/cityu/autoware/install/planning_debug_tools/include/planning_debug_tools/msg/trajectory_debug_info.h
[0.754s] -- Up-to-date symlink: /home/cityu/autoware/install/planning_debug_tools/share/planning_debug_tools/environment/library_path.sh
[0.754s] -- Up-to-date symlink: /home/cityu/autoware/install/planning_debug_tools/share/planning_debug_tools/environment/library_path.dsv
[0.754s] -- Up-to-date symlink: /home/cityu/autoware/install/planning_debug_tools/include/planning_debug_tools/msg/detail/trajectory_debug_info__rosidl_typesupport_fastrtps_c.h
[0.754s] -- Up-to-date symlink: /home/cityu/autoware/install/planning_debug_tools/include/planning_debug_tools/msg/rosidl_typesupport_fastrtps_c__visibility_control.h
[0.755s] -- Up-to-date symlink: /home/cityu/autoware/install/planning_debug_tools/lib/libplanning_debug_tools__rosidl_typesupport_fastrtps_c.so
[0.755s] -- Up-to-date symlink: /home/cityu/autoware/install/planning_debug_tools/include/planning_debug_tools/msg/detail/trajectory_debug_info__rosidl_typesupport_fastrtps_cpp.hpp
[0.755s] -- Up-to-date symlink: /home/cityu/autoware/install/planning_debug_tools/include/planning_debug_tools/msg/rosidl_typesupport_fastrtps_cpp__visibility_control.h
[0.755s] -- Up-to-date symlink: /home/cityu/autoware/install/planning_debug_tools/lib/libplanning_debug_tools__rosidl_typesupport_fastrtps_cpp.so
[0.755s] -- Up-to-date symlink: /home/cityu/autoware/install/planning_debug_tools/include/planning_debug_tools/msg/detail/trajectory_debug_info__rosidl_typesupport_introspection_c.h
[0.756s] -- Up-to-date symlink: /home/cityu/autoware/install/planning_debug_tools/include/planning_debug_tools/msg/rosidl_typesupport_introspection_c__visibility_control.h
[0.760s] -- Up-to-date symlink: /home/cityu/autoware/install/planning_debug_tools/include/planning_debug_tools/msg/detail/trajectory_debug_info__builder.hpp
[0.761s] -- Up-to-date symlink: /home/cityu/autoware/install/planning_debug_tools/include/planning_debug_tools/msg/detail/trajectory_debug_info__struct.hpp
[0.761s] -- Up-to-date symlink: /home/cityu/autoware/install/planning_debug_tools/include/planning_debug_tools/msg/detail/trajectory_debug_info__traits.hpp
[0.761s] -- Up-to-date symlink: /home/cityu/autoware/install/planning_debug_tools/include/planning_debug_tools/msg/trajectory_debug_info.hpp
[0.762s] -- Up-to-date symlink: /home/cityu/autoware/install/planning_debug_tools/include/planning_debug_tools/msg/detail/trajectory_debug_info__rosidl_typesupport_introspection_cpp.hpp
[0.762s] -- Up-to-date symlink: /home/cityu/autoware/install/planning_debug_tools/share/planning_debug_tools/environment/pythonpath.sh
[0.762s] -- Up-to-date symlink: /home/cityu/autoware/install/planning_debug_tools/share/planning_debug_tools/environment/pythonpath.dsv
[0.767s] -- Up-to-date symlink: /home/cityu/autoware/install/planning_debug_tools/lib/python3.8/site-packages/planning_debug_tools/__init__.py
[0.767s] -- Up-to-date symlink: /home/cityu/autoware/install/planning_debug_tools/lib/python3.8/site-packages/planning_debug_tools/msg/__init__.py
[0.767s] -- Up-to-date symlink: /home/cityu/autoware/install/planning_debug_tools/lib/python3.8/site-packages/planning_debug_tools/msg/_trajectory_debug_info.py
[0.768s] -- Up-to-date symlink: /home/cityu/autoware/install/planning_debug_tools/lib/python3.8/site-packages/planning_debug_tools/planning_debug_tools_s__rosidl_typesupport_fastrtps_c.cpython-38-x86_64-linux-gnu.so
[0.768s] -- Up-to-date symlink: /home/cityu/autoware/install/planning_debug_tools/lib/python3.8/site-packages/planning_debug_tools/planning_debug_tools_s__rosidl_typesupport_introspection_c.cpython-38-x86_64-linux-gnu.so
[0.768s] -- Up-to-date symlink: /home/cityu/autoware/install/planning_debug_tools/lib/python3.8/site-packages/planning_debug_tools/planning_debug_tools_s__rosidl_typesupport_c.cpython-38-x86_64-linux-gnu.so
[0.768s] -- Up-to-date symlink: /home/cityu/autoware/install/planning_debug_tools/lib/libplanning_debug_tools__python.so
[0.768s] -- Up-to-date symlink: /home/cityu/autoware/install/planning_debug_tools/share/planning_debug_tools/msg/TrajectoryDebugInfo.idl
[0.768s] -- Up-to-date symlink: /home/cityu/autoware/install/planning_debug_tools/share/planning_debug_tools/msg/TrajectoryDebugInfo.msg
[0.768s] -- Up-to-date symlink: /home/cityu/autoware/install/planning_debug_tools/lib/planning_debug_tools/trajectory_analyzer_exe
[0.768s] -- Up-to-date symlink: /home/cityu/autoware/install/planning_debug_tools/lib/planning_debug_tools/stop_reason_visualizer_exe
[0.769s] -- Up-to-date symlink: /home/cityu/autoware/install/planning_debug_tools/include/planning_debug_tools/trajectory_analyzer.hpp
[0.769s] -- Up-to-date symlink: /home/cityu/autoware/install/planning_debug_tools/include/planning_debug_tools/util.hpp
[0.769s] -- Up-to-date symlink: /home/cityu/autoware/install/planning_debug_tools/lib/libtrajectory_analyzer_node.so
[0.769s] -- Up-to-date symlink: /home/cityu/autoware/install/planning_debug_tools/lib/libstop_reason_visualizer_node.so
[0.769s] -- Up-to-date symlink: /home/cityu/autoware/install/planning_debug_tools/share/planning_debug_tools/launch/behavior_velocity_analyzer.launch.xml
[0.769s] -- Up-to-date symlink: /home/cityu/autoware/install/planning_debug_tools/share/planning_debug_tools/launch/stop_reason_visualizer.launch.xml
[0.769s] -- Up-to-date symlink: /home/cityu/autoware/install/planning_debug_tools/share/planning_debug_tools/launch/trajectory_analyzer.launch.xml
[0.769s] -- Up-to-date symlink: /home/cityu/autoware/install/planning_debug_tools/share/ament_index/resource_index/package_run_dependencies/planning_debug_tools
[0.769s] -- Up-to-date symlink: /home/cityu/autoware/install/planning_debug_tools/share/ament_index/resource_index/parent_prefix_path/planning_debug_tools
[0.769s] -- Up-to-date symlink: /home/cityu/autoware/install/planning_debug_tools/share/planning_debug_tools/environment/ament_prefix_path.sh
[0.769s] -- Up-to-date symlink: /home/cityu/autoware/install/planning_debug_tools/share/planning_debug_tools/environment/ament_prefix_path.dsv
[0.769s] -- Up-to-date symlink: /home/cityu/autoware/install/planning_debug_tools/share/planning_debug_tools/environment/path.sh
[0.769s] -- Up-to-date symlink: /home/cityu/autoware/install/planning_debug_tools/share/planning_debug_tools/environment/path.dsv
[0.770s] -- Up-to-date symlink: /home/cityu/autoware/install/planning_debug_tools/share/planning_debug_tools/local_setup.bash
[0.770s] -- Up-to-date symlink: /home/cityu/autoware/install/planning_debug_tools/share/planning_debug_tools/local_setup.sh
[0.770s] -- Up-to-date symlink: /home/cityu/autoware/install/planning_debug_tools/share/planning_debug_tools/local_setup.zsh
[0.770s] -- Up-to-date symlink: /home/cityu/autoware/install/planning_debug_tools/share/planning_debug_tools/local_setup.dsv
[0.770s] -- Symlinking: /home/cityu/autoware/install/planning_debug_tools/share/planning_debug_tools/package.dsv
[0.777s] -- Up-to-date symlink: /home/cityu/autoware/install/planning_debug_tools/share/ament_index/resource_index/packages/planning_debug_tools
[0.777s] -- Up-to-date symlink: /home/cityu/autoware/install/planning_debug_tools/share/ament_index/resource_index/rclcpp_components/planning_debug_tools
[0.778s] -- Up-to-date symlink: /home/cityu/autoware/install/planning_debug_tools/share/planning_debug_tools/cmake/rosidl_cmake-extras.cmake
[0.778s] -- Up-to-date symlink: /home/cityu/autoware/install/planning_debug_tools/share/planning_debug_tools/cmake/ament_cmake_export_dependencies-extras.cmake
[0.778s] -- Up-to-date symlink: /home/cityu/autoware/install/planning_debug_tools/share/planning_debug_tools/cmake/ament_cmake_export_libraries-extras.cmake
[0.779s] -- Up-to-date symlink: /home/cityu/autoware/install/planning_debug_tools/share/planning_debug_tools/cmake/ament_cmake_export_targets-extras.cmake
[0.779s] -- Up-to-date symlink: /home/cityu/autoware/install/planning_debug_tools/share/planning_debug_tools/cmake/ament_cmake_export_include_directories-extras.cmake
[0.779s] -- Up-to-date symlink: /home/cityu/autoware/install/planning_debug_tools/share/planning_debug_tools/cmake/rosidl_cmake_export_typesupport_libraries-extras.cmake
[0.780s] -- Up-to-date symlink: /home/cityu/autoware/install/planning_debug_tools/share/planning_debug_tools/cmake/rosidl_cmake_export_typesupport_targets-extras.cmake
[0.780s] -- Up-to-date symlink: /home/cityu/autoware/install/planning_debug_tools/share/planning_debug_tools/cmake/planning_debug_toolsConfig.cmake
[0.780s] -- Up-to-date symlink: /home/cityu/autoware/install/planning_debug_tools/share/planning_debug_tools/cmake/planning_debug_toolsConfig-version.cmake
[0.781s] -- Up-to-date symlink: /home/cityu/autoware/install/planning_debug_tools/share/planning_debug_tools/package.xml
[0.783s] -- Up-to-date symlink: /home/cityu/autoware/install/planning_debug_tools/lib/planning_debug_tools/trajectory_visualizer.py
[0.783s] -- Up-to-date symlink: /home/cityu/autoware/install/planning_debug_tools/lib/planning_debug_tools/closest_velocity_checker.py
[0.783s] -- Up-to-date: /home/cityu/autoware/install/planning_debug_tools/lib/libplanning_debug_tools__rosidl_generator_c.so
[0.783s] -- Up-to-date: /home/cityu/autoware/install/planning_debug_tools/lib/libplanning_debug_tools__rosidl_typesupport_introspection_c.so
[0.783s] -- Up-to-date: /home/cityu/autoware/install/planning_debug_tools/lib/libplanning_debug_tools__rosidl_typesupport_c.so
[0.784s] -- Up-to-date: /home/cityu/autoware/install/planning_debug_tools/lib/libplanning_debug_tools__rosidl_typesupport_introspection_cpp.so
[0.784s] -- Up-to-date: /home/cityu/autoware/install/planning_debug_tools/lib/libplanning_debug_tools__rosidl_typesupport_cpp.so
[0.801s] -- Up-to-date: /home/cityu/autoware/install/planning_debug_tools/share/planning_debug_tools/cmake/planning_debug_tools__rosidl_generator_cExport.cmake
[0.801s] -- Up-to-date: /home/cityu/autoware/install/planning_debug_tools/share/planning_debug_tools/cmake/planning_debug_tools__rosidl_generator_cExport-release.cmake
[0.801s] -- Up-to-date: /home/cityu/autoware/install/planning_debug_tools/share/planning_debug_tools/cmake/planning_debug_tools__rosidl_typesupport_introspection_cExport.cmake
[0.801s] -- Up-to-date: /home/cityu/autoware/install/planning_debug_tools/share/planning_debug_tools/cmake/planning_debug_tools__rosidl_typesupport_introspection_cExport-release.cmake
[0.802s] -- Up-to-date: /home/cityu/autoware/install/planning_debug_tools/share/planning_debug_tools/cmake/planning_debug_tools__rosidl_typesupport_cExport.cmake
[0.802s] -- Up-to-date: /home/cityu/autoware/install/planning_debug_tools/share/planning_debug_tools/cmake/planning_debug_tools__rosidl_typesupport_cExport-release.cmake
[0.802s] -- Up-to-date: /home/cityu/autoware/install/planning_debug_tools/share/planning_debug_tools/cmake/planning_debug_tools__rosidl_generator_cppExport.cmake
[0.802s] -- Up-to-date: /home/cityu/autoware/install/planning_debug_tools/share/planning_debug_tools/cmake/planning_debug_tools__rosidl_typesupport_introspection_cppExport.cmake
[0.802s] -- Up-to-date: /home/cityu/autoware/install/planning_debug_tools/share/planning_debug_tools/cmake/planning_debug_tools__rosidl_typesupport_introspection_cppExport-release.cmake
[0.802s] -- Up-to-date: /home/cityu/autoware/install/planning_debug_tools/share/planning_debug_tools/cmake/planning_debug_tools__rosidl_typesupport_cppExport.cmake
[0.802s] -- Up-to-date: /home/cityu/autoware/install/planning_debug_tools/share/planning_debug_tools/cmake/planning_debug_tools__rosidl_typesupport_cppExport-release.cmake
[0.897s] Invoked command in '/home/cityu/autoware/build/planning_debug_tools' returned '0': AMENT_PREFIX_PATH=/home/cityu/autoware/install/motion_utils:/home/cityu/autoware/install/interpolation:/home/cityu/autoware/install/tier4_autoware_utils:/home/cityu/autoware/install/autoware_auto_vehicle_msgs:/home/cityu/autoware/install/autoware_cmake:/home/cityu/autoware/install/autoware_auto_planning_msgs:/home/cityu/autoware/install/autoware_auto_perception_msgs:/home/cityu/autoware/install/tier4_planning_msgs:/home/cityu/autoware/install/tier4_debug_msgs:/home/cityu/autoware/install/autoware_lint_common:/home/cityu/autoware/install/autoware_auto_mapping_msgs:/home/cityu/autoware/install/autoware_auto_geometry_msgs:${AMENT_PREFIX_PATH} CMAKE_PREFIX_PATH=/home/cityu/autoware/install/motion_utils:/home/cityu/autoware/install/interpolation:/home/cityu/autoware/install/tier4_autoware_utils:/home/cityu/autoware/install/autoware_auto_vehicle_msgs:/home/cityu/autoware/install/autoware_cmake:/home/cityu/autoware/install/autoware_auto_planning_msgs:/home/cityu/autoware/install/autoware_auto_perception_msgs:/home/cityu/autoware/install/tier4_planning_msgs:/home/cityu/autoware/install/tier4_debug_msgs:/home/cityu/autoware/install/autoware_lint_common:/home/cityu/autoware/install/autoware_auto_mapping_msgs:/home/cityu/autoware/install/autoware_auto_geometry_msgs:/opt/ros/galactic LD_LIBRARY_PATH=/home/cityu/autoware/install/motion_utils/lib:/home/cityu/autoware/install/interpolation/lib:/home/cityu/autoware/install/tier4_autoware_utils/lib:/home/cityu/autoware/install/autoware_auto_vehicle_msgs/lib:/home/cityu/autoware/install/autoware_auto_planning_msgs/lib:/home/cityu/autoware/install/autoware_auto_perception_msgs/lib:/home/cityu/autoware/install/tier4_planning_msgs/lib:/home/cityu/autoware/install/tier4_debug_msgs/lib:/home/cityu/autoware/install/autoware_auto_mapping_msgs/lib:/home/cityu/autoware/install/autoware_auto_geometry_msgs/lib:${LD_LIBRARY_PATH} PYTHONPATH=/home/cityu/autoware/install/autoware_auto_vehicle_msgs/lib/python3.8/site-packages:/home/cityu/autoware/install/autoware_auto_planning_msgs/lib/python3.8/site-packages:/home/cityu/autoware/install/autoware_auto_perception_msgs/lib/python3.8/site-packages:/home/cityu/autoware/install/tier4_planning_msgs/lib/python3.8/site-packages:/home/cityu/autoware/install/tier4_debug_msgs/lib/python3.8/site-packages:/home/cityu/autoware/install/autoware_auto_mapping_msgs/lib/python3.8/site-packages:/home/cityu/autoware/install/autoware_auto_geometry_msgs/lib/python3.8/site-packages:${PYTHONPATH} /usr/bin/cmake --install /home/cityu/autoware/build/planning_debug_tools
