-- Found autoware_cmake: 0.1.0 (/home/cityu/autoware/install/autoware_cmake/share/autoware_cmake/cmake)
-- Found ament_cmake_auto: 1.1.6 (/opt/ros/galactic/share/ament_cmake_auto/cmake)
-- Using PYTHON_EXECUTABLE: /usr/bin/python3
-- Override CMake install command with custom implementation using symlinks instead of copying resources
-- Found ament_lint_auto: 0.10.7 (/opt/ros/galactic/share/ament_lint_auto/cmake)
-- Added test 'copyright' to check source files copyright and LICENSE
-- Added test 'lint_cmake' to check CMake code style
-- Added test 'xmllint' to check XML markup files
-- Configuring done
-- Generating done
-- Build files have been written to: /home/cityu/autoware/build/tier4_localization_launch
CMake Warning:
  Manually-specified variables were not used by the project:

    DOWNLOAD_ARTIFACTS


-- Install configuration: "Release"
-- Execute custom install script
-- Up-to-date symlink: /home/cityu/autoware/install/tier4_localization_launch/share/tier4_localization_launch/launch/localization.launch.xml
-- Up-to-date symlink: /home/cityu/autoware/install/tier4_localization_launch/share/tier4_localization_launch/launch/localization_error_monitor/localization_error_monitor.launch.xml
-- Up-to-date symlink: /home/cityu/autoware/install/tier4_localization_launch/share/tier4_localization_launch/launch/pose_estimator/pose_estimator.launch.xml
-- Up-to-date symlink: /home/cityu/autoware/install/tier4_localization_launch/share/tier4_localization_launch/launch/pose_twist_fusion_filter/pose_twist_fusion_filter.launch.xml
-- Up-to-date symlink: /home/cityu/autoware/install/tier4_localization_launch/share/tier4_localization_launch/launch/twist_estimator/twist_estimator.launch.xml
-- Up-to-date symlink: /home/cityu/autoware/install/tier4_localization_launch/share/tier4_localization_launch/launch/util/util.launch.py
-- Up-to-date symlink: /home/cityu/autoware/install/tier4_localization_launch/share/tier4_localization_launch/launch/util/util.launch.xml
-- Up-to-date symlink: /home/cityu/autoware/install/tier4_localization_launch/share/tier4_localization_launch/config/crop_box_filter_measurement_range.param.yaml
-- Up-to-date symlink: /home/cityu/autoware/install/tier4_localization_launch/share/tier4_localization_launch/config/localization_error_monitor.param.yaml
-- Up-to-date symlink: /home/cityu/autoware/install/tier4_localization_launch/share/tier4_localization_launch/config/ndt_scan_matcher.param.yaml
-- Up-to-date symlink: /home/cityu/autoware/install/tier4_localization_launch/share/tier4_localization_launch/config/random_downsample_filter.param.yaml
-- Up-to-date symlink: /home/cityu/autoware/install/tier4_localization_launch/share/tier4_localization_launch/config/voxel_grid_filter.param.yaml
-- Up-to-date symlink: /home/cityu/autoware/install/tier4_localization_launch/share/ament_index/resource_index/package_run_dependencies/tier4_localization_launch
-- Up-to-date symlink: /home/cityu/autoware/install/tier4_localization_launch/share/ament_index/resource_index/parent_prefix_path/tier4_localization_launch
-- Up-to-date symlink: /home/cityu/autoware/install/tier4_localization_launch/share/tier4_localization_launch/environment/ament_prefix_path.sh
-- Up-to-date symlink: /home/cityu/autoware/install/tier4_localization_launch/share/tier4_localization_launch/environment/ament_prefix_path.dsv
-- Up-to-date symlink: /home/cityu/autoware/install/tier4_localization_launch/share/tier4_localization_launch/environment/path.sh
-- Up-to-date symlink: /home/cityu/autoware/install/tier4_localization_launch/share/tier4_localization_launch/environment/path.dsv
-- Up-to-date symlink: /home/cityu/autoware/install/tier4_localization_launch/share/tier4_localization_launch/local_setup.bash
-- Up-to-date symlink: /home/cityu/autoware/install/tier4_localization_launch/share/tier4_localization_launch/local_setup.sh
-- Up-to-date symlink: /home/cityu/autoware/install/tier4_localization_launch/share/tier4_localization_launch/local_setup.zsh
-- Up-to-date symlink: /home/cityu/autoware/install/tier4_localization_launch/share/tier4_localization_launch/local_setup.dsv
-- Symlinking: /home/cityu/autoware/install/tier4_localization_launch/share/tier4_localization_launch/package.dsv
-- Up-to-date symlink: /home/cityu/autoware/install/tier4_localization_launch/share/ament_index/resource_index/packages/tier4_localization_launch
-- Up-to-date symlink: /home/cityu/autoware/install/tier4_localization_launch/share/tier4_localization_launch/cmake/tier4_localization_launchConfig.cmake
-- Up-to-date symlink: /home/cityu/autoware/install/tier4_localization_launch/share/tier4_localization_launch/cmake/tier4_localization_launchConfig-version.cmake
-- Up-to-date symlink: /home/cityu/autoware/install/tier4_localization_launch/share/tier4_localization_launch/package.xml
