[0.138s] Invoking command in '/home/cityu/autoware/build/vehicle_info_util': AMENT_PREFIX_PATH=/home/cityu/autoware/install/autoware_cmake:/home/cityu/autoware/install/autoware_lint_common:${AMENT_PREFIX_PATH} CMAKE_PREFIX_PATH=/home/cityu/autoware/install/autoware_cmake:/home/cityu/autoware/install/autoware_lint_common:/opt/ros/galactic /usr/bin/cmake /home/cityu/autoware/src/universe/autoware.universe/vehicle/vehicle_info_util -DCMAKE_BUILD_TYPE=Release -DDOWNLOAD_ARTIFACTS=ON -DAMENT_CMAKE_SYMLINK_INSTALL=1 -DCMAKE_INSTALL_PREFIX=/home/cityu/autoware/install/vehicle_info_util
[1.189s] -- Found autoware_cmake: 0.1.0 (/home/cityu/autoware/install/autoware_cmake/share/autoware_cmake/cmake)
[1.189s] -- Found ament_cmake_auto: 1.1.6 (/opt/ros/galactic/share/ament_cmake_auto/cmake)
[1.189s] -- Using PYTHON_EXECUTABLE: /usr/bin/python3
[1.190s] -- Override CMake install command with custom implementation using symlinks instead of copying resources
[1.190s] -- Using all available rosidl_typesupport_c: rosidl_typesupport_fastrtps_c;rosidl_typesupport_introspection_c
[1.190s] -- Found rosidl_adapter: 2.2.3 (/opt/ros/galactic/share/rosidl_adapter/cmake)
[1.190s] -- Using all available rosidl_typesupport_cpp: rosidl_typesupport_fastrtps_cpp;rosidl_typesupport_introspection_cpp
[1.190s] -- Found rmw_implementation_cmake: 3.3.1 (/opt/ros/galactic/share/rmw_implementation_cmake/cmake)
[1.190s] -- Found rmw_cyclonedds_cpp: 0.22.6 (/opt/ros/galactic/share/rmw_cyclonedds_cpp/cmake)
[1.190s] -- Using RMW implementation 'rmw_cyclonedds_cpp' as default
[1.190s] -- Found ament_lint_auto: 0.10.7 (/opt/ros/galactic/share/ament_lint_auto/cmake)
[1.190s] -- Added test 'copyright' to check source files copyright and LICENSE
[1.191s] -- Added test 'cppcheck' to perform static code analysis on C / C++ code
[1.191s] -- Configured cppcheck include dirs: /home/cityu/autoware/src/universe/autoware.universe/vehicle/vehicle_info_util/include
[1.191s] -- Configured cppcheck exclude dirs and/or files: 
[1.191s] -- Added test 'lint_cmake' to check CMake code style
[1.191s] -- Added test 'xmllint' to check XML markup files
[1.191s] -- Configuring done
[1.191s] -- Generating done
[1.191s] -- Build files have been written to: /home/cityu/autoware/build/vehicle_info_util
[1.192s] CMake Warning:
[1.192s]   Manually-specified variables were not used by the project:
[1.193s] 
[1.194s]     DOWNLOAD_ARTIFACTS
[1.199s] 
[1.201s] 
[1.263s] Invoked command in '/home/cityu/autoware/build/vehicle_info_util' returned '0': AMENT_PREFIX_PATH=/home/cityu/autoware/install/autoware_cmake:/home/cityu/autoware/install/autoware_lint_common:${AMENT_PREFIX_PATH} CMAKE_PREFIX_PATH=/home/cityu/autoware/install/autoware_cmake:/home/cityu/autoware/install/autoware_lint_common:/opt/ros/galactic /usr/bin/cmake /home/cityu/autoware/src/universe/autoware.universe/vehicle/vehicle_info_util -DCMAKE_BUILD_TYPE=Release -DDOWNLOAD_ARTIFACTS=ON -DAMENT_CMAKE_SYMLINK_INSTALL=1 -DCMAKE_INSTALL_PREFIX=/home/cityu/autoware/install/vehicle_info_util
[1.342s] Invoking command in '/home/cityu/autoware/build/vehicle_info_util': AMENT_PREFIX_PATH=/home/cityu/autoware/install/autoware_cmake:/home/cityu/autoware/install/autoware_lint_common:${AMENT_PREFIX_PATH} CMAKE_PREFIX_PATH=/home/cityu/autoware/install/autoware_cmake:/home/cityu/autoware/install/autoware_lint_common:/opt/ros/galactic /usr/bin/cmake --build /home/cityu/autoware/build/vehicle_info_util -- -j16 -l16
[1.596s] [100%] Built target vehicle_info_util
[1.667s] Invoked command in '/home/cityu/autoware/build/vehicle_info_util' returned '0': AMENT_PREFIX_PATH=/home/cityu/autoware/install/autoware_cmake:/home/cityu/autoware/install/autoware_lint_common:${AMENT_PREFIX_PATH} CMAKE_PREFIX_PATH=/home/cityu/autoware/install/autoware_cmake:/home/cityu/autoware/install/autoware_lint_common:/opt/ros/galactic /usr/bin/cmake --build /home/cityu/autoware/build/vehicle_info_util -- -j16 -l16
[1.750s] Invoking command in '/home/cityu/autoware/build/vehicle_info_util': AMENT_PREFIX_PATH=/home/cityu/autoware/install/autoware_cmake:/home/cityu/autoware/install/autoware_lint_common:${AMENT_PREFIX_PATH} CMAKE_PREFIX_PATH=/home/cityu/autoware/install/autoware_cmake:/home/cityu/autoware/install/autoware_lint_common:/opt/ros/galactic /usr/bin/cmake --install /home/cityu/autoware/build/vehicle_info_util
[2.886s] -- Install configuration: "Release"
[2.886s] -- Execute custom install script
[2.887s] -- Up-to-date symlink: /home/cityu/autoware/install/vehicle_info_util/include/vehicle_info_util/vehicle_info.hpp
[2.887s] -- Up-to-date symlink: /home/cityu/autoware/install/vehicle_info_util/include/vehicle_info_util/vehicle_info_util.hpp
[2.892s] -- Up-to-date symlink: /home/cityu/autoware/install/vehicle_info_util/share/vehicle_info_util/environment/library_path.sh
[2.893s] -- Up-to-date symlink: /home/cityu/autoware/install/vehicle_info_util/share/vehicle_info_util/environment/library_path.dsv
[2.893s] -- Up-to-date symlink: /home/cityu/autoware/install/vehicle_info_util/lib/libvehicle_info_util.so
[2.893s] -- Up-to-date symlink: /home/cityu/autoware/install/vehicle_info_util/share/vehicle_info_util/config/polygon_remover.yaml
[2.894s] -- Up-to-date symlink: /home/cityu/autoware/install/vehicle_info_util/share/vehicle_info_util/config/vehicle_info.param.yaml
[2.894s] -- Up-to-date symlink: /home/cityu/autoware/install/vehicle_info_util/share/vehicle_info_util/config/vehicle_mirror.param.yaml
[2.894s] -- Up-to-date symlink: /home/cityu/autoware/install/vehicle_info_util/share/vehicle_info_util/launch/sample.launch.py
[2.894s] -- Up-to-date symlink: /home/cityu/autoware/install/vehicle_info_util/share/vehicle_info_util/launch/vehicle_info.launch.py
[2.894s] -- Up-to-date symlink: /home/cityu/autoware/install/vehicle_info_util/share/ament_index/resource_index/package_run_dependencies/vehicle_info_util
[2.894s] -- Up-to-date symlink: /home/cityu/autoware/install/vehicle_info_util/share/ament_index/resource_index/parent_prefix_path/vehicle_info_util
[2.894s] -- Up-to-date symlink: /home/cityu/autoware/install/vehicle_info_util/share/vehicle_info_util/environment/ament_prefix_path.sh
[2.894s] -- Up-to-date symlink: /home/cityu/autoware/install/vehicle_info_util/share/vehicle_info_util/environment/ament_prefix_path.dsv
[2.894s] -- Up-to-date symlink: /home/cityu/autoware/install/vehicle_info_util/share/vehicle_info_util/environment/path.sh
[2.895s] -- Up-to-date symlink: /home/cityu/autoware/install/vehicle_info_util/share/vehicle_info_util/environment/path.dsv
[2.895s] -- Up-to-date symlink: /home/cityu/autoware/install/vehicle_info_util/share/vehicle_info_util/local_setup.bash
[2.895s] -- Up-to-date symlink: /home/cityu/autoware/install/vehicle_info_util/share/vehicle_info_util/local_setup.sh
[2.895s] -- Up-to-date symlink: /home/cityu/autoware/install/vehicle_info_util/share/vehicle_info_util/local_setup.zsh
[2.895s] -- Up-to-date symlink: /home/cityu/autoware/install/vehicle_info_util/share/vehicle_info_util/local_setup.dsv
[2.895s] -- Symlinking: /home/cityu/autoware/install/vehicle_info_util/share/vehicle_info_util/package.dsv
[2.895s] -- Up-to-date symlink: /home/cityu/autoware/install/vehicle_info_util/share/ament_index/resource_index/packages/vehicle_info_util
[2.895s] -- Up-to-date symlink: /home/cityu/autoware/install/vehicle_info_util/share/vehicle_info_util/cmake/ament_cmake_export_dependencies-extras.cmake
[2.896s] -- Up-to-date symlink: /home/cityu/autoware/install/vehicle_info_util/share/vehicle_info_util/cmake/ament_cmake_export_include_directories-extras.cmake
[2.896s] -- Up-to-date symlink: /home/cityu/autoware/install/vehicle_info_util/share/vehicle_info_util/cmake/ament_cmake_export_libraries-extras.cmake
[2.896s] -- Up-to-date symlink: /home/cityu/autoware/install/vehicle_info_util/share/vehicle_info_util/cmake/vehicle_info_utilConfig.cmake
[2.896s] -- Up-to-date symlink: /home/cityu/autoware/install/vehicle_info_util/share/vehicle_info_util/cmake/vehicle_info_utilConfig-version.cmake
[2.896s] -- Up-to-date symlink: /home/cityu/autoware/install/vehicle_info_util/share/vehicle_info_util/package.xml
[2.896s] -- Up-to-date symlink: /home/cityu/autoware/install/vehicle_info_util/lib/vehicle_info_util/min_turning_radius_calculator.py
[2.917s] Invoked command in '/home/cityu/autoware/build/vehicle_info_util' returned '0': AMENT_PREFIX_PATH=/home/cityu/autoware/install/autoware_cmake:/home/cityu/autoware/install/autoware_lint_common:${AMENT_PREFIX_PATH} CMAKE_PREFIX_PATH=/home/cityu/autoware/install/autoware_cmake:/home/cityu/autoware/install/autoware_lint_common:/opt/ros/galactic /usr/bin/cmake --install /home/cityu/autoware/build/vehicle_info_util
