[100%] Built target time_utils
-- Install configuration: "Release"
-- Execute custom install script
-- Up-to-date symlink: /home/cityu/autoware/install/time_utils/include/time_utils/stopwatch.hpp
-- Up-to-date symlink: /home/cityu/autoware/install/time_utils/include/time_utils/time_utils.hpp
-- Up-to-date symlink: /home/cityu/autoware/install/time_utils/include/time_utils/visibility_control.hpp
-- Up-to-date symlink: /home/cityu/autoware/install/time_utils/share/time_utils/environment/library_path.sh
-- Up-to-date symlink: /home/cityu/autoware/install/time_utils/share/time_utils/environment/library_path.dsv
-- Up-to-date symlink: /home/cityu/autoware/install/time_utils/lib/libtime_utils.so
-- Up-to-date symlink: /home/cityu/autoware/install/time_utils/share/ament_index/resource_index/package_run_dependencies/time_utils
-- Up-to-date symlink: /home/cityu/autoware/install/time_utils/share/ament_index/resource_index/parent_prefix_path/time_utils
-- Up-to-date symlink: /home/cityu/autoware/install/time_utils/share/time_utils/environment/ament_prefix_path.sh
-- Up-to-date symlink: /home/cityu/autoware/install/time_utils/share/time_utils/environment/ament_prefix_path.dsv
-- Up-to-date symlink: /home/cityu/autoware/install/time_utils/share/time_utils/environment/path.sh
-- Up-to-date symlink: /home/cityu/autoware/install/time_utils/share/time_utils/environment/path.dsv
-- Up-to-date symlink: /home/cityu/autoware/install/time_utils/share/time_utils/local_setup.bash
-- Up-to-date symlink: /home/cityu/autoware/install/time_utils/share/time_utils/local_setup.sh
-- Up-to-date symlink: /home/cityu/autoware/install/time_utils/share/time_utils/local_setup.zsh
-- Up-to-date symlink: /home/cityu/autoware/install/time_utils/share/time_utils/local_setup.dsv
-- Symlinking: /home/cityu/autoware/install/time_utils/share/time_utils/package.dsv
-- Up-to-date symlink: /home/cityu/autoware/install/time_utils/share/ament_index/resource_index/packages/time_utils
-- Up-to-date symlink: /home/cityu/autoware/install/time_utils/share/time_utils/cmake/ament_cmake_export_include_directories-extras.cmake
-- Up-to-date symlink: /home/cityu/autoware/install/time_utils/share/time_utils/cmake/ament_cmake_export_libraries-extras.cmake
-- Up-to-date symlink: /home/cityu/autoware/install/time_utils/share/time_utils/cmake/time_utilsConfig.cmake
-- Up-to-date symlink: /home/cityu/autoware/install/time_utils/share/time_utils/cmake/time_utilsConfig-version.cmake
-- Up-to-date symlink: /home/cityu/autoware/install/time_utils/share/time_utils/package.xml
