[0.088s] Invoking command in '/home/cityu/autoware/build/surround_obstacle_checker': AMENT_PREFIX_PATH=/home/cityu/autoware/install/motion_utils:/home/cityu/autoware/install/interpolation:/home/cityu/autoware/install/tier4_autoware_utils:/home/cityu/autoware/install/autoware_auto_tf2:/home/cityu/autoware/install/vehicle_info_util:/home/cityu/autoware/install/autoware_auto_vehicle_msgs:/home/cityu/autoware/install/autoware_auto_common:/home/cityu/autoware/install/autoware_cmake:/home/cityu/autoware/install/autoware_auto_planning_msgs:/home/cityu/autoware/install/autoware_auto_perception_msgs:/home/cityu/autoware/install/tier4_planning_msgs:/home/cityu/autoware/install/tier4_debug_msgs:/home/cityu/autoware/install/autoware_lint_common:/home/cityu/autoware/install/autoware_auto_system_msgs:/home/cityu/autoware/install/autoware_auto_mapping_msgs:/home/cityu/autoware/install/autoware_auto_geometry_msgs:${AMENT_PREFIX_PATH} CMAKE_PREFIX_PATH=/home/cityu/autoware/install/motion_utils:/home/cityu/autoware/install/interpolation:/home/cityu/autoware/install/tier4_autoware_utils:/home/cityu/autoware/install/autoware_auto_tf2:/home/cityu/autoware/install/vehicle_info_util:/home/cityu/autoware/install/autoware_auto_vehicle_msgs:/home/cityu/autoware/install/autoware_auto_common:/home/cityu/autoware/install/autoware_cmake:/home/cityu/autoware/install/autoware_auto_planning_msgs:/home/cityu/autoware/install/autoware_auto_perception_msgs:/home/cityu/autoware/install/tier4_planning_msgs:/home/cityu/autoware/install/tier4_debug_msgs:/home/cityu/autoware/install/autoware_lint_common:/home/cityu/autoware/install/autoware_auto_system_msgs:/home/cityu/autoware/install/autoware_auto_mapping_msgs:/home/cityu/autoware/install/autoware_auto_geometry_msgs:/opt/ros/galactic LD_LIBRARY_PATH=/home/cityu/autoware/install/motion_utils/lib:/home/cityu/autoware/install/interpolation/lib:/home/cityu/autoware/install/tier4_autoware_utils/lib:/home/cityu/autoware/install/vehicle_info_util/lib:/home/cityu/autoware/install/autoware_auto_vehicle_msgs/lib:/home/cityu/autoware/install/autoware_auto_planning_msgs/lib:/home/cityu/autoware/install/autoware_auto_perception_msgs/lib:/home/cityu/autoware/install/tier4_planning_msgs/lib:/home/cityu/autoware/install/tier4_debug_msgs/lib:/home/cityu/autoware/install/autoware_auto_system_msgs/lib:/home/cityu/autoware/install/autoware_auto_mapping_msgs/lib:/home/cityu/autoware/install/autoware_auto_geometry_msgs/lib:${LD_LIBRARY_PATH} PYTHONPATH=/home/cityu/autoware/install/autoware_auto_vehicle_msgs/lib/python3.8/site-packages:/home/cityu/autoware/install/autoware_auto_planning_msgs/lib/python3.8/site-packages:/home/cityu/autoware/install/autoware_auto_perception_msgs/lib/python3.8/site-packages:/home/cityu/autoware/install/tier4_planning_msgs/lib/python3.8/site-packages:/home/cityu/autoware/install/tier4_debug_msgs/lib/python3.8/site-packages:/home/cityu/autoware/install/autoware_auto_system_msgs/lib/python3.8/site-packages:/home/cityu/autoware/install/autoware_auto_mapping_msgs/lib/python3.8/site-packages:/home/cityu/autoware/install/autoware_auto_geometry_msgs/lib/python3.8/site-packages:${PYTHONPATH} /usr/bin/cmake /home/cityu/autoware/src/universe/autoware.universe/planning/surround_obstacle_checker -DCMAKE_BUILD_TYPE=Release -DAMENT_CMAKE_SYMLINK_INSTALL=1 -DCMAKE_INSTALL_PREFIX=/home/cityu/autoware/install/surround_obstacle_checker
[65.536s] -- The C compiler identification is GNU 9.4.0
[65.547s] -- The CXX compiler identification is GNU 9.4.0
[65.547s] -- Check for working C compiler: /usr/bin/cc
[65.547s] -- Check for working C compiler: /usr/bin/cc -- works
[65.547s] -- Detecting C compiler ABI info
[65.547s] -- Detecting C compiler ABI info - done
[65.548s] -- Detecting C compile features
[65.548s] -- Detecting C compile features - done
[65.548s] -- Check for working CXX compiler: /usr/bin/c++
[65.548s] -- Check for working CXX compiler: /usr/bin/c++ -- works
[65.548s] -- Detecting CXX compiler ABI info
[65.548s] -- Detecting CXX compiler ABI info - done
[65.548s] -- Detecting CXX compile features
[65.548s] -- Detecting CXX compile features - done
[65.548s] -- Found autoware_cmake: 0.1.0 (/home/cityu/autoware/install/autoware_cmake/share/autoware_cmake/cmake)
[65.548s] -- Found ament_cmake_auto: 1.1.6 (/opt/ros/galactic/share/ament_cmake_auto/cmake)
[65.549s] -- Found PythonInterp: /usr/bin/python3 (found suitable version "3.8.10", minimum required is "3") 
[65.549s] -- Using PYTHON_EXECUTABLE: /usr/bin/python3
[65.549s] -- Override CMake install command with custom implementation using symlinks instead of copying resources
[65.549s] -- Using all available rosidl_typesupport_c: rosidl_typesupport_fastrtps_c;rosidl_typesupport_introspection_c
[65.549s] -- Found rosidl_adapter: 2.2.3 (/opt/ros/galactic/share/rosidl_adapter/cmake)
[65.549s] -- Found OpenSSL: /usr/lib/x86_64-linux-gnu/libcrypto.so (found version "1.1.1f")  
[65.549s] -- Found FastRTPS: /opt/ros/galactic/include  
[65.549s] -- Using all available rosidl_typesupport_cpp: rosidl_typesupport_fastrtps_cpp;rosidl_typesupport_introspection_cpp
[65.549s] -- Found eigen3_cmake_module: 0.1.1 (/opt/ros/galactic/share/eigen3_cmake_module/cmake)
[65.549s] -- Found Eigen3: TRUE (found version "3.3.7") 
[65.549s] -- Found rmw_implementation_cmake: 3.3.1 (/opt/ros/galactic/share/rmw_implementation_cmake/cmake)
[65.550s] -- Found rmw_cyclonedds_cpp: 0.22.6 (/opt/ros/galactic/share/rmw_cyclonedds_cpp/cmake)
[65.550s] -- Using RMW implementation 'rmw_cyclonedds_cpp' as default
[65.550s] -- Looking for pthread.h
[65.550s] -- Looking for pthread.h - found
[65.550s] -- Performing Test CMAKE_HAVE_LIBC_PTHREAD
[65.550s] -- Performing Test CMAKE_HAVE_LIBC_PTHREAD - Failed
[65.550s] -- Looking for pthread_create in pthreads
[65.551s] -- Looking for pthread_create in pthreads - not found
[65.551s] -- Looking for pthread_create in pthread
[65.551s] -- Looking for pthread_create in pthread - found
[65.551s] -- Found Threads: TRUE  
[65.551s] -- Found ament_lint_auto: 0.10.7 (/opt/ros/galactic/share/ament_lint_auto/cmake)
[65.551s] -- Checking for module 'eigen3'
[65.551s] --   Found eigen3, version 3.3.7
[65.551s] -- Found Eigen: /usr/include/eigen3 (Required is at least version "3.1") 
[65.551s] -- Eigen found (include: /usr/include/eigen3, version: 3.3.7)
[65.551s] -- Found Boost: /usr/include (found suitable version "1.71.0", minimum required is "1.55.0") found components: system filesystem date_time iostreams regex 
[65.551s] -- looking for PCL_COMMON
[65.552s] -- Found PCL_COMMON: /usr/lib/x86_64-linux-gnu/libpcl_common.so  
[65.552s] -- Found PCL: pcl_common;/usr/lib/x86_64-linux-gnu/libboost_system.so;/usr/lib/x86_64-linux-gnu/libboost_filesystem.so;/usr/lib/x86_64-linux-gnu/libboost_date_time.so;/usr/lib/x86_64-linux-gnu/libboost_iostreams.so;/usr/lib/x86_64-linux-gnu/libboost_regex.so  
[65.552s] -- Added test 'copyright' to check source files copyright and LICENSE
[65.552s] -- Added test 'cppcheck' to perform static code analysis on C / C++ code
[65.552s] -- Configured cppcheck include dirs: /home/cityu/autoware/src/universe/autoware.universe/planning/surround_obstacle_checker/include
[65.552s] -- Configured cppcheck exclude dirs and/or files: 
[65.552s] -- Added test 'lint_cmake' to check CMake code style
[65.552s] -- Added test 'xmllint' to check XML markup files
[65.552s] -- Configuring done
[65.553s] -- Generating done
[65.553s] -- Build files have been written to: /home/cityu/autoware/build/surround_obstacle_checker
[65.614s] Invoked command in '/home/cityu/autoware/build/surround_obstacle_checker' returned '0': AMENT_PREFIX_PATH=/home/cityu/autoware/install/motion_utils:/home/cityu/autoware/install/interpolation:/home/cityu/autoware/install/tier4_autoware_utils:/home/cityu/autoware/install/autoware_auto_tf2:/home/cityu/autoware/install/vehicle_info_util:/home/cityu/autoware/install/autoware_auto_vehicle_msgs:/home/cityu/autoware/install/autoware_auto_common:/home/cityu/autoware/install/autoware_cmake:/home/cityu/autoware/install/autoware_auto_planning_msgs:/home/cityu/autoware/install/autoware_auto_perception_msgs:/home/cityu/autoware/install/tier4_planning_msgs:/home/cityu/autoware/install/tier4_debug_msgs:/home/cityu/autoware/install/autoware_lint_common:/home/cityu/autoware/install/autoware_auto_system_msgs:/home/cityu/autoware/install/autoware_auto_mapping_msgs:/home/cityu/autoware/install/autoware_auto_geometry_msgs:${AMENT_PREFIX_PATH} CMAKE_PREFIX_PATH=/home/cityu/autoware/install/motion_utils:/home/cityu/autoware/install/interpolation:/home/cityu/autoware/install/tier4_autoware_utils:/home/cityu/autoware/install/autoware_auto_tf2:/home/cityu/autoware/install/vehicle_info_util:/home/cityu/autoware/install/autoware_auto_vehicle_msgs:/home/cityu/autoware/install/autoware_auto_common:/home/cityu/autoware/install/autoware_cmake:/home/cityu/autoware/install/autoware_auto_planning_msgs:/home/cityu/autoware/install/autoware_auto_perception_msgs:/home/cityu/autoware/install/tier4_planning_msgs:/home/cityu/autoware/install/tier4_debug_msgs:/home/cityu/autoware/install/autoware_lint_common:/home/cityu/autoware/install/autoware_auto_system_msgs:/home/cityu/autoware/install/autoware_auto_mapping_msgs:/home/cityu/autoware/install/autoware_auto_geometry_msgs:/opt/ros/galactic LD_LIBRARY_PATH=/home/cityu/autoware/install/motion_utils/lib:/home/cityu/autoware/install/interpolation/lib:/home/cityu/autoware/install/tier4_autoware_utils/lib:/home/cityu/autoware/install/vehicle_info_util/lib:/home/cityu/autoware/install/autoware_auto_vehicle_msgs/lib:/home/cityu/autoware/install/autoware_auto_planning_msgs/lib:/home/cityu/autoware/install/autoware_auto_perception_msgs/lib:/home/cityu/autoware/install/tier4_planning_msgs/lib:/home/cityu/autoware/install/tier4_debug_msgs/lib:/home/cityu/autoware/install/autoware_auto_system_msgs/lib:/home/cityu/autoware/install/autoware_auto_mapping_msgs/lib:/home/cityu/autoware/install/autoware_auto_geometry_msgs/lib:${LD_LIBRARY_PATH} PYTHONPATH=/home/cityu/autoware/install/autoware_auto_vehicle_msgs/lib/python3.8/site-packages:/home/cityu/autoware/install/autoware_auto_planning_msgs/lib/python3.8/site-packages:/home/cityu/autoware/install/autoware_auto_perception_msgs/lib/python3.8/site-packages:/home/cityu/autoware/install/tier4_planning_msgs/lib/python3.8/site-packages:/home/cityu/autoware/install/tier4_debug_msgs/lib/python3.8/site-packages:/home/cityu/autoware/install/autoware_auto_system_msgs/lib/python3.8/site-packages:/home/cityu/autoware/install/autoware_auto_mapping_msgs/lib/python3.8/site-packages:/home/cityu/autoware/install/autoware_auto_geometry_msgs/lib/python3.8/site-packages:${PYTHONPATH} /usr/bin/cmake /home/cityu/autoware/src/universe/autoware.universe/planning/surround_obstacle_checker -DCMAKE_BUILD_TYPE=Release -DAMENT_CMAKE_SYMLINK_INSTALL=1 -DCMAKE_INSTALL_PREFIX=/home/cityu/autoware/install/surround_obstacle_checker
[65.623s] Invoking command in '/home/cityu/autoware/build/surround_obstacle_checker': AMENT_PREFIX_PATH=/home/cityu/autoware/install/motion_utils:/home/cityu/autoware/install/interpolation:/home/cityu/autoware/install/tier4_autoware_utils:/home/cityu/autoware/install/autoware_auto_tf2:/home/cityu/autoware/install/vehicle_info_util:/home/cityu/autoware/install/autoware_auto_vehicle_msgs:/home/cityu/autoware/install/autoware_auto_common:/home/cityu/autoware/install/autoware_cmake:/home/cityu/autoware/install/autoware_auto_planning_msgs:/home/cityu/autoware/install/autoware_auto_perception_msgs:/home/cityu/autoware/install/tier4_planning_msgs:/home/cityu/autoware/install/tier4_debug_msgs:/home/cityu/autoware/install/autoware_lint_common:/home/cityu/autoware/install/autoware_auto_system_msgs:/home/cityu/autoware/install/autoware_auto_mapping_msgs:/home/cityu/autoware/install/autoware_auto_geometry_msgs:${AMENT_PREFIX_PATH} CMAKE_PREFIX_PATH=/home/cityu/autoware/install/motion_utils:/home/cityu/autoware/install/interpolation:/home/cityu/autoware/install/tier4_autoware_utils:/home/cityu/autoware/install/autoware_auto_tf2:/home/cityu/autoware/install/vehicle_info_util:/home/cityu/autoware/install/autoware_auto_vehicle_msgs:/home/cityu/autoware/install/autoware_auto_common:/home/cityu/autoware/install/autoware_cmake:/home/cityu/autoware/install/autoware_auto_planning_msgs:/home/cityu/autoware/install/autoware_auto_perception_msgs:/home/cityu/autoware/install/tier4_planning_msgs:/home/cityu/autoware/install/tier4_debug_msgs:/home/cityu/autoware/install/autoware_lint_common:/home/cityu/autoware/install/autoware_auto_system_msgs:/home/cityu/autoware/install/autoware_auto_mapping_msgs:/home/cityu/autoware/install/autoware_auto_geometry_msgs:/opt/ros/galactic LD_LIBRARY_PATH=/home/cityu/autoware/install/motion_utils/lib:/home/cityu/autoware/install/interpolation/lib:/home/cityu/autoware/install/tier4_autoware_utils/lib:/home/cityu/autoware/install/vehicle_info_util/lib:/home/cityu/autoware/install/autoware_auto_vehicle_msgs/lib:/home/cityu/autoware/install/autoware_auto_planning_msgs/lib:/home/cityu/autoware/install/autoware_auto_perception_msgs/lib:/home/cityu/autoware/install/tier4_planning_msgs/lib:/home/cityu/autoware/install/tier4_debug_msgs/lib:/home/cityu/autoware/install/autoware_auto_system_msgs/lib:/home/cityu/autoware/install/autoware_auto_mapping_msgs/lib:/home/cityu/autoware/install/autoware_auto_geometry_msgs/lib:${LD_LIBRARY_PATH} PYTHONPATH=/home/cityu/autoware/install/autoware_auto_vehicle_msgs/lib/python3.8/site-packages:/home/cityu/autoware/install/autoware_auto_planning_msgs/lib/python3.8/site-packages:/home/cityu/autoware/install/autoware_auto_perception_msgs/lib/python3.8/site-packages:/home/cityu/autoware/install/tier4_planning_msgs/lib/python3.8/site-packages:/home/cityu/autoware/install/tier4_debug_msgs/lib/python3.8/site-packages:/home/cityu/autoware/install/autoware_auto_system_msgs/lib/python3.8/site-packages:/home/cityu/autoware/install/autoware_auto_mapping_msgs/lib/python3.8/site-packages:/home/cityu/autoware/install/autoware_auto_geometry_msgs/lib/python3.8/site-packages:${PYTHONPATH} /usr/bin/cmake --build /home/cityu/autoware/build/surround_obstacle_checker -- -j16 -l16
[81.764s] [35m[1mScanning dependencies of target surround_obstacle_checker_node[0m
[81.764s] [35m[1mScanning dependencies of target surround_obstacle_checker[0m
[81.771s] [ 20%] [32mBuilding CXX object CMakeFiles/surround_obstacle_checker_node.dir/rclcpp_components/node_main_surround_obstacle_checker_node.cpp.o[0m
[81.772s] [ 40%] [32mBuilding CXX object CMakeFiles/surround_obstacle_checker.dir/src/debug_marker.cpp.o[0m
[81.772s] [ 60%] [32mBuilding CXX object CMakeFiles/surround_obstacle_checker.dir/src/node.cpp.o[0m
[81.772s] [ 80%] [32m[1mLinking CXX executable surround_obstacle_checker_node[0m
[81.772s] [ 80%] Built target surround_obstacle_checker_node
[149.121s] [100%] [32m[1mLinking CXX shared library libsurround_obstacle_checker.so[0m
[150.353s] [100%] Built target surround_obstacle_checker
[150.390s] Invoked command in '/home/cityu/autoware/build/surround_obstacle_checker' returned '0': AMENT_PREFIX_PATH=/home/cityu/autoware/install/motion_utils:/home/cityu/autoware/install/interpolation:/home/cityu/autoware/install/tier4_autoware_utils:/home/cityu/autoware/install/autoware_auto_tf2:/home/cityu/autoware/install/vehicle_info_util:/home/cityu/autoware/install/autoware_auto_vehicle_msgs:/home/cityu/autoware/install/autoware_auto_common:/home/cityu/autoware/install/autoware_cmake:/home/cityu/autoware/install/autoware_auto_planning_msgs:/home/cityu/autoware/install/autoware_auto_perception_msgs:/home/cityu/autoware/install/tier4_planning_msgs:/home/cityu/autoware/install/tier4_debug_msgs:/home/cityu/autoware/install/autoware_lint_common:/home/cityu/autoware/install/autoware_auto_system_msgs:/home/cityu/autoware/install/autoware_auto_mapping_msgs:/home/cityu/autoware/install/autoware_auto_geometry_msgs:${AMENT_PREFIX_PATH} CMAKE_PREFIX_PATH=/home/cityu/autoware/install/motion_utils:/home/cityu/autoware/install/interpolation:/home/cityu/autoware/install/tier4_autoware_utils:/home/cityu/autoware/install/autoware_auto_tf2:/home/cityu/autoware/install/vehicle_info_util:/home/cityu/autoware/install/autoware_auto_vehicle_msgs:/home/cityu/autoware/install/autoware_auto_common:/home/cityu/autoware/install/autoware_cmake:/home/cityu/autoware/install/autoware_auto_planning_msgs:/home/cityu/autoware/install/autoware_auto_perception_msgs:/home/cityu/autoware/install/tier4_planning_msgs:/home/cityu/autoware/install/tier4_debug_msgs:/home/cityu/autoware/install/autoware_lint_common:/home/cityu/autoware/install/autoware_auto_system_msgs:/home/cityu/autoware/install/autoware_auto_mapping_msgs:/home/cityu/autoware/install/autoware_auto_geometry_msgs:/opt/ros/galactic LD_LIBRARY_PATH=/home/cityu/autoware/install/motion_utils/lib:/home/cityu/autoware/install/interpolation/lib:/home/cityu/autoware/install/tier4_autoware_utils/lib:/home/cityu/autoware/install/vehicle_info_util/lib:/home/cityu/autoware/install/autoware_auto_vehicle_msgs/lib:/home/cityu/autoware/install/autoware_auto_planning_msgs/lib:/home/cityu/autoware/install/autoware_auto_perception_msgs/lib:/home/cityu/autoware/install/tier4_planning_msgs/lib:/home/cityu/autoware/install/tier4_debug_msgs/lib:/home/cityu/autoware/install/autoware_auto_system_msgs/lib:/home/cityu/autoware/install/autoware_auto_mapping_msgs/lib:/home/cityu/autoware/install/autoware_auto_geometry_msgs/lib:${LD_LIBRARY_PATH} PYTHONPATH=/home/cityu/autoware/install/autoware_auto_vehicle_msgs/lib/python3.8/site-packages:/home/cityu/autoware/install/autoware_auto_planning_msgs/lib/python3.8/site-packages:/home/cityu/autoware/install/autoware_auto_perception_msgs/lib/python3.8/site-packages:/home/cityu/autoware/install/tier4_planning_msgs/lib/python3.8/site-packages:/home/cityu/autoware/install/tier4_debug_msgs/lib/python3.8/site-packages:/home/cityu/autoware/install/autoware_auto_system_msgs/lib/python3.8/site-packages:/home/cityu/autoware/install/autoware_auto_mapping_msgs/lib/python3.8/site-packages:/home/cityu/autoware/install/autoware_auto_geometry_msgs/lib/python3.8/site-packages:${PYTHONPATH} /usr/bin/cmake --build /home/cityu/autoware/build/surround_obstacle_checker -- -j16 -l16
[150.595s] Invoking command in '/home/cityu/autoware/build/surround_obstacle_checker': AMENT_PREFIX_PATH=/home/cityu/autoware/install/motion_utils:/home/cityu/autoware/install/interpolation:/home/cityu/autoware/install/tier4_autoware_utils:/home/cityu/autoware/install/autoware_auto_tf2:/home/cityu/autoware/install/vehicle_info_util:/home/cityu/autoware/install/autoware_auto_vehicle_msgs:/home/cityu/autoware/install/autoware_auto_common:/home/cityu/autoware/install/autoware_cmake:/home/cityu/autoware/install/autoware_auto_planning_msgs:/home/cityu/autoware/install/autoware_auto_perception_msgs:/home/cityu/autoware/install/tier4_planning_msgs:/home/cityu/autoware/install/tier4_debug_msgs:/home/cityu/autoware/install/autoware_lint_common:/home/cityu/autoware/install/autoware_auto_system_msgs:/home/cityu/autoware/install/autoware_auto_mapping_msgs:/home/cityu/autoware/install/autoware_auto_geometry_msgs:${AMENT_PREFIX_PATH} CMAKE_PREFIX_PATH=/home/cityu/autoware/install/motion_utils:/home/cityu/autoware/install/interpolation:/home/cityu/autoware/install/tier4_autoware_utils:/home/cityu/autoware/install/autoware_auto_tf2:/home/cityu/autoware/install/vehicle_info_util:/home/cityu/autoware/install/autoware_auto_vehicle_msgs:/home/cityu/autoware/install/autoware_auto_common:/home/cityu/autoware/install/autoware_cmake:/home/cityu/autoware/install/autoware_auto_planning_msgs:/home/cityu/autoware/install/autoware_auto_perception_msgs:/home/cityu/autoware/install/tier4_planning_msgs:/home/cityu/autoware/install/tier4_debug_msgs:/home/cityu/autoware/install/autoware_lint_common:/home/cityu/autoware/install/autoware_auto_system_msgs:/home/cityu/autoware/install/autoware_auto_mapping_msgs:/home/cityu/autoware/install/autoware_auto_geometry_msgs:/opt/ros/galactic LD_LIBRARY_PATH=/home/cityu/autoware/install/motion_utils/lib:/home/cityu/autoware/install/interpolation/lib:/home/cityu/autoware/install/tier4_autoware_utils/lib:/home/cityu/autoware/install/vehicle_info_util/lib:/home/cityu/autoware/install/autoware_auto_vehicle_msgs/lib:/home/cityu/autoware/install/autoware_auto_planning_msgs/lib:/home/cityu/autoware/install/autoware_auto_perception_msgs/lib:/home/cityu/autoware/install/tier4_planning_msgs/lib:/home/cityu/autoware/install/tier4_debug_msgs/lib:/home/cityu/autoware/install/autoware_auto_system_msgs/lib:/home/cityu/autoware/install/autoware_auto_mapping_msgs/lib:/home/cityu/autoware/install/autoware_auto_geometry_msgs/lib:${LD_LIBRARY_PATH} PYTHONPATH=/home/cityu/autoware/install/autoware_auto_vehicle_msgs/lib/python3.8/site-packages:/home/cityu/autoware/install/autoware_auto_planning_msgs/lib/python3.8/site-packages:/home/cityu/autoware/install/autoware_auto_perception_msgs/lib/python3.8/site-packages:/home/cityu/autoware/install/tier4_planning_msgs/lib/python3.8/site-packages:/home/cityu/autoware/install/tier4_debug_msgs/lib/python3.8/site-packages:/home/cityu/autoware/install/autoware_auto_system_msgs/lib/python3.8/site-packages:/home/cityu/autoware/install/autoware_auto_mapping_msgs/lib/python3.8/site-packages:/home/cityu/autoware/install/autoware_auto_geometry_msgs/lib/python3.8/site-packages:${PYTHONPATH} /usr/bin/cmake --install /home/cityu/autoware/build/surround_obstacle_checker
[158.882s] -- Install configuration: "Release"
[158.894s] -- Execute custom install script
[158.895s] -- Symlinking: /home/cityu/autoware/install/surround_obstacle_checker/lib/surround_obstacle_checker/surround_obstacle_checker_node
[158.895s] -- Symlinking: /home/cityu/autoware/install/surround_obstacle_checker/include/surround_obstacle_checker/debug_marker.hpp
[158.895s] -- Symlinking: /home/cityu/autoware/install/surround_obstacle_checker/include/surround_obstacle_checker/node.hpp
[158.895s] -- Symlinking: /home/cityu/autoware/install/surround_obstacle_checker/share/surround_obstacle_checker/environment/library_path.sh
[158.895s] -- Symlinking: /home/cityu/autoware/install/surround_obstacle_checker/share/surround_obstacle_checker/environment/library_path.dsv
[158.895s] -- Symlinking: /home/cityu/autoware/install/surround_obstacle_checker/lib/libsurround_obstacle_checker.so
[158.895s] -- Symlinking: /home/cityu/autoware/install/surround_obstacle_checker/share/surround_obstacle_checker/config/surround_obstacle_checker.param.yaml
[158.896s] -- Symlinking: /home/cityu/autoware/install/surround_obstacle_checker/share/surround_obstacle_checker/launch/surround_obstacle_checker.launch.xml
[158.896s] -- Symlinking: /home/cityu/autoware/install/surround_obstacle_checker/share/ament_index/resource_index/package_run_dependencies/surround_obstacle_checker
[158.896s] -- Symlinking: /home/cityu/autoware/install/surround_obstacle_checker/share/ament_index/resource_index/parent_prefix_path/surround_obstacle_checker
[158.896s] -- Symlinking: /home/cityu/autoware/install/surround_obstacle_checker/share/surround_obstacle_checker/environment/ament_prefix_path.sh
[158.896s] -- Symlinking: /home/cityu/autoware/install/surround_obstacle_checker/share/surround_obstacle_checker/environment/ament_prefix_path.dsv
[158.896s] -- Symlinking: /home/cityu/autoware/install/surround_obstacle_checker/share/surround_obstacle_checker/environment/path.sh
[158.896s] -- Symlinking: /home/cityu/autoware/install/surround_obstacle_checker/share/surround_obstacle_checker/environment/path.dsv
[158.896s] -- Symlinking: /home/cityu/autoware/install/surround_obstacle_checker/share/surround_obstacle_checker/local_setup.bash
[158.896s] -- Symlinking: /home/cityu/autoware/install/surround_obstacle_checker/share/surround_obstacle_checker/local_setup.sh
[158.896s] -- Symlinking: /home/cityu/autoware/install/surround_obstacle_checker/share/surround_obstacle_checker/local_setup.zsh
[158.897s] -- Symlinking: /home/cityu/autoware/install/surround_obstacle_checker/share/surround_obstacle_checker/local_setup.dsv
[158.897s] -- Symlinking: /home/cityu/autoware/install/surround_obstacle_checker/share/surround_obstacle_checker/package.dsv
[158.897s] -- Symlinking: /home/cityu/autoware/install/surround_obstacle_checker/share/ament_index/resource_index/packages/surround_obstacle_checker
[158.897s] -- Symlinking: /home/cityu/autoware/install/surround_obstacle_checker/share/ament_index/resource_index/rclcpp_components/surround_obstacle_checker
[158.897s] -- Symlinking: /home/cityu/autoware/install/surround_obstacle_checker/share/surround_obstacle_checker/cmake/ament_cmake_export_dependencies-extras.cmake
[158.897s] -- Symlinking: /home/cityu/autoware/install/surround_obstacle_checker/share/surround_obstacle_checker/cmake/ament_cmake_export_include_directories-extras.cmake
[158.897s] -- Symlinking: /home/cityu/autoware/install/surround_obstacle_checker/share/surround_obstacle_checker/cmake/ament_cmake_export_libraries-extras.cmake
[158.897s] -- Symlinking: /home/cityu/autoware/install/surround_obstacle_checker/share/surround_obstacle_checker/cmake/surround_obstacle_checkerConfig.cmake
[158.897s] -- Symlinking: /home/cityu/autoware/install/surround_obstacle_checker/share/surround_obstacle_checker/cmake/surround_obstacle_checkerConfig-version.cmake
[158.897s] -- Symlinking: /home/cityu/autoware/install/surround_obstacle_checker/share/surround_obstacle_checker/package.xml
[158.906s] Invoked command in '/home/cityu/autoware/build/surround_obstacle_checker' returned '0': AMENT_PREFIX_PATH=/home/cityu/autoware/install/motion_utils:/home/cityu/autoware/install/interpolation:/home/cityu/autoware/install/tier4_autoware_utils:/home/cityu/autoware/install/autoware_auto_tf2:/home/cityu/autoware/install/vehicle_info_util:/home/cityu/autoware/install/autoware_auto_vehicle_msgs:/home/cityu/autoware/install/autoware_auto_common:/home/cityu/autoware/install/autoware_cmake:/home/cityu/autoware/install/autoware_auto_planning_msgs:/home/cityu/autoware/install/autoware_auto_perception_msgs:/home/cityu/autoware/install/tier4_planning_msgs:/home/cityu/autoware/install/tier4_debug_msgs:/home/cityu/autoware/install/autoware_lint_common:/home/cityu/autoware/install/autoware_auto_system_msgs:/home/cityu/autoware/install/autoware_auto_mapping_msgs:/home/cityu/autoware/install/autoware_auto_geometry_msgs:${AMENT_PREFIX_PATH} CMAKE_PREFIX_PATH=/home/cityu/autoware/install/motion_utils:/home/cityu/autoware/install/interpolation:/home/cityu/autoware/install/tier4_autoware_utils:/home/cityu/autoware/install/autoware_auto_tf2:/home/cityu/autoware/install/vehicle_info_util:/home/cityu/autoware/install/autoware_auto_vehicle_msgs:/home/cityu/autoware/install/autoware_auto_common:/home/cityu/autoware/install/autoware_cmake:/home/cityu/autoware/install/autoware_auto_planning_msgs:/home/cityu/autoware/install/autoware_auto_perception_msgs:/home/cityu/autoware/install/tier4_planning_msgs:/home/cityu/autoware/install/tier4_debug_msgs:/home/cityu/autoware/install/autoware_lint_common:/home/cityu/autoware/install/autoware_auto_system_msgs:/home/cityu/autoware/install/autoware_auto_mapping_msgs:/home/cityu/autoware/install/autoware_auto_geometry_msgs:/opt/ros/galactic LD_LIBRARY_PATH=/home/cityu/autoware/install/motion_utils/lib:/home/cityu/autoware/install/interpolation/lib:/home/cityu/autoware/install/tier4_autoware_utils/lib:/home/cityu/autoware/install/vehicle_info_util/lib:/home/cityu/autoware/install/autoware_auto_vehicle_msgs/lib:/home/cityu/autoware/install/autoware_auto_planning_msgs/lib:/home/cityu/autoware/install/autoware_auto_perception_msgs/lib:/home/cityu/autoware/install/tier4_planning_msgs/lib:/home/cityu/autoware/install/tier4_debug_msgs/lib:/home/cityu/autoware/install/autoware_auto_system_msgs/lib:/home/cityu/autoware/install/autoware_auto_mapping_msgs/lib:/home/cityu/autoware/install/autoware_auto_geometry_msgs/lib:${LD_LIBRARY_PATH} PYTHONPATH=/home/cityu/autoware/install/autoware_auto_vehicle_msgs/lib/python3.8/site-packages:/home/cityu/autoware/install/autoware_auto_planning_msgs/lib/python3.8/site-packages:/home/cityu/autoware/install/autoware_auto_perception_msgs/lib/python3.8/site-packages:/home/cityu/autoware/install/tier4_planning_msgs/lib/python3.8/site-packages:/home/cityu/autoware/install/tier4_debug_msgs/lib/python3.8/site-packages:/home/cityu/autoware/install/autoware_auto_system_msgs/lib/python3.8/site-packages:/home/cityu/autoware/install/autoware_auto_mapping_msgs/lib/python3.8/site-packages:/home/cityu/autoware/install/autoware_auto_geometry_msgs/lib/python3.8/site-packages:${PYTHONPATH} /usr/bin/cmake --install /home/cityu/autoware/build/surround_obstacle_checker
