-- Found autoware_cmake: 0.1.0 (/home/cityu/autoware/install/autoware_cmake/share/autoware_cmake/cmake)
-- Found ament_cmake_auto: 1.1.6 (/opt/ros/galactic/share/ament_cmake_auto/cmake)
-- Using PYTHON_EXECUTABLE: /usr/bin/python3
-- Override CMake install command with custom implementation using symlinks instead of copying resources
-- Using all available rosidl_typesupport_c: rosidl_typesupport_fastrtps_c;rosidl_typesupport_introspection_c
-- Found rosidl_adapter: 2.2.3 (/opt/ros/galactic/share/rosidl_adapter/cmake)
-- Using all available rosidl_typesupport_cpp: rosidl_typesupport_fastrtps_cpp;rosidl_typesupport_introspection_cpp
-- Found rmw_implementation_cmake: 3.3.1 (/opt/ros/galactic/share/rmw_implementation_cmake/cmake)
-- Found rmw_cyclonedds_cpp: 0.22.6 (/opt/ros/galactic/share/rmw_cyclonedds_cpp/cmake)
-- Using RMW implementation 'rmw_cyclonedds_cpp' as default
-- Found mrt_cmake_modules: 1.0.9 (/opt/ros/galactic/share/mrt_cmake_modules/cmake)
-- Found OpenMP_C: -fopenmp  
-- Found OpenMP_CXX: -fopenmp  
-- Found OpenMP: TRUE   
-- Found eigen3_cmake_module: 0.1.1 (/opt/ros/galactic/share/eigen3_cmake_module/cmake)
-- Found ament_lint_auto: 0.10.7 (/opt/ros/galactic/share/ament_lint_auto/cmake)
-- Added test 'copyright' to check source files copyright and LICENSE
-- Added test 'cppcheck' to perform static code analysis on C / C++ code
-- Configured cppcheck include dirs: /home/cityu/autoware/src/universe/autoware.universe/perception/traffic_light_visualization/include
-- Configured cppcheck exclude dirs and/or files: 
-- Added test 'lint_cmake' to check CMake code style
-- Added test 'xmllint' to check XML markup files
-- Configuring done
-- Generating done
-- Build files have been written to: /home/cityu/autoware/build/traffic_light_visualization
[ 28%] Built target traffic_light_visualization_node
[ 42%] [32m[1mLinking CXX shared library libtraffic_light_roi_visualizer_nodelet.so[0m
[ 57%] Built target traffic_light_roi_visualizer_nodelet
[ 71%] [32m[1mLinking CXX executable traffic_light_map_visualizer_node[0m
[100%] Built target traffic_light_map_visualizer_node
-- Install configuration: "Release"
-- Execute custom install script
-- Up-to-date symlink: /home/cityu/autoware/install/traffic_light_visualization/lib/traffic_light_visualization/traffic_light_visualization_node
-- Up-to-date symlink: /home/cityu/autoware/install/traffic_light_visualization/include/traffic_light_map_visualizer/node.hpp
-- Up-to-date symlink: /home/cityu/autoware/install/traffic_light_visualization/include/traffic_light_roi_visualizer/nodelet.hpp
-- Up-to-date symlink: /home/cityu/autoware/install/traffic_light_visualization/share/traffic_light_visualization/environment/library_path.sh
-- Up-to-date symlink: /home/cityu/autoware/install/traffic_light_visualization/share/traffic_light_visualization/environment/library_path.dsv
-- Up-to-date symlink: /home/cityu/autoware/install/traffic_light_visualization/lib/libtraffic_light_roi_visualizer_nodelet.so
-- Up-to-date symlink: /home/cityu/autoware/install/traffic_light_visualization/lib/traffic_light_visualization/traffic_light_map_visualizer_node
-- Up-to-date symlink: /home/cityu/autoware/install/traffic_light_visualization/share/traffic_light_visualization/launch/traffic_light_map_visualizer.launch.xml
-- Up-to-date symlink: /home/cityu/autoware/install/traffic_light_visualization/share/traffic_light_visualization/launch/traffic_light_roi_visualizer.launch.xml
-- Up-to-date symlink: /home/cityu/autoware/install/traffic_light_visualization/share/ament_index/resource_index/package_run_dependencies/traffic_light_visualization
-- Up-to-date symlink: /home/cityu/autoware/install/traffic_light_visualization/share/ament_index/resource_index/parent_prefix_path/traffic_light_visualization
-- Up-to-date symlink: /home/cityu/autoware/install/traffic_light_visualization/share/traffic_light_visualization/environment/ament_prefix_path.sh
-- Up-to-date symlink: /home/cityu/autoware/install/traffic_light_visualization/share/traffic_light_visualization/environment/ament_prefix_path.dsv
-- Up-to-date symlink: /home/cityu/autoware/install/traffic_light_visualization/share/traffic_light_visualization/environment/path.sh
-- Up-to-date symlink: /home/cityu/autoware/install/traffic_light_visualization/share/traffic_light_visualization/environment/path.dsv
-- Up-to-date symlink: /home/cityu/autoware/install/traffic_light_visualization/share/traffic_light_visualization/local_setup.bash
-- Up-to-date symlink: /home/cityu/autoware/install/traffic_light_visualization/share/traffic_light_visualization/local_setup.sh
-- Up-to-date symlink: /home/cityu/autoware/install/traffic_light_visualization/share/traffic_light_visualization/local_setup.zsh
-- Up-to-date symlink: /home/cityu/autoware/install/traffic_light_visualization/share/traffic_light_visualization/local_setup.dsv
-- Symlinking: /home/cityu/autoware/install/traffic_light_visualization/share/traffic_light_visualization/package.dsv
-- Up-to-date symlink: /home/cityu/autoware/install/traffic_light_visualization/share/ament_index/resource_index/packages/traffic_light_visualization
-- Up-to-date symlink: /home/cityu/autoware/install/traffic_light_visualization/share/ament_index/resource_index/rclcpp_components/traffic_light_visualization
-- Up-to-date symlink: /home/cityu/autoware/install/traffic_light_visualization/share/traffic_light_visualization/cmake/ament_cmake_export_dependencies-extras.cmake
-- Up-to-date symlink: /home/cityu/autoware/install/traffic_light_visualization/share/traffic_light_visualization/cmake/ament_cmake_export_include_directories-extras.cmake
-- Up-to-date symlink: /home/cityu/autoware/install/traffic_light_visualization/share/traffic_light_visualization/cmake/ament_cmake_export_libraries-extras.cmake
-- Up-to-date symlink: /home/cityu/autoware/install/traffic_light_visualization/share/traffic_light_visualization/cmake/traffic_light_visualizationConfig.cmake
-- Up-to-date symlink: /home/cityu/autoware/install/traffic_light_visualization/share/traffic_light_visualization/cmake/traffic_light_visualizationConfig-version.cmake
-- Up-to-date symlink: /home/cityu/autoware/install/traffic_light_visualization/share/traffic_light_visualization/package.xml
