[0.103s] Invoking command in '/home/cityu/autoware/build/traffic_light_visualization': AMENT_PREFIX_PATH=/home/cityu/autoware/install/lanelet2_extension:/home/cityu/autoware/install/autoware_utils:/home/cityu/autoware/install/autoware_planning_msgs:/home/cityu/autoware/install/autoware_cmake:/home/cityu/autoware/install/autoware_auto_planning_msgs:/home/cityu/autoware/install/autoware_auto_perception_msgs:/home/cityu/autoware/install/autoware_lint_common:/home/cityu/autoware/install/autoware_common_msgs:/home/cityu/autoware/install/autoware_auto_mapping_msgs:/home/cityu/autoware/install/autoware_auto_geometry_msgs:${AMENT_PREFIX_PATH} CMAKE_PREFIX_PATH=/home/cityu/autoware/install/lanelet2_extension:/home/cityu/autoware/install/autoware_utils:/home/cityu/autoware/install/autoware_planning_msgs:/home/cityu/autoware/install/autoware_cmake:/home/cityu/autoware/install/autoware_auto_planning_msgs:/home/cityu/autoware/install/autoware_auto_perception_msgs:/home/cityu/autoware/install/autoware_lint_common:/home/cityu/autoware/install/autoware_common_msgs:/home/cityu/autoware/install/autoware_auto_mapping_msgs:/home/cityu/autoware/install/autoware_auto_geometry_msgs:/opt/ros/galactic LD_LIBRARY_PATH=/home/cityu/autoware/install/lanelet2_extension/lib:/home/cityu/autoware/install/autoware_utils/lib:/home/cityu/autoware/install/autoware_planning_msgs/lib:/home/cityu/autoware/install/autoware_auto_planning_msgs/lib:/home/cityu/autoware/install/autoware_auto_perception_msgs/lib:/home/cityu/autoware/install/autoware_common_msgs/lib:/home/cityu/autoware/install/autoware_auto_mapping_msgs/lib:/home/cityu/autoware/install/autoware_auto_geometry_msgs/lib:${LD_LIBRARY_PATH} PYTHONPATH=/home/cityu/autoware/install/autoware_planning_msgs/lib/python3.8/site-packages:/home/cityu/autoware/install/autoware_auto_planning_msgs/lib/python3.8/site-packages:/home/cityu/autoware/install/autoware_auto_perception_msgs/lib/python3.8/site-packages:/home/cityu/autoware/install/autoware_common_msgs/lib/python3.8/site-packages:/home/cityu/autoware/install/autoware_auto_mapping_msgs/lib/python3.8/site-packages:/home/cityu/autoware/install/autoware_auto_geometry_msgs/lib/python3.8/site-packages:${PYTHONPATH} /usr/bin/cmake /home/cityu/autoware/src/universe/autoware.universe/perception/traffic_light_visualization -DCMAKE_BUILD_TYPE=Release -DDOWNLOAD_ARTIFACTS=ON -DAMENT_CMAKE_SYMLINK_INSTALL=1 -DCMAKE_INSTALL_PREFIX=/home/cityu/autoware/install/traffic_light_visualization
[0.141s] -- Found autoware_cmake: 0.1.0 (/home/cityu/autoware/install/autoware_cmake/share/autoware_cmake/cmake)
[0.142s] -- Found ament_cmake_auto: 1.1.6 (/opt/ros/galactic/share/ament_cmake_auto/cmake)
[0.174s] -- Using PYTHON_EXECUTABLE: /usr/bin/python3
[0.315s] -- Override CMake install command with custom implementation using symlinks instead of copying resources
[0.481s] -- Using all available rosidl_typesupport_c: rosidl_typesupport_fastrtps_c;rosidl_typesupport_introspection_c
[0.487s] -- Found rosidl_adapter: 2.2.3 (/opt/ros/galactic/share/rosidl_adapter/cmake)
[0.658s] -- Using all available rosidl_typesupport_cpp: rosidl_typesupport_fastrtps_cpp;rosidl_typesupport_introspection_cpp
[1.683s] -- Found rmw_implementation_cmake: 3.3.1 (/opt/ros/galactic/share/rmw_implementation_cmake/cmake)
[1.686s] -- Found rmw_cyclonedds_cpp: 0.22.6 (/opt/ros/galactic/share/rmw_cyclonedds_cpp/cmake)
[1.716s] -- Using RMW implementation 'rmw_cyclonedds_cpp' as default
[3.507s] -- Found mrt_cmake_modules: 1.0.9 (/opt/ros/galactic/share/mrt_cmake_modules/cmake)
[3.575s] -- Found OpenMP_C: -fopenmp  
[3.575s] -- Found OpenMP_CXX: -fopenmp  
[3.576s] -- Found OpenMP: TRUE   
[3.685s] -- Found eigen3_cmake_module: 0.1.1 (/opt/ros/galactic/share/eigen3_cmake_module/cmake)
[4.405s] -- Found ament_lint_auto: 0.10.7 (/opt/ros/galactic/share/ament_lint_auto/cmake)
[6.014s] -- Added test 'copyright' to check source files copyright and LICENSE
[6.015s] -- Added test 'cppcheck' to perform static code analysis on C / C++ code
[6.016s] -- Configured cppcheck include dirs: /home/cityu/autoware/src/universe/autoware.universe/perception/traffic_light_visualization/include
[6.016s] -- Configured cppcheck exclude dirs and/or files: 
[6.017s] -- Added test 'lint_cmake' to check CMake code style
[6.017s] -- Added test 'xmllint' to check XML markup files
[6.027s] -- Configuring done
[6.229s] -- Generating done
[6.232s] CMake Warning:
[6.232s]   Manually-specified variables were not used by the project:
[6.232s] 
[6.233s]     DOWNLOAD_ARTIFACTS
[6.233s] 
[6.233s] 
[6.233s] -- Build files have been written to: /home/cityu/autoware/build/traffic_light_visualization
[6.272s] Invoked command in '/home/cityu/autoware/build/traffic_light_visualization' returned '0': AMENT_PREFIX_PATH=/home/cityu/autoware/install/lanelet2_extension:/home/cityu/autoware/install/autoware_utils:/home/cityu/autoware/install/autoware_planning_msgs:/home/cityu/autoware/install/autoware_cmake:/home/cityu/autoware/install/autoware_auto_planning_msgs:/home/cityu/autoware/install/autoware_auto_perception_msgs:/home/cityu/autoware/install/autoware_lint_common:/home/cityu/autoware/install/autoware_common_msgs:/home/cityu/autoware/install/autoware_auto_mapping_msgs:/home/cityu/autoware/install/autoware_auto_geometry_msgs:${AMENT_PREFIX_PATH} CMAKE_PREFIX_PATH=/home/cityu/autoware/install/lanelet2_extension:/home/cityu/autoware/install/autoware_utils:/home/cityu/autoware/install/autoware_planning_msgs:/home/cityu/autoware/install/autoware_cmake:/home/cityu/autoware/install/autoware_auto_planning_msgs:/home/cityu/autoware/install/autoware_auto_perception_msgs:/home/cityu/autoware/install/autoware_lint_common:/home/cityu/autoware/install/autoware_common_msgs:/home/cityu/autoware/install/autoware_auto_mapping_msgs:/home/cityu/autoware/install/autoware_auto_geometry_msgs:/opt/ros/galactic LD_LIBRARY_PATH=/home/cityu/autoware/install/lanelet2_extension/lib:/home/cityu/autoware/install/autoware_utils/lib:/home/cityu/autoware/install/autoware_planning_msgs/lib:/home/cityu/autoware/install/autoware_auto_planning_msgs/lib:/home/cityu/autoware/install/autoware_auto_perception_msgs/lib:/home/cityu/autoware/install/autoware_common_msgs/lib:/home/cityu/autoware/install/autoware_auto_mapping_msgs/lib:/home/cityu/autoware/install/autoware_auto_geometry_msgs/lib:${LD_LIBRARY_PATH} PYTHONPATH=/home/cityu/autoware/install/autoware_planning_msgs/lib/python3.8/site-packages:/home/cityu/autoware/install/autoware_auto_planning_msgs/lib/python3.8/site-packages:/home/cityu/autoware/install/autoware_auto_perception_msgs/lib/python3.8/site-packages:/home/cityu/autoware/install/autoware_common_msgs/lib/python3.8/site-packages:/home/cityu/autoware/install/autoware_auto_mapping_msgs/lib/python3.8/site-packages:/home/cityu/autoware/install/autoware_auto_geometry_msgs/lib/python3.8/site-packages:${PYTHONPATH} /usr/bin/cmake /home/cityu/autoware/src/universe/autoware.universe/perception/traffic_light_visualization -DCMAKE_BUILD_TYPE=Release -DDOWNLOAD_ARTIFACTS=ON -DAMENT_CMAKE_SYMLINK_INSTALL=1 -DCMAKE_INSTALL_PREFIX=/home/cityu/autoware/install/traffic_light_visualization
[6.284s] Invoking command in '/home/cityu/autoware/build/traffic_light_visualization': AMENT_PREFIX_PATH=/home/cityu/autoware/install/lanelet2_extension:/home/cityu/autoware/install/autoware_utils:/home/cityu/autoware/install/autoware_planning_msgs:/home/cityu/autoware/install/autoware_cmake:/home/cityu/autoware/install/autoware_auto_planning_msgs:/home/cityu/autoware/install/autoware_auto_perception_msgs:/home/cityu/autoware/install/autoware_lint_common:/home/cityu/autoware/install/autoware_common_msgs:/home/cityu/autoware/install/autoware_auto_mapping_msgs:/home/cityu/autoware/install/autoware_auto_geometry_msgs:${AMENT_PREFIX_PATH} CMAKE_PREFIX_PATH=/home/cityu/autoware/install/lanelet2_extension:/home/cityu/autoware/install/autoware_utils:/home/cityu/autoware/install/autoware_planning_msgs:/home/cityu/autoware/install/autoware_cmake:/home/cityu/autoware/install/autoware_auto_planning_msgs:/home/cityu/autoware/install/autoware_auto_perception_msgs:/home/cityu/autoware/install/autoware_lint_common:/home/cityu/autoware/install/autoware_common_msgs:/home/cityu/autoware/install/autoware_auto_mapping_msgs:/home/cityu/autoware/install/autoware_auto_geometry_msgs:/opt/ros/galactic LD_LIBRARY_PATH=/home/cityu/autoware/install/lanelet2_extension/lib:/home/cityu/autoware/install/autoware_utils/lib:/home/cityu/autoware/install/autoware_planning_msgs/lib:/home/cityu/autoware/install/autoware_auto_planning_msgs/lib:/home/cityu/autoware/install/autoware_auto_perception_msgs/lib:/home/cityu/autoware/install/autoware_common_msgs/lib:/home/cityu/autoware/install/autoware_auto_mapping_msgs/lib:/home/cityu/autoware/install/autoware_auto_geometry_msgs/lib:${LD_LIBRARY_PATH} PYTHONPATH=/home/cityu/autoware/install/autoware_planning_msgs/lib/python3.8/site-packages:/home/cityu/autoware/install/autoware_auto_planning_msgs/lib/python3.8/site-packages:/home/cityu/autoware/install/autoware_auto_perception_msgs/lib/python3.8/site-packages:/home/cityu/autoware/install/autoware_common_msgs/lib/python3.8/site-packages:/home/cityu/autoware/install/autoware_auto_mapping_msgs/lib/python3.8/site-packages:/home/cityu/autoware/install/autoware_auto_geometry_msgs/lib/python3.8/site-packages:${PYTHONPATH} /usr/bin/cmake --build /home/cityu/autoware/build/traffic_light_visualization -- -j16 -l16
[7.414s] [ 28%] Built target traffic_light_visualization_node
[7.414s] [ 42%] [32m[1mLinking CXX shared library libtraffic_light_roi_visualizer_nodelet.so[0m
[7.414s] [ 57%] Built target traffic_light_roi_visualizer_nodelet
[7.414s] [ 71%] [32m[1mLinking CXX executable traffic_light_map_visualizer_node[0m
[8.317s] [100%] Built target traffic_light_map_visualizer_node
[8.353s] Invoked command in '/home/cityu/autoware/build/traffic_light_visualization' returned '0': AMENT_PREFIX_PATH=/home/cityu/autoware/install/lanelet2_extension:/home/cityu/autoware/install/autoware_utils:/home/cityu/autoware/install/autoware_planning_msgs:/home/cityu/autoware/install/autoware_cmake:/home/cityu/autoware/install/autoware_auto_planning_msgs:/home/cityu/autoware/install/autoware_auto_perception_msgs:/home/cityu/autoware/install/autoware_lint_common:/home/cityu/autoware/install/autoware_common_msgs:/home/cityu/autoware/install/autoware_auto_mapping_msgs:/home/cityu/autoware/install/autoware_auto_geometry_msgs:${AMENT_PREFIX_PATH} CMAKE_PREFIX_PATH=/home/cityu/autoware/install/lanelet2_extension:/home/cityu/autoware/install/autoware_utils:/home/cityu/autoware/install/autoware_planning_msgs:/home/cityu/autoware/install/autoware_cmake:/home/cityu/autoware/install/autoware_auto_planning_msgs:/home/cityu/autoware/install/autoware_auto_perception_msgs:/home/cityu/autoware/install/autoware_lint_common:/home/cityu/autoware/install/autoware_common_msgs:/home/cityu/autoware/install/autoware_auto_mapping_msgs:/home/cityu/autoware/install/autoware_auto_geometry_msgs:/opt/ros/galactic LD_LIBRARY_PATH=/home/cityu/autoware/install/lanelet2_extension/lib:/home/cityu/autoware/install/autoware_utils/lib:/home/cityu/autoware/install/autoware_planning_msgs/lib:/home/cityu/autoware/install/autoware_auto_planning_msgs/lib:/home/cityu/autoware/install/autoware_auto_perception_msgs/lib:/home/cityu/autoware/install/autoware_common_msgs/lib:/home/cityu/autoware/install/autoware_auto_mapping_msgs/lib:/home/cityu/autoware/install/autoware_auto_geometry_msgs/lib:${LD_LIBRARY_PATH} PYTHONPATH=/home/cityu/autoware/install/autoware_planning_msgs/lib/python3.8/site-packages:/home/cityu/autoware/install/autoware_auto_planning_msgs/lib/python3.8/site-packages:/home/cityu/autoware/install/autoware_auto_perception_msgs/lib/python3.8/site-packages:/home/cityu/autoware/install/autoware_common_msgs/lib/python3.8/site-packages:/home/cityu/autoware/install/autoware_auto_mapping_msgs/lib/python3.8/site-packages:/home/cityu/autoware/install/autoware_auto_geometry_msgs/lib/python3.8/site-packages:${PYTHONPATH} /usr/bin/cmake --build /home/cityu/autoware/build/traffic_light_visualization -- -j16 -l16
[8.417s] Invoking command in '/home/cityu/autoware/build/traffic_light_visualization': AMENT_PREFIX_PATH=/home/cityu/autoware/install/lanelet2_extension:/home/cityu/autoware/install/autoware_utils:/home/cityu/autoware/install/autoware_planning_msgs:/home/cityu/autoware/install/autoware_cmake:/home/cityu/autoware/install/autoware_auto_planning_msgs:/home/cityu/autoware/install/autoware_auto_perception_msgs:/home/cityu/autoware/install/autoware_lint_common:/home/cityu/autoware/install/autoware_common_msgs:/home/cityu/autoware/install/autoware_auto_mapping_msgs:/home/cityu/autoware/install/autoware_auto_geometry_msgs:${AMENT_PREFIX_PATH} CMAKE_PREFIX_PATH=/home/cityu/autoware/install/lanelet2_extension:/home/cityu/autoware/install/autoware_utils:/home/cityu/autoware/install/autoware_planning_msgs:/home/cityu/autoware/install/autoware_cmake:/home/cityu/autoware/install/autoware_auto_planning_msgs:/home/cityu/autoware/install/autoware_auto_perception_msgs:/home/cityu/autoware/install/autoware_lint_common:/home/cityu/autoware/install/autoware_common_msgs:/home/cityu/autoware/install/autoware_auto_mapping_msgs:/home/cityu/autoware/install/autoware_auto_geometry_msgs:/opt/ros/galactic LD_LIBRARY_PATH=/home/cityu/autoware/install/lanelet2_extension/lib:/home/cityu/autoware/install/autoware_utils/lib:/home/cityu/autoware/install/autoware_planning_msgs/lib:/home/cityu/autoware/install/autoware_auto_planning_msgs/lib:/home/cityu/autoware/install/autoware_auto_perception_msgs/lib:/home/cityu/autoware/install/autoware_common_msgs/lib:/home/cityu/autoware/install/autoware_auto_mapping_msgs/lib:/home/cityu/autoware/install/autoware_auto_geometry_msgs/lib:${LD_LIBRARY_PATH} PYTHONPATH=/home/cityu/autoware/install/autoware_planning_msgs/lib/python3.8/site-packages:/home/cityu/autoware/install/autoware_auto_planning_msgs/lib/python3.8/site-packages:/home/cityu/autoware/install/autoware_auto_perception_msgs/lib/python3.8/site-packages:/home/cityu/autoware/install/autoware_common_msgs/lib/python3.8/site-packages:/home/cityu/autoware/install/autoware_auto_mapping_msgs/lib/python3.8/site-packages:/home/cityu/autoware/install/autoware_auto_geometry_msgs/lib/python3.8/site-packages:${PYTHONPATH} /usr/bin/cmake --install /home/cityu/autoware/build/traffic_light_visualization
[10.755s] -- Install configuration: "Release"
[10.755s] -- Execute custom install script
[10.755s] -- Up-to-date symlink: /home/cityu/autoware/install/traffic_light_visualization/lib/traffic_light_visualization/traffic_light_visualization_node
[10.755s] -- Up-to-date symlink: /home/cityu/autoware/install/traffic_light_visualization/include/traffic_light_map_visualizer/node.hpp
[10.755s] -- Up-to-date symlink: /home/cityu/autoware/install/traffic_light_visualization/include/traffic_light_roi_visualizer/nodelet.hpp
[10.755s] -- Up-to-date symlink: /home/cityu/autoware/install/traffic_light_visualization/share/traffic_light_visualization/environment/library_path.sh
[10.755s] -- Up-to-date symlink: /home/cityu/autoware/install/traffic_light_visualization/share/traffic_light_visualization/environment/library_path.dsv
[10.755s] -- Up-to-date symlink: /home/cityu/autoware/install/traffic_light_visualization/lib/libtraffic_light_roi_visualizer_nodelet.so
[10.755s] -- Up-to-date symlink: /home/cityu/autoware/install/traffic_light_visualization/lib/traffic_light_visualization/traffic_light_map_visualizer_node
[10.756s] -- Up-to-date symlink: /home/cityu/autoware/install/traffic_light_visualization/share/traffic_light_visualization/launch/traffic_light_map_visualizer.launch.xml
[10.756s] -- Up-to-date symlink: /home/cityu/autoware/install/traffic_light_visualization/share/traffic_light_visualization/launch/traffic_light_roi_visualizer.launch.xml
[10.756s] -- Up-to-date symlink: /home/cityu/autoware/install/traffic_light_visualization/share/ament_index/resource_index/package_run_dependencies/traffic_light_visualization
[10.756s] -- Up-to-date symlink: /home/cityu/autoware/install/traffic_light_visualization/share/ament_index/resource_index/parent_prefix_path/traffic_light_visualization
[10.756s] -- Up-to-date symlink: /home/cityu/autoware/install/traffic_light_visualization/share/traffic_light_visualization/environment/ament_prefix_path.sh
[10.756s] -- Up-to-date symlink: /home/cityu/autoware/install/traffic_light_visualization/share/traffic_light_visualization/environment/ament_prefix_path.dsv
[10.756s] -- Up-to-date symlink: /home/cityu/autoware/install/traffic_light_visualization/share/traffic_light_visualization/environment/path.sh
[10.756s] -- Up-to-date symlink: /home/cityu/autoware/install/traffic_light_visualization/share/traffic_light_visualization/environment/path.dsv
[10.757s] -- Up-to-date symlink: /home/cityu/autoware/install/traffic_light_visualization/share/traffic_light_visualization/local_setup.bash
[10.757s] -- Up-to-date symlink: /home/cityu/autoware/install/traffic_light_visualization/share/traffic_light_visualization/local_setup.sh
[10.757s] -- Up-to-date symlink: /home/cityu/autoware/install/traffic_light_visualization/share/traffic_light_visualization/local_setup.zsh
[10.757s] -- Up-to-date symlink: /home/cityu/autoware/install/traffic_light_visualization/share/traffic_light_visualization/local_setup.dsv
[10.757s] -- Symlinking: /home/cityu/autoware/install/traffic_light_visualization/share/traffic_light_visualization/package.dsv
[10.757s] -- Up-to-date symlink: /home/cityu/autoware/install/traffic_light_visualization/share/ament_index/resource_index/packages/traffic_light_visualization
[10.757s] -- Up-to-date symlink: /home/cityu/autoware/install/traffic_light_visualization/share/ament_index/resource_index/rclcpp_components/traffic_light_visualization
[10.757s] -- Up-to-date symlink: /home/cityu/autoware/install/traffic_light_visualization/share/traffic_light_visualization/cmake/ament_cmake_export_dependencies-extras.cmake
[10.757s] -- Up-to-date symlink: /home/cityu/autoware/install/traffic_light_visualization/share/traffic_light_visualization/cmake/ament_cmake_export_include_directories-extras.cmake
[10.758s] -- Up-to-date symlink: /home/cityu/autoware/install/traffic_light_visualization/share/traffic_light_visualization/cmake/ament_cmake_export_libraries-extras.cmake
[10.758s] -- Up-to-date symlink: /home/cityu/autoware/install/traffic_light_visualization/share/traffic_light_visualization/cmake/traffic_light_visualizationConfig.cmake
[10.758s] -- Up-to-date symlink: /home/cityu/autoware/install/traffic_light_visualization/share/traffic_light_visualization/cmake/traffic_light_visualizationConfig-version.cmake
[10.758s] -- Up-to-date symlink: /home/cityu/autoware/install/traffic_light_visualization/share/traffic_light_visualization/package.xml
[10.791s] Invoked command in '/home/cityu/autoware/build/traffic_light_visualization' returned '0': AMENT_PREFIX_PATH=/home/cityu/autoware/install/lanelet2_extension:/home/cityu/autoware/install/autoware_utils:/home/cityu/autoware/install/autoware_planning_msgs:/home/cityu/autoware/install/autoware_cmake:/home/cityu/autoware/install/autoware_auto_planning_msgs:/home/cityu/autoware/install/autoware_auto_perception_msgs:/home/cityu/autoware/install/autoware_lint_common:/home/cityu/autoware/install/autoware_common_msgs:/home/cityu/autoware/install/autoware_auto_mapping_msgs:/home/cityu/autoware/install/autoware_auto_geometry_msgs:${AMENT_PREFIX_PATH} CMAKE_PREFIX_PATH=/home/cityu/autoware/install/lanelet2_extension:/home/cityu/autoware/install/autoware_utils:/home/cityu/autoware/install/autoware_planning_msgs:/home/cityu/autoware/install/autoware_cmake:/home/cityu/autoware/install/autoware_auto_planning_msgs:/home/cityu/autoware/install/autoware_auto_perception_msgs:/home/cityu/autoware/install/autoware_lint_common:/home/cityu/autoware/install/autoware_common_msgs:/home/cityu/autoware/install/autoware_auto_mapping_msgs:/home/cityu/autoware/install/autoware_auto_geometry_msgs:/opt/ros/galactic LD_LIBRARY_PATH=/home/cityu/autoware/install/lanelet2_extension/lib:/home/cityu/autoware/install/autoware_utils/lib:/home/cityu/autoware/install/autoware_planning_msgs/lib:/home/cityu/autoware/install/autoware_auto_planning_msgs/lib:/home/cityu/autoware/install/autoware_auto_perception_msgs/lib:/home/cityu/autoware/install/autoware_common_msgs/lib:/home/cityu/autoware/install/autoware_auto_mapping_msgs/lib:/home/cityu/autoware/install/autoware_auto_geometry_msgs/lib:${LD_LIBRARY_PATH} PYTHONPATH=/home/cityu/autoware/install/autoware_planning_msgs/lib/python3.8/site-packages:/home/cityu/autoware/install/autoware_auto_planning_msgs/lib/python3.8/site-packages:/home/cityu/autoware/install/autoware_auto_perception_msgs/lib/python3.8/site-packages:/home/cityu/autoware/install/autoware_common_msgs/lib/python3.8/site-packages:/home/cityu/autoware/install/autoware_auto_mapping_msgs/lib/python3.8/site-packages:/home/cityu/autoware/install/autoware_auto_geometry_msgs/lib/python3.8/site-packages:${PYTHONPATH} /usr/bin/cmake --install /home/cityu/autoware/build/traffic_light_visualization
