-- Found ament_cmake_core: 1.1.6 (/opt/ros/galactic/share/ament_cmake_core/cmake)
-- Using PYTHON_EXECUTABLE: /usr/bin/python3
-- Override CMake install command with custom implementation using symlinks instead of copying resources
-- Configuring done
-- Generating done
CMake Warning:
  Manually-specified variables were not used by the project:

    DOWNLOAD_ARTIFACTS


-- Build files have been written to: /home/cityu/autoware/build/grid_map_cmake_helpers
-- Install configuration: "Release--cmake-args"
-- Execute custom install script
-- Up-to-date symlink: /home/cityu/autoware/install/grid_map_cmake_helpers/share/ament_index/resource_index/package_run_dependencies/grid_map_cmake_helpers
-- Up-to-date symlink: /home/cityu/autoware/install/grid_map_cmake_helpers/share/ament_index/resource_index/parent_prefix_path/grid_map_cmake_helpers
-- Up-to-date symlink: /home/cityu/autoware/install/grid_map_cmake_helpers/share/grid_map_cmake_helpers/environment/ament_prefix_path.sh
-- Up-to-date symlink: /home/cityu/autoware/install/grid_map_cmake_helpers/share/grid_map_cmake_helpers/environment/ament_prefix_path.dsv
-- Up-to-date symlink: /home/cityu/autoware/install/grid_map_cmake_helpers/share/grid_map_cmake_helpers/environment/path.sh
-- Up-to-date symlink: /home/cityu/autoware/install/grid_map_cmake_helpers/share/grid_map_cmake_helpers/environment/path.dsv
-- Up-to-date symlink: /home/cityu/autoware/install/grid_map_cmake_helpers/share/grid_map_cmake_helpers/local_setup.bash
-- Up-to-date symlink: /home/cityu/autoware/install/grid_map_cmake_helpers/share/grid_map_cmake_helpers/local_setup.sh
-- Up-to-date symlink: /home/cityu/autoware/install/grid_map_cmake_helpers/share/grid_map_cmake_helpers/local_setup.zsh
-- Up-to-date symlink: /home/cityu/autoware/install/grid_map_cmake_helpers/share/grid_map_cmake_helpers/local_setup.dsv
-- Symlinking: /home/cityu/autoware/install/grid_map_cmake_helpers/share/grid_map_cmake_helpers/package.dsv
-- Up-to-date symlink: /home/cityu/autoware/install/grid_map_cmake_helpers/share/ament_index/resource_index/packages/grid_map_cmake_helpers
-- Up-to-date symlink: /home/cityu/autoware/install/grid_map_cmake_helpers/share/grid_map_cmake_helpers/cmake/grid_map_cmake_helpers-extras.cmake
-- Up-to-date symlink: /home/cityu/autoware/install/grid_map_cmake_helpers/share/grid_map_cmake_helpers/cmake/grid_map_cmake_helpersConfig.cmake
-- Up-to-date symlink: /home/cityu/autoware/install/grid_map_cmake_helpers/share/grid_map_cmake_helpers/cmake/grid_map_cmake_helpersConfig-version.cmake
-- Up-to-date symlink: /home/cityu/autoware/install/grid_map_cmake_helpers/share/grid_map_cmake_helpers/package.xml
-- Up-to-date symlink: /home/cityu/autoware/install/grid_map_cmake_helpers/share/grid_map_cmake_helpers/cmake/grid_map_package.cmake
