-- The C compiler identification is GNU 9.4.0
-- The CXX compiler identification is GNU 9.4.0
-- Check for working C compiler: /usr/bin/cc
-- Check for working C compiler: /usr/bin/cc -- works
-- Detecting C compiler ABI info
-- Detecting C compiler ABI info - done
-- Detecting C compile features
-- Detecting C compile features - done
-- Check for working CXX compiler: /usr/bin/c++
-- Check for working CXX compiler: /usr/bin/c++ -- works
-- Detecting CXX compiler ABI info
-- Detecting CXX compiler ABI info - done
-- Detecting CXX compile features
-- Detecting CXX compile features - done
-- Found autoware_cmake: 0.1.0 (/home/cityu/autoware/install/autoware_cmake/share/autoware_cmake/cmake)
-- Found ament_cmake_auto: 1.1.6 (/opt/ros/galactic/share/ament_cmake_auto/cmake)
-- Found PythonInterp: /usr/bin/python3 (found suitable version "3.8.10", minimum required is "3") 
-- Using PYTHON_EXECUTABLE: /usr/bin/python3
-- Override CMake install command with custom implementation using symlinks instead of copying resources
-- Using all available rosidl_typesupport_c: rosidl_typesupport_fastrtps_c;rosidl_typesupport_introspection_c
-- Found rosidl_adapter: 2.2.3 (/opt/ros/galactic/share/rosidl_adapter/cmake)
-- Found OpenSSL: /usr/lib/x86_64-linux-gnu/libcrypto.so (found version "1.1.1f")  
-- Found FastRTPS: /opt/ros/galactic/include  
-- Using all available rosidl_typesupport_cpp: rosidl_typesupport_fastrtps_cpp;rosidl_typesupport_introspection_cpp
-- Found rmw_implementation_cmake: 3.3.1 (/opt/ros/galactic/share/rmw_implementation_cmake/cmake)
-- Found rmw_cyclonedds_cpp: 0.22.6 (/opt/ros/galactic/share/rmw_cyclonedds_cpp/cmake)
-- Using RMW implementation 'rmw_cyclonedds_cpp' as default
-- Looking for pthread.h
-- Looking for pthread.h - found
-- Performing Test CMAKE_HAVE_LIBC_PTHREAD
-- Performing Test CMAKE_HAVE_LIBC_PTHREAD - Failed
-- Looking for pthread_create in pthreads
-- Looking for pthread_create in pthreads - not found
-- Looking for pthread_create in pthread
-- Looking for pthread_create in pthread - found
-- Found Threads: TRUE  
-- Found ament_lint_auto: 0.10.7 (/opt/ros/galactic/share/ament_lint_auto/cmake)
-- Found CUDA: /usr/local/cuda (found version "11.6") 
-- Found CUDNN: /usr/lib/x86_64-linux-gnu/libcudnn.so (found version "8.4.1") 
-- Found TensorRT headers at /usr/include/x86_64-linux-gnu
-- Found TensorRT libs at /usr/lib/x86_64-linux-gnu/libnvinfer.so;/usr/lib/x86_64-linux-gnu/libnvinfer_plugin.so;/usr/lib/x86_64-linux-gnu/libnvparsers.so;/usr/lib/x86_64-linux-gnu/libnvonnxparser.so
-- Found TENSORRT: /usr/include/x86_64-linux-gnu (found version "8.4.2") 
-- Added test 'copyright' to check source files copyright and LICENSE
-- Added test 'cppcheck' to perform static code analysis on C / C++ code
-- Configured cppcheck include dirs: $<BUILD_INTERFACE:/home/cityu/autoware/src/universe/autoware.universe/common/tensorrt_common/include>
-- Configured cppcheck exclude dirs and/or files: 
-- Added test 'lint_cmake' to check CMake code style
-- Added test 'xmllint' to check XML markup files
-- Configuring done
-- Generating done
-- Build files have been written to: /home/cityu/autoware/build/tensorrt_common
[35m[1mScanning dependencies of target tensorrt_common[0m
[ 50%] [32mBuilding CXX object CMakeFiles/tensorrt_common.dir/src/tensorrt_common.cpp.o[0m
[100%] [32m[1mLinking CXX shared library libtensorrt_common.so[0m
[100%] Built target tensorrt_common
-- Install configuration: "Release"
-- Execute custom install script
-- Symlinking: /home/cityu/autoware/install/tensorrt_common/include/tensorrt_common/tensorrt_common.hpp
-- Symlinking: /home/cityu/autoware/install/tensorrt_common/share/tensorrt_common/environment/library_path.sh
-- Symlinking: /home/cityu/autoware/install/tensorrt_common/share/tensorrt_common/environment/library_path.dsv
-- Symlinking: /home/cityu/autoware/install/tensorrt_common/lib/libtensorrt_common.so
-- Symlinking: /home/cityu/autoware/install/tensorrt_common/share/ament_index/resource_index/package_run_dependencies/tensorrt_common
-- Symlinking: /home/cityu/autoware/install/tensorrt_common/share/ament_index/resource_index/parent_prefix_path/tensorrt_common
-- Symlinking: /home/cityu/autoware/install/tensorrt_common/share/tensorrt_common/environment/ament_prefix_path.sh
-- Symlinking: /home/cityu/autoware/install/tensorrt_common/share/tensorrt_common/environment/ament_prefix_path.dsv
-- Symlinking: /home/cityu/autoware/install/tensorrt_common/share/tensorrt_common/environment/path.sh
-- Symlinking: /home/cityu/autoware/install/tensorrt_common/share/tensorrt_common/environment/path.dsv
-- Symlinking: /home/cityu/autoware/install/tensorrt_common/share/tensorrt_common/local_setup.bash
-- Symlinking: /home/cityu/autoware/install/tensorrt_common/share/tensorrt_common/local_setup.sh
-- Symlinking: /home/cityu/autoware/install/tensorrt_common/share/tensorrt_common/local_setup.zsh
-- Symlinking: /home/cityu/autoware/install/tensorrt_common/share/tensorrt_common/local_setup.dsv
-- Symlinking: /home/cityu/autoware/install/tensorrt_common/share/tensorrt_common/package.dsv
-- Symlinking: /home/cityu/autoware/install/tensorrt_common/share/ament_index/resource_index/packages/tensorrt_common
-- Symlinking: /home/cityu/autoware/install/tensorrt_common/share/tensorrt_common/cmake/ament_cmake_export_include_directories-extras.cmake
-- Symlinking: /home/cityu/autoware/install/tensorrt_common/share/tensorrt_common/cmake/ament_cmake_export_dependencies-extras.cmake
-- Symlinking: /home/cityu/autoware/install/tensorrt_common/share/tensorrt_common/cmake/ament_cmake_export_libraries-extras.cmake
-- Symlinking: /home/cityu/autoware/install/tensorrt_common/share/tensorrt_common/cmake/tensorrt_commonConfig.cmake
-- Symlinking: /home/cityu/autoware/install/tensorrt_common/share/tensorrt_common/cmake/tensorrt_commonConfig-version.cmake
-- Symlinking: /home/cityu/autoware/install/tensorrt_common/share/tensorrt_common/package.xml
