[0.014s] Invoking command in '/home/cityu/autoware/build/autoware_lint_common': CMAKE_PREFIX_PATH=/opt/ros/galactic /usr/bin/cmake --build /home/cityu/autoware/build/autoware_lint_common -- -j16 -l16
[0.043s] Invoked command in '/home/cityu/autoware/build/autoware_lint_common' returned '0': CMAKE_PREFIX_PATH=/opt/ros/galactic /usr/bin/cmake --build /home/cityu/autoware/build/autoware_lint_common -- -j16 -l16
[0.069s] Invoking command in '/home/cityu/autoware/build/autoware_lint_common': CMAKE_PREFIX_PATH=/opt/ros/galactic /usr/bin/cmake --install /home/cityu/autoware/build/autoware_lint_common
[0.075s] -- Install configuration: "Release"
[0.075s] -- Execute custom install script
[0.076s] -- Up-to-date symlink: /home/cityu/autoware/install/autoware_lint_common/share/ament_index/resource_index/package_run_dependencies/autoware_lint_common
[0.076s] -- Up-to-date symlink: /home/cityu/autoware/install/autoware_lint_common/share/ament_index/resource_index/parent_prefix_path/autoware_lint_common
[0.076s] -- Up-to-date symlink: /home/cityu/autoware/install/autoware_lint_common/share/autoware_lint_common/environment/ament_prefix_path.sh
[0.076s] -- Up-to-date symlink: /home/cityu/autoware/install/autoware_lint_common/share/autoware_lint_common/environment/ament_prefix_path.dsv
[0.076s] -- Up-to-date symlink: /home/cityu/autoware/install/autoware_lint_common/share/autoware_lint_common/environment/path.sh
[0.077s] -- Up-to-date symlink: /home/cityu/autoware/install/autoware_lint_common/share/autoware_lint_common/environment/path.dsv
[0.077s] -- Up-to-date symlink: /home/cityu/autoware/install/autoware_lint_common/share/autoware_lint_common/local_setup.bash
[0.077s] -- Up-to-date symlink: /home/cityu/autoware/install/autoware_lint_common/share/autoware_lint_common/local_setup.sh
[0.077s] -- Up-to-date symlink: /home/cityu/autoware/install/autoware_lint_common/share/autoware_lint_common/local_setup.zsh
[0.077s] -- Up-to-date symlink: /home/cityu/autoware/install/autoware_lint_common/share/autoware_lint_common/local_setup.dsv
[0.078s] -- Symlinking: /home/cityu/autoware/install/autoware_lint_common/share/autoware_lint_common/package.dsv
[0.085s] -- Up-to-date symlink: /home/cityu/autoware/install/autoware_lint_common/share/ament_index/resource_index/packages/autoware_lint_common
[0.085s] -- Up-to-date symlink: /home/cityu/autoware/install/autoware_lint_common/share/autoware_lint_common/cmake/ament_cmake_export_dependencies-extras.cmake
[0.085s] -- Up-to-date symlink: /home/cityu/autoware/install/autoware_lint_common/share/autoware_lint_common/cmake/autoware_lint_commonConfig.cmake
[0.085s] -- Up-to-date symlink: /home/cityu/autoware/install/autoware_lint_common/share/autoware_lint_common/cmake/autoware_lint_commonConfig-version.cmake
[0.086s] -- Up-to-date symlink: /home/cityu/autoware/install/autoware_lint_common/share/autoware_lint_common/package.xml
[0.089s] Invoked command in '/home/cityu/autoware/build/autoware_lint_common' returned '0': CMAKE_PREFIX_PATH=/opt/ros/galactic /usr/bin/cmake --install /home/cityu/autoware/build/autoware_lint_common
