[0.230s] Invoking command in '/home/cityu/autoware/build/global_parameter_loader': AMENT_PREFIX_PATH=/home/cityu/autoware/install/vehicle_info_util:/home/cityu/autoware/install/autoware_cmake:/home/cityu/autoware/install/autoware_lint_common:${AMENT_PREFIX_PATH} CMAKE_PREFIX_PATH=/home/cityu/autoware/install/vehicle_info_util:/home/cityu/autoware/install/autoware_cmake:/home/cityu/autoware/install/autoware_lint_common:/opt/ros/galactic LD_LIBRARY_PATH=/home/cityu/autoware/install/vehicle_info_util/lib:${LD_LIBRARY_PATH} /usr/bin/cmake --build /home/cityu/autoware/build/global_parameter_loader -- -j16 -l16
[0.540s] Invoked command in '/home/cityu/autoware/build/global_parameter_loader' returned '0': AMENT_PREFIX_PATH=/home/cityu/autoware/install/vehicle_info_util:/home/cityu/autoware/install/autoware_cmake:/home/cityu/autoware/install/autoware_lint_common:${AMENT_PREFIX_PATH} CMAKE_PREFIX_PATH=/home/cityu/autoware/install/vehicle_info_util:/home/cityu/autoware/install/autoware_cmake:/home/cityu/autoware/install/autoware_lint_common:/opt/ros/galactic LD_LIBRARY_PATH=/home/cityu/autoware/install/vehicle_info_util/lib:${LD_LIBRARY_PATH} /usr/bin/cmake --build /home/cityu/autoware/build/global_parameter_loader -- -j16 -l16
[0.671s] Invoking command in '/home/cityu/autoware/build/global_parameter_loader': AMENT_PREFIX_PATH=/home/cityu/autoware/install/vehicle_info_util:/home/cityu/autoware/install/autoware_cmake:/home/cityu/autoware/install/autoware_lint_common:${AMENT_PREFIX_PATH} CMAKE_PREFIX_PATH=/home/cityu/autoware/install/vehicle_info_util:/home/cityu/autoware/install/autoware_cmake:/home/cityu/autoware/install/autoware_lint_common:/opt/ros/galactic LD_LIBRARY_PATH=/home/cityu/autoware/install/vehicle_info_util/lib:${LD_LIBRARY_PATH} /usr/bin/cmake --install /home/cityu/autoware/build/global_parameter_loader
[0.711s] -- Install configuration: "Release"
[0.712s] -- Execute custom install script
[0.712s] -- Up-to-date symlink: /home/cityu/autoware/install/global_parameter_loader/share/global_parameter_loader/launch/global_params.launch.py
[0.712s] -- Up-to-date symlink: /home/cityu/autoware/install/global_parameter_loader/share/ament_index/resource_index/package_run_dependencies/global_parameter_loader
[0.712s] -- Up-to-date symlink: /home/cityu/autoware/install/global_parameter_loader/share/ament_index/resource_index/parent_prefix_path/global_parameter_loader
[0.712s] -- Up-to-date symlink: /home/cityu/autoware/install/global_parameter_loader/share/global_parameter_loader/environment/ament_prefix_path.sh
[0.712s] -- Up-to-date symlink: /home/cityu/autoware/install/global_parameter_loader/share/global_parameter_loader/environment/ament_prefix_path.dsv
[0.712s] -- Up-to-date symlink: /home/cityu/autoware/install/global_parameter_loader/share/global_parameter_loader/environment/path.sh
[0.712s] -- Up-to-date symlink: /home/cityu/autoware/install/global_parameter_loader/share/global_parameter_loader/environment/path.dsv
[0.712s] -- Up-to-date symlink: /home/cityu/autoware/install/global_parameter_loader/share/global_parameter_loader/local_setup.bash
[0.712s] -- Up-to-date symlink: /home/cityu/autoware/install/global_parameter_loader/share/global_parameter_loader/local_setup.sh
[0.712s] -- Up-to-date symlink: /home/cityu/autoware/install/global_parameter_loader/share/global_parameter_loader/local_setup.zsh
[0.712s] -- Up-to-date symlink: /home/cityu/autoware/install/global_parameter_loader/share/global_parameter_loader/local_setup.dsv
[0.712s] -- Symlinking: /home/cityu/autoware/install/global_parameter_loader/share/global_parameter_loader/package.dsv
[0.712s] -- Up-to-date symlink: /home/cityu/autoware/install/global_parameter_loader/share/ament_index/resource_index/packages/global_parameter_loader
[0.712s] -- Up-to-date symlink: /home/cityu/autoware/install/global_parameter_loader/share/global_parameter_loader/cmake/global_parameter_loaderConfig.cmake
[0.713s] -- Up-to-date symlink: /home/cityu/autoware/install/global_parameter_loader/share/global_parameter_loader/cmake/global_parameter_loaderConfig-version.cmake
[0.713s] -- Up-to-date symlink: /home/cityu/autoware/install/global_parameter_loader/share/global_parameter_loader/package.xml
[0.770s] Invoked command in '/home/cityu/autoware/build/global_parameter_loader' returned '0': AMENT_PREFIX_PATH=/home/cityu/autoware/install/vehicle_info_util:/home/cityu/autoware/install/autoware_cmake:/home/cityu/autoware/install/autoware_lint_common:${AMENT_PREFIX_PATH} CMAKE_PREFIX_PATH=/home/cityu/autoware/install/vehicle_info_util:/home/cityu/autoware/install/autoware_cmake:/home/cityu/autoware/install/autoware_lint_common:/opt/ros/galactic LD_LIBRARY_PATH=/home/cityu/autoware/install/vehicle_info_util/lib:${LD_LIBRARY_PATH} /usr/bin/cmake --install /home/cityu/autoware/build/global_parameter_loader
