-- Found autoware_cmake: 0.1.0 (/home/cityu/autoware/install/autoware_cmake/share/autoware_cmake/cmake)
-- Found ament_cmake_auto: 1.1.6 (/opt/ros/galactic/share/ament_cmake_auto/cmake)
-- Using PYTHON_EXECUTABLE: /usr/bin/python3
-- Override CMake install command with custom implementation using symlinks instead of copying resources
-- Using all available rosidl_typesupport_c: rosidl_typesupport_fastrtps_c;rosidl_typesupport_introspection_c
-- Found rosidl_adapter: 2.2.3 (/opt/ros/galactic/share/rosidl_adapter/cmake)
-- Using all available rosidl_typesupport_cpp: rosidl_typesupport_fastrtps_cpp;rosidl_typesupport_introspection_cpp
-- Found rmw_implementation_cmake: 3.3.1 (/opt/ros/galactic/share/rmw_implementation_cmake/cmake)
-- Found rmw_cyclonedds_cpp: 0.22.6 (/opt/ros/galactic/share/rmw_cyclonedds_cpp/cmake)
-- Using RMW implementation 'rmw_cyclonedds_cpp' as default
-- Found eigen3_cmake_module: 0.1.1 (/opt/ros/galactic/share/eigen3_cmake_module/cmake)
-- Found ament_lint_auto: 0.10.7 (/opt/ros/galactic/share/ament_lint_auto/cmake)
-- Found gtest sources under '/opt/ros/galactic/src/gtest_vendor': C++ tests using 'Google Test' will be built
-- Found gtest sources under '/opt/ros/galactic/src/gtest_vendor': C++ tests using 'Google Test' will be built
-- Found gtest sources under '/opt/ros/galactic/src/gtest_vendor': C++ tests using 'Google Test' will be built
-- Found gtest sources under '/opt/ros/galactic/src/gtest_vendor': C++ tests using 'Google Test' will be built
-- Added test 'copyright' to check source files copyright and LICENSE
-- Added test 'cppcheck' to perform static code analysis on C / C++ code
-- Configured cppcheck include dirs: /home/cityu/autoware/src/universe/autoware.universe/localization/ekf_localizer/include
-- Configured cppcheck exclude dirs and/or files: 
-- Added test 'lint_cmake' to check CMake code style
-- Added test 'xmllint' to check XML markup files
-- Configuring done
-- Generating done
CMake Warning:
  Manually-specified variables were not used by the project:

    DOWNLOAD_ARTIFACTS


-- Build files have been written to: /home/cityu/autoware/build/ekf_localizer
[  5%] [32m[1mLinking CXX shared library libekf_localizer_lib.so[0m
[ 30%] Built target ekf_localizer_lib
[ 40%] Built target gtest
[ 45%] [32m[1mLinking CXX executable ekf_localizer[0m
[ 50%] Built target ekf_localizer
[ 60%] Built target gtest_main
[ 65%] [32mBuilding CXX object CMakeFiles/test_measurement.dir/test/test_measurement.cpp.o[0m
[ 70%] [32m[1mLinking CXX executable test_measurement[0m
[ 70%] Built target test_measurement
[ 75%] [32mBuilding CXX object CMakeFiles/test_state_transition.dir/test/test_state_transition.cpp.o[0m
[ 80%] [32m[1mLinking CXX executable test_state_transition[0m
[ 80%] Built target test_state_transition
[ 85%] [32mBuilding CXX object CMakeFiles/test_numeric.dir/test/test_numeric.cpp.o[0m
[ 90%] [32m[1mLinking CXX executable test_numeric[0m
[ 90%] Built target test_numeric
[ 95%] [32mBuilding CXX object CMakeFiles/test_mahalanobis.dir/test/test_mahalanobis.cpp.o[0m
[100%] [32m[1mLinking CXX executable test_mahalanobis[0m
[100%] Built target test_mahalanobis
-- Install configuration: "Release"
-- Execute custom install script
-- Up-to-date symlink: /home/cityu/autoware/install/ekf_localizer/include/ekf_localizer/covariance.hpp
-- Up-to-date symlink: /home/cityu/autoware/install/ekf_localizer/include/ekf_localizer/ekf_localizer.hpp
-- Up-to-date symlink: /home/cityu/autoware/install/ekf_localizer/include/ekf_localizer/hyper_parameters.hpp
-- Up-to-date symlink: /home/cityu/autoware/install/ekf_localizer/include/ekf_localizer/mahalanobis.hpp
-- Up-to-date symlink: /home/cityu/autoware/install/ekf_localizer/include/ekf_localizer/matrix_types.hpp
-- Up-to-date symlink: /home/cityu/autoware/install/ekf_localizer/include/ekf_localizer/measurement.hpp
-- Up-to-date symlink: /home/cityu/autoware/install/ekf_localizer/include/ekf_localizer/numeric.hpp
-- Up-to-date symlink: /home/cityu/autoware/install/ekf_localizer/include/ekf_localizer/state_index.hpp
-- Up-to-date symlink: /home/cityu/autoware/install/ekf_localizer/include/ekf_localizer/state_transition.hpp
-- Up-to-date symlink: /home/cityu/autoware/install/ekf_localizer/include/ekf_localizer/warning.hpp
-- Up-to-date symlink: /home/cityu/autoware/install/ekf_localizer/share/ekf_localizer/environment/library_path.sh
-- Up-to-date symlink: /home/cityu/autoware/install/ekf_localizer/share/ekf_localizer/environment/library_path.dsv
-- Up-to-date symlink: /home/cityu/autoware/install/ekf_localizer/lib/libekf_localizer_lib.so
-- Up-to-date symlink: /home/cityu/autoware/install/ekf_localizer/lib/ekf_localizer/ekf_localizer
-- Up-to-date symlink: /home/cityu/autoware/install/ekf_localizer/share/ekf_localizer/launch/ekf_localizer.launch.xml
-- Up-to-date symlink: /home/cityu/autoware/install/ekf_localizer/share/ament_index/resource_index/package_run_dependencies/ekf_localizer
-- Up-to-date symlink: /home/cityu/autoware/install/ekf_localizer/share/ament_index/resource_index/parent_prefix_path/ekf_localizer
-- Up-to-date symlink: /home/cityu/autoware/install/ekf_localizer/share/ekf_localizer/environment/ament_prefix_path.sh
-- Up-to-date symlink: /home/cityu/autoware/install/ekf_localizer/share/ekf_localizer/environment/ament_prefix_path.dsv
-- Up-to-date symlink: /home/cityu/autoware/install/ekf_localizer/share/ekf_localizer/environment/path.sh
-- Up-to-date symlink: /home/cityu/autoware/install/ekf_localizer/share/ekf_localizer/environment/path.dsv
-- Up-to-date symlink: /home/cityu/autoware/install/ekf_localizer/share/ekf_localizer/local_setup.bash
-- Up-to-date symlink: /home/cityu/autoware/install/ekf_localizer/share/ekf_localizer/local_setup.sh
-- Up-to-date symlink: /home/cityu/autoware/install/ekf_localizer/share/ekf_localizer/local_setup.zsh
-- Up-to-date symlink: /home/cityu/autoware/install/ekf_localizer/share/ekf_localizer/local_setup.dsv
-- Symlinking: /home/cityu/autoware/install/ekf_localizer/share/ekf_localizer/package.dsv
-- Up-to-date symlink: /home/cityu/autoware/install/ekf_localizer/share/ament_index/resource_index/packages/ekf_localizer
-- Up-to-date symlink: /home/cityu/autoware/install/ekf_localizer/share/ekf_localizer/cmake/ament_cmake_export_dependencies-extras.cmake
-- Up-to-date symlink: /home/cityu/autoware/install/ekf_localizer/share/ekf_localizer/cmake/ament_cmake_export_include_directories-extras.cmake
-- Up-to-date symlink: /home/cityu/autoware/install/ekf_localizer/share/ekf_localizer/cmake/ament_cmake_export_libraries-extras.cmake
-- Up-to-date symlink: /home/cityu/autoware/install/ekf_localizer/share/ekf_localizer/cmake/ekf_localizerConfig.cmake
-- Up-to-date symlink: /home/cityu/autoware/install/ekf_localizer/share/ekf_localizer/cmake/ekf_localizerConfig-version.cmake
-- Up-to-date symlink: /home/cityu/autoware/install/ekf_localizer/share/ekf_localizer/package.xml
