[0.251s] Invoking command in '/home/cityu/autoware/build/ekf_localizer': AMENT_PREFIX_PATH=/home/cityu/autoware/install/tier4_autoware_utils:/home/cityu/autoware/install/kalman_filter:/home/cityu/autoware/install/autoware_auto_vehicle_msgs:/home/cityu/autoware/install/autoware_cmake:/home/cityu/autoware/install/autoware_auto_planning_msgs:/home/cityu/autoware/install/autoware_auto_perception_msgs:/home/cityu/autoware/install/tier4_debug_msgs:/home/cityu/autoware/install/autoware_lint_common:/home/cityu/autoware/install/autoware_auto_mapping_msgs:/home/cityu/autoware/install/autoware_auto_geometry_msgs:${AMENT_PREFIX_PATH} CMAKE_PREFIX_PATH=/home/cityu/autoware/install/tier4_autoware_utils:/home/cityu/autoware/install/kalman_filter:/home/cityu/autoware/install/autoware_auto_vehicle_msgs:/home/cityu/autoware/install/autoware_cmake:/home/cityu/autoware/install/autoware_auto_planning_msgs:/home/cityu/autoware/install/autoware_auto_perception_msgs:/home/cityu/autoware/install/tier4_debug_msgs:/home/cityu/autoware/install/autoware_lint_common:/home/cityu/autoware/install/autoware_auto_mapping_msgs:/home/cityu/autoware/install/autoware_auto_geometry_msgs:/opt/ros/galactic LD_LIBRARY_PATH=/home/cityu/autoware/install/tier4_autoware_utils/lib:/home/cityu/autoware/install/kalman_filter/lib:/home/cityu/autoware/install/autoware_auto_vehicle_msgs/lib:/home/cityu/autoware/install/autoware_auto_planning_msgs/lib:/home/cityu/autoware/install/autoware_auto_perception_msgs/lib:/home/cityu/autoware/install/tier4_debug_msgs/lib:/home/cityu/autoware/install/autoware_auto_mapping_msgs/lib:/home/cityu/autoware/install/autoware_auto_geometry_msgs/lib:${LD_LIBRARY_PATH} PYTHONPATH=/home/cityu/autoware/install/autoware_auto_vehicle_msgs/lib/python3.8/site-packages:/home/cityu/autoware/install/autoware_auto_planning_msgs/lib/python3.8/site-packages:/home/cityu/autoware/install/autoware_auto_perception_msgs/lib/python3.8/site-packages:/home/cityu/autoware/install/tier4_debug_msgs/lib/python3.8/site-packages:/home/cityu/autoware/install/autoware_auto_mapping_msgs/lib/python3.8/site-packages:/home/cityu/autoware/install/autoware_auto_geometry_msgs/lib/python3.8/site-packages:${PYTHONPATH} /usr/bin/cmake /home/cityu/autoware/src/universe/autoware.universe/localization/ekf_localizer -DCMAKE_BUILD_TYPE=Release -DDOWNLOAD_ARTIFACTS=ON -DAMENT_CMAKE_SYMLINK_INSTALL=1 -DCMAKE_INSTALL_PREFIX=/home/cityu/autoware/install/ekf_localizer
[0.431s] -- Found autoware_cmake: 0.1.0 (/home/cityu/autoware/install/autoware_cmake/share/autoware_cmake/cmake)
[0.431s] -- Found ament_cmake_auto: 1.1.6 (/opt/ros/galactic/share/ament_cmake_auto/cmake)
[0.431s] -- Using PYTHON_EXECUTABLE: /usr/bin/python3
[0.494s] -- Override CMake install command with custom implementation using symlinks instead of copying resources
[0.681s] -- Using all available rosidl_typesupport_c: rosidl_typesupport_fastrtps_c;rosidl_typesupport_introspection_c
[0.687s] -- Found rosidl_adapter: 2.2.3 (/opt/ros/galactic/share/rosidl_adapter/cmake)
[0.950s] -- Using all available rosidl_typesupport_cpp: rosidl_typesupport_fastrtps_cpp;rosidl_typesupport_introspection_cpp
[1.358s] -- Found rmw_implementation_cmake: 3.3.1 (/opt/ros/galactic/share/rmw_implementation_cmake/cmake)
[1.361s] -- Found rmw_cyclonedds_cpp: 0.22.6 (/opt/ros/galactic/share/rmw_cyclonedds_cpp/cmake)
[1.426s] -- Using RMW implementation 'rmw_cyclonedds_cpp' as default
[6.010s] -- Found eigen3_cmake_module: 0.1.1 (/opt/ros/galactic/share/eigen3_cmake_module/cmake)
[6.254s] -- Found ament_lint_auto: 0.10.7 (/opt/ros/galactic/share/ament_lint_auto/cmake)
[8.491s] -- Found gtest sources under '/opt/ros/galactic/src/gtest_vendor': C++ tests using 'Google Test' will be built
[9.527s] -- Found gtest sources under '/opt/ros/galactic/src/gtest_vendor': C++ tests using 'Google Test' will be built
[10.622s] -- Found gtest sources under '/opt/ros/galactic/src/gtest_vendor': C++ tests using 'Google Test' will be built
[11.704s] -- Found gtest sources under '/opt/ros/galactic/src/gtest_vendor': C++ tests using 'Google Test' will be built
[12.798s] -- Added test 'copyright' to check source files copyright and LICENSE
[12.801s] -- Added test 'cppcheck' to perform static code analysis on C / C++ code
[12.803s] -- Configured cppcheck include dirs: /home/cityu/autoware/src/universe/autoware.universe/localization/ekf_localizer/include
[12.803s] -- Configured cppcheck exclude dirs and/or files: 
[12.804s] -- Added test 'lint_cmake' to check CMake code style
[12.805s] -- Added test 'xmllint' to check XML markup files
[12.816s] -- Configuring done
[13.276s] -- Generating done
[13.280s] CMake Warning:
[13.280s]   Manually-specified variables were not used by the project:
[13.281s] 
[13.281s]     DOWNLOAD_ARTIFACTS
[13.281s] 
[13.281s] 
[13.281s] -- Build files have been written to: /home/cityu/autoware/build/ekf_localizer
[13.353s] Invoked command in '/home/cityu/autoware/build/ekf_localizer' returned '0': AMENT_PREFIX_PATH=/home/cityu/autoware/install/tier4_autoware_utils:/home/cityu/autoware/install/kalman_filter:/home/cityu/autoware/install/autoware_auto_vehicle_msgs:/home/cityu/autoware/install/autoware_cmake:/home/cityu/autoware/install/autoware_auto_planning_msgs:/home/cityu/autoware/install/autoware_auto_perception_msgs:/home/cityu/autoware/install/tier4_debug_msgs:/home/cityu/autoware/install/autoware_lint_common:/home/cityu/autoware/install/autoware_auto_mapping_msgs:/home/cityu/autoware/install/autoware_auto_geometry_msgs:${AMENT_PREFIX_PATH} CMAKE_PREFIX_PATH=/home/cityu/autoware/install/tier4_autoware_utils:/home/cityu/autoware/install/kalman_filter:/home/cityu/autoware/install/autoware_auto_vehicle_msgs:/home/cityu/autoware/install/autoware_cmake:/home/cityu/autoware/install/autoware_auto_planning_msgs:/home/cityu/autoware/install/autoware_auto_perception_msgs:/home/cityu/autoware/install/tier4_debug_msgs:/home/cityu/autoware/install/autoware_lint_common:/home/cityu/autoware/install/autoware_auto_mapping_msgs:/home/cityu/autoware/install/autoware_auto_geometry_msgs:/opt/ros/galactic LD_LIBRARY_PATH=/home/cityu/autoware/install/tier4_autoware_utils/lib:/home/cityu/autoware/install/kalman_filter/lib:/home/cityu/autoware/install/autoware_auto_vehicle_msgs/lib:/home/cityu/autoware/install/autoware_auto_planning_msgs/lib:/home/cityu/autoware/install/autoware_auto_perception_msgs/lib:/home/cityu/autoware/install/tier4_debug_msgs/lib:/home/cityu/autoware/install/autoware_auto_mapping_msgs/lib:/home/cityu/autoware/install/autoware_auto_geometry_msgs/lib:${LD_LIBRARY_PATH} PYTHONPATH=/home/cityu/autoware/install/autoware_auto_vehicle_msgs/lib/python3.8/site-packages:/home/cityu/autoware/install/autoware_auto_planning_msgs/lib/python3.8/site-packages:/home/cityu/autoware/install/autoware_auto_perception_msgs/lib/python3.8/site-packages:/home/cityu/autoware/install/tier4_debug_msgs/lib/python3.8/site-packages:/home/cityu/autoware/install/autoware_auto_mapping_msgs/lib/python3.8/site-packages:/home/cityu/autoware/install/autoware_auto_geometry_msgs/lib/python3.8/site-packages:${PYTHONPATH} /usr/bin/cmake /home/cityu/autoware/src/universe/autoware.universe/localization/ekf_localizer -DCMAKE_BUILD_TYPE=Release -DDOWNLOAD_ARTIFACTS=ON -DAMENT_CMAKE_SYMLINK_INSTALL=1 -DCMAKE_INSTALL_PREFIX=/home/cityu/autoware/install/ekf_localizer
[13.356s] Invoking command in '/home/cityu/autoware/build/ekf_localizer': AMENT_PREFIX_PATH=/home/cityu/autoware/install/tier4_autoware_utils:/home/cityu/autoware/install/kalman_filter:/home/cityu/autoware/install/autoware_auto_vehicle_msgs:/home/cityu/autoware/install/autoware_cmake:/home/cityu/autoware/install/autoware_auto_planning_msgs:/home/cityu/autoware/install/autoware_auto_perception_msgs:/home/cityu/autoware/install/tier4_debug_msgs:/home/cityu/autoware/install/autoware_lint_common:/home/cityu/autoware/install/autoware_auto_mapping_msgs:/home/cityu/autoware/install/autoware_auto_geometry_msgs:${AMENT_PREFIX_PATH} CMAKE_PREFIX_PATH=/home/cityu/autoware/install/tier4_autoware_utils:/home/cityu/autoware/install/kalman_filter:/home/cityu/autoware/install/autoware_auto_vehicle_msgs:/home/cityu/autoware/install/autoware_cmake:/home/cityu/autoware/install/autoware_auto_planning_msgs:/home/cityu/autoware/install/autoware_auto_perception_msgs:/home/cityu/autoware/install/tier4_debug_msgs:/home/cityu/autoware/install/autoware_lint_common:/home/cityu/autoware/install/autoware_auto_mapping_msgs:/home/cityu/autoware/install/autoware_auto_geometry_msgs:/opt/ros/galactic LD_LIBRARY_PATH=/home/cityu/autoware/install/tier4_autoware_utils/lib:/home/cityu/autoware/install/kalman_filter/lib:/home/cityu/autoware/install/autoware_auto_vehicle_msgs/lib:/home/cityu/autoware/install/autoware_auto_planning_msgs/lib:/home/cityu/autoware/install/autoware_auto_perception_msgs/lib:/home/cityu/autoware/install/tier4_debug_msgs/lib:/home/cityu/autoware/install/autoware_auto_mapping_msgs/lib:/home/cityu/autoware/install/autoware_auto_geometry_msgs/lib:${LD_LIBRARY_PATH} PYTHONPATH=/home/cityu/autoware/install/autoware_auto_vehicle_msgs/lib/python3.8/site-packages:/home/cityu/autoware/install/autoware_auto_planning_msgs/lib/python3.8/site-packages:/home/cityu/autoware/install/autoware_auto_perception_msgs/lib/python3.8/site-packages:/home/cityu/autoware/install/tier4_debug_msgs/lib/python3.8/site-packages:/home/cityu/autoware/install/autoware_auto_mapping_msgs/lib/python3.8/site-packages:/home/cityu/autoware/install/autoware_auto_geometry_msgs/lib/python3.8/site-packages:${PYTHONPATH} /usr/bin/cmake --build /home/cityu/autoware/build/ekf_localizer -- -j16 -l16
[15.125s] [  5%] [32m[1mLinking CXX shared library libekf_localizer_lib.so[0m
[15.125s] [ 30%] Built target ekf_localizer_lib
[15.125s] [ 40%] Built target gtest
[15.125s] [ 45%] [32m[1mLinking CXX executable ekf_localizer[0m
[15.146s] [ 50%] Built target ekf_localizer
[15.182s] [ 60%] Built target gtest_main
[15.225s] [ 65%] [32mBuilding CXX object CMakeFiles/test_measurement.dir/test/test_measurement.cpp.o[0m
[18.466s] [ 70%] [32m[1mLinking CXX executable test_measurement[0m
[18.875s] [ 70%] Built target test_measurement
[18.910s] [ 75%] [32mBuilding CXX object CMakeFiles/test_state_transition.dir/test/test_state_transition.cpp.o[0m
[22.460s] [ 80%] [32m[1mLinking CXX executable test_state_transition[0m
[22.800s] [ 80%] Built target test_state_transition
[22.844s] [ 85%] [32mBuilding CXX object CMakeFiles/test_numeric.dir/test/test_numeric.cpp.o[0m
[25.815s] [ 90%] [32m[1mLinking CXX executable test_numeric[0m
[26.167s] [ 90%] Built target test_numeric
[26.220s] [ 95%] [32mBuilding CXX object CMakeFiles/test_mahalanobis.dir/test/test_mahalanobis.cpp.o[0m
[29.731s] [100%] [32m[1mLinking CXX executable test_mahalanobis[0m
[30.090s] [100%] Built target test_mahalanobis
[30.108s] Invoked command in '/home/cityu/autoware/build/ekf_localizer' returned '0': AMENT_PREFIX_PATH=/home/cityu/autoware/install/tier4_autoware_utils:/home/cityu/autoware/install/kalman_filter:/home/cityu/autoware/install/autoware_auto_vehicle_msgs:/home/cityu/autoware/install/autoware_cmake:/home/cityu/autoware/install/autoware_auto_planning_msgs:/home/cityu/autoware/install/autoware_auto_perception_msgs:/home/cityu/autoware/install/tier4_debug_msgs:/home/cityu/autoware/install/autoware_lint_common:/home/cityu/autoware/install/autoware_auto_mapping_msgs:/home/cityu/autoware/install/autoware_auto_geometry_msgs:${AMENT_PREFIX_PATH} CMAKE_PREFIX_PATH=/home/cityu/autoware/install/tier4_autoware_utils:/home/cityu/autoware/install/kalman_filter:/home/cityu/autoware/install/autoware_auto_vehicle_msgs:/home/cityu/autoware/install/autoware_cmake:/home/cityu/autoware/install/autoware_auto_planning_msgs:/home/cityu/autoware/install/autoware_auto_perception_msgs:/home/cityu/autoware/install/tier4_debug_msgs:/home/cityu/autoware/install/autoware_lint_common:/home/cityu/autoware/install/autoware_auto_mapping_msgs:/home/cityu/autoware/install/autoware_auto_geometry_msgs:/opt/ros/galactic LD_LIBRARY_PATH=/home/cityu/autoware/install/tier4_autoware_utils/lib:/home/cityu/autoware/install/kalman_filter/lib:/home/cityu/autoware/install/autoware_auto_vehicle_msgs/lib:/home/cityu/autoware/install/autoware_auto_planning_msgs/lib:/home/cityu/autoware/install/autoware_auto_perception_msgs/lib:/home/cityu/autoware/install/tier4_debug_msgs/lib:/home/cityu/autoware/install/autoware_auto_mapping_msgs/lib:/home/cityu/autoware/install/autoware_auto_geometry_msgs/lib:${LD_LIBRARY_PATH} PYTHONPATH=/home/cityu/autoware/install/autoware_auto_vehicle_msgs/lib/python3.8/site-packages:/home/cityu/autoware/install/autoware_auto_planning_msgs/lib/python3.8/site-packages:/home/cityu/autoware/install/autoware_auto_perception_msgs/lib/python3.8/site-packages:/home/cityu/autoware/install/tier4_debug_msgs/lib/python3.8/site-packages:/home/cityu/autoware/install/autoware_auto_mapping_msgs/lib/python3.8/site-packages:/home/cityu/autoware/install/autoware_auto_geometry_msgs/lib/python3.8/site-packages:${PYTHONPATH} /usr/bin/cmake --build /home/cityu/autoware/build/ekf_localizer -- -j16 -l16
[30.212s] Invoking command in '/home/cityu/autoware/build/ekf_localizer': AMENT_PREFIX_PATH=/home/cityu/autoware/install/tier4_autoware_utils:/home/cityu/autoware/install/kalman_filter:/home/cityu/autoware/install/autoware_auto_vehicle_msgs:/home/cityu/autoware/install/autoware_cmake:/home/cityu/autoware/install/autoware_auto_planning_msgs:/home/cityu/autoware/install/autoware_auto_perception_msgs:/home/cityu/autoware/install/tier4_debug_msgs:/home/cityu/autoware/install/autoware_lint_common:/home/cityu/autoware/install/autoware_auto_mapping_msgs:/home/cityu/autoware/install/autoware_auto_geometry_msgs:${AMENT_PREFIX_PATH} CMAKE_PREFIX_PATH=/home/cityu/autoware/install/tier4_autoware_utils:/home/cityu/autoware/install/kalman_filter:/home/cityu/autoware/install/autoware_auto_vehicle_msgs:/home/cityu/autoware/install/autoware_cmake:/home/cityu/autoware/install/autoware_auto_planning_msgs:/home/cityu/autoware/install/autoware_auto_perception_msgs:/home/cityu/autoware/install/tier4_debug_msgs:/home/cityu/autoware/install/autoware_lint_common:/home/cityu/autoware/install/autoware_auto_mapping_msgs:/home/cityu/autoware/install/autoware_auto_geometry_msgs:/opt/ros/galactic LD_LIBRARY_PATH=/home/cityu/autoware/install/tier4_autoware_utils/lib:/home/cityu/autoware/install/kalman_filter/lib:/home/cityu/autoware/install/autoware_auto_vehicle_msgs/lib:/home/cityu/autoware/install/autoware_auto_planning_msgs/lib:/home/cityu/autoware/install/autoware_auto_perception_msgs/lib:/home/cityu/autoware/install/tier4_debug_msgs/lib:/home/cityu/autoware/install/autoware_auto_mapping_msgs/lib:/home/cityu/autoware/install/autoware_auto_geometry_msgs/lib:${LD_LIBRARY_PATH} PYTHONPATH=/home/cityu/autoware/install/autoware_auto_vehicle_msgs/lib/python3.8/site-packages:/home/cityu/autoware/install/autoware_auto_planning_msgs/lib/python3.8/site-packages:/home/cityu/autoware/install/autoware_auto_perception_msgs/lib/python3.8/site-packages:/home/cityu/autoware/install/tier4_debug_msgs/lib/python3.8/site-packages:/home/cityu/autoware/install/autoware_auto_mapping_msgs/lib/python3.8/site-packages:/home/cityu/autoware/install/autoware_auto_geometry_msgs/lib/python3.8/site-packages:${PYTHONPATH} /usr/bin/cmake --install /home/cityu/autoware/build/ekf_localizer
[32.369s] -- Install configuration: "Release"
[32.369s] -- Execute custom install script
[32.370s] -- Up-to-date symlink: /home/cityu/autoware/install/ekf_localizer/include/ekf_localizer/covariance.hpp
[32.370s] -- Up-to-date symlink: /home/cityu/autoware/install/ekf_localizer/include/ekf_localizer/ekf_localizer.hpp
[32.370s] -- Up-to-date symlink: /home/cityu/autoware/install/ekf_localizer/include/ekf_localizer/hyper_parameters.hpp
[32.370s] -- Up-to-date symlink: /home/cityu/autoware/install/ekf_localizer/include/ekf_localizer/mahalanobis.hpp
[32.370s] -- Up-to-date symlink: /home/cityu/autoware/install/ekf_localizer/include/ekf_localizer/matrix_types.hpp
[32.370s] -- Up-to-date symlink: /home/cityu/autoware/install/ekf_localizer/include/ekf_localizer/measurement.hpp
[32.370s] -- Up-to-date symlink: /home/cityu/autoware/install/ekf_localizer/include/ekf_localizer/numeric.hpp
[32.370s] -- Up-to-date symlink: /home/cityu/autoware/install/ekf_localizer/include/ekf_localizer/state_index.hpp
[32.371s] -- Up-to-date symlink: /home/cityu/autoware/install/ekf_localizer/include/ekf_localizer/state_transition.hpp
[32.371s] -- Up-to-date symlink: /home/cityu/autoware/install/ekf_localizer/include/ekf_localizer/warning.hpp
[32.371s] -- Up-to-date symlink: /home/cityu/autoware/install/ekf_localizer/share/ekf_localizer/environment/library_path.sh
[32.371s] -- Up-to-date symlink: /home/cityu/autoware/install/ekf_localizer/share/ekf_localizer/environment/library_path.dsv
[32.371s] -- Up-to-date symlink: /home/cityu/autoware/install/ekf_localizer/lib/libekf_localizer_lib.so
[32.372s] -- Up-to-date symlink: /home/cityu/autoware/install/ekf_localizer/lib/ekf_localizer/ekf_localizer
[32.372s] -- Up-to-date symlink: /home/cityu/autoware/install/ekf_localizer/share/ekf_localizer/launch/ekf_localizer.launch.xml
[32.372s] -- Up-to-date symlink: /home/cityu/autoware/install/ekf_localizer/share/ament_index/resource_index/package_run_dependencies/ekf_localizer
[32.372s] -- Up-to-date symlink: /home/cityu/autoware/install/ekf_localizer/share/ament_index/resource_index/parent_prefix_path/ekf_localizer
[32.373s] -- Up-to-date symlink: /home/cityu/autoware/install/ekf_localizer/share/ekf_localizer/environment/ament_prefix_path.sh
[32.373s] -- Up-to-date symlink: /home/cityu/autoware/install/ekf_localizer/share/ekf_localizer/environment/ament_prefix_path.dsv
[32.373s] -- Up-to-date symlink: /home/cityu/autoware/install/ekf_localizer/share/ekf_localizer/environment/path.sh
[32.378s] -- Up-to-date symlink: /home/cityu/autoware/install/ekf_localizer/share/ekf_localizer/environment/path.dsv
[32.378s] -- Up-to-date symlink: /home/cityu/autoware/install/ekf_localizer/share/ekf_localizer/local_setup.bash
[32.378s] -- Up-to-date symlink: /home/cityu/autoware/install/ekf_localizer/share/ekf_localizer/local_setup.sh
[32.378s] -- Up-to-date symlink: /home/cityu/autoware/install/ekf_localizer/share/ekf_localizer/local_setup.zsh
[32.378s] -- Up-to-date symlink: /home/cityu/autoware/install/ekf_localizer/share/ekf_localizer/local_setup.dsv
[32.379s] -- Symlinking: /home/cityu/autoware/install/ekf_localizer/share/ekf_localizer/package.dsv
[32.379s] -- Up-to-date symlink: /home/cityu/autoware/install/ekf_localizer/share/ament_index/resource_index/packages/ekf_localizer
[32.379s] -- Up-to-date symlink: /home/cityu/autoware/install/ekf_localizer/share/ekf_localizer/cmake/ament_cmake_export_dependencies-extras.cmake
[32.379s] -- Up-to-date symlink: /home/cityu/autoware/install/ekf_localizer/share/ekf_localizer/cmake/ament_cmake_export_include_directories-extras.cmake
[32.379s] -- Up-to-date symlink: /home/cityu/autoware/install/ekf_localizer/share/ekf_localizer/cmake/ament_cmake_export_libraries-extras.cmake
[32.379s] -- Up-to-date symlink: /home/cityu/autoware/install/ekf_localizer/share/ekf_localizer/cmake/ekf_localizerConfig.cmake
[32.379s] -- Up-to-date symlink: /home/cityu/autoware/install/ekf_localizer/share/ekf_localizer/cmake/ekf_localizerConfig-version.cmake
[32.379s] -- Up-to-date symlink: /home/cityu/autoware/install/ekf_localizer/share/ekf_localizer/package.xml
[32.406s] Invoked command in '/home/cityu/autoware/build/ekf_localizer' returned '0': AMENT_PREFIX_PATH=/home/cityu/autoware/install/tier4_autoware_utils:/home/cityu/autoware/install/kalman_filter:/home/cityu/autoware/install/autoware_auto_vehicle_msgs:/home/cityu/autoware/install/autoware_cmake:/home/cityu/autoware/install/autoware_auto_planning_msgs:/home/cityu/autoware/install/autoware_auto_perception_msgs:/home/cityu/autoware/install/tier4_debug_msgs:/home/cityu/autoware/install/autoware_lint_common:/home/cityu/autoware/install/autoware_auto_mapping_msgs:/home/cityu/autoware/install/autoware_auto_geometry_msgs:${AMENT_PREFIX_PATH} CMAKE_PREFIX_PATH=/home/cityu/autoware/install/tier4_autoware_utils:/home/cityu/autoware/install/kalman_filter:/home/cityu/autoware/install/autoware_auto_vehicle_msgs:/home/cityu/autoware/install/autoware_cmake:/home/cityu/autoware/install/autoware_auto_planning_msgs:/home/cityu/autoware/install/autoware_auto_perception_msgs:/home/cityu/autoware/install/tier4_debug_msgs:/home/cityu/autoware/install/autoware_lint_common:/home/cityu/autoware/install/autoware_auto_mapping_msgs:/home/cityu/autoware/install/autoware_auto_geometry_msgs:/opt/ros/galactic LD_LIBRARY_PATH=/home/cityu/autoware/install/tier4_autoware_utils/lib:/home/cityu/autoware/install/kalman_filter/lib:/home/cityu/autoware/install/autoware_auto_vehicle_msgs/lib:/home/cityu/autoware/install/autoware_auto_planning_msgs/lib:/home/cityu/autoware/install/autoware_auto_perception_msgs/lib:/home/cityu/autoware/install/tier4_debug_msgs/lib:/home/cityu/autoware/install/autoware_auto_mapping_msgs/lib:/home/cityu/autoware/install/autoware_auto_geometry_msgs/lib:${LD_LIBRARY_PATH} PYTHONPATH=/home/cityu/autoware/install/autoware_auto_vehicle_msgs/lib/python3.8/site-packages:/home/cityu/autoware/install/autoware_auto_planning_msgs/lib/python3.8/site-packages:/home/cityu/autoware/install/autoware_auto_perception_msgs/lib/python3.8/site-packages:/home/cityu/autoware/install/tier4_debug_msgs/lib/python3.8/site-packages:/home/cityu/autoware/install/autoware_auto_mapping_msgs/lib/python3.8/site-packages:/home/cityu/autoware/install/autoware_auto_geometry_msgs/lib/python3.8/site-packages:${PYTHONPATH} /usr/bin/cmake --install /home/cityu/autoware/build/ekf_localizer
