-- The C compiler identification is GNU 9.4.0
-- The CXX compiler identification is GNU 9.4.0
-- Check for working C compiler: /usr/bin/cc
-- Check for working C compiler: /usr/bin/cc -- works
-- Detecting C compiler ABI info
-- Detecting C compiler ABI info - done
-- Detecting C compile features
-- Detecting C compile features - done
-- Check for working CXX compiler: /usr/bin/c++
-- Check for working CXX compiler: /usr/bin/c++ -- works
-- Detecting CXX compiler ABI info
-- Detecting CXX compiler ABI info - done
-- Detecting CXX compile features
-- Detecting CXX compile features - done
-- Found autoware_cmake: 0.1.0 (/home/cityu/autoware/install/autoware_cmake/share/autoware_cmake/cmake)
-- Found ament_cmake_auto: 1.1.6 (/opt/ros/galactic/share/ament_cmake_auto/cmake)
-- Found PythonInterp: /usr/bin/python3 (found suitable version "3.8.10", minimum required is "3") 
-- Using PYTHON_EXECUTABLE: /usr/bin/python3
-- Override CMake install command with custom implementation using symlinks instead of copying resources
-- Using all available rosidl_typesupport_c: rosidl_typesupport_fastrtps_c;rosidl_typesupport_introspection_c
-- Found rosidl_adapter: 2.2.3 (/opt/ros/galactic/share/rosidl_adapter/cmake)
-- Found OpenSSL: /usr/lib/x86_64-linux-gnu/libcrypto.so (found version "1.1.1f")  
-- Found FastRTPS: /opt/ros/galactic/include  
-- Using all available rosidl_typesupport_cpp: rosidl_typesupport_fastrtps_cpp;rosidl_typesupport_introspection_cpp
-- Found rmw_implementation_cmake: 3.3.1 (/opt/ros/galactic/share/rmw_implementation_cmake/cmake)
-- Found rmw_cyclonedds_cpp: 0.22.6 (/opt/ros/galactic/share/rmw_cyclonedds_cpp/cmake)
-- Using RMW implementation 'rmw_cyclonedds_cpp' as default
-- Looking for pthread.h
-- Looking for pthread.h - found
-- Performing Test CMAKE_HAVE_LIBC_PTHREAD
-- Performing Test CMAKE_HAVE_LIBC_PTHREAD - Failed
-- Looking for pthread_create in pthreads
-- Looking for pthread_create in pthreads - not found
-- Looking for pthread_create in pthread
-- Looking for pthread_create in pthread - found
-- Found Threads: TRUE  
-- Found mrt_cmake_modules: 1.0.9 (/opt/ros/galactic/share/mrt_cmake_modules/cmake)
-- Found Boost: /usr/lib/x86_64-linux-gnu/cmake/Boost-1.71.0/BoostConfig.cmake (found version "1.71.0") found components: wserialization thread random serialization log_setup prg_exec_monitor wave system chrono filesystem locale timer date_time regex graph program_options unit_test_framework log atomic iostreams 
-- Found OpenMP_C: -fopenmp (found version "4.5") 
-- Found OpenMP_CXX: -fopenmp (found version "4.5") 
-- Found OpenMP: TRUE (found version "4.5")  
-- Found pugixml: /usr/lib/x86_64-linux-gnu/libpugixml.so  
-- Found PkgConfig: /usr/bin/pkg-config (found version "0.29.1") 
-- Found GeographicLib: /usr/lib/x86_64-linux-gnu/libGeographic.so  
-- Found eigen3_cmake_module: 0.1.1 (/opt/ros/galactic/share/eigen3_cmake_module/cmake)
-- Found Eigen3: TRUE (found version "3.3.7") 
-- Found ament_lint_auto: 0.10.7 (/opt/ros/galactic/share/ament_lint_auto/cmake)
-- Checking for module 'eigen3'
--   Found eigen3, version 3.3.7
-- Found Eigen: /usr/include/eigen3 (Required is at least version "3.1") 
-- Eigen found (include: /usr/include/eigen3, version: 3.3.7)
-- Found Boost: /usr/include (found suitable version "1.71.0", minimum required is "1.55.0") found components: system filesystem date_time iostreams regex 
-- Checking for module 'flann'
--   Found flann, version 1.9.1
-- Found FLANN: /usr/lib/x86_64-linux-gnu/libflann_cpp.so  
-- The imported target "vtkParseOGLExt" references the file
   "/usr/bin/vtkParseOGLExt-7.1"
but this file does not exist.  Possible reasons include:
* The file was deleted, renamed, or moved to another location.
* An install or uninstall procedure did not complete successfully.
* The installation package was faulty and contained
   "/usr/lib/cmake/vtk-7.1/VTKTargets.cmake"
but not all the files it references.

-- The imported target "vtkRenderingPythonTkWidgets" references the file
   "/usr/lib/x86_64-linux-gnu/libvtkRenderingPythonTkWidgets.so"
but this file does not exist.  Possible reasons include:
* The file was deleted, renamed, or moved to another location.
* An install or uninstall procedure did not complete successfully.
* The installation package was faulty and contained
   "/usr/lib/cmake/vtk-7.1/VTKTargets.cmake"
but not all the files it references.

-- The imported target "vtk" references the file
   "/usr/bin/vtk"
but this file does not exist.  Possible reasons include:
* The file was deleted, renamed, or moved to another location.
* An install or uninstall procedure did not complete successfully.
* The installation package was faulty and contained
   "/usr/lib/cmake/vtk-7.1/VTKTargets.cmake"
but not all the files it references.

-- The imported target "pvtk" references the file
   "/usr/bin/pvtk"
but this file does not exist.  Possible reasons include:
* The file was deleted, renamed, or moved to another location.
* An install or uninstall procedure did not complete successfully.
* The installation package was faulty and contained
   "/usr/lib/cmake/vtk-7.1/VTKTargets.cmake"
but not all the files it references.

-- Checking for module 'libusb-1.0'
--   No package 'libusb-1.0' found
-- Could NOT find USB_10 (missing: USB_10_LIBRARY USB_10_INCLUDE_DIR) 
-- OpenNI disabled because libusb-1.0 not found.
** WARNING ** io features related to openni will be disabled
-- Checking for module 'libusb-1.0'
--   No package 'libusb-1.0' found
-- Could NOT find USB_10 (missing: USB_10_LIBRARY USB_10_INCLUDE_DIR) 
-- OpenNI 2 disabled because libusb-1.0 not found.
** WARNING ** io features related to openni2 will be disabled
** WARNING ** io features related to pcap will be disabled
** WARNING ** io features related to png will be disabled
-- LIBUSB_1_LIBRARY (missing: LIBUSB_1_INCLUDE_DIR) 
** WARNING ** io features related to libusb-1.0 will be disabled
-- Checking for module 'libusb-1.0'
--   No package 'libusb-1.0' found
-- Could NOT find USB_10 (missing: USB_10_LIBRARY USB_10_INCLUDE_DIR) 
-- OpenNI disabled because libusb-1.0 not found.
** WARNING ** visualization features related to openni will be disabled
-- Checking for module 'libusb-1.0'
--   No package 'libusb-1.0' found
-- Could NOT find USB_10 (missing: USB_10_LIBRARY USB_10_INCLUDE_DIR) 
-- OpenNI 2 disabled because libusb-1.0 not found.
** WARNING ** visualization features related to openni2 will be disabled
-- Found Qhull: optimized;/usr/lib/x86_64-linux-gnu/libqhull.so;debug;/usr/lib/x86_64-linux-gnu/libqhull.so  
-- QHULL found (include: /usr/include, lib: optimized;/usr/lib/x86_64-linux-gnu/libqhull.so;debug;/usr/lib/x86_64-linux-gnu/libqhull.so)
-- Checking for module 'libusb-1.0'
--   No package 'libusb-1.0' found
-- Could NOT find USB_10 (missing: USB_10_LIBRARY USB_10_INCLUDE_DIR) 
-- OpenNI disabled because libusb-1.0 not found.
** WARNING ** apps features related to openni will be disabled
-- looking for PCL_COMMON
-- Found PCL_COMMON: /usr/lib/x86_64-linux-gnu/libpcl_common.so  
-- looking for PCL_KDTREE
-- Found PCL_KDTREE: /usr/lib/x86_64-linux-gnu/libpcl_kdtree.so  
-- looking for PCL_OCTREE
-- Found PCL_OCTREE: /usr/lib/x86_64-linux-gnu/libpcl_octree.so  
-- looking for PCL_SEARCH
-- Found PCL_SEARCH: /usr/lib/x86_64-linux-gnu/libpcl_search.so  
-- looking for PCL_SAMPLE_CONSENSUS
-- Found PCL_SAMPLE_CONSENSUS: /usr/lib/x86_64-linux-gnu/libpcl_sample_consensus.so  
-- looking for PCL_FILTERS
-- Found PCL_FILTERS: /usr/lib/x86_64-linux-gnu/libpcl_filters.so  
-- looking for PCL_2D
-- Found PCL_2D: /usr/include/pcl-1.10  
-- looking for PCL_GEOMETRY
-- Found PCL_GEOMETRY: /usr/include/pcl-1.10  
-- looking for PCL_IO
-- Found PCL_IO: /usr/lib/x86_64-linux-gnu/libpcl_io.so  
-- looking for PCL_FEATURES
-- Found PCL_FEATURES: /usr/lib/x86_64-linux-gnu/libpcl_features.so  
-- looking for PCL_ML
-- Found PCL_ML: /usr/lib/x86_64-linux-gnu/libpcl_ml.so  
-- looking for PCL_SEGMENTATION
-- Found PCL_SEGMENTATION: /usr/lib/x86_64-linux-gnu/libpcl_segmentation.so  
-- looking for PCL_VISUALIZATION
-- Found PCL_VISUALIZATION: /usr/lib/x86_64-linux-gnu/libpcl_visualization.so  
-- looking for PCL_SURFACE
-- Found PCL_SURFACE: /usr/lib/x86_64-linux-gnu/libpcl_surface.so  
-- looking for PCL_REGISTRATION
-- Found PCL_REGISTRATION: /usr/lib/x86_64-linux-gnu/libpcl_registration.so  
-- looking for PCL_KEYPOINTS
-- Found PCL_KEYPOINTS: /usr/lib/x86_64-linux-gnu/libpcl_keypoints.so  
-- looking for PCL_TRACKING
-- Found PCL_TRACKING: /usr/lib/x86_64-linux-gnu/libpcl_tracking.so  
-- looking for PCL_RECOGNITION
-- Found PCL_RECOGNITION: /usr/lib/x86_64-linux-gnu/libpcl_recognition.so  
-- looking for PCL_STEREO
-- Found PCL_STEREO: /usr/lib/x86_64-linux-gnu/libpcl_stereo.so  
-- looking for PCL_APPS
-- Found PCL_APPS: /usr/lib/x86_64-linux-gnu/libpcl_apps.so  
-- looking for PCL_IN_HAND_SCANNER
-- Found PCL_IN_HAND_SCANNER: /usr/include/pcl-1.10  
-- looking for PCL_POINT_CLOUD_EDITOR
-- Found PCL_POINT_CLOUD_EDITOR: /usr/include/pcl-1.10  
-- looking for PCL_OUTOFCORE
-- Found PCL_OUTOFCORE: /usr/lib/x86_64-linux-gnu/libpcl_outofcore.so  
-- looking for PCL_PEOPLE
-- Found PCL_PEOPLE: /usr/lib/x86_64-linux-gnu/libpcl_people.so  
-- Found PCL: pcl_common;pcl_kdtree;pcl_octree;pcl_search;pcl_sample_consensus;pcl_filters;pcl_io;pcl_features;pcl_ml;pcl_segmentation;pcl_visualization;pcl_surface;pcl_registration;pcl_keypoints;pcl_tracking;pcl_recognition;pcl_stereo;pcl_apps;pcl_outofcore;pcl_people;optimized;/usr/lib/x86_64-linux-gnu/libboost_system.so.1.71.0;debug;/usr/lib/x86_64-linux-gnu/libboost_system.so;optimized;/usr/lib/x86_64-linux-gnu/libboost_filesystem.so.1.71.0;debug;/usr/lib/x86_64-linux-gnu/libboost_filesystem.so;optimized;/usr/lib/x86_64-linux-gnu/libboost_date_time.so.1.71.0;debug;/usr/lib/x86_64-linux-gnu/libboost_date_time.so;optimized;/usr/lib/x86_64-linux-gnu/libboost_iostreams.so.1.71.0;debug;/usr/lib/x86_64-linux-gnu/libboost_iostreams.so;optimized;/usr/lib/x86_64-linux-gnu/libboost_regex.so.1.71.0;debug;/usr/lib/x86_64-linux-gnu/libboost_regex.so;optimized;/usr/lib/x86_64-linux-gnu/libqhull.so;debug;/usr/lib/x86_64-linux-gnu/libqhull.so;vtkChartsCore;vtkCommonColor;vtkCommonCore;vtksys;vtkCommonDataModel;vtkCommonMath;vtkCommonMisc;vtkCommonSystem;vtkCommonTransforms;vtkCommonExecutionModel;vtkFiltersGeneral;vtkCommonComputationalGeometry;vtkFiltersCore;vtkInfovisCore;vtkFiltersExtraction;vtkFiltersStatistics;vtkImagingFourier;vtkImagingCore;vtkalglib;vtkRenderingContext2D;vtkRenderingCore;vtkFiltersGeometry;vtkFiltersSources;vtkRenderingFreeType;/usr/lib/x86_64-linux-gnu/libfreetype.so;/usr/lib/x86_64-linux-gnu/libz.so;vtkFiltersModeling;vtkImagingSources;vtkInteractionStyle;vtkInteractionWidgets;vtkFiltersHybrid;vtkImagingColor;vtkImagingGeneral;vtkImagingHybrid;vtkIOImage;vtkDICOMParser;vtkmetaio;/usr/lib/x86_64-linux-gnu/libjpeg.so;/usr/lib/x86_64-linux-gnu/libpng.so;/usr/lib/x86_64-linux-gnu/libtiff.so;vtkRenderingAnnotation;vtkRenderingVolume;vtkIOXML;vtkIOCore;vtkIOXMLParser;/usr/lib/x86_64-linux-gnu/libexpat.so;vtkIOGeometry;vtkIOLegacy;vtkIOPLY;vtkRenderingLOD;vtkViewsContext2D;vtkViewsCore;vtkRenderingContextOpenGL2;vtkRenderingOpenGL2;FLANN::FLANN  
-- Found gmock sources under '/opt/ros/galactic/src/gmock_vendor': C++ tests using 'Google Mock' will be built
-- Found ament_cmake_gtest: 1.1.6 (/opt/ros/galactic/share/ament_cmake_gtest/cmake)
-- Found gtest sources under '/opt/ros/galactic/src/gtest_vendor': C++ tests using 'Google Test' will be built
-- Added test 'copyright' to check source files copyright and LICENSE
-- Added test 'cppcheck' to perform static code analysis on C / C++ code
-- Configured cppcheck include dirs: /home/cityu/autoware/src/universe/autoware.universe/map/map_tf_generator/include
-- Configured cppcheck exclude dirs and/or files: 
-- Added test 'lint_cmake' to check CMake code style
-- Added test 'xmllint' to check XML markup files
-- Configuring done
-- Generating done
-- Build files have been written to: /home/cityu/autoware/build/map_tf_generator
[35m[1mScanning dependencies of target pcd_map_tf_generator_node[0m
[  6%] [32mBuilding CXX object CMakeFiles/pcd_map_tf_generator_node.dir/src/pcd_map_tf_generator_node.cpp.o[0m
[ 13%] [32m[1mLinking CXX shared library libpcd_map_tf_generator_node.so[0m
[ 13%] Built target pcd_map_tf_generator_node
[35m[1mScanning dependencies of target vector_map_tf_generator[0m
[ 20%] [32mBuilding CXX object CMakeFiles/vector_map_tf_generator.dir/rclcpp_components/node_main_vector_map_tf_generator.cpp.o[0m
[ 26%] [32m[1mLinking CXX executable vector_map_tf_generator[0m
[ 26%] Built target vector_map_tf_generator
[35m[1mScanning dependencies of target vector_map_tf_generator_node[0m
[ 33%] [32mBuilding CXX object CMakeFiles/vector_map_tf_generator_node.dir/src/vector_map_tf_generator_node.cpp.o[0m
[ 40%] [32m[1mLinking CXX shared library libvector_map_tf_generator_node.so[0m
[ 40%] Built target vector_map_tf_generator_node
[35m[1mScanning dependencies of target gmock_main[0m
[35m[1mScanning dependencies of target gmock[0m
[ 46%] [32mBuilding CXX object gmock/CMakeFiles/gmock_main.dir/src/gmock_main.cc.o[0m
[ 60%] [32mBuilding CXX object gmock/CMakeFiles/gmock.dir/src/gmock-all.cc.o[0m
[ 60%] [32mBuilding CXX object gmock/CMakeFiles/gmock.dir/opt/ros/galactic/src/gtest_vendor/src/gtest-all.cc.o[0m
[ 66%] [32m[1mLinking CXX static library libgmock_main.a[0m
[ 66%] Built target gmock_main
[35m[1mScanning dependencies of target pcd_map_tf_generator[0m
[ 73%] [32mBuilding CXX object CMakeFiles/pcd_map_tf_generator.dir/rclcpp_components/node_main_pcd_map_tf_generator.cpp.o[0m
[ 80%] [32m[1mLinking CXX executable pcd_map_tf_generator[0m
[ 80%] Built target pcd_map_tf_generator
[ 86%] [32m[1mLinking CXX static library libgmock.a[0m
[ 86%] Built target gmock
[35m[1mScanning dependencies of target test_uniform_random[0m
[ 93%] [32mBuilding CXX object CMakeFiles/test_uniform_random.dir/test/test_uniform_random.cpp.o[0m
[100%] [32m[1mLinking CXX executable test_uniform_random[0m
[100%] Built target test_uniform_random
-- Install configuration: "Release"
-- Execute custom install script
-- Symlinking: /home/cityu/autoware/install/map_tf_generator/lib/map_tf_generator/pcd_map_tf_generator
-- Symlinking: /home/cityu/autoware/install/map_tf_generator/lib/map_tf_generator/vector_map_tf_generator
-- Symlinking: /home/cityu/autoware/install/map_tf_generator/include/map_tf_generator/uniform_random.hpp
-- Symlinking: /home/cityu/autoware/install/map_tf_generator/share/map_tf_generator/environment/library_path.sh
-- Symlinking: /home/cityu/autoware/install/map_tf_generator/share/map_tf_generator/environment/library_path.dsv
-- Symlinking: /home/cityu/autoware/install/map_tf_generator/lib/libpcd_map_tf_generator_node.so
-- Symlinking: /home/cityu/autoware/install/map_tf_generator/lib/libvector_map_tf_generator_node.so
-- Symlinking: /home/cityu/autoware/install/map_tf_generator/share/map_tf_generator/launch/map_tf_generator.launch.xml
-- Symlinking: /home/cityu/autoware/install/map_tf_generator/share/ament_index/resource_index/package_run_dependencies/map_tf_generator
-- Symlinking: /home/cityu/autoware/install/map_tf_generator/share/ament_index/resource_index/parent_prefix_path/map_tf_generator
-- Symlinking: /home/cityu/autoware/install/map_tf_generator/share/map_tf_generator/environment/ament_prefix_path.sh
-- Symlinking: /home/cityu/autoware/install/map_tf_generator/share/map_tf_generator/environment/ament_prefix_path.dsv
-- Symlinking: /home/cityu/autoware/install/map_tf_generator/share/map_tf_generator/environment/path.sh
-- Symlinking: /home/cityu/autoware/install/map_tf_generator/share/map_tf_generator/environment/path.dsv
-- Symlinking: /home/cityu/autoware/install/map_tf_generator/share/map_tf_generator/local_setup.bash
-- Symlinking: /home/cityu/autoware/install/map_tf_generator/share/map_tf_generator/local_setup.sh
-- Symlinking: /home/cityu/autoware/install/map_tf_generator/share/map_tf_generator/local_setup.zsh
-- Symlinking: /home/cityu/autoware/install/map_tf_generator/share/map_tf_generator/local_setup.dsv
-- Symlinking: /home/cityu/autoware/install/map_tf_generator/share/map_tf_generator/package.dsv
-- Symlinking: /home/cityu/autoware/install/map_tf_generator/share/ament_index/resource_index/packages/map_tf_generator
-- Symlinking: /home/cityu/autoware/install/map_tf_generator/share/ament_index/resource_index/rclcpp_components/map_tf_generator
-- Symlinking: /home/cityu/autoware/install/map_tf_generator/share/map_tf_generator/cmake/ament_cmake_export_dependencies-extras.cmake
-- Symlinking: /home/cityu/autoware/install/map_tf_generator/share/map_tf_generator/cmake/ament_cmake_export_include_directories-extras.cmake
-- Symlinking: /home/cityu/autoware/install/map_tf_generator/share/map_tf_generator/cmake/ament_cmake_export_libraries-extras.cmake
-- Symlinking: /home/cityu/autoware/install/map_tf_generator/share/map_tf_generator/cmake/map_tf_generatorConfig.cmake
-- Symlinking: /home/cityu/autoware/install/map_tf_generator/share/map_tf_generator/cmake/map_tf_generatorConfig-version.cmake
-- Symlinking: /home/cityu/autoware/install/map_tf_generator/share/map_tf_generator/package.xml
