[0.132s] Invoking command in '/home/cityu/autoware/build/kinematic_evaluator': AMENT_PREFIX_PATH=/home/cityu/autoware/install/tier4_autoware_utils:/home/cityu/autoware/install/autoware_auto_vehicle_msgs:/home/cityu/autoware/install/autoware_cmake:/home/cityu/autoware/install/autoware_auto_planning_msgs:/home/cityu/autoware/install/autoware_auto_perception_msgs:/home/cityu/autoware/install/tier4_debug_msgs:/home/cityu/autoware/install/autoware_lint_common:/home/cityu/autoware/install/autoware_auto_mapping_msgs:/home/cityu/autoware/install/autoware_auto_geometry_msgs:${AMENT_PREFIX_PATH} CMAKE_PREFIX_PATH=/home/cityu/autoware/install/tier4_autoware_utils:/home/cityu/autoware/install/autoware_auto_vehicle_msgs:/home/cityu/autoware/install/autoware_cmake:/home/cityu/autoware/install/autoware_auto_planning_msgs:/home/cityu/autoware/install/autoware_auto_perception_msgs:/home/cityu/autoware/install/tier4_debug_msgs:/home/cityu/autoware/install/autoware_lint_common:/home/cityu/autoware/install/autoware_auto_mapping_msgs:/home/cityu/autoware/install/autoware_auto_geometry_msgs:/opt/ros/galactic LD_LIBRARY_PATH=/home/cityu/autoware/install/tier4_autoware_utils/lib:/home/cityu/autoware/install/autoware_auto_vehicle_msgs/lib:/home/cityu/autoware/install/autoware_auto_planning_msgs/lib:/home/cityu/autoware/install/autoware_auto_perception_msgs/lib:/home/cityu/autoware/install/tier4_debug_msgs/lib:/home/cityu/autoware/install/autoware_auto_mapping_msgs/lib:/home/cityu/autoware/install/autoware_auto_geometry_msgs/lib:${LD_LIBRARY_PATH} PYTHONPATH=/home/cityu/autoware/install/autoware_auto_vehicle_msgs/lib/python3.8/site-packages:/home/cityu/autoware/install/autoware_auto_planning_msgs/lib/python3.8/site-packages:/home/cityu/autoware/install/autoware_auto_perception_msgs/lib/python3.8/site-packages:/home/cityu/autoware/install/tier4_debug_msgs/lib/python3.8/site-packages:/home/cityu/autoware/install/autoware_auto_mapping_msgs/lib/python3.8/site-packages:/home/cityu/autoware/install/autoware_auto_geometry_msgs/lib/python3.8/site-packages:${PYTHONPATH} /usr/bin/cmake /home/cityu/autoware/src/universe/autoware.universe/evaluator/kinematic_evaluator -DCMAKE_BUILD_TYPE=Release -DDOWNLOAD_ARTIFACTS=ON -DAMENT_CMAKE_SYMLINK_INSTALL=1 -DCMAKE_INSTALL_PREFIX=/home/cityu/autoware/install/kinematic_evaluator
[6.498s] -- Found autoware_cmake: 0.1.0 (/home/cityu/autoware/install/autoware_cmake/share/autoware_cmake/cmake)
[6.498s] -- Found ament_cmake_auto: 1.1.6 (/opt/ros/galactic/share/ament_cmake_auto/cmake)
[6.498s] -- Using PYTHON_EXECUTABLE: /usr/bin/python3
[6.498s] -- Override CMake install command with custom implementation using symlinks instead of copying resources
[6.498s] -- Using all available rosidl_typesupport_c: rosidl_typesupport_fastrtps_c;rosidl_typesupport_introspection_c
[6.498s] -- Found rosidl_adapter: 2.2.3 (/opt/ros/galactic/share/rosidl_adapter/cmake)
[6.498s] -- Using all available rosidl_typesupport_cpp: rosidl_typesupport_fastrtps_cpp;rosidl_typesupport_introspection_cpp
[6.498s] -- Found rmw_implementation_cmake: 3.3.1 (/opt/ros/galactic/share/rmw_implementation_cmake/cmake)
[6.498s] -- Found rmw_cyclonedds_cpp: 0.22.6 (/opt/ros/galactic/share/rmw_cyclonedds_cpp/cmake)
[6.498s] -- Using RMW implementation 'rmw_cyclonedds_cpp' as default
[6.499s] -- Found eigen3_cmake_module: 0.1.1 (/opt/ros/galactic/share/eigen3_cmake_module/cmake)
[6.499s] -- Found ament_lint_auto: 0.10.7 (/opt/ros/galactic/share/ament_lint_auto/cmake)
[7.073s] -- Found gtest sources under '/opt/ros/galactic/src/gtest_vendor': C++ tests using 'Google Test' will be built
[7.090s] -- Added test 'copyright' to check source files copyright and LICENSE
[7.092s] -- Added test 'cppcheck' to perform static code analysis on C / C++ code
[7.092s] -- Configured cppcheck include dirs: /home/cityu/autoware/src/universe/autoware.universe/evaluator/kinematic_evaluator/include
[7.092s] -- Configured cppcheck exclude dirs and/or files: 
[7.099s] -- Added test 'lint_cmake' to check CMake code style
[7.100s] -- Added test 'xmllint' to check XML markup files
[7.110s] -- Configuring done
[7.227s] -- Generating done
[7.231s] CMake Warning:
[7.231s]   Manually-specified variables were not used by the project:
[7.231s] 
[7.231s]     DOWNLOAD_ARTIFACTS
[7.231s] 
[7.232s] 
[7.232s] -- Build files have been written to: /home/cityu/autoware/build/kinematic_evaluator
[7.309s] Invoked command in '/home/cityu/autoware/build/kinematic_evaluator' returned '0': AMENT_PREFIX_PATH=/home/cityu/autoware/install/tier4_autoware_utils:/home/cityu/autoware/install/autoware_auto_vehicle_msgs:/home/cityu/autoware/install/autoware_cmake:/home/cityu/autoware/install/autoware_auto_planning_msgs:/home/cityu/autoware/install/autoware_auto_perception_msgs:/home/cityu/autoware/install/tier4_debug_msgs:/home/cityu/autoware/install/autoware_lint_common:/home/cityu/autoware/install/autoware_auto_mapping_msgs:/home/cityu/autoware/install/autoware_auto_geometry_msgs:${AMENT_PREFIX_PATH} CMAKE_PREFIX_PATH=/home/cityu/autoware/install/tier4_autoware_utils:/home/cityu/autoware/install/autoware_auto_vehicle_msgs:/home/cityu/autoware/install/autoware_cmake:/home/cityu/autoware/install/autoware_auto_planning_msgs:/home/cityu/autoware/install/autoware_auto_perception_msgs:/home/cityu/autoware/install/tier4_debug_msgs:/home/cityu/autoware/install/autoware_lint_common:/home/cityu/autoware/install/autoware_auto_mapping_msgs:/home/cityu/autoware/install/autoware_auto_geometry_msgs:/opt/ros/galactic LD_LIBRARY_PATH=/home/cityu/autoware/install/tier4_autoware_utils/lib:/home/cityu/autoware/install/autoware_auto_vehicle_msgs/lib:/home/cityu/autoware/install/autoware_auto_planning_msgs/lib:/home/cityu/autoware/install/autoware_auto_perception_msgs/lib:/home/cityu/autoware/install/tier4_debug_msgs/lib:/home/cityu/autoware/install/autoware_auto_mapping_msgs/lib:/home/cityu/autoware/install/autoware_auto_geometry_msgs/lib:${LD_LIBRARY_PATH} PYTHONPATH=/home/cityu/autoware/install/autoware_auto_vehicle_msgs/lib/python3.8/site-packages:/home/cityu/autoware/install/autoware_auto_planning_msgs/lib/python3.8/site-packages:/home/cityu/autoware/install/autoware_auto_perception_msgs/lib/python3.8/site-packages:/home/cityu/autoware/install/tier4_debug_msgs/lib/python3.8/site-packages:/home/cityu/autoware/install/autoware_auto_mapping_msgs/lib/python3.8/site-packages:/home/cityu/autoware/install/autoware_auto_geometry_msgs/lib/python3.8/site-packages:${PYTHONPATH} /usr/bin/cmake /home/cityu/autoware/src/universe/autoware.universe/evaluator/kinematic_evaluator -DCMAKE_BUILD_TYPE=Release -DDOWNLOAD_ARTIFACTS=ON -DAMENT_CMAKE_SYMLINK_INSTALL=1 -DCMAKE_INSTALL_PREFIX=/home/cityu/autoware/install/kinematic_evaluator
[7.321s] Invoking command in '/home/cityu/autoware/build/kinematic_evaluator': AMENT_PREFIX_PATH=/home/cityu/autoware/install/tier4_autoware_utils:/home/cityu/autoware/install/autoware_auto_vehicle_msgs:/home/cityu/autoware/install/autoware_cmake:/home/cityu/autoware/install/autoware_auto_planning_msgs:/home/cityu/autoware/install/autoware_auto_perception_msgs:/home/cityu/autoware/install/tier4_debug_msgs:/home/cityu/autoware/install/autoware_lint_common:/home/cityu/autoware/install/autoware_auto_mapping_msgs:/home/cityu/autoware/install/autoware_auto_geometry_msgs:${AMENT_PREFIX_PATH} CMAKE_PREFIX_PATH=/home/cityu/autoware/install/tier4_autoware_utils:/home/cityu/autoware/install/autoware_auto_vehicle_msgs:/home/cityu/autoware/install/autoware_cmake:/home/cityu/autoware/install/autoware_auto_planning_msgs:/home/cityu/autoware/install/autoware_auto_perception_msgs:/home/cityu/autoware/install/tier4_debug_msgs:/home/cityu/autoware/install/autoware_lint_common:/home/cityu/autoware/install/autoware_auto_mapping_msgs:/home/cityu/autoware/install/autoware_auto_geometry_msgs:/opt/ros/galactic LD_LIBRARY_PATH=/home/cityu/autoware/install/tier4_autoware_utils/lib:/home/cityu/autoware/install/autoware_auto_vehicle_msgs/lib:/home/cityu/autoware/install/autoware_auto_planning_msgs/lib:/home/cityu/autoware/install/autoware_auto_perception_msgs/lib:/home/cityu/autoware/install/tier4_debug_msgs/lib:/home/cityu/autoware/install/autoware_auto_mapping_msgs/lib:/home/cityu/autoware/install/autoware_auto_geometry_msgs/lib:${LD_LIBRARY_PATH} PYTHONPATH=/home/cityu/autoware/install/autoware_auto_vehicle_msgs/lib/python3.8/site-packages:/home/cityu/autoware/install/autoware_auto_planning_msgs/lib/python3.8/site-packages:/home/cityu/autoware/install/autoware_auto_perception_msgs/lib/python3.8/site-packages:/home/cityu/autoware/install/tier4_debug_msgs/lib/python3.8/site-packages:/home/cityu/autoware/install/autoware_auto_mapping_msgs/lib/python3.8/site-packages:/home/cityu/autoware/install/autoware_auto_geometry_msgs/lib/python3.8/site-packages:${PYTHONPATH} /usr/bin/cmake --build /home/cityu/autoware/build/kinematic_evaluator -- -j16 -l16
[8.090s] [ 16%] Built target gtest
[8.098s] [ 25%] [32m[1mLinking CXX executable kinematic_evaluator[0m
[8.099s] [ 33%] Built target kinematic_evaluator
[8.099s] [ 50%] Built target gtest_main
[8.099s] [ 58%] [32m[1mLinking CXX shared library libkinematic_evaluator_node.so[0m
[8.371s] [ 83%] Built target kinematic_evaluator_node
[8.415s] [ 91%] [32mBuilding CXX object CMakeFiles/test_kinematic_evaluator.dir/test/test_kinematic_evaluator_node.cpp.o[0m
[25.369s] [100%] [32m[1mLinking CXX executable test_kinematic_evaluator[0m
[25.618s] [100%] Built target test_kinematic_evaluator
[25.631s] Invoked command in '/home/cityu/autoware/build/kinematic_evaluator' returned '0': AMENT_PREFIX_PATH=/home/cityu/autoware/install/tier4_autoware_utils:/home/cityu/autoware/install/autoware_auto_vehicle_msgs:/home/cityu/autoware/install/autoware_cmake:/home/cityu/autoware/install/autoware_auto_planning_msgs:/home/cityu/autoware/install/autoware_auto_perception_msgs:/home/cityu/autoware/install/tier4_debug_msgs:/home/cityu/autoware/install/autoware_lint_common:/home/cityu/autoware/install/autoware_auto_mapping_msgs:/home/cityu/autoware/install/autoware_auto_geometry_msgs:${AMENT_PREFIX_PATH} CMAKE_PREFIX_PATH=/home/cityu/autoware/install/tier4_autoware_utils:/home/cityu/autoware/install/autoware_auto_vehicle_msgs:/home/cityu/autoware/install/autoware_cmake:/home/cityu/autoware/install/autoware_auto_planning_msgs:/home/cityu/autoware/install/autoware_auto_perception_msgs:/home/cityu/autoware/install/tier4_debug_msgs:/home/cityu/autoware/install/autoware_lint_common:/home/cityu/autoware/install/autoware_auto_mapping_msgs:/home/cityu/autoware/install/autoware_auto_geometry_msgs:/opt/ros/galactic LD_LIBRARY_PATH=/home/cityu/autoware/install/tier4_autoware_utils/lib:/home/cityu/autoware/install/autoware_auto_vehicle_msgs/lib:/home/cityu/autoware/install/autoware_auto_planning_msgs/lib:/home/cityu/autoware/install/autoware_auto_perception_msgs/lib:/home/cityu/autoware/install/tier4_debug_msgs/lib:/home/cityu/autoware/install/autoware_auto_mapping_msgs/lib:/home/cityu/autoware/install/autoware_auto_geometry_msgs/lib:${LD_LIBRARY_PATH} PYTHONPATH=/home/cityu/autoware/install/autoware_auto_vehicle_msgs/lib/python3.8/site-packages:/home/cityu/autoware/install/autoware_auto_planning_msgs/lib/python3.8/site-packages:/home/cityu/autoware/install/autoware_auto_perception_msgs/lib/python3.8/site-packages:/home/cityu/autoware/install/tier4_debug_msgs/lib/python3.8/site-packages:/home/cityu/autoware/install/autoware_auto_mapping_msgs/lib/python3.8/site-packages:/home/cityu/autoware/install/autoware_auto_geometry_msgs/lib/python3.8/site-packages:${PYTHONPATH} /usr/bin/cmake --build /home/cityu/autoware/build/kinematic_evaluator -- -j16 -l16
[25.665s] Invoking command in '/home/cityu/autoware/build/kinematic_evaluator': AMENT_PREFIX_PATH=/home/cityu/autoware/install/tier4_autoware_utils:/home/cityu/autoware/install/autoware_auto_vehicle_msgs:/home/cityu/autoware/install/autoware_cmake:/home/cityu/autoware/install/autoware_auto_planning_msgs:/home/cityu/autoware/install/autoware_auto_perception_msgs:/home/cityu/autoware/install/tier4_debug_msgs:/home/cityu/autoware/install/autoware_lint_common:/home/cityu/autoware/install/autoware_auto_mapping_msgs:/home/cityu/autoware/install/autoware_auto_geometry_msgs:${AMENT_PREFIX_PATH} CMAKE_PREFIX_PATH=/home/cityu/autoware/install/tier4_autoware_utils:/home/cityu/autoware/install/autoware_auto_vehicle_msgs:/home/cityu/autoware/install/autoware_cmake:/home/cityu/autoware/install/autoware_auto_planning_msgs:/home/cityu/autoware/install/autoware_auto_perception_msgs:/home/cityu/autoware/install/tier4_debug_msgs:/home/cityu/autoware/install/autoware_lint_common:/home/cityu/autoware/install/autoware_auto_mapping_msgs:/home/cityu/autoware/install/autoware_auto_geometry_msgs:/opt/ros/galactic LD_LIBRARY_PATH=/home/cityu/autoware/install/tier4_autoware_utils/lib:/home/cityu/autoware/install/autoware_auto_vehicle_msgs/lib:/home/cityu/autoware/install/autoware_auto_planning_msgs/lib:/home/cityu/autoware/install/autoware_auto_perception_msgs/lib:/home/cityu/autoware/install/tier4_debug_msgs/lib:/home/cityu/autoware/install/autoware_auto_mapping_msgs/lib:/home/cityu/autoware/install/autoware_auto_geometry_msgs/lib:${LD_LIBRARY_PATH} PYTHONPATH=/home/cityu/autoware/install/autoware_auto_vehicle_msgs/lib/python3.8/site-packages:/home/cityu/autoware/install/autoware_auto_planning_msgs/lib/python3.8/site-packages:/home/cityu/autoware/install/autoware_auto_perception_msgs/lib/python3.8/site-packages:/home/cityu/autoware/install/tier4_debug_msgs/lib/python3.8/site-packages:/home/cityu/autoware/install/autoware_auto_mapping_msgs/lib/python3.8/site-packages:/home/cityu/autoware/install/autoware_auto_geometry_msgs/lib/python3.8/site-packages:${PYTHONPATH} /usr/bin/cmake --install /home/cityu/autoware/build/kinematic_evaluator
[25.674s] -- Install configuration: "Release"
[25.674s] -- Execute custom install script
[25.675s] -- Up-to-date symlink: /home/cityu/autoware/install/kinematic_evaluator/lib/kinematic_evaluator/kinematic_evaluator
[25.675s] -- Up-to-date symlink: /home/cityu/autoware/install/kinematic_evaluator/include/kinematic_evaluator/kinematic_evaluator_node.hpp
[25.676s] -- Up-to-date symlink: /home/cityu/autoware/install/kinematic_evaluator/include/kinematic_evaluator/metrics/kinematic_metrics.hpp
[25.676s] -- Up-to-date symlink: /home/cityu/autoware/install/kinematic_evaluator/include/kinematic_evaluator/metrics/metric.hpp
[25.676s] -- Up-to-date symlink: /home/cityu/autoware/install/kinematic_evaluator/include/kinematic_evaluator/metrics_calculator.hpp
[25.676s] -- Up-to-date symlink: /home/cityu/autoware/install/kinematic_evaluator/include/kinematic_evaluator/parameters.hpp
[25.676s] -- Up-to-date symlink: /home/cityu/autoware/install/kinematic_evaluator/include/kinematic_evaluator/stat.hpp
[25.676s] -- Up-to-date symlink: /home/cityu/autoware/install/kinematic_evaluator/share/kinematic_evaluator/environment/library_path.sh
[25.676s] -- Up-to-date symlink: /home/cityu/autoware/install/kinematic_evaluator/share/kinematic_evaluator/environment/library_path.dsv
[25.677s] -- Up-to-date symlink: /home/cityu/autoware/install/kinematic_evaluator/lib/libkinematic_evaluator_node.so
[25.677s] -- Up-to-date symlink: /home/cityu/autoware/install/kinematic_evaluator/share/kinematic_evaluator/param/kinematic_evaluator.defaults.yaml
[25.678s] -- Up-to-date symlink: /home/cityu/autoware/install/kinematic_evaluator/share/kinematic_evaluator/launch/kinematic_evaluator.launch.xml
[25.678s] -- Up-to-date symlink: /home/cityu/autoware/install/kinematic_evaluator/share/ament_index/resource_index/package_run_dependencies/kinematic_evaluator
[25.678s] -- Up-to-date symlink: /home/cityu/autoware/install/kinematic_evaluator/share/ament_index/resource_index/parent_prefix_path/kinematic_evaluator
[25.678s] -- Up-to-date symlink: /home/cityu/autoware/install/kinematic_evaluator/share/kinematic_evaluator/environment/ament_prefix_path.sh
[25.679s] -- Up-to-date symlink: /home/cityu/autoware/install/kinematic_evaluator/share/kinematic_evaluator/environment/ament_prefix_path.dsv
[25.679s] -- Up-to-date symlink: /home/cityu/autoware/install/kinematic_evaluator/share/kinematic_evaluator/environment/path.sh
[25.679s] -- Up-to-date symlink: /home/cityu/autoware/install/kinematic_evaluator/share/kinematic_evaluator/environment/path.dsv
[25.679s] -- Up-to-date symlink: /home/cityu/autoware/install/kinematic_evaluator/share/kinematic_evaluator/local_setup.bash
[25.679s] -- Up-to-date symlink: /home/cityu/autoware/install/kinematic_evaluator/share/kinematic_evaluator/local_setup.sh
[25.680s] -- Up-to-date symlink: /home/cityu/autoware/install/kinematic_evaluator/share/kinematic_evaluator/local_setup.zsh
[25.680s] -- Up-to-date symlink: /home/cityu/autoware/install/kinematic_evaluator/share/kinematic_evaluator/local_setup.dsv
[25.680s] -- Symlinking: /home/cityu/autoware/install/kinematic_evaluator/share/kinematic_evaluator/package.dsv
[25.690s] -- Up-to-date symlink: /home/cityu/autoware/install/kinematic_evaluator/share/ament_index/resource_index/packages/kinematic_evaluator
[25.690s] -- Up-to-date symlink: /home/cityu/autoware/install/kinematic_evaluator/share/ament_index/resource_index/rclcpp_components/kinematic_evaluator
[25.690s] -- Up-to-date symlink: /home/cityu/autoware/install/kinematic_evaluator/share/kinematic_evaluator/cmake/ament_cmake_export_dependencies-extras.cmake
[25.690s] -- Up-to-date symlink: /home/cityu/autoware/install/kinematic_evaluator/share/kinematic_evaluator/cmake/ament_cmake_export_include_directories-extras.cmake
[25.690s] -- Up-to-date symlink: /home/cityu/autoware/install/kinematic_evaluator/share/kinematic_evaluator/cmake/ament_cmake_export_libraries-extras.cmake
[25.691s] -- Up-to-date symlink: /home/cityu/autoware/install/kinematic_evaluator/share/kinematic_evaluator/cmake/kinematic_evaluatorConfig.cmake
[25.691s] -- Up-to-date symlink: /home/cityu/autoware/install/kinematic_evaluator/share/kinematic_evaluator/cmake/kinematic_evaluatorConfig-version.cmake
[25.691s] -- Up-to-date symlink: /home/cityu/autoware/install/kinematic_evaluator/share/kinematic_evaluator/package.xml
[25.700s] Invoked command in '/home/cityu/autoware/build/kinematic_evaluator' returned '0': AMENT_PREFIX_PATH=/home/cityu/autoware/install/tier4_autoware_utils:/home/cityu/autoware/install/autoware_auto_vehicle_msgs:/home/cityu/autoware/install/autoware_cmake:/home/cityu/autoware/install/autoware_auto_planning_msgs:/home/cityu/autoware/install/autoware_auto_perception_msgs:/home/cityu/autoware/install/tier4_debug_msgs:/home/cityu/autoware/install/autoware_lint_common:/home/cityu/autoware/install/autoware_auto_mapping_msgs:/home/cityu/autoware/install/autoware_auto_geometry_msgs:${AMENT_PREFIX_PATH} CMAKE_PREFIX_PATH=/home/cityu/autoware/install/tier4_autoware_utils:/home/cityu/autoware/install/autoware_auto_vehicle_msgs:/home/cityu/autoware/install/autoware_cmake:/home/cityu/autoware/install/autoware_auto_planning_msgs:/home/cityu/autoware/install/autoware_auto_perception_msgs:/home/cityu/autoware/install/tier4_debug_msgs:/home/cityu/autoware/install/autoware_lint_common:/home/cityu/autoware/install/autoware_auto_mapping_msgs:/home/cityu/autoware/install/autoware_auto_geometry_msgs:/opt/ros/galactic LD_LIBRARY_PATH=/home/cityu/autoware/install/tier4_autoware_utils/lib:/home/cityu/autoware/install/autoware_auto_vehicle_msgs/lib:/home/cityu/autoware/install/autoware_auto_planning_msgs/lib:/home/cityu/autoware/install/autoware_auto_perception_msgs/lib:/home/cityu/autoware/install/tier4_debug_msgs/lib:/home/cityu/autoware/install/autoware_auto_mapping_msgs/lib:/home/cityu/autoware/install/autoware_auto_geometry_msgs/lib:${LD_LIBRARY_PATH} PYTHONPATH=/home/cityu/autoware/install/autoware_auto_vehicle_msgs/lib/python3.8/site-packages:/home/cityu/autoware/install/autoware_auto_planning_msgs/lib/python3.8/site-packages:/home/cityu/autoware/install/autoware_auto_perception_msgs/lib/python3.8/site-packages:/home/cityu/autoware/install/tier4_debug_msgs/lib/python3.8/site-packages:/home/cityu/autoware/install/autoware_auto_mapping_msgs/lib/python3.8/site-packages:/home/cityu/autoware/install/autoware_auto_geometry_msgs/lib/python3.8/site-packages:${PYTHONPATH} /usr/bin/cmake --install /home/cityu/autoware/build/kinematic_evaluator
