-- The C compiler identification is GNU 9.4.0
-- The CXX compiler identification is GNU 9.4.0
-- Check for working C compiler: /usr/bin/cc
-- Check for working C compiler: /usr/bin/cc -- works
-- Detecting C compiler ABI info
-- Detecting C compiler ABI info - done
-- Detecting C compile features
-- Detecting C compile features - done
-- Check for working CXX compiler: /usr/bin/c++
-- Check for working CXX compiler: /usr/bin/c++ -- works
-- Detecting CXX compiler ABI info
-- Detecting CXX compiler ABI info - done
-- Detecting CXX compile features
-- Detecting CXX compile features - done
-- Found ament_cmake: 1.1.6 (/opt/ros/galactic/share/ament_cmake/cmake)
-- Found PythonInterp: /usr/bin/python3 (found suitable version "3.8.10", minimum required is "3") 
-- Using PYTHON_EXECUTABLE: /usr/bin/python3
-- Override CMake install command with custom implementation using symlinks instead of copying resources
-- Looking for pthread.h
-- Looking for pthread.h - found
-- Performing Test CMAKE_HAVE_LIBC_PTHREAD
-- Performing Test CMAKE_HAVE_LIBC_PTHREAD - Failed
-- Looking for pthread_create in pthreads
-- Looking for pthread_create in pthreads - not found
-- Looking for pthread_create in pthread
-- Looking for pthread_create in pthread - found
-- Found Threads: TRUE  
-- Found CUDA: /usr/local/cuda (found version "11.6") 
-- Found cudnn_cmake_module: 0.0.1 (/opt/ros/galactic/share/cudnn_cmake_module/cmake)
-- Found CUDNN: /usr/lib/x86_64-linux-gnu/libcudnn.so (found version "8.4.1") 
-- Found tensorrt_cmake_module: 0.0.3 (/opt/ros/galactic/share/tensorrt_cmake_module/cmake)
-- Found TensorRT headers at /usr/include/x86_64-linux-gnu
-- Found TensorRT libs at /usr/lib/x86_64-linux-gnu/libnvinfer.so;/usr/lib/x86_64-linux-gnu/libnvinfer_plugin.so;/usr/lib/x86_64-linux-gnu/libnvparsers.so;/usr/lib/x86_64-linux-gnu/libnvonnxparser.so
-- Found TENSORRT: /usr/include/x86_64-linux-gnu (found version "8.4.2") 
-- Found ament_lint_auto: 0.10.7 (/opt/ros/galactic/share/ament_lint_auto/cmake)
-- Added test 'copyright' to check source files copyright and LICENSE
-- Added test 'lint_cmake' to check CMake code style
-- Added test 'xmllint' to check XML markup files
-- Configuring done
-- Generating done
-- Build files have been written to: /home/cityu/autoware/build/trtexec_vendor
[35m[1mScanning dependencies of target trtexec_vendor[0m
[ 12%] [32mBuilding CXX object CMakeFiles/trtexec_vendor.dir/_deps/tensorrt-src/samples/trtexec/trtexec.cpp.o[0m
[ 25%] [32mBuilding CXX object CMakeFiles/trtexec_vendor.dir/_deps/tensorrt-src/samples/common/sampleUtils.cpp.o[0m
[ 37%] [32mBuilding CXX object CMakeFiles/trtexec_vendor.dir/_deps/tensorrt-src/samples/common/logger.cpp.o[0m
[ 50%] [32mBuilding CXX object CMakeFiles/trtexec_vendor.dir/_deps/tensorrt-src/samples/common/sampleReporting.cpp.o[0m
[ 62%] [32mBuilding CXX object CMakeFiles/trtexec_vendor.dir/_deps/tensorrt-src/samples/common/sampleOptions.cpp.o[0m
[ 75%] [32mBuilding CXX object CMakeFiles/trtexec_vendor.dir/_deps/tensorrt-src/samples/common/sampleInference.cpp.o[0m
[ 87%] [32mBuilding CXX object CMakeFiles/trtexec_vendor.dir/_deps/tensorrt-src/samples/common/sampleEngines.cpp.o[0m
[100%] [32m[1mLinking CXX executable trtexec[0m
[100%] Built target trtexec_vendor
-- Install configuration: "Release"
-- Execute custom install script
-- Symlinking: /home/cityu/autoware/install/trtexec_vendor/bin/trtexec
-- Symlinking: /home/cityu/autoware/install/trtexec_vendor/share/trtexec_vendor/environment/trtexec_vendor.sh
-- Symlinking: /home/cityu/autoware/install/trtexec_vendor/share/ament_index/resource_index/package_run_dependencies/trtexec_vendor
-- Symlinking: /home/cityu/autoware/install/trtexec_vendor/share/ament_index/resource_index/parent_prefix_path/trtexec_vendor
-- Symlinking: /home/cityu/autoware/install/trtexec_vendor/share/trtexec_vendor/environment/ament_prefix_path.sh
-- Symlinking: /home/cityu/autoware/install/trtexec_vendor/share/trtexec_vendor/environment/ament_prefix_path.dsv
-- Symlinking: /home/cityu/autoware/install/trtexec_vendor/share/trtexec_vendor/environment/path.sh
-- Symlinking: /home/cityu/autoware/install/trtexec_vendor/share/trtexec_vendor/environment/path.dsv
-- Symlinking: /home/cityu/autoware/install/trtexec_vendor/share/trtexec_vendor/local_setup.bash
-- Symlinking: /home/cityu/autoware/install/trtexec_vendor/share/trtexec_vendor/local_setup.sh
-- Symlinking: /home/cityu/autoware/install/trtexec_vendor/share/trtexec_vendor/local_setup.zsh
-- Symlinking: /home/cityu/autoware/install/trtexec_vendor/share/trtexec_vendor/local_setup.dsv
-- Symlinking: /home/cityu/autoware/install/trtexec_vendor/share/trtexec_vendor/package.dsv
-- Symlinking: /home/cityu/autoware/install/trtexec_vendor/share/ament_index/resource_index/packages/trtexec_vendor
-- Symlinking: /home/cityu/autoware/install/trtexec_vendor/share/trtexec_vendor/cmake/trtexec_vendorConfig.cmake
-- Symlinking: /home/cityu/autoware/install/trtexec_vendor/share/trtexec_vendor/cmake/trtexec_vendorConfig-version.cmake
-- Symlinking: /home/cityu/autoware/install/trtexec_vendor/share/trtexec_vendor/package.xml
