[  1%] Built target tier4_v2x_msgs__cpp
[ 12%] Built target tier4_v2x_msgs__rosidl_generator_c
[ 23%] Built target tier4_v2x_msgs__rosidl_typesupport_cpp
[ 34%] Built target tier4_v2x_msgs__rosidl_typesupport_fastrtps_cpp
[ 46%] Built target tier4_v2x_msgs__rosidl_typesupport_introspection_cpp
[ 57%] Built target tier4_v2x_msgs__rosidl_typesupport_c
[ 68%] Built target tier4_v2x_msgs__rosidl_typesupport_introspection_c
[ 79%] Built target tier4_v2x_msgs__rosidl_typesupport_fastrtps_c
[ 79%] Built target tier4_v2x_msgs
[ 80%] Built target tier4_v2x_msgs__py
[ 90%] Built target tier4_v2x_msgs__python
[ 93%] Built target tier4_v2x_msgs__rosidl_typesupport_c__pyext
[ 96%] Built target tier4_v2x_msgs__rosidl_typesupport_introspection_c__pyext
[100%] Built target tier4_v2x_msgs__rosidl_typesupport_fastrtps_c__pyext
-- Install configuration: "Release"
-- Execute custom install script
-- Up-to-date symlink: /home/cityu/autoware/install/tier4_v2x_msgs/share/ament_index/resource_index/rosidl_interfaces/tier4_v2x_msgs
-- Up-to-date symlink: /home/cityu/autoware/install/tier4_v2x_msgs/include/tier4_v2x_msgs/msg/detail/infrastructure_command__functions.h
-- Up-to-date symlink: /home/cityu/autoware/install/tier4_v2x_msgs/include/tier4_v2x_msgs/msg/detail/infrastructure_command__struct.h
-- Up-to-date symlink: /home/cityu/autoware/install/tier4_v2x_msgs/include/tier4_v2x_msgs/msg/detail/infrastructure_command__type_support.h
-- Up-to-date symlink: /home/cityu/autoware/install/tier4_v2x_msgs/include/tier4_v2x_msgs/msg/detail/infrastructure_command_array__functions.h
-- Up-to-date symlink: /home/cityu/autoware/install/tier4_v2x_msgs/include/tier4_v2x_msgs/msg/detail/infrastructure_command_array__struct.h
-- Up-to-date symlink: /home/cityu/autoware/install/tier4_v2x_msgs/include/tier4_v2x_msgs/msg/detail/infrastructure_command_array__type_support.h
-- Up-to-date symlink: /home/cityu/autoware/install/tier4_v2x_msgs/include/tier4_v2x_msgs/msg/detail/key_value__functions.h
-- Up-to-date symlink: /home/cityu/autoware/install/tier4_v2x_msgs/include/tier4_v2x_msgs/msg/detail/key_value__struct.h
-- Up-to-date symlink: /home/cityu/autoware/install/tier4_v2x_msgs/include/tier4_v2x_msgs/msg/detail/key_value__type_support.h
-- Up-to-date symlink: /home/cityu/autoware/install/tier4_v2x_msgs/include/tier4_v2x_msgs/msg/detail/virtual_traffic_light_state__functions.h
-- Up-to-date symlink: /home/cityu/autoware/install/tier4_v2x_msgs/include/tier4_v2x_msgs/msg/detail/virtual_traffic_light_state__struct.h
-- Up-to-date symlink: /home/cityu/autoware/install/tier4_v2x_msgs/include/tier4_v2x_msgs/msg/detail/virtual_traffic_light_state__type_support.h
-- Up-to-date symlink: /home/cityu/autoware/install/tier4_v2x_msgs/include/tier4_v2x_msgs/msg/detail/virtual_traffic_light_state_array__functions.h
-- Up-to-date symlink: /home/cityu/autoware/install/tier4_v2x_msgs/include/tier4_v2x_msgs/msg/detail/virtual_traffic_light_state_array__struct.h
-- Up-to-date symlink: /home/cityu/autoware/install/tier4_v2x_msgs/include/tier4_v2x_msgs/msg/detail/virtual_traffic_light_state_array__type_support.h
-- Up-to-date symlink: /home/cityu/autoware/install/tier4_v2x_msgs/include/tier4_v2x_msgs/msg/infrastructure_command.h
-- Up-to-date symlink: /home/cityu/autoware/install/tier4_v2x_msgs/include/tier4_v2x_msgs/msg/infrastructure_command_array.h
-- Up-to-date symlink: /home/cityu/autoware/install/tier4_v2x_msgs/include/tier4_v2x_msgs/msg/key_value.h
-- Up-to-date symlink: /home/cityu/autoware/install/tier4_v2x_msgs/include/tier4_v2x_msgs/msg/rosidl_generator_c__visibility_control.h
-- Up-to-date symlink: /home/cityu/autoware/install/tier4_v2x_msgs/include/tier4_v2x_msgs/msg/virtual_traffic_light_state.h
-- Up-to-date symlink: /home/cityu/autoware/install/tier4_v2x_msgs/include/tier4_v2x_msgs/msg/virtual_traffic_light_state_array.h
-- Up-to-date symlink: /home/cityu/autoware/install/tier4_v2x_msgs/share/tier4_v2x_msgs/environment/library_path.sh
-- Up-to-date symlink: /home/cityu/autoware/install/tier4_v2x_msgs/share/tier4_v2x_msgs/environment/library_path.dsv
-- Up-to-date symlink: /home/cityu/autoware/install/tier4_v2x_msgs/include/tier4_v2x_msgs/msg/detail/infrastructure_command__rosidl_typesupport_fastrtps_c.h
-- Up-to-date symlink: /home/cityu/autoware/install/tier4_v2x_msgs/include/tier4_v2x_msgs/msg/detail/infrastructure_command_array__rosidl_typesupport_fastrtps_c.h
-- Up-to-date symlink: /home/cityu/autoware/install/tier4_v2x_msgs/include/tier4_v2x_msgs/msg/detail/key_value__rosidl_typesupport_fastrtps_c.h
-- Up-to-date symlink: /home/cityu/autoware/install/tier4_v2x_msgs/include/tier4_v2x_msgs/msg/detail/virtual_traffic_light_state__rosidl_typesupport_fastrtps_c.h
-- Up-to-date symlink: /home/cityu/autoware/install/tier4_v2x_msgs/include/tier4_v2x_msgs/msg/detail/virtual_traffic_light_state_array__rosidl_typesupport_fastrtps_c.h
-- Up-to-date symlink: /home/cityu/autoware/install/tier4_v2x_msgs/include/tier4_v2x_msgs/msg/rosidl_typesupport_fastrtps_c__visibility_control.h
-- Up-to-date symlink: /home/cityu/autoware/install/tier4_v2x_msgs/lib/libtier4_v2x_msgs__rosidl_typesupport_fastrtps_c.so
-- Up-to-date symlink: /home/cityu/autoware/install/tier4_v2x_msgs/include/tier4_v2x_msgs/msg/detail/infrastructure_command__rosidl_typesupport_fastrtps_cpp.hpp
-- Up-to-date symlink: /home/cityu/autoware/install/tier4_v2x_msgs/include/tier4_v2x_msgs/msg/detail/infrastructure_command_array__rosidl_typesupport_fastrtps_cpp.hpp
-- Up-to-date symlink: /home/cityu/autoware/install/tier4_v2x_msgs/include/tier4_v2x_msgs/msg/detail/key_value__rosidl_typesupport_fastrtps_cpp.hpp
-- Up-to-date symlink: /home/cityu/autoware/install/tier4_v2x_msgs/include/tier4_v2x_msgs/msg/detail/virtual_traffic_light_state__rosidl_typesupport_fastrtps_cpp.hpp
-- Up-to-date symlink: /home/cityu/autoware/install/tier4_v2x_msgs/include/tier4_v2x_msgs/msg/detail/virtual_traffic_light_state_array__rosidl_typesupport_fastrtps_cpp.hpp
-- Up-to-date symlink: /home/cityu/autoware/install/tier4_v2x_msgs/include/tier4_v2x_msgs/msg/rosidl_typesupport_fastrtps_cpp__visibility_control.h
-- Up-to-date symlink: /home/cityu/autoware/install/tier4_v2x_msgs/lib/libtier4_v2x_msgs__rosidl_typesupport_fastrtps_cpp.so
-- Up-to-date symlink: /home/cityu/autoware/install/tier4_v2x_msgs/include/tier4_v2x_msgs/msg/detail/infrastructure_command__rosidl_typesupport_introspection_c.h
-- Up-to-date symlink: /home/cityu/autoware/install/tier4_v2x_msgs/include/tier4_v2x_msgs/msg/detail/infrastructure_command_array__rosidl_typesupport_introspection_c.h
-- Up-to-date symlink: /home/cityu/autoware/install/tier4_v2x_msgs/include/tier4_v2x_msgs/msg/detail/key_value__rosidl_typesupport_introspection_c.h
-- Up-to-date symlink: /home/cityu/autoware/install/tier4_v2x_msgs/include/tier4_v2x_msgs/msg/detail/virtual_traffic_light_state__rosidl_typesupport_introspection_c.h
-- Up-to-date symlink: /home/cityu/autoware/install/tier4_v2x_msgs/include/tier4_v2x_msgs/msg/detail/virtual_traffic_light_state_array__rosidl_typesupport_introspection_c.h
-- Up-to-date symlink: /home/cityu/autoware/install/tier4_v2x_msgs/include/tier4_v2x_msgs/msg/rosidl_typesupport_introspection_c__visibility_control.h
-- Up-to-date symlink: /home/cityu/autoware/install/tier4_v2x_msgs/include/tier4_v2x_msgs/msg/detail/infrastructure_command__builder.hpp
-- Up-to-date symlink: /home/cityu/autoware/install/tier4_v2x_msgs/include/tier4_v2x_msgs/msg/detail/infrastructure_command__struct.hpp
-- Up-to-date symlink: /home/cityu/autoware/install/tier4_v2x_msgs/include/tier4_v2x_msgs/msg/detail/infrastructure_command__traits.hpp
-- Up-to-date symlink: /home/cityu/autoware/install/tier4_v2x_msgs/include/tier4_v2x_msgs/msg/detail/infrastructure_command_array__builder.hpp
-- Up-to-date symlink: /home/cityu/autoware/install/tier4_v2x_msgs/include/tier4_v2x_msgs/msg/detail/infrastructure_command_array__struct.hpp
-- Up-to-date symlink: /home/cityu/autoware/install/tier4_v2x_msgs/include/tier4_v2x_msgs/msg/detail/infrastructure_command_array__traits.hpp
-- Up-to-date symlink: /home/cityu/autoware/install/tier4_v2x_msgs/include/tier4_v2x_msgs/msg/detail/key_value__builder.hpp
-- Up-to-date symlink: /home/cityu/autoware/install/tier4_v2x_msgs/include/tier4_v2x_msgs/msg/detail/key_value__struct.hpp
-- Up-to-date symlink: /home/cityu/autoware/install/tier4_v2x_msgs/include/tier4_v2x_msgs/msg/detail/key_value__traits.hpp
-- Up-to-date symlink: /home/cityu/autoware/install/tier4_v2x_msgs/include/tier4_v2x_msgs/msg/detail/virtual_traffic_light_state__builder.hpp
-- Up-to-date symlink: /home/cityu/autoware/install/tier4_v2x_msgs/include/tier4_v2x_msgs/msg/detail/virtual_traffic_light_state__struct.hpp
-- Up-to-date symlink: /home/cityu/autoware/install/tier4_v2x_msgs/include/tier4_v2x_msgs/msg/detail/virtual_traffic_light_state__traits.hpp
-- Up-to-date symlink: /home/cityu/autoware/install/tier4_v2x_msgs/include/tier4_v2x_msgs/msg/detail/virtual_traffic_light_state_array__builder.hpp
-- Up-to-date symlink: /home/cityu/autoware/install/tier4_v2x_msgs/include/tier4_v2x_msgs/msg/detail/virtual_traffic_light_state_array__struct.hpp
-- Up-to-date symlink: /home/cityu/autoware/install/tier4_v2x_msgs/include/tier4_v2x_msgs/msg/detail/virtual_traffic_light_state_array__traits.hpp
-- Up-to-date symlink: /home/cityu/autoware/install/tier4_v2x_msgs/include/tier4_v2x_msgs/msg/infrastructure_command.hpp
-- Up-to-date symlink: /home/cityu/autoware/install/tier4_v2x_msgs/include/tier4_v2x_msgs/msg/infrastructure_command_array.hpp
-- Up-to-date symlink: /home/cityu/autoware/install/tier4_v2x_msgs/include/tier4_v2x_msgs/msg/key_value.hpp
-- Up-to-date symlink: /home/cityu/autoware/install/tier4_v2x_msgs/include/tier4_v2x_msgs/msg/virtual_traffic_light_state.hpp
-- Up-to-date symlink: /home/cityu/autoware/install/tier4_v2x_msgs/include/tier4_v2x_msgs/msg/virtual_traffic_light_state_array.hpp
-- Up-to-date symlink: /home/cityu/autoware/install/tier4_v2x_msgs/include/tier4_v2x_msgs/msg/detail/infrastructure_command__rosidl_typesupport_introspection_cpp.hpp
-- Up-to-date symlink: /home/cityu/autoware/install/tier4_v2x_msgs/include/tier4_v2x_msgs/msg/detail/infrastructure_command_array__rosidl_typesupport_introspection_cpp.hpp
-- Up-to-date symlink: /home/cityu/autoware/install/tier4_v2x_msgs/include/tier4_v2x_msgs/msg/detail/key_value__rosidl_typesupport_introspection_cpp.hpp
-- Up-to-date symlink: /home/cityu/autoware/install/tier4_v2x_msgs/include/tier4_v2x_msgs/msg/detail/virtual_traffic_light_state__rosidl_typesupport_introspection_cpp.hpp
-- Up-to-date symlink: /home/cityu/autoware/install/tier4_v2x_msgs/include/tier4_v2x_msgs/msg/detail/virtual_traffic_light_state_array__rosidl_typesupport_introspection_cpp.hpp
-- Up-to-date symlink: /home/cityu/autoware/install/tier4_v2x_msgs/share/tier4_v2x_msgs/environment/pythonpath.sh
-- Up-to-date symlink: /home/cityu/autoware/install/tier4_v2x_msgs/share/tier4_v2x_msgs/environment/pythonpath.dsv
-- Up-to-date symlink: /home/cityu/autoware/install/tier4_v2x_msgs/lib/python3.8/site-packages/tier4_v2x_msgs/__init__.py
-- Up-to-date symlink: /home/cityu/autoware/install/tier4_v2x_msgs/lib/python3.8/site-packages/tier4_v2x_msgs/msg/__init__.py
-- Up-to-date symlink: /home/cityu/autoware/install/tier4_v2x_msgs/lib/python3.8/site-packages/tier4_v2x_msgs/msg/_infrastructure_command.py
-- Up-to-date symlink: /home/cityu/autoware/install/tier4_v2x_msgs/lib/python3.8/site-packages/tier4_v2x_msgs/msg/_infrastructure_command_array.py
-- Up-to-date symlink: /home/cityu/autoware/install/tier4_v2x_msgs/lib/python3.8/site-packages/tier4_v2x_msgs/msg/_key_value.py
-- Up-to-date symlink: /home/cityu/autoware/install/tier4_v2x_msgs/lib/python3.8/site-packages/tier4_v2x_msgs/msg/_virtual_traffic_light_state.py
-- Up-to-date symlink: /home/cityu/autoware/install/tier4_v2x_msgs/lib/python3.8/site-packages/tier4_v2x_msgs/msg/_virtual_traffic_light_state_array.py
-- Up-to-date symlink: /home/cityu/autoware/install/tier4_v2x_msgs/lib/python3.8/site-packages/tier4_v2x_msgs/tier4_v2x_msgs_s__rosidl_typesupport_fastrtps_c.cpython-38-x86_64-linux-gnu.so
-- Up-to-date symlink: /home/cityu/autoware/install/tier4_v2x_msgs/lib/python3.8/site-packages/tier4_v2x_msgs/tier4_v2x_msgs_s__rosidl_typesupport_introspection_c.cpython-38-x86_64-linux-gnu.so
-- Up-to-date symlink: /home/cityu/autoware/install/tier4_v2x_msgs/lib/python3.8/site-packages/tier4_v2x_msgs/tier4_v2x_msgs_s__rosidl_typesupport_c.cpython-38-x86_64-linux-gnu.so
-- Up-to-date symlink: /home/cityu/autoware/install/tier4_v2x_msgs/lib/libtier4_v2x_msgs__python.so
-- Up-to-date symlink: /home/cityu/autoware/install/tier4_v2x_msgs/share/tier4_v2x_msgs/msg/InfrastructureCommand.idl
-- Up-to-date symlink: /home/cityu/autoware/install/tier4_v2x_msgs/share/tier4_v2x_msgs/msg/InfrastructureCommandArray.idl
-- Up-to-date symlink: /home/cityu/autoware/install/tier4_v2x_msgs/share/tier4_v2x_msgs/msg/KeyValue.idl
-- Up-to-date symlink: /home/cityu/autoware/install/tier4_v2x_msgs/share/tier4_v2x_msgs/msg/VirtualTrafficLightState.idl
-- Up-to-date symlink: /home/cityu/autoware/install/tier4_v2x_msgs/share/tier4_v2x_msgs/msg/VirtualTrafficLightStateArray.idl
-- Up-to-date symlink: /home/cityu/autoware/install/tier4_v2x_msgs/share/tier4_v2x_msgs/msg/InfrastructureCommand.msg
-- Up-to-date symlink: /home/cityu/autoware/install/tier4_v2x_msgs/share/tier4_v2x_msgs/msg/InfrastructureCommandArray.msg
-- Up-to-date symlink: /home/cityu/autoware/install/tier4_v2x_msgs/share/tier4_v2x_msgs/msg/KeyValue.msg
-- Up-to-date symlink: /home/cityu/autoware/install/tier4_v2x_msgs/share/tier4_v2x_msgs/msg/VirtualTrafficLightState.msg
-- Up-to-date symlink: /home/cityu/autoware/install/tier4_v2x_msgs/share/tier4_v2x_msgs/msg/VirtualTrafficLightStateArray.msg
-- Up-to-date symlink: /home/cityu/autoware/install/tier4_v2x_msgs/share/ament_index/resource_index/package_run_dependencies/tier4_v2x_msgs
-- Up-to-date symlink: /home/cityu/autoware/install/tier4_v2x_msgs/share/ament_index/resource_index/parent_prefix_path/tier4_v2x_msgs
-- Up-to-date symlink: /home/cityu/autoware/install/tier4_v2x_msgs/share/tier4_v2x_msgs/environment/ament_prefix_path.sh
-- Up-to-date symlink: /home/cityu/autoware/install/tier4_v2x_msgs/share/tier4_v2x_msgs/environment/ament_prefix_path.dsv
-- Up-to-date symlink: /home/cityu/autoware/install/tier4_v2x_msgs/share/tier4_v2x_msgs/environment/path.sh
-- Up-to-date symlink: /home/cityu/autoware/install/tier4_v2x_msgs/share/tier4_v2x_msgs/environment/path.dsv
-- Up-to-date symlink: /home/cityu/autoware/install/tier4_v2x_msgs/share/tier4_v2x_msgs/local_setup.bash
-- Up-to-date symlink: /home/cityu/autoware/install/tier4_v2x_msgs/share/tier4_v2x_msgs/local_setup.sh
-- Up-to-date symlink: /home/cityu/autoware/install/tier4_v2x_msgs/share/tier4_v2x_msgs/local_setup.zsh
-- Up-to-date symlink: /home/cityu/autoware/install/tier4_v2x_msgs/share/tier4_v2x_msgs/local_setup.dsv
-- Symlinking: /home/cityu/autoware/install/tier4_v2x_msgs/share/tier4_v2x_msgs/package.dsv
-- Up-to-date symlink: /home/cityu/autoware/install/tier4_v2x_msgs/share/ament_index/resource_index/packages/tier4_v2x_msgs
-- Up-to-date symlink: /home/cityu/autoware/install/tier4_v2x_msgs/share/tier4_v2x_msgs/cmake/rosidl_cmake-extras.cmake
-- Up-to-date symlink: /home/cityu/autoware/install/tier4_v2x_msgs/share/tier4_v2x_msgs/cmake/ament_cmake_export_dependencies-extras.cmake
-- Up-to-date symlink: /home/cityu/autoware/install/tier4_v2x_msgs/share/tier4_v2x_msgs/cmake/ament_cmake_export_libraries-extras.cmake
-- Up-to-date symlink: /home/cityu/autoware/install/tier4_v2x_msgs/share/tier4_v2x_msgs/cmake/ament_cmake_export_targets-extras.cmake
-- Up-to-date symlink: /home/cityu/autoware/install/tier4_v2x_msgs/share/tier4_v2x_msgs/cmake/ament_cmake_export_include_directories-extras.cmake
-- Up-to-date symlink: /home/cityu/autoware/install/tier4_v2x_msgs/share/tier4_v2x_msgs/cmake/rosidl_cmake_export_typesupport_libraries-extras.cmake
-- Up-to-date symlink: /home/cityu/autoware/install/tier4_v2x_msgs/share/tier4_v2x_msgs/cmake/rosidl_cmake_export_typesupport_targets-extras.cmake
-- Up-to-date symlink: /home/cityu/autoware/install/tier4_v2x_msgs/share/tier4_v2x_msgs/cmake/tier4_v2x_msgsConfig.cmake
-- Up-to-date symlink: /home/cityu/autoware/install/tier4_v2x_msgs/share/tier4_v2x_msgs/cmake/tier4_v2x_msgsConfig-version.cmake
-- Up-to-date symlink: /home/cityu/autoware/install/tier4_v2x_msgs/share/tier4_v2x_msgs/package.xml
-- Up-to-date: /home/cityu/autoware/install/tier4_v2x_msgs/lib/libtier4_v2x_msgs__rosidl_generator_c.so
-- Up-to-date: /home/cityu/autoware/install/tier4_v2x_msgs/lib/libtier4_v2x_msgs__rosidl_typesupport_introspection_c.so
-- Up-to-date: /home/cityu/autoware/install/tier4_v2x_msgs/lib/libtier4_v2x_msgs__rosidl_typesupport_c.so
-- Up-to-date: /home/cityu/autoware/install/tier4_v2x_msgs/lib/libtier4_v2x_msgs__rosidl_typesupport_introspection_cpp.so
-- Up-to-date: /home/cityu/autoware/install/tier4_v2x_msgs/lib/libtier4_v2x_msgs__rosidl_typesupport_cpp.so
-- Up-to-date: /home/cityu/autoware/install/tier4_v2x_msgs/share/tier4_v2x_msgs/cmake/tier4_v2x_msgs__rosidl_generator_cExport.cmake
-- Up-to-date: /home/cityu/autoware/install/tier4_v2x_msgs/share/tier4_v2x_msgs/cmake/tier4_v2x_msgs__rosidl_generator_cExport-release.cmake
-- Up-to-date: /home/cityu/autoware/install/tier4_v2x_msgs/share/tier4_v2x_msgs/cmake/tier4_v2x_msgs__rosidl_typesupport_introspection_cExport.cmake
-- Up-to-date: /home/cityu/autoware/install/tier4_v2x_msgs/share/tier4_v2x_msgs/cmake/tier4_v2x_msgs__rosidl_typesupport_introspection_cExport-release.cmake
-- Up-to-date: /home/cityu/autoware/install/tier4_v2x_msgs/share/tier4_v2x_msgs/cmake/tier4_v2x_msgs__rosidl_typesupport_cExport.cmake
-- Up-to-date: /home/cityu/autoware/install/tier4_v2x_msgs/share/tier4_v2x_msgs/cmake/tier4_v2x_msgs__rosidl_typesupport_cExport-release.cmake
-- Up-to-date: /home/cityu/autoware/install/tier4_v2x_msgs/share/tier4_v2x_msgs/cmake/tier4_v2x_msgs__rosidl_generator_cppExport.cmake
-- Up-to-date: /home/cityu/autoware/install/tier4_v2x_msgs/share/tier4_v2x_msgs/cmake/tier4_v2x_msgs__rosidl_typesupport_introspection_cppExport.cmake
-- Up-to-date: /home/cityu/autoware/install/tier4_v2x_msgs/share/tier4_v2x_msgs/cmake/tier4_v2x_msgs__rosidl_typesupport_introspection_cppExport-release.cmake
-- Up-to-date: /home/cityu/autoware/install/tier4_v2x_msgs/share/tier4_v2x_msgs/cmake/tier4_v2x_msgs__rosidl_typesupport_cppExport.cmake
-- Up-to-date: /home/cityu/autoware/install/tier4_v2x_msgs/share/tier4_v2x_msgs/cmake/tier4_v2x_msgs__rosidl_typesupport_cppExport-release.cmake
