[0.098s] Invoking command in '/home/cityu/autoware/build/autoware_adapi_v1_msgs': CMAKE_PREFIX_PATH=/opt/ros/galactic /usr/bin/cmake /home/cityu/autoware/src/core/autoware_adapi_msgs/autoware_adapi_v1_msgs -DCMAKE_BUILD_TYPE=Release--cmake-args -DDOWNLOAD_ARTIFACTS=ON -DAMENT_CMAKE_SYMLINK_INSTALL=1 -DCMAKE_INSTALL_PREFIX=/home/cityu/autoware/install/autoware_adapi_v1_msgs
[0.296s] -- Found ament_cmake_auto: 1.1.6 (/opt/ros/galactic/share/ament_cmake_auto/cmake)
[0.296s] -- Found PythonInterp: /usr/bin/python3 (found suitable version "3.8.10", minimum required is "3") 
[0.296s] -- Using PYTHON_EXECUTABLE: /usr/bin/python3
[0.296s] -- Override CMake install command with custom implementation using symlinks instead of copying resources
[0.434s] -- Using all available rosidl_typesupport_c: rosidl_typesupport_fastrtps_c;rosidl_typesupport_introspection_c
[0.438s] -- Found rosidl_adapter: 2.2.3 (/opt/ros/galactic/share/rosidl_adapter/cmake)
[0.635s] -- Using all available rosidl_typesupport_cpp: rosidl_typesupport_fastrtps_cpp;rosidl_typesupport_introspection_cpp
[0.826s] -- Found PythonInterp: /usr/bin/python3 (found version "3.8.10") 
[1.206s] -- Found ament_cmake_ros: 0.9.2 (/opt/ros/galactic/share/ament_cmake_ros/cmake)
[1.970s] -- Using all available rosidl_typesupport_c: rosidl_typesupport_fastrtps_c;rosidl_typesupport_introspection_c
[2.219s] -- Using all available rosidl_typesupport_cpp: rosidl_typesupport_fastrtps_cpp;rosidl_typesupport_introspection_cpp
[2.334s] -- Found PythonInterp: /usr/bin/python3 (found suitable version "3.8.10", minimum required is "3.5") 
[2.334s] -- Found python_cmake_module: 0.8.1 (/opt/ros/galactic/share/python_cmake_module/cmake)
[2.530s] -- Using PYTHON_EXECUTABLE: /usr/bin/python3
[2.530s] -- Using PYTHON_INCLUDE_DIRS: /usr/include/python3.8
[2.530s] -- Using PYTHON_LIBRARIES: /usr/lib/x86_64-linux-gnu/libpython3.8.so
[3.058s] -- Configuring done
[4.082s] -- Generating done
[4.117s] CMake Warning:
[4.118s]   Manually-specified variables were not used by the project:
[4.118s] 
[4.118s]     DOWNLOAD_ARTIFACTS
[4.118s] 
[4.118s] -- Build files have been written to: /home/cityu/autoware/build/autoware_adapi_v1_msgs
[4.118s] 
[4.445s] Invoked command in '/home/cityu/autoware/build/autoware_adapi_v1_msgs' returned '0': CMAKE_PREFIX_PATH=/opt/ros/galactic /usr/bin/cmake /home/cityu/autoware/src/core/autoware_adapi_msgs/autoware_adapi_v1_msgs -DCMAKE_BUILD_TYPE=Release--cmake-args -DDOWNLOAD_ARTIFACTS=ON -DAMENT_CMAKE_SYMLINK_INSTALL=1 -DCMAKE_INSTALL_PREFIX=/home/cityu/autoware/install/autoware_adapi_v1_msgs
[4.447s] Invoking command in '/home/cityu/autoware/build/autoware_adapi_v1_msgs': CMAKE_PREFIX_PATH=/opt/ros/galactic /usr/bin/cmake --build /home/cityu/autoware/build/autoware_adapi_v1_msgs -- -j16 -l16
