[ 12%] Built target tier4_debug_msgs__rosidl_generator_c
[ 12%] Built target tier4_debug_msgs__cpp
[ 24%] Built target tier4_debug_msgs__rosidl_typesupport_introspection_c
[ 36%] Built target tier4_debug_msgs__rosidl_typesupport_cpp
[ 48%] Built target tier4_debug_msgs__rosidl_typesupport_c
[ 60%] Built target tier4_debug_msgs__rosidl_typesupport_introspection_cpp
[ 71%] Built target tier4_debug_msgs__rosidl_typesupport_fastrtps_cpp
[ 83%] Built target tier4_debug_msgs__rosidl_typesupport_fastrtps_c
[ 83%] Built target tier4_debug_msgs
[ 84%] Built target tier4_debug_msgs__py
[ 95%] Built target tier4_debug_msgs__python
[ 97%] Built target tier4_debug_msgs__rosidl_typesupport_introspection_c__pyext
[ 99%] Built target tier4_debug_msgs__rosidl_typesupport_fastrtps_c__pyext
[100%] Built target tier4_debug_msgs__rosidl_typesupport_c__pyext
-- Install configuration: "Release"
-- Execute custom install script
-- Up-to-date symlink: /home/cityu/autoware/install/tier4_debug_msgs/share/ament_index/resource_index/rosidl_interfaces/tier4_debug_msgs
-- Up-to-date symlink: /home/cityu/autoware/install/tier4_debug_msgs/include/tier4_debug_msgs/msg/bool_stamped.h
-- Up-to-date symlink: /home/cityu/autoware/install/tier4_debug_msgs/include/tier4_debug_msgs/msg/detail/bool_stamped__functions.h
-- Up-to-date symlink: /home/cityu/autoware/install/tier4_debug_msgs/include/tier4_debug_msgs/msg/detail/bool_stamped__struct.h
-- Up-to-date symlink: /home/cityu/autoware/install/tier4_debug_msgs/include/tier4_debug_msgs/msg/detail/bool_stamped__type_support.h
-- Up-to-date symlink: /home/cityu/autoware/install/tier4_debug_msgs/include/tier4_debug_msgs/msg/detail/float32_multi_array_stamped__functions.h
-- Up-to-date symlink: /home/cityu/autoware/install/tier4_debug_msgs/include/tier4_debug_msgs/msg/detail/float32_multi_array_stamped__struct.h
-- Up-to-date symlink: /home/cityu/autoware/install/tier4_debug_msgs/include/tier4_debug_msgs/msg/detail/float32_multi_array_stamped__type_support.h
-- Up-to-date symlink: /home/cityu/autoware/install/tier4_debug_msgs/include/tier4_debug_msgs/msg/detail/float32_stamped__functions.h
-- Up-to-date symlink: /home/cityu/autoware/install/tier4_debug_msgs/include/tier4_debug_msgs/msg/detail/float32_stamped__struct.h
-- Up-to-date symlink: /home/cityu/autoware/install/tier4_debug_msgs/include/tier4_debug_msgs/msg/detail/float32_stamped__type_support.h
-- Up-to-date symlink: /home/cityu/autoware/install/tier4_debug_msgs/include/tier4_debug_msgs/msg/detail/float64_multi_array_stamped__functions.h
-- Up-to-date symlink: /home/cityu/autoware/install/tier4_debug_msgs/include/tier4_debug_msgs/msg/detail/float64_multi_array_stamped__struct.h
-- Up-to-date symlink: /home/cityu/autoware/install/tier4_debug_msgs/include/tier4_debug_msgs/msg/detail/float64_multi_array_stamped__type_support.h
-- Up-to-date symlink: /home/cityu/autoware/install/tier4_debug_msgs/include/tier4_debug_msgs/msg/detail/float64_stamped__functions.h
-- Up-to-date symlink: /home/cityu/autoware/install/tier4_debug_msgs/include/tier4_debug_msgs/msg/detail/float64_stamped__struct.h
-- Up-to-date symlink: /home/cityu/autoware/install/tier4_debug_msgs/include/tier4_debug_msgs/msg/detail/float64_stamped__type_support.h
-- Up-to-date symlink: /home/cityu/autoware/install/tier4_debug_msgs/include/tier4_debug_msgs/msg/detail/int32_multi_array_stamped__functions.h
-- Up-to-date symlink: /home/cityu/autoware/install/tier4_debug_msgs/include/tier4_debug_msgs/msg/detail/int32_multi_array_stamped__struct.h
-- Up-to-date symlink: /home/cityu/autoware/install/tier4_debug_msgs/include/tier4_debug_msgs/msg/detail/int32_multi_array_stamped__type_support.h
-- Up-to-date symlink: /home/cityu/autoware/install/tier4_debug_msgs/include/tier4_debug_msgs/msg/detail/int32_stamped__functions.h
-- Up-to-date symlink: /home/cityu/autoware/install/tier4_debug_msgs/include/tier4_debug_msgs/msg/detail/int32_stamped__struct.h
-- Up-to-date symlink: /home/cityu/autoware/install/tier4_debug_msgs/include/tier4_debug_msgs/msg/detail/int32_stamped__type_support.h
-- Up-to-date symlink: /home/cityu/autoware/install/tier4_debug_msgs/include/tier4_debug_msgs/msg/detail/int64_multi_array_stamped__functions.h
-- Up-to-date symlink: /home/cityu/autoware/install/tier4_debug_msgs/include/tier4_debug_msgs/msg/detail/int64_multi_array_stamped__struct.h
-- Up-to-date symlink: /home/cityu/autoware/install/tier4_debug_msgs/include/tier4_debug_msgs/msg/detail/int64_multi_array_stamped__type_support.h
-- Up-to-date symlink: /home/cityu/autoware/install/tier4_debug_msgs/include/tier4_debug_msgs/msg/detail/int64_stamped__functions.h
-- Up-to-date symlink: /home/cityu/autoware/install/tier4_debug_msgs/include/tier4_debug_msgs/msg/detail/int64_stamped__struct.h
-- Up-to-date symlink: /home/cityu/autoware/install/tier4_debug_msgs/include/tier4_debug_msgs/msg/detail/int64_stamped__type_support.h
-- Up-to-date symlink: /home/cityu/autoware/install/tier4_debug_msgs/include/tier4_debug_msgs/msg/detail/multi_array_dimension__functions.h
-- Up-to-date symlink: /home/cityu/autoware/install/tier4_debug_msgs/include/tier4_debug_msgs/msg/detail/multi_array_dimension__struct.h
-- Up-to-date symlink: /home/cityu/autoware/install/tier4_debug_msgs/include/tier4_debug_msgs/msg/detail/multi_array_dimension__type_support.h
-- Up-to-date symlink: /home/cityu/autoware/install/tier4_debug_msgs/include/tier4_debug_msgs/msg/detail/multi_array_layout__functions.h
-- Up-to-date symlink: /home/cityu/autoware/install/tier4_debug_msgs/include/tier4_debug_msgs/msg/detail/multi_array_layout__struct.h
-- Up-to-date symlink: /home/cityu/autoware/install/tier4_debug_msgs/include/tier4_debug_msgs/msg/detail/multi_array_layout__type_support.h
-- Up-to-date symlink: /home/cityu/autoware/install/tier4_debug_msgs/include/tier4_debug_msgs/msg/detail/string_stamped__functions.h
-- Up-to-date symlink: /home/cityu/autoware/install/tier4_debug_msgs/include/tier4_debug_msgs/msg/detail/string_stamped__struct.h
-- Up-to-date symlink: /home/cityu/autoware/install/tier4_debug_msgs/include/tier4_debug_msgs/msg/detail/string_stamped__type_support.h
-- Up-to-date symlink: /home/cityu/autoware/install/tier4_debug_msgs/include/tier4_debug_msgs/msg/float32_multi_array_stamped.h
-- Up-to-date symlink: /home/cityu/autoware/install/tier4_debug_msgs/include/tier4_debug_msgs/msg/float32_stamped.h
-- Up-to-date symlink: /home/cityu/autoware/install/tier4_debug_msgs/include/tier4_debug_msgs/msg/float64_multi_array_stamped.h
-- Up-to-date symlink: /home/cityu/autoware/install/tier4_debug_msgs/include/tier4_debug_msgs/msg/float64_stamped.h
-- Up-to-date symlink: /home/cityu/autoware/install/tier4_debug_msgs/include/tier4_debug_msgs/msg/int32_multi_array_stamped.h
-- Up-to-date symlink: /home/cityu/autoware/install/tier4_debug_msgs/include/tier4_debug_msgs/msg/int32_stamped.h
-- Up-to-date symlink: /home/cityu/autoware/install/tier4_debug_msgs/include/tier4_debug_msgs/msg/int64_multi_array_stamped.h
-- Up-to-date symlink: /home/cityu/autoware/install/tier4_debug_msgs/include/tier4_debug_msgs/msg/int64_stamped.h
-- Up-to-date symlink: /home/cityu/autoware/install/tier4_debug_msgs/include/tier4_debug_msgs/msg/multi_array_dimension.h
-- Up-to-date symlink: /home/cityu/autoware/install/tier4_debug_msgs/include/tier4_debug_msgs/msg/multi_array_layout.h
-- Up-to-date symlink: /home/cityu/autoware/install/tier4_debug_msgs/include/tier4_debug_msgs/msg/rosidl_generator_c__visibility_control.h
-- Up-to-date symlink: /home/cityu/autoware/install/tier4_debug_msgs/include/tier4_debug_msgs/msg/string_stamped.h
-- Up-to-date symlink: /home/cityu/autoware/install/tier4_debug_msgs/share/tier4_debug_msgs/environment/library_path.sh
-- Up-to-date symlink: /home/cityu/autoware/install/tier4_debug_msgs/share/tier4_debug_msgs/environment/library_path.dsv
-- Up-to-date symlink: /home/cityu/autoware/install/tier4_debug_msgs/include/tier4_debug_msgs/msg/detail/bool_stamped__rosidl_typesupport_fastrtps_c.h
-- Up-to-date symlink: /home/cityu/autoware/install/tier4_debug_msgs/include/tier4_debug_msgs/msg/detail/float32_multi_array_stamped__rosidl_typesupport_fastrtps_c.h
-- Up-to-date symlink: /home/cityu/autoware/install/tier4_debug_msgs/include/tier4_debug_msgs/msg/detail/float32_stamped__rosidl_typesupport_fastrtps_c.h
-- Up-to-date symlink: /home/cityu/autoware/install/tier4_debug_msgs/include/tier4_debug_msgs/msg/detail/float64_multi_array_stamped__rosidl_typesupport_fastrtps_c.h
-- Up-to-date symlink: /home/cityu/autoware/install/tier4_debug_msgs/include/tier4_debug_msgs/msg/detail/float64_stamped__rosidl_typesupport_fastrtps_c.h
-- Up-to-date symlink: /home/cityu/autoware/install/tier4_debug_msgs/include/tier4_debug_msgs/msg/detail/int32_multi_array_stamped__rosidl_typesupport_fastrtps_c.h
-- Up-to-date symlink: /home/cityu/autoware/install/tier4_debug_msgs/include/tier4_debug_msgs/msg/detail/int32_stamped__rosidl_typesupport_fastrtps_c.h
-- Up-to-date symlink: /home/cityu/autoware/install/tier4_debug_msgs/include/tier4_debug_msgs/msg/detail/int64_multi_array_stamped__rosidl_typesupport_fastrtps_c.h
-- Up-to-date symlink: /home/cityu/autoware/install/tier4_debug_msgs/include/tier4_debug_msgs/msg/detail/int64_stamped__rosidl_typesupport_fastrtps_c.h
-- Up-to-date symlink: /home/cityu/autoware/install/tier4_debug_msgs/include/tier4_debug_msgs/msg/detail/multi_array_dimension__rosidl_typesupport_fastrtps_c.h
-- Up-to-date symlink: /home/cityu/autoware/install/tier4_debug_msgs/include/tier4_debug_msgs/msg/detail/multi_array_layout__rosidl_typesupport_fastrtps_c.h
-- Up-to-date symlink: /home/cityu/autoware/install/tier4_debug_msgs/include/tier4_debug_msgs/msg/detail/string_stamped__rosidl_typesupport_fastrtps_c.h
-- Up-to-date symlink: /home/cityu/autoware/install/tier4_debug_msgs/include/tier4_debug_msgs/msg/rosidl_typesupport_fastrtps_c__visibility_control.h
-- Up-to-date symlink: /home/cityu/autoware/install/tier4_debug_msgs/lib/libtier4_debug_msgs__rosidl_typesupport_fastrtps_c.so
-- Up-to-date symlink: /home/cityu/autoware/install/tier4_debug_msgs/include/tier4_debug_msgs/msg/detail/bool_stamped__rosidl_typesupport_fastrtps_cpp.hpp
-- Up-to-date symlink: /home/cityu/autoware/install/tier4_debug_msgs/include/tier4_debug_msgs/msg/detail/float32_multi_array_stamped__rosidl_typesupport_fastrtps_cpp.hpp
-- Up-to-date symlink: /home/cityu/autoware/install/tier4_debug_msgs/include/tier4_debug_msgs/msg/detail/float32_stamped__rosidl_typesupport_fastrtps_cpp.hpp
-- Up-to-date symlink: /home/cityu/autoware/install/tier4_debug_msgs/include/tier4_debug_msgs/msg/detail/float64_multi_array_stamped__rosidl_typesupport_fastrtps_cpp.hpp
-- Up-to-date symlink: /home/cityu/autoware/install/tier4_debug_msgs/include/tier4_debug_msgs/msg/detail/float64_stamped__rosidl_typesupport_fastrtps_cpp.hpp
-- Up-to-date symlink: /home/cityu/autoware/install/tier4_debug_msgs/include/tier4_debug_msgs/msg/detail/int32_multi_array_stamped__rosidl_typesupport_fastrtps_cpp.hpp
-- Up-to-date symlink: /home/cityu/autoware/install/tier4_debug_msgs/include/tier4_debug_msgs/msg/detail/int32_stamped__rosidl_typesupport_fastrtps_cpp.hpp
-- Up-to-date symlink: /home/cityu/autoware/install/tier4_debug_msgs/include/tier4_debug_msgs/msg/detail/int64_multi_array_stamped__rosidl_typesupport_fastrtps_cpp.hpp
-- Up-to-date symlink: /home/cityu/autoware/install/tier4_debug_msgs/include/tier4_debug_msgs/msg/detail/int64_stamped__rosidl_typesupport_fastrtps_cpp.hpp
-- Up-to-date symlink: /home/cityu/autoware/install/tier4_debug_msgs/include/tier4_debug_msgs/msg/detail/multi_array_dimension__rosidl_typesupport_fastrtps_cpp.hpp
-- Up-to-date symlink: /home/cityu/autoware/install/tier4_debug_msgs/include/tier4_debug_msgs/msg/detail/multi_array_layout__rosidl_typesupport_fastrtps_cpp.hpp
-- Up-to-date symlink: /home/cityu/autoware/install/tier4_debug_msgs/include/tier4_debug_msgs/msg/detail/string_stamped__rosidl_typesupport_fastrtps_cpp.hpp
-- Up-to-date symlink: /home/cityu/autoware/install/tier4_debug_msgs/include/tier4_debug_msgs/msg/rosidl_typesupport_fastrtps_cpp__visibility_control.h
-- Up-to-date symlink: /home/cityu/autoware/install/tier4_debug_msgs/lib/libtier4_debug_msgs__rosidl_typesupport_fastrtps_cpp.so
-- Up-to-date symlink: /home/cityu/autoware/install/tier4_debug_msgs/include/tier4_debug_msgs/msg/detail/bool_stamped__rosidl_typesupport_introspection_c.h
-- Up-to-date symlink: /home/cityu/autoware/install/tier4_debug_msgs/include/tier4_debug_msgs/msg/detail/float32_multi_array_stamped__rosidl_typesupport_introspection_c.h
-- Up-to-date symlink: /home/cityu/autoware/install/tier4_debug_msgs/include/tier4_debug_msgs/msg/detail/float32_stamped__rosidl_typesupport_introspection_c.h
-- Up-to-date symlink: /home/cityu/autoware/install/tier4_debug_msgs/include/tier4_debug_msgs/msg/detail/float64_multi_array_stamped__rosidl_typesupport_introspection_c.h
-- Up-to-date symlink: /home/cityu/autoware/install/tier4_debug_msgs/include/tier4_debug_msgs/msg/detail/float64_stamped__rosidl_typesupport_introspection_c.h
-- Up-to-date symlink: /home/cityu/autoware/install/tier4_debug_msgs/include/tier4_debug_msgs/msg/detail/int32_multi_array_stamped__rosidl_typesupport_introspection_c.h
-- Up-to-date symlink: /home/cityu/autoware/install/tier4_debug_msgs/include/tier4_debug_msgs/msg/detail/int32_stamped__rosidl_typesupport_introspection_c.h
-- Up-to-date symlink: /home/cityu/autoware/install/tier4_debug_msgs/include/tier4_debug_msgs/msg/detail/int64_multi_array_stamped__rosidl_typesupport_introspection_c.h
-- Up-to-date symlink: /home/cityu/autoware/install/tier4_debug_msgs/include/tier4_debug_msgs/msg/detail/int64_stamped__rosidl_typesupport_introspection_c.h
-- Up-to-date symlink: /home/cityu/autoware/install/tier4_debug_msgs/include/tier4_debug_msgs/msg/detail/multi_array_dimension__rosidl_typesupport_introspection_c.h
-- Up-to-date symlink: /home/cityu/autoware/install/tier4_debug_msgs/include/tier4_debug_msgs/msg/detail/multi_array_layout__rosidl_typesupport_introspection_c.h
-- Up-to-date symlink: /home/cityu/autoware/install/tier4_debug_msgs/include/tier4_debug_msgs/msg/detail/string_stamped__rosidl_typesupport_introspection_c.h
-- Up-to-date symlink: /home/cityu/autoware/install/tier4_debug_msgs/include/tier4_debug_msgs/msg/rosidl_typesupport_introspection_c__visibility_control.h
-- Up-to-date symlink: /home/cityu/autoware/install/tier4_debug_msgs/include/tier4_debug_msgs/msg/bool_stamped.hpp
-- Up-to-date symlink: /home/cityu/autoware/install/tier4_debug_msgs/include/tier4_debug_msgs/msg/detail/bool_stamped__builder.hpp
-- Up-to-date symlink: /home/cityu/autoware/install/tier4_debug_msgs/include/tier4_debug_msgs/msg/detail/bool_stamped__struct.hpp
-- Up-to-date symlink: /home/cityu/autoware/install/tier4_debug_msgs/include/tier4_debug_msgs/msg/detail/bool_stamped__traits.hpp
-- Up-to-date symlink: /home/cityu/autoware/install/tier4_debug_msgs/include/tier4_debug_msgs/msg/detail/float32_multi_array_stamped__builder.hpp
-- Up-to-date symlink: /home/cityu/autoware/install/tier4_debug_msgs/include/tier4_debug_msgs/msg/detail/float32_multi_array_stamped__struct.hpp
-- Up-to-date symlink: /home/cityu/autoware/install/tier4_debug_msgs/include/tier4_debug_msgs/msg/detail/float32_multi_array_stamped__traits.hpp
-- Up-to-date symlink: /home/cityu/autoware/install/tier4_debug_msgs/include/tier4_debug_msgs/msg/detail/float32_stamped__builder.hpp
-- Up-to-date symlink: /home/cityu/autoware/install/tier4_debug_msgs/include/tier4_debug_msgs/msg/detail/float32_stamped__struct.hpp
-- Up-to-date symlink: /home/cityu/autoware/install/tier4_debug_msgs/include/tier4_debug_msgs/msg/detail/float32_stamped__traits.hpp
-- Up-to-date symlink: /home/cityu/autoware/install/tier4_debug_msgs/include/tier4_debug_msgs/msg/detail/float64_multi_array_stamped__builder.hpp
-- Up-to-date symlink: /home/cityu/autoware/install/tier4_debug_msgs/include/tier4_debug_msgs/msg/detail/float64_multi_array_stamped__struct.hpp
-- Up-to-date symlink: /home/cityu/autoware/install/tier4_debug_msgs/include/tier4_debug_msgs/msg/detail/float64_multi_array_stamped__traits.hpp
-- Up-to-date symlink: /home/cityu/autoware/install/tier4_debug_msgs/include/tier4_debug_msgs/msg/detail/float64_stamped__builder.hpp
-- Up-to-date symlink: /home/cityu/autoware/install/tier4_debug_msgs/include/tier4_debug_msgs/msg/detail/float64_stamped__struct.hpp
-- Up-to-date symlink: /home/cityu/autoware/install/tier4_debug_msgs/include/tier4_debug_msgs/msg/detail/float64_stamped__traits.hpp
-- Up-to-date symlink: /home/cityu/autoware/install/tier4_debug_msgs/include/tier4_debug_msgs/msg/detail/int32_multi_array_stamped__builder.hpp
-- Up-to-date symlink: /home/cityu/autoware/install/tier4_debug_msgs/include/tier4_debug_msgs/msg/detail/int32_multi_array_stamped__struct.hpp
-- Up-to-date symlink: /home/cityu/autoware/install/tier4_debug_msgs/include/tier4_debug_msgs/msg/detail/int32_multi_array_stamped__traits.hpp
-- Up-to-date symlink: /home/cityu/autoware/install/tier4_debug_msgs/include/tier4_debug_msgs/msg/detail/int32_stamped__builder.hpp
-- Up-to-date symlink: /home/cityu/autoware/install/tier4_debug_msgs/include/tier4_debug_msgs/msg/detail/int32_stamped__struct.hpp
-- Up-to-date symlink: /home/cityu/autoware/install/tier4_debug_msgs/include/tier4_debug_msgs/msg/detail/int32_stamped__traits.hpp
-- Up-to-date symlink: /home/cityu/autoware/install/tier4_debug_msgs/include/tier4_debug_msgs/msg/detail/int64_multi_array_stamped__builder.hpp
-- Up-to-date symlink: /home/cityu/autoware/install/tier4_debug_msgs/include/tier4_debug_msgs/msg/detail/int64_multi_array_stamped__struct.hpp
-- Up-to-date symlink: /home/cityu/autoware/install/tier4_debug_msgs/include/tier4_debug_msgs/msg/detail/int64_multi_array_stamped__traits.hpp
-- Up-to-date symlink: /home/cityu/autoware/install/tier4_debug_msgs/include/tier4_debug_msgs/msg/detail/int64_stamped__builder.hpp
-- Up-to-date symlink: /home/cityu/autoware/install/tier4_debug_msgs/include/tier4_debug_msgs/msg/detail/int64_stamped__struct.hpp
-- Up-to-date symlink: /home/cityu/autoware/install/tier4_debug_msgs/include/tier4_debug_msgs/msg/detail/int64_stamped__traits.hpp
-- Up-to-date symlink: /home/cityu/autoware/install/tier4_debug_msgs/include/tier4_debug_msgs/msg/detail/multi_array_dimension__builder.hpp
-- Up-to-date symlink: /home/cityu/autoware/install/tier4_debug_msgs/include/tier4_debug_msgs/msg/detail/multi_array_dimension__struct.hpp
-- Up-to-date symlink: /home/cityu/autoware/install/tier4_debug_msgs/include/tier4_debug_msgs/msg/detail/multi_array_dimension__traits.hpp
-- Up-to-date symlink: /home/cityu/autoware/install/tier4_debug_msgs/include/tier4_debug_msgs/msg/detail/multi_array_layout__builder.hpp
-- Up-to-date symlink: /home/cityu/autoware/install/tier4_debug_msgs/include/tier4_debug_msgs/msg/detail/multi_array_layout__struct.hpp
-- Up-to-date symlink: /home/cityu/autoware/install/tier4_debug_msgs/include/tier4_debug_msgs/msg/detail/multi_array_layout__traits.hpp
-- Up-to-date symlink: /home/cityu/autoware/install/tier4_debug_msgs/include/tier4_debug_msgs/msg/detail/string_stamped__builder.hpp
-- Up-to-date symlink: /home/cityu/autoware/install/tier4_debug_msgs/include/tier4_debug_msgs/msg/detail/string_stamped__struct.hpp
-- Up-to-date symlink: /home/cityu/autoware/install/tier4_debug_msgs/include/tier4_debug_msgs/msg/detail/string_stamped__traits.hpp
-- Up-to-date symlink: /home/cityu/autoware/install/tier4_debug_msgs/include/tier4_debug_msgs/msg/float32_multi_array_stamped.hpp
-- Up-to-date symlink: /home/cityu/autoware/install/tier4_debug_msgs/include/tier4_debug_msgs/msg/float32_stamped.hpp
-- Up-to-date symlink: /home/cityu/autoware/install/tier4_debug_msgs/include/tier4_debug_msgs/msg/float64_multi_array_stamped.hpp
-- Up-to-date symlink: /home/cityu/autoware/install/tier4_debug_msgs/include/tier4_debug_msgs/msg/float64_stamped.hpp
-- Up-to-date symlink: /home/cityu/autoware/install/tier4_debug_msgs/include/tier4_debug_msgs/msg/int32_multi_array_stamped.hpp
-- Up-to-date symlink: /home/cityu/autoware/install/tier4_debug_msgs/include/tier4_debug_msgs/msg/int32_stamped.hpp
-- Up-to-date symlink: /home/cityu/autoware/install/tier4_debug_msgs/include/tier4_debug_msgs/msg/int64_multi_array_stamped.hpp
-- Up-to-date symlink: /home/cityu/autoware/install/tier4_debug_msgs/include/tier4_debug_msgs/msg/int64_stamped.hpp
-- Up-to-date symlink: /home/cityu/autoware/install/tier4_debug_msgs/include/tier4_debug_msgs/msg/multi_array_dimension.hpp
-- Up-to-date symlink: /home/cityu/autoware/install/tier4_debug_msgs/include/tier4_debug_msgs/msg/multi_array_layout.hpp
-- Up-to-date symlink: /home/cityu/autoware/install/tier4_debug_msgs/include/tier4_debug_msgs/msg/string_stamped.hpp
-- Up-to-date symlink: /home/cityu/autoware/install/tier4_debug_msgs/include/tier4_debug_msgs/msg/detail/bool_stamped__rosidl_typesupport_introspection_cpp.hpp
-- Up-to-date symlink: /home/cityu/autoware/install/tier4_debug_msgs/include/tier4_debug_msgs/msg/detail/float32_multi_array_stamped__rosidl_typesupport_introspection_cpp.hpp
-- Up-to-date symlink: /home/cityu/autoware/install/tier4_debug_msgs/include/tier4_debug_msgs/msg/detail/float32_stamped__rosidl_typesupport_introspection_cpp.hpp
-- Up-to-date symlink: /home/cityu/autoware/install/tier4_debug_msgs/include/tier4_debug_msgs/msg/detail/float64_multi_array_stamped__rosidl_typesupport_introspection_cpp.hpp
-- Up-to-date symlink: /home/cityu/autoware/install/tier4_debug_msgs/include/tier4_debug_msgs/msg/detail/float64_stamped__rosidl_typesupport_introspection_cpp.hpp
-- Up-to-date symlink: /home/cityu/autoware/install/tier4_debug_msgs/include/tier4_debug_msgs/msg/detail/int32_multi_array_stamped__rosidl_typesupport_introspection_cpp.hpp
-- Up-to-date symlink: /home/cityu/autoware/install/tier4_debug_msgs/include/tier4_debug_msgs/msg/detail/int32_stamped__rosidl_typesupport_introspection_cpp.hpp
-- Up-to-date symlink: /home/cityu/autoware/install/tier4_debug_msgs/include/tier4_debug_msgs/msg/detail/int64_multi_array_stamped__rosidl_typesupport_introspection_cpp.hpp
-- Up-to-date symlink: /home/cityu/autoware/install/tier4_debug_msgs/include/tier4_debug_msgs/msg/detail/int64_stamped__rosidl_typesupport_introspection_cpp.hpp
-- Up-to-date symlink: /home/cityu/autoware/install/tier4_debug_msgs/include/tier4_debug_msgs/msg/detail/multi_array_dimension__rosidl_typesupport_introspection_cpp.hpp
-- Up-to-date symlink: /home/cityu/autoware/install/tier4_debug_msgs/include/tier4_debug_msgs/msg/detail/multi_array_layout__rosidl_typesupport_introspection_cpp.hpp
-- Up-to-date symlink: /home/cityu/autoware/install/tier4_debug_msgs/include/tier4_debug_msgs/msg/detail/string_stamped__rosidl_typesupport_introspection_cpp.hpp
-- Up-to-date symlink: /home/cityu/autoware/install/tier4_debug_msgs/share/tier4_debug_msgs/environment/pythonpath.sh
-- Up-to-date symlink: /home/cityu/autoware/install/tier4_debug_msgs/share/tier4_debug_msgs/environment/pythonpath.dsv
-- Up-to-date symlink: /home/cityu/autoware/install/tier4_debug_msgs/lib/python3.8/site-packages/tier4_debug_msgs/__init__.py
-- Up-to-date symlink: /home/cityu/autoware/install/tier4_debug_msgs/lib/python3.8/site-packages/tier4_debug_msgs/msg/__init__.py
-- Up-to-date symlink: /home/cityu/autoware/install/tier4_debug_msgs/lib/python3.8/site-packages/tier4_debug_msgs/msg/_bool_stamped.py
-- Up-to-date symlink: /home/cityu/autoware/install/tier4_debug_msgs/lib/python3.8/site-packages/tier4_debug_msgs/msg/_float32_multi_array_stamped.py
-- Up-to-date symlink: /home/cityu/autoware/install/tier4_debug_msgs/lib/python3.8/site-packages/tier4_debug_msgs/msg/_float32_stamped.py
-- Up-to-date symlink: /home/cityu/autoware/install/tier4_debug_msgs/lib/python3.8/site-packages/tier4_debug_msgs/msg/_float64_multi_array_stamped.py
-- Up-to-date symlink: /home/cityu/autoware/install/tier4_debug_msgs/lib/python3.8/site-packages/tier4_debug_msgs/msg/_float64_stamped.py
-- Up-to-date symlink: /home/cityu/autoware/install/tier4_debug_msgs/lib/python3.8/site-packages/tier4_debug_msgs/msg/_int32_multi_array_stamped.py
-- Up-to-date symlink: /home/cityu/autoware/install/tier4_debug_msgs/lib/python3.8/site-packages/tier4_debug_msgs/msg/_int32_stamped.py
-- Up-to-date symlink: /home/cityu/autoware/install/tier4_debug_msgs/lib/python3.8/site-packages/tier4_debug_msgs/msg/_int64_multi_array_stamped.py
-- Up-to-date symlink: /home/cityu/autoware/install/tier4_debug_msgs/lib/python3.8/site-packages/tier4_debug_msgs/msg/_int64_stamped.py
-- Up-to-date symlink: /home/cityu/autoware/install/tier4_debug_msgs/lib/python3.8/site-packages/tier4_debug_msgs/msg/_multi_array_dimension.py
-- Up-to-date symlink: /home/cityu/autoware/install/tier4_debug_msgs/lib/python3.8/site-packages/tier4_debug_msgs/msg/_multi_array_layout.py
-- Up-to-date symlink: /home/cityu/autoware/install/tier4_debug_msgs/lib/python3.8/site-packages/tier4_debug_msgs/msg/_string_stamped.py
-- Up-to-date symlink: /home/cityu/autoware/install/tier4_debug_msgs/lib/python3.8/site-packages/tier4_debug_msgs/tier4_debug_msgs_s__rosidl_typesupport_fastrtps_c.cpython-38-x86_64-linux-gnu.so
-- Up-to-date symlink: /home/cityu/autoware/install/tier4_debug_msgs/lib/python3.8/site-packages/tier4_debug_msgs/tier4_debug_msgs_s__rosidl_typesupport_introspection_c.cpython-38-x86_64-linux-gnu.so
-- Up-to-date symlink: /home/cityu/autoware/install/tier4_debug_msgs/lib/python3.8/site-packages/tier4_debug_msgs/tier4_debug_msgs_s__rosidl_typesupport_c.cpython-38-x86_64-linux-gnu.so
-- Up-to-date symlink: /home/cityu/autoware/install/tier4_debug_msgs/lib/libtier4_debug_msgs__python.so
-- Up-to-date symlink: /home/cityu/autoware/install/tier4_debug_msgs/share/tier4_debug_msgs/msg/MultiArrayDimension.idl
-- Up-to-date symlink: /home/cityu/autoware/install/tier4_debug_msgs/share/tier4_debug_msgs/msg/MultiArrayLayout.idl
-- Up-to-date symlink: /home/cityu/autoware/install/tier4_debug_msgs/share/tier4_debug_msgs/msg/BoolStamped.idl
-- Up-to-date symlink: /home/cityu/autoware/install/tier4_debug_msgs/share/tier4_debug_msgs/msg/Float32Stamped.idl
-- Up-to-date symlink: /home/cityu/autoware/install/tier4_debug_msgs/share/tier4_debug_msgs/msg/Float32MultiArrayStamped.idl
-- Up-to-date symlink: /home/cityu/autoware/install/tier4_debug_msgs/share/tier4_debug_msgs/msg/Float64Stamped.idl
-- Up-to-date symlink: /home/cityu/autoware/install/tier4_debug_msgs/share/tier4_debug_msgs/msg/Float64MultiArrayStamped.idl
-- Up-to-date symlink: /home/cityu/autoware/install/tier4_debug_msgs/share/tier4_debug_msgs/msg/Int32Stamped.idl
-- Up-to-date symlink: /home/cityu/autoware/install/tier4_debug_msgs/share/tier4_debug_msgs/msg/Int32MultiArrayStamped.idl
-- Up-to-date symlink: /home/cityu/autoware/install/tier4_debug_msgs/share/tier4_debug_msgs/msg/Int64Stamped.idl
-- Up-to-date symlink: /home/cityu/autoware/install/tier4_debug_msgs/share/tier4_debug_msgs/msg/Int64MultiArrayStamped.idl
-- Up-to-date symlink: /home/cityu/autoware/install/tier4_debug_msgs/share/tier4_debug_msgs/msg/StringStamped.idl
-- Up-to-date symlink: /home/cityu/autoware/install/tier4_debug_msgs/share/tier4_debug_msgs/msg/MultiArrayDimension.msg
-- Up-to-date symlink: /home/cityu/autoware/install/tier4_debug_msgs/share/tier4_debug_msgs/msg/MultiArrayLayout.msg
-- Up-to-date symlink: /home/cityu/autoware/install/tier4_debug_msgs/share/tier4_debug_msgs/msg/BoolStamped.msg
-- Up-to-date symlink: /home/cityu/autoware/install/tier4_debug_msgs/share/tier4_debug_msgs/msg/Float32Stamped.msg
-- Up-to-date symlink: /home/cityu/autoware/install/tier4_debug_msgs/share/tier4_debug_msgs/msg/Float32MultiArrayStamped.msg
-- Up-to-date symlink: /home/cityu/autoware/install/tier4_debug_msgs/share/tier4_debug_msgs/msg/Float64Stamped.msg
-- Up-to-date symlink: /home/cityu/autoware/install/tier4_debug_msgs/share/tier4_debug_msgs/msg/Float64MultiArrayStamped.msg
-- Up-to-date symlink: /home/cityu/autoware/install/tier4_debug_msgs/share/tier4_debug_msgs/msg/Int32Stamped.msg
-- Up-to-date symlink: /home/cityu/autoware/install/tier4_debug_msgs/share/tier4_debug_msgs/msg/Int32MultiArrayStamped.msg
-- Up-to-date symlink: /home/cityu/autoware/install/tier4_debug_msgs/share/tier4_debug_msgs/msg/Int64Stamped.msg
-- Up-to-date symlink: /home/cityu/autoware/install/tier4_debug_msgs/share/tier4_debug_msgs/msg/Int64MultiArrayStamped.msg
-- Up-to-date symlink: /home/cityu/autoware/install/tier4_debug_msgs/share/tier4_debug_msgs/msg/StringStamped.msg
-- Up-to-date symlink: /home/cityu/autoware/install/tier4_debug_msgs/share/ament_index/resource_index/package_run_dependencies/tier4_debug_msgs
-- Up-to-date symlink: /home/cityu/autoware/install/tier4_debug_msgs/share/ament_index/resource_index/parent_prefix_path/tier4_debug_msgs
-- Up-to-date symlink: /home/cityu/autoware/install/tier4_debug_msgs/share/tier4_debug_msgs/environment/ament_prefix_path.sh
-- Up-to-date symlink: /home/cityu/autoware/install/tier4_debug_msgs/share/tier4_debug_msgs/environment/ament_prefix_path.dsv
-- Up-to-date symlink: /home/cityu/autoware/install/tier4_debug_msgs/share/tier4_debug_msgs/environment/path.sh
-- Up-to-date symlink: /home/cityu/autoware/install/tier4_debug_msgs/share/tier4_debug_msgs/environment/path.dsv
-- Up-to-date symlink: /home/cityu/autoware/install/tier4_debug_msgs/share/tier4_debug_msgs/local_setup.bash
-- Up-to-date symlink: /home/cityu/autoware/install/tier4_debug_msgs/share/tier4_debug_msgs/local_setup.sh
-- Up-to-date symlink: /home/cityu/autoware/install/tier4_debug_msgs/share/tier4_debug_msgs/local_setup.zsh
-- Up-to-date symlink: /home/cityu/autoware/install/tier4_debug_msgs/share/tier4_debug_msgs/local_setup.dsv
-- Symlinking: /home/cityu/autoware/install/tier4_debug_msgs/share/tier4_debug_msgs/package.dsv
-- Up-to-date symlink: /home/cityu/autoware/install/tier4_debug_msgs/share/ament_index/resource_index/packages/tier4_debug_msgs
-- Up-to-date symlink: /home/cityu/autoware/install/tier4_debug_msgs/share/tier4_debug_msgs/cmake/rosidl_cmake-extras.cmake
-- Up-to-date symlink: /home/cityu/autoware/install/tier4_debug_msgs/share/tier4_debug_msgs/cmake/ament_cmake_export_dependencies-extras.cmake
-- Up-to-date symlink: /home/cityu/autoware/install/tier4_debug_msgs/share/tier4_debug_msgs/cmake/ament_cmake_export_libraries-extras.cmake
-- Up-to-date symlink: /home/cityu/autoware/install/tier4_debug_msgs/share/tier4_debug_msgs/cmake/ament_cmake_export_targets-extras.cmake
-- Up-to-date symlink: /home/cityu/autoware/install/tier4_debug_msgs/share/tier4_debug_msgs/cmake/ament_cmake_export_include_directories-extras.cmake
-- Up-to-date symlink: /home/cityu/autoware/install/tier4_debug_msgs/share/tier4_debug_msgs/cmake/rosidl_cmake_export_typesupport_libraries-extras.cmake
-- Up-to-date symlink: /home/cityu/autoware/install/tier4_debug_msgs/share/tier4_debug_msgs/cmake/rosidl_cmake_export_typesupport_targets-extras.cmake
-- Up-to-date symlink: /home/cityu/autoware/install/tier4_debug_msgs/share/tier4_debug_msgs/cmake/tier4_debug_msgsConfig.cmake
-- Up-to-date symlink: /home/cityu/autoware/install/tier4_debug_msgs/share/tier4_debug_msgs/cmake/tier4_debug_msgsConfig-version.cmake
-- Up-to-date symlink: /home/cityu/autoware/install/tier4_debug_msgs/share/tier4_debug_msgs/package.xml
-- Up-to-date: /home/cityu/autoware/install/tier4_debug_msgs/lib/libtier4_debug_msgs__rosidl_generator_c.so
-- Up-to-date: /home/cityu/autoware/install/tier4_debug_msgs/lib/libtier4_debug_msgs__rosidl_typesupport_introspection_c.so
-- Up-to-date: /home/cityu/autoware/install/tier4_debug_msgs/lib/libtier4_debug_msgs__rosidl_typesupport_c.so
-- Up-to-date: /home/cityu/autoware/install/tier4_debug_msgs/lib/libtier4_debug_msgs__rosidl_typesupport_introspection_cpp.so
-- Up-to-date: /home/cityu/autoware/install/tier4_debug_msgs/lib/libtier4_debug_msgs__rosidl_typesupport_cpp.so
-- Up-to-date: /home/cityu/autoware/install/tier4_debug_msgs/share/tier4_debug_msgs/cmake/tier4_debug_msgs__rosidl_generator_cExport.cmake
-- Up-to-date: /home/cityu/autoware/install/tier4_debug_msgs/share/tier4_debug_msgs/cmake/tier4_debug_msgs__rosidl_generator_cExport-release.cmake
-- Up-to-date: /home/cityu/autoware/install/tier4_debug_msgs/share/tier4_debug_msgs/cmake/tier4_debug_msgs__rosidl_typesupport_introspection_cExport.cmake
-- Up-to-date: /home/cityu/autoware/install/tier4_debug_msgs/share/tier4_debug_msgs/cmake/tier4_debug_msgs__rosidl_typesupport_introspection_cExport-release.cmake
-- Up-to-date: /home/cityu/autoware/install/tier4_debug_msgs/share/tier4_debug_msgs/cmake/tier4_debug_msgs__rosidl_typesupport_cExport.cmake
-- Up-to-date: /home/cityu/autoware/install/tier4_debug_msgs/share/tier4_debug_msgs/cmake/tier4_debug_msgs__rosidl_typesupport_cExport-release.cmake
-- Up-to-date: /home/cityu/autoware/install/tier4_debug_msgs/share/tier4_debug_msgs/cmake/tier4_debug_msgs__rosidl_generator_cppExport.cmake
-- Up-to-date: /home/cityu/autoware/install/tier4_debug_msgs/share/tier4_debug_msgs/cmake/tier4_debug_msgs__rosidl_typesupport_introspection_cppExport.cmake
-- Up-to-date: /home/cityu/autoware/install/tier4_debug_msgs/share/tier4_debug_msgs/cmake/tier4_debug_msgs__rosidl_typesupport_introspection_cppExport-release.cmake
-- Up-to-date: /home/cityu/autoware/install/tier4_debug_msgs/share/tier4_debug_msgs/cmake/tier4_debug_msgs__rosidl_typesupport_cppExport.cmake
-- Up-to-date: /home/cityu/autoware/install/tier4_debug_msgs/share/tier4_debug_msgs/cmake/tier4_debug_msgs__rosidl_typesupport_cppExport-release.cmake
