[0.156s] Invoking command in '/home/cityu/autoware/build/mrm_emergency_stop_operator': AMENT_PREFIX_PATH=/home/cityu/autoware/install/tier4_system_msgs:/home/cityu/autoware/install/autoware_cmake:/home/cityu/autoware/install/autoware_lint_common:/home/cityu/autoware/install/autoware_common_msgs:/home/cityu/autoware/install/autoware_auto_control_msgs:/home/cityu/autoware/install/autoware_adapi_v1_msgs:${AMENT_PREFIX_PATH} CMAKE_PREFIX_PATH=/home/cityu/autoware/install/tier4_system_msgs:/home/cityu/autoware/install/autoware_cmake:/home/cityu/autoware/install/autoware_lint_common:/home/cityu/autoware/install/autoware_common_msgs:/home/cityu/autoware/install/autoware_auto_control_msgs:/home/cityu/autoware/install/autoware_adapi_v1_msgs:/opt/ros/galactic LD_LIBRARY_PATH=/home/cityu/autoware/install/tier4_system_msgs/lib:/home/cityu/autoware/install/autoware_common_msgs/lib:/home/cityu/autoware/install/autoware_auto_control_msgs/lib:/home/cityu/autoware/install/autoware_adapi_v1_msgs/lib:${LD_LIBRARY_PATH} PYTHONPATH=/home/cityu/autoware/install/tier4_system_msgs/lib/python3.8/site-packages:/home/cityu/autoware/install/autoware_common_msgs/lib/python3.8/site-packages:/home/cityu/autoware/install/autoware_auto_control_msgs/lib/python3.8/site-packages:/home/cityu/autoware/install/autoware_adapi_v1_msgs/lib/python3.8/site-packages:${PYTHONPATH} /usr/bin/cmake --build /home/cityu/autoware/build/mrm_emergency_stop_operator -- -j16 -l16
[0.222s] [ 50%] Built target mrm_emergency_stop_operator
[0.222s] [100%] Built target mrm_emergency_stop_operator_component
[0.359s] Invoked command in '/home/cityu/autoware/build/mrm_emergency_stop_operator' returned '0': AMENT_PREFIX_PATH=/home/cityu/autoware/install/tier4_system_msgs:/home/cityu/autoware/install/autoware_cmake:/home/cityu/autoware/install/autoware_lint_common:/home/cityu/autoware/install/autoware_common_msgs:/home/cityu/autoware/install/autoware_auto_control_msgs:/home/cityu/autoware/install/autoware_adapi_v1_msgs:${AMENT_PREFIX_PATH} CMAKE_PREFIX_PATH=/home/cityu/autoware/install/tier4_system_msgs:/home/cityu/autoware/install/autoware_cmake:/home/cityu/autoware/install/autoware_lint_common:/home/cityu/autoware/install/autoware_common_msgs:/home/cityu/autoware/install/autoware_auto_control_msgs:/home/cityu/autoware/install/autoware_adapi_v1_msgs:/opt/ros/galactic LD_LIBRARY_PATH=/home/cityu/autoware/install/tier4_system_msgs/lib:/home/cityu/autoware/install/autoware_common_msgs/lib:/home/cityu/autoware/install/autoware_auto_control_msgs/lib:/home/cityu/autoware/install/autoware_adapi_v1_msgs/lib:${LD_LIBRARY_PATH} PYTHONPATH=/home/cityu/autoware/install/tier4_system_msgs/lib/python3.8/site-packages:/home/cityu/autoware/install/autoware_common_msgs/lib/python3.8/site-packages:/home/cityu/autoware/install/autoware_auto_control_msgs/lib/python3.8/site-packages:/home/cityu/autoware/install/autoware_adapi_v1_msgs/lib/python3.8/site-packages:${PYTHONPATH} /usr/bin/cmake --build /home/cityu/autoware/build/mrm_emergency_stop_operator -- -j16 -l16
[0.561s] Invoking command in '/home/cityu/autoware/build/mrm_emergency_stop_operator': AMENT_PREFIX_PATH=/home/cityu/autoware/install/tier4_system_msgs:/home/cityu/autoware/install/autoware_cmake:/home/cityu/autoware/install/autoware_lint_common:/home/cityu/autoware/install/autoware_common_msgs:/home/cityu/autoware/install/autoware_auto_control_msgs:/home/cityu/autoware/install/autoware_adapi_v1_msgs:${AMENT_PREFIX_PATH} CMAKE_PREFIX_PATH=/home/cityu/autoware/install/tier4_system_msgs:/home/cityu/autoware/install/autoware_cmake:/home/cityu/autoware/install/autoware_lint_common:/home/cityu/autoware/install/autoware_common_msgs:/home/cityu/autoware/install/autoware_auto_control_msgs:/home/cityu/autoware/install/autoware_adapi_v1_msgs:/opt/ros/galactic LD_LIBRARY_PATH=/home/cityu/autoware/install/tier4_system_msgs/lib:/home/cityu/autoware/install/autoware_common_msgs/lib:/home/cityu/autoware/install/autoware_auto_control_msgs/lib:/home/cityu/autoware/install/autoware_adapi_v1_msgs/lib:${LD_LIBRARY_PATH} PYTHONPATH=/home/cityu/autoware/install/tier4_system_msgs/lib/python3.8/site-packages:/home/cityu/autoware/install/autoware_common_msgs/lib/python3.8/site-packages:/home/cityu/autoware/install/autoware_auto_control_msgs/lib/python3.8/site-packages:/home/cityu/autoware/install/autoware_adapi_v1_msgs/lib/python3.8/site-packages:${PYTHONPATH} /usr/bin/cmake --install /home/cityu/autoware/build/mrm_emergency_stop_operator
[0.626s] -- Install configuration: "Release"
[0.626s] -- Execute custom install script
[0.626s] -- Up-to-date symlink: /home/cityu/autoware/install/mrm_emergency_stop_operator/lib/mrm_emergency_stop_operator/mrm_emergency_stop_operator
[0.626s] -- Up-to-date symlink: /home/cityu/autoware/install/mrm_emergency_stop_operator/include/mrm_emergency_stop_operator/mrm_emergency_stop_operator_core.hpp
[0.626s] -- Up-to-date symlink: /home/cityu/autoware/install/mrm_emergency_stop_operator/share/mrm_emergency_stop_operator/environment/library_path.sh
[0.626s] -- Up-to-date symlink: /home/cityu/autoware/install/mrm_emergency_stop_operator/share/mrm_emergency_stop_operator/environment/library_path.dsv
[0.626s] -- Up-to-date symlink: /home/cityu/autoware/install/mrm_emergency_stop_operator/lib/libmrm_emergency_stop_operator_component.so
[0.626s] -- Up-to-date symlink: /home/cityu/autoware/install/mrm_emergency_stop_operator/share/mrm_emergency_stop_operator/launch/mrm_emergency_stop_operator.launch.py
[0.627s] -- Up-to-date symlink: /home/cityu/autoware/install/mrm_emergency_stop_operator/share/mrm_emergency_stop_operator/config/mrm_emergency_stop_operator.param.yaml
[0.627s] -- Up-to-date symlink: /home/cityu/autoware/install/mrm_emergency_stop_operator/share/ament_index/resource_index/package_run_dependencies/mrm_emergency_stop_operator
[0.627s] -- Up-to-date symlink: /home/cityu/autoware/install/mrm_emergency_stop_operator/share/ament_index/resource_index/parent_prefix_path/mrm_emergency_stop_operator
[0.627s] -- Up-to-date symlink: /home/cityu/autoware/install/mrm_emergency_stop_operator/share/mrm_emergency_stop_operator/environment/ament_prefix_path.sh
[0.627s] -- Up-to-date symlink: /home/cityu/autoware/install/mrm_emergency_stop_operator/share/mrm_emergency_stop_operator/environment/ament_prefix_path.dsv
[0.627s] -- Up-to-date symlink: /home/cityu/autoware/install/mrm_emergency_stop_operator/share/mrm_emergency_stop_operator/environment/path.sh
[0.627s] -- Up-to-date symlink: /home/cityu/autoware/install/mrm_emergency_stop_operator/share/mrm_emergency_stop_operator/environment/path.dsv
[0.627s] -- Up-to-date symlink: /home/cityu/autoware/install/mrm_emergency_stop_operator/share/mrm_emergency_stop_operator/local_setup.bash
[0.627s] -- Up-to-date symlink: /home/cityu/autoware/install/mrm_emergency_stop_operator/share/mrm_emergency_stop_operator/local_setup.sh
[0.627s] -- Up-to-date symlink: /home/cityu/autoware/install/mrm_emergency_stop_operator/share/mrm_emergency_stop_operator/local_setup.zsh
[0.628s] -- Up-to-date symlink: /home/cityu/autoware/install/mrm_emergency_stop_operator/share/mrm_emergency_stop_operator/local_setup.dsv
[0.628s] -- Symlinking: /home/cityu/autoware/install/mrm_emergency_stop_operator/share/mrm_emergency_stop_operator/package.dsv
[0.628s] -- Up-to-date symlink: /home/cityu/autoware/install/mrm_emergency_stop_operator/share/ament_index/resource_index/packages/mrm_emergency_stop_operator
[0.628s] -- Up-to-date symlink: /home/cityu/autoware/install/mrm_emergency_stop_operator/share/ament_index/resource_index/rclcpp_components/mrm_emergency_stop_operator
[0.628s] -- Up-to-date symlink: /home/cityu/autoware/install/mrm_emergency_stop_operator/share/mrm_emergency_stop_operator/cmake/ament_cmake_export_dependencies-extras.cmake
[0.628s] -- Up-to-date symlink: /home/cityu/autoware/install/mrm_emergency_stop_operator/share/mrm_emergency_stop_operator/cmake/ament_cmake_export_include_directories-extras.cmake
[0.628s] -- Up-to-date symlink: /home/cityu/autoware/install/mrm_emergency_stop_operator/share/mrm_emergency_stop_operator/cmake/ament_cmake_export_libraries-extras.cmake
[0.628s] -- Up-to-date symlink: /home/cityu/autoware/install/mrm_emergency_stop_operator/share/mrm_emergency_stop_operator/cmake/mrm_emergency_stop_operatorConfig.cmake
[0.629s] -- Up-to-date symlink: /home/cityu/autoware/install/mrm_emergency_stop_operator/share/mrm_emergency_stop_operator/cmake/mrm_emergency_stop_operatorConfig-version.cmake
[0.629s] -- Up-to-date symlink: /home/cityu/autoware/install/mrm_emergency_stop_operator/share/mrm_emergency_stop_operator/package.xml
[0.818s] Invoked command in '/home/cityu/autoware/build/mrm_emergency_stop_operator' returned '0': AMENT_PREFIX_PATH=/home/cityu/autoware/install/tier4_system_msgs:/home/cityu/autoware/install/autoware_cmake:/home/cityu/autoware/install/autoware_lint_common:/home/cityu/autoware/install/autoware_common_msgs:/home/cityu/autoware/install/autoware_auto_control_msgs:/home/cityu/autoware/install/autoware_adapi_v1_msgs:${AMENT_PREFIX_PATH} CMAKE_PREFIX_PATH=/home/cityu/autoware/install/tier4_system_msgs:/home/cityu/autoware/install/autoware_cmake:/home/cityu/autoware/install/autoware_lint_common:/home/cityu/autoware/install/autoware_common_msgs:/home/cityu/autoware/install/autoware_auto_control_msgs:/home/cityu/autoware/install/autoware_adapi_v1_msgs:/opt/ros/galactic LD_LIBRARY_PATH=/home/cityu/autoware/install/tier4_system_msgs/lib:/home/cityu/autoware/install/autoware_common_msgs/lib:/home/cityu/autoware/install/autoware_auto_control_msgs/lib:/home/cityu/autoware/install/autoware_adapi_v1_msgs/lib:${LD_LIBRARY_PATH} PYTHONPATH=/home/cityu/autoware/install/tier4_system_msgs/lib/python3.8/site-packages:/home/cityu/autoware/install/autoware_common_msgs/lib/python3.8/site-packages:/home/cityu/autoware/install/autoware_auto_control_msgs/lib/python3.8/site-packages:/home/cityu/autoware/install/autoware_adapi_v1_msgs/lib/python3.8/site-packages:${PYTHONPATH} /usr/bin/cmake --install /home/cityu/autoware/build/mrm_emergency_stop_operator
