[0.269s] Invoking command in '/home/cityu/autoware/build/obstacle_avoidance_planner': AMENT_PREFIX_PATH=/home/cityu/autoware/install/motion_utils:/home/cityu/autoware/install/interpolation:/home/cityu/autoware/install/tier4_autoware_utils:/home/cityu/autoware/install/vehicle_info_util:/home/cityu/autoware/install/osqp_interface:/home/cityu/autoware/install/autoware_auto_vehicle_msgs:/home/cityu/autoware/install/autoware_cmake:/home/cityu/autoware/install/autoware_auto_planning_msgs:/home/cityu/autoware/install/autoware_auto_perception_msgs:/home/cityu/autoware/install/tier4_planning_msgs:/home/cityu/autoware/install/tier4_debug_msgs:/home/cityu/autoware/install/autoware_lint_common:/home/cityu/autoware/install/autoware_auto_mapping_msgs:/home/cityu/autoware/install/autoware_auto_geometry_msgs:${AMENT_PREFIX_PATH} CMAKE_PREFIX_PATH=/home/cityu/autoware/install/motion_utils:/home/cityu/autoware/install/interpolation:/home/cityu/autoware/install/tier4_autoware_utils:/home/cityu/autoware/install/vehicle_info_util:/home/cityu/autoware/install/osqp_interface:/home/cityu/autoware/install/autoware_auto_vehicle_msgs:/home/cityu/autoware/install/autoware_cmake:/home/cityu/autoware/install/autoware_auto_planning_msgs:/home/cityu/autoware/install/autoware_auto_perception_msgs:/home/cityu/autoware/install/tier4_planning_msgs:/home/cityu/autoware/install/tier4_debug_msgs:/home/cityu/autoware/install/autoware_lint_common:/home/cityu/autoware/install/autoware_auto_mapping_msgs:/home/cityu/autoware/install/autoware_auto_geometry_msgs:/opt/ros/galactic LD_LIBRARY_PATH=/home/cityu/autoware/install/motion_utils/lib:/home/cityu/autoware/install/interpolation/lib:/home/cityu/autoware/install/tier4_autoware_utils/lib:/home/cityu/autoware/install/vehicle_info_util/lib:/home/cityu/autoware/install/osqp_interface/lib:/home/cityu/autoware/install/autoware_auto_vehicle_msgs/lib:/home/cityu/autoware/install/autoware_auto_planning_msgs/lib:/home/cityu/autoware/install/autoware_auto_perception_msgs/lib:/home/cityu/autoware/install/tier4_planning_msgs/lib:/home/cityu/autoware/install/tier4_debug_msgs/lib:/home/cityu/autoware/install/autoware_auto_mapping_msgs/lib:/home/cityu/autoware/install/autoware_auto_geometry_msgs/lib:${LD_LIBRARY_PATH} PYTHONPATH=/home/cityu/autoware/install/autoware_auto_vehicle_msgs/lib/python3.8/site-packages:/home/cityu/autoware/install/autoware_auto_planning_msgs/lib/python3.8/site-packages:/home/cityu/autoware/install/autoware_auto_perception_msgs/lib/python3.8/site-packages:/home/cityu/autoware/install/tier4_planning_msgs/lib/python3.8/site-packages:/home/cityu/autoware/install/tier4_debug_msgs/lib/python3.8/site-packages:/home/cityu/autoware/install/autoware_auto_mapping_msgs/lib/python3.8/site-packages:/home/cityu/autoware/install/autoware_auto_geometry_msgs/lib/python3.8/site-packages:${PYTHONPATH} /usr/bin/cmake /home/cityu/autoware/src/universe/autoware.universe/planning/obstacle_avoidance_planner -DCMAKE_BUILD_TYPE=Release -DAMENT_CMAKE_SYMLINK_INSTALL=1 -DCMAKE_INSTALL_PREFIX=/home/cityu/autoware/install/obstacle_avoidance_planner
[17.652s] -- The C compiler identification is GNU 9.4.0
[17.652s] -- The CXX compiler identification is GNU 9.4.0
[17.652s] -- Check for working C compiler: /usr/bin/cc
[17.652s] -- Check for working C compiler: /usr/bin/cc -- works
[17.653s] -- Detecting C compiler ABI info
[17.653s] -- Detecting C compiler ABI info - done
[17.653s] -- Detecting C compile features
[17.653s] -- Detecting C compile features - done
[17.653s] -- Check for working CXX compiler: /usr/bin/c++
[17.653s] -- Check for working CXX compiler: /usr/bin/c++ -- works
[17.653s] -- Detecting CXX compiler ABI info
[17.653s] -- Detecting CXX compiler ABI info - done
[17.653s] -- Detecting CXX compile features
[17.653s] -- Detecting CXX compile features - done
[17.654s] -- Found autoware_cmake: 0.1.0 (/home/cityu/autoware/install/autoware_cmake/share/autoware_cmake/cmake)
[17.654s] -- Found ament_cmake_auto: 1.1.6 (/opt/ros/galactic/share/ament_cmake_auto/cmake)
[17.654s] -- Found PythonInterp: /usr/bin/python3 (found suitable version "3.8.10", minimum required is "3") 
[17.654s] -- Using PYTHON_EXECUTABLE: /usr/bin/python3
[17.654s] -- Override CMake install command with custom implementation using symlinks instead of copying resources
[17.654s] -- Using all available rosidl_typesupport_c: rosidl_typesupport_fastrtps_c;rosidl_typesupport_introspection_c
[17.654s] -- Found rosidl_adapter: 2.2.3 (/opt/ros/galactic/share/rosidl_adapter/cmake)
[17.654s] -- Found OpenSSL: /usr/lib/x86_64-linux-gnu/libcrypto.so (found version "1.1.1f")  
[17.654s] -- Found FastRTPS: /opt/ros/galactic/include  
[17.654s] -- Using all available rosidl_typesupport_cpp: rosidl_typesupport_fastrtps_cpp;rosidl_typesupport_introspection_cpp
[17.655s] -- Found rmw_implementation_cmake: 3.3.1 (/opt/ros/galactic/share/rmw_implementation_cmake/cmake)
[17.655s] -- Found rmw_cyclonedds_cpp: 0.22.6 (/opt/ros/galactic/share/rmw_cyclonedds_cpp/cmake)
[17.655s] -- Using RMW implementation 'rmw_cyclonedds_cpp' as default
[17.655s] -- Looking for pthread.h
[17.655s] -- Looking for pthread.h - found
[17.655s] -- Performing Test CMAKE_HAVE_LIBC_PTHREAD
[17.655s] -- Performing Test CMAKE_HAVE_LIBC_PTHREAD - Failed
[17.655s] -- Looking for pthread_create in pthreads
[17.655s] -- Looking for pthread_create in pthreads - not found
[17.655s] -- Looking for pthread_create in pthread
[17.655s] -- Looking for pthread_create in pthread - found
[17.656s] -- Found Threads: TRUE  
[17.656s] -- Found eigen3_cmake_module: 0.1.1 (/opt/ros/galactic/share/eigen3_cmake_module/cmake)
[17.656s] -- Found Eigen3: TRUE (found version "3.3.7") 
[17.656s] -- Found ament_lint_auto: 0.10.7 (/opt/ros/galactic/share/ament_lint_auto/cmake)
[17.656s] -- Found OpenCV: /usr (found version "4.2.0") 
[17.656s] -- Added test 'copyright' to check source files copyright and LICENSE
[17.656s] -- Added test 'cppcheck' to perform static code analysis on C / C++ code
[17.656s] -- Configured cppcheck include dirs: /home/cityu/autoware/src/universe/autoware.universe/planning/obstacle_avoidance_planner/include
[17.656s] -- Configured cppcheck exclude dirs and/or files: 
[17.656s] -- Added test 'lint_cmake' to check CMake code style
[17.656s] -- Added test 'xmllint' to check XML markup files
[17.657s] -- Configuring done
[17.657s] -- Generating done
[17.657s] -- Build files have been written to: /home/cityu/autoware/build/obstacle_avoidance_planner
[18.048s] Invoked command in '/home/cityu/autoware/build/obstacle_avoidance_planner' returned '0': AMENT_PREFIX_PATH=/home/cityu/autoware/install/motion_utils:/home/cityu/autoware/install/interpolation:/home/cityu/autoware/install/tier4_autoware_utils:/home/cityu/autoware/install/vehicle_info_util:/home/cityu/autoware/install/osqp_interface:/home/cityu/autoware/install/autoware_auto_vehicle_msgs:/home/cityu/autoware/install/autoware_cmake:/home/cityu/autoware/install/autoware_auto_planning_msgs:/home/cityu/autoware/install/autoware_auto_perception_msgs:/home/cityu/autoware/install/tier4_planning_msgs:/home/cityu/autoware/install/tier4_debug_msgs:/home/cityu/autoware/install/autoware_lint_common:/home/cityu/autoware/install/autoware_auto_mapping_msgs:/home/cityu/autoware/install/autoware_auto_geometry_msgs:${AMENT_PREFIX_PATH} CMAKE_PREFIX_PATH=/home/cityu/autoware/install/motion_utils:/home/cityu/autoware/install/interpolation:/home/cityu/autoware/install/tier4_autoware_utils:/home/cityu/autoware/install/vehicle_info_util:/home/cityu/autoware/install/osqp_interface:/home/cityu/autoware/install/autoware_auto_vehicle_msgs:/home/cityu/autoware/install/autoware_cmake:/home/cityu/autoware/install/autoware_auto_planning_msgs:/home/cityu/autoware/install/autoware_auto_perception_msgs:/home/cityu/autoware/install/tier4_planning_msgs:/home/cityu/autoware/install/tier4_debug_msgs:/home/cityu/autoware/install/autoware_lint_common:/home/cityu/autoware/install/autoware_auto_mapping_msgs:/home/cityu/autoware/install/autoware_auto_geometry_msgs:/opt/ros/galactic LD_LIBRARY_PATH=/home/cityu/autoware/install/motion_utils/lib:/home/cityu/autoware/install/interpolation/lib:/home/cityu/autoware/install/tier4_autoware_utils/lib:/home/cityu/autoware/install/vehicle_info_util/lib:/home/cityu/autoware/install/osqp_interface/lib:/home/cityu/autoware/install/autoware_auto_vehicle_msgs/lib:/home/cityu/autoware/install/autoware_auto_planning_msgs/lib:/home/cityu/autoware/install/autoware_auto_perception_msgs/lib:/home/cityu/autoware/install/tier4_planning_msgs/lib:/home/cityu/autoware/install/tier4_debug_msgs/lib:/home/cityu/autoware/install/autoware_auto_mapping_msgs/lib:/home/cityu/autoware/install/autoware_auto_geometry_msgs/lib:${LD_LIBRARY_PATH} PYTHONPATH=/home/cityu/autoware/install/autoware_auto_vehicle_msgs/lib/python3.8/site-packages:/home/cityu/autoware/install/autoware_auto_planning_msgs/lib/python3.8/site-packages:/home/cityu/autoware/install/autoware_auto_perception_msgs/lib/python3.8/site-packages:/home/cityu/autoware/install/tier4_planning_msgs/lib/python3.8/site-packages:/home/cityu/autoware/install/tier4_debug_msgs/lib/python3.8/site-packages:/home/cityu/autoware/install/autoware_auto_mapping_msgs/lib/python3.8/site-packages:/home/cityu/autoware/install/autoware_auto_geometry_msgs/lib/python3.8/site-packages:${PYTHONPATH} /usr/bin/cmake /home/cityu/autoware/src/universe/autoware.universe/planning/obstacle_avoidance_planner -DCMAKE_BUILD_TYPE=Release -DAMENT_CMAKE_SYMLINK_INSTALL=1 -DCMAKE_INSTALL_PREFIX=/home/cityu/autoware/install/obstacle_avoidance_planner
[18.055s] Invoking command in '/home/cityu/autoware/build/obstacle_avoidance_planner': AMENT_PREFIX_PATH=/home/cityu/autoware/install/motion_utils:/home/cityu/autoware/install/interpolation:/home/cityu/autoware/install/tier4_autoware_utils:/home/cityu/autoware/install/vehicle_info_util:/home/cityu/autoware/install/osqp_interface:/home/cityu/autoware/install/autoware_auto_vehicle_msgs:/home/cityu/autoware/install/autoware_cmake:/home/cityu/autoware/install/autoware_auto_planning_msgs:/home/cityu/autoware/install/autoware_auto_perception_msgs:/home/cityu/autoware/install/tier4_planning_msgs:/home/cityu/autoware/install/tier4_debug_msgs:/home/cityu/autoware/install/autoware_lint_common:/home/cityu/autoware/install/autoware_auto_mapping_msgs:/home/cityu/autoware/install/autoware_auto_geometry_msgs:${AMENT_PREFIX_PATH} CMAKE_PREFIX_PATH=/home/cityu/autoware/install/motion_utils:/home/cityu/autoware/install/interpolation:/home/cityu/autoware/install/tier4_autoware_utils:/home/cityu/autoware/install/vehicle_info_util:/home/cityu/autoware/install/osqp_interface:/home/cityu/autoware/install/autoware_auto_vehicle_msgs:/home/cityu/autoware/install/autoware_cmake:/home/cityu/autoware/install/autoware_auto_planning_msgs:/home/cityu/autoware/install/autoware_auto_perception_msgs:/home/cityu/autoware/install/tier4_planning_msgs:/home/cityu/autoware/install/tier4_debug_msgs:/home/cityu/autoware/install/autoware_lint_common:/home/cityu/autoware/install/autoware_auto_mapping_msgs:/home/cityu/autoware/install/autoware_auto_geometry_msgs:/opt/ros/galactic LD_LIBRARY_PATH=/home/cityu/autoware/install/motion_utils/lib:/home/cityu/autoware/install/interpolation/lib:/home/cityu/autoware/install/tier4_autoware_utils/lib:/home/cityu/autoware/install/vehicle_info_util/lib:/home/cityu/autoware/install/osqp_interface/lib:/home/cityu/autoware/install/autoware_auto_vehicle_msgs/lib:/home/cityu/autoware/install/autoware_auto_planning_msgs/lib:/home/cityu/autoware/install/autoware_auto_perception_msgs/lib:/home/cityu/autoware/install/tier4_planning_msgs/lib:/home/cityu/autoware/install/tier4_debug_msgs/lib:/home/cityu/autoware/install/autoware_auto_mapping_msgs/lib:/home/cityu/autoware/install/autoware_auto_geometry_msgs/lib:${LD_LIBRARY_PATH} PYTHONPATH=/home/cityu/autoware/install/autoware_auto_vehicle_msgs/lib/python3.8/site-packages:/home/cityu/autoware/install/autoware_auto_planning_msgs/lib/python3.8/site-packages:/home/cityu/autoware/install/autoware_auto_perception_msgs/lib/python3.8/site-packages:/home/cityu/autoware/install/tier4_planning_msgs/lib/python3.8/site-packages:/home/cityu/autoware/install/tier4_debug_msgs/lib/python3.8/site-packages:/home/cityu/autoware/install/autoware_auto_mapping_msgs/lib/python3.8/site-packages:/home/cityu/autoware/install/autoware_auto_geometry_msgs/lib/python3.8/site-packages:${PYTHONPATH} /usr/bin/cmake --build /home/cityu/autoware/build/obstacle_avoidance_planner -- -j16 -l16
[22.718s] [35m[1mScanning dependencies of target obstacle_avoidance_planner[0m
[22.718s] [35m[1mScanning dependencies of target obstacle_avoidance_planner_node[0m
[22.719s] [  8%] [32mBuilding CXX object CMakeFiles/obstacle_avoidance_planner_node.dir/rclcpp_components/node_main_obstacle_avoidance_planner_node.cpp.o[0m
[22.720s] [ 16%] [32mBuilding CXX object CMakeFiles/obstacle_avoidance_planner.dir/src/vehicle_model/vehicle_model_interface.cpp.o[0m
[22.720s] [ 25%] [32mBuilding CXX object CMakeFiles/obstacle_avoidance_planner.dir/src/vehicle_model/vehicle_model_bicycle_kinematics.cpp.o[0m
[22.720s] [ 33%] [32mBuilding CXX object CMakeFiles/obstacle_avoidance_planner.dir/src/node.cpp.o[0m
[27.031s] [ 41%] [32m[1mLinking CXX executable obstacle_avoidance_planner_node[0m
[27.514s] [ 41%] Built target obstacle_avoidance_planner_node
[95.599s] [ 50%] [32mBuilding CXX object CMakeFiles/obstacle_avoidance_planner.dir/src/utils/cv_utils.cpp.o[0m
[107.758s] [ 58%] [32mBuilding CXX object CMakeFiles/obstacle_avoidance_planner.dir/src/utils/debug_utils.cpp.o[0m
[132.624s] [ 66%] [32mBuilding CXX object CMakeFiles/obstacle_avoidance_planner.dir/src/utils/utils.cpp.o[0m
[155.966s] [ 75%] [32mBuilding CXX object CMakeFiles/obstacle_avoidance_planner.dir/src/mpt_optimizer.cpp.o[0m
[193.276s] [ 83%] [32mBuilding CXX object CMakeFiles/obstacle_avoidance_planner.dir/src/eb_path_optimizer.cpp.o[0m
[193.280s] [ 91%] [32mBuilding CXX object CMakeFiles/obstacle_avoidance_planner.dir/src/costmap_generator.cpp.o[0m
[223.447s] [100%] [32m[1mLinking CXX shared library libobstacle_avoidance_planner.so[0m
[224.877s] [100%] Built target obstacle_avoidance_planner
[224.903s] Invoked command in '/home/cityu/autoware/build/obstacle_avoidance_planner' returned '0': AMENT_PREFIX_PATH=/home/cityu/autoware/install/motion_utils:/home/cityu/autoware/install/interpolation:/home/cityu/autoware/install/tier4_autoware_utils:/home/cityu/autoware/install/vehicle_info_util:/home/cityu/autoware/install/osqp_interface:/home/cityu/autoware/install/autoware_auto_vehicle_msgs:/home/cityu/autoware/install/autoware_cmake:/home/cityu/autoware/install/autoware_auto_planning_msgs:/home/cityu/autoware/install/autoware_auto_perception_msgs:/home/cityu/autoware/install/tier4_planning_msgs:/home/cityu/autoware/install/tier4_debug_msgs:/home/cityu/autoware/install/autoware_lint_common:/home/cityu/autoware/install/autoware_auto_mapping_msgs:/home/cityu/autoware/install/autoware_auto_geometry_msgs:${AMENT_PREFIX_PATH} CMAKE_PREFIX_PATH=/home/cityu/autoware/install/motion_utils:/home/cityu/autoware/install/interpolation:/home/cityu/autoware/install/tier4_autoware_utils:/home/cityu/autoware/install/vehicle_info_util:/home/cityu/autoware/install/osqp_interface:/home/cityu/autoware/install/autoware_auto_vehicle_msgs:/home/cityu/autoware/install/autoware_cmake:/home/cityu/autoware/install/autoware_auto_planning_msgs:/home/cityu/autoware/install/autoware_auto_perception_msgs:/home/cityu/autoware/install/tier4_planning_msgs:/home/cityu/autoware/install/tier4_debug_msgs:/home/cityu/autoware/install/autoware_lint_common:/home/cityu/autoware/install/autoware_auto_mapping_msgs:/home/cityu/autoware/install/autoware_auto_geometry_msgs:/opt/ros/galactic LD_LIBRARY_PATH=/home/cityu/autoware/install/motion_utils/lib:/home/cityu/autoware/install/interpolation/lib:/home/cityu/autoware/install/tier4_autoware_utils/lib:/home/cityu/autoware/install/vehicle_info_util/lib:/home/cityu/autoware/install/osqp_interface/lib:/home/cityu/autoware/install/autoware_auto_vehicle_msgs/lib:/home/cityu/autoware/install/autoware_auto_planning_msgs/lib:/home/cityu/autoware/install/autoware_auto_perception_msgs/lib:/home/cityu/autoware/install/tier4_planning_msgs/lib:/home/cityu/autoware/install/tier4_debug_msgs/lib:/home/cityu/autoware/install/autoware_auto_mapping_msgs/lib:/home/cityu/autoware/install/autoware_auto_geometry_msgs/lib:${LD_LIBRARY_PATH} PYTHONPATH=/home/cityu/autoware/install/autoware_auto_vehicle_msgs/lib/python3.8/site-packages:/home/cityu/autoware/install/autoware_auto_planning_msgs/lib/python3.8/site-packages:/home/cityu/autoware/install/autoware_auto_perception_msgs/lib/python3.8/site-packages:/home/cityu/autoware/install/tier4_planning_msgs/lib/python3.8/site-packages:/home/cityu/autoware/install/tier4_debug_msgs/lib/python3.8/site-packages:/home/cityu/autoware/install/autoware_auto_mapping_msgs/lib/python3.8/site-packages:/home/cityu/autoware/install/autoware_auto_geometry_msgs/lib/python3.8/site-packages:${PYTHONPATH} /usr/bin/cmake --build /home/cityu/autoware/build/obstacle_avoidance_planner -- -j16 -l16
[225.017s] Invoking command in '/home/cityu/autoware/build/obstacle_avoidance_planner': AMENT_PREFIX_PATH=/home/cityu/autoware/install/motion_utils:/home/cityu/autoware/install/interpolation:/home/cityu/autoware/install/tier4_autoware_utils:/home/cityu/autoware/install/vehicle_info_util:/home/cityu/autoware/install/osqp_interface:/home/cityu/autoware/install/autoware_auto_vehicle_msgs:/home/cityu/autoware/install/autoware_cmake:/home/cityu/autoware/install/autoware_auto_planning_msgs:/home/cityu/autoware/install/autoware_auto_perception_msgs:/home/cityu/autoware/install/tier4_planning_msgs:/home/cityu/autoware/install/tier4_debug_msgs:/home/cityu/autoware/install/autoware_lint_common:/home/cityu/autoware/install/autoware_auto_mapping_msgs:/home/cityu/autoware/install/autoware_auto_geometry_msgs:${AMENT_PREFIX_PATH} CMAKE_PREFIX_PATH=/home/cityu/autoware/install/motion_utils:/home/cityu/autoware/install/interpolation:/home/cityu/autoware/install/tier4_autoware_utils:/home/cityu/autoware/install/vehicle_info_util:/home/cityu/autoware/install/osqp_interface:/home/cityu/autoware/install/autoware_auto_vehicle_msgs:/home/cityu/autoware/install/autoware_cmake:/home/cityu/autoware/install/autoware_auto_planning_msgs:/home/cityu/autoware/install/autoware_auto_perception_msgs:/home/cityu/autoware/install/tier4_planning_msgs:/home/cityu/autoware/install/tier4_debug_msgs:/home/cityu/autoware/install/autoware_lint_common:/home/cityu/autoware/install/autoware_auto_mapping_msgs:/home/cityu/autoware/install/autoware_auto_geometry_msgs:/opt/ros/galactic LD_LIBRARY_PATH=/home/cityu/autoware/install/motion_utils/lib:/home/cityu/autoware/install/interpolation/lib:/home/cityu/autoware/install/tier4_autoware_utils/lib:/home/cityu/autoware/install/vehicle_info_util/lib:/home/cityu/autoware/install/osqp_interface/lib:/home/cityu/autoware/install/autoware_auto_vehicle_msgs/lib:/home/cityu/autoware/install/autoware_auto_planning_msgs/lib:/home/cityu/autoware/install/autoware_auto_perception_msgs/lib:/home/cityu/autoware/install/tier4_planning_msgs/lib:/home/cityu/autoware/install/tier4_debug_msgs/lib:/home/cityu/autoware/install/autoware_auto_mapping_msgs/lib:/home/cityu/autoware/install/autoware_auto_geometry_msgs/lib:${LD_LIBRARY_PATH} PYTHONPATH=/home/cityu/autoware/install/autoware_auto_vehicle_msgs/lib/python3.8/site-packages:/home/cityu/autoware/install/autoware_auto_planning_msgs/lib/python3.8/site-packages:/home/cityu/autoware/install/autoware_auto_perception_msgs/lib/python3.8/site-packages:/home/cityu/autoware/install/tier4_planning_msgs/lib/python3.8/site-packages:/home/cityu/autoware/install/tier4_debug_msgs/lib/python3.8/site-packages:/home/cityu/autoware/install/autoware_auto_mapping_msgs/lib/python3.8/site-packages:/home/cityu/autoware/install/autoware_auto_geometry_msgs/lib/python3.8/site-packages:${PYTHONPATH} /usr/bin/cmake --install /home/cityu/autoware/build/obstacle_avoidance_planner
[243.014s] -- Install configuration: "Release"
[243.015s] -- Execute custom install script
[243.015s] -- Symlinking: /home/cityu/autoware/install/obstacle_avoidance_planner/lib/obstacle_avoidance_planner/obstacle_avoidance_planner_node
[243.015s] -- Symlinking: /home/cityu/autoware/install/obstacle_avoidance_planner/include/obstacle_avoidance_planner/common_structs.hpp
[243.015s] -- Symlinking: /home/cityu/autoware/install/obstacle_avoidance_planner/include/obstacle_avoidance_planner/costmap_generator.hpp
[243.015s] -- Symlinking: /home/cityu/autoware/install/obstacle_avoidance_planner/include/obstacle_avoidance_planner/eb_path_optimizer.hpp
[243.015s] -- Symlinking: /home/cityu/autoware/install/obstacle_avoidance_planner/include/obstacle_avoidance_planner/mpt_optimizer.hpp
[243.016s] -- Symlinking: /home/cityu/autoware/install/obstacle_avoidance_planner/include/obstacle_avoidance_planner/node.hpp
[243.016s] -- Symlinking: /home/cityu/autoware/install/obstacle_avoidance_planner/include/obstacle_avoidance_planner/utils/cv_utils.hpp
[243.016s] -- Symlinking: /home/cityu/autoware/install/obstacle_avoidance_planner/include/obstacle_avoidance_planner/utils/debug_utils.hpp
[243.016s] -- Symlinking: /home/cityu/autoware/install/obstacle_avoidance_planner/include/obstacle_avoidance_planner/utils/utils.hpp
[243.016s] -- Symlinking: /home/cityu/autoware/install/obstacle_avoidance_planner/include/obstacle_avoidance_planner/vehicle_model/vehicle_model_bicycle_kinematics.hpp
[243.016s] -- Symlinking: /home/cityu/autoware/install/obstacle_avoidance_planner/include/obstacle_avoidance_planner/vehicle_model/vehicle_model_bicycle_kinematics_no_delay.hpp
[243.016s] -- Symlinking: /home/cityu/autoware/install/obstacle_avoidance_planner/include/obstacle_avoidance_planner/vehicle_model/vehicle_model_interface.hpp
[243.016s] -- Symlinking: /home/cityu/autoware/install/obstacle_avoidance_planner/share/obstacle_avoidance_planner/environment/library_path.sh
[243.017s] -- Symlinking: /home/cityu/autoware/install/obstacle_avoidance_planner/share/obstacle_avoidance_planner/environment/library_path.dsv
[243.017s] -- Symlinking: /home/cityu/autoware/install/obstacle_avoidance_planner/lib/libobstacle_avoidance_planner.so
[243.017s] -- Symlinking: /home/cityu/autoware/install/obstacle_avoidance_planner/share/obstacle_avoidance_planner/launch/obstacle_avoidance_planner.launch.xml
[243.017s] -- Symlinking: /home/cityu/autoware/install/obstacle_avoidance_planner/share/obstacle_avoidance_planner/config/obstacle_avoidance_planner.param.yaml
[243.017s] -- Symlinking: /home/cityu/autoware/install/obstacle_avoidance_planner/share/obstacle_avoidance_planner/scripts/calclation_time_analyzer.py
[243.018s] -- Symlinking: /home/cityu/autoware/install/obstacle_avoidance_planner/share/obstacle_avoidance_planner/scripts/trajectory_visualizer.py
[243.018s] -- Symlinking: /home/cityu/autoware/install/obstacle_avoidance_planner/share/ament_index/resource_index/package_run_dependencies/obstacle_avoidance_planner
[243.018s] -- Symlinking: /home/cityu/autoware/install/obstacle_avoidance_planner/share/ament_index/resource_index/parent_prefix_path/obstacle_avoidance_planner
[243.018s] -- Symlinking: /home/cityu/autoware/install/obstacle_avoidance_planner/share/obstacle_avoidance_planner/environment/ament_prefix_path.sh
[243.018s] -- Symlinking: /home/cityu/autoware/install/obstacle_avoidance_planner/share/obstacle_avoidance_planner/environment/ament_prefix_path.dsv
[243.018s] -- Symlinking: /home/cityu/autoware/install/obstacle_avoidance_planner/share/obstacle_avoidance_planner/environment/path.sh
[243.018s] -- Symlinking: /home/cityu/autoware/install/obstacle_avoidance_planner/share/obstacle_avoidance_planner/environment/path.dsv
[243.018s] -- Symlinking: /home/cityu/autoware/install/obstacle_avoidance_planner/share/obstacle_avoidance_planner/local_setup.bash
[243.018s] -- Symlinking: /home/cityu/autoware/install/obstacle_avoidance_planner/share/obstacle_avoidance_planner/local_setup.sh
[243.019s] -- Symlinking: /home/cityu/autoware/install/obstacle_avoidance_planner/share/obstacle_avoidance_planner/local_setup.zsh
[243.019s] -- Symlinking: /home/cityu/autoware/install/obstacle_avoidance_planner/share/obstacle_avoidance_planner/local_setup.dsv
[243.019s] -- Symlinking: /home/cityu/autoware/install/obstacle_avoidance_planner/share/obstacle_avoidance_planner/package.dsv
[243.019s] -- Symlinking: /home/cityu/autoware/install/obstacle_avoidance_planner/share/ament_index/resource_index/packages/obstacle_avoidance_planner
[243.019s] -- Symlinking: /home/cityu/autoware/install/obstacle_avoidance_planner/share/ament_index/resource_index/rclcpp_components/obstacle_avoidance_planner
[243.019s] -- Symlinking: /home/cityu/autoware/install/obstacle_avoidance_planner/share/obstacle_avoidance_planner/cmake/ament_cmake_export_dependencies-extras.cmake
[243.019s] -- Symlinking: /home/cityu/autoware/install/obstacle_avoidance_planner/share/obstacle_avoidance_planner/cmake/ament_cmake_export_include_directories-extras.cmake
[243.019s] -- Symlinking: /home/cityu/autoware/install/obstacle_avoidance_planner/share/obstacle_avoidance_planner/cmake/ament_cmake_export_libraries-extras.cmake
[243.019s] -- Symlinking: /home/cityu/autoware/install/obstacle_avoidance_planner/share/obstacle_avoidance_planner/cmake/obstacle_avoidance_plannerConfig.cmake
[243.020s] -- Symlinking: /home/cityu/autoware/install/obstacle_avoidance_planner/share/obstacle_avoidance_planner/cmake/obstacle_avoidance_plannerConfig-version.cmake
[243.020s] -- Symlinking: /home/cityu/autoware/install/obstacle_avoidance_planner/share/obstacle_avoidance_planner/package.xml
[243.053s] Invoked command in '/home/cityu/autoware/build/obstacle_avoidance_planner' returned '0': AMENT_PREFIX_PATH=/home/cityu/autoware/install/motion_utils:/home/cityu/autoware/install/interpolation:/home/cityu/autoware/install/tier4_autoware_utils:/home/cityu/autoware/install/vehicle_info_util:/home/cityu/autoware/install/osqp_interface:/home/cityu/autoware/install/autoware_auto_vehicle_msgs:/home/cityu/autoware/install/autoware_cmake:/home/cityu/autoware/install/autoware_auto_planning_msgs:/home/cityu/autoware/install/autoware_auto_perception_msgs:/home/cityu/autoware/install/tier4_planning_msgs:/home/cityu/autoware/install/tier4_debug_msgs:/home/cityu/autoware/install/autoware_lint_common:/home/cityu/autoware/install/autoware_auto_mapping_msgs:/home/cityu/autoware/install/autoware_auto_geometry_msgs:${AMENT_PREFIX_PATH} CMAKE_PREFIX_PATH=/home/cityu/autoware/install/motion_utils:/home/cityu/autoware/install/interpolation:/home/cityu/autoware/install/tier4_autoware_utils:/home/cityu/autoware/install/vehicle_info_util:/home/cityu/autoware/install/osqp_interface:/home/cityu/autoware/install/autoware_auto_vehicle_msgs:/home/cityu/autoware/install/autoware_cmake:/home/cityu/autoware/install/autoware_auto_planning_msgs:/home/cityu/autoware/install/autoware_auto_perception_msgs:/home/cityu/autoware/install/tier4_planning_msgs:/home/cityu/autoware/install/tier4_debug_msgs:/home/cityu/autoware/install/autoware_lint_common:/home/cityu/autoware/install/autoware_auto_mapping_msgs:/home/cityu/autoware/install/autoware_auto_geometry_msgs:/opt/ros/galactic LD_LIBRARY_PATH=/home/cityu/autoware/install/motion_utils/lib:/home/cityu/autoware/install/interpolation/lib:/home/cityu/autoware/install/tier4_autoware_utils/lib:/home/cityu/autoware/install/vehicle_info_util/lib:/home/cityu/autoware/install/osqp_interface/lib:/home/cityu/autoware/install/autoware_auto_vehicle_msgs/lib:/home/cityu/autoware/install/autoware_auto_planning_msgs/lib:/home/cityu/autoware/install/autoware_auto_perception_msgs/lib:/home/cityu/autoware/install/tier4_planning_msgs/lib:/home/cityu/autoware/install/tier4_debug_msgs/lib:/home/cityu/autoware/install/autoware_auto_mapping_msgs/lib:/home/cityu/autoware/install/autoware_auto_geometry_msgs/lib:${LD_LIBRARY_PATH} PYTHONPATH=/home/cityu/autoware/install/autoware_auto_vehicle_msgs/lib/python3.8/site-packages:/home/cityu/autoware/install/autoware_auto_planning_msgs/lib/python3.8/site-packages:/home/cityu/autoware/install/autoware_auto_perception_msgs/lib/python3.8/site-packages:/home/cityu/autoware/install/tier4_planning_msgs/lib/python3.8/site-packages:/home/cityu/autoware/install/tier4_debug_msgs/lib/python3.8/site-packages:/home/cityu/autoware/install/autoware_auto_mapping_msgs/lib/python3.8/site-packages:/home/cityu/autoware/install/autoware_auto_geometry_msgs/lib/python3.8/site-packages:${PYTHONPATH} /usr/bin/cmake --install /home/cityu/autoware/build/obstacle_avoidance_planner
