[0.065s] Invoking command in '/home/cityu/autoware/build/tier4_perception_msgs': AMENT_PREFIX_PATH=/home/cityu/autoware/install/autoware_auto_perception_msgs:/home/cityu/autoware/install/autoware_auto_geometry_msgs:${AMENT_PREFIX_PATH} CMAKE_PREFIX_PATH=/home/cityu/autoware/install/autoware_auto_perception_msgs:/home/cityu/autoware/install/autoware_auto_geometry_msgs:/opt/ros/galactic LD_LIBRARY_PATH=/home/cityu/autoware/install/autoware_auto_perception_msgs/lib:/home/cityu/autoware/install/autoware_auto_geometry_msgs/lib:${LD_LIBRARY_PATH} PYTHONPATH=/home/cityu/autoware/install/autoware_auto_perception_msgs/lib/python3.8/site-packages:/home/cityu/autoware/install/autoware_auto_geometry_msgs/lib/python3.8/site-packages:${PYTHONPATH} /usr/bin/cmake /home/cityu/autoware/src/universe/external/tier4_autoware_msgs/tier4_perception_msgs -DCMAKE_BUILD_TYPE=Release -DAMENT_CMAKE_SYMLINK_INSTALL=1 -DCMAKE_INSTALL_PREFIX=/home/cityu/autoware/install/tier4_perception_msgs
[10.491s] -- The C compiler identification is GNU 9.4.0
[10.491s] -- The CXX compiler identification is GNU 9.4.0
[10.491s] -- Check for working C compiler: /usr/bin/cc
[10.491s] -- Check for working C compiler: /usr/bin/cc -- works
[10.492s] -- Detecting C compiler ABI info
[10.492s] -- Detecting C compiler ABI info - done
[10.492s] -- Detecting C compile features
[10.492s] -- Detecting C compile features - done
[10.492s] -- Check for working CXX compiler: /usr/bin/c++
[10.492s] -- Check for working CXX compiler: /usr/bin/c++ -- works
[10.492s] -- Detecting CXX compiler ABI info
[10.492s] -- Detecting CXX compiler ABI info - done
[10.492s] -- Detecting CXX compile features
[10.493s] -- Detecting CXX compile features - done
[10.497s] -- Found ament_cmake_auto: 1.1.6 (/opt/ros/galactic/share/ament_cmake_auto/cmake)
[10.498s] -- Found PythonInterp: /usr/bin/python3 (found suitable version "3.8.10", minimum required is "3") 
[10.498s] -- Using PYTHON_EXECUTABLE: /usr/bin/python3
[10.498s] -- Override CMake install command with custom implementation using symlinks instead of copying resources
[10.498s] -- Using all available rosidl_typesupport_c: rosidl_typesupport_fastrtps_c;rosidl_typesupport_introspection_c
[10.499s] -- Found rosidl_adapter: 2.2.3 (/opt/ros/galactic/share/rosidl_adapter/cmake)
[10.499s] -- Found OpenSSL: /usr/lib/x86_64-linux-gnu/libcrypto.so (found version "1.1.1f")  
[10.499s] -- Found FastRTPS: /opt/ros/galactic/include  
[10.499s] -- Using all available rosidl_typesupport_cpp: rosidl_typesupport_fastrtps_cpp;rosidl_typesupport_introspection_cpp
[10.499s] -- Found PythonInterp: /usr/bin/python3 (found version "3.8.10") 
[10.499s] -- Found ament_cmake_ros: 0.9.2 (/opt/ros/galactic/share/ament_cmake_ros/cmake)
[10.499s] -- Using all available rosidl_typesupport_c: rosidl_typesupport_fastrtps_c;rosidl_typesupport_introspection_c
[10.499s] -- Using all available rosidl_typesupport_cpp: rosidl_typesupport_fastrtps_cpp;rosidl_typesupport_introspection_cpp
[10.499s] -- Found PythonInterp: /usr/bin/python3 (found suitable version "3.8.10", minimum required is "3.5") 
[10.500s] -- Found python_cmake_module: 0.8.1 (/opt/ros/galactic/share/python_cmake_module/cmake)
[10.500s] -- Found PythonLibs: /usr/lib/x86_64-linux-gnu/libpython3.8.so (found suitable version "3.8.10", minimum required is "3.5") 
[10.500s] -- Using PYTHON_EXECUTABLE: /usr/bin/python3
[10.500s] -- Using PYTHON_INCLUDE_DIRS: /usr/include/python3.8
[10.500s] -- Using PYTHON_LIBRARIES: /usr/lib/x86_64-linux-gnu/libpython3.8.so
[10.500s] -- Found PythonExtra: .so  
[10.500s] -- Found ament_lint_auto: 0.10.7 (/opt/ros/galactic/share/ament_lint_auto/cmake)
[10.500s] -- Added test 'copyright' to check source files copyright and LICENSE
[10.501s] -- Added test 'lint_cmake' to check CMake code style
[10.501s] -- Added test 'xmllint' to check XML markup files
[10.501s] -- Configuring done
[10.501s] -- Generating done
[10.501s] -- Build files have been written to: /home/cityu/autoware/build/tier4_perception_msgs
[10.545s] Invoked command in '/home/cityu/autoware/build/tier4_perception_msgs' returned '0': AMENT_PREFIX_PATH=/home/cityu/autoware/install/autoware_auto_perception_msgs:/home/cityu/autoware/install/autoware_auto_geometry_msgs:${AMENT_PREFIX_PATH} CMAKE_PREFIX_PATH=/home/cityu/autoware/install/autoware_auto_perception_msgs:/home/cityu/autoware/install/autoware_auto_geometry_msgs:/opt/ros/galactic LD_LIBRARY_PATH=/home/cityu/autoware/install/autoware_auto_perception_msgs/lib:/home/cityu/autoware/install/autoware_auto_geometry_msgs/lib:${LD_LIBRARY_PATH} PYTHONPATH=/home/cityu/autoware/install/autoware_auto_perception_msgs/lib/python3.8/site-packages:/home/cityu/autoware/install/autoware_auto_geometry_msgs/lib/python3.8/site-packages:${PYTHONPATH} /usr/bin/cmake /home/cityu/autoware/src/universe/external/tier4_autoware_msgs/tier4_perception_msgs -DCMAKE_BUILD_TYPE=Release -DAMENT_CMAKE_SYMLINK_INSTALL=1 -DCMAKE_INSTALL_PREFIX=/home/cityu/autoware/install/tier4_perception_msgs
[10.546s] Invoking command in '/home/cityu/autoware/build/tier4_perception_msgs': AMENT_PREFIX_PATH=/home/cityu/autoware/install/autoware_auto_perception_msgs:/home/cityu/autoware/install/autoware_auto_geometry_msgs:${AMENT_PREFIX_PATH} CMAKE_PREFIX_PATH=/home/cityu/autoware/install/autoware_auto_perception_msgs:/home/cityu/autoware/install/autoware_auto_geometry_msgs:/opt/ros/galactic LD_LIBRARY_PATH=/home/cityu/autoware/install/autoware_auto_perception_msgs/lib:/home/cityu/autoware/install/autoware_auto_geometry_msgs/lib:${LD_LIBRARY_PATH} PYTHONPATH=/home/cityu/autoware/install/autoware_auto_perception_msgs/lib/python3.8/site-packages:/home/cityu/autoware/install/autoware_auto_geometry_msgs/lib/python3.8/site-packages:${PYTHONPATH} /usr/bin/cmake --build /home/cityu/autoware/build/tier4_perception_msgs -- -j16 -l16
[14.820s] [35m[1mScanning dependencies of target tier4_perception_msgs__cpp[0m
[14.820s] [  1%] [34m[1mGenerating C++ code for ROS interfaces[0m
[14.820s] [  1%] Built target tier4_perception_msgs__cpp
[14.821s] [  2%] [34m[1mGenerating C code for ROS interfaces[0m
[14.821s] [35m[1mScanning dependencies of target tier4_perception_msgs__rosidl_generator_c[0m
[14.825s] [  3%] [32mBuilding C object CMakeFiles/tier4_perception_msgs__rosidl_generator_c.dir/rosidl_generator_c/tier4_perception_msgs/msg/detail/detected_object_with_feature__functions.c.o[0m
[14.826s] [  4%] [32mBuilding C object CMakeFiles/tier4_perception_msgs__rosidl_generator_c.dir/rosidl_generator_c/tier4_perception_msgs/msg/detail/state__functions.c.o[0m
[14.826s] [  5%] [32mBuilding C object CMakeFiles/tier4_perception_msgs__rosidl_generator_c.dir/rosidl_generator_c/tier4_perception_msgs/msg/detail/shape__functions.c.o[0m
[14.826s] [  6%] [32mBuilding C object CMakeFiles/tier4_perception_msgs__rosidl_generator_c.dir/rosidl_generator_c/tier4_perception_msgs/msg/detail/semantic__functions.c.o[0m
[14.827s] [  7%] [32mBuilding C object CMakeFiles/tier4_perception_msgs__rosidl_generator_c.dir/rosidl_generator_c/tier4_perception_msgs/msg/detail/predicted_path__functions.c.o[0m
[14.828s] [  8%] [32mBuilding C object CMakeFiles/tier4_perception_msgs__rosidl_generator_c.dir/rosidl_generator_c/tier4_perception_msgs/msg/detail/feature__functions.c.o[0m
[14.971s] [  9%] [32mBuilding C object CMakeFiles/tier4_perception_msgs__rosidl_generator_c.dir/rosidl_generator_c/tier4_perception_msgs/msg/detail/dynamic_object_array__functions.c.o[0m
[15.119s] [ 10%] [32mBuilding C object CMakeFiles/tier4_perception_msgs__rosidl_generator_c.dir/rosidl_generator_c/tier4_perception_msgs/msg/detail/dynamic_object__functions.c.o[0m
[15.273s] [ 11%] [32mBuilding C object CMakeFiles/tier4_perception_msgs__rosidl_generator_c.dir/rosidl_generator_c/tier4_perception_msgs/msg/detail/detected_objects_with_feature__functions.c.o[0m
[15.407s] [ 12%] [32m[1mLinking C shared library libtier4_perception_msgs__rosidl_generator_c.so[0m
[15.486s] [ 12%] Built target tier4_perception_msgs__rosidl_generator_c
[15.513s] [ 13%] [34m[1mGenerating C++ introspection for ROS interfaces[0m
[16.521s] [35m[1mScanning dependencies of target tier4_perception_msgs__rosidl_typesupport_introspection_cpp[0m
[16.545s] [ 14%] [32mBuilding CXX object CMakeFiles/tier4_perception_msgs__rosidl_typesupport_introspection_cpp.dir/rosidl_typesupport_introspection_cpp/tier4_perception_msgs/msg/detail/detected_object_with_feature__type_support.cpp.o[0m
[16.935s] [ 15%] [32mBuilding CXX object CMakeFiles/tier4_perception_msgs__rosidl_typesupport_introspection_cpp.dir/rosidl_typesupport_introspection_cpp/tier4_perception_msgs/msg/detail/state__type_support.cpp.o[0m
[17.330s] [ 16%] [32mBuilding CXX object CMakeFiles/tier4_perception_msgs__rosidl_typesupport_introspection_cpp.dir/rosidl_typesupport_introspection_cpp/tier4_perception_msgs/msg/detail/shape__type_support.cpp.o[0m
[17.833s] [ 17%] [32mBuilding CXX object CMakeFiles/tier4_perception_msgs__rosidl_typesupport_introspection_cpp.dir/rosidl_typesupport_introspection_cpp/tier4_perception_msgs/msg/detail/semantic__type_support.cpp.o[0m
[18.296s] [ 18%] [32mBuilding CXX object CMakeFiles/tier4_perception_msgs__rosidl_typesupport_introspection_cpp.dir/rosidl_typesupport_introspection_cpp/tier4_perception_msgs/msg/detail/predicted_path__type_support.cpp.o[0m
[18.898s] [ 20%] [32mBuilding CXX object CMakeFiles/tier4_perception_msgs__rosidl_typesupport_introspection_cpp.dir/rosidl_typesupport_introspection_cpp/tier4_perception_msgs/msg/detail/feature__type_support.cpp.o[0m
[19.431s] [ 21%] [32mBuilding CXX object CMakeFiles/tier4_perception_msgs__rosidl_typesupport_introspection_cpp.dir/rosidl_typesupport_introspection_cpp/tier4_perception_msgs/msg/detail/dynamic_object_array__type_support.cpp.o[0m
[20.139s] [ 22%] [32mBuilding CXX object CMakeFiles/tier4_perception_msgs__rosidl_typesupport_introspection_cpp.dir/rosidl_typesupport_introspection_cpp/tier4_perception_msgs/msg/detail/dynamic_object__type_support.cpp.o[0m
[20.676s] [ 23%] [32mBuilding CXX object CMakeFiles/tier4_perception_msgs__rosidl_typesupport_introspection_cpp.dir/rosidl_typesupport_introspection_cpp/tier4_perception_msgs/msg/detail/detected_objects_with_feature__type_support.cpp.o[0m
[21.384s] [ 24%] [32m[1mLinking CXX shared library libtier4_perception_msgs__rosidl_typesupport_introspection_cpp.so[0m
[21.563s] [ 24%] Built target tier4_perception_msgs__rosidl_typesupport_introspection_cpp
[21.583s] [ 26%] [34m[1mGenerating C type support dispatch for ROS interfaces[0m
[21.583s] [ 26%] [34m[1mGenerating C introspection for ROS interfaces[0m
[22.303s] [35m[1mScanning dependencies of target tier4_perception_msgs__rosidl_typesupport_c[0m
[22.348s] [ 27%] [32mBuilding CXX object CMakeFiles/tier4_perception_msgs__rosidl_typesupport_c.dir/rosidl_typesupport_c/tier4_perception_msgs/msg/detected_objects_with_feature__type_support.cpp.o[0m
[22.355s] [ 28%] [32mBuilding CXX object CMakeFiles/tier4_perception_msgs__rosidl_typesupport_c.dir/rosidl_typesupport_c/tier4_perception_msgs/msg/detected_object_with_feature__type_support.cpp.o[0m
[22.423s] [ 29%] [32mBuilding CXX object CMakeFiles/tier4_perception_msgs__rosidl_typesupport_c.dir/rosidl_typesupport_c/tier4_perception_msgs/msg/state__type_support.cpp.o[0m
[22.487s] [ 30%] [32mBuilding CXX object CMakeFiles/tier4_perception_msgs__rosidl_typesupport_c.dir/rosidl_typesupport_c/tier4_perception_msgs/msg/shape__type_support.cpp.o[0m
[22.534s] [ 31%] [32mBuilding CXX object CMakeFiles/tier4_perception_msgs__rosidl_typesupport_c.dir/rosidl_typesupport_c/tier4_perception_msgs/msg/semantic__type_support.cpp.o[0m
[22.577s] [ 32%] [32mBuilding CXX object CMakeFiles/tier4_perception_msgs__rosidl_typesupport_c.dir/rosidl_typesupport_c/tier4_perception_msgs/msg/predicted_path__type_support.cpp.o[0m
[22.613s] [ 33%] [32mBuilding CXX object CMakeFiles/tier4_perception_msgs__rosidl_typesupport_c.dir/rosidl_typesupport_c/tier4_perception_msgs/msg/feature__type_support.cpp.o[0m
[22.640s] [35m[1mScanning dependencies of target tier4_perception_msgs__rosidl_typesupport_introspection_c[0m
[22.649s] [ 34%] [32mBuilding CXX object CMakeFiles/tier4_perception_msgs__rosidl_typesupport_c.dir/rosidl_typesupport_c/tier4_perception_msgs/msg/dynamic_object_array__type_support.cpp.o[0m
[22.678s] [ 35%] [32mBuilding CXX object CMakeFiles/tier4_perception_msgs__rosidl_typesupport_c.dir/rosidl_typesupport_c/tier4_perception_msgs/msg/dynamic_object__type_support.cpp.o[0m
[22.706s] [ 36%] [32mBuilding C object CMakeFiles/tier4_perception_msgs__rosidl_typesupport_introspection_c.dir/rosidl_typesupport_introspection_c/tier4_perception_msgs/msg/detail/detected_object_with_feature__type_support.c.o[0m
[22.719s] [ 37%] [32mBuilding C object CMakeFiles/tier4_perception_msgs__rosidl_typesupport_introspection_c.dir/rosidl_typesupport_introspection_c/tier4_perception_msgs/msg/detail/detected_objects_with_feature__type_support.c.o[0m
[22.745s] [ 38%] [32m[1mLinking CXX shared library libtier4_perception_msgs__rosidl_typesupport_c.so[0m
[22.800s] [ 40%] [32mBuilding C object CMakeFiles/tier4_perception_msgs__rosidl_typesupport_introspection_c.dir/rosidl_typesupport_introspection_c/tier4_perception_msgs/msg/detail/state__type_support.c.o[0m
[22.826s] [ 41%] [32mBuilding C object CMakeFiles/tier4_perception_msgs__rosidl_typesupport_introspection_c.dir/rosidl_typesupport_introspection_c/tier4_perception_msgs/msg/detail/shape__type_support.c.o[0m
[22.846s] [ 41%] Built target tier4_perception_msgs__rosidl_typesupport_c
[22.883s] [ 42%] [34m[1mGenerating C++ type support dispatch for ROS interfaces[0m
[22.896s] [ 43%] [32mBuilding C object CMakeFiles/tier4_perception_msgs__rosidl_typesupport_introspection_c.dir/rosidl_typesupport_introspection_c/tier4_perception_msgs/msg/detail/predicted_path__type_support.c.o[0m
[22.896s] [ 44%] [32mBuilding C object CMakeFiles/tier4_perception_msgs__rosidl_typesupport_introspection_c.dir/rosidl_typesupport_introspection_c/tier4_perception_msgs/msg/detail/semantic__type_support.c.o[0m
[22.962s] [ 45%] [32mBuilding C object CMakeFiles/tier4_perception_msgs__rosidl_typesupport_introspection_c.dir/rosidl_typesupport_introspection_c/tier4_perception_msgs/msg/detail/feature__type_support.c.o[0m
[22.977s] [ 46%] [32mBuilding C object CMakeFiles/tier4_perception_msgs__rosidl_typesupport_introspection_c.dir/rosidl_typesupport_introspection_c/tier4_perception_msgs/msg/detail/dynamic_object_array__type_support.c.o[0m
[23.046s] [ 47%] [32mBuilding C object CMakeFiles/tier4_perception_msgs__rosidl_typesupport_introspection_c.dir/rosidl_typesupport_introspection_c/tier4_perception_msgs/msg/detail/dynamic_object__type_support.c.o[0m
[23.117s] [ 48%] [32m[1mLinking C shared library libtier4_perception_msgs__rosidl_typesupport_introspection_c.so[0m
[23.202s] [ 48%] Built target tier4_perception_msgs__rosidl_typesupport_introspection_c
[23.225s] [ 49%] [34m[1mGenerating C++ type support for eProsima Fast-RTPS[0m
[23.677s] [35m[1mScanning dependencies of target tier4_perception_msgs__rosidl_typesupport_cpp[0m
[23.713s] [ 50%] [32mBuilding CXX object CMakeFiles/tier4_perception_msgs__rosidl_typesupport_cpp.dir/rosidl_typesupport_cpp/tier4_perception_msgs/msg/detected_object_with_feature__type_support.cpp.o[0m
[23.723s] [ 51%] [32mBuilding CXX object CMakeFiles/tier4_perception_msgs__rosidl_typesupport_cpp.dir/rosidl_typesupport_cpp/tier4_perception_msgs/msg/detected_objects_with_feature__type_support.cpp.o[0m
[24.216s] [ 52%] [32mBuilding CXX object CMakeFiles/tier4_perception_msgs__rosidl_typesupport_cpp.dir/rosidl_typesupport_cpp/tier4_perception_msgs/msg/state__type_support.cpp.o[0m
[24.295s] [ 53%] [32mBuilding CXX object CMakeFiles/tier4_perception_msgs__rosidl_typesupport_cpp.dir/rosidl_typesupport_cpp/tier4_perception_msgs/msg/shape__type_support.cpp.o[0m
[24.396s] [35m[1mScanning dependencies of target tier4_perception_msgs__rosidl_typesupport_fastrtps_cpp[0m
[24.449s] [ 54%] [32mBuilding CXX object CMakeFiles/tier4_perception_msgs__rosidl_typesupport_fastrtps_cpp.dir/rosidl_typesupport_fastrtps_cpp/tier4_perception_msgs/msg/detail/dds_fastrtps/detected_object_with_feature__type_support.cpp.o[0m
[24.474s] [ 55%] [32mBuilding CXX object CMakeFiles/tier4_perception_msgs__rosidl_typesupport_fastrtps_cpp.dir/rosidl_typesupport_fastrtps_cpp/tier4_perception_msgs/msg/detail/dds_fastrtps/detected_objects_with_feature__type_support.cpp.o[0m
[24.700s] [ 56%] [32mBuilding CXX object CMakeFiles/tier4_perception_msgs__rosidl_typesupport_cpp.dir/rosidl_typesupport_cpp/tier4_perception_msgs/msg/semantic__type_support.cpp.o[0m
[24.796s] [ 57%] [32mBuilding CXX object CMakeFiles/tier4_perception_msgs__rosidl_typesupport_cpp.dir/rosidl_typesupport_cpp/tier4_perception_msgs/msg/predicted_path__type_support.cpp.o[0m
[25.184s] [ 58%] [32mBuilding CXX object CMakeFiles/tier4_perception_msgs__rosidl_typesupport_cpp.dir/rosidl_typesupport_cpp/tier4_perception_msgs/msg/feature__type_support.cpp.o[0m
[25.191s] [ 60%] [32mBuilding CXX object CMakeFiles/tier4_perception_msgs__rosidl_typesupport_fastrtps_cpp.dir/rosidl_typesupport_fastrtps_cpp/tier4_perception_msgs/msg/detail/dds_fastrtps/state__type_support.cpp.o[0m
[25.292s] [ 61%] [32mBuilding CXX object CMakeFiles/tier4_perception_msgs__rosidl_typesupport_cpp.dir/rosidl_typesupport_cpp/tier4_perception_msgs/msg/dynamic_object_array__type_support.cpp.o[0m
[25.532s] [ 62%] [32mBuilding CXX object CMakeFiles/tier4_perception_msgs__rosidl_typesupport_fastrtps_cpp.dir/rosidl_typesupport_fastrtps_cpp/tier4_perception_msgs/msg/detail/dds_fastrtps/shape__type_support.cpp.o[0m
[25.610s] [ 63%] [32mBuilding CXX object CMakeFiles/tier4_perception_msgs__rosidl_typesupport_cpp.dir/rosidl_typesupport_cpp/tier4_perception_msgs/msg/dynamic_object__type_support.cpp.o[0m
[25.917s] [ 64%] [32mBuilding CXX object CMakeFiles/tier4_perception_msgs__rosidl_typesupport_fastrtps_cpp.dir/rosidl_typesupport_fastrtps_cpp/tier4_perception_msgs/msg/detail/dds_fastrtps/semantic__type_support.cpp.o[0m
[26.119s] [ 65%] [32m[1mLinking CXX shared library libtier4_perception_msgs__rosidl_typesupport_cpp.so[0m
[26.190s] [ 65%] Built target tier4_perception_msgs__rosidl_typesupport_cpp
[26.225s] [ 66%] [32mBuilding CXX object CMakeFiles/tier4_perception_msgs__rosidl_typesupport_fastrtps_cpp.dir/rosidl_typesupport_fastrtps_cpp/tier4_perception_msgs/msg/detail/dds_fastrtps/predicted_path__type_support.cpp.o[0m
[26.684s] [ 67%] [32mBuilding CXX object CMakeFiles/tier4_perception_msgs__rosidl_typesupport_fastrtps_cpp.dir/rosidl_typesupport_fastrtps_cpp/tier4_perception_msgs/msg/detail/dds_fastrtps/feature__type_support.cpp.o[0m
[26.992s] [ 68%] [32mBuilding CXX object CMakeFiles/tier4_perception_msgs__rosidl_typesupport_fastrtps_cpp.dir/rosidl_typesupport_fastrtps_cpp/tier4_perception_msgs/msg/detail/dds_fastrtps/dynamic_object_array__type_support.cpp.o[0m
[27.247s] [ 69%] [32mBuilding CXX object CMakeFiles/tier4_perception_msgs__rosidl_typesupport_fastrtps_cpp.dir/rosidl_typesupport_fastrtps_cpp/tier4_perception_msgs/msg/detail/dds_fastrtps/dynamic_object__type_support.cpp.o[0m
[27.947s] [ 70%] [32m[1mLinking CXX shared library libtier4_perception_msgs__rosidl_typesupport_fastrtps_cpp.so[0m
[28.142s] [ 70%] Built target tier4_perception_msgs__rosidl_typesupport_fastrtps_cpp
[28.155s] [ 71%] [34m[1mGenerating C type support for eProsima Fast-RTPS[0m
[29.631s] [35m[1mScanning dependencies of target tier4_perception_msgs__rosidl_typesupport_fastrtps_c[0m
[29.717s] [ 72%] [32mBuilding CXX object CMakeFiles/tier4_perception_msgs__rosidl_typesupport_fastrtps_c.dir/rosidl_typesupport_fastrtps_c/tier4_perception_msgs/msg/detail/detected_object_with_feature__type_support_c.cpp.o[0m
[29.756s] [ 73%] [32mBuilding CXX object CMakeFiles/tier4_perception_msgs__rosidl_typesupport_fastrtps_c.dir/rosidl_typesupport_fastrtps_c/tier4_perception_msgs/msg/detail/detected_objects_with_feature__type_support_c.cpp.o[0m
[29.776s] [ 74%] [32mBuilding CXX object CMakeFiles/tier4_perception_msgs__rosidl_typesupport_fastrtps_c.dir/rosidl_typesupport_fastrtps_c/tier4_perception_msgs/msg/detail/dynamic_object__type_support_c.cpp.o[0m
[30.460s] [ 75%] [32mBuilding CXX object CMakeFiles/tier4_perception_msgs__rosidl_typesupport_fastrtps_c.dir/rosidl_typesupport_fastrtps_c/tier4_perception_msgs/msg/detail/shape__type_support_c.cpp.o[0m
[30.464s] [ 76%] [32mBuilding CXX object CMakeFiles/tier4_perception_msgs__rosidl_typesupport_fastrtps_c.dir/rosidl_typesupport_fastrtps_c/tier4_perception_msgs/msg/detail/state__type_support_c.cpp.o[0m
[30.564s] [ 77%] [32mBuilding CXX object CMakeFiles/tier4_perception_msgs__rosidl_typesupport_fastrtps_c.dir/rosidl_typesupport_fastrtps_c/tier4_perception_msgs/msg/detail/semantic__type_support_c.cpp.o[0m
[30.715s] [ 78%] [32mBuilding CXX object CMakeFiles/tier4_perception_msgs__rosidl_typesupport_fastrtps_c.dir/rosidl_typesupport_fastrtps_c/tier4_perception_msgs/msg/detail/predicted_path__type_support_c.cpp.o[0m
[31.366s] [ 80%] [32mBuilding CXX object CMakeFiles/tier4_perception_msgs__rosidl_typesupport_fastrtps_c.dir/rosidl_typesupport_fastrtps_c/tier4_perception_msgs/msg/detail/feature__type_support_c.cpp.o[0m
[31.529s] [ 81%] [32mBuilding CXX object CMakeFiles/tier4_perception_msgs__rosidl_typesupport_fastrtps_c.dir/rosidl_typesupport_fastrtps_c/tier4_perception_msgs/msg/detail/dynamic_object_array__type_support_c.cpp.o[0m
[32.615s] [ 82%] [32m[1mLinking CXX shared library libtier4_perception_msgs__rosidl_typesupport_fastrtps_c.so[0m
[33.115s] [ 82%] Built target tier4_perception_msgs__rosidl_typesupport_fastrtps_c
[33.191s] [35m[1mScanning dependencies of target tier4_perception_msgs[0m
[33.292s] [ 82%] Built target tier4_perception_msgs
[33.382s] [35m[1mScanning dependencies of target tier4_perception_msgs__py[0m
[33.467s] [ 83%] [34m[1mGenerating Python code for ROS interfaces[0m
[36.506s] [ 83%] Built target tier4_perception_msgs__py
[36.534s] [35m[1mScanning dependencies of target tier4_perception_msgs__python[0m
[36.609s] [ 84%] [32mBuilding C object CMakeFiles/tier4_perception_msgs__python.dir/rosidl_generator_py/tier4_perception_msgs/msg/_detected_object_with_feature_s.c.o[0m
[36.825s] [ 85%] [32mBuilding C object CMakeFiles/tier4_perception_msgs__python.dir/rosidl_generator_py/tier4_perception_msgs/msg/_state_s.c.o[0m
[37.124s] [ 86%] [32mBuilding C object CMakeFiles/tier4_perception_msgs__python.dir/rosidl_generator_py/tier4_perception_msgs/msg/_shape_s.c.o[0m
[37.349s] [ 87%] [32mBuilding C object CMakeFiles/tier4_perception_msgs__python.dir/rosidl_generator_py/tier4_perception_msgs/msg/_semantic_s.c.o[0m
[37.541s] [ 88%] [32mBuilding C object CMakeFiles/tier4_perception_msgs__python.dir/rosidl_generator_py/tier4_perception_msgs/msg/_predicted_path_s.c.o[0m
[37.801s] [ 89%] [32mBuilding C object CMakeFiles/tier4_perception_msgs__python.dir/rosidl_generator_py/tier4_perception_msgs/msg/_feature_s.c.o[0m
[38.023s] [ 90%] [32mBuilding C object CMakeFiles/tier4_perception_msgs__python.dir/rosidl_generator_py/tier4_perception_msgs/msg/_dynamic_object_array_s.c.o[0m
[38.257s] [ 91%] [32mBuilding C object CMakeFiles/tier4_perception_msgs__python.dir/rosidl_generator_py/tier4_perception_msgs/msg/_dynamic_object_s.c.o[0m
[38.407s] [ 92%] [32mBuilding C object CMakeFiles/tier4_perception_msgs__python.dir/rosidl_generator_py/tier4_perception_msgs/msg/_detected_objects_with_feature_s.c.o[0m
[38.608s] [ 93%] [32m[1mLinking C shared library rosidl_generator_py/tier4_perception_msgs/libtier4_perception_msgs__python.so[0m
[38.692s] [ 93%] Built target tier4_perception_msgs__python
[38.707s] [35m[1mScanning dependencies of target tier4_perception_msgs__rosidl_typesupport_c__pyext[0m
[38.733s] [ 94%] [32mBuilding C object CMakeFiles/tier4_perception_msgs__rosidl_typesupport_c__pyext.dir/rosidl_generator_py/tier4_perception_msgs/_tier4_perception_msgs_s.ep.rosidl_typesupport_c.c.o[0m
[38.973s] [ 95%] [32m[1mLinking C shared library rosidl_generator_py/tier4_perception_msgs/tier4_perception_msgs_s__rosidl_typesupport_c.cpython-38-x86_64-linux-gnu.so[0m
[39.038s] [ 95%] Built target tier4_perception_msgs__rosidl_typesupport_c__pyext
[39.055s] [35m[1mScanning dependencies of target tier4_perception_msgs__rosidl_typesupport_fastrtps_c__pyext[0m
[39.092s] [ 96%] [32mBuilding C object CMakeFiles/tier4_perception_msgs__rosidl_typesupport_fastrtps_c__pyext.dir/rosidl_generator_py/tier4_perception_msgs/_tier4_perception_msgs_s.ep.rosidl_typesupport_fastrtps_c.c.o[0m
[39.452s] [ 97%] [32m[1mLinking CXX shared library rosidl_generator_py/tier4_perception_msgs/tier4_perception_msgs_s__rosidl_typesupport_fastrtps_c.cpython-38-x86_64-linux-gnu.so[0m
[39.596s] [ 97%] Built target tier4_perception_msgs__rosidl_typesupport_fastrtps_c__pyext
[39.616s] [35m[1mScanning dependencies of target tier4_perception_msgs__rosidl_typesupport_introspection_c__pyext[0m
[39.656s] [ 98%] [32mBuilding C object CMakeFiles/tier4_perception_msgs__rosidl_typesupport_introspection_c__pyext.dir/rosidl_generator_py/tier4_perception_msgs/_tier4_perception_msgs_s.ep.rosidl_typesupport_introspection_c.c.o[0m
[39.988s] [100%] [32m[1mLinking C shared library rosidl_generator_py/tier4_perception_msgs/tier4_perception_msgs_s__rosidl_typesupport_introspection_c.cpython-38-x86_64-linux-gnu.so[0m
[40.070s] [100%] Built target tier4_perception_msgs__rosidl_typesupport_introspection_c__pyext
[40.106s] Invoked command in '/home/cityu/autoware/build/tier4_perception_msgs' returned '0': AMENT_PREFIX_PATH=/home/cityu/autoware/install/autoware_auto_perception_msgs:/home/cityu/autoware/install/autoware_auto_geometry_msgs:${AMENT_PREFIX_PATH} CMAKE_PREFIX_PATH=/home/cityu/autoware/install/autoware_auto_perception_msgs:/home/cityu/autoware/install/autoware_auto_geometry_msgs:/opt/ros/galactic LD_LIBRARY_PATH=/home/cityu/autoware/install/autoware_auto_perception_msgs/lib:/home/cityu/autoware/install/autoware_auto_geometry_msgs/lib:${LD_LIBRARY_PATH} PYTHONPATH=/home/cityu/autoware/install/autoware_auto_perception_msgs/lib/python3.8/site-packages:/home/cityu/autoware/install/autoware_auto_geometry_msgs/lib/python3.8/site-packages:${PYTHONPATH} /usr/bin/cmake --build /home/cityu/autoware/build/tier4_perception_msgs -- -j16 -l16
[40.300s] Invoking command in '/home/cityu/autoware/build/tier4_perception_msgs': AMENT_PREFIX_PATH=/home/cityu/autoware/install/autoware_auto_perception_msgs:/home/cityu/autoware/install/autoware_auto_geometry_msgs:${AMENT_PREFIX_PATH} CMAKE_PREFIX_PATH=/home/cityu/autoware/install/autoware_auto_perception_msgs:/home/cityu/autoware/install/autoware_auto_geometry_msgs:/opt/ros/galactic LD_LIBRARY_PATH=/home/cityu/autoware/install/autoware_auto_perception_msgs/lib:/home/cityu/autoware/install/autoware_auto_geometry_msgs/lib:${LD_LIBRARY_PATH} PYTHONPATH=/home/cityu/autoware/install/autoware_auto_perception_msgs/lib/python3.8/site-packages:/home/cityu/autoware/install/autoware_auto_geometry_msgs/lib/python3.8/site-packages:${PYTHONPATH} /usr/bin/cmake --install /home/cityu/autoware/build/tier4_perception_msgs
[44.035s] -- Install configuration: "Release"
[44.035s] -- Execute custom install script
[44.035s] -- Symlinking: /home/cityu/autoware/install/tier4_perception_msgs/share/ament_index/resource_index/rosidl_interfaces/tier4_perception_msgs
[44.035s] -- Symlinking: /home/cityu/autoware/install/tier4_perception_msgs/include/tier4_perception_msgs/msg/detail/detected_object_with_feature__functions.h
[44.035s] -- Symlinking: /home/cityu/autoware/install/tier4_perception_msgs/include/tier4_perception_msgs/msg/detail/detected_object_with_feature__struct.h
[44.035s] -- Symlinking: /home/cityu/autoware/install/tier4_perception_msgs/include/tier4_perception_msgs/msg/detail/detected_object_with_feature__type_support.h
[44.036s] -- Symlinking: /home/cityu/autoware/install/tier4_perception_msgs/include/tier4_perception_msgs/msg/detail/detected_objects_with_feature__functions.h
[44.036s] -- Symlinking: /home/cityu/autoware/install/tier4_perception_msgs/include/tier4_perception_msgs/msg/detail/detected_objects_with_feature__struct.h
[44.036s] -- Symlinking: /home/cityu/autoware/install/tier4_perception_msgs/include/tier4_perception_msgs/msg/detail/detected_objects_with_feature__type_support.h
[44.037s] -- Symlinking: /home/cityu/autoware/install/tier4_perception_msgs/include/tier4_perception_msgs/msg/detail/dynamic_object__functions.h
[44.037s] -- Symlinking: /home/cityu/autoware/install/tier4_perception_msgs/include/tier4_perception_msgs/msg/detail/dynamic_object__struct.h
[44.037s] -- Symlinking: /home/cityu/autoware/install/tier4_perception_msgs/include/tier4_perception_msgs/msg/detail/dynamic_object__type_support.h
[44.038s] -- Symlinking: /home/cityu/autoware/install/tier4_perception_msgs/include/tier4_perception_msgs/msg/detail/dynamic_object_array__functions.h
[44.038s] -- Symlinking: /home/cityu/autoware/install/tier4_perception_msgs/include/tier4_perception_msgs/msg/detail/dynamic_object_array__struct.h
[44.038s] -- Symlinking: /home/cityu/autoware/install/tier4_perception_msgs/include/tier4_perception_msgs/msg/detail/dynamic_object_array__type_support.h
[44.038s] -- Symlinking: /home/cityu/autoware/install/tier4_perception_msgs/include/tier4_perception_msgs/msg/detail/feature__functions.h
[44.038s] -- Symlinking: /home/cityu/autoware/install/tier4_perception_msgs/include/tier4_perception_msgs/msg/detail/feature__struct.h
[44.038s] -- Symlinking: /home/cityu/autoware/install/tier4_perception_msgs/include/tier4_perception_msgs/msg/detail/feature__type_support.h
[44.045s] -- Symlinking: /home/cityu/autoware/install/tier4_perception_msgs/include/tier4_perception_msgs/msg/detail/predicted_path__functions.h
[44.045s] -- Symlinking: /home/cityu/autoware/install/tier4_perception_msgs/include/tier4_perception_msgs/msg/detail/predicted_path__struct.h
[44.046s] -- Symlinking: /home/cityu/autoware/install/tier4_perception_msgs/include/tier4_perception_msgs/msg/detail/predicted_path__type_support.h
[44.046s] -- Symlinking: /home/cityu/autoware/install/tier4_perception_msgs/include/tier4_perception_msgs/msg/detail/semantic__functions.h
[44.047s] -- Symlinking: /home/cityu/autoware/install/tier4_perception_msgs/include/tier4_perception_msgs/msg/detail/semantic__struct.h
[44.047s] -- Symlinking: /home/cityu/autoware/install/tier4_perception_msgs/include/tier4_perception_msgs/msg/detail/semantic__type_support.h
[44.047s] -- Symlinking: /home/cityu/autoware/install/tier4_perception_msgs/include/tier4_perception_msgs/msg/detail/shape__functions.h
[44.048s] -- Symlinking: /home/cityu/autoware/install/tier4_perception_msgs/include/tier4_perception_msgs/msg/detail/shape__struct.h
[44.048s] -- Symlinking: /home/cityu/autoware/install/tier4_perception_msgs/include/tier4_perception_msgs/msg/detail/shape__type_support.h
[44.048s] -- Symlinking: /home/cityu/autoware/install/tier4_perception_msgs/include/tier4_perception_msgs/msg/detail/state__functions.h
[44.048s] -- Symlinking: /home/cityu/autoware/install/tier4_perception_msgs/include/tier4_perception_msgs/msg/detail/state__struct.h
[44.049s] -- Symlinking: /home/cityu/autoware/install/tier4_perception_msgs/include/tier4_perception_msgs/msg/detail/state__type_support.h
[44.049s] -- Symlinking: /home/cityu/autoware/install/tier4_perception_msgs/include/tier4_perception_msgs/msg/detected_object_with_feature.h
[44.050s] -- Symlinking: /home/cityu/autoware/install/tier4_perception_msgs/include/tier4_perception_msgs/msg/detected_objects_with_feature.h
[44.050s] -- Symlinking: /home/cityu/autoware/install/tier4_perception_msgs/include/tier4_perception_msgs/msg/dynamic_object.h
[44.050s] -- Symlinking: /home/cityu/autoware/install/tier4_perception_msgs/include/tier4_perception_msgs/msg/dynamic_object_array.h
[44.050s] -- Symlinking: /home/cityu/autoware/install/tier4_perception_msgs/include/tier4_perception_msgs/msg/feature.h
[44.050s] -- Symlinking: /home/cityu/autoware/install/tier4_perception_msgs/include/tier4_perception_msgs/msg/predicted_path.h
[44.051s] -- Symlinking: /home/cityu/autoware/install/tier4_perception_msgs/include/tier4_perception_msgs/msg/rosidl_generator_c__visibility_control.h
[44.051s] -- Symlinking: /home/cityu/autoware/install/tier4_perception_msgs/include/tier4_perception_msgs/msg/semantic.h
[44.051s] -- Symlinking: /home/cityu/autoware/install/tier4_perception_msgs/include/tier4_perception_msgs/msg/shape.h
[44.051s] -- Symlinking: /home/cityu/autoware/install/tier4_perception_msgs/include/tier4_perception_msgs/msg/state.h
[44.051s] -- Symlinking: /home/cityu/autoware/install/tier4_perception_msgs/share/tier4_perception_msgs/environment/library_path.sh
[44.051s] -- Symlinking: /home/cityu/autoware/install/tier4_perception_msgs/share/tier4_perception_msgs/environment/library_path.dsv
[44.052s] -- Symlinking: /home/cityu/autoware/install/tier4_perception_msgs/include/tier4_perception_msgs/msg/detail/detected_object_with_feature__rosidl_typesupport_fastrtps_c.h
[44.052s] -- Symlinking: /home/cityu/autoware/install/tier4_perception_msgs/include/tier4_perception_msgs/msg/detail/detected_objects_with_feature__rosidl_typesupport_fastrtps_c.h
[44.052s] -- Symlinking: /home/cityu/autoware/install/tier4_perception_msgs/include/tier4_perception_msgs/msg/detail/dynamic_object__rosidl_typesupport_fastrtps_c.h
[44.052s] -- Symlinking: /home/cityu/autoware/install/tier4_perception_msgs/include/tier4_perception_msgs/msg/detail/dynamic_object_array__rosidl_typesupport_fastrtps_c.h
[44.052s] -- Symlinking: /home/cityu/autoware/install/tier4_perception_msgs/include/tier4_perception_msgs/msg/detail/feature__rosidl_typesupport_fastrtps_c.h
[44.052s] -- Symlinking: /home/cityu/autoware/install/tier4_perception_msgs/include/tier4_perception_msgs/msg/detail/predicted_path__rosidl_typesupport_fastrtps_c.h
[44.053s] -- Symlinking: /home/cityu/autoware/install/tier4_perception_msgs/include/tier4_perception_msgs/msg/detail/semantic__rosidl_typesupport_fastrtps_c.h
[44.053s] -- Symlinking: /home/cityu/autoware/install/tier4_perception_msgs/include/tier4_perception_msgs/msg/detail/shape__rosidl_typesupport_fastrtps_c.h
[44.053s] -- Symlinking: /home/cityu/autoware/install/tier4_perception_msgs/include/tier4_perception_msgs/msg/detail/state__rosidl_typesupport_fastrtps_c.h
[44.054s] -- Symlinking: /home/cityu/autoware/install/tier4_perception_msgs/include/tier4_perception_msgs/msg/rosidl_typesupport_fastrtps_c__visibility_control.h
[44.054s] -- Symlinking: /home/cityu/autoware/install/tier4_perception_msgs/lib/libtier4_perception_msgs__rosidl_typesupport_fastrtps_c.so
[44.054s] -- Symlinking: /home/cityu/autoware/install/tier4_perception_msgs/include/tier4_perception_msgs/msg/detail/detected_object_with_feature__rosidl_typesupport_fastrtps_cpp.hpp
[44.054s] -- Symlinking: /home/cityu/autoware/install/tier4_perception_msgs/include/tier4_perception_msgs/msg/detail/detected_objects_with_feature__rosidl_typesupport_fastrtps_cpp.hpp
[44.054s] -- Symlinking: /home/cityu/autoware/install/tier4_perception_msgs/include/tier4_perception_msgs/msg/detail/dynamic_object__rosidl_typesupport_fastrtps_cpp.hpp
[44.059s] -- Symlinking: /home/cityu/autoware/install/tier4_perception_msgs/include/tier4_perception_msgs/msg/detail/dynamic_object_array__rosidl_typesupport_fastrtps_cpp.hpp
[44.060s] -- Symlinking: /home/cityu/autoware/install/tier4_perception_msgs/include/tier4_perception_msgs/msg/detail/feature__rosidl_typesupport_fastrtps_cpp.hpp
[44.060s] -- Symlinking: /home/cityu/autoware/install/tier4_perception_msgs/include/tier4_perception_msgs/msg/detail/predicted_path__rosidl_typesupport_fastrtps_cpp.hpp
[44.060s] -- Symlinking: /home/cityu/autoware/install/tier4_perception_msgs/include/tier4_perception_msgs/msg/detail/semantic__rosidl_typesupport_fastrtps_cpp.hpp
[44.060s] -- Symlinking: /home/cityu/autoware/install/tier4_perception_msgs/include/tier4_perception_msgs/msg/detail/shape__rosidl_typesupport_fastrtps_cpp.hpp
[44.060s] -- Symlinking: /home/cityu/autoware/install/tier4_perception_msgs/include/tier4_perception_msgs/msg/detail/state__rosidl_typesupport_fastrtps_cpp.hpp
[44.060s] -- Symlinking: /home/cityu/autoware/install/tier4_perception_msgs/include/tier4_perception_msgs/msg/rosidl_typesupport_fastrtps_cpp__visibility_control.h
[44.060s] -- Symlinking: /home/cityu/autoware/install/tier4_perception_msgs/lib/libtier4_perception_msgs__rosidl_typesupport_fastrtps_cpp.so
[44.060s] -- Symlinking: /home/cityu/autoware/install/tier4_perception_msgs/include/tier4_perception_msgs/msg/detail/detected_object_with_feature__rosidl_typesupport_introspection_c.h
[44.061s] -- Symlinking: /home/cityu/autoware/install/tier4_perception_msgs/include/tier4_perception_msgs/msg/detail/detected_objects_with_feature__rosidl_typesupport_introspection_c.h
[44.061s] -- Symlinking: /home/cityu/autoware/install/tier4_perception_msgs/include/tier4_perception_msgs/msg/detail/dynamic_object__rosidl_typesupport_introspection_c.h
[44.061s] -- Symlinking: /home/cityu/autoware/install/tier4_perception_msgs/include/tier4_perception_msgs/msg/detail/dynamic_object_array__rosidl_typesupport_introspection_c.h
[44.061s] -- Symlinking: /home/cityu/autoware/install/tier4_perception_msgs/include/tier4_perception_msgs/msg/detail/feature__rosidl_typesupport_introspection_c.h
[44.061s] -- Symlinking: /home/cityu/autoware/install/tier4_perception_msgs/include/tier4_perception_msgs/msg/detail/predicted_path__rosidl_typesupport_introspection_c.h
[44.061s] -- Symlinking: /home/cityu/autoware/install/tier4_perception_msgs/include/tier4_perception_msgs/msg/detail/semantic__rosidl_typesupport_introspection_c.h
[44.061s] -- Symlinking: /home/cityu/autoware/install/tier4_perception_msgs/include/tier4_perception_msgs/msg/detail/shape__rosidl_typesupport_introspection_c.h
[44.061s] -- Symlinking: /home/cityu/autoware/install/tier4_perception_msgs/include/tier4_perception_msgs/msg/detail/state__rosidl_typesupport_introspection_c.h
[44.061s] -- Symlinking: /home/cityu/autoware/install/tier4_perception_msgs/include/tier4_perception_msgs/msg/rosidl_typesupport_introspection_c__visibility_control.h
[44.062s] -- Symlinking: /home/cityu/autoware/install/tier4_perception_msgs/include/tier4_perception_msgs/msg/detail/detected_object_with_feature__builder.hpp
[44.062s] -- Symlinking: /home/cityu/autoware/install/tier4_perception_msgs/include/tier4_perception_msgs/msg/detail/detected_object_with_feature__struct.hpp
[44.062s] -- Symlinking: /home/cityu/autoware/install/tier4_perception_msgs/include/tier4_perception_msgs/msg/detail/detected_object_with_feature__traits.hpp
[44.062s] -- Symlinking: /home/cityu/autoware/install/tier4_perception_msgs/include/tier4_perception_msgs/msg/detail/detected_objects_with_feature__builder.hpp
[44.062s] -- Symlinking: /home/cityu/autoware/install/tier4_perception_msgs/include/tier4_perception_msgs/msg/detail/detected_objects_with_feature__struct.hpp
[44.062s] -- Symlinking: /home/cityu/autoware/install/tier4_perception_msgs/include/tier4_perception_msgs/msg/detail/detected_objects_with_feature__traits.hpp
[44.063s] -- Symlinking: /home/cityu/autoware/install/tier4_perception_msgs/include/tier4_perception_msgs/msg/detail/dynamic_object__builder.hpp
[44.063s] -- Symlinking: /home/cityu/autoware/install/tier4_perception_msgs/include/tier4_perception_msgs/msg/detail/dynamic_object__struct.hpp
[44.063s] -- Symlinking: /home/cityu/autoware/install/tier4_perception_msgs/include/tier4_perception_msgs/msg/detail/dynamic_object__traits.hpp
[44.064s] -- Symlinking: /home/cityu/autoware/install/tier4_perception_msgs/include/tier4_perception_msgs/msg/detail/dynamic_object_array__builder.hpp
[44.064s] -- Symlinking: /home/cityu/autoware/install/tier4_perception_msgs/include/tier4_perception_msgs/msg/detail/dynamic_object_array__struct.hpp
[44.064s] -- Symlinking: /home/cityu/autoware/install/tier4_perception_msgs/include/tier4_perception_msgs/msg/detail/dynamic_object_array__traits.hpp
[44.064s] -- Symlinking: /home/cityu/autoware/install/tier4_perception_msgs/include/tier4_perception_msgs/msg/detail/feature__builder.hpp
[44.071s] -- Symlinking: /home/cityu/autoware/install/tier4_perception_msgs/include/tier4_perception_msgs/msg/detail/feature__struct.hpp
[44.072s] -- Symlinking: /home/cityu/autoware/install/tier4_perception_msgs/include/tier4_perception_msgs/msg/detail/feature__traits.hpp
[44.072s] -- Symlinking: /home/cityu/autoware/install/tier4_perception_msgs/include/tier4_perception_msgs/msg/detail/predicted_path__builder.hpp
[44.072s] -- Symlinking: /home/cityu/autoware/install/tier4_perception_msgs/include/tier4_perception_msgs/msg/detail/predicted_path__struct.hpp
[44.072s] -- Symlinking: /home/cityu/autoware/install/tier4_perception_msgs/include/tier4_perception_msgs/msg/detail/predicted_path__traits.hpp
[44.072s] -- Symlinking: /home/cityu/autoware/install/tier4_perception_msgs/include/tier4_perception_msgs/msg/detail/semantic__builder.hpp
[44.073s] -- Symlinking: /home/cityu/autoware/install/tier4_perception_msgs/include/tier4_perception_msgs/msg/detail/semantic__struct.hpp
[44.073s] -- Symlinking: /home/cityu/autoware/install/tier4_perception_msgs/include/tier4_perception_msgs/msg/detail/semantic__traits.hpp
[44.073s] -- Symlinking: /home/cityu/autoware/install/tier4_perception_msgs/include/tier4_perception_msgs/msg/detail/shape__builder.hpp
[44.073s] -- Symlinking: /home/cityu/autoware/install/tier4_perception_msgs/include/tier4_perception_msgs/msg/detail/shape__struct.hpp
[44.073s] -- Symlinking: /home/cityu/autoware/install/tier4_perception_msgs/include/tier4_perception_msgs/msg/detail/shape__traits.hpp
[44.073s] -- Symlinking: /home/cityu/autoware/install/tier4_perception_msgs/include/tier4_perception_msgs/msg/detail/state__builder.hpp
[44.073s] -- Symlinking: /home/cityu/autoware/install/tier4_perception_msgs/include/tier4_perception_msgs/msg/detail/state__struct.hpp
[44.073s] -- Symlinking: /home/cityu/autoware/install/tier4_perception_msgs/include/tier4_perception_msgs/msg/detail/state__traits.hpp
[44.073s] -- Symlinking: /home/cityu/autoware/install/tier4_perception_msgs/include/tier4_perception_msgs/msg/detected_object_with_feature.hpp
[44.074s] -- Symlinking: /home/cityu/autoware/install/tier4_perception_msgs/include/tier4_perception_msgs/msg/detected_objects_with_feature.hpp
[44.074s] -- Symlinking: /home/cityu/autoware/install/tier4_perception_msgs/include/tier4_perception_msgs/msg/dynamic_object.hpp
[44.074s] -- Symlinking: /home/cityu/autoware/install/tier4_perception_msgs/include/tier4_perception_msgs/msg/dynamic_object_array.hpp
[44.074s] -- Symlinking: /home/cityu/autoware/install/tier4_perception_msgs/include/tier4_perception_msgs/msg/feature.hpp
[44.074s] -- Symlinking: /home/cityu/autoware/install/tier4_perception_msgs/include/tier4_perception_msgs/msg/predicted_path.hpp
[44.074s] -- Symlinking: /home/cityu/autoware/install/tier4_perception_msgs/include/tier4_perception_msgs/msg/semantic.hpp
[44.074s] -- Symlinking: /home/cityu/autoware/install/tier4_perception_msgs/include/tier4_perception_msgs/msg/shape.hpp
[44.074s] -- Symlinking: /home/cityu/autoware/install/tier4_perception_msgs/include/tier4_perception_msgs/msg/state.hpp
[44.074s] -- Symlinking: /home/cityu/autoware/install/tier4_perception_msgs/include/tier4_perception_msgs/msg/detail/detected_object_with_feature__rosidl_typesupport_introspection_cpp.hpp
[44.074s] -- Symlinking: /home/cityu/autoware/install/tier4_perception_msgs/include/tier4_perception_msgs/msg/detail/detected_objects_with_feature__rosidl_typesupport_introspection_cpp.hpp
[44.075s] -- Symlinking: /home/cityu/autoware/install/tier4_perception_msgs/include/tier4_perception_msgs/msg/detail/dynamic_object__rosidl_typesupport_introspection_cpp.hpp
[44.075s] -- Symlinking: /home/cityu/autoware/install/tier4_perception_msgs/include/tier4_perception_msgs/msg/detail/dynamic_object_array__rosidl_typesupport_introspection_cpp.hpp
[44.075s] -- Symlinking: /home/cityu/autoware/install/tier4_perception_msgs/include/tier4_perception_msgs/msg/detail/feature__rosidl_typesupport_introspection_cpp.hpp
[44.075s] -- Symlinking: /home/cityu/autoware/install/tier4_perception_msgs/include/tier4_perception_msgs/msg/detail/predicted_path__rosidl_typesupport_introspection_cpp.hpp
[44.075s] -- Symlinking: /home/cityu/autoware/install/tier4_perception_msgs/include/tier4_perception_msgs/msg/detail/semantic__rosidl_typesupport_introspection_cpp.hpp
[44.075s] -- Symlinking: /home/cityu/autoware/install/tier4_perception_msgs/include/tier4_perception_msgs/msg/detail/shape__rosidl_typesupport_introspection_cpp.hpp
[44.075s] -- Symlinking: /home/cityu/autoware/install/tier4_perception_msgs/include/tier4_perception_msgs/msg/detail/state__rosidl_typesupport_introspection_cpp.hpp
[44.075s] -- Symlinking: /home/cityu/autoware/install/tier4_perception_msgs/share/tier4_perception_msgs/environment/pythonpath.sh
[44.075s] -- Symlinking: /home/cityu/autoware/install/tier4_perception_msgs/share/tier4_perception_msgs/environment/pythonpath.dsv
[44.076s] -- Symlinking: /home/cityu/autoware/install/tier4_perception_msgs/lib/python3.8/site-packages/tier4_perception_msgs/__init__.py
[44.076s] -- Symlinking: /home/cityu/autoware/install/tier4_perception_msgs/lib/python3.8/site-packages/tier4_perception_msgs/msg/__init__.py
[44.076s] -- Symlinking: /home/cityu/autoware/install/tier4_perception_msgs/lib/python3.8/site-packages/tier4_perception_msgs/msg/_detected_object_with_feature.py
[44.076s] -- Symlinking: /home/cityu/autoware/install/tier4_perception_msgs/lib/python3.8/site-packages/tier4_perception_msgs/msg/_detected_objects_with_feature.py
[44.076s] -- Symlinking: /home/cityu/autoware/install/tier4_perception_msgs/lib/python3.8/site-packages/tier4_perception_msgs/msg/_dynamic_object.py
[44.076s] -- Symlinking: /home/cityu/autoware/install/tier4_perception_msgs/lib/python3.8/site-packages/tier4_perception_msgs/msg/_dynamic_object_array.py
[44.076s] -- Symlinking: /home/cityu/autoware/install/tier4_perception_msgs/lib/python3.8/site-packages/tier4_perception_msgs/msg/_feature.py
[44.077s] -- Symlinking: /home/cityu/autoware/install/tier4_perception_msgs/lib/python3.8/site-packages/tier4_perception_msgs/msg/_predicted_path.py
[44.077s] -- Symlinking: /home/cityu/autoware/install/tier4_perception_msgs/lib/python3.8/site-packages/tier4_perception_msgs/msg/_semantic.py
[44.077s] -- Symlinking: /home/cityu/autoware/install/tier4_perception_msgs/lib/python3.8/site-packages/tier4_perception_msgs/msg/_shape.py
[44.077s] -- Symlinking: /home/cityu/autoware/install/tier4_perception_msgs/lib/python3.8/site-packages/tier4_perception_msgs/msg/_state.py
[44.077s] -- Symlinking: /home/cityu/autoware/install/tier4_perception_msgs/lib/python3.8/site-packages/tier4_perception_msgs/tier4_perception_msgs_s__rosidl_typesupport_fastrtps_c.cpython-38-x86_64-linux-gnu.so
[44.078s] -- Symlinking: /home/cityu/autoware/install/tier4_perception_msgs/lib/python3.8/site-packages/tier4_perception_msgs/tier4_perception_msgs_s__rosidl_typesupport_introspection_c.cpython-38-x86_64-linux-gnu.so
[44.078s] -- Symlinking: /home/cityu/autoware/install/tier4_perception_msgs/lib/python3.8/site-packages/tier4_perception_msgs/tier4_perception_msgs_s__rosidl_typesupport_c.cpython-38-x86_64-linux-gnu.so
[44.080s] -- Symlinking: /home/cityu/autoware/install/tier4_perception_msgs/lib/libtier4_perception_msgs__python.so
[44.089s] -- Symlinking: /home/cityu/autoware/install/tier4_perception_msgs/share/tier4_perception_msgs/msg/DetectedObjectWithFeature.idl
[44.099s] -- Symlinking: /home/cityu/autoware/install/tier4_perception_msgs/share/tier4_perception_msgs/msg/DetectedObjectsWithFeature.idl
[44.113s] -- Symlinking: /home/cityu/autoware/install/tier4_perception_msgs/share/tier4_perception_msgs/msg/DynamicObject.idl
[44.128s] -- Symlinking: /home/cityu/autoware/install/tier4_perception_msgs/share/tier4_perception_msgs/msg/DynamicObjectArray.idl
[44.145s] -- Symlinking: /home/cityu/autoware/install/tier4_perception_msgs/share/tier4_perception_msgs/msg/Feature.idl
[44.157s] -- Symlinking: /home/cityu/autoware/install/tier4_perception_msgs/share/tier4_perception_msgs/msg/PredictedPath.idl
[44.176s] -- Symlinking: /home/cityu/autoware/install/tier4_perception_msgs/share/tier4_perception_msgs/msg/Semantic.idl
[44.202s] -- Symlinking: /home/cityu/autoware/install/tier4_perception_msgs/share/tier4_perception_msgs/msg/Shape.idl
[44.215s] -- Symlinking: /home/cityu/autoware/install/tier4_perception_msgs/share/tier4_perception_msgs/msg/State.idl
[44.223s] -- Symlinking: /home/cityu/autoware/install/tier4_perception_msgs/share/tier4_perception_msgs/object_recognition/DetectedObjectWithFeature.msg
[44.238s] -- Symlinking: /home/cityu/autoware/install/tier4_perception_msgs/share/tier4_perception_msgs/object_recognition/DetectedObjectsWithFeature.msg
[44.253s] -- Symlinking: /home/cityu/autoware/install/tier4_perception_msgs/share/tier4_perception_msgs/object_recognition/DynamicObject.msg
[44.271s] -- Symlinking: /home/cityu/autoware/install/tier4_perception_msgs/share/tier4_perception_msgs/object_recognition/DynamicObjectArray.msg
[44.289s] -- Symlinking: /home/cityu/autoware/install/tier4_perception_msgs/share/tier4_perception_msgs/object_recognition/Feature.msg
[44.306s] -- Symlinking: /home/cityu/autoware/install/tier4_perception_msgs/share/tier4_perception_msgs/object_recognition/PredictedPath.msg
[44.321s] -- Symlinking: /home/cityu/autoware/install/tier4_perception_msgs/share/tier4_perception_msgs/object_recognition/Semantic.msg
[44.339s] -- Symlinking: /home/cityu/autoware/install/tier4_perception_msgs/share/tier4_perception_msgs/object_recognition/Shape.msg
[44.354s] -- Symlinking: /home/cityu/autoware/install/tier4_perception_msgs/share/tier4_perception_msgs/object_recognition/State.msg
[44.377s] -- Symlinking: /home/cityu/autoware/install/tier4_perception_msgs/share/ament_index/resource_index/package_run_dependencies/tier4_perception_msgs
[44.393s] -- Symlinking: /home/cityu/autoware/install/tier4_perception_msgs/share/ament_index/resource_index/parent_prefix_path/tier4_perception_msgs
[44.410s] -- Symlinking: /home/cityu/autoware/install/tier4_perception_msgs/share/tier4_perception_msgs/environment/ament_prefix_path.sh
[44.426s] -- Symlinking: /home/cityu/autoware/install/tier4_perception_msgs/share/tier4_perception_msgs/environment/ament_prefix_path.dsv
[44.444s] -- Symlinking: /home/cityu/autoware/install/tier4_perception_msgs/share/tier4_perception_msgs/environment/path.sh
[44.463s] -- Symlinking: /home/cityu/autoware/install/tier4_perception_msgs/share/tier4_perception_msgs/environment/path.dsv
[44.482s] -- Symlinking: /home/cityu/autoware/install/tier4_perception_msgs/share/tier4_perception_msgs/local_setup.bash
[44.499s] -- Symlinking: /home/cityu/autoware/install/tier4_perception_msgs/share/tier4_perception_msgs/local_setup.sh
[44.516s] -- Symlinking: /home/cityu/autoware/install/tier4_perception_msgs/share/tier4_perception_msgs/local_setup.zsh
[44.532s] -- Symlinking: /home/cityu/autoware/install/tier4_perception_msgs/share/tier4_perception_msgs/local_setup.dsv
[44.548s] -- Symlinking: /home/cityu/autoware/install/tier4_perception_msgs/share/tier4_perception_msgs/package.dsv
[44.564s] -- Symlinking: /home/cityu/autoware/install/tier4_perception_msgs/share/ament_index/resource_index/packages/tier4_perception_msgs
[44.591s] -- Symlinking: /home/cityu/autoware/install/tier4_perception_msgs/share/tier4_perception_msgs/cmake/rosidl_cmake-extras.cmake
[44.609s] -- Symlinking: /home/cityu/autoware/install/tier4_perception_msgs/share/tier4_perception_msgs/cmake/ament_cmake_export_dependencies-extras.cmake
[44.626s] -- Symlinking: /home/cityu/autoware/install/tier4_perception_msgs/share/tier4_perception_msgs/cmake/ament_cmake_export_libraries-extras.cmake
[44.643s] -- Symlinking: /home/cityu/autoware/install/tier4_perception_msgs/share/tier4_perception_msgs/cmake/ament_cmake_export_targets-extras.cmake
[44.659s] -- Symlinking: /home/cityu/autoware/install/tier4_perception_msgs/share/tier4_perception_msgs/cmake/ament_cmake_export_include_directories-extras.cmake
[44.676s] -- Symlinking: /home/cityu/autoware/install/tier4_perception_msgs/share/tier4_perception_msgs/cmake/rosidl_cmake_export_typesupport_libraries-extras.cmake
[44.694s] -- Symlinking: /home/cityu/autoware/install/tier4_perception_msgs/share/tier4_perception_msgs/cmake/rosidl_cmake_export_typesupport_targets-extras.cmake
[44.711s] -- Symlinking: /home/cityu/autoware/install/tier4_perception_msgs/share/tier4_perception_msgs/cmake/tier4_perception_msgsConfig.cmake
[44.726s] -- Symlinking: /home/cityu/autoware/install/tier4_perception_msgs/share/tier4_perception_msgs/cmake/tier4_perception_msgsConfig-version.cmake
[44.741s] -- Symlinking: /home/cityu/autoware/install/tier4_perception_msgs/share/tier4_perception_msgs/package.xml
[44.757s] -- Installing: /home/cityu/autoware/install/tier4_perception_msgs/lib/libtier4_perception_msgs__rosidl_generator_c.so
[44.757s] -- Set runtime path of "/home/cityu/autoware/install/tier4_perception_msgs/lib/libtier4_perception_msgs__rosidl_generator_c.so" to ""
[44.758s] -- Installing: /home/cityu/autoware/install/tier4_perception_msgs/lib/libtier4_perception_msgs__rosidl_typesupport_introspection_c.so
[44.759s] -- Set runtime path of "/home/cityu/autoware/install/tier4_perception_msgs/lib/libtier4_perception_msgs__rosidl_typesupport_introspection_c.so" to ""
[44.759s] -- Installing: /home/cityu/autoware/install/tier4_perception_msgs/lib/libtier4_perception_msgs__rosidl_typesupport_c.so
[44.760s] -- Set runtime path of "/home/cityu/autoware/install/tier4_perception_msgs/lib/libtier4_perception_msgs__rosidl_typesupport_c.so" to ""
[44.760s] -- Installing: /home/cityu/autoware/install/tier4_perception_msgs/lib/libtier4_perception_msgs__rosidl_typesupport_introspection_cpp.so
[44.761s] -- Set runtime path of "/home/cityu/autoware/install/tier4_perception_msgs/lib/libtier4_perception_msgs__rosidl_typesupport_introspection_cpp.so" to ""
[44.763s] -- Installing: /home/cityu/autoware/install/tier4_perception_msgs/lib/libtier4_perception_msgs__rosidl_typesupport_cpp.so
[44.764s] -- Set runtime path of "/home/cityu/autoware/install/tier4_perception_msgs/lib/libtier4_perception_msgs__rosidl_typesupport_cpp.so" to ""
[44.814s] Compiling '/home/cityu/autoware/install/tier4_perception_msgs/lib/python3.8/site-packages/tier4_perception_msgs/__init__.py'...
[44.828s] -- Installing: /home/cityu/autoware/install/tier4_perception_msgs/share/tier4_perception_msgs/cmake/tier4_perception_msgs__rosidl_generator_cExport.cmake
[44.828s] -- Installing: /home/cityu/autoware/install/tier4_perception_msgs/share/tier4_perception_msgs/cmake/tier4_perception_msgs__rosidl_generator_cExport-release.cmake
[44.829s] -- Installing: /home/cityu/autoware/install/tier4_perception_msgs/share/tier4_perception_msgs/cmake/tier4_perception_msgs__rosidl_typesupport_introspection_cExport.cmake
[44.829s] -- Installing: /home/cityu/autoware/install/tier4_perception_msgs/share/tier4_perception_msgs/cmake/tier4_perception_msgs__rosidl_typesupport_introspection_cExport-release.cmake
[44.829s] -- Installing: /home/cityu/autoware/install/tier4_perception_msgs/share/tier4_perception_msgs/cmake/tier4_perception_msgs__rosidl_typesupport_cExport.cmake
[44.829s] -- Installing: /home/cityu/autoware/install/tier4_perception_msgs/share/tier4_perception_msgs/cmake/tier4_perception_msgs__rosidl_typesupport_cExport-release.cmake
[44.829s] -- Installing: /home/cityu/autoware/install/tier4_perception_msgs/share/tier4_perception_msgs/cmake/tier4_perception_msgs__rosidl_generator_cppExport.cmake
[44.829s] -- Installing: /home/cityu/autoware/install/tier4_perception_msgs/share/tier4_perception_msgs/cmake/tier4_perception_msgs__rosidl_typesupport_introspection_cppExport.cmake
[44.830s] -- Installing: /home/cityu/autoware/install/tier4_perception_msgs/share/tier4_perception_msgs/cmake/tier4_perception_msgs__rosidl_typesupport_introspection_cppExport-release.cmake
[44.830s] -- Installing: /home/cityu/autoware/install/tier4_perception_msgs/share/tier4_perception_msgs/cmake/tier4_perception_msgs__rosidl_typesupport_cppExport.cmake
[44.834s] -- Installing: /home/cityu/autoware/install/tier4_perception_msgs/share/tier4_perception_msgs/cmake/tier4_perception_msgs__rosidl_typesupport_cppExport-release.cmake
[44.844s] Invoked command in '/home/cityu/autoware/build/tier4_perception_msgs' returned '0': AMENT_PREFIX_PATH=/home/cityu/autoware/install/autoware_auto_perception_msgs:/home/cityu/autoware/install/autoware_auto_geometry_msgs:${AMENT_PREFIX_PATH} CMAKE_PREFIX_PATH=/home/cityu/autoware/install/autoware_auto_perception_msgs:/home/cityu/autoware/install/autoware_auto_geometry_msgs:/opt/ros/galactic LD_LIBRARY_PATH=/home/cityu/autoware/install/autoware_auto_perception_msgs/lib:/home/cityu/autoware/install/autoware_auto_geometry_msgs/lib:${LD_LIBRARY_PATH} PYTHONPATH=/home/cityu/autoware/install/autoware_auto_perception_msgs/lib/python3.8/site-packages:/home/cityu/autoware/install/autoware_auto_geometry_msgs/lib/python3.8/site-packages:${PYTHONPATH} /usr/bin/cmake --install /home/cityu/autoware/build/tier4_perception_msgs
