[0.164s] Invoking command in '/home/cityu/autoware/build/cuda_utils': AMENT_PREFIX_PATH=/home/cityu/autoware/install/autoware_cmake:/home/cityu/autoware/install/autoware_lint_common:${AMENT_PREFIX_PATH} CMAKE_PREFIX_PATH=/home/cityu/autoware/install/autoware_cmake:/home/cityu/autoware/install/autoware_lint_common:/opt/ros/galactic /usr/bin/cmake /home/cityu/autoware/src/universe/autoware.universe/common/cuda_utils -DCMAKE_BUILD_TYPE=Release -DDOWNLOAD_ARTIFACTS=ON -DAMENT_CMAKE_SYMLINK_INSTALL=1 -DCMAKE_INSTALL_PREFIX=/home/cityu/autoware/install/cuda_utils
[0.499s] -- Found autoware_cmake: 0.1.0 (/home/cityu/autoware/install/autoware_cmake/share/autoware_cmake/cmake)
[0.500s] -- Found ament_cmake_auto: 1.1.6 (/opt/ros/galactic/share/ament_cmake_auto/cmake)
[0.504s] -- Using PYTHON_EXECUTABLE: /usr/bin/python3
[0.504s] -- Override CMake install command with custom implementation using symlinks instead of copying resources
[0.504s] -- Found ament_lint_auto: 0.10.7 (/opt/ros/galactic/share/ament_lint_auto/cmake)
[0.504s] -- Added test 'copyright' to check source files copyright and LICENSE
[0.504s] -- Added test 'cppcheck' to perform static code analysis on C / C++ code
[0.505s] -- Configured cppcheck include dirs: 
[0.505s] -- Configured cppcheck exclude dirs and/or files: 
[0.505s] -- Added test 'lint_cmake' to check CMake code style
[0.505s] -- Added test 'xmllint' to check XML markup files
[0.505s] -- Configuring done
[0.505s] -- Generating done
[0.505s] -- Build files have been written to: /home/cityu/autoware/build/cuda_utils
[0.505s] CMake Warning:
[0.506s]   Manually-specified variables were not used by the project:
[0.506s] 
[0.506s]     DOWNLOAD_ARTIFACTS
[0.506s] 
[0.506s] 
[0.515s] Invoked command in '/home/cityu/autoware/build/cuda_utils' returned '0': AMENT_PREFIX_PATH=/home/cityu/autoware/install/autoware_cmake:/home/cityu/autoware/install/autoware_lint_common:${AMENT_PREFIX_PATH} CMAKE_PREFIX_PATH=/home/cityu/autoware/install/autoware_cmake:/home/cityu/autoware/install/autoware_lint_common:/opt/ros/galactic /usr/bin/cmake /home/cityu/autoware/src/universe/autoware.universe/common/cuda_utils -DCMAKE_BUILD_TYPE=Release -DDOWNLOAD_ARTIFACTS=ON -DAMENT_CMAKE_SYMLINK_INSTALL=1 -DCMAKE_INSTALL_PREFIX=/home/cityu/autoware/install/cuda_utils
[0.516s] Invoking command in '/home/cityu/autoware/build/cuda_utils': AMENT_PREFIX_PATH=/home/cityu/autoware/install/autoware_cmake:/home/cityu/autoware/install/autoware_lint_common:${AMENT_PREFIX_PATH} CMAKE_PREFIX_PATH=/home/cityu/autoware/install/autoware_cmake:/home/cityu/autoware/install/autoware_lint_common:/opt/ros/galactic /usr/bin/cmake --build /home/cityu/autoware/build/cuda_utils -- -j16 -l16
[0.937s] Invoked command in '/home/cityu/autoware/build/cuda_utils' returned '0': AMENT_PREFIX_PATH=/home/cityu/autoware/install/autoware_cmake:/home/cityu/autoware/install/autoware_lint_common:${AMENT_PREFIX_PATH} CMAKE_PREFIX_PATH=/home/cityu/autoware/install/autoware_cmake:/home/cityu/autoware/install/autoware_lint_common:/opt/ros/galactic /usr/bin/cmake --build /home/cityu/autoware/build/cuda_utils -- -j16 -l16
[1.018s] Invoking command in '/home/cityu/autoware/build/cuda_utils': AMENT_PREFIX_PATH=/home/cityu/autoware/install/autoware_cmake:/home/cityu/autoware/install/autoware_lint_common:${AMENT_PREFIX_PATH} CMAKE_PREFIX_PATH=/home/cityu/autoware/install/autoware_cmake:/home/cityu/autoware/install/autoware_lint_common:/opt/ros/galactic /usr/bin/cmake --install /home/cityu/autoware/build/cuda_utils
[1.081s] -- Install configuration: "Release"
[1.081s] -- Execute custom install script
[1.081s] -- Up-to-date symlink: /home/cityu/autoware/install/cuda_utils/include/cuda_utils/cuda_check_error.hpp
[1.081s] -- Up-to-date symlink: /home/cityu/autoware/install/cuda_utils/include/cuda_utils/cuda_unique_ptr.hpp
[1.081s] -- Up-to-date symlink: /home/cityu/autoware/install/cuda_utils/include/cuda_utils/stream_unique_ptr.hpp
[1.081s] -- Up-to-date symlink: /home/cityu/autoware/install/cuda_utils/include/cuda_utils/cuda_check_error.hpp
[1.081s] -- Up-to-date symlink: /home/cityu/autoware/install/cuda_utils/include/cuda_utils/cuda_unique_ptr.hpp
[1.088s] -- Up-to-date symlink: /home/cityu/autoware/install/cuda_utils/include/cuda_utils/stream_unique_ptr.hpp
[1.088s] -- Up-to-date symlink: /home/cityu/autoware/install/cuda_utils/share/ament_index/resource_index/package_run_dependencies/cuda_utils
[1.088s] -- Up-to-date symlink: /home/cityu/autoware/install/cuda_utils/share/ament_index/resource_index/parent_prefix_path/cuda_utils
[1.089s] -- Up-to-date symlink: /home/cityu/autoware/install/cuda_utils/share/cuda_utils/environment/ament_prefix_path.sh
[1.089s] -- Up-to-date symlink: /home/cityu/autoware/install/cuda_utils/share/cuda_utils/environment/ament_prefix_path.dsv
[1.089s] -- Up-to-date symlink: /home/cityu/autoware/install/cuda_utils/share/cuda_utils/environment/path.sh
[1.089s] -- Up-to-date symlink: /home/cityu/autoware/install/cuda_utils/share/cuda_utils/environment/path.dsv
[1.089s] -- Up-to-date symlink: /home/cityu/autoware/install/cuda_utils/share/cuda_utils/local_setup.bash
[1.089s] -- Up-to-date symlink: /home/cityu/autoware/install/cuda_utils/share/cuda_utils/local_setup.sh
[1.089s] -- Up-to-date symlink: /home/cityu/autoware/install/cuda_utils/share/cuda_utils/local_setup.zsh
[1.089s] -- Up-to-date symlink: /home/cityu/autoware/install/cuda_utils/share/cuda_utils/local_setup.dsv
[1.089s] -- Symlinking: /home/cityu/autoware/install/cuda_utils/share/cuda_utils/package.dsv
[1.090s] -- Up-to-date symlink: /home/cityu/autoware/install/cuda_utils/share/ament_index/resource_index/packages/cuda_utils
[1.090s] -- Up-to-date symlink: /home/cityu/autoware/install/cuda_utils/share/cuda_utils/cmake/ament_cmake_export_include_directories-extras.cmake
[1.090s] -- Up-to-date symlink: /home/cityu/autoware/install/cuda_utils/share/cuda_utils/cmake/ament_cmake_export_dependencies-extras.cmake
[1.090s] -- Up-to-date symlink: /home/cityu/autoware/install/cuda_utils/share/cuda_utils/cmake/cuda_utilsConfig.cmake
[1.090s] -- Up-to-date symlink: /home/cityu/autoware/install/cuda_utils/share/cuda_utils/cmake/cuda_utilsConfig-version.cmake
[1.090s] -- Up-to-date symlink: /home/cityu/autoware/install/cuda_utils/share/cuda_utils/package.xml
[1.161s] Invoked command in '/home/cityu/autoware/build/cuda_utils' returned '0': AMENT_PREFIX_PATH=/home/cityu/autoware/install/autoware_cmake:/home/cityu/autoware/install/autoware_lint_common:${AMENT_PREFIX_PATH} CMAKE_PREFIX_PATH=/home/cityu/autoware/install/autoware_cmake:/home/cityu/autoware/install/autoware_lint_common:/opt/ros/galactic /usr/bin/cmake --install /home/cityu/autoware/build/cuda_utils
