[0.098s] Invoking command in '/home/cityu/autoware/build/livox_description': CMAKE_PREFIX_PATH=/opt/ros/galactic /usr/bin/cmake /home/cityu/autoware/src/sensor_component/external/sensor_component_description/livox_description -DCMAKE_BUILD_TYPE=Release -DAMENT_CMAKE_SYMLINK_INSTALL=1 -DCMAKE_INSTALL_PREFIX=/home/cityu/autoware/install/livox_description
[2.752s] -- The C compiler identification is GNU 9.4.0
[2.753s] -- The CXX compiler identification is GNU 9.4.0
[2.753s] -- Check for working C compiler: /usr/bin/cc
[2.753s] -- Check for working C compiler: /usr/bin/cc -- works
[2.753s] -- Detecting C compiler ABI info
[2.753s] -- Detecting C compiler ABI info - done
[2.753s] -- Detecting C compile features
[2.753s] -- Detecting C compile features - done
[2.753s] -- Check for working CXX compiler: /usr/bin/c++
[2.753s] -- Check for working CXX compiler: /usr/bin/c++ -- works
[2.754s] -- Detecting CXX compiler ABI info
[2.754s] -- Detecting CXX compiler ABI info - done
[2.754s] -- Detecting CXX compile features
[2.754s] -- Detecting CXX compile features - done
[2.754s] -- Found ament_cmake_auto: 1.1.6 (/opt/ros/galactic/share/ament_cmake_auto/cmake)
[2.754s] -- Found PythonInterp: /usr/bin/python3 (found suitable version "3.8.10", minimum required is "3") 
[2.754s] -- Using PYTHON_EXECUTABLE: /usr/bin/python3
[2.754s] -- Override CMake install command with custom implementation using symlinks instead of copying resources
[2.754s] -- Configuring done
[2.754s] -- Generating done
[2.755s] -- Build files have been written to: /home/cityu/autoware/build/livox_description
[2.885s] Invoked command in '/home/cityu/autoware/build/livox_description' returned '0': CMAKE_PREFIX_PATH=/opt/ros/galactic /usr/bin/cmake /home/cityu/autoware/src/sensor_component/external/sensor_component_description/livox_description -DCMAKE_BUILD_TYPE=Release -DAMENT_CMAKE_SYMLINK_INSTALL=1 -DCMAKE_INSTALL_PREFIX=/home/cityu/autoware/install/livox_description
[2.886s] Invoking command in '/home/cityu/autoware/build/livox_description': CMAKE_PREFIX_PATH=/opt/ros/galactic /usr/bin/cmake --build /home/cityu/autoware/build/livox_description -- -j16 -l16
[10.046s] Invoked command in '/home/cityu/autoware/build/livox_description' returned '0': CMAKE_PREFIX_PATH=/opt/ros/galactic /usr/bin/cmake --build /home/cityu/autoware/build/livox_description -- -j16 -l16
[10.163s] Invoking command in '/home/cityu/autoware/build/livox_description': CMAKE_PREFIX_PATH=/opt/ros/galactic /usr/bin/cmake --install /home/cityu/autoware/build/livox_description
[14.907s] -- Install configuration: "Release"
[14.907s] -- Execute custom install script
[14.907s] -- Symlinking: /home/cityu/autoware/install/livox_description/share/livox_description/urdf/livox_horizon.xacro
[14.908s] -- Symlinking: /home/cityu/autoware/install/livox_description/share/ament_index/resource_index/package_run_dependencies/livox_description
[14.908s] -- Symlinking: /home/cityu/autoware/install/livox_description/share/ament_index/resource_index/parent_prefix_path/livox_description
[14.908s] -- Symlinking: /home/cityu/autoware/install/livox_description/share/livox_description/environment/ament_prefix_path.sh
[14.908s] -- Symlinking: /home/cityu/autoware/install/livox_description/share/livox_description/environment/ament_prefix_path.dsv
[14.908s] -- Symlinking: /home/cityu/autoware/install/livox_description/share/livox_description/environment/path.sh
[14.908s] -- Symlinking: /home/cityu/autoware/install/livox_description/share/livox_description/environment/path.dsv
[14.908s] -- Symlinking: /home/cityu/autoware/install/livox_description/share/livox_description/local_setup.bash
[14.908s] -- Symlinking: /home/cityu/autoware/install/livox_description/share/livox_description/local_setup.sh
[14.908s] -- Symlinking: /home/cityu/autoware/install/livox_description/share/livox_description/local_setup.zsh
[14.908s] -- Symlinking: /home/cityu/autoware/install/livox_description/share/livox_description/local_setup.dsv
[14.909s] -- Symlinking: /home/cityu/autoware/install/livox_description/share/livox_description/package.dsv
[14.909s] -- Symlinking: /home/cityu/autoware/install/livox_description/share/ament_index/resource_index/packages/livox_description
[14.909s] -- Symlinking: /home/cityu/autoware/install/livox_description/share/livox_description/cmake/livox_descriptionConfig.cmake
[14.909s] -- Symlinking: /home/cityu/autoware/install/livox_description/share/livox_description/cmake/livox_descriptionConfig-version.cmake
[14.909s] -- Symlinking: /home/cityu/autoware/install/livox_description/share/livox_description/package.xml
[14.992s] Invoked command in '/home/cityu/autoware/build/livox_description' returned '0': CMAKE_PREFIX_PATH=/opt/ros/galactic /usr/bin/cmake --install /home/cityu/autoware/build/livox_description
