[0.111s] Invoking command in '/home/cityu/autoware/build/autoware_common_msgs': CMAKE_PREFIX_PATH=/opt/ros/galactic /usr/bin/cmake /home/cityu/autoware/src/core/autoware_msgs/autoware_common_msgs -DCMAKE_BUILD_TYPE=Release -DDOWNLOAD_ARTIFACTS=ON -DAMENT_CMAKE_SYMLINK_INSTALL=1 -DCMAKE_INSTALL_PREFIX=/home/cityu/autoware/install/autoware_common_msgs
[0.296s] -- Found ament_cmake_auto: 1.1.6 (/opt/ros/galactic/share/ament_cmake_auto/cmake)
[0.296s] -- Found PythonInterp: /usr/bin/python3 (found suitable version "3.8.10", minimum required is "3") 
[0.296s] -- Using PYTHON_EXECUTABLE: /usr/bin/python3
[0.296s] -- Override CMake install command with custom implementation using symlinks instead of copying resources
[0.454s] -- Using all available rosidl_typesupport_c: rosidl_typesupport_fastrtps_c;rosidl_typesupport_introspection_c
[0.460s] -- Found rosidl_adapter: 2.2.3 (/opt/ros/galactic/share/rosidl_adapter/cmake)
[0.653s] -- Using all available rosidl_typesupport_cpp: rosidl_typesupport_fastrtps_cpp;rosidl_typesupport_introspection_cpp
[0.720s] -- Found PythonInterp: /usr/bin/python3 (found version "3.8.10") 
[0.807s] -- Found ament_cmake_ros: 0.9.2 (/opt/ros/galactic/share/ament_cmake_ros/cmake)
[0.957s] -- Using all available rosidl_typesupport_c: rosidl_typesupport_fastrtps_c;rosidl_typesupport_introspection_c
[0.968s] -- Using all available rosidl_typesupport_cpp: rosidl_typesupport_fastrtps_cpp;rosidl_typesupport_introspection_cpp
[0.999s] -- Found PythonInterp: /usr/bin/python3 (found suitable version "3.8.10", minimum required is "3.5") 
[1.000s] -- Found python_cmake_module: 0.8.1 (/opt/ros/galactic/share/python_cmake_module/cmake)
[1.031s] -- Using PYTHON_EXECUTABLE: /usr/bin/python3
[1.032s] -- Using PYTHON_INCLUDE_DIRS: /usr/include/python3.8
[1.032s] -- Using PYTHON_LIBRARIES: /usr/lib/x86_64-linux-gnu/libpython3.8.so
[1.072s] -- Configuring done
[1.116s] -- Generating done
[1.121s] -- Build files have been written to: /home/cityu/autoware/build/autoware_common_msgs
[1.138s] Invoked command in '/home/cityu/autoware/build/autoware_common_msgs' returned '0': CMAKE_PREFIX_PATH=/opt/ros/galactic /usr/bin/cmake /home/cityu/autoware/src/core/autoware_msgs/autoware_common_msgs -DCMAKE_BUILD_TYPE=Release -DDOWNLOAD_ARTIFACTS=ON -DAMENT_CMAKE_SYMLINK_INSTALL=1 -DCMAKE_INSTALL_PREFIX=/home/cityu/autoware/install/autoware_common_msgs
[1.140s] Invoking command in '/home/cityu/autoware/build/autoware_common_msgs': CMAKE_PREFIX_PATH=/opt/ros/galactic /usr/bin/cmake --build /home/cityu/autoware/build/autoware_common_msgs -- -j16 -l16
[1.963s] [  3%] Built target autoware_common_msgs__cpp
[1.963s] [  6%] [32mBuilding C object CMakeFiles/autoware_common_msgs__rosidl_generator_c.dir/rosidl_generator_c/autoware_common_msgs/msg/detail/response_status__functions.c.o[0m
[1.963s] [  9%] [32mBuilding CXX object CMakeFiles/autoware_common_msgs__rosidl_typesupport_fastrtps_cpp.dir/rosidl_typesupport_fastrtps_cpp/autoware_common_msgs/msg/detail/dds_fastrtps/response_status__type_support.cpp.o[0m
[1.963s] [ 12%] [32mBuilding CXX object CMakeFiles/autoware_common_msgs__rosidl_typesupport_cpp.dir/rosidl_typesupport_cpp/autoware_common_msgs/msg/response_status__type_support.cpp.o[0m
[1.963s] [ 16%] [32mBuilding CXX object CMakeFiles/autoware_common_msgs__rosidl_typesupport_introspection_cpp.dir/rosidl_typesupport_introspection_cpp/autoware_common_msgs/msg/detail/response_status__type_support.cpp.o[0m
[1.964s] [ 19%] [32m[1mLinking C shared library libautoware_common_msgs__rosidl_generator_c.so[0m
[1.964s] [ 22%] Built target autoware_common_msgs__rosidl_generator_c
[1.964s] [ 25%] [32mBuilding CXX object CMakeFiles/autoware_common_msgs__rosidl_typesupport_c.dir/rosidl_typesupport_c/autoware_common_msgs/msg/response_status__type_support.cpp.o[0m
[1.975s] [ 29%] [32mBuilding C object CMakeFiles/autoware_common_msgs__rosidl_typesupport_introspection_c.dir/rosidl_typesupport_introspection_c/autoware_common_msgs/msg/detail/response_status__type_support.c.o[0m
[2.162s] [ 32%] [32m[1mLinking CXX shared library libautoware_common_msgs__rosidl_typesupport_c.so[0m
[2.347s] [ 35%] [32m[1mLinking C shared library libautoware_common_msgs__rosidl_typesupport_introspection_c.so[0m
[2.554s] [ 38%] Built target autoware_common_msgs__rosidl_typesupport_c
[2.698s] [ 41%] Built target autoware_common_msgs__rosidl_typesupport_introspection_c
[3.607s] [ 45%] [32m[1mLinking CXX shared library libautoware_common_msgs__rosidl_typesupport_introspection_cpp.so[0m
[3.883s] [ 48%] [32m[1mLinking CXX shared library libautoware_common_msgs__rosidl_typesupport_cpp.so[0m
[4.451s] [ 51%] Built target autoware_common_msgs__rosidl_typesupport_cpp
[4.476s] [ 54%] Built target autoware_common_msgs__rosidl_typesupport_introspection_cpp
[5.030s] [ 58%] [32m[1mLinking CXX shared library libautoware_common_msgs__rosidl_typesupport_fastrtps_cpp.so[0m
[6.579s] [ 61%] Built target autoware_common_msgs__rosidl_typesupport_fastrtps_cpp
[6.823s] [ 64%] [32mBuilding CXX object CMakeFiles/autoware_common_msgs__rosidl_typesupport_fastrtps_c.dir/rosidl_typesupport_fastrtps_c/autoware_common_msgs/msg/detail/response_status__type_support_c.cpp.o[0m
[9.745s] [ 67%] [32m[1mLinking CXX shared library libautoware_common_msgs__rosidl_typesupport_fastrtps_c.so[0m
[10.048s] [ 70%] Built target autoware_common_msgs__rosidl_typesupport_fastrtps_c
[10.093s] [ 70%] Built target autoware_common_msgs
[10.146s] [ 74%] Built target autoware_common_msgs__py
[10.191s] [ 77%] [32mBuilding C object CMakeFiles/autoware_common_msgs__python.dir/rosidl_generator_py/autoware_common_msgs/msg/_response_status_s.c.o[0m
[10.400s] [ 80%] [32m[1mLinking C shared library rosidl_generator_py/autoware_common_msgs/libautoware_common_msgs__python.so[0m
[10.484s] [ 80%] Built target autoware_common_msgs__python
[10.523s] [ 83%] [32mBuilding C object CMakeFiles/autoware_common_msgs__rosidl_typesupport_introspection_c__pyext.dir/rosidl_generator_py/autoware_common_msgs/_autoware_common_msgs_s.ep.rosidl_typesupport_introspection_c.c.o[0m
[10.685s] [ 87%] [32m[1mLinking C shared library rosidl_generator_py/autoware_common_msgs/autoware_common_msgs_s__rosidl_typesupport_introspection_c.cpython-38-x86_64-linux-gnu.so[0m
[10.726s] [ 87%] Built target autoware_common_msgs__rosidl_typesupport_introspection_c__pyext
[10.758s] [ 90%] [32mBuilding C object CMakeFiles/autoware_common_msgs__rosidl_typesupport_c__pyext.dir/rosidl_generator_py/autoware_common_msgs/_autoware_common_msgs_s.ep.rosidl_typesupport_c.c.o[0m
[10.921s] [ 93%] [32m[1mLinking C shared library rosidl_generator_py/autoware_common_msgs/autoware_common_msgs_s__rosidl_typesupport_c.cpython-38-x86_64-linux-gnu.so[0m
[10.960s] [ 93%] Built target autoware_common_msgs__rosidl_typesupport_c__pyext
[10.993s] [ 96%] [32mBuilding C object CMakeFiles/autoware_common_msgs__rosidl_typesupport_fastrtps_c__pyext.dir/rosidl_generator_py/autoware_common_msgs/_autoware_common_msgs_s.ep.rosidl_typesupport_fastrtps_c.c.o[0m
[11.117s] [100%] [32m[1mLinking CXX shared library rosidl_generator_py/autoware_common_msgs/autoware_common_msgs_s__rosidl_typesupport_fastrtps_c.cpython-38-x86_64-linux-gnu.so[0m
[11.212s] [100%] Built target autoware_common_msgs__rosidl_typesupport_fastrtps_c__pyext
[11.230s] Invoked command in '/home/cityu/autoware/build/autoware_common_msgs' returned '0': CMAKE_PREFIX_PATH=/opt/ros/galactic /usr/bin/cmake --build /home/cityu/autoware/build/autoware_common_msgs -- -j16 -l16
[11.299s] Invoking command in '/home/cityu/autoware/build/autoware_common_msgs': CMAKE_PREFIX_PATH=/opt/ros/galactic /usr/bin/cmake --install /home/cityu/autoware/build/autoware_common_msgs
[12.069s] -- Install configuration: "Release"
[12.069s] -- Execute custom install script
[12.069s] -- Up-to-date symlink: /home/cityu/autoware/install/autoware_common_msgs/share/ament_index/resource_index/rosidl_interfaces/autoware_common_msgs
[12.069s] -- Up-to-date symlink: /home/cityu/autoware/install/autoware_common_msgs/include/autoware_common_msgs/msg/detail/response_status__functions.h
[12.069s] -- Up-to-date symlink: /home/cityu/autoware/install/autoware_common_msgs/include/autoware_common_msgs/msg/detail/response_status__struct.h
[12.069s] -- Up-to-date symlink: /home/cityu/autoware/install/autoware_common_msgs/include/autoware_common_msgs/msg/detail/response_status__type_support.h
[12.069s] -- Up-to-date symlink: /home/cityu/autoware/install/autoware_common_msgs/include/autoware_common_msgs/msg/response_status.h
[12.069s] -- Up-to-date symlink: /home/cityu/autoware/install/autoware_common_msgs/include/autoware_common_msgs/msg/rosidl_generator_c__visibility_control.h
[12.070s] -- Up-to-date symlink: /home/cityu/autoware/install/autoware_common_msgs/share/autoware_common_msgs/environment/library_path.sh
[12.070s] -- Up-to-date symlink: /home/cityu/autoware/install/autoware_common_msgs/share/autoware_common_msgs/environment/library_path.dsv
[12.070s] -- Up-to-date symlink: /home/cityu/autoware/install/autoware_common_msgs/include/autoware_common_msgs/msg/detail/response_status__rosidl_typesupport_fastrtps_c.h
[12.070s] -- Up-to-date symlink: /home/cityu/autoware/install/autoware_common_msgs/include/autoware_common_msgs/msg/rosidl_typesupport_fastrtps_c__visibility_control.h
[12.070s] -- Up-to-date symlink: /home/cityu/autoware/install/autoware_common_msgs/lib/libautoware_common_msgs__rosidl_typesupport_fastrtps_c.so
[12.070s] -- Up-to-date symlink: /home/cityu/autoware/install/autoware_common_msgs/include/autoware_common_msgs/msg/detail/response_status__rosidl_typesupport_fastrtps_cpp.hpp
[12.070s] -- Up-to-date symlink: /home/cityu/autoware/install/autoware_common_msgs/include/autoware_common_msgs/msg/rosidl_typesupport_fastrtps_cpp__visibility_control.h
[12.070s] -- Up-to-date symlink: /home/cityu/autoware/install/autoware_common_msgs/lib/libautoware_common_msgs__rosidl_typesupport_fastrtps_cpp.so
[12.070s] -- Up-to-date symlink: /home/cityu/autoware/install/autoware_common_msgs/include/autoware_common_msgs/msg/detail/response_status__rosidl_typesupport_introspection_c.h
[12.070s] -- Up-to-date symlink: /home/cityu/autoware/install/autoware_common_msgs/include/autoware_common_msgs/msg/rosidl_typesupport_introspection_c__visibility_control.h
[12.070s] -- Up-to-date symlink: /home/cityu/autoware/install/autoware_common_msgs/include/autoware_common_msgs/msg/detail/response_status__builder.hpp
[12.070s] -- Up-to-date symlink: /home/cityu/autoware/install/autoware_common_msgs/include/autoware_common_msgs/msg/detail/response_status__struct.hpp
[12.071s] -- Up-to-date symlink: /home/cityu/autoware/install/autoware_common_msgs/include/autoware_common_msgs/msg/detail/response_status__traits.hpp
[12.071s] -- Up-to-date symlink: /home/cityu/autoware/install/autoware_common_msgs/include/autoware_common_msgs/msg/response_status.hpp
[12.071s] -- Up-to-date symlink: /home/cityu/autoware/install/autoware_common_msgs/include/autoware_common_msgs/msg/detail/response_status__rosidl_typesupport_introspection_cpp.hpp
[12.071s] -- Up-to-date symlink: /home/cityu/autoware/install/autoware_common_msgs/share/autoware_common_msgs/environment/pythonpath.sh
[12.071s] -- Up-to-date symlink: /home/cityu/autoware/install/autoware_common_msgs/share/autoware_common_msgs/environment/pythonpath.dsv
[12.071s] -- Up-to-date symlink: /home/cityu/autoware/install/autoware_common_msgs/lib/python3.8/site-packages/autoware_common_msgs/__init__.py
[12.071s] -- Up-to-date symlink: /home/cityu/autoware/install/autoware_common_msgs/lib/python3.8/site-packages/autoware_common_msgs/msg/__init__.py
[12.071s] -- Up-to-date symlink: /home/cityu/autoware/install/autoware_common_msgs/lib/python3.8/site-packages/autoware_common_msgs/msg/_response_status.py
[12.071s] -- Up-to-date symlink: /home/cityu/autoware/install/autoware_common_msgs/lib/python3.8/site-packages/autoware_common_msgs/autoware_common_msgs_s__rosidl_typesupport_fastrtps_c.cpython-38-x86_64-linux-gnu.so
[12.071s] -- Up-to-date symlink: /home/cityu/autoware/install/autoware_common_msgs/lib/python3.8/site-packages/autoware_common_msgs/autoware_common_msgs_s__rosidl_typesupport_introspection_c.cpython-38-x86_64-linux-gnu.so
[12.071s] -- Up-to-date symlink: /home/cityu/autoware/install/autoware_common_msgs/lib/python3.8/site-packages/autoware_common_msgs/autoware_common_msgs_s__rosidl_typesupport_c.cpython-38-x86_64-linux-gnu.so
[12.072s] -- Up-to-date symlink: /home/cityu/autoware/install/autoware_common_msgs/lib/libautoware_common_msgs__python.so
[12.072s] -- Up-to-date symlink: /home/cityu/autoware/install/autoware_common_msgs/share/autoware_common_msgs/msg/ResponseStatus.idl
[12.073s] -- Up-to-date symlink: /home/cityu/autoware/install/autoware_common_msgs/share/autoware_common_msgs/msg/ResponseStatus.msg
[12.073s] -- Up-to-date symlink: /home/cityu/autoware/install/autoware_common_msgs/share/ament_index/resource_index/package_run_dependencies/autoware_common_msgs
[12.073s] -- Up-to-date symlink: /home/cityu/autoware/install/autoware_common_msgs/share/ament_index/resource_index/parent_prefix_path/autoware_common_msgs
[12.073s] -- Up-to-date symlink: /home/cityu/autoware/install/autoware_common_msgs/share/autoware_common_msgs/environment/ament_prefix_path.sh
[12.074s] -- Up-to-date symlink: /home/cityu/autoware/install/autoware_common_msgs/share/autoware_common_msgs/environment/ament_prefix_path.dsv
[12.074s] -- Up-to-date symlink: /home/cityu/autoware/install/autoware_common_msgs/share/autoware_common_msgs/environment/path.sh
[12.074s] -- Up-to-date symlink: /home/cityu/autoware/install/autoware_common_msgs/share/autoware_common_msgs/environment/path.dsv
[12.074s] -- Up-to-date symlink: /home/cityu/autoware/install/autoware_common_msgs/share/autoware_common_msgs/local_setup.bash
[12.074s] -- Up-to-date symlink: /home/cityu/autoware/install/autoware_common_msgs/share/autoware_common_msgs/local_setup.sh
[12.074s] -- Up-to-date symlink: /home/cityu/autoware/install/autoware_common_msgs/share/autoware_common_msgs/local_setup.zsh
[12.074s] -- Up-to-date symlink: /home/cityu/autoware/install/autoware_common_msgs/share/autoware_common_msgs/local_setup.dsv
[12.074s] -- Symlinking: /home/cityu/autoware/install/autoware_common_msgs/share/autoware_common_msgs/package.dsv
[12.079s] -- Up-to-date symlink: /home/cityu/autoware/install/autoware_common_msgs/share/ament_index/resource_index/packages/autoware_common_msgs
[12.080s] -- Up-to-date symlink: /home/cityu/autoware/install/autoware_common_msgs/share/autoware_common_msgs/cmake/rosidl_cmake-extras.cmake
[12.080s] -- Up-to-date symlink: /home/cityu/autoware/install/autoware_common_msgs/share/autoware_common_msgs/cmake/ament_cmake_export_dependencies-extras.cmake
[12.081s] -- Up-to-date symlink: /home/cityu/autoware/install/autoware_common_msgs/share/autoware_common_msgs/cmake/ament_cmake_export_libraries-extras.cmake
[12.081s] -- Up-to-date symlink: /home/cityu/autoware/install/autoware_common_msgs/share/autoware_common_msgs/cmake/ament_cmake_export_targets-extras.cmake
[12.081s] -- Up-to-date symlink: /home/cityu/autoware/install/autoware_common_msgs/share/autoware_common_msgs/cmake/ament_cmake_export_include_directories-extras.cmake
[12.081s] -- Up-to-date symlink: /home/cityu/autoware/install/autoware_common_msgs/share/autoware_common_msgs/cmake/rosidl_cmake_export_typesupport_libraries-extras.cmake
[12.081s] -- Up-to-date symlink: /home/cityu/autoware/install/autoware_common_msgs/share/autoware_common_msgs/cmake/rosidl_cmake_export_typesupport_targets-extras.cmake
[12.081s] -- Up-to-date symlink: /home/cityu/autoware/install/autoware_common_msgs/share/autoware_common_msgs/cmake/autoware_common_msgsConfig.cmake
[12.081s] -- Up-to-date symlink: /home/cityu/autoware/install/autoware_common_msgs/share/autoware_common_msgs/cmake/autoware_common_msgsConfig-version.cmake
[12.081s] -- Up-to-date symlink: /home/cityu/autoware/install/autoware_common_msgs/share/autoware_common_msgs/package.xml
[12.081s] -- Installing: /home/cityu/autoware/install/autoware_common_msgs/lib/libautoware_common_msgs__rosidl_generator_c.so
[12.082s] -- Set runtime path of "/home/cityu/autoware/install/autoware_common_msgs/lib/libautoware_common_msgs__rosidl_generator_c.so" to ""
[12.082s] -- Installing: /home/cityu/autoware/install/autoware_common_msgs/lib/libautoware_common_msgs__rosidl_typesupport_introspection_c.so
[12.082s] -- Set runtime path of "/home/cityu/autoware/install/autoware_common_msgs/lib/libautoware_common_msgs__rosidl_typesupport_introspection_c.so" to ""
[12.082s] -- Installing: /home/cityu/autoware/install/autoware_common_msgs/lib/libautoware_common_msgs__rosidl_typesupport_c.so
[12.082s] -- Set runtime path of "/home/cityu/autoware/install/autoware_common_msgs/lib/libautoware_common_msgs__rosidl_typesupport_c.so" to ""
[12.082s] -- Installing: /home/cityu/autoware/install/autoware_common_msgs/lib/libautoware_common_msgs__rosidl_typesupport_introspection_cpp.so
[12.083s] -- Set runtime path of "/home/cityu/autoware/install/autoware_common_msgs/lib/libautoware_common_msgs__rosidl_typesupport_introspection_cpp.so" to ""
[12.083s] -- Installing: /home/cityu/autoware/install/autoware_common_msgs/lib/libautoware_common_msgs__rosidl_typesupport_cpp.so
[12.083s] -- Set runtime path of "/home/cityu/autoware/install/autoware_common_msgs/lib/libautoware_common_msgs__rosidl_typesupport_cpp.so" to ""
[12.083s] Compiling '/home/cityu/autoware/install/autoware_common_msgs/lib/python3.8/site-packages/autoware_common_msgs/__init__.py'...
[12.083s] -- Up-to-date: /home/cityu/autoware/install/autoware_common_msgs/share/autoware_common_msgs/cmake/autoware_common_msgs__rosidl_generator_cExport.cmake
[12.083s] -- Installing: /home/cityu/autoware/install/autoware_common_msgs/share/autoware_common_msgs/cmake/autoware_common_msgs__rosidl_generator_cExport-release.cmake
[12.083s] -- Up-to-date: /home/cityu/autoware/install/autoware_common_msgs/share/autoware_common_msgs/cmake/autoware_common_msgs__rosidl_typesupport_introspection_cExport.cmake
[12.083s] -- Installing: /home/cityu/autoware/install/autoware_common_msgs/share/autoware_common_msgs/cmake/autoware_common_msgs__rosidl_typesupport_introspection_cExport-release.cmake
[12.083s] -- Up-to-date: /home/cityu/autoware/install/autoware_common_msgs/share/autoware_common_msgs/cmake/autoware_common_msgs__rosidl_typesupport_cExport.cmake
[12.084s] -- Installing: /home/cityu/autoware/install/autoware_common_msgs/share/autoware_common_msgs/cmake/autoware_common_msgs__rosidl_typesupport_cExport-release.cmake
[12.084s] -- Up-to-date: /home/cityu/autoware/install/autoware_common_msgs/share/autoware_common_msgs/cmake/autoware_common_msgs__rosidl_generator_cppExport.cmake
[12.084s] -- Up-to-date: /home/cityu/autoware/install/autoware_common_msgs/share/autoware_common_msgs/cmake/autoware_common_msgs__rosidl_typesupport_introspection_cppExport.cmake
[12.090s] -- Installing: /home/cityu/autoware/install/autoware_common_msgs/share/autoware_common_msgs/cmake/autoware_common_msgs__rosidl_typesupport_introspection_cppExport-release.cmake
[12.091s] -- Up-to-date: /home/cityu/autoware/install/autoware_common_msgs/share/autoware_common_msgs/cmake/autoware_common_msgs__rosidl_typesupport_cppExport.cmake
[12.092s] -- Installing: /home/cityu/autoware/install/autoware_common_msgs/share/autoware_common_msgs/cmake/autoware_common_msgs__rosidl_typesupport_cppExport-release.cmake
[12.131s] Invoked command in '/home/cityu/autoware/build/autoware_common_msgs' returned '0': CMAKE_PREFIX_PATH=/opt/ros/galactic /usr/bin/cmake --install /home/cityu/autoware/build/autoware_common_msgs
