-- The C compiler identification is GNU 9.4.0
-- The CXX compiler identification is GNU 9.4.0
-- Check for working C compiler: /usr/bin/cc
-- Check for working C compiler: /usr/bin/cc -- works
-- Detecting C compiler ABI info
-- Detecting C compiler ABI info - done
-- Detecting C compile features
-- Detecting C compile features - done
-- Check for working CXX compiler: /usr/bin/c++
-- Check for working CXX compiler: /usr/bin/c++ -- works
-- Detecting CXX compiler ABI info
-- Detecting CXX compiler ABI info - done
-- Detecting CXX compile features
-- Detecting CXX compile features - done
-- Found autoware_cmake: 0.1.0 (/home/cityu/autoware/install/autoware_cmake/share/autoware_cmake/cmake)
-- Found ament_cmake_auto: 1.1.6 (/opt/ros/galactic/share/ament_cmake_auto/cmake)
-- Found PythonInterp: /usr/bin/python3 (found suitable version "3.8.10", minimum required is "3") 
-- Using PYTHON_EXECUTABLE: /usr/bin/python3
-- Override CMake install command with custom implementation using symlinks instead of copying resources
-- Using all available rosidl_typesupport_c: rosidl_typesupport_fastrtps_c;rosidl_typesupport_introspection_c
-- Found rosidl_adapter: 2.2.3 (/opt/ros/galactic/share/rosidl_adapter/cmake)
-- Found OpenSSL: /usr/lib/x86_64-linux-gnu/libcrypto.so (found version "1.1.1f")  
-- Found FastRTPS: /opt/ros/galactic/include  
-- Using all available rosidl_typesupport_cpp: rosidl_typesupport_fastrtps_cpp;rosidl_typesupport_introspection_cpp
-- Found rmw_implementation_cmake: 3.3.1 (/opt/ros/galactic/share/rmw_implementation_cmake/cmake)
-- Found rmw_cyclonedds_cpp: 0.22.6 (/opt/ros/galactic/share/rmw_cyclonedds_cpp/cmake)
-- Using RMW implementation 'rmw_cyclonedds_cpp' as default
-- Looking for pthread.h
-- Looking for pthread.h - found
-- Performing Test CMAKE_HAVE_LIBC_PTHREAD
-- Performing Test CMAKE_HAVE_LIBC_PTHREAD - Failed
-- Looking for pthread_create in pthreads
-- Looking for pthread_create in pthreads - not found
-- Looking for pthread_create in pthread
-- Looking for pthread_create in pthread - found
-- Found Threads: TRUE  
-- Found eigen3_cmake_module: 0.1.1 (/opt/ros/galactic/share/eigen3_cmake_module/cmake)
-- Found Eigen3: TRUE (found version "3.3.7") 
-- Found ament_lint_auto: 0.10.7 (/opt/ros/galactic/share/ament_lint_auto/cmake)
-- Found python_cmake_module: 0.8.1 (/opt/ros/galactic/share/python_cmake_module/cmake)
-- Found PythonInterp: /usr/bin/python3 (found suitable version "3.8.10", minimum required is "3.5") 
-- Found PythonLibs: /usr/lib/x86_64-linux-gnu/libpython3.8.so (found suitable version "3.8.10", minimum required is "3.5") 
-- Using PYTHON_EXECUTABLE: /usr/bin/python3
-- Using PYTHON_INCLUDE_DIRS: /usr/include/python3.8
-- Using PYTHON_LIBRARIES: /usr/lib/x86_64-linux-gnu/libpython3.8.so
-- Found PythonExtra: .so  
-- Found gtest sources under '/opt/ros/galactic/src/gtest_vendor': C++ tests using 'Google Test' will be built
-- Check if compiler accepts -pthread
-- Check if compiler accepts -pthread - yes
-- Added test 'copyright' to check source files copyright and LICENSE
-- Added test 'cppcheck' to perform static code analysis on C / C++ code
-- Configured cppcheck include dirs: /home/cityu/autoware/src/universe/autoware.universe/simulator/fault_injection/include
-- Configured cppcheck exclude dirs and/or files: 
-- Added test 'lint_cmake' to check CMake code style
-- Added test 'xmllint' to check XML markup files
-- Configuring done
-- Generating done
-- Build files have been written to: /home/cityu/autoware/build/fault_injection
[35m[1mScanning dependencies of target gtest[0m
[  9%] [32mBuilding CXX object gtest/CMakeFiles/gtest.dir/src/gtest-all.cc.o[0m
[ 18%] [32m[1mLinking CXX static library libgtest.a[0m
[ 18%] Built target gtest
[35m[1mScanning dependencies of target fault_injection_node[0m
[35m[1mScanning dependencies of target gtest_main[0m
[ 27%] [32mBuilding CXX object gtest/CMakeFiles/gtest_main.dir/src/gtest_main.cc.o[0m
[ 36%] [32mBuilding CXX object CMakeFiles/fault_injection_node.dir/rclcpp_components/node_main_fault_injection_node.cpp.o[0m
[ 45%] [32m[1mLinking CXX static library libgtest_main.a[0m
[ 45%] Built target gtest_main
[35m[1mScanning dependencies of target fault_injection_node_component[0m
[ 54%] [32mBuilding CXX object CMakeFiles/fault_injection_node_component.dir/src/fault_injection_node/fault_injection_node.cpp.o[0m
[ 63%] [32m[1mLinking CXX executable fault_injection_node[0m
[ 63%] Built target fault_injection_node
[ 72%] [32m[1mLinking CXX shared library libfault_injection_node_component.so[0m
[ 72%] Built target fault_injection_node_component
[35m[1mScanning dependencies of target test_fault_injection_node_component[0m
[ 81%] [32mBuilding CXX object CMakeFiles/test_fault_injection_node_component.dir/test/src/main.cpp.o[0m
[ 90%] [32mBuilding CXX object CMakeFiles/test_fault_injection_node_component.dir/test/src/test_diagnostic_storage.cpp.o[0m
[100%] [32m[1mLinking CXX executable test_fault_injection_node_component[0m
[100%] Built target test_fault_injection_node_component
-- Install configuration: "Release"
-- Execute custom install script
-- Symlinking: /home/cityu/autoware/install/fault_injection/lib/fault_injection/fault_injection_node
-- Symlinking: /home/cityu/autoware/install/fault_injection/share/fault_injection//config/test_event_diag.param.yaml
-- Symlinking: /home/cityu/autoware/install/fault_injection/share/fault_injection//launch/test_fault_injection.launch.xml
-- Symlinking: /home/cityu/autoware/install/fault_injection/include/fault_injection/diagnostic_storage.hpp
-- Symlinking: /home/cityu/autoware/install/fault_injection/include/fault_injection/fault_injection_node.hpp
-- Symlinking: /home/cityu/autoware/install/fault_injection/share/fault_injection/environment/library_path.sh
-- Symlinking: /home/cityu/autoware/install/fault_injection/share/fault_injection/environment/library_path.dsv
-- Symlinking: /home/cityu/autoware/install/fault_injection/lib/libfault_injection_node_component.so
-- Symlinking: /home/cityu/autoware/install/fault_injection/share/fault_injection/config/fault_injection.param.yaml
-- Symlinking: /home/cityu/autoware/install/fault_injection/share/fault_injection/launch/fault_injection.launch.xml
-- Symlinking: /home/cityu/autoware/install/fault_injection/share/ament_index/resource_index/package_run_dependencies/fault_injection
-- Symlinking: /home/cityu/autoware/install/fault_injection/share/ament_index/resource_index/parent_prefix_path/fault_injection
-- Symlinking: /home/cityu/autoware/install/fault_injection/share/fault_injection/environment/ament_prefix_path.sh
-- Symlinking: /home/cityu/autoware/install/fault_injection/share/fault_injection/environment/ament_prefix_path.dsv
-- Symlinking: /home/cityu/autoware/install/fault_injection/share/fault_injection/environment/path.sh
-- Symlinking: /home/cityu/autoware/install/fault_injection/share/fault_injection/environment/path.dsv
-- Symlinking: /home/cityu/autoware/install/fault_injection/share/fault_injection/local_setup.bash
-- Symlinking: /home/cityu/autoware/install/fault_injection/share/fault_injection/local_setup.sh
-- Symlinking: /home/cityu/autoware/install/fault_injection/share/fault_injection/local_setup.zsh
-- Symlinking: /home/cityu/autoware/install/fault_injection/share/fault_injection/local_setup.dsv
-- Symlinking: /home/cityu/autoware/install/fault_injection/share/fault_injection/package.dsv
-- Symlinking: /home/cityu/autoware/install/fault_injection/share/ament_index/resource_index/packages/fault_injection
-- Symlinking: /home/cityu/autoware/install/fault_injection/share/ament_index/resource_index/rclcpp_components/fault_injection
-- Symlinking: /home/cityu/autoware/install/fault_injection/share/fault_injection/cmake/ament_cmake_export_dependencies-extras.cmake
-- Symlinking: /home/cityu/autoware/install/fault_injection/share/fault_injection/cmake/ament_cmake_export_include_directories-extras.cmake
-- Symlinking: /home/cityu/autoware/install/fault_injection/share/fault_injection/cmake/ament_cmake_export_libraries-extras.cmake
-- Symlinking: /home/cityu/autoware/install/fault_injection/share/fault_injection/cmake/fault_injectionConfig.cmake
-- Symlinking: /home/cityu/autoware/install/fault_injection/share/fault_injection/cmake/fault_injectionConfig-version.cmake
-- Symlinking: /home/cityu/autoware/install/fault_injection/share/fault_injection/package.xml
