CMake Warning:
  Manually-specified variables were not used by the project:

    DOWNLOAD_ARTIFACTS


-- Found autoware_cmake: 0.1.0 (/home/cityu/autoware/install/autoware_cmake/share/autoware_cmake/cmake)
-- Found ament_cmake_auto: 1.1.6 (/opt/ros/galactic/share/ament_cmake_auto/cmake)
-- Using PYTHON_EXECUTABLE: /usr/bin/python3
-- Override CMake install command with custom implementation using symlinks instead of copying resources
-- Found ament_lint_auto: 0.10.7 (/opt/ros/galactic/share/ament_lint_auto/cmake)
-- Added test 'copyright' to check source files copyright and LICENSE
-- Added test 'lint_cmake' to check CMake code style
-- Added test 'xmllint' to check XML markup files
-- Configuring done
-- Generating done
-- Build files have been written to: /home/cityu/autoware/build/tier4_system_launch
-- Install configuration: "Release"
-- Execute custom install script
-- Up-to-date symlink: /home/cityu/autoware/install/tier4_system_launch/share/tier4_system_launch/launch/system.launch.xml
-- Up-to-date symlink: /home/cityu/autoware/install/tier4_system_launch/share/tier4_system_launch/config/component_state_monitor/topics.yaml
-- Up-to-date symlink: /home/cityu/autoware/install/tier4_system_launch/share/tier4_system_launch/config/emergency_handler/emergency_handler.param.yaml
-- Up-to-date symlink: /home/cityu/autoware/install/tier4_system_launch/share/tier4_system_launch/config/mrm_comfortable_stop_operator/mrm_comfortable_stop_operator.param.yaml
-- Up-to-date symlink: /home/cityu/autoware/install/tier4_system_launch/share/tier4_system_launch/config/mrm_emergency_stop_operator/mrm_emergency_stop_operator.param.yaml
-- Up-to-date symlink: /home/cityu/autoware/install/tier4_system_launch/share/tier4_system_launch/config/system_error_monitor/diagnostic_aggregator/vehicle.param.yaml
-- Up-to-date symlink: /home/cityu/autoware/install/tier4_system_launch/share/tier4_system_launch/config/system_error_monitor/system_error_monitor.param.yaml
-- Up-to-date symlink: /home/cityu/autoware/install/tier4_system_launch/share/tier4_system_launch/config/system_error_monitor/system_error_monitor.planning_simulation.param.yaml
-- Up-to-date symlink: /home/cityu/autoware/install/tier4_system_launch/share/tier4_system_launch/config/system_monitor/cpu_monitor.param.yaml
-- Up-to-date symlink: /home/cityu/autoware/install/tier4_system_launch/share/tier4_system_launch/config/system_monitor/gpu_monitor.param.yaml
-- Up-to-date symlink: /home/cityu/autoware/install/tier4_system_launch/share/tier4_system_launch/config/system_monitor/hdd_monitor.param.yaml
-- Up-to-date symlink: /home/cityu/autoware/install/tier4_system_launch/share/tier4_system_launch/config/system_monitor/mem_monitor.param.yaml
-- Up-to-date symlink: /home/cityu/autoware/install/tier4_system_launch/share/tier4_system_launch/config/system_monitor/net_monitor.param.yaml
-- Up-to-date symlink: /home/cityu/autoware/install/tier4_system_launch/share/tier4_system_launch/config/system_monitor/ntp_monitor.param.yaml
-- Up-to-date symlink: /home/cityu/autoware/install/tier4_system_launch/share/tier4_system_launch/config/system_monitor/process_monitor.param.yaml
-- Up-to-date symlink: /home/cityu/autoware/install/tier4_system_launch/share/tier4_system_launch/config/system_monitor/voltage_monitor.param.yaml
-- Up-to-date symlink: /home/cityu/autoware/install/tier4_system_launch/share/ament_index/resource_index/package_run_dependencies/tier4_system_launch
-- Up-to-date symlink: /home/cityu/autoware/install/tier4_system_launch/share/ament_index/resource_index/parent_prefix_path/tier4_system_launch
-- Up-to-date symlink: /home/cityu/autoware/install/tier4_system_launch/share/tier4_system_launch/environment/ament_prefix_path.sh
-- Up-to-date symlink: /home/cityu/autoware/install/tier4_system_launch/share/tier4_system_launch/environment/ament_prefix_path.dsv
-- Up-to-date symlink: /home/cityu/autoware/install/tier4_system_launch/share/tier4_system_launch/environment/path.sh
-- Up-to-date symlink: /home/cityu/autoware/install/tier4_system_launch/share/tier4_system_launch/environment/path.dsv
-- Up-to-date symlink: /home/cityu/autoware/install/tier4_system_launch/share/tier4_system_launch/local_setup.bash
-- Up-to-date symlink: /home/cityu/autoware/install/tier4_system_launch/share/tier4_system_launch/local_setup.sh
-- Up-to-date symlink: /home/cityu/autoware/install/tier4_system_launch/share/tier4_system_launch/local_setup.zsh
-- Up-to-date symlink: /home/cityu/autoware/install/tier4_system_launch/share/tier4_system_launch/local_setup.dsv
-- Symlinking: /home/cityu/autoware/install/tier4_system_launch/share/tier4_system_launch/package.dsv
-- Up-to-date symlink: /home/cityu/autoware/install/tier4_system_launch/share/ament_index/resource_index/packages/tier4_system_launch
-- Up-to-date symlink: /home/cityu/autoware/install/tier4_system_launch/share/tier4_system_launch/cmake/tier4_system_launchConfig.cmake
-- Up-to-date symlink: /home/cityu/autoware/install/tier4_system_launch/share/tier4_system_launch/cmake/tier4_system_launchConfig-version.cmake
-- Up-to-date symlink: /home/cityu/autoware/install/tier4_system_launch/share/tier4_system_launch/package.xml
