[0.213s] Invoking command in '/home/cityu/autoware/build/ekf_localizer': AMENT_PREFIX_PATH=/home/cityu/autoware/install/tier4_autoware_utils:/home/cityu/autoware/install/kalman_filter:/home/cityu/autoware/install/autoware_auto_vehicle_msgs:/home/cityu/autoware/install/autoware_cmake:/home/cityu/autoware/install/autoware_auto_planning_msgs:/home/cityu/autoware/install/autoware_auto_perception_msgs:/home/cityu/autoware/install/tier4_debug_msgs:/home/cityu/autoware/install/autoware_lint_common:/home/cityu/autoware/install/autoware_auto_mapping_msgs:/home/cityu/autoware/install/autoware_auto_geometry_msgs:${AMENT_PREFIX_PATH} CMAKE_PREFIX_PATH=/home/cityu/autoware/install/tier4_autoware_utils:/home/cityu/autoware/install/kalman_filter:/home/cityu/autoware/install/autoware_auto_vehicle_msgs:/home/cityu/autoware/install/autoware_cmake:/home/cityu/autoware/install/autoware_auto_planning_msgs:/home/cityu/autoware/install/autoware_auto_perception_msgs:/home/cityu/autoware/install/tier4_debug_msgs:/home/cityu/autoware/install/autoware_lint_common:/home/cityu/autoware/install/autoware_auto_mapping_msgs:/home/cityu/autoware/install/autoware_auto_geometry_msgs:/opt/ros/galactic LD_LIBRARY_PATH=/home/cityu/autoware/install/tier4_autoware_utils/lib:/home/cityu/autoware/install/kalman_filter/lib:/home/cityu/autoware/install/autoware_auto_vehicle_msgs/lib:/home/cityu/autoware/install/autoware_auto_planning_msgs/lib:/home/cityu/autoware/install/autoware_auto_perception_msgs/lib:/home/cityu/autoware/install/tier4_debug_msgs/lib:/home/cityu/autoware/install/autoware_auto_mapping_msgs/lib:/home/cityu/autoware/install/autoware_auto_geometry_msgs/lib:${LD_LIBRARY_PATH} PYTHONPATH=/home/cityu/autoware/install/autoware_auto_vehicle_msgs/lib/python3.8/site-packages:/home/cityu/autoware/install/autoware_auto_planning_msgs/lib/python3.8/site-packages:/home/cityu/autoware/install/autoware_auto_perception_msgs/lib/python3.8/site-packages:/home/cityu/autoware/install/tier4_debug_msgs/lib/python3.8/site-packages:/home/cityu/autoware/install/autoware_auto_mapping_msgs/lib/python3.8/site-packages:/home/cityu/autoware/install/autoware_auto_geometry_msgs/lib/python3.8/site-packages:${PYTHONPATH} /usr/bin/cmake --build /home/cityu/autoware/build/ekf_localizer -- -j16 -l16
[0.263s] [ 20%] Built target gtest_main
[0.264s] [ 20%] Built target gtest
[0.285s] [ 50%] Built target ekf_localizer_lib
[0.313s] [ 70%] Built target test_measurement
[0.313s] [ 70%] Built target test_numeric
[0.313s] [ 80%] Built target test_mahalanobis
[0.313s] [ 90%] Built target test_state_transition
[0.326s] [100%] Built target ekf_localizer
[0.508s] Invoked command in '/home/cityu/autoware/build/ekf_localizer' returned '0': AMENT_PREFIX_PATH=/home/cityu/autoware/install/tier4_autoware_utils:/home/cityu/autoware/install/kalman_filter:/home/cityu/autoware/install/autoware_auto_vehicle_msgs:/home/cityu/autoware/install/autoware_cmake:/home/cityu/autoware/install/autoware_auto_planning_msgs:/home/cityu/autoware/install/autoware_auto_perception_msgs:/home/cityu/autoware/install/tier4_debug_msgs:/home/cityu/autoware/install/autoware_lint_common:/home/cityu/autoware/install/autoware_auto_mapping_msgs:/home/cityu/autoware/install/autoware_auto_geometry_msgs:${AMENT_PREFIX_PATH} CMAKE_PREFIX_PATH=/home/cityu/autoware/install/tier4_autoware_utils:/home/cityu/autoware/install/kalman_filter:/home/cityu/autoware/install/autoware_auto_vehicle_msgs:/home/cityu/autoware/install/autoware_cmake:/home/cityu/autoware/install/autoware_auto_planning_msgs:/home/cityu/autoware/install/autoware_auto_perception_msgs:/home/cityu/autoware/install/tier4_debug_msgs:/home/cityu/autoware/install/autoware_lint_common:/home/cityu/autoware/install/autoware_auto_mapping_msgs:/home/cityu/autoware/install/autoware_auto_geometry_msgs:/opt/ros/galactic LD_LIBRARY_PATH=/home/cityu/autoware/install/tier4_autoware_utils/lib:/home/cityu/autoware/install/kalman_filter/lib:/home/cityu/autoware/install/autoware_auto_vehicle_msgs/lib:/home/cityu/autoware/install/autoware_auto_planning_msgs/lib:/home/cityu/autoware/install/autoware_auto_perception_msgs/lib:/home/cityu/autoware/install/tier4_debug_msgs/lib:/home/cityu/autoware/install/autoware_auto_mapping_msgs/lib:/home/cityu/autoware/install/autoware_auto_geometry_msgs/lib:${LD_LIBRARY_PATH} PYTHONPATH=/home/cityu/autoware/install/autoware_auto_vehicle_msgs/lib/python3.8/site-packages:/home/cityu/autoware/install/autoware_auto_planning_msgs/lib/python3.8/site-packages:/home/cityu/autoware/install/autoware_auto_perception_msgs/lib/python3.8/site-packages:/home/cityu/autoware/install/tier4_debug_msgs/lib/python3.8/site-packages:/home/cityu/autoware/install/autoware_auto_mapping_msgs/lib/python3.8/site-packages:/home/cityu/autoware/install/autoware_auto_geometry_msgs/lib/python3.8/site-packages:${PYTHONPATH} /usr/bin/cmake --build /home/cityu/autoware/build/ekf_localizer -- -j16 -l16
[0.752s] Invoking command in '/home/cityu/autoware/build/ekf_localizer': AMENT_PREFIX_PATH=/home/cityu/autoware/install/tier4_autoware_utils:/home/cityu/autoware/install/kalman_filter:/home/cityu/autoware/install/autoware_auto_vehicle_msgs:/home/cityu/autoware/install/autoware_cmake:/home/cityu/autoware/install/autoware_auto_planning_msgs:/home/cityu/autoware/install/autoware_auto_perception_msgs:/home/cityu/autoware/install/tier4_debug_msgs:/home/cityu/autoware/install/autoware_lint_common:/home/cityu/autoware/install/autoware_auto_mapping_msgs:/home/cityu/autoware/install/autoware_auto_geometry_msgs:${AMENT_PREFIX_PATH} CMAKE_PREFIX_PATH=/home/cityu/autoware/install/tier4_autoware_utils:/home/cityu/autoware/install/kalman_filter:/home/cityu/autoware/install/autoware_auto_vehicle_msgs:/home/cityu/autoware/install/autoware_cmake:/home/cityu/autoware/install/autoware_auto_planning_msgs:/home/cityu/autoware/install/autoware_auto_perception_msgs:/home/cityu/autoware/install/tier4_debug_msgs:/home/cityu/autoware/install/autoware_lint_common:/home/cityu/autoware/install/autoware_auto_mapping_msgs:/home/cityu/autoware/install/autoware_auto_geometry_msgs:/opt/ros/galactic LD_LIBRARY_PATH=/home/cityu/autoware/install/tier4_autoware_utils/lib:/home/cityu/autoware/install/kalman_filter/lib:/home/cityu/autoware/install/autoware_auto_vehicle_msgs/lib:/home/cityu/autoware/install/autoware_auto_planning_msgs/lib:/home/cityu/autoware/install/autoware_auto_perception_msgs/lib:/home/cityu/autoware/install/tier4_debug_msgs/lib:/home/cityu/autoware/install/autoware_auto_mapping_msgs/lib:/home/cityu/autoware/install/autoware_auto_geometry_msgs/lib:${LD_LIBRARY_PATH} PYTHONPATH=/home/cityu/autoware/install/autoware_auto_vehicle_msgs/lib/python3.8/site-packages:/home/cityu/autoware/install/autoware_auto_planning_msgs/lib/python3.8/site-packages:/home/cityu/autoware/install/autoware_auto_perception_msgs/lib/python3.8/site-packages:/home/cityu/autoware/install/tier4_debug_msgs/lib/python3.8/site-packages:/home/cityu/autoware/install/autoware_auto_mapping_msgs/lib/python3.8/site-packages:/home/cityu/autoware/install/autoware_auto_geometry_msgs/lib/python3.8/site-packages:${PYTHONPATH} /usr/bin/cmake --install /home/cityu/autoware/build/ekf_localizer
[0.906s] -- Install configuration: "Release"
[0.907s] -- Execute custom install script
[0.907s] -- Up-to-date symlink: /home/cityu/autoware/install/ekf_localizer/include/ekf_localizer/covariance.hpp
[0.907s] -- Up-to-date symlink: /home/cityu/autoware/install/ekf_localizer/include/ekf_localizer/ekf_localizer.hpp
[0.907s] -- Up-to-date symlink: /home/cityu/autoware/install/ekf_localizer/include/ekf_localizer/hyper_parameters.hpp
[0.907s] -- Up-to-date symlink: /home/cityu/autoware/install/ekf_localizer/include/ekf_localizer/mahalanobis.hpp
[0.908s] -- Up-to-date symlink: /home/cityu/autoware/install/ekf_localizer/include/ekf_localizer/matrix_types.hpp
[0.908s] -- Up-to-date symlink: /home/cityu/autoware/install/ekf_localizer/include/ekf_localizer/measurement.hpp
[0.908s] -- Up-to-date symlink: /home/cityu/autoware/install/ekf_localizer/include/ekf_localizer/numeric.hpp
[0.908s] -- Up-to-date symlink: /home/cityu/autoware/install/ekf_localizer/include/ekf_localizer/state_index.hpp
[0.908s] -- Up-to-date symlink: /home/cityu/autoware/install/ekf_localizer/include/ekf_localizer/state_transition.hpp
[0.908s] -- Up-to-date symlink: /home/cityu/autoware/install/ekf_localizer/include/ekf_localizer/warning.hpp
[0.908s] -- Up-to-date symlink: /home/cityu/autoware/install/ekf_localizer/share/ekf_localizer/environment/library_path.sh
[0.908s] -- Up-to-date symlink: /home/cityu/autoware/install/ekf_localizer/share/ekf_localizer/environment/library_path.dsv
[0.908s] -- Up-to-date symlink: /home/cityu/autoware/install/ekf_localizer/lib/libekf_localizer_lib.so
[0.908s] -- Up-to-date symlink: /home/cityu/autoware/install/ekf_localizer/lib/ekf_localizer/ekf_localizer
[0.908s] -- Up-to-date symlink: /home/cityu/autoware/install/ekf_localizer/share/ekf_localizer/launch/ekf_localizer.launch.xml
[0.908s] -- Up-to-date symlink: /home/cityu/autoware/install/ekf_localizer/share/ament_index/resource_index/package_run_dependencies/ekf_localizer
[0.908s] -- Up-to-date symlink: /home/cityu/autoware/install/ekf_localizer/share/ament_index/resource_index/parent_prefix_path/ekf_localizer
[0.908s] -- Up-to-date symlink: /home/cityu/autoware/install/ekf_localizer/share/ekf_localizer/environment/ament_prefix_path.sh
[0.909s] -- Up-to-date symlink: /home/cityu/autoware/install/ekf_localizer/share/ekf_localizer/environment/ament_prefix_path.dsv
[0.909s] -- Up-to-date symlink: /home/cityu/autoware/install/ekf_localizer/share/ekf_localizer/environment/path.sh
[0.909s] -- Up-to-date symlink: /home/cityu/autoware/install/ekf_localizer/share/ekf_localizer/environment/path.dsv
[0.909s] -- Up-to-date symlink: /home/cityu/autoware/install/ekf_localizer/share/ekf_localizer/local_setup.bash
[0.909s] -- Up-to-date symlink: /home/cityu/autoware/install/ekf_localizer/share/ekf_localizer/local_setup.sh
[0.909s] -- Up-to-date symlink: /home/cityu/autoware/install/ekf_localizer/share/ekf_localizer/local_setup.zsh
[0.909s] -- Up-to-date symlink: /home/cityu/autoware/install/ekf_localizer/share/ekf_localizer/local_setup.dsv
[0.909s] -- Symlinking: /home/cityu/autoware/install/ekf_localizer/share/ekf_localizer/package.dsv
[0.909s] -- Up-to-date symlink: /home/cityu/autoware/install/ekf_localizer/share/ament_index/resource_index/packages/ekf_localizer
[0.909s] -- Up-to-date symlink: /home/cityu/autoware/install/ekf_localizer/share/ekf_localizer/cmake/ament_cmake_export_dependencies-extras.cmake
[0.909s] -- Up-to-date symlink: /home/cityu/autoware/install/ekf_localizer/share/ekf_localizer/cmake/ament_cmake_export_include_directories-extras.cmake
[0.909s] -- Up-to-date symlink: /home/cityu/autoware/install/ekf_localizer/share/ekf_localizer/cmake/ament_cmake_export_libraries-extras.cmake
[0.910s] -- Up-to-date symlink: /home/cityu/autoware/install/ekf_localizer/share/ekf_localizer/cmake/ekf_localizerConfig.cmake
[0.910s] -- Up-to-date symlink: /home/cityu/autoware/install/ekf_localizer/share/ekf_localizer/cmake/ekf_localizerConfig-version.cmake
[0.910s] -- Up-to-date symlink: /home/cityu/autoware/install/ekf_localizer/share/ekf_localizer/package.xml
[0.945s] Invoked command in '/home/cityu/autoware/build/ekf_localizer' returned '0': AMENT_PREFIX_PATH=/home/cityu/autoware/install/tier4_autoware_utils:/home/cityu/autoware/install/kalman_filter:/home/cityu/autoware/install/autoware_auto_vehicle_msgs:/home/cityu/autoware/install/autoware_cmake:/home/cityu/autoware/install/autoware_auto_planning_msgs:/home/cityu/autoware/install/autoware_auto_perception_msgs:/home/cityu/autoware/install/tier4_debug_msgs:/home/cityu/autoware/install/autoware_lint_common:/home/cityu/autoware/install/autoware_auto_mapping_msgs:/home/cityu/autoware/install/autoware_auto_geometry_msgs:${AMENT_PREFIX_PATH} CMAKE_PREFIX_PATH=/home/cityu/autoware/install/tier4_autoware_utils:/home/cityu/autoware/install/kalman_filter:/home/cityu/autoware/install/autoware_auto_vehicle_msgs:/home/cityu/autoware/install/autoware_cmake:/home/cityu/autoware/install/autoware_auto_planning_msgs:/home/cityu/autoware/install/autoware_auto_perception_msgs:/home/cityu/autoware/install/tier4_debug_msgs:/home/cityu/autoware/install/autoware_lint_common:/home/cityu/autoware/install/autoware_auto_mapping_msgs:/home/cityu/autoware/install/autoware_auto_geometry_msgs:/opt/ros/galactic LD_LIBRARY_PATH=/home/cityu/autoware/install/tier4_autoware_utils/lib:/home/cityu/autoware/install/kalman_filter/lib:/home/cityu/autoware/install/autoware_auto_vehicle_msgs/lib:/home/cityu/autoware/install/autoware_auto_planning_msgs/lib:/home/cityu/autoware/install/autoware_auto_perception_msgs/lib:/home/cityu/autoware/install/tier4_debug_msgs/lib:/home/cityu/autoware/install/autoware_auto_mapping_msgs/lib:/home/cityu/autoware/install/autoware_auto_geometry_msgs/lib:${LD_LIBRARY_PATH} PYTHONPATH=/home/cityu/autoware/install/autoware_auto_vehicle_msgs/lib/python3.8/site-packages:/home/cityu/autoware/install/autoware_auto_planning_msgs/lib/python3.8/site-packages:/home/cityu/autoware/install/autoware_auto_perception_msgs/lib/python3.8/site-packages:/home/cityu/autoware/install/tier4_debug_msgs/lib/python3.8/site-packages:/home/cityu/autoware/install/autoware_auto_mapping_msgs/lib/python3.8/site-packages:/home/cityu/autoware/install/autoware_auto_geometry_msgs/lib/python3.8/site-packages:${PYTHONPATH} /usr/bin/cmake --install /home/cityu/autoware/build/ekf_localizer
