-- Found autoware_cmake: 0.1.0 (/home/cityu/autoware/install/autoware_cmake/share/autoware_cmake/cmake)
-- Found ament_cmake_auto: 1.1.6 (/opt/ros/galactic/share/ament_cmake_auto/cmake)
-- Using PYTHON_EXECUTABLE: /usr/bin/python3
-- Override CMake install command with custom implementation using symlinks instead of copying resources
-- Using all available rosidl_typesupport_c: rosidl_typesupport_fastrtps_c;rosidl_typesupport_introspection_c
-- Found rosidl_adapter: 2.2.3 (/opt/ros/galactic/share/rosidl_adapter/cmake)
-- Using all available rosidl_typesupport_cpp: rosidl_typesupport_fastrtps_cpp;rosidl_typesupport_introspection_cpp
-- Found rmw_implementation_cmake: 3.3.1 (/opt/ros/galactic/share/rmw_implementation_cmake/cmake)
-- Found rmw_cyclonedds_cpp: 0.22.6 (/opt/ros/galactic/share/rmw_cyclonedds_cpp/cmake)
-- Using RMW implementation 'rmw_cyclonedds_cpp' as default
-- Found eigen3_cmake_module: 0.1.1 (/opt/ros/galactic/share/eigen3_cmake_module/cmake)
-- Found ament_lint_auto: 0.10.7 (/opt/ros/galactic/share/ament_lint_auto/cmake)
-- Added test 'copyright' to check source files copyright and LICENSE
-- Added test 'cppcheck' to perform static code analysis on C / C++ code
-- Configured cppcheck include dirs: /home/cityu/autoware/src/universe/autoware.universe/sensing/imu_corrector/include
-- Configured cppcheck exclude dirs and/or files: 
-- Added test 'lint_cmake' to check CMake code style
-- Added test 'xmllint' to check XML markup files
-- Configuring done
-- Generating done
-- Build files have been written to: /home/cityu/autoware/build/imu_corrector
CMake Warning:
  Manually-specified variables were not used by the project:

    DOWNLOAD_ARTIFACTS


[ 50%] Built target imu_corrector
[ 75%] [32m[1mLinking CXX shared library libimu_corrector_node.so[0m
[100%] Built target imu_corrector_node
-- Install configuration: "Release"
-- Execute custom install script
-- Up-to-date symlink: /home/cityu/autoware/install/imu_corrector/lib/imu_corrector/imu_corrector
-- Up-to-date symlink: /home/cityu/autoware/install/imu_corrector/include/imu_corrector/imu_corrector_core.hpp
-- Up-to-date symlink: /home/cityu/autoware/install/imu_corrector/share/imu_corrector/environment/library_path.sh
-- Up-to-date symlink: /home/cityu/autoware/install/imu_corrector/share/imu_corrector/environment/library_path.dsv
-- Up-to-date symlink: /home/cityu/autoware/install/imu_corrector/lib/libimu_corrector_node.so
-- Up-to-date symlink: /home/cityu/autoware/install/imu_corrector/share/imu_corrector/launch/imu_corrector.launch.xml
-- Up-to-date symlink: /home/cityu/autoware/install/imu_corrector/share/imu_corrector/config/imu_corrector.param.yaml
-- Up-to-date symlink: /home/cityu/autoware/install/imu_corrector/share/ament_index/resource_index/package_run_dependencies/imu_corrector
-- Up-to-date symlink: /home/cityu/autoware/install/imu_corrector/share/ament_index/resource_index/parent_prefix_path/imu_corrector
-- Up-to-date symlink: /home/cityu/autoware/install/imu_corrector/share/imu_corrector/environment/ament_prefix_path.sh
-- Up-to-date symlink: /home/cityu/autoware/install/imu_corrector/share/imu_corrector/environment/ament_prefix_path.dsv
-- Up-to-date symlink: /home/cityu/autoware/install/imu_corrector/share/imu_corrector/environment/path.sh
-- Up-to-date symlink: /home/cityu/autoware/install/imu_corrector/share/imu_corrector/environment/path.dsv
-- Up-to-date symlink: /home/cityu/autoware/install/imu_corrector/share/imu_corrector/local_setup.bash
-- Up-to-date symlink: /home/cityu/autoware/install/imu_corrector/share/imu_corrector/local_setup.sh
-- Up-to-date symlink: /home/cityu/autoware/install/imu_corrector/share/imu_corrector/local_setup.zsh
-- Up-to-date symlink: /home/cityu/autoware/install/imu_corrector/share/imu_corrector/local_setup.dsv
-- Symlinking: /home/cityu/autoware/install/imu_corrector/share/imu_corrector/package.dsv
-- Up-to-date symlink: /home/cityu/autoware/install/imu_corrector/share/ament_index/resource_index/packages/imu_corrector
-- Up-to-date symlink: /home/cityu/autoware/install/imu_corrector/share/ament_index/resource_index/rclcpp_components/imu_corrector
-- Up-to-date symlink: /home/cityu/autoware/install/imu_corrector/share/imu_corrector/cmake/ament_cmake_export_dependencies-extras.cmake
-- Up-to-date symlink: /home/cityu/autoware/install/imu_corrector/share/imu_corrector/cmake/ament_cmake_export_include_directories-extras.cmake
-- Up-to-date symlink: /home/cityu/autoware/install/imu_corrector/share/imu_corrector/cmake/ament_cmake_export_libraries-extras.cmake
-- Up-to-date symlink: /home/cityu/autoware/install/imu_corrector/share/imu_corrector/cmake/imu_correctorConfig.cmake
-- Up-to-date symlink: /home/cityu/autoware/install/imu_corrector/share/imu_corrector/cmake/imu_correctorConfig-version.cmake
-- Up-to-date symlink: /home/cityu/autoware/install/imu_corrector/share/imu_corrector/package.xml
