[0.098s] Invoking command in '/home/cityu/autoware/build/shape_estimation': AMENT_PREFIX_PATH=/home/cityu/autoware/install/tier4_autoware_utils:/home/cityu/autoware/install/tier4_perception_msgs:/home/cityu/autoware/install/autoware_auto_vehicle_msgs:/home/cityu/autoware/install/autoware_cmake:/home/cityu/autoware/install/autoware_auto_planning_msgs:/home/cityu/autoware/install/autoware_auto_perception_msgs:/home/cityu/autoware/install/tier4_debug_msgs:/home/cityu/autoware/install/autoware_lint_common:/home/cityu/autoware/install/autoware_auto_mapping_msgs:/home/cityu/autoware/install/autoware_auto_geometry_msgs:${AMENT_PREFIX_PATH} CMAKE_PREFIX_PATH=/home/cityu/autoware/install/tier4_autoware_utils:/home/cityu/autoware/install/tier4_perception_msgs:/home/cityu/autoware/install/autoware_auto_vehicle_msgs:/home/cityu/autoware/install/autoware_cmake:/home/cityu/autoware/install/autoware_auto_planning_msgs:/home/cityu/autoware/install/autoware_auto_perception_msgs:/home/cityu/autoware/install/tier4_debug_msgs:/home/cityu/autoware/install/autoware_lint_common:/home/cityu/autoware/install/autoware_auto_mapping_msgs:/home/cityu/autoware/install/autoware_auto_geometry_msgs:/opt/ros/galactic LD_LIBRARY_PATH=/home/cityu/autoware/install/tier4_autoware_utils/lib:/home/cityu/autoware/install/tier4_perception_msgs/lib:/home/cityu/autoware/install/autoware_auto_vehicle_msgs/lib:/home/cityu/autoware/install/autoware_auto_planning_msgs/lib:/home/cityu/autoware/install/autoware_auto_perception_msgs/lib:/home/cityu/autoware/install/tier4_debug_msgs/lib:/home/cityu/autoware/install/autoware_auto_mapping_msgs/lib:/home/cityu/autoware/install/autoware_auto_geometry_msgs/lib:${LD_LIBRARY_PATH} PYTHONPATH=/home/cityu/autoware/install/tier4_perception_msgs/lib/python3.8/site-packages:/home/cityu/autoware/install/autoware_auto_vehicle_msgs/lib/python3.8/site-packages:/home/cityu/autoware/install/autoware_auto_planning_msgs/lib/python3.8/site-packages:/home/cityu/autoware/install/autoware_auto_perception_msgs/lib/python3.8/site-packages:/home/cityu/autoware/install/tier4_debug_msgs/lib/python3.8/site-packages:/home/cityu/autoware/install/autoware_auto_mapping_msgs/lib/python3.8/site-packages:/home/cityu/autoware/install/autoware_auto_geometry_msgs/lib/python3.8/site-packages:${PYTHONPATH} /usr/bin/cmake /home/cityu/autoware/src/universe/autoware.universe/perception/shape_estimation -DCMAKE_BUILD_TYPE=Release -DAMENT_CMAKE_SYMLINK_INSTALL=1 -DCMAKE_INSTALL_PREFIX=/home/cityu/autoware/install/shape_estimation
[19.860s] -- The C compiler identification is GNU 9.4.0
[19.860s] -- The CXX compiler identification is GNU 9.4.0
[19.860s] -- Check for working C compiler: /usr/bin/cc
[19.861s] -- Check for working C compiler: /usr/bin/cc -- works
[19.861s] -- Detecting C compiler ABI info
[19.861s] -- Detecting C compiler ABI info - done
[19.861s] -- Detecting C compile features
[19.861s] -- Detecting C compile features - done
[19.862s] -- Check for working CXX compiler: /usr/bin/c++
[19.862s] -- Check for working CXX compiler: /usr/bin/c++ -- works
[19.862s] -- Detecting CXX compiler ABI info
[19.862s] -- Detecting CXX compiler ABI info - done
[19.862s] -- Detecting CXX compile features
[19.862s] -- Detecting CXX compile features - done
[19.862s] -- Found autoware_cmake: 0.1.0 (/home/cityu/autoware/install/autoware_cmake/share/autoware_cmake/cmake)
[19.863s] -- Found ament_cmake_auto: 1.1.6 (/opt/ros/galactic/share/ament_cmake_auto/cmake)
[19.863s] -- Found PythonInterp: /usr/bin/python3 (found suitable version "3.8.10", minimum required is "3") 
[19.863s] -- Using PYTHON_EXECUTABLE: /usr/bin/python3
[19.863s] -- Override CMake install command with custom implementation using symlinks instead of copying resources
[19.870s] -- Using all available rosidl_typesupport_c: rosidl_typesupport_fastrtps_c;rosidl_typesupport_introspection_c
[19.881s] -- Found rosidl_adapter: 2.2.3 (/opt/ros/galactic/share/rosidl_adapter/cmake)
[19.882s] -- Found OpenSSL: /usr/lib/x86_64-linux-gnu/libcrypto.so (found version "1.1.1f")  
[19.882s] -- Found FastRTPS: /opt/ros/galactic/include  
[19.882s] -- Using all available rosidl_typesupport_cpp: rosidl_typesupport_fastrtps_cpp;rosidl_typesupport_introspection_cpp
[19.883s] -- Found rmw_implementation_cmake: 3.3.1 (/opt/ros/galactic/share/rmw_implementation_cmake/cmake)
[19.883s] -- Found rmw_cyclonedds_cpp: 0.22.6 (/opt/ros/galactic/share/rmw_cyclonedds_cpp/cmake)
[19.883s] -- Using RMW implementation 'rmw_cyclonedds_cpp' as default
[19.883s] -- Looking for pthread.h
[19.883s] -- Looking for pthread.h - found
[19.883s] -- Performing Test CMAKE_HAVE_LIBC_PTHREAD
[19.883s] -- Performing Test CMAKE_HAVE_LIBC_PTHREAD - Failed
[19.883s] -- Looking for pthread_create in pthreads
[19.884s] -- Looking for pthread_create in pthreads - not found
[19.884s] -- Looking for pthread_create in pthread
[19.884s] -- Looking for pthread_create in pthread - found
[19.884s] -- Found Threads: TRUE  
[19.884s] -- Found Eigen3: TRUE (found version "3.3.7") 
[19.884s] -- Found ament_lint_auto: 0.10.7 (/opt/ros/galactic/share/ament_lint_auto/cmake)
[19.885s] -- Checking for module 'eigen3'
[19.885s] --   Found eigen3, version 3.3.7
[19.885s] -- Found Eigen: /usr/include/eigen3 (Required is at least version "3.1") 
[19.885s] -- Eigen found (include: /usr/include/eigen3, version: 3.3.7)
[19.885s] -- Found Boost: /usr/include (found suitable version "1.71.0", minimum required is "1.55.0") found components: system filesystem date_time iostreams regex 
[19.885s] -- looking for PCL_COMMON
[19.885s] -- Found PCL_COMMON: /usr/lib/x86_64-linux-gnu/libpcl_common.so  
[19.892s] -- Found PCL: pcl_common;/usr/lib/x86_64-linux-gnu/libboost_system.so;/usr/lib/x86_64-linux-gnu/libboost_filesystem.so;/usr/lib/x86_64-linux-gnu/libboost_date_time.so;/usr/lib/x86_64-linux-gnu/libboost_iostreams.so;/usr/lib/x86_64-linux-gnu/libboost_regex.so  
[19.893s] -- Found OpenCV: /usr (found version "4.2.0") 
[19.893s] -- Added test 'copyright' to check source files copyright and LICENSE
[19.893s] -- Added test 'cppcheck' to perform static code analysis on C / C++ code
[19.894s] -- Configured cppcheck include dirs: /home/cityu/autoware/src/universe/autoware.universe/perception/shape_estimation/include;$<BUILD_INTERFACE:/home/cityu/autoware/src/universe/autoware.universe/perception/shape_estimation/include>;/home/cityu/autoware/src/universe/autoware.universe/perception/shape_estimation/src
[19.894s] -- Configured cppcheck exclude dirs and/or files: 
[19.894s] -- Added test 'lint_cmake' to check CMake code style
[19.894s] -- Added test 'xmllint' to check XML markup files
[19.894s] -- Configuring done
[19.894s] -- Generating done
[19.894s] -- Build files have been written to: /home/cityu/autoware/build/shape_estimation
[19.948s] Invoked command in '/home/cityu/autoware/build/shape_estimation' returned '0': AMENT_PREFIX_PATH=/home/cityu/autoware/install/tier4_autoware_utils:/home/cityu/autoware/install/tier4_perception_msgs:/home/cityu/autoware/install/autoware_auto_vehicle_msgs:/home/cityu/autoware/install/autoware_cmake:/home/cityu/autoware/install/autoware_auto_planning_msgs:/home/cityu/autoware/install/autoware_auto_perception_msgs:/home/cityu/autoware/install/tier4_debug_msgs:/home/cityu/autoware/install/autoware_lint_common:/home/cityu/autoware/install/autoware_auto_mapping_msgs:/home/cityu/autoware/install/autoware_auto_geometry_msgs:${AMENT_PREFIX_PATH} CMAKE_PREFIX_PATH=/home/cityu/autoware/install/tier4_autoware_utils:/home/cityu/autoware/install/tier4_perception_msgs:/home/cityu/autoware/install/autoware_auto_vehicle_msgs:/home/cityu/autoware/install/autoware_cmake:/home/cityu/autoware/install/autoware_auto_planning_msgs:/home/cityu/autoware/install/autoware_auto_perception_msgs:/home/cityu/autoware/install/tier4_debug_msgs:/home/cityu/autoware/install/autoware_lint_common:/home/cityu/autoware/install/autoware_auto_mapping_msgs:/home/cityu/autoware/install/autoware_auto_geometry_msgs:/opt/ros/galactic LD_LIBRARY_PATH=/home/cityu/autoware/install/tier4_autoware_utils/lib:/home/cityu/autoware/install/tier4_perception_msgs/lib:/home/cityu/autoware/install/autoware_auto_vehicle_msgs/lib:/home/cityu/autoware/install/autoware_auto_planning_msgs/lib:/home/cityu/autoware/install/autoware_auto_perception_msgs/lib:/home/cityu/autoware/install/tier4_debug_msgs/lib:/home/cityu/autoware/install/autoware_auto_mapping_msgs/lib:/home/cityu/autoware/install/autoware_auto_geometry_msgs/lib:${LD_LIBRARY_PATH} PYTHONPATH=/home/cityu/autoware/install/tier4_perception_msgs/lib/python3.8/site-packages:/home/cityu/autoware/install/autoware_auto_vehicle_msgs/lib/python3.8/site-packages:/home/cityu/autoware/install/autoware_auto_planning_msgs/lib/python3.8/site-packages:/home/cityu/autoware/install/autoware_auto_perception_msgs/lib/python3.8/site-packages:/home/cityu/autoware/install/tier4_debug_msgs/lib/python3.8/site-packages:/home/cityu/autoware/install/autoware_auto_mapping_msgs/lib/python3.8/site-packages:/home/cityu/autoware/install/autoware_auto_geometry_msgs/lib/python3.8/site-packages:${PYTHONPATH} /usr/bin/cmake /home/cityu/autoware/src/universe/autoware.universe/perception/shape_estimation -DCMAKE_BUILD_TYPE=Release -DAMENT_CMAKE_SYMLINK_INSTALL=1 -DCMAKE_INSTALL_PREFIX=/home/cityu/autoware/install/shape_estimation
[19.949s] Invoking command in '/home/cityu/autoware/build/shape_estimation': AMENT_PREFIX_PATH=/home/cityu/autoware/install/tier4_autoware_utils:/home/cityu/autoware/install/tier4_perception_msgs:/home/cityu/autoware/install/autoware_auto_vehicle_msgs:/home/cityu/autoware/install/autoware_cmake:/home/cityu/autoware/install/autoware_auto_planning_msgs:/home/cityu/autoware/install/autoware_auto_perception_msgs:/home/cityu/autoware/install/tier4_debug_msgs:/home/cityu/autoware/install/autoware_lint_common:/home/cityu/autoware/install/autoware_auto_mapping_msgs:/home/cityu/autoware/install/autoware_auto_geometry_msgs:${AMENT_PREFIX_PATH} CMAKE_PREFIX_PATH=/home/cityu/autoware/install/tier4_autoware_utils:/home/cityu/autoware/install/tier4_perception_msgs:/home/cityu/autoware/install/autoware_auto_vehicle_msgs:/home/cityu/autoware/install/autoware_cmake:/home/cityu/autoware/install/autoware_auto_planning_msgs:/home/cityu/autoware/install/autoware_auto_perception_msgs:/home/cityu/autoware/install/tier4_debug_msgs:/home/cityu/autoware/install/autoware_lint_common:/home/cityu/autoware/install/autoware_auto_mapping_msgs:/home/cityu/autoware/install/autoware_auto_geometry_msgs:/opt/ros/galactic LD_LIBRARY_PATH=/home/cityu/autoware/install/tier4_autoware_utils/lib:/home/cityu/autoware/install/tier4_perception_msgs/lib:/home/cityu/autoware/install/autoware_auto_vehicle_msgs/lib:/home/cityu/autoware/install/autoware_auto_planning_msgs/lib:/home/cityu/autoware/install/autoware_auto_perception_msgs/lib:/home/cityu/autoware/install/tier4_debug_msgs/lib:/home/cityu/autoware/install/autoware_auto_mapping_msgs/lib:/home/cityu/autoware/install/autoware_auto_geometry_msgs/lib:${LD_LIBRARY_PATH} PYTHONPATH=/home/cityu/autoware/install/tier4_perception_msgs/lib/python3.8/site-packages:/home/cityu/autoware/install/autoware_auto_vehicle_msgs/lib/python3.8/site-packages:/home/cityu/autoware/install/autoware_auto_planning_msgs/lib/python3.8/site-packages:/home/cityu/autoware/install/autoware_auto_perception_msgs/lib/python3.8/site-packages:/home/cityu/autoware/install/tier4_debug_msgs/lib/python3.8/site-packages:/home/cityu/autoware/install/autoware_auto_mapping_msgs/lib/python3.8/site-packages:/home/cityu/autoware/install/autoware_auto_geometry_msgs/lib/python3.8/site-packages:${PYTHONPATH} /usr/bin/cmake --build /home/cityu/autoware/build/shape_estimation -- -j16 -l16
[38.190s] [35m[1mScanning dependencies of target shape_estimation[0m
[38.191s] [  6%] [32mBuilding CXX object CMakeFiles/shape_estimation.dir/rclcpp_components/node_main_shape_estimation.cpp.o[0m
[38.195s] [ 12%] [32m[1mLinking CXX executable shape_estimation[0m
[38.195s] [ 12%] Built target shape_estimation
[38.195s] [35m[1mScanning dependencies of target shape_estimation_lib[0m
[38.195s] [ 18%] [32mBuilding CXX object CMakeFiles/shape_estimation_lib.dir/lib/shape_estimator.cpp.o[0m
[38.195s] [ 25%] [32mBuilding CXX object CMakeFiles/shape_estimation_lib.dir/lib/model/bounding_box.cpp.o[0m
[45.184s] [ 31%] [32mBuilding CXX object CMakeFiles/shape_estimation_lib.dir/lib/corrector/utils.cpp.o[0m
[46.100s] [ 37%] [32mBuilding CXX object CMakeFiles/shape_estimation_lib.dir/lib/corrector/no_corrector.cpp.o[0m
[72.111s] [ 43%] [32mBuilding CXX object CMakeFiles/shape_estimation_lib.dir/lib/filter/utils.cpp.o[0m
[73.062s] [ 50%] [32mBuilding CXX object CMakeFiles/shape_estimation_lib.dir/lib/filter/no_filter.cpp.o[0m
[74.045s] [ 62%] [32mBuilding CXX object CMakeFiles/shape_estimation_lib.dir/lib/filter/truck_filter.cpp.o[0m
[74.046s] [ 62%] [32mBuilding CXX object CMakeFiles/shape_estimation_lib.dir/lib/filter/bus_filter.cpp.o[0m
[75.161s] [ 68%] [32mBuilding CXX object CMakeFiles/shape_estimation_lib.dir/lib/filter/car_filter.cpp.o[0m
[75.263s] [ 75%] [32mBuilding CXX object CMakeFiles/shape_estimation_lib.dir/lib/model/cylinder.cpp.o[0m
[76.927s] [ 81%] [32mBuilding CXX object CMakeFiles/shape_estimation_lib.dir/lib/model/convex_hull.cpp.o[0m
[97.753s] [ 87%] [32m[1mLinking CXX shared library libshape_estimation_lib.so[0m
[99.179s] [ 87%] Built target shape_estimation_lib
[99.196s] [35m[1mScanning dependencies of target shape_estimation_node[0m
[99.308s] [ 93%] [32mBuilding CXX object CMakeFiles/shape_estimation_node.dir/src/node.cpp.o[0m
[137.789s] [100%] [32m[1mLinking CXX shared library libshape_estimation_node.so[0m
[139.922s] [100%] Built target shape_estimation_node
[139.984s] Invoked command in '/home/cityu/autoware/build/shape_estimation' returned '0': AMENT_PREFIX_PATH=/home/cityu/autoware/install/tier4_autoware_utils:/home/cityu/autoware/install/tier4_perception_msgs:/home/cityu/autoware/install/autoware_auto_vehicle_msgs:/home/cityu/autoware/install/autoware_cmake:/home/cityu/autoware/install/autoware_auto_planning_msgs:/home/cityu/autoware/install/autoware_auto_perception_msgs:/home/cityu/autoware/install/tier4_debug_msgs:/home/cityu/autoware/install/autoware_lint_common:/home/cityu/autoware/install/autoware_auto_mapping_msgs:/home/cityu/autoware/install/autoware_auto_geometry_msgs:${AMENT_PREFIX_PATH} CMAKE_PREFIX_PATH=/home/cityu/autoware/install/tier4_autoware_utils:/home/cityu/autoware/install/tier4_perception_msgs:/home/cityu/autoware/install/autoware_auto_vehicle_msgs:/home/cityu/autoware/install/autoware_cmake:/home/cityu/autoware/install/autoware_auto_planning_msgs:/home/cityu/autoware/install/autoware_auto_perception_msgs:/home/cityu/autoware/install/tier4_debug_msgs:/home/cityu/autoware/install/autoware_lint_common:/home/cityu/autoware/install/autoware_auto_mapping_msgs:/home/cityu/autoware/install/autoware_auto_geometry_msgs:/opt/ros/galactic LD_LIBRARY_PATH=/home/cityu/autoware/install/tier4_autoware_utils/lib:/home/cityu/autoware/install/tier4_perception_msgs/lib:/home/cityu/autoware/install/autoware_auto_vehicle_msgs/lib:/home/cityu/autoware/install/autoware_auto_planning_msgs/lib:/home/cityu/autoware/install/autoware_auto_perception_msgs/lib:/home/cityu/autoware/install/tier4_debug_msgs/lib:/home/cityu/autoware/install/autoware_auto_mapping_msgs/lib:/home/cityu/autoware/install/autoware_auto_geometry_msgs/lib:${LD_LIBRARY_PATH} PYTHONPATH=/home/cityu/autoware/install/tier4_perception_msgs/lib/python3.8/site-packages:/home/cityu/autoware/install/autoware_auto_vehicle_msgs/lib/python3.8/site-packages:/home/cityu/autoware/install/autoware_auto_planning_msgs/lib/python3.8/site-packages:/home/cityu/autoware/install/autoware_auto_perception_msgs/lib/python3.8/site-packages:/home/cityu/autoware/install/tier4_debug_msgs/lib/python3.8/site-packages:/home/cityu/autoware/install/autoware_auto_mapping_msgs/lib/python3.8/site-packages:/home/cityu/autoware/install/autoware_auto_geometry_msgs/lib/python3.8/site-packages:${PYTHONPATH} /usr/bin/cmake --build /home/cityu/autoware/build/shape_estimation -- -j16 -l16
[140.815s] Invoking command in '/home/cityu/autoware/build/shape_estimation': AMENT_PREFIX_PATH=/home/cityu/autoware/install/tier4_autoware_utils:/home/cityu/autoware/install/tier4_perception_msgs:/home/cityu/autoware/install/autoware_auto_vehicle_msgs:/home/cityu/autoware/install/autoware_cmake:/home/cityu/autoware/install/autoware_auto_planning_msgs:/home/cityu/autoware/install/autoware_auto_perception_msgs:/home/cityu/autoware/install/tier4_debug_msgs:/home/cityu/autoware/install/autoware_lint_common:/home/cityu/autoware/install/autoware_auto_mapping_msgs:/home/cityu/autoware/install/autoware_auto_geometry_msgs:${AMENT_PREFIX_PATH} CMAKE_PREFIX_PATH=/home/cityu/autoware/install/tier4_autoware_utils:/home/cityu/autoware/install/tier4_perception_msgs:/home/cityu/autoware/install/autoware_auto_vehicle_msgs:/home/cityu/autoware/install/autoware_cmake:/home/cityu/autoware/install/autoware_auto_planning_msgs:/home/cityu/autoware/install/autoware_auto_perception_msgs:/home/cityu/autoware/install/tier4_debug_msgs:/home/cityu/autoware/install/autoware_lint_common:/home/cityu/autoware/install/autoware_auto_mapping_msgs:/home/cityu/autoware/install/autoware_auto_geometry_msgs:/opt/ros/galactic LD_LIBRARY_PATH=/home/cityu/autoware/install/tier4_autoware_utils/lib:/home/cityu/autoware/install/tier4_perception_msgs/lib:/home/cityu/autoware/install/autoware_auto_vehicle_msgs/lib:/home/cityu/autoware/install/autoware_auto_planning_msgs/lib:/home/cityu/autoware/install/autoware_auto_perception_msgs/lib:/home/cityu/autoware/install/tier4_debug_msgs/lib:/home/cityu/autoware/install/autoware_auto_mapping_msgs/lib:/home/cityu/autoware/install/autoware_auto_geometry_msgs/lib:${LD_LIBRARY_PATH} PYTHONPATH=/home/cityu/autoware/install/tier4_perception_msgs/lib/python3.8/site-packages:/home/cityu/autoware/install/autoware_auto_vehicle_msgs/lib/python3.8/site-packages:/home/cityu/autoware/install/autoware_auto_planning_msgs/lib/python3.8/site-packages:/home/cityu/autoware/install/autoware_auto_perception_msgs/lib/python3.8/site-packages:/home/cityu/autoware/install/tier4_debug_msgs/lib/python3.8/site-packages:/home/cityu/autoware/install/autoware_auto_mapping_msgs/lib/python3.8/site-packages:/home/cityu/autoware/install/autoware_auto_geometry_msgs/lib/python3.8/site-packages:${PYTHONPATH} /usr/bin/cmake --install /home/cityu/autoware/build/shape_estimation
[150.831s] -- Install configuration: "Release"
[150.831s] -- Execute custom install script
[150.831s] -- Symlinking: /home/cityu/autoware/install/shape_estimation/lib/shape_estimation/shape_estimation
[150.831s] -- Symlinking: /home/cityu/autoware/install/shape_estimation/include/shape_estimation/corrector/bus_corrector.hpp
[150.831s] -- Symlinking: /home/cityu/autoware/install/shape_estimation/include/shape_estimation/corrector/car_corrector.hpp
[150.831s] -- Symlinking: /home/cityu/autoware/install/shape_estimation/include/shape_estimation/corrector/corrector.hpp
[150.831s] -- Symlinking: /home/cityu/autoware/install/shape_estimation/include/shape_estimation/corrector/corrector_interface.hpp
[150.831s] -- Symlinking: /home/cityu/autoware/install/shape_estimation/include/shape_estimation/corrector/no_corrector.hpp
[150.831s] -- Symlinking: /home/cityu/autoware/install/shape_estimation/include/shape_estimation/corrector/reference_shape_size_corrector.hpp
[150.832s] -- Symlinking: /home/cityu/autoware/install/shape_estimation/include/shape_estimation/corrector/truck_corrector.hpp
[150.832s] -- Symlinking: /home/cityu/autoware/install/shape_estimation/include/shape_estimation/corrector/utils.hpp
[150.832s] -- Symlinking: /home/cityu/autoware/install/shape_estimation/include/shape_estimation/corrector/vehicle_corrector.hpp
[150.832s] -- Symlinking: /home/cityu/autoware/install/shape_estimation/include/shape_estimation/filter/bus_filter.hpp
[150.832s] -- Symlinking: /home/cityu/autoware/install/shape_estimation/include/shape_estimation/filter/car_filter.hpp
[150.833s] -- Symlinking: /home/cityu/autoware/install/shape_estimation/include/shape_estimation/filter/filter.hpp
[150.833s] -- Symlinking: /home/cityu/autoware/install/shape_estimation/include/shape_estimation/filter/filter_interface.hpp
[150.833s] -- Symlinking: /home/cityu/autoware/install/shape_estimation/include/shape_estimation/filter/no_filter.hpp
[150.833s] -- Symlinking: /home/cityu/autoware/install/shape_estimation/include/shape_estimation/filter/truck_filter.hpp
[150.833s] -- Symlinking: /home/cityu/autoware/install/shape_estimation/include/shape_estimation/filter/utils.hpp
[150.833s] -- Symlinking: /home/cityu/autoware/install/shape_estimation/include/shape_estimation/model/bounding_box.hpp
[150.833s] -- Symlinking: /home/cityu/autoware/install/shape_estimation/include/shape_estimation/model/convex_hull.hpp
[150.833s] -- Symlinking: /home/cityu/autoware/install/shape_estimation/include/shape_estimation/model/cylinder.hpp
[150.834s] -- Symlinking: /home/cityu/autoware/install/shape_estimation/include/shape_estimation/model/model.hpp
[150.834s] -- Symlinking: /home/cityu/autoware/install/shape_estimation/include/shape_estimation/model/model_interface.hpp
[150.834s] -- Symlinking: /home/cityu/autoware/install/shape_estimation/include/shape_estimation/shape_estimator.hpp
[150.834s] -- Symlinking: /home/cityu/autoware/install/shape_estimation/share/shape_estimation/environment/library_path.sh
[150.834s] -- Symlinking: /home/cityu/autoware/install/shape_estimation/share/shape_estimation/environment/library_path.dsv
[150.834s] -- Symlinking: /home/cityu/autoware/install/shape_estimation/lib/libshape_estimation_lib.so
[150.834s] -- Symlinking: /home/cityu/autoware/install/shape_estimation/lib/libshape_estimation_node.so
[150.834s] -- Symlinking: /home/cityu/autoware/install/shape_estimation/share/shape_estimation/launch/shape_estimation.launch.xml
[150.834s] -- Symlinking: /home/cityu/autoware/install/shape_estimation/share/ament_index/resource_index/package_run_dependencies/shape_estimation
[150.835s] -- Symlinking: /home/cityu/autoware/install/shape_estimation/share/ament_index/resource_index/parent_prefix_path/shape_estimation
[150.835s] -- Symlinking: /home/cityu/autoware/install/shape_estimation/share/shape_estimation/environment/ament_prefix_path.sh
[150.835s] -- Symlinking: /home/cityu/autoware/install/shape_estimation/share/shape_estimation/environment/ament_prefix_path.dsv
[150.835s] -- Symlinking: /home/cityu/autoware/install/shape_estimation/share/shape_estimation/environment/path.sh
[150.835s] -- Symlinking: /home/cityu/autoware/install/shape_estimation/share/shape_estimation/environment/path.dsv
[150.835s] -- Symlinking: /home/cityu/autoware/install/shape_estimation/share/shape_estimation/local_setup.bash
[150.835s] -- Symlinking: /home/cityu/autoware/install/shape_estimation/share/shape_estimation/local_setup.sh
[150.835s] -- Symlinking: /home/cityu/autoware/install/shape_estimation/share/shape_estimation/local_setup.zsh
[150.835s] -- Symlinking: /home/cityu/autoware/install/shape_estimation/share/shape_estimation/local_setup.dsv
[150.835s] -- Symlinking: /home/cityu/autoware/install/shape_estimation/share/shape_estimation/package.dsv
[150.836s] -- Symlinking: /home/cityu/autoware/install/shape_estimation/share/ament_index/resource_index/packages/shape_estimation
[150.836s] -- Symlinking: /home/cityu/autoware/install/shape_estimation/share/ament_index/resource_index/rclcpp_components/shape_estimation
[150.836s] -- Symlinking: /home/cityu/autoware/install/shape_estimation/share/shape_estimation/cmake/ament_cmake_export_dependencies-extras.cmake
[150.836s] -- Symlinking: /home/cityu/autoware/install/shape_estimation/share/shape_estimation/cmake/ament_cmake_export_include_directories-extras.cmake
[150.836s] -- Symlinking: /home/cityu/autoware/install/shape_estimation/share/shape_estimation/cmake/ament_cmake_export_libraries-extras.cmake
[150.836s] -- Symlinking: /home/cityu/autoware/install/shape_estimation/share/shape_estimation/cmake/shape_estimationConfig.cmake
[150.836s] -- Symlinking: /home/cityu/autoware/install/shape_estimation/share/shape_estimation/cmake/shape_estimationConfig-version.cmake
[150.836s] -- Symlinking: /home/cityu/autoware/install/shape_estimation/share/shape_estimation/package.xml
[151.078s] Invoked command in '/home/cityu/autoware/build/shape_estimation' returned '0': AMENT_PREFIX_PATH=/home/cityu/autoware/install/tier4_autoware_utils:/home/cityu/autoware/install/tier4_perception_msgs:/home/cityu/autoware/install/autoware_auto_vehicle_msgs:/home/cityu/autoware/install/autoware_cmake:/home/cityu/autoware/install/autoware_auto_planning_msgs:/home/cityu/autoware/install/autoware_auto_perception_msgs:/home/cityu/autoware/install/tier4_debug_msgs:/home/cityu/autoware/install/autoware_lint_common:/home/cityu/autoware/install/autoware_auto_mapping_msgs:/home/cityu/autoware/install/autoware_auto_geometry_msgs:${AMENT_PREFIX_PATH} CMAKE_PREFIX_PATH=/home/cityu/autoware/install/tier4_autoware_utils:/home/cityu/autoware/install/tier4_perception_msgs:/home/cityu/autoware/install/autoware_auto_vehicle_msgs:/home/cityu/autoware/install/autoware_cmake:/home/cityu/autoware/install/autoware_auto_planning_msgs:/home/cityu/autoware/install/autoware_auto_perception_msgs:/home/cityu/autoware/install/tier4_debug_msgs:/home/cityu/autoware/install/autoware_lint_common:/home/cityu/autoware/install/autoware_auto_mapping_msgs:/home/cityu/autoware/install/autoware_auto_geometry_msgs:/opt/ros/galactic LD_LIBRARY_PATH=/home/cityu/autoware/install/tier4_autoware_utils/lib:/home/cityu/autoware/install/tier4_perception_msgs/lib:/home/cityu/autoware/install/autoware_auto_vehicle_msgs/lib:/home/cityu/autoware/install/autoware_auto_planning_msgs/lib:/home/cityu/autoware/install/autoware_auto_perception_msgs/lib:/home/cityu/autoware/install/tier4_debug_msgs/lib:/home/cityu/autoware/install/autoware_auto_mapping_msgs/lib:/home/cityu/autoware/install/autoware_auto_geometry_msgs/lib:${LD_LIBRARY_PATH} PYTHONPATH=/home/cityu/autoware/install/tier4_perception_msgs/lib/python3.8/site-packages:/home/cityu/autoware/install/autoware_auto_vehicle_msgs/lib/python3.8/site-packages:/home/cityu/autoware/install/autoware_auto_planning_msgs/lib/python3.8/site-packages:/home/cityu/autoware/install/autoware_auto_perception_msgs/lib/python3.8/site-packages:/home/cityu/autoware/install/tier4_debug_msgs/lib/python3.8/site-packages:/home/cityu/autoware/install/autoware_auto_mapping_msgs/lib/python3.8/site-packages:/home/cityu/autoware/install/autoware_auto_geometry_msgs/lib/python3.8/site-packages:${PYTHONPATH} /usr/bin/cmake --install /home/cityu/autoware/build/shape_estimation
