[0.114s] Invoking command in '/home/cityu/autoware/build/bluetooth_monitor': AMENT_PREFIX_PATH=/home/cityu/autoware/install/autoware_cmake:/home/cityu/autoware/install/autoware_lint_common:${AMENT_PREFIX_PATH} CMAKE_PREFIX_PATH=/home/cityu/autoware/install/autoware_cmake:/home/cityu/autoware/install/autoware_lint_common:/opt/ros/galactic /usr/bin/cmake /home/cityu/autoware/src/universe/autoware.universe/system/bluetooth_monitor -DCMAKE_BUILD_TYPE=Release -DAMENT_CMAKE_SYMLINK_INSTALL=1 -DCMAKE_INSTALL_PREFIX=/home/cityu/autoware/install/bluetooth_monitor
[1.810s] -- The C compiler identification is GNU 9.4.0
[1.810s] -- The CXX compiler identification is GNU 9.4.0
[1.810s] -- Check for working C compiler: /usr/bin/cc
[1.810s] -- Check for working C compiler: /usr/bin/cc -- works
[1.810s] -- Detecting C compiler ABI info
[1.816s] -- Detecting C compiler ABI info - done
[1.820s] -- Detecting C compile features
[1.820s] -- Detecting C compile features - done
[1.820s] -- Check for working CXX compiler: /usr/bin/c++
[1.820s] -- Check for working CXX compiler: /usr/bin/c++ -- works
[1.821s] -- Detecting CXX compiler ABI info
[1.821s] -- Detecting CXX compiler ABI info - done
[1.821s] -- Detecting CXX compile features
[1.821s] -- Detecting CXX compile features - done
[1.821s] -- Found autoware_cmake: 0.1.0 (/home/cityu/autoware/install/autoware_cmake/share/autoware_cmake/cmake)
[1.821s] -- Found ament_cmake_auto: 1.1.6 (/opt/ros/galactic/share/ament_cmake_auto/cmake)
[1.821s] -- Found PythonInterp: /usr/bin/python3 (found suitable version "3.8.10", minimum required is "3") 
[1.821s] -- Using PYTHON_EXECUTABLE: /usr/bin/python3
[1.821s] -- Override CMake install command with custom implementation using symlinks instead of copying resources
[1.821s] -- Using all available rosidl_typesupport_c: rosidl_typesupport_fastrtps_c;rosidl_typesupport_introspection_c
[1.821s] -- Found rosidl_adapter: 2.2.3 (/opt/ros/galactic/share/rosidl_adapter/cmake)
[1.821s] -- Found OpenSSL: /usr/lib/x86_64-linux-gnu/libcrypto.so (found version "1.1.1f")  
[1.822s] -- Found FastRTPS: /opt/ros/galactic/include  
[1.822s] -- Using all available rosidl_typesupport_cpp: rosidl_typesupport_fastrtps_cpp;rosidl_typesupport_introspection_cpp
[1.822s] -- Found rmw_implementation_cmake: 3.3.1 (/opt/ros/galactic/share/rmw_implementation_cmake/cmake)
[1.822s] -- Found rmw_cyclonedds_cpp: 0.22.6 (/opt/ros/galactic/share/rmw_cyclonedds_cpp/cmake)
[1.822s] -- Using RMW implementation 'rmw_cyclonedds_cpp' as default
[1.822s] -- Looking for pthread.h
[1.824s] -- Looking for pthread.h - found
[1.824s] -- Performing Test CMAKE_HAVE_LIBC_PTHREAD
[1.941s] -- Performing Test CMAKE_HAVE_LIBC_PTHREAD - Failed
[1.942s] -- Looking for pthread_create in pthreads
[2.044s] -- Looking for pthread_create in pthreads - not found
[2.044s] -- Looking for pthread_create in pthread
[2.187s] -- Looking for pthread_create in pthread - found
[2.187s] -- Found Threads: TRUE  
[2.592s] -- Found ament_lint_auto: 0.10.7 (/opt/ros/galactic/share/ament_lint_auto/cmake)
[2.699s] -- Found Boost: /usr/lib/x86_64-linux-gnu/cmake/Boost-1.71.0/BoostConfig.cmake (found version "1.71.0") found components: serialization 
[2.718s] -- Added test 'copyright' to check source files copyright and LICENSE
[2.723s] -- Added test 'cppcheck' to perform static code analysis on C / C++ code
[2.724s] -- Configured cppcheck include dirs: /home/cityu/autoware/src/universe/autoware.universe/system/bluetooth_monitor/include
[2.724s] -- Configured cppcheck exclude dirs and/or files: 
[2.726s] -- Added test 'lint_cmake' to check CMake code style
[2.727s] -- Added test 'xmllint' to check XML markup files
[2.738s] -- Configuring done
[2.792s] -- Generating done
[2.796s] -- Build files have been written to: /home/cityu/autoware/build/bluetooth_monitor
[2.840s] Invoked command in '/home/cityu/autoware/build/bluetooth_monitor' returned '0': AMENT_PREFIX_PATH=/home/cityu/autoware/install/autoware_cmake:/home/cityu/autoware/install/autoware_lint_common:${AMENT_PREFIX_PATH} CMAKE_PREFIX_PATH=/home/cityu/autoware/install/autoware_cmake:/home/cityu/autoware/install/autoware_lint_common:/opt/ros/galactic /usr/bin/cmake /home/cityu/autoware/src/universe/autoware.universe/system/bluetooth_monitor -DCMAKE_BUILD_TYPE=Release -DAMENT_CMAKE_SYMLINK_INSTALL=1 -DCMAKE_INSTALL_PREFIX=/home/cityu/autoware/install/bluetooth_monitor
[2.841s] Invoking command in '/home/cityu/autoware/build/bluetooth_monitor': AMENT_PREFIX_PATH=/home/cityu/autoware/install/autoware_cmake:/home/cityu/autoware/install/autoware_lint_common:${AMENT_PREFIX_PATH} CMAKE_PREFIX_PATH=/home/cityu/autoware/install/autoware_cmake:/home/cityu/autoware/install/autoware_lint_common:/opt/ros/galactic /usr/bin/cmake --build /home/cityu/autoware/build/bluetooth_monitor -- -j16 -l16
[59.635s] [35m[1mScanning dependencies of target bluetooth_monitor[0m
[59.635s] [ 12%] [32mBuilding CXX object CMakeFiles/bluetooth_monitor.dir/rclcpp_components/node_main_bluetooth_monitor.cpp.o[0m
[59.636s] [ 25%] [32m[1mLinking CXX executable bluetooth_monitor[0m
[59.636s] [ 25%] Built target bluetooth_monitor
[59.636s] [35m[1mScanning dependencies of target bluetooth_monitor_lib[0m
[59.636s] [ 37%] [32mBuilding CXX object CMakeFiles/bluetooth_monitor_lib.dir/src/bluetooth_monitor.cpp.o[0m
[59.636s] [ 50%] [32m[1mLinking CXX shared library libbluetooth_monitor_lib.so[0m
[59.636s] [ 50%] Built target bluetooth_monitor_lib
[59.636s] [35m[1mScanning dependencies of target l2ping_service[0m
[59.636s] [ 62%] [32mBuilding CXX object CMakeFiles/l2ping_service.dir/service/main.cpp.o[0m
[59.636s] [ 75%] [32mBuilding CXX object CMakeFiles/l2ping_service.dir/service/l2ping.cpp.o[0m
[61.603s] [ 87%] [32mBuilding CXX object CMakeFiles/l2ping_service.dir/service/l2ping_service.cpp.o[0m
[70.329s] [100%] [32m[1mLinking CXX executable l2ping_service[0m
[70.567s] [100%] Built target l2ping_service
[70.608s] Invoked command in '/home/cityu/autoware/build/bluetooth_monitor' returned '0': AMENT_PREFIX_PATH=/home/cityu/autoware/install/autoware_cmake:/home/cityu/autoware/install/autoware_lint_common:${AMENT_PREFIX_PATH} CMAKE_PREFIX_PATH=/home/cityu/autoware/install/autoware_cmake:/home/cityu/autoware/install/autoware_lint_common:/opt/ros/galactic /usr/bin/cmake --build /home/cityu/autoware/build/bluetooth_monitor -- -j16 -l16
[70.654s] Invoking command in '/home/cityu/autoware/build/bluetooth_monitor': AMENT_PREFIX_PATH=/home/cityu/autoware/install/autoware_cmake:/home/cityu/autoware/install/autoware_lint_common:${AMENT_PREFIX_PATH} CMAKE_PREFIX_PATH=/home/cityu/autoware/install/autoware_cmake:/home/cityu/autoware/install/autoware_lint_common:/opt/ros/galactic /usr/bin/cmake --install /home/cityu/autoware/build/bluetooth_monitor
[92.064s] -- Install configuration: "Release"
[92.064s] -- Execute custom install script
[92.064s] -- Symlinking: /home/cityu/autoware/install/bluetooth_monitor/lib/bluetooth_monitor/bluetooth_monitor
[92.064s] -- Symlinking: /home/cityu/autoware/install/bluetooth_monitor/include/bluetooth_monitor/bluetooth_monitor.hpp
[92.064s] -- Symlinking: /home/cityu/autoware/install/bluetooth_monitor/include/bluetooth_monitor/service/l2ping.hpp
[92.064s] -- Symlinking: /home/cityu/autoware/install/bluetooth_monitor/include/bluetooth_monitor/service/l2ping_interface.hpp
[92.064s] -- Symlinking: /home/cityu/autoware/install/bluetooth_monitor/include/bluetooth_monitor/service/l2ping_service.hpp
[92.065s] -- Symlinking: /home/cityu/autoware/install/bluetooth_monitor/share/bluetooth_monitor/environment/library_path.sh
[92.065s] -- Symlinking: /home/cityu/autoware/install/bluetooth_monitor/share/bluetooth_monitor/environment/library_path.dsv
[92.065s] -- Symlinking: /home/cityu/autoware/install/bluetooth_monitor/lib/libbluetooth_monitor_lib.so
[92.065s] -- Symlinking: /home/cityu/autoware/install/bluetooth_monitor/lib/bluetooth_monitor/l2ping_service
[92.065s] -- Symlinking: /home/cityu/autoware/install/bluetooth_monitor/share/bluetooth_monitor/config/bluetooth_monitor.param.yaml
[92.065s] -- Symlinking: /home/cityu/autoware/install/bluetooth_monitor/share/bluetooth_monitor/launch/bluetooth_monitor.launch.xml
[92.065s] -- Symlinking: /home/cityu/autoware/install/bluetooth_monitor/share/ament_index/resource_index/package_run_dependencies/bluetooth_monitor
[92.065s] -- Symlinking: /home/cityu/autoware/install/bluetooth_monitor/share/ament_index/resource_index/parent_prefix_path/bluetooth_monitor
[92.065s] -- Symlinking: /home/cityu/autoware/install/bluetooth_monitor/share/bluetooth_monitor/environment/ament_prefix_path.sh
[92.066s] -- Symlinking: /home/cityu/autoware/install/bluetooth_monitor/share/bluetooth_monitor/environment/ament_prefix_path.dsv
[92.066s] -- Symlinking: /home/cityu/autoware/install/bluetooth_monitor/share/bluetooth_monitor/environment/path.sh
[92.066s] -- Symlinking: /home/cityu/autoware/install/bluetooth_monitor/share/bluetooth_monitor/environment/path.dsv
[92.066s] -- Symlinking: /home/cityu/autoware/install/bluetooth_monitor/share/bluetooth_monitor/local_setup.bash
[92.066s] -- Symlinking: /home/cityu/autoware/install/bluetooth_monitor/share/bluetooth_monitor/local_setup.sh
[92.066s] -- Symlinking: /home/cityu/autoware/install/bluetooth_monitor/share/bluetooth_monitor/local_setup.zsh
[92.066s] -- Symlinking: /home/cityu/autoware/install/bluetooth_monitor/share/bluetooth_monitor/local_setup.dsv
[92.066s] -- Symlinking: /home/cityu/autoware/install/bluetooth_monitor/share/bluetooth_monitor/package.dsv
[92.067s] -- Symlinking: /home/cityu/autoware/install/bluetooth_monitor/share/ament_index/resource_index/packages/bluetooth_monitor
[92.067s] -- Symlinking: /home/cityu/autoware/install/bluetooth_monitor/share/ament_index/resource_index/rclcpp_components/bluetooth_monitor
[92.067s] -- Symlinking: /home/cityu/autoware/install/bluetooth_monitor/share/bluetooth_monitor/cmake/ament_cmake_export_dependencies-extras.cmake
[92.067s] -- Symlinking: /home/cityu/autoware/install/bluetooth_monitor/share/bluetooth_monitor/cmake/ament_cmake_export_include_directories-extras.cmake
[92.067s] -- Symlinking: /home/cityu/autoware/install/bluetooth_monitor/share/bluetooth_monitor/cmake/ament_cmake_export_libraries-extras.cmake
[92.067s] -- Symlinking: /home/cityu/autoware/install/bluetooth_monitor/share/bluetooth_monitor/cmake/bluetooth_monitorConfig.cmake
[92.067s] -- Symlinking: /home/cityu/autoware/install/bluetooth_monitor/share/bluetooth_monitor/cmake/bluetooth_monitorConfig-version.cmake
[92.067s] -- Symlinking: /home/cityu/autoware/install/bluetooth_monitor/share/bluetooth_monitor/package.xml
[92.208s] Invoked command in '/home/cityu/autoware/build/bluetooth_monitor' returned '0': AMENT_PREFIX_PATH=/home/cityu/autoware/install/autoware_cmake:/home/cityu/autoware/install/autoware_lint_common:${AMENT_PREFIX_PATH} CMAKE_PREFIX_PATH=/home/cityu/autoware/install/autoware_cmake:/home/cityu/autoware/install/autoware_lint_common:/opt/ros/galactic /usr/bin/cmake --install /home/cityu/autoware/build/bluetooth_monitor
