[0.095s] Invoking command in '/home/cityu/autoware/build/autoware_control_msgs': CMAKE_PREFIX_PATH=/opt/ros/galactic /usr/bin/cmake /home/cityu/autoware/src/core/autoware_msgs/autoware_control_msgs -DCMAKE_BUILD_TYPE=Release -DDOWNLOAD_ARTIFACTS=ON -DAMENT_CMAKE_SYMLINK_INSTALL=1 -DCMAKE_INSTALL_PREFIX=/home/cityu/autoware/install/autoware_control_msgs
[0.235s] -- Found ament_cmake_auto: 1.1.6 (/opt/ros/galactic/share/ament_cmake_auto/cmake)
[0.235s] -- Found PythonInterp: /usr/bin/python3 (found suitable version "3.8.10", minimum required is "3") 
[0.235s] -- Using PYTHON_EXECUTABLE: /usr/bin/python3
[0.254s] -- Override CMake install command with custom implementation using symlinks instead of copying resources
[0.389s] -- Using all available rosidl_typesupport_c: rosidl_typesupport_fastrtps_c;rosidl_typesupport_introspection_c
[0.394s] -- Found rosidl_adapter: 2.2.3 (/opt/ros/galactic/share/rosidl_adapter/cmake)
[0.581s] -- Using all available rosidl_typesupport_cpp: rosidl_typesupport_fastrtps_cpp;rosidl_typesupport_introspection_cpp
[0.657s] -- Found PythonInterp: /usr/bin/python3 (found version "3.8.10") 
[0.749s] -- Found ament_cmake_cppcheck: 0.10.7 (/opt/ros/galactic/share/ament_cmake_cppcheck/cmake)
[0.750s] -- Found ament_cmake_cpplint: 0.10.7 (/opt/ros/galactic/share/ament_cmake_cpplint/cmake)
[0.751s] -- Found ament_cmake_uncrustify: 0.10.7 (/opt/ros/galactic/share/ament_cmake_uncrustify/cmake)
[0.753s] -- Found ament_cmake_ros: 0.9.2 (/opt/ros/galactic/share/ament_cmake_ros/cmake)
[0.908s] -- Using all available rosidl_typesupport_c: rosidl_typesupport_fastrtps_c;rosidl_typesupport_introspection_c
[0.934s] -- Using all available rosidl_typesupport_cpp: rosidl_typesupport_fastrtps_cpp;rosidl_typesupport_introspection_cpp
[0.986s] -- Found PythonInterp: /usr/bin/python3 (found suitable version "3.8.10", minimum required is "3.5") 
[0.986s] -- Found python_cmake_module: 0.8.1 (/opt/ros/galactic/share/python_cmake_module/cmake)
[1.001s] -- Using PYTHON_EXECUTABLE: /usr/bin/python3
[1.002s] -- Using PYTHON_INCLUDE_DIRS: /usr/include/python3.8
[1.002s] -- Using PYTHON_LIBRARIES: /usr/lib/x86_64-linux-gnu/libpython3.8.so
[1.033s] -- Found ament_cmake_flake8: 0.10.7 (/opt/ros/galactic/share/ament_cmake_flake8/cmake)
[1.034s] -- Found ament_cmake_pep257: 0.10.7 (/opt/ros/galactic/share/ament_cmake_pep257/cmake)
[1.034s] -- Found ament_lint_auto: 0.10.7 (/opt/ros/galactic/share/ament_lint_auto/cmake)
[1.051s] -- Added test 'copyright' to check source files copyright and LICENSE
[1.052s] -- Added test 'lint_cmake' to check CMake code style
[1.052s] -- Added test 'xmllint' to check XML markup files
[1.060s] -- Configuring done
[1.122s] -- Generating done
[1.123s] -- Build files have been written to: /home/cityu/autoware/build/autoware_control_msgs
[1.123s] CMake Warning:
[1.123s]   Manually-specified variables were not used by the project:
[1.124s] 
[1.124s]     DOWNLOAD_ARTIFACTS
[1.124s] 
[1.124s] 
[1.197s] Invoked command in '/home/cityu/autoware/build/autoware_control_msgs' returned '0': CMAKE_PREFIX_PATH=/opt/ros/galactic /usr/bin/cmake /home/cityu/autoware/src/core/autoware_msgs/autoware_control_msgs -DCMAKE_BUILD_TYPE=Release -DDOWNLOAD_ARTIFACTS=ON -DAMENT_CMAKE_SYMLINK_INSTALL=1 -DCMAKE_INSTALL_PREFIX=/home/cityu/autoware/install/autoware_control_msgs
[1.200s] Invoking command in '/home/cityu/autoware/build/autoware_control_msgs': CMAKE_PREFIX_PATH=/opt/ros/galactic /usr/bin/cmake --build /home/cityu/autoware/build/autoware_control_msgs -- -j16 -l16
[1.500s] [  1%] Built target autoware_control_msgs__cpp
[1.500s] [ 12%] Built target autoware_control_msgs__rosidl_generator_c
[1.501s] [ 23%] Built target autoware_control_msgs__rosidl_typesupport_cpp
[1.501s] [ 34%] Built target autoware_control_msgs__rosidl_typesupport_c
[1.501s] [ 45%] Built target autoware_control_msgs__rosidl_typesupport_introspection_c
[1.501s] [ 56%] Built target autoware_control_msgs__rosidl_typesupport_fastrtps_cpp
[1.501s] [ 67%] Built target autoware_control_msgs__rosidl_typesupport_introspection_cpp
[1.511s] [ 78%] Built target autoware_control_msgs__rosidl_typesupport_fastrtps_c
[1.539s] [ 78%] Built target autoware_control_msgs
[1.569s] [ 80%] Built target autoware_control_msgs__py
[1.629s] [ 89%] Built target autoware_control_msgs__python
[1.673s] [ 92%] Built target autoware_control_msgs__rosidl_typesupport_fastrtps_c__pyext
[1.709s] [ 96%] Built target autoware_control_msgs__rosidl_typesupport_introspection_c__pyext
[1.751s] [100%] Built target autoware_control_msgs__rosidl_typesupport_c__pyext
[1.785s] Invoked command in '/home/cityu/autoware/build/autoware_control_msgs' returned '0': CMAKE_PREFIX_PATH=/opt/ros/galactic /usr/bin/cmake --build /home/cityu/autoware/build/autoware_control_msgs -- -j16 -l16
[1.936s] Invoking command in '/home/cityu/autoware/build/autoware_control_msgs': CMAKE_PREFIX_PATH=/opt/ros/galactic /usr/bin/cmake --install /home/cityu/autoware/build/autoware_control_msgs
[2.256s] -- Install configuration: "Release"
[2.256s] -- Execute custom install script
[2.256s] -- Up-to-date symlink: /home/cityu/autoware/install/autoware_control_msgs/share/ament_index/resource_index/rosidl_interfaces/autoware_control_msgs
[2.257s] -- Up-to-date symlink: /home/cityu/autoware/install/autoware_control_msgs/include/autoware_control_msgs/msg/control.h
[2.257s] -- Up-to-date symlink: /home/cityu/autoware/install/autoware_control_msgs/include/autoware_control_msgs/msg/control_horizon.h
[2.257s] -- Up-to-date symlink: /home/cityu/autoware/install/autoware_control_msgs/include/autoware_control_msgs/msg/detail/control__functions.h
[2.258s] -- Up-to-date symlink: /home/cityu/autoware/install/autoware_control_msgs/include/autoware_control_msgs/msg/detail/control__struct.h
[2.264s] -- Up-to-date symlink: /home/cityu/autoware/install/autoware_control_msgs/include/autoware_control_msgs/msg/detail/control__type_support.h
[2.265s] -- Up-to-date symlink: /home/cityu/autoware/install/autoware_control_msgs/include/autoware_control_msgs/msg/detail/control_horizon__functions.h
[2.266s] -- Up-to-date symlink: /home/cityu/autoware/install/autoware_control_msgs/include/autoware_control_msgs/msg/detail/control_horizon__struct.h
[2.266s] -- Up-to-date symlink: /home/cityu/autoware/install/autoware_control_msgs/include/autoware_control_msgs/msg/detail/control_horizon__type_support.h
[2.266s] -- Up-to-date symlink: /home/cityu/autoware/install/autoware_control_msgs/include/autoware_control_msgs/msg/detail/lateral__functions.h
[2.266s] -- Up-to-date symlink: /home/cityu/autoware/install/autoware_control_msgs/include/autoware_control_msgs/msg/detail/lateral__struct.h
[2.267s] -- Up-to-date symlink: /home/cityu/autoware/install/autoware_control_msgs/include/autoware_control_msgs/msg/detail/lateral__type_support.h
[2.267s] -- Up-to-date symlink: /home/cityu/autoware/install/autoware_control_msgs/include/autoware_control_msgs/msg/detail/longitudinal__functions.h
[2.267s] -- Up-to-date symlink: /home/cityu/autoware/install/autoware_control_msgs/include/autoware_control_msgs/msg/detail/longitudinal__struct.h
[2.267s] -- Up-to-date symlink: /home/cityu/autoware/install/autoware_control_msgs/include/autoware_control_msgs/msg/detail/longitudinal__type_support.h
[2.267s] -- Up-to-date symlink: /home/cityu/autoware/install/autoware_control_msgs/include/autoware_control_msgs/msg/lateral.h
[2.267s] -- Up-to-date symlink: /home/cityu/autoware/install/autoware_control_msgs/include/autoware_control_msgs/msg/longitudinal.h
[2.268s] -- Up-to-date symlink: /home/cityu/autoware/install/autoware_control_msgs/include/autoware_control_msgs/msg/rosidl_generator_c__visibility_control.h
[2.268s] -- Up-to-date symlink: /home/cityu/autoware/install/autoware_control_msgs/share/autoware_control_msgs/environment/library_path.sh
[2.268s] -- Up-to-date symlink: /home/cityu/autoware/install/autoware_control_msgs/share/autoware_control_msgs/environment/library_path.dsv
[2.268s] -- Up-to-date symlink: /home/cityu/autoware/install/autoware_control_msgs/include/autoware_control_msgs/msg/detail/control__rosidl_typesupport_fastrtps_c.h
[2.268s] -- Up-to-date symlink: /home/cityu/autoware/install/autoware_control_msgs/include/autoware_control_msgs/msg/detail/control_horizon__rosidl_typesupport_fastrtps_c.h
[2.268s] -- Up-to-date symlink: /home/cityu/autoware/install/autoware_control_msgs/include/autoware_control_msgs/msg/detail/lateral__rosidl_typesupport_fastrtps_c.h
[2.268s] -- Up-to-date symlink: /home/cityu/autoware/install/autoware_control_msgs/include/autoware_control_msgs/msg/detail/longitudinal__rosidl_typesupport_fastrtps_c.h
[2.269s] -- Up-to-date symlink: /home/cityu/autoware/install/autoware_control_msgs/include/autoware_control_msgs/msg/rosidl_typesupport_fastrtps_c__visibility_control.h
[2.269s] -- Up-to-date symlink: /home/cityu/autoware/install/autoware_control_msgs/lib/libautoware_control_msgs__rosidl_typesupport_fastrtps_c.so
[2.269s] -- Up-to-date symlink: /home/cityu/autoware/install/autoware_control_msgs/include/autoware_control_msgs/msg/detail/control__rosidl_typesupport_fastrtps_cpp.hpp
[2.269s] -- Up-to-date symlink: /home/cityu/autoware/install/autoware_control_msgs/include/autoware_control_msgs/msg/detail/control_horizon__rosidl_typesupport_fastrtps_cpp.hpp
[2.269s] -- Up-to-date symlink: /home/cityu/autoware/install/autoware_control_msgs/include/autoware_control_msgs/msg/detail/lateral__rosidl_typesupport_fastrtps_cpp.hpp
[2.269s] -- Up-to-date symlink: /home/cityu/autoware/install/autoware_control_msgs/include/autoware_control_msgs/msg/detail/longitudinal__rosidl_typesupport_fastrtps_cpp.hpp
[2.269s] -- Up-to-date symlink: /home/cityu/autoware/install/autoware_control_msgs/include/autoware_control_msgs/msg/rosidl_typesupport_fastrtps_cpp__visibility_control.h
[2.276s] -- Up-to-date symlink: /home/cityu/autoware/install/autoware_control_msgs/lib/libautoware_control_msgs__rosidl_typesupport_fastrtps_cpp.so
[2.277s] -- Up-to-date symlink: /home/cityu/autoware/install/autoware_control_msgs/include/autoware_control_msgs/msg/detail/control__rosidl_typesupport_introspection_c.h
[2.277s] -- Up-to-date symlink: /home/cityu/autoware/install/autoware_control_msgs/include/autoware_control_msgs/msg/detail/control_horizon__rosidl_typesupport_introspection_c.h
[2.277s] -- Up-to-date symlink: /home/cityu/autoware/install/autoware_control_msgs/include/autoware_control_msgs/msg/detail/lateral__rosidl_typesupport_introspection_c.h
[2.277s] -- Up-to-date symlink: /home/cityu/autoware/install/autoware_control_msgs/include/autoware_control_msgs/msg/detail/longitudinal__rosidl_typesupport_introspection_c.h
[2.278s] -- Up-to-date symlink: /home/cityu/autoware/install/autoware_control_msgs/include/autoware_control_msgs/msg/rosidl_typesupport_introspection_c__visibility_control.h
[2.278s] -- Up-to-date symlink: /home/cityu/autoware/install/autoware_control_msgs/include/autoware_control_msgs/msg/control.hpp
[2.278s] -- Up-to-date symlink: /home/cityu/autoware/install/autoware_control_msgs/include/autoware_control_msgs/msg/control_horizon.hpp
[2.279s] -- Up-to-date symlink: /home/cityu/autoware/install/autoware_control_msgs/include/autoware_control_msgs/msg/detail/control__builder.hpp
[2.279s] -- Up-to-date symlink: /home/cityu/autoware/install/autoware_control_msgs/include/autoware_control_msgs/msg/detail/control__struct.hpp
[2.279s] -- Up-to-date symlink: /home/cityu/autoware/install/autoware_control_msgs/include/autoware_control_msgs/msg/detail/control__traits.hpp
[2.280s] -- Up-to-date symlink: /home/cityu/autoware/install/autoware_control_msgs/include/autoware_control_msgs/msg/detail/control_horizon__builder.hpp
[2.280s] -- Up-to-date symlink: /home/cityu/autoware/install/autoware_control_msgs/include/autoware_control_msgs/msg/detail/control_horizon__struct.hpp
[2.280s] -- Up-to-date symlink: /home/cityu/autoware/install/autoware_control_msgs/include/autoware_control_msgs/msg/detail/control_horizon__traits.hpp
[2.280s] -- Up-to-date symlink: /home/cityu/autoware/install/autoware_control_msgs/include/autoware_control_msgs/msg/detail/lateral__builder.hpp
[2.280s] -- Up-to-date symlink: /home/cityu/autoware/install/autoware_control_msgs/include/autoware_control_msgs/msg/detail/lateral__struct.hpp
[2.281s] -- Up-to-date symlink: /home/cityu/autoware/install/autoware_control_msgs/include/autoware_control_msgs/msg/detail/lateral__traits.hpp
[2.281s] -- Up-to-date symlink: /home/cityu/autoware/install/autoware_control_msgs/include/autoware_control_msgs/msg/detail/longitudinal__builder.hpp
[2.281s] -- Up-to-date symlink: /home/cityu/autoware/install/autoware_control_msgs/include/autoware_control_msgs/msg/detail/longitudinal__struct.hpp
[2.286s] -- Up-to-date symlink: /home/cityu/autoware/install/autoware_control_msgs/include/autoware_control_msgs/msg/detail/longitudinal__traits.hpp
[2.286s] -- Up-to-date symlink: /home/cityu/autoware/install/autoware_control_msgs/include/autoware_control_msgs/msg/lateral.hpp
[2.287s] -- Up-to-date symlink: /home/cityu/autoware/install/autoware_control_msgs/include/autoware_control_msgs/msg/longitudinal.hpp
[2.287s] -- Up-to-date symlink: /home/cityu/autoware/install/autoware_control_msgs/include/autoware_control_msgs/msg/detail/control__rosidl_typesupport_introspection_cpp.hpp
[2.287s] -- Up-to-date symlink: /home/cityu/autoware/install/autoware_control_msgs/include/autoware_control_msgs/msg/detail/control_horizon__rosidl_typesupport_introspection_cpp.hpp
[2.287s] -- Up-to-date symlink: /home/cityu/autoware/install/autoware_control_msgs/include/autoware_control_msgs/msg/detail/lateral__rosidl_typesupport_introspection_cpp.hpp
[2.287s] -- Up-to-date symlink: /home/cityu/autoware/install/autoware_control_msgs/include/autoware_control_msgs/msg/detail/longitudinal__rosidl_typesupport_introspection_cpp.hpp
[2.287s] -- Up-to-date symlink: /home/cityu/autoware/install/autoware_control_msgs/share/autoware_control_msgs/environment/pythonpath.sh
[2.287s] -- Up-to-date symlink: /home/cityu/autoware/install/autoware_control_msgs/share/autoware_control_msgs/environment/pythonpath.dsv
[2.287s] -- Up-to-date symlink: /home/cityu/autoware/install/autoware_control_msgs/lib/python3.8/site-packages/autoware_control_msgs/__init__.py
[2.287s] -- Up-to-date symlink: /home/cityu/autoware/install/autoware_control_msgs/lib/python3.8/site-packages/autoware_control_msgs/msg/__init__.py
[2.288s] -- Up-to-date symlink: /home/cityu/autoware/install/autoware_control_msgs/lib/python3.8/site-packages/autoware_control_msgs/msg/_control.py
[2.288s] -- Up-to-date symlink: /home/cityu/autoware/install/autoware_control_msgs/lib/python3.8/site-packages/autoware_control_msgs/msg/_control_horizon.py
[2.288s] -- Up-to-date symlink: /home/cityu/autoware/install/autoware_control_msgs/lib/python3.8/site-packages/autoware_control_msgs/msg/_lateral.py
[2.288s] -- Up-to-date symlink: /home/cityu/autoware/install/autoware_control_msgs/lib/python3.8/site-packages/autoware_control_msgs/msg/_longitudinal.py
[2.288s] -- Up-to-date symlink: /home/cityu/autoware/install/autoware_control_msgs/lib/python3.8/site-packages/autoware_control_msgs/autoware_control_msgs_s__rosidl_typesupport_fastrtps_c.cpython-38-x86_64-linux-gnu.so
[2.288s] -- Up-to-date symlink: /home/cityu/autoware/install/autoware_control_msgs/lib/python3.8/site-packages/autoware_control_msgs/autoware_control_msgs_s__rosidl_typesupport_introspection_c.cpython-38-x86_64-linux-gnu.so
[2.288s] -- Up-to-date symlink: /home/cityu/autoware/install/autoware_control_msgs/lib/python3.8/site-packages/autoware_control_msgs/autoware_control_msgs_s__rosidl_typesupport_c.cpython-38-x86_64-linux-gnu.so
[2.288s] -- Up-to-date symlink: /home/cityu/autoware/install/autoware_control_msgs/lib/libautoware_control_msgs__python.so
[2.288s] -- Up-to-date symlink: /home/cityu/autoware/install/autoware_control_msgs/share/autoware_control_msgs/msg/Control.idl
[2.288s] -- Up-to-date symlink: /home/cityu/autoware/install/autoware_control_msgs/share/autoware_control_msgs/msg/ControlHorizon.idl
[2.288s] -- Up-to-date symlink: /home/cityu/autoware/install/autoware_control_msgs/share/autoware_control_msgs/msg/Lateral.idl
[2.289s] -- Up-to-date symlink: /home/cityu/autoware/install/autoware_control_msgs/share/autoware_control_msgs/msg/Longitudinal.idl
[2.289s] -- Up-to-date symlink: /home/cityu/autoware/install/autoware_control_msgs/share/autoware_control_msgs/msg/Control.msg
[2.289s] -- Up-to-date symlink: /home/cityu/autoware/install/autoware_control_msgs/share/autoware_control_msgs/msg/ControlHorizon.msg
[2.289s] -- Up-to-date symlink: /home/cityu/autoware/install/autoware_control_msgs/share/autoware_control_msgs/msg/Lateral.msg
[2.289s] -- Up-to-date symlink: /home/cityu/autoware/install/autoware_control_msgs/share/autoware_control_msgs/msg/Longitudinal.msg
[2.289s] -- Up-to-date symlink: /home/cityu/autoware/install/autoware_control_msgs/share/ament_index/resource_index/package_run_dependencies/autoware_control_msgs
[2.290s] -- Up-to-date symlink: /home/cityu/autoware/install/autoware_control_msgs/share/ament_index/resource_index/parent_prefix_path/autoware_control_msgs
[2.290s] -- Up-to-date symlink: /home/cityu/autoware/install/autoware_control_msgs/share/autoware_control_msgs/environment/ament_prefix_path.sh
[2.291s] -- Up-to-date symlink: /home/cityu/autoware/install/autoware_control_msgs/share/autoware_control_msgs/environment/ament_prefix_path.dsv
[2.291s] -- Up-to-date symlink: /home/cityu/autoware/install/autoware_control_msgs/share/autoware_control_msgs/environment/path.sh
[2.291s] -- Up-to-date symlink: /home/cityu/autoware/install/autoware_control_msgs/share/autoware_control_msgs/environment/path.dsv
[2.291s] -- Up-to-date symlink: /home/cityu/autoware/install/autoware_control_msgs/share/autoware_control_msgs/local_setup.bash
[2.291s] -- Up-to-date symlink: /home/cityu/autoware/install/autoware_control_msgs/share/autoware_control_msgs/local_setup.sh
[2.291s] -- Up-to-date symlink: /home/cityu/autoware/install/autoware_control_msgs/share/autoware_control_msgs/local_setup.zsh
[2.291s] -- Up-to-date symlink: /home/cityu/autoware/install/autoware_control_msgs/share/autoware_control_msgs/local_setup.dsv
[2.291s] -- Symlinking: /home/cityu/autoware/install/autoware_control_msgs/share/autoware_control_msgs/package.dsv
[2.291s] -- Up-to-date symlink: /home/cityu/autoware/install/autoware_control_msgs/share/ament_index/resource_index/packages/autoware_control_msgs
[2.292s] -- Up-to-date symlink: /home/cityu/autoware/install/autoware_control_msgs/share/autoware_control_msgs/cmake/rosidl_cmake-extras.cmake
[2.292s] -- Up-to-date symlink: /home/cityu/autoware/install/autoware_control_msgs/share/autoware_control_msgs/cmake/ament_cmake_export_dependencies-extras.cmake
[2.296s] -- Up-to-date symlink: /home/cityu/autoware/install/autoware_control_msgs/share/autoware_control_msgs/cmake/ament_cmake_export_libraries-extras.cmake
[2.297s] -- Up-to-date symlink: /home/cityu/autoware/install/autoware_control_msgs/share/autoware_control_msgs/cmake/ament_cmake_export_targets-extras.cmake
[2.297s] -- Up-to-date symlink: /home/cityu/autoware/install/autoware_control_msgs/share/autoware_control_msgs/cmake/ament_cmake_export_include_directories-extras.cmake
[2.297s] -- Up-to-date symlink: /home/cityu/autoware/install/autoware_control_msgs/share/autoware_control_msgs/cmake/rosidl_cmake_export_typesupport_libraries-extras.cmake
[2.297s] -- Up-to-date symlink: /home/cityu/autoware/install/autoware_control_msgs/share/autoware_control_msgs/cmake/rosidl_cmake_export_typesupport_targets-extras.cmake
[2.297s] -- Up-to-date symlink: /home/cityu/autoware/install/autoware_control_msgs/share/autoware_control_msgs/cmake/autoware_control_msgsConfig.cmake
[2.298s] -- Up-to-date symlink: /home/cityu/autoware/install/autoware_control_msgs/share/autoware_control_msgs/cmake/autoware_control_msgsConfig-version.cmake
[2.299s] -- Up-to-date symlink: /home/cityu/autoware/install/autoware_control_msgs/share/autoware_control_msgs/package.xml
[2.299s] -- Up-to-date: /home/cityu/autoware/install/autoware_control_msgs/lib/libautoware_control_msgs__rosidl_generator_c.so
[2.299s] -- Up-to-date: /home/cityu/autoware/install/autoware_control_msgs/lib/libautoware_control_msgs__rosidl_typesupport_introspection_c.so
[2.299s] -- Up-to-date: /home/cityu/autoware/install/autoware_control_msgs/lib/libautoware_control_msgs__rosidl_typesupport_c.so
[2.299s] -- Up-to-date: /home/cityu/autoware/install/autoware_control_msgs/lib/libautoware_control_msgs__rosidl_typesupport_introspection_cpp.so
[2.299s] -- Up-to-date: /home/cityu/autoware/install/autoware_control_msgs/lib/libautoware_control_msgs__rosidl_typesupport_cpp.so
[2.299s] Compiling '/home/cityu/autoware/install/autoware_control_msgs/lib/python3.8/site-packages/autoware_control_msgs/__init__.py'...
[2.299s] -- Up-to-date: /home/cityu/autoware/install/autoware_control_msgs/share/autoware_control_msgs/cmake/autoware_control_msgs__rosidl_generator_cExport.cmake
[2.299s] -- Installing: /home/cityu/autoware/install/autoware_control_msgs/share/autoware_control_msgs/cmake/autoware_control_msgs__rosidl_generator_cExport-release.cmake
[2.299s] -- Up-to-date: /home/cityu/autoware/install/autoware_control_msgs/share/autoware_control_msgs/cmake/autoware_control_msgs__rosidl_typesupport_introspection_cExport.cmake
[2.300s] -- Installing: /home/cityu/autoware/install/autoware_control_msgs/share/autoware_control_msgs/cmake/autoware_control_msgs__rosidl_typesupport_introspection_cExport-release.cmake
[2.300s] -- Up-to-date: /home/cityu/autoware/install/autoware_control_msgs/share/autoware_control_msgs/cmake/autoware_control_msgs__rosidl_typesupport_cExport.cmake
[2.300s] -- Installing: /home/cityu/autoware/install/autoware_control_msgs/share/autoware_control_msgs/cmake/autoware_control_msgs__rosidl_typesupport_cExport-release.cmake
[2.300s] -- Up-to-date: /home/cityu/autoware/install/autoware_control_msgs/share/autoware_control_msgs/cmake/autoware_control_msgs__rosidl_generator_cppExport.cmake
[2.300s] -- Up-to-date: /home/cityu/autoware/install/autoware_control_msgs/share/autoware_control_msgs/cmake/autoware_control_msgs__rosidl_typesupport_introspection_cppExport.cmake
[2.300s] -- Installing: /home/cityu/autoware/install/autoware_control_msgs/share/autoware_control_msgs/cmake/autoware_control_msgs__rosidl_typesupport_introspection_cppExport-release.cmake
[2.301s] -- Up-to-date: /home/cityu/autoware/install/autoware_control_msgs/share/autoware_control_msgs/cmake/autoware_control_msgs__rosidl_typesupport_cppExport.cmake
[2.301s] -- Installing: /home/cityu/autoware/install/autoware_control_msgs/share/autoware_control_msgs/cmake/autoware_control_msgs__rosidl_typesupport_cppExport-release.cmake
[2.376s] Invoked command in '/home/cityu/autoware/build/autoware_control_msgs' returned '0': CMAKE_PREFIX_PATH=/opt/ros/galactic /usr/bin/cmake --install /home/cityu/autoware/build/autoware_control_msgs
