-- The C compiler identification is GNU 9.4.0
-- The CXX compiler identification is GNU 9.4.0
-- Check for working C compiler: /usr/bin/cc
-- Check for working C compiler: /usr/bin/cc -- works
-- Detecting C compiler ABI info
-- Detecting C compiler ABI info - done
-- Detecting C compile features
-- Detecting C compile features - done
-- Check for working CXX compiler: /usr/bin/c++
-- Check for working CXX compiler: /usr/bin/c++ -- works
-- Detecting CXX compiler ABI info
-- Detecting CXX compiler ABI info - done
-- Detecting CXX compile features
-- Detecting CXX compile features - done
-- Found ament_cmake_auto: 1.1.6 (/opt/ros/galactic/share/ament_cmake_auto/cmake)
-- Found PythonInterp: /usr/bin/python3 (found suitable version "3.8.10", minimum required is "3") 
-- Using PYTHON_EXECUTABLE: /usr/bin/python3
-- Override CMake install command with custom implementation using symlinks instead of copying resources
-- Using all available rosidl_typesupport_c: rosidl_typesupport_fastrtps_c;rosidl_typesupport_introspection_c
-- Found rosidl_adapter: 2.2.3 (/opt/ros/galactic/share/rosidl_adapter/cmake)
-- Found OpenSSL: /usr/lib/x86_64-linux-gnu/libcrypto.so (found version "1.1.1f")  
-- Found FastRTPS: /opt/ros/galactic/include  
-- Using all available rosidl_typesupport_cpp: rosidl_typesupport_fastrtps_cpp;rosidl_typesupport_introspection_cpp
-- Found PythonInterp: /usr/bin/python3 (found version "3.8.10") 
-- Found ament_cmake_ros: 0.9.2 (/opt/ros/galactic/share/ament_cmake_ros/cmake)
-- Using all available rosidl_typesupport_c: rosidl_typesupport_fastrtps_c;rosidl_typesupport_introspection_c
-- Using all available rosidl_typesupport_cpp: rosidl_typesupport_fastrtps_cpp;rosidl_typesupport_introspection_cpp
-- Found PythonInterp: /usr/bin/python3 (found suitable version "3.8.10", minimum required is "3.5") 
-- Found python_cmake_module: 0.8.1 (/opt/ros/galactic/share/python_cmake_module/cmake)
-- Found PythonLibs: /usr/lib/x86_64-linux-gnu/libpython3.8.so (found suitable version "3.8.10", minimum required is "3.5") 
-- Using PYTHON_EXECUTABLE: /usr/bin/python3
-- Using PYTHON_INCLUDE_DIRS: /usr/include/python3.8
-- Using PYTHON_LIBRARIES: /usr/lib/x86_64-linux-gnu/libpython3.8.so
-- Found PythonExtra: .so  
-- Found ament_lint_auto: 0.10.7 (/opt/ros/galactic/share/ament_lint_auto/cmake)
-- Added test 'copyright' to check source files copyright and LICENSE
-- Added test 'lint_cmake' to check CMake code style
-- Added test 'xmllint' to check XML markup files
-- Configuring done
-- Generating done
-- Build files have been written to: /home/cityu/autoware/build/tier4_rtc_msgs
[35m[1mScanning dependencies of target tier4_rtc_msgs__cpp[0m
[  1%] [34m[1mGenerating C code for ROS interfaces[0m
[  2%] [34m[1mGenerating C++ code for ROS interfaces[0m
[  2%] Built target tier4_rtc_msgs__cpp
[35m[1mScanning dependencies of target tier4_rtc_msgs__rosidl_generator_c[0m
[  3%] [34m[1mGenerating C++ type support dispatch for ROS interfaces[0m
[  4%] [34m[1mGenerating C++ introspection for ROS interfaces[0m
[  5%] [34m[1mGenerating C++ type support for eProsima Fast-RTPS[0m
[  6%] [32mBuilding C object CMakeFiles/tier4_rtc_msgs__rosidl_generator_c.dir/rosidl_generator_c/tier4_rtc_msgs/msg/detail/cooperate_command__functions.c.o[0m
[  8%] [32mBuilding C object CMakeFiles/tier4_rtc_msgs__rosidl_generator_c.dir/rosidl_generator_c/tier4_rtc_msgs/msg/detail/command__functions.c.o[0m
[  9%] [32mBuilding C object CMakeFiles/tier4_rtc_msgs__rosidl_generator_c.dir/rosidl_generator_c/tier4_rtc_msgs/msg/detail/cooperate_status__functions.c.o[0m
[ 10%] [32mBuilding C object CMakeFiles/tier4_rtc_msgs__rosidl_generator_c.dir/rosidl_generator_c/tier4_rtc_msgs/msg/detail/cooperate_status_array__functions.c.o[0m
[ 11%] [32mBuilding C object CMakeFiles/tier4_rtc_msgs__rosidl_generator_c.dir/rosidl_generator_c/tier4_rtc_msgs/msg/detail/cooperate_response__functions.c.o[0m
[ 12%] [32mBuilding C object CMakeFiles/tier4_rtc_msgs__rosidl_generator_c.dir/rosidl_generator_c/tier4_rtc_msgs/msg/detail/module__functions.c.o[0m
[ 13%] [32mBuilding C object CMakeFiles/tier4_rtc_msgs__rosidl_generator_c.dir/rosidl_generator_c/tier4_rtc_msgs/srv/detail/auto_mode__functions.c.o[0m
[ 14%] [32mBuilding C object CMakeFiles/tier4_rtc_msgs__rosidl_generator_c.dir/rosidl_generator_c/tier4_rtc_msgs/srv/detail/cooperate_commands__functions.c.o[0m
[ 16%] [32m[1mLinking C shared library libtier4_rtc_msgs__rosidl_generator_c.so[0m
[ 16%] Built target tier4_rtc_msgs__rosidl_generator_c
[ 17%] [34m[1mGenerating C type support dispatch for ROS interfaces[0m
[ 18%] [34m[1mGenerating C introspection for ROS interfaces[0m
[35m[1mScanning dependencies of target tier4_rtc_msgs__rosidl_typesupport_cpp[0m
[ 19%] [32mBuilding CXX object CMakeFiles/tier4_rtc_msgs__rosidl_typesupport_cpp.dir/rosidl_typesupport_cpp/tier4_rtc_msgs/msg/command__type_support.cpp.o[0m
[ 20%] [32mBuilding CXX object CMakeFiles/tier4_rtc_msgs__rosidl_typesupport_cpp.dir/rosidl_typesupport_cpp/tier4_rtc_msgs/msg/cooperate_command__type_support.cpp.o[0m
[ 21%] [32mBuilding CXX object CMakeFiles/tier4_rtc_msgs__rosidl_typesupport_cpp.dir/rosidl_typesupport_cpp/tier4_rtc_msgs/msg/cooperate_status__type_support.cpp.o[0m
[ 22%] [32mBuilding CXX object CMakeFiles/tier4_rtc_msgs__rosidl_typesupport_cpp.dir/rosidl_typesupport_cpp/tier4_rtc_msgs/msg/cooperate_response__type_support.cpp.o[0m
[ 24%] [32mBuilding CXX object CMakeFiles/tier4_rtc_msgs__rosidl_typesupport_cpp.dir/rosidl_typesupport_cpp/tier4_rtc_msgs/msg/cooperate_status_array__type_support.cpp.o[0m
[ 25%] [32mBuilding CXX object CMakeFiles/tier4_rtc_msgs__rosidl_typesupport_cpp.dir/rosidl_typesupport_cpp/tier4_rtc_msgs/msg/module__type_support.cpp.o[0m
[ 26%] [32mBuilding CXX object CMakeFiles/tier4_rtc_msgs__rosidl_typesupport_cpp.dir/rosidl_typesupport_cpp/tier4_rtc_msgs/srv/cooperate_commands__type_support.cpp.o[0m
[ 27%] [32mBuilding CXX object CMakeFiles/tier4_rtc_msgs__rosidl_typesupport_cpp.dir/rosidl_typesupport_cpp/tier4_rtc_msgs/srv/auto_mode__type_support.cpp.o[0m
[35m[1mScanning dependencies of target tier4_rtc_msgs__rosidl_typesupport_introspection_cpp[0m
[ 28%] [32mBuilding CXX object CMakeFiles/tier4_rtc_msgs__rosidl_typesupport_introspection_cpp.dir/rosidl_typesupport_introspection_cpp/tier4_rtc_msgs/msg/detail/command__type_support.cpp.o[0m
[ 29%] [32mBuilding CXX object CMakeFiles/tier4_rtc_msgs__rosidl_typesupport_introspection_cpp.dir/rosidl_typesupport_introspection_cpp/tier4_rtc_msgs/msg/detail/cooperate_command__type_support.cpp.o[0m
[ 31%] [32mBuilding CXX object CMakeFiles/tier4_rtc_msgs__rosidl_typesupport_introspection_cpp.dir/rosidl_typesupport_introspection_cpp/tier4_rtc_msgs/msg/detail/cooperate_response__type_support.cpp.o[0m
[ 32%] [32mBuilding CXX object CMakeFiles/tier4_rtc_msgs__rosidl_typesupport_introspection_cpp.dir/rosidl_typesupport_introspection_cpp/tier4_rtc_msgs/msg/detail/cooperate_status__type_support.cpp.o[0m
[ 33%] [32mBuilding CXX object CMakeFiles/tier4_rtc_msgs__rosidl_typesupport_introspection_cpp.dir/rosidl_typesupport_introspection_cpp/tier4_rtc_msgs/msg/detail/cooperate_status_array__type_support.cpp.o[0m
[ 34%] [32mBuilding CXX object CMakeFiles/tier4_rtc_msgs__rosidl_typesupport_introspection_cpp.dir/rosidl_typesupport_introspection_cpp/tier4_rtc_msgs/msg/detail/module__type_support.cpp.o[0m
[35m[1mScanning dependencies of target tier4_rtc_msgs__rosidl_typesupport_fastrtps_cpp[0m
[ 35%] [32mBuilding CXX object CMakeFiles/tier4_rtc_msgs__rosidl_typesupport_fastrtps_cpp.dir/rosidl_typesupport_fastrtps_cpp/tier4_rtc_msgs/msg/detail/dds_fastrtps/command__type_support.cpp.o[0m
[ 36%] [32mBuilding CXX object CMakeFiles/tier4_rtc_msgs__rosidl_typesupport_fastrtps_cpp.dir/rosidl_typesupport_fastrtps_cpp/tier4_rtc_msgs/msg/detail/dds_fastrtps/cooperate_command__type_support.cpp.o[0m
[35m[1mScanning dependencies of target tier4_rtc_msgs__rosidl_typesupport_c[0m
[ 37%] [32mBuilding CXX object CMakeFiles/tier4_rtc_msgs__rosidl_typesupport_c.dir/rosidl_typesupport_c/tier4_rtc_msgs/msg/command__type_support.cpp.o[0m
[ 39%] [32mBuilding CXX object CMakeFiles/tier4_rtc_msgs__rosidl_typesupport_c.dir/rosidl_typesupport_c/tier4_rtc_msgs/msg/cooperate_command__type_support.cpp.o[0m
[ 40%] [32mBuilding CXX object CMakeFiles/tier4_rtc_msgs__rosidl_typesupport_c.dir/rosidl_typesupport_c/tier4_rtc_msgs/msg/cooperate_response__type_support.cpp.o[0m
[ 41%] [32mBuilding CXX object CMakeFiles/tier4_rtc_msgs__rosidl_typesupport_c.dir/rosidl_typesupport_c/tier4_rtc_msgs/msg/cooperate_status__type_support.cpp.o[0m
[ 42%] [32mBuilding CXX object CMakeFiles/tier4_rtc_msgs__rosidl_typesupport_c.dir/rosidl_typesupport_c/tier4_rtc_msgs/msg/cooperate_status_array__type_support.cpp.o[0m
[ 43%] [32mBuilding CXX object CMakeFiles/tier4_rtc_msgs__rosidl_typesupport_fastrtps_cpp.dir/rosidl_typesupport_fastrtps_cpp/tier4_rtc_msgs/msg/detail/dds_fastrtps/cooperate_response__type_support.cpp.o[0m
[ 44%] [32mBuilding CXX object CMakeFiles/tier4_rtc_msgs__rosidl_typesupport_c.dir/rosidl_typesupport_c/tier4_rtc_msgs/msg/module__type_support.cpp.o[0m
[ 45%] [32mBuilding CXX object CMakeFiles/tier4_rtc_msgs__rosidl_typesupport_introspection_cpp.dir/rosidl_typesupport_introspection_cpp/tier4_rtc_msgs/srv/detail/auto_mode__type_support.cpp.o[0m
[ 47%] [32m[1mLinking CXX shared library libtier4_rtc_msgs__rosidl_typesupport_cpp.so[0m
[ 48%] [32mBuilding CXX object CMakeFiles/tier4_rtc_msgs__rosidl_typesupport_c.dir/rosidl_typesupport_c/tier4_rtc_msgs/srv/cooperate_commands__type_support.cpp.o[0m
[ 49%] [32mBuilding CXX object CMakeFiles/tier4_rtc_msgs__rosidl_typesupport_c.dir/rosidl_typesupport_c/tier4_rtc_msgs/srv/auto_mode__type_support.cpp.o[0m
[ 50%] [32mBuilding CXX object CMakeFiles/tier4_rtc_msgs__rosidl_typesupport_introspection_cpp.dir/rosidl_typesupport_introspection_cpp/tier4_rtc_msgs/srv/detail/cooperate_commands__type_support.cpp.o[0m
[ 51%] [32mBuilding CXX object CMakeFiles/tier4_rtc_msgs__rosidl_typesupport_fastrtps_cpp.dir/rosidl_typesupport_fastrtps_cpp/tier4_rtc_msgs/msg/detail/dds_fastrtps/cooperate_status__type_support.cpp.o[0m
[ 52%] [32mBuilding CXX object CMakeFiles/tier4_rtc_msgs__rosidl_typesupport_fastrtps_cpp.dir/rosidl_typesupport_fastrtps_cpp/tier4_rtc_msgs/msg/detail/dds_fastrtps/cooperate_status_array__type_support.cpp.o[0m
[ 54%] [32mBuilding CXX object CMakeFiles/tier4_rtc_msgs__rosidl_typesupport_fastrtps_cpp.dir/rosidl_typesupport_fastrtps_cpp/tier4_rtc_msgs/msg/detail/dds_fastrtps/module__type_support.cpp.o[0m
[ 55%] [32m[1mLinking CXX shared library libtier4_rtc_msgs__rosidl_typesupport_c.so[0m
[ 56%] [32mBuilding CXX object CMakeFiles/tier4_rtc_msgs__rosidl_typesupport_fastrtps_cpp.dir/rosidl_typesupport_fastrtps_cpp/tier4_rtc_msgs/srv/detail/dds_fastrtps/auto_mode__type_support.cpp.o[0m
[ 57%] [32mBuilding CXX object CMakeFiles/tier4_rtc_msgs__rosidl_typesupport_fastrtps_cpp.dir/rosidl_typesupport_fastrtps_cpp/tier4_rtc_msgs/srv/detail/dds_fastrtps/cooperate_commands__type_support.cpp.o[0m
[ 57%] Built target tier4_rtc_msgs__rosidl_typesupport_cpp
[35m[1mScanning dependencies of target tier4_rtc_msgs__rosidl_typesupport_introspection_c[0m
[ 57%] Built target tier4_rtc_msgs__rosidl_typesupport_c
[ 58%] [32mBuilding C object CMakeFiles/tier4_rtc_msgs__rosidl_typesupport_introspection_c.dir/rosidl_typesupport_introspection_c/tier4_rtc_msgs/msg/detail/command__type_support.c.o[0m
[ 59%] [32mBuilding C object CMakeFiles/tier4_rtc_msgs__rosidl_typesupport_introspection_c.dir/rosidl_typesupport_introspection_c/tier4_rtc_msgs/msg/detail/cooperate_command__type_support.c.o[0m
[ 60%] [32mBuilding C object CMakeFiles/tier4_rtc_msgs__rosidl_typesupport_introspection_c.dir/rosidl_typesupport_introspection_c/tier4_rtc_msgs/msg/detail/cooperate_status__type_support.c.o[0m
[ 62%] [32mBuilding C object CMakeFiles/tier4_rtc_msgs__rosidl_typesupport_introspection_c.dir/rosidl_typesupport_introspection_c/tier4_rtc_msgs/msg/detail/cooperate_response__type_support.c.o[0m
[ 63%] [32mBuilding C object CMakeFiles/tier4_rtc_msgs__rosidl_typesupport_introspection_c.dir/rosidl_typesupport_introspection_c/tier4_rtc_msgs/msg/detail/cooperate_status_array__type_support.c.o[0m
[ 64%] [32mBuilding C object CMakeFiles/tier4_rtc_msgs__rosidl_typesupport_introspection_c.dir/rosidl_typesupport_introspection_c/tier4_rtc_msgs/msg/detail/module__type_support.c.o[0m
[ 65%] [32mBuilding C object CMakeFiles/tier4_rtc_msgs__rosidl_typesupport_introspection_c.dir/rosidl_typesupport_introspection_c/tier4_rtc_msgs/srv/detail/cooperate_commands__type_support.c.o[0m
[ 66%] [32mBuilding C object CMakeFiles/tier4_rtc_msgs__rosidl_typesupport_introspection_c.dir/rosidl_typesupport_introspection_c/tier4_rtc_msgs/srv/detail/auto_mode__type_support.c.o[0m
[ 67%] [32m[1mLinking C shared library libtier4_rtc_msgs__rosidl_typesupport_introspection_c.so[0m
[ 67%] Built target tier4_rtc_msgs__rosidl_typesupport_introspection_c
[ 68%] [32m[1mLinking CXX shared library libtier4_rtc_msgs__rosidl_typesupport_introspection_cpp.so[0m
[ 68%] Built target tier4_rtc_msgs__rosidl_typesupport_introspection_cpp
[ 70%] [32m[1mLinking CXX shared library libtier4_rtc_msgs__rosidl_typesupport_fastrtps_cpp.so[0m
[ 70%] Built target tier4_rtc_msgs__rosidl_typesupport_fastrtps_cpp
[ 71%] [34m[1mGenerating C type support for eProsima Fast-RTPS[0m
[35m[1mScanning dependencies of target tier4_rtc_msgs__rosidl_typesupport_fastrtps_c[0m
[ 72%] [32mBuilding CXX object CMakeFiles/tier4_rtc_msgs__rosidl_typesupport_fastrtps_c.dir/rosidl_typesupport_fastrtps_c/tier4_rtc_msgs/msg/detail/command__type_support_c.cpp.o[0m
[ 73%] [32mBuilding CXX object CMakeFiles/tier4_rtc_msgs__rosidl_typesupport_fastrtps_c.dir/rosidl_typesupport_fastrtps_c/tier4_rtc_msgs/srv/detail/cooperate_commands__type_support_c.cpp.o[0m
[ 74%] [32mBuilding CXX object CMakeFiles/tier4_rtc_msgs__rosidl_typesupport_fastrtps_c.dir/rosidl_typesupport_fastrtps_c/tier4_rtc_msgs/srv/detail/auto_mode__type_support_c.cpp.o[0m
[ 75%] [32mBuilding CXX object CMakeFiles/tier4_rtc_msgs__rosidl_typesupport_fastrtps_c.dir/rosidl_typesupport_fastrtps_c/tier4_rtc_msgs/msg/detail/module__type_support_c.cpp.o[0m
[ 77%] [32mBuilding CXX object CMakeFiles/tier4_rtc_msgs__rosidl_typesupport_fastrtps_c.dir/rosidl_typesupport_fastrtps_c/tier4_rtc_msgs/msg/detail/cooperate_status_array__type_support_c.cpp.o[0m
[ 78%] [32mBuilding CXX object CMakeFiles/tier4_rtc_msgs__rosidl_typesupport_fastrtps_c.dir/rosidl_typesupport_fastrtps_c/tier4_rtc_msgs/msg/detail/cooperate_status__type_support_c.cpp.o[0m
[ 79%] [32mBuilding CXX object CMakeFiles/tier4_rtc_msgs__rosidl_typesupport_fastrtps_c.dir/rosidl_typesupport_fastrtps_c/tier4_rtc_msgs/msg/detail/cooperate_response__type_support_c.cpp.o[0m
[ 80%] [32mBuilding CXX object CMakeFiles/tier4_rtc_msgs__rosidl_typesupport_fastrtps_c.dir/rosidl_typesupport_fastrtps_c/tier4_rtc_msgs/msg/detail/cooperate_command__type_support_c.cpp.o[0m
[ 81%] [32m[1mLinking CXX shared library libtier4_rtc_msgs__rosidl_typesupport_fastrtps_c.so[0m
[ 81%] Built target tier4_rtc_msgs__rosidl_typesupport_fastrtps_c
[35m[1mScanning dependencies of target tier4_rtc_msgs[0m
[ 81%] Built target tier4_rtc_msgs
[35m[1mScanning dependencies of target tier4_rtc_msgs__py[0m
[ 82%] [34m[1mGenerating Python code for ROS interfaces[0m
[ 82%] Built target tier4_rtc_msgs__py
[35m[1mScanning dependencies of target tier4_rtc_msgs__python[0m
[ 83%] [32mBuilding C object CMakeFiles/tier4_rtc_msgs__python.dir/rosidl_generator_py/tier4_rtc_msgs/msg/_command_s.c.o[0m
[ 85%] [32mBuilding C object CMakeFiles/tier4_rtc_msgs__python.dir/rosidl_generator_py/tier4_rtc_msgs/srv/_cooperate_commands_s.c.o[0m
[ 86%] [32mBuilding C object CMakeFiles/tier4_rtc_msgs__python.dir/rosidl_generator_py/tier4_rtc_msgs/srv/_auto_mode_s.c.o[0m
[ 87%] [32mBuilding C object CMakeFiles/tier4_rtc_msgs__python.dir/rosidl_generator_py/tier4_rtc_msgs/msg/_module_s.c.o[0m
[ 88%] [32mBuilding C object CMakeFiles/tier4_rtc_msgs__python.dir/rosidl_generator_py/tier4_rtc_msgs/msg/_cooperate_status_array_s.c.o[0m
[ 89%] [32mBuilding C object CMakeFiles/tier4_rtc_msgs__python.dir/rosidl_generator_py/tier4_rtc_msgs/msg/_cooperate_status_s.c.o[0m
[ 90%] [32mBuilding C object CMakeFiles/tier4_rtc_msgs__python.dir/rosidl_generator_py/tier4_rtc_msgs/msg/_cooperate_response_s.c.o[0m
[ 91%] [32mBuilding C object CMakeFiles/tier4_rtc_msgs__python.dir/rosidl_generator_py/tier4_rtc_msgs/msg/_cooperate_command_s.c.o[0m
[ 93%] [32m[1mLinking C shared library rosidl_generator_py/tier4_rtc_msgs/libtier4_rtc_msgs__python.so[0m
[ 93%] Built target tier4_rtc_msgs__python
[35m[1mScanning dependencies of target tier4_rtc_msgs__rosidl_typesupport_c__pyext[0m
[ 94%] [32mBuilding C object CMakeFiles/tier4_rtc_msgs__rosidl_typesupport_c__pyext.dir/rosidl_generator_py/tier4_rtc_msgs/_tier4_rtc_msgs_s.ep.rosidl_typesupport_c.c.o[0m
[ 95%] [32m[1mLinking C shared library rosidl_generator_py/tier4_rtc_msgs/tier4_rtc_msgs_s__rosidl_typesupport_c.cpython-38-x86_64-linux-gnu.so[0m
[ 95%] Built target tier4_rtc_msgs__rosidl_typesupport_c__pyext
[35m[1mScanning dependencies of target tier4_rtc_msgs__rosidl_typesupport_fastrtps_c__pyext[0m
[ 96%] [32mBuilding C object CMakeFiles/tier4_rtc_msgs__rosidl_typesupport_fastrtps_c__pyext.dir/rosidl_generator_py/tier4_rtc_msgs/_tier4_rtc_msgs_s.ep.rosidl_typesupport_fastrtps_c.c.o[0m
[ 97%] [32m[1mLinking CXX shared library rosidl_generator_py/tier4_rtc_msgs/tier4_rtc_msgs_s__rosidl_typesupport_fastrtps_c.cpython-38-x86_64-linux-gnu.so[0m
[ 97%] Built target tier4_rtc_msgs__rosidl_typesupport_fastrtps_c__pyext
[35m[1mScanning dependencies of target tier4_rtc_msgs__rosidl_typesupport_introspection_c__pyext[0m
[ 98%] [32mBuilding C object CMakeFiles/tier4_rtc_msgs__rosidl_typesupport_introspection_c__pyext.dir/rosidl_generator_py/tier4_rtc_msgs/_tier4_rtc_msgs_s.ep.rosidl_typesupport_introspection_c.c.o[0m
[100%] [32m[1mLinking C shared library rosidl_generator_py/tier4_rtc_msgs/tier4_rtc_msgs_s__rosidl_typesupport_introspection_c.cpython-38-x86_64-linux-gnu.so[0m
[100%] Built target tier4_rtc_msgs__rosidl_typesupport_introspection_c__pyext
-- Install configuration: "Release"
-- Execute custom install script
-- Symlinking: /home/cityu/autoware/install/tier4_rtc_msgs/share/ament_index/resource_index/rosidl_interfaces/tier4_rtc_msgs
-- Symlinking: /home/cityu/autoware/install/tier4_rtc_msgs/include/tier4_rtc_msgs/msg/command.h
-- Symlinking: /home/cityu/autoware/install/tier4_rtc_msgs/include/tier4_rtc_msgs/msg/cooperate_command.h
-- Symlinking: /home/cityu/autoware/install/tier4_rtc_msgs/include/tier4_rtc_msgs/msg/cooperate_response.h
-- Symlinking: /home/cityu/autoware/install/tier4_rtc_msgs/include/tier4_rtc_msgs/msg/cooperate_status.h
-- Symlinking: /home/cityu/autoware/install/tier4_rtc_msgs/include/tier4_rtc_msgs/msg/cooperate_status_array.h
-- Symlinking: /home/cityu/autoware/install/tier4_rtc_msgs/include/tier4_rtc_msgs/msg/detail/command__functions.h
-- Symlinking: /home/cityu/autoware/install/tier4_rtc_msgs/include/tier4_rtc_msgs/msg/detail/command__struct.h
-- Symlinking: /home/cityu/autoware/install/tier4_rtc_msgs/include/tier4_rtc_msgs/msg/detail/command__type_support.h
-- Symlinking: /home/cityu/autoware/install/tier4_rtc_msgs/include/tier4_rtc_msgs/msg/detail/cooperate_command__functions.h
-- Symlinking: /home/cityu/autoware/install/tier4_rtc_msgs/include/tier4_rtc_msgs/msg/detail/cooperate_command__struct.h
-- Symlinking: /home/cityu/autoware/install/tier4_rtc_msgs/include/tier4_rtc_msgs/msg/detail/cooperate_command__type_support.h
-- Symlinking: /home/cityu/autoware/install/tier4_rtc_msgs/include/tier4_rtc_msgs/msg/detail/cooperate_response__functions.h
-- Symlinking: /home/cityu/autoware/install/tier4_rtc_msgs/include/tier4_rtc_msgs/msg/detail/cooperate_response__struct.h
-- Symlinking: /home/cityu/autoware/install/tier4_rtc_msgs/include/tier4_rtc_msgs/msg/detail/cooperate_response__type_support.h
-- Symlinking: /home/cityu/autoware/install/tier4_rtc_msgs/include/tier4_rtc_msgs/msg/detail/cooperate_status__functions.h
-- Symlinking: /home/cityu/autoware/install/tier4_rtc_msgs/include/tier4_rtc_msgs/msg/detail/cooperate_status__struct.h
-- Symlinking: /home/cityu/autoware/install/tier4_rtc_msgs/include/tier4_rtc_msgs/msg/detail/cooperate_status__type_support.h
-- Symlinking: /home/cityu/autoware/install/tier4_rtc_msgs/include/tier4_rtc_msgs/msg/detail/cooperate_status_array__functions.h
-- Symlinking: /home/cityu/autoware/install/tier4_rtc_msgs/include/tier4_rtc_msgs/msg/detail/cooperate_status_array__struct.h
-- Symlinking: /home/cityu/autoware/install/tier4_rtc_msgs/include/tier4_rtc_msgs/msg/detail/cooperate_status_array__type_support.h
-- Symlinking: /home/cityu/autoware/install/tier4_rtc_msgs/include/tier4_rtc_msgs/msg/detail/module__functions.h
-- Symlinking: /home/cityu/autoware/install/tier4_rtc_msgs/include/tier4_rtc_msgs/msg/detail/module__struct.h
-- Symlinking: /home/cityu/autoware/install/tier4_rtc_msgs/include/tier4_rtc_msgs/msg/detail/module__type_support.h
-- Symlinking: /home/cityu/autoware/install/tier4_rtc_msgs/include/tier4_rtc_msgs/msg/module.h
-- Symlinking: /home/cityu/autoware/install/tier4_rtc_msgs/include/tier4_rtc_msgs/msg/rosidl_generator_c__visibility_control.h
-- Symlinking: /home/cityu/autoware/install/tier4_rtc_msgs/include/tier4_rtc_msgs/srv/auto_mode.h
-- Symlinking: /home/cityu/autoware/install/tier4_rtc_msgs/include/tier4_rtc_msgs/srv/cooperate_commands.h
-- Symlinking: /home/cityu/autoware/install/tier4_rtc_msgs/include/tier4_rtc_msgs/srv/detail/auto_mode__functions.h
-- Symlinking: /home/cityu/autoware/install/tier4_rtc_msgs/include/tier4_rtc_msgs/srv/detail/auto_mode__struct.h
-- Symlinking: /home/cityu/autoware/install/tier4_rtc_msgs/include/tier4_rtc_msgs/srv/detail/auto_mode__type_support.h
-- Symlinking: /home/cityu/autoware/install/tier4_rtc_msgs/include/tier4_rtc_msgs/srv/detail/cooperate_commands__functions.h
-- Symlinking: /home/cityu/autoware/install/tier4_rtc_msgs/include/tier4_rtc_msgs/srv/detail/cooperate_commands__struct.h
-- Symlinking: /home/cityu/autoware/install/tier4_rtc_msgs/include/tier4_rtc_msgs/srv/detail/cooperate_commands__type_support.h
-- Symlinking: /home/cityu/autoware/install/tier4_rtc_msgs/share/tier4_rtc_msgs/environment/library_path.sh
-- Symlinking: /home/cityu/autoware/install/tier4_rtc_msgs/share/tier4_rtc_msgs/environment/library_path.dsv
-- Symlinking: /home/cityu/autoware/install/tier4_rtc_msgs/include/tier4_rtc_msgs/msg/detail/command__rosidl_typesupport_fastrtps_c.h
-- Symlinking: /home/cityu/autoware/install/tier4_rtc_msgs/include/tier4_rtc_msgs/msg/detail/cooperate_command__rosidl_typesupport_fastrtps_c.h
-- Symlinking: /home/cityu/autoware/install/tier4_rtc_msgs/include/tier4_rtc_msgs/msg/detail/cooperate_response__rosidl_typesupport_fastrtps_c.h
-- Symlinking: /home/cityu/autoware/install/tier4_rtc_msgs/include/tier4_rtc_msgs/msg/detail/cooperate_status__rosidl_typesupport_fastrtps_c.h
-- Symlinking: /home/cityu/autoware/install/tier4_rtc_msgs/include/tier4_rtc_msgs/msg/detail/cooperate_status_array__rosidl_typesupport_fastrtps_c.h
-- Symlinking: /home/cityu/autoware/install/tier4_rtc_msgs/include/tier4_rtc_msgs/msg/detail/module__rosidl_typesupport_fastrtps_c.h
-- Symlinking: /home/cityu/autoware/install/tier4_rtc_msgs/include/tier4_rtc_msgs/msg/rosidl_typesupport_fastrtps_c__visibility_control.h
-- Symlinking: /home/cityu/autoware/install/tier4_rtc_msgs/include/tier4_rtc_msgs/srv/detail/auto_mode__rosidl_typesupport_fastrtps_c.h
-- Symlinking: /home/cityu/autoware/install/tier4_rtc_msgs/include/tier4_rtc_msgs/srv/detail/cooperate_commands__rosidl_typesupport_fastrtps_c.h
-- Symlinking: /home/cityu/autoware/install/tier4_rtc_msgs/lib/libtier4_rtc_msgs__rosidl_typesupport_fastrtps_c.so
-- Symlinking: /home/cityu/autoware/install/tier4_rtc_msgs/include/tier4_rtc_msgs/msg/detail/command__rosidl_typesupport_fastrtps_cpp.hpp
-- Symlinking: /home/cityu/autoware/install/tier4_rtc_msgs/include/tier4_rtc_msgs/msg/detail/cooperate_command__rosidl_typesupport_fastrtps_cpp.hpp
-- Symlinking: /home/cityu/autoware/install/tier4_rtc_msgs/include/tier4_rtc_msgs/msg/detail/cooperate_response__rosidl_typesupport_fastrtps_cpp.hpp
-- Symlinking: /home/cityu/autoware/install/tier4_rtc_msgs/include/tier4_rtc_msgs/msg/detail/cooperate_status__rosidl_typesupport_fastrtps_cpp.hpp
-- Symlinking: /home/cityu/autoware/install/tier4_rtc_msgs/include/tier4_rtc_msgs/msg/detail/cooperate_status_array__rosidl_typesupport_fastrtps_cpp.hpp
-- Symlinking: /home/cityu/autoware/install/tier4_rtc_msgs/include/tier4_rtc_msgs/msg/detail/module__rosidl_typesupport_fastrtps_cpp.hpp
-- Symlinking: /home/cityu/autoware/install/tier4_rtc_msgs/include/tier4_rtc_msgs/msg/rosidl_typesupport_fastrtps_cpp__visibility_control.h
-- Symlinking: /home/cityu/autoware/install/tier4_rtc_msgs/include/tier4_rtc_msgs/srv/detail/auto_mode__rosidl_typesupport_fastrtps_cpp.hpp
-- Symlinking: /home/cityu/autoware/install/tier4_rtc_msgs/include/tier4_rtc_msgs/srv/detail/cooperate_commands__rosidl_typesupport_fastrtps_cpp.hpp
-- Symlinking: /home/cityu/autoware/install/tier4_rtc_msgs/lib/libtier4_rtc_msgs__rosidl_typesupport_fastrtps_cpp.so
-- Symlinking: /home/cityu/autoware/install/tier4_rtc_msgs/include/tier4_rtc_msgs/msg/detail/command__rosidl_typesupport_introspection_c.h
-- Symlinking: /home/cityu/autoware/install/tier4_rtc_msgs/include/tier4_rtc_msgs/msg/detail/cooperate_command__rosidl_typesupport_introspection_c.h
-- Symlinking: /home/cityu/autoware/install/tier4_rtc_msgs/include/tier4_rtc_msgs/msg/detail/cooperate_response__rosidl_typesupport_introspection_c.h
-- Symlinking: /home/cityu/autoware/install/tier4_rtc_msgs/include/tier4_rtc_msgs/msg/detail/cooperate_status__rosidl_typesupport_introspection_c.h
-- Symlinking: /home/cityu/autoware/install/tier4_rtc_msgs/include/tier4_rtc_msgs/msg/detail/cooperate_status_array__rosidl_typesupport_introspection_c.h
-- Symlinking: /home/cityu/autoware/install/tier4_rtc_msgs/include/tier4_rtc_msgs/msg/detail/module__rosidl_typesupport_introspection_c.h
-- Symlinking: /home/cityu/autoware/install/tier4_rtc_msgs/include/tier4_rtc_msgs/msg/rosidl_typesupport_introspection_c__visibility_control.h
-- Symlinking: /home/cityu/autoware/install/tier4_rtc_msgs/include/tier4_rtc_msgs/srv/detail/auto_mode__rosidl_typesupport_introspection_c.h
-- Symlinking: /home/cityu/autoware/install/tier4_rtc_msgs/include/tier4_rtc_msgs/srv/detail/cooperate_commands__rosidl_typesupport_introspection_c.h
-- Symlinking: /home/cityu/autoware/install/tier4_rtc_msgs/include/tier4_rtc_msgs/msg/command.hpp
-- Symlinking: /home/cityu/autoware/install/tier4_rtc_msgs/include/tier4_rtc_msgs/msg/cooperate_command.hpp
-- Symlinking: /home/cityu/autoware/install/tier4_rtc_msgs/include/tier4_rtc_msgs/msg/cooperate_response.hpp
-- Symlinking: /home/cityu/autoware/install/tier4_rtc_msgs/include/tier4_rtc_msgs/msg/cooperate_status.hpp
-- Symlinking: /home/cityu/autoware/install/tier4_rtc_msgs/include/tier4_rtc_msgs/msg/cooperate_status_array.hpp
-- Symlinking: /home/cityu/autoware/install/tier4_rtc_msgs/include/tier4_rtc_msgs/msg/detail/command__builder.hpp
-- Symlinking: /home/cityu/autoware/install/tier4_rtc_msgs/include/tier4_rtc_msgs/msg/detail/command__struct.hpp
-- Symlinking: /home/cityu/autoware/install/tier4_rtc_msgs/include/tier4_rtc_msgs/msg/detail/command__traits.hpp
-- Symlinking: /home/cityu/autoware/install/tier4_rtc_msgs/include/tier4_rtc_msgs/msg/detail/cooperate_command__builder.hpp
-- Symlinking: /home/cityu/autoware/install/tier4_rtc_msgs/include/tier4_rtc_msgs/msg/detail/cooperate_command__struct.hpp
-- Symlinking: /home/cityu/autoware/install/tier4_rtc_msgs/include/tier4_rtc_msgs/msg/detail/cooperate_command__traits.hpp
-- Symlinking: /home/cityu/autoware/install/tier4_rtc_msgs/include/tier4_rtc_msgs/msg/detail/cooperate_response__builder.hpp
-- Symlinking: /home/cityu/autoware/install/tier4_rtc_msgs/include/tier4_rtc_msgs/msg/detail/cooperate_response__struct.hpp
-- Symlinking: /home/cityu/autoware/install/tier4_rtc_msgs/include/tier4_rtc_msgs/msg/detail/cooperate_response__traits.hpp
-- Symlinking: /home/cityu/autoware/install/tier4_rtc_msgs/include/tier4_rtc_msgs/msg/detail/cooperate_status__builder.hpp
-- Symlinking: /home/cityu/autoware/install/tier4_rtc_msgs/include/tier4_rtc_msgs/msg/detail/cooperate_status__struct.hpp
-- Symlinking: /home/cityu/autoware/install/tier4_rtc_msgs/include/tier4_rtc_msgs/msg/detail/cooperate_status__traits.hpp
-- Symlinking: /home/cityu/autoware/install/tier4_rtc_msgs/include/tier4_rtc_msgs/msg/detail/cooperate_status_array__builder.hpp
-- Symlinking: /home/cityu/autoware/install/tier4_rtc_msgs/include/tier4_rtc_msgs/msg/detail/cooperate_status_array__struct.hpp
-- Symlinking: /home/cityu/autoware/install/tier4_rtc_msgs/include/tier4_rtc_msgs/msg/detail/cooperate_status_array__traits.hpp
-- Symlinking: /home/cityu/autoware/install/tier4_rtc_msgs/include/tier4_rtc_msgs/msg/detail/module__builder.hpp
-- Symlinking: /home/cityu/autoware/install/tier4_rtc_msgs/include/tier4_rtc_msgs/msg/detail/module__struct.hpp
-- Symlinking: /home/cityu/autoware/install/tier4_rtc_msgs/include/tier4_rtc_msgs/msg/detail/module__traits.hpp
-- Symlinking: /home/cityu/autoware/install/tier4_rtc_msgs/include/tier4_rtc_msgs/msg/module.hpp
-- Symlinking: /home/cityu/autoware/install/tier4_rtc_msgs/include/tier4_rtc_msgs/srv/auto_mode.hpp
-- Symlinking: /home/cityu/autoware/install/tier4_rtc_msgs/include/tier4_rtc_msgs/srv/cooperate_commands.hpp
-- Symlinking: /home/cityu/autoware/install/tier4_rtc_msgs/include/tier4_rtc_msgs/srv/detail/auto_mode__builder.hpp
-- Symlinking: /home/cityu/autoware/install/tier4_rtc_msgs/include/tier4_rtc_msgs/srv/detail/auto_mode__struct.hpp
-- Symlinking: /home/cityu/autoware/install/tier4_rtc_msgs/include/tier4_rtc_msgs/srv/detail/auto_mode__traits.hpp
-- Symlinking: /home/cityu/autoware/install/tier4_rtc_msgs/include/tier4_rtc_msgs/srv/detail/cooperate_commands__builder.hpp
-- Symlinking: /home/cityu/autoware/install/tier4_rtc_msgs/include/tier4_rtc_msgs/srv/detail/cooperate_commands__struct.hpp
-- Symlinking: /home/cityu/autoware/install/tier4_rtc_msgs/include/tier4_rtc_msgs/srv/detail/cooperate_commands__traits.hpp
-- Symlinking: /home/cityu/autoware/install/tier4_rtc_msgs/include/tier4_rtc_msgs/msg/detail/command__rosidl_typesupport_introspection_cpp.hpp
-- Symlinking: /home/cityu/autoware/install/tier4_rtc_msgs/include/tier4_rtc_msgs/msg/detail/cooperate_command__rosidl_typesupport_introspection_cpp.hpp
-- Symlinking: /home/cityu/autoware/install/tier4_rtc_msgs/include/tier4_rtc_msgs/msg/detail/cooperate_response__rosidl_typesupport_introspection_cpp.hpp
-- Symlinking: /home/cityu/autoware/install/tier4_rtc_msgs/include/tier4_rtc_msgs/msg/detail/cooperate_status__rosidl_typesupport_introspection_cpp.hpp
-- Symlinking: /home/cityu/autoware/install/tier4_rtc_msgs/include/tier4_rtc_msgs/msg/detail/cooperate_status_array__rosidl_typesupport_introspection_cpp.hpp
-- Symlinking: /home/cityu/autoware/install/tier4_rtc_msgs/include/tier4_rtc_msgs/msg/detail/module__rosidl_typesupport_introspection_cpp.hpp
-- Symlinking: /home/cityu/autoware/install/tier4_rtc_msgs/include/tier4_rtc_msgs/srv/detail/auto_mode__rosidl_typesupport_introspection_cpp.hpp
-- Symlinking: /home/cityu/autoware/install/tier4_rtc_msgs/include/tier4_rtc_msgs/srv/detail/cooperate_commands__rosidl_typesupport_introspection_cpp.hpp
-- Symlinking: /home/cityu/autoware/install/tier4_rtc_msgs/share/tier4_rtc_msgs/environment/pythonpath.sh
-- Symlinking: /home/cityu/autoware/install/tier4_rtc_msgs/share/tier4_rtc_msgs/environment/pythonpath.dsv
-- Symlinking: /home/cityu/autoware/install/tier4_rtc_msgs/lib/python3.8/site-packages/tier4_rtc_msgs/__init__.py
-- Symlinking: /home/cityu/autoware/install/tier4_rtc_msgs/lib/python3.8/site-packages/tier4_rtc_msgs/msg/__init__.py
-- Symlinking: /home/cityu/autoware/install/tier4_rtc_msgs/lib/python3.8/site-packages/tier4_rtc_msgs/msg/_command.py
-- Symlinking: /home/cityu/autoware/install/tier4_rtc_msgs/lib/python3.8/site-packages/tier4_rtc_msgs/msg/_cooperate_command.py
-- Symlinking: /home/cityu/autoware/install/tier4_rtc_msgs/lib/python3.8/site-packages/tier4_rtc_msgs/msg/_cooperate_response.py
-- Symlinking: /home/cityu/autoware/install/tier4_rtc_msgs/lib/python3.8/site-packages/tier4_rtc_msgs/msg/_cooperate_status.py
-- Symlinking: /home/cityu/autoware/install/tier4_rtc_msgs/lib/python3.8/site-packages/tier4_rtc_msgs/msg/_cooperate_status_array.py
-- Symlinking: /home/cityu/autoware/install/tier4_rtc_msgs/lib/python3.8/site-packages/tier4_rtc_msgs/msg/_module.py
-- Symlinking: /home/cityu/autoware/install/tier4_rtc_msgs/lib/python3.8/site-packages/tier4_rtc_msgs/srv/__init__.py
-- Symlinking: /home/cityu/autoware/install/tier4_rtc_msgs/lib/python3.8/site-packages/tier4_rtc_msgs/srv/_auto_mode.py
-- Symlinking: /home/cityu/autoware/install/tier4_rtc_msgs/lib/python3.8/site-packages/tier4_rtc_msgs/srv/_cooperate_commands.py
-- Symlinking: /home/cityu/autoware/install/tier4_rtc_msgs/lib/python3.8/site-packages/tier4_rtc_msgs/tier4_rtc_msgs_s__rosidl_typesupport_fastrtps_c.cpython-38-x86_64-linux-gnu.so
-- Symlinking: /home/cityu/autoware/install/tier4_rtc_msgs/lib/python3.8/site-packages/tier4_rtc_msgs/tier4_rtc_msgs_s__rosidl_typesupport_introspection_c.cpython-38-x86_64-linux-gnu.so
-- Symlinking: /home/cityu/autoware/install/tier4_rtc_msgs/lib/python3.8/site-packages/tier4_rtc_msgs/tier4_rtc_msgs_s__rosidl_typesupport_c.cpython-38-x86_64-linux-gnu.so
-- Symlinking: /home/cityu/autoware/install/tier4_rtc_msgs/lib/libtier4_rtc_msgs__python.so
-- Symlinking: /home/cityu/autoware/install/tier4_rtc_msgs/share/tier4_rtc_msgs/msg/Command.idl
-- Symlinking: /home/cityu/autoware/install/tier4_rtc_msgs/share/tier4_rtc_msgs/msg/CooperateCommand.idl
-- Symlinking: /home/cityu/autoware/install/tier4_rtc_msgs/share/tier4_rtc_msgs/msg/CooperateResponse.idl
-- Symlinking: /home/cityu/autoware/install/tier4_rtc_msgs/share/tier4_rtc_msgs/msg/CooperateStatus.idl
-- Symlinking: /home/cityu/autoware/install/tier4_rtc_msgs/share/tier4_rtc_msgs/msg/CooperateStatusArray.idl
-- Symlinking: /home/cityu/autoware/install/tier4_rtc_msgs/share/tier4_rtc_msgs/msg/Module.idl
-- Symlinking: /home/cityu/autoware/install/tier4_rtc_msgs/share/tier4_rtc_msgs/srv/AutoMode.idl
-- Symlinking: /home/cityu/autoware/install/tier4_rtc_msgs/share/tier4_rtc_msgs/srv/CooperateCommands.idl
-- Symlinking: /home/cityu/autoware/install/tier4_rtc_msgs/share/tier4_rtc_msgs/msg/Command.msg
-- Symlinking: /home/cityu/autoware/install/tier4_rtc_msgs/share/tier4_rtc_msgs/msg/CooperateCommand.msg
-- Symlinking: /home/cityu/autoware/install/tier4_rtc_msgs/share/tier4_rtc_msgs/msg/CooperateResponse.msg
-- Symlinking: /home/cityu/autoware/install/tier4_rtc_msgs/share/tier4_rtc_msgs/msg/CooperateStatus.msg
-- Symlinking: /home/cityu/autoware/install/tier4_rtc_msgs/share/tier4_rtc_msgs/msg/CooperateStatusArray.msg
-- Symlinking: /home/cityu/autoware/install/tier4_rtc_msgs/share/tier4_rtc_msgs/msg/Module.msg
-- Symlinking: /home/cityu/autoware/install/tier4_rtc_msgs/share/tier4_rtc_msgs/srv/AutoMode.srv
-- Symlinking: /home/cityu/autoware/install/tier4_rtc_msgs/share/tier4_rtc_msgs/srv/AutoMode_Request.msg
-- Symlinking: /home/cityu/autoware/install/tier4_rtc_msgs/share/tier4_rtc_msgs/srv/AutoMode_Response.msg
-- Symlinking: /home/cityu/autoware/install/tier4_rtc_msgs/share/tier4_rtc_msgs/srv/CooperateCommands.srv
-- Symlinking: /home/cityu/autoware/install/tier4_rtc_msgs/share/tier4_rtc_msgs/srv/CooperateCommands_Request.msg
-- Symlinking: /home/cityu/autoware/install/tier4_rtc_msgs/share/tier4_rtc_msgs/srv/CooperateCommands_Response.msg
-- Symlinking: /home/cityu/autoware/install/tier4_rtc_msgs/share/ament_index/resource_index/package_run_dependencies/tier4_rtc_msgs
-- Symlinking: /home/cityu/autoware/install/tier4_rtc_msgs/share/ament_index/resource_index/parent_prefix_path/tier4_rtc_msgs
-- Symlinking: /home/cityu/autoware/install/tier4_rtc_msgs/share/tier4_rtc_msgs/environment/ament_prefix_path.sh
-- Symlinking: /home/cityu/autoware/install/tier4_rtc_msgs/share/tier4_rtc_msgs/environment/ament_prefix_path.dsv
-- Symlinking: /home/cityu/autoware/install/tier4_rtc_msgs/share/tier4_rtc_msgs/environment/path.sh
-- Symlinking: /home/cityu/autoware/install/tier4_rtc_msgs/share/tier4_rtc_msgs/environment/path.dsv
-- Symlinking: /home/cityu/autoware/install/tier4_rtc_msgs/share/tier4_rtc_msgs/local_setup.bash
-- Symlinking: /home/cityu/autoware/install/tier4_rtc_msgs/share/tier4_rtc_msgs/local_setup.sh
-- Symlinking: /home/cityu/autoware/install/tier4_rtc_msgs/share/tier4_rtc_msgs/local_setup.zsh
-- Symlinking: /home/cityu/autoware/install/tier4_rtc_msgs/share/tier4_rtc_msgs/local_setup.dsv
-- Symlinking: /home/cityu/autoware/install/tier4_rtc_msgs/share/tier4_rtc_msgs/package.dsv
-- Symlinking: /home/cityu/autoware/install/tier4_rtc_msgs/share/ament_index/resource_index/packages/tier4_rtc_msgs
-- Symlinking: /home/cityu/autoware/install/tier4_rtc_msgs/share/tier4_rtc_msgs/cmake/rosidl_cmake-extras.cmake
-- Symlinking: /home/cityu/autoware/install/tier4_rtc_msgs/share/tier4_rtc_msgs/cmake/ament_cmake_export_dependencies-extras.cmake
-- Symlinking: /home/cityu/autoware/install/tier4_rtc_msgs/share/tier4_rtc_msgs/cmake/ament_cmake_export_libraries-extras.cmake
-- Symlinking: /home/cityu/autoware/install/tier4_rtc_msgs/share/tier4_rtc_msgs/cmake/ament_cmake_export_targets-extras.cmake
-- Symlinking: /home/cityu/autoware/install/tier4_rtc_msgs/share/tier4_rtc_msgs/cmake/ament_cmake_export_include_directories-extras.cmake
-- Symlinking: /home/cityu/autoware/install/tier4_rtc_msgs/share/tier4_rtc_msgs/cmake/rosidl_cmake_export_typesupport_libraries-extras.cmake
-- Symlinking: /home/cityu/autoware/install/tier4_rtc_msgs/share/tier4_rtc_msgs/cmake/rosidl_cmake_export_typesupport_targets-extras.cmake
-- Symlinking: /home/cityu/autoware/install/tier4_rtc_msgs/share/tier4_rtc_msgs/cmake/tier4_rtc_msgsConfig.cmake
-- Symlinking: /home/cityu/autoware/install/tier4_rtc_msgs/share/tier4_rtc_msgs/cmake/tier4_rtc_msgsConfig-version.cmake
-- Symlinking: /home/cityu/autoware/install/tier4_rtc_msgs/share/tier4_rtc_msgs/package.xml
-- Installing: /home/cityu/autoware/install/tier4_rtc_msgs/lib/libtier4_rtc_msgs__rosidl_generator_c.so
-- Set runtime path of "/home/cityu/autoware/install/tier4_rtc_msgs/lib/libtier4_rtc_msgs__rosidl_generator_c.so" to ""
-- Installing: /home/cityu/autoware/install/tier4_rtc_msgs/lib/libtier4_rtc_msgs__rosidl_typesupport_introspection_c.so
-- Set runtime path of "/home/cityu/autoware/install/tier4_rtc_msgs/lib/libtier4_rtc_msgs__rosidl_typesupport_introspection_c.so" to ""
-- Installing: /home/cityu/autoware/install/tier4_rtc_msgs/lib/libtier4_rtc_msgs__rosidl_typesupport_c.so
-- Set runtime path of "/home/cityu/autoware/install/tier4_rtc_msgs/lib/libtier4_rtc_msgs__rosidl_typesupport_c.so" to ""
-- Installing: /home/cityu/autoware/install/tier4_rtc_msgs/lib/libtier4_rtc_msgs__rosidl_typesupport_introspection_cpp.so
-- Set runtime path of "/home/cityu/autoware/install/tier4_rtc_msgs/lib/libtier4_rtc_msgs__rosidl_typesupport_introspection_cpp.so" to ""
-- Installing: /home/cityu/autoware/install/tier4_rtc_msgs/lib/libtier4_rtc_msgs__rosidl_typesupport_cpp.so
-- Set runtime path of "/home/cityu/autoware/install/tier4_rtc_msgs/lib/libtier4_rtc_msgs__rosidl_typesupport_cpp.so" to ""
Compiling '/home/cityu/autoware/install/tier4_rtc_msgs/lib/python3.8/site-packages/tier4_rtc_msgs/__init__.py'...
-- Installing: /home/cityu/autoware/install/tier4_rtc_msgs/share/tier4_rtc_msgs/cmake/tier4_rtc_msgs__rosidl_generator_cExport.cmake
-- Installing: /home/cityu/autoware/install/tier4_rtc_msgs/share/tier4_rtc_msgs/cmake/tier4_rtc_msgs__rosidl_generator_cExport-release.cmake
-- Installing: /home/cityu/autoware/install/tier4_rtc_msgs/share/tier4_rtc_msgs/cmake/tier4_rtc_msgs__rosidl_typesupport_introspection_cExport.cmake
-- Installing: /home/cityu/autoware/install/tier4_rtc_msgs/share/tier4_rtc_msgs/cmake/tier4_rtc_msgs__rosidl_typesupport_introspection_cExport-release.cmake
-- Installing: /home/cityu/autoware/install/tier4_rtc_msgs/share/tier4_rtc_msgs/cmake/tier4_rtc_msgs__rosidl_typesupport_cExport.cmake
-- Installing: /home/cityu/autoware/install/tier4_rtc_msgs/share/tier4_rtc_msgs/cmake/tier4_rtc_msgs__rosidl_typesupport_cExport-release.cmake
-- Installing: /home/cityu/autoware/install/tier4_rtc_msgs/share/tier4_rtc_msgs/cmake/tier4_rtc_msgs__rosidl_generator_cppExport.cmake
-- Installing: /home/cityu/autoware/install/tier4_rtc_msgs/share/tier4_rtc_msgs/cmake/tier4_rtc_msgs__rosidl_typesupport_introspection_cppExport.cmake
-- Installing: /home/cityu/autoware/install/tier4_rtc_msgs/share/tier4_rtc_msgs/cmake/tier4_rtc_msgs__rosidl_typesupport_introspection_cppExport-release.cmake
-- Installing: /home/cityu/autoware/install/tier4_rtc_msgs/share/tier4_rtc_msgs/cmake/tier4_rtc_msgs__rosidl_typesupport_cppExport.cmake
-- Installing: /home/cityu/autoware/install/tier4_rtc_msgs/share/tier4_rtc_msgs/cmake/tier4_rtc_msgs__rosidl_typesupport_cppExport-release.cmake
