[0.079s] Invoking command in '/home/cityu/autoware/build/tier4_rtc_msgs': CMAKE_PREFIX_PATH=/opt/ros/galactic /usr/bin/cmake /home/cityu/autoware/src/universe/external/tier4_autoware_msgs/tier4_rtc_msgs -DCMAKE_BUILD_TYPE=Release -DAMENT_CMAKE_SYMLINK_INSTALL=1 -DCMAKE_INSTALL_PREFIX=/home/cityu/autoware/install/tier4_rtc_msgs
[0.367s] -- The C compiler identification is GNU 9.4.0
[0.582s] -- The CXX compiler identification is GNU 9.4.0
[0.589s] -- Check for working C compiler: /usr/bin/cc
[0.734s] -- Check for working C compiler: /usr/bin/cc -- works
[0.735s] -- Detecting C compiler ABI info
[0.876s] -- Detecting C compiler ABI info - done
[0.896s] -- Detecting C compile features
[0.897s] -- Detecting C compile features - done
[0.900s] -- Check for working CXX compiler: /usr/bin/c++
[1.051s] -- Check for working CXX compiler: /usr/bin/c++ -- works
[1.053s] -- Detecting CXX compiler ABI info
[1.210s] -- Detecting CXX compiler ABI info - done
[1.222s] -- Detecting CXX compile features
[1.223s] -- Detecting CXX compile features - done
[1.225s] -- Found ament_cmake_auto: 1.1.6 (/opt/ros/galactic/share/ament_cmake_auto/cmake)
[1.262s] -- Found PythonInterp: /usr/bin/python3 (found suitable version "3.8.10", minimum required is "3") 
[1.263s] -- Using PYTHON_EXECUTABLE: /usr/bin/python3
[1.384s] -- Override CMake install command with custom implementation using symlinks instead of copying resources
[1.516s] -- Using all available rosidl_typesupport_c: rosidl_typesupport_fastrtps_c;rosidl_typesupport_introspection_c
[1.527s] -- Found rosidl_adapter: 2.2.3 (/opt/ros/galactic/share/rosidl_adapter/cmake)
[1.637s] -- Found OpenSSL: /usr/lib/x86_64-linux-gnu/libcrypto.so (found version "1.1.1f")  
[1.677s] -- Found FastRTPS: /opt/ros/galactic/include  
[1.791s] -- Using all available rosidl_typesupport_cpp: rosidl_typesupport_fastrtps_cpp;rosidl_typesupport_introspection_cpp
[1.906s] -- Found PythonInterp: /usr/bin/python3 (found version "3.8.10") 
[2.062s] -- Found ament_cmake_ros: 0.9.2 (/opt/ros/galactic/share/ament_cmake_ros/cmake)
[2.212s] -- Using all available rosidl_typesupport_c: rosidl_typesupport_fastrtps_c;rosidl_typesupport_introspection_c
[2.230s] -- Using all available rosidl_typesupport_cpp: rosidl_typesupport_fastrtps_cpp;rosidl_typesupport_introspection_cpp
[2.254s] -- Found PythonInterp: /usr/bin/python3 (found suitable version "3.8.10", minimum required is "3.5") 
[2.256s] -- Found python_cmake_module: 0.8.1 (/opt/ros/galactic/share/python_cmake_module/cmake)
[2.285s] -- Found PythonLibs: /usr/lib/x86_64-linux-gnu/libpython3.8.so (found suitable version "3.8.10", minimum required is "3.5") 
[2.285s] -- Using PYTHON_EXECUTABLE: /usr/bin/python3
[2.285s] -- Using PYTHON_INCLUDE_DIRS: /usr/include/python3.8
[2.285s] -- Using PYTHON_LIBRARIES: /usr/lib/x86_64-linux-gnu/libpython3.8.so
[2.315s] -- Found PythonExtra: .so  
[2.532s] -- Found ament_lint_auto: 0.10.7 (/opt/ros/galactic/share/ament_lint_auto/cmake)
[2.566s] -- Added test 'copyright' to check source files copyright and LICENSE
[2.569s] -- Added test 'lint_cmake' to check CMake code style
[2.571s] -- Added test 'xmllint' to check XML markup files
[2.580s] -- Configuring done
[2.668s] -- Generating done
[2.673s] -- Build files have been written to: /home/cityu/autoware/build/tier4_rtc_msgs
[2.700s] Invoked command in '/home/cityu/autoware/build/tier4_rtc_msgs' returned '0': CMAKE_PREFIX_PATH=/opt/ros/galactic /usr/bin/cmake /home/cityu/autoware/src/universe/external/tier4_autoware_msgs/tier4_rtc_msgs -DCMAKE_BUILD_TYPE=Release -DAMENT_CMAKE_SYMLINK_INSTALL=1 -DCMAKE_INSTALL_PREFIX=/home/cityu/autoware/install/tier4_rtc_msgs
[2.701s] Invoking command in '/home/cityu/autoware/build/tier4_rtc_msgs': CMAKE_PREFIX_PATH=/opt/ros/galactic /usr/bin/cmake --build /home/cityu/autoware/build/tier4_rtc_msgs -- -j16 -l16
[3.126s] [35m[1mScanning dependencies of target tier4_rtc_msgs__cpp[0m
[3.129s] [  1%] [34m[1mGenerating C code for ROS interfaces[0m
[3.130s] [  2%] [34m[1mGenerating C++ code for ROS interfaces[0m
[4.993s] [  2%] Built target tier4_rtc_msgs__cpp
[5.016s] [35m[1mScanning dependencies of target tier4_rtc_msgs__rosidl_generator_c[0m
[5.074s] [  3%] [34m[1mGenerating C++ type support dispatch for ROS interfaces[0m
[5.082s] [  4%] [34m[1mGenerating C++ introspection for ROS interfaces[0m
[5.132s] [  5%] [34m[1mGenerating C++ type support for eProsima Fast-RTPS[0m
[5.148s] [  6%] [32mBuilding C object CMakeFiles/tier4_rtc_msgs__rosidl_generator_c.dir/rosidl_generator_c/tier4_rtc_msgs/msg/detail/cooperate_command__functions.c.o[0m
[5.149s] [  8%] [32mBuilding C object CMakeFiles/tier4_rtc_msgs__rosidl_generator_c.dir/rosidl_generator_c/tier4_rtc_msgs/msg/detail/command__functions.c.o[0m
[5.172s] [  9%] [32mBuilding C object CMakeFiles/tier4_rtc_msgs__rosidl_generator_c.dir/rosidl_generator_c/tier4_rtc_msgs/msg/detail/cooperate_status__functions.c.o[0m
[5.198s] [ 10%] [32mBuilding C object CMakeFiles/tier4_rtc_msgs__rosidl_generator_c.dir/rosidl_generator_c/tier4_rtc_msgs/msg/detail/cooperate_status_array__functions.c.o[0m
[5.199s] [ 11%] [32mBuilding C object CMakeFiles/tier4_rtc_msgs__rosidl_generator_c.dir/rosidl_generator_c/tier4_rtc_msgs/msg/detail/cooperate_response__functions.c.o[0m
[5.207s] [ 12%] [32mBuilding C object CMakeFiles/tier4_rtc_msgs__rosidl_generator_c.dir/rosidl_generator_c/tier4_rtc_msgs/msg/detail/module__functions.c.o[0m
[5.377s] [ 13%] [32mBuilding C object CMakeFiles/tier4_rtc_msgs__rosidl_generator_c.dir/rosidl_generator_c/tier4_rtc_msgs/srv/detail/auto_mode__functions.c.o[0m
[5.406s] [ 14%] [32mBuilding C object CMakeFiles/tier4_rtc_msgs__rosidl_generator_c.dir/rosidl_generator_c/tier4_rtc_msgs/srv/detail/cooperate_commands__functions.c.o[0m
[6.347s] [ 16%] [32m[1mLinking C shared library libtier4_rtc_msgs__rosidl_generator_c.so[0m
[6.735s] [ 16%] Built target tier4_rtc_msgs__rosidl_generator_c
[6.846s] [ 17%] [34m[1mGenerating C type support dispatch for ROS interfaces[0m
[6.863s] [ 18%] [34m[1mGenerating C introspection for ROS interfaces[0m
[8.789s] [35m[1mScanning dependencies of target tier4_rtc_msgs__rosidl_typesupport_cpp[0m
[8.923s] [ 19%] [32mBuilding CXX object CMakeFiles/tier4_rtc_msgs__rosidl_typesupport_cpp.dir/rosidl_typesupport_cpp/tier4_rtc_msgs/msg/command__type_support.cpp.o[0m
[9.001s] [ 20%] [32mBuilding CXX object CMakeFiles/tier4_rtc_msgs__rosidl_typesupport_cpp.dir/rosidl_typesupport_cpp/tier4_rtc_msgs/msg/cooperate_command__type_support.cpp.o[0m
[9.005s] [ 21%] [32mBuilding CXX object CMakeFiles/tier4_rtc_msgs__rosidl_typesupport_cpp.dir/rosidl_typesupport_cpp/tier4_rtc_msgs/msg/cooperate_status__type_support.cpp.o[0m
[9.024s] [ 22%] [32mBuilding CXX object CMakeFiles/tier4_rtc_msgs__rosidl_typesupport_cpp.dir/rosidl_typesupport_cpp/tier4_rtc_msgs/msg/cooperate_response__type_support.cpp.o[0m
[9.030s] [ 24%] [32mBuilding CXX object CMakeFiles/tier4_rtc_msgs__rosidl_typesupport_cpp.dir/rosidl_typesupport_cpp/tier4_rtc_msgs/msg/cooperate_status_array__type_support.cpp.o[0m
[9.043s] [ 25%] [32mBuilding CXX object CMakeFiles/tier4_rtc_msgs__rosidl_typesupport_cpp.dir/rosidl_typesupport_cpp/tier4_rtc_msgs/msg/module__type_support.cpp.o[0m
[9.056s] [ 26%] [32mBuilding CXX object CMakeFiles/tier4_rtc_msgs__rosidl_typesupport_cpp.dir/rosidl_typesupport_cpp/tier4_rtc_msgs/srv/cooperate_commands__type_support.cpp.o[0m
[9.112s] [ 27%] [32mBuilding CXX object CMakeFiles/tier4_rtc_msgs__rosidl_typesupport_cpp.dir/rosidl_typesupport_cpp/tier4_rtc_msgs/srv/auto_mode__type_support.cpp.o[0m
[9.331s] [35m[1mScanning dependencies of target tier4_rtc_msgs__rosidl_typesupport_introspection_cpp[0m
[9.480s] [ 28%] [32mBuilding CXX object CMakeFiles/tier4_rtc_msgs__rosidl_typesupport_introspection_cpp.dir/rosidl_typesupport_introspection_cpp/tier4_rtc_msgs/msg/detail/command__type_support.cpp.o[0m
[9.513s] [ 29%] [32mBuilding CXX object CMakeFiles/tier4_rtc_msgs__rosidl_typesupport_introspection_cpp.dir/rosidl_typesupport_introspection_cpp/tier4_rtc_msgs/msg/detail/cooperate_command__type_support.cpp.o[0m
[9.565s] [ 31%] [32mBuilding CXX object CMakeFiles/tier4_rtc_msgs__rosidl_typesupport_introspection_cpp.dir/rosidl_typesupport_introspection_cpp/tier4_rtc_msgs/msg/detail/cooperate_response__type_support.cpp.o[0m
[9.609s] [ 32%] [32mBuilding CXX object CMakeFiles/tier4_rtc_msgs__rosidl_typesupport_introspection_cpp.dir/rosidl_typesupport_introspection_cpp/tier4_rtc_msgs/msg/detail/cooperate_status__type_support.cpp.o[0m
[9.659s] [ 33%] [32mBuilding CXX object CMakeFiles/tier4_rtc_msgs__rosidl_typesupport_introspection_cpp.dir/rosidl_typesupport_introspection_cpp/tier4_rtc_msgs/msg/detail/cooperate_status_array__type_support.cpp.o[0m
[11.451s] [ 34%] [32mBuilding CXX object CMakeFiles/tier4_rtc_msgs__rosidl_typesupport_introspection_cpp.dir/rosidl_typesupport_introspection_cpp/tier4_rtc_msgs/msg/detail/module__type_support.cpp.o[0m
[11.507s] [35m[1mScanning dependencies of target tier4_rtc_msgs__rosidl_typesupport_fastrtps_cpp[0m
[11.708s] [ 35%] [32mBuilding CXX object CMakeFiles/tier4_rtc_msgs__rosidl_typesupport_fastrtps_cpp.dir/rosidl_typesupport_fastrtps_cpp/tier4_rtc_msgs/msg/detail/dds_fastrtps/command__type_support.cpp.o[0m
[11.771s] [ 36%] [32mBuilding CXX object CMakeFiles/tier4_rtc_msgs__rosidl_typesupport_fastrtps_cpp.dir/rosidl_typesupport_fastrtps_cpp/tier4_rtc_msgs/msg/detail/dds_fastrtps/cooperate_command__type_support.cpp.o[0m
[11.799s] [35m[1mScanning dependencies of target tier4_rtc_msgs__rosidl_typesupport_c[0m
[11.947s] [ 37%] [32mBuilding CXX object CMakeFiles/tier4_rtc_msgs__rosidl_typesupport_c.dir/rosidl_typesupport_c/tier4_rtc_msgs/msg/command__type_support.cpp.o[0m
[12.243s] [ 39%] [32mBuilding CXX object CMakeFiles/tier4_rtc_msgs__rosidl_typesupport_c.dir/rosidl_typesupport_c/tier4_rtc_msgs/msg/cooperate_command__type_support.cpp.o[0m
[12.258s] [ 40%] [32mBuilding CXX object CMakeFiles/tier4_rtc_msgs__rosidl_typesupport_c.dir/rosidl_typesupport_c/tier4_rtc_msgs/msg/cooperate_response__type_support.cpp.o[0m
[12.270s] [ 41%] [32mBuilding CXX object CMakeFiles/tier4_rtc_msgs__rosidl_typesupport_c.dir/rosidl_typesupport_c/tier4_rtc_msgs/msg/cooperate_status__type_support.cpp.o[0m
[12.328s] [ 42%] [32mBuilding CXX object CMakeFiles/tier4_rtc_msgs__rosidl_typesupport_c.dir/rosidl_typesupport_c/tier4_rtc_msgs/msg/cooperate_status_array__type_support.cpp.o[0m
[12.328s] [ 43%] [32mBuilding CXX object CMakeFiles/tier4_rtc_msgs__rosidl_typesupport_fastrtps_cpp.dir/rosidl_typesupport_fastrtps_cpp/tier4_rtc_msgs/msg/detail/dds_fastrtps/cooperate_response__type_support.cpp.o[0m
[12.443s] [ 44%] [32mBuilding CXX object CMakeFiles/tier4_rtc_msgs__rosidl_typesupport_c.dir/rosidl_typesupport_c/tier4_rtc_msgs/msg/module__type_support.cpp.o[0m
[12.443s] [ 45%] [32mBuilding CXX object CMakeFiles/tier4_rtc_msgs__rosidl_typesupport_introspection_cpp.dir/rosidl_typesupport_introspection_cpp/tier4_rtc_msgs/srv/detail/auto_mode__type_support.cpp.o[0m
[12.525s] [ 47%] [32m[1mLinking CXX shared library libtier4_rtc_msgs__rosidl_typesupport_cpp.so[0m
[12.560s] [ 48%] [32mBuilding CXX object CMakeFiles/tier4_rtc_msgs__rosidl_typesupport_c.dir/rosidl_typesupport_c/tier4_rtc_msgs/srv/cooperate_commands__type_support.cpp.o[0m
[12.565s] [ 49%] [32mBuilding CXX object CMakeFiles/tier4_rtc_msgs__rosidl_typesupport_c.dir/rosidl_typesupport_c/tier4_rtc_msgs/srv/auto_mode__type_support.cpp.o[0m
[12.638s] [ 50%] [32mBuilding CXX object CMakeFiles/tier4_rtc_msgs__rosidl_typesupport_introspection_cpp.dir/rosidl_typesupport_introspection_cpp/tier4_rtc_msgs/srv/detail/cooperate_commands__type_support.cpp.o[0m
[12.668s] [ 51%] [32mBuilding CXX object CMakeFiles/tier4_rtc_msgs__rosidl_typesupport_fastrtps_cpp.dir/rosidl_typesupport_fastrtps_cpp/tier4_rtc_msgs/msg/detail/dds_fastrtps/cooperate_status__type_support.cpp.o[0m
[12.731s] [ 52%] [32mBuilding CXX object CMakeFiles/tier4_rtc_msgs__rosidl_typesupport_fastrtps_cpp.dir/rosidl_typesupport_fastrtps_cpp/tier4_rtc_msgs/msg/detail/dds_fastrtps/cooperate_status_array__type_support.cpp.o[0m
[12.750s] [ 54%] [32mBuilding CXX object CMakeFiles/tier4_rtc_msgs__rosidl_typesupport_fastrtps_cpp.dir/rosidl_typesupport_fastrtps_cpp/tier4_rtc_msgs/msg/detail/dds_fastrtps/module__type_support.cpp.o[0m
[12.860s] [ 55%] [32m[1mLinking CXX shared library libtier4_rtc_msgs__rosidl_typesupport_c.so[0m
[12.980s] [ 56%] [32mBuilding CXX object CMakeFiles/tier4_rtc_msgs__rosidl_typesupport_fastrtps_cpp.dir/rosidl_typesupport_fastrtps_cpp/tier4_rtc_msgs/srv/detail/dds_fastrtps/auto_mode__type_support.cpp.o[0m
[12.997s] [ 57%] [32mBuilding CXX object CMakeFiles/tier4_rtc_msgs__rosidl_typesupport_fastrtps_cpp.dir/rosidl_typesupport_fastrtps_cpp/tier4_rtc_msgs/srv/detail/dds_fastrtps/cooperate_commands__type_support.cpp.o[0m
[13.008s] [ 57%] Built target tier4_rtc_msgs__rosidl_typesupport_cpp
[13.039s] [35m[1mScanning dependencies of target tier4_rtc_msgs__rosidl_typesupport_introspection_c[0m
[13.173s] [ 57%] Built target tier4_rtc_msgs__rosidl_typesupport_c
[13.175s] [ 58%] [32mBuilding C object CMakeFiles/tier4_rtc_msgs__rosidl_typesupport_introspection_c.dir/rosidl_typesupport_introspection_c/tier4_rtc_msgs/msg/detail/command__type_support.c.o[0m
[13.199s] [ 59%] [32mBuilding C object CMakeFiles/tier4_rtc_msgs__rosidl_typesupport_introspection_c.dir/rosidl_typesupport_introspection_c/tier4_rtc_msgs/msg/detail/cooperate_command__type_support.c.o[0m
[13.207s] [ 60%] [32mBuilding C object CMakeFiles/tier4_rtc_msgs__rosidl_typesupport_introspection_c.dir/rosidl_typesupport_introspection_c/tier4_rtc_msgs/msg/detail/cooperate_status__type_support.c.o[0m
[13.231s] [ 62%] [32mBuilding C object CMakeFiles/tier4_rtc_msgs__rosidl_typesupport_introspection_c.dir/rosidl_typesupport_introspection_c/tier4_rtc_msgs/msg/detail/cooperate_response__type_support.c.o[0m
[13.456s] [ 63%] [32mBuilding C object CMakeFiles/tier4_rtc_msgs__rosidl_typesupport_introspection_c.dir/rosidl_typesupport_introspection_c/tier4_rtc_msgs/msg/detail/cooperate_status_array__type_support.c.o[0m
[13.515s] [ 64%] [32mBuilding C object CMakeFiles/tier4_rtc_msgs__rosidl_typesupport_introspection_c.dir/rosidl_typesupport_introspection_c/tier4_rtc_msgs/msg/detail/module__type_support.c.o[0m
[13.542s] [ 65%] [32mBuilding C object CMakeFiles/tier4_rtc_msgs__rosidl_typesupport_introspection_c.dir/rosidl_typesupport_introspection_c/tier4_rtc_msgs/srv/detail/cooperate_commands__type_support.c.o[0m
[13.585s] [ 66%] [32mBuilding C object CMakeFiles/tier4_rtc_msgs__rosidl_typesupport_introspection_c.dir/rosidl_typesupport_introspection_c/tier4_rtc_msgs/srv/detail/auto_mode__type_support.c.o[0m
[13.969s] [ 67%] [32m[1mLinking C shared library libtier4_rtc_msgs__rosidl_typesupport_introspection_c.so[0m
[14.173s] [ 67%] Built target tier4_rtc_msgs__rosidl_typesupport_introspection_c
[15.608s] [ 68%] [32m[1mLinking CXX shared library libtier4_rtc_msgs__rosidl_typesupport_introspection_cpp.so[0m
[16.218s] [ 68%] Built target tier4_rtc_msgs__rosidl_typesupport_introspection_cpp
[16.895s] [ 70%] [32m[1mLinking CXX shared library libtier4_rtc_msgs__rosidl_typesupport_fastrtps_cpp.so[0m
[17.503s] [ 70%] Built target tier4_rtc_msgs__rosidl_typesupport_fastrtps_cpp
[17.575s] [ 71%] [34m[1mGenerating C type support for eProsima Fast-RTPS[0m
[19.302s] [35m[1mScanning dependencies of target tier4_rtc_msgs__rosidl_typesupport_fastrtps_c[0m
[19.366s] [ 72%] [32mBuilding CXX object CMakeFiles/tier4_rtc_msgs__rosidl_typesupport_fastrtps_c.dir/rosidl_typesupport_fastrtps_c/tier4_rtc_msgs/msg/detail/command__type_support_c.cpp.o[0m
[19.961s] [ 73%] [32mBuilding CXX object CMakeFiles/tier4_rtc_msgs__rosidl_typesupport_fastrtps_c.dir/rosidl_typesupport_fastrtps_c/tier4_rtc_msgs/srv/detail/cooperate_commands__type_support_c.cpp.o[0m
[20.683s] [ 74%] [32mBuilding CXX object CMakeFiles/tier4_rtc_msgs__rosidl_typesupport_fastrtps_c.dir/rosidl_typesupport_fastrtps_c/tier4_rtc_msgs/srv/detail/auto_mode__type_support_c.cpp.o[0m
[21.385s] [ 75%] [32mBuilding CXX object CMakeFiles/tier4_rtc_msgs__rosidl_typesupport_fastrtps_c.dir/rosidl_typesupport_fastrtps_c/tier4_rtc_msgs/msg/detail/module__type_support_c.cpp.o[0m
[22.082s] [ 77%] [32mBuilding CXX object CMakeFiles/tier4_rtc_msgs__rosidl_typesupport_fastrtps_c.dir/rosidl_typesupport_fastrtps_c/tier4_rtc_msgs/msg/detail/cooperate_status_array__type_support_c.cpp.o[0m
[22.705s] [ 78%] [32mBuilding CXX object CMakeFiles/tier4_rtc_msgs__rosidl_typesupport_fastrtps_c.dir/rosidl_typesupport_fastrtps_c/tier4_rtc_msgs/msg/detail/cooperate_status__type_support_c.cpp.o[0m
[23.331s] [ 79%] [32mBuilding CXX object CMakeFiles/tier4_rtc_msgs__rosidl_typesupport_fastrtps_c.dir/rosidl_typesupport_fastrtps_c/tier4_rtc_msgs/msg/detail/cooperate_response__type_support_c.cpp.o[0m
[23.886s] [ 80%] [32mBuilding CXX object CMakeFiles/tier4_rtc_msgs__rosidl_typesupport_fastrtps_c.dir/rosidl_typesupport_fastrtps_c/tier4_rtc_msgs/msg/detail/cooperate_command__type_support_c.cpp.o[0m
[24.414s] [ 81%] [32m[1mLinking CXX shared library libtier4_rtc_msgs__rosidl_typesupport_fastrtps_c.so[0m
[24.614s] [ 81%] Built target tier4_rtc_msgs__rosidl_typesupport_fastrtps_c
[24.628s] [35m[1mScanning dependencies of target tier4_rtc_msgs[0m
[24.641s] [ 81%] Built target tier4_rtc_msgs
[24.656s] [35m[1mScanning dependencies of target tier4_rtc_msgs__py[0m
[24.668s] [ 82%] [34m[1mGenerating Python code for ROS interfaces[0m
[26.807s] [ 82%] Built target tier4_rtc_msgs__py
[26.826s] [35m[1mScanning dependencies of target tier4_rtc_msgs__python[0m
[26.884s] [ 83%] [32mBuilding C object CMakeFiles/tier4_rtc_msgs__python.dir/rosidl_generator_py/tier4_rtc_msgs/msg/_command_s.c.o[0m
[27.089s] [ 85%] [32mBuilding C object CMakeFiles/tier4_rtc_msgs__python.dir/rosidl_generator_py/tier4_rtc_msgs/srv/_cooperate_commands_s.c.o[0m
[27.349s] [ 86%] [32mBuilding C object CMakeFiles/tier4_rtc_msgs__python.dir/rosidl_generator_py/tier4_rtc_msgs/srv/_auto_mode_s.c.o[0m
[27.539s] [ 87%] [32mBuilding C object CMakeFiles/tier4_rtc_msgs__python.dir/rosidl_generator_py/tier4_rtc_msgs/msg/_module_s.c.o[0m
[27.721s] [ 88%] [32mBuilding C object CMakeFiles/tier4_rtc_msgs__python.dir/rosidl_generator_py/tier4_rtc_msgs/msg/_cooperate_status_array_s.c.o[0m
[27.928s] [ 89%] [32mBuilding C object CMakeFiles/tier4_rtc_msgs__python.dir/rosidl_generator_py/tier4_rtc_msgs/msg/_cooperate_status_s.c.o[0m
[28.140s] [ 90%] [32mBuilding C object CMakeFiles/tier4_rtc_msgs__python.dir/rosidl_generator_py/tier4_rtc_msgs/msg/_cooperate_response_s.c.o[0m
[28.318s] [ 91%] [32mBuilding C object CMakeFiles/tier4_rtc_msgs__python.dir/rosidl_generator_py/tier4_rtc_msgs/msg/_cooperate_command_s.c.o[0m
[28.503s] [ 93%] [32m[1mLinking C shared library rosidl_generator_py/tier4_rtc_msgs/libtier4_rtc_msgs__python.so[0m
[28.574s] [ 93%] Built target tier4_rtc_msgs__python
[28.590s] [35m[1mScanning dependencies of target tier4_rtc_msgs__rosidl_typesupport_c__pyext[0m
[28.623s] [ 94%] [32mBuilding C object CMakeFiles/tier4_rtc_msgs__rosidl_typesupport_c__pyext.dir/rosidl_generator_py/tier4_rtc_msgs/_tier4_rtc_msgs_s.ep.rosidl_typesupport_c.c.o[0m
[28.984s] [ 95%] [32m[1mLinking C shared library rosidl_generator_py/tier4_rtc_msgs/tier4_rtc_msgs_s__rosidl_typesupport_c.cpython-38-x86_64-linux-gnu.so[0m
[29.068s] [ 95%] Built target tier4_rtc_msgs__rosidl_typesupport_c__pyext
[29.084s] [35m[1mScanning dependencies of target tier4_rtc_msgs__rosidl_typesupport_fastrtps_c__pyext[0m
[29.141s] [ 96%] [32mBuilding C object CMakeFiles/tier4_rtc_msgs__rosidl_typesupport_fastrtps_c__pyext.dir/rosidl_generator_py/tier4_rtc_msgs/_tier4_rtc_msgs_s.ep.rosidl_typesupport_fastrtps_c.c.o[0m
[29.559s] [ 97%] [32m[1mLinking CXX shared library rosidl_generator_py/tier4_rtc_msgs/tier4_rtc_msgs_s__rosidl_typesupport_fastrtps_c.cpython-38-x86_64-linux-gnu.so[0m
[29.680s] [ 97%] Built target tier4_rtc_msgs__rosidl_typesupport_fastrtps_c__pyext
[29.700s] [35m[1mScanning dependencies of target tier4_rtc_msgs__rosidl_typesupport_introspection_c__pyext[0m
[29.734s] [ 98%] [32mBuilding C object CMakeFiles/tier4_rtc_msgs__rosidl_typesupport_introspection_c__pyext.dir/rosidl_generator_py/tier4_rtc_msgs/_tier4_rtc_msgs_s.ep.rosidl_typesupport_introspection_c.c.o[0m
[30.077s] [100%] [32m[1mLinking C shared library rosidl_generator_py/tier4_rtc_msgs/tier4_rtc_msgs_s__rosidl_typesupport_introspection_c.cpython-38-x86_64-linux-gnu.so[0m
[30.143s] [100%] Built target tier4_rtc_msgs__rosidl_typesupport_introspection_c__pyext
[30.193s] Invoked command in '/home/cityu/autoware/build/tier4_rtc_msgs' returned '0': CMAKE_PREFIX_PATH=/opt/ros/galactic /usr/bin/cmake --build /home/cityu/autoware/build/tier4_rtc_msgs -- -j16 -l16
[30.460s] Invoking command in '/home/cityu/autoware/build/tier4_rtc_msgs': CMAKE_PREFIX_PATH=/opt/ros/galactic /usr/bin/cmake --install /home/cityu/autoware/build/tier4_rtc_msgs
[48.882s] -- Install configuration: "Release"
[48.883s] -- Execute custom install script
[48.883s] -- Symlinking: /home/cityu/autoware/install/tier4_rtc_msgs/share/ament_index/resource_index/rosidl_interfaces/tier4_rtc_msgs
[48.883s] -- Symlinking: /home/cityu/autoware/install/tier4_rtc_msgs/include/tier4_rtc_msgs/msg/command.h
[48.883s] -- Symlinking: /home/cityu/autoware/install/tier4_rtc_msgs/include/tier4_rtc_msgs/msg/cooperate_command.h
[48.883s] -- Symlinking: /home/cityu/autoware/install/tier4_rtc_msgs/include/tier4_rtc_msgs/msg/cooperate_response.h
[48.883s] -- Symlinking: /home/cityu/autoware/install/tier4_rtc_msgs/include/tier4_rtc_msgs/msg/cooperate_status.h
[48.883s] -- Symlinking: /home/cityu/autoware/install/tier4_rtc_msgs/include/tier4_rtc_msgs/msg/cooperate_status_array.h
[48.884s] -- Symlinking: /home/cityu/autoware/install/tier4_rtc_msgs/include/tier4_rtc_msgs/msg/detail/command__functions.h
[48.884s] -- Symlinking: /home/cityu/autoware/install/tier4_rtc_msgs/include/tier4_rtc_msgs/msg/detail/command__struct.h
[48.884s] -- Symlinking: /home/cityu/autoware/install/tier4_rtc_msgs/include/tier4_rtc_msgs/msg/detail/command__type_support.h
[48.884s] -- Symlinking: /home/cityu/autoware/install/tier4_rtc_msgs/include/tier4_rtc_msgs/msg/detail/cooperate_command__functions.h
[48.884s] -- Symlinking: /home/cityu/autoware/install/tier4_rtc_msgs/include/tier4_rtc_msgs/msg/detail/cooperate_command__struct.h
[48.884s] -- Symlinking: /home/cityu/autoware/install/tier4_rtc_msgs/include/tier4_rtc_msgs/msg/detail/cooperate_command__type_support.h
[48.884s] -- Symlinking: /home/cityu/autoware/install/tier4_rtc_msgs/include/tier4_rtc_msgs/msg/detail/cooperate_response__functions.h
[48.884s] -- Symlinking: /home/cityu/autoware/install/tier4_rtc_msgs/include/tier4_rtc_msgs/msg/detail/cooperate_response__struct.h
[48.884s] -- Symlinking: /home/cityu/autoware/install/tier4_rtc_msgs/include/tier4_rtc_msgs/msg/detail/cooperate_response__type_support.h
[48.885s] -- Symlinking: /home/cityu/autoware/install/tier4_rtc_msgs/include/tier4_rtc_msgs/msg/detail/cooperate_status__functions.h
[48.885s] -- Symlinking: /home/cityu/autoware/install/tier4_rtc_msgs/include/tier4_rtc_msgs/msg/detail/cooperate_status__struct.h
[48.885s] -- Symlinking: /home/cityu/autoware/install/tier4_rtc_msgs/include/tier4_rtc_msgs/msg/detail/cooperate_status__type_support.h
[48.885s] -- Symlinking: /home/cityu/autoware/install/tier4_rtc_msgs/include/tier4_rtc_msgs/msg/detail/cooperate_status_array__functions.h
[48.885s] -- Symlinking: /home/cityu/autoware/install/tier4_rtc_msgs/include/tier4_rtc_msgs/msg/detail/cooperate_status_array__struct.h
[48.885s] -- Symlinking: /home/cityu/autoware/install/tier4_rtc_msgs/include/tier4_rtc_msgs/msg/detail/cooperate_status_array__type_support.h
[48.885s] -- Symlinking: /home/cityu/autoware/install/tier4_rtc_msgs/include/tier4_rtc_msgs/msg/detail/module__functions.h
[48.885s] -- Symlinking: /home/cityu/autoware/install/tier4_rtc_msgs/include/tier4_rtc_msgs/msg/detail/module__struct.h
[48.886s] -- Symlinking: /home/cityu/autoware/install/tier4_rtc_msgs/include/tier4_rtc_msgs/msg/detail/module__type_support.h
[48.886s] -- Symlinking: /home/cityu/autoware/install/tier4_rtc_msgs/include/tier4_rtc_msgs/msg/module.h
[48.886s] -- Symlinking: /home/cityu/autoware/install/tier4_rtc_msgs/include/tier4_rtc_msgs/msg/rosidl_generator_c__visibility_control.h
[48.886s] -- Symlinking: /home/cityu/autoware/install/tier4_rtc_msgs/include/tier4_rtc_msgs/srv/auto_mode.h
[48.886s] -- Symlinking: /home/cityu/autoware/install/tier4_rtc_msgs/include/tier4_rtc_msgs/srv/cooperate_commands.h
[48.886s] -- Symlinking: /home/cityu/autoware/install/tier4_rtc_msgs/include/tier4_rtc_msgs/srv/detail/auto_mode__functions.h
[48.886s] -- Symlinking: /home/cityu/autoware/install/tier4_rtc_msgs/include/tier4_rtc_msgs/srv/detail/auto_mode__struct.h
[48.886s] -- Symlinking: /home/cityu/autoware/install/tier4_rtc_msgs/include/tier4_rtc_msgs/srv/detail/auto_mode__type_support.h
[48.887s] -- Symlinking: /home/cityu/autoware/install/tier4_rtc_msgs/include/tier4_rtc_msgs/srv/detail/cooperate_commands__functions.h
[48.887s] -- Symlinking: /home/cityu/autoware/install/tier4_rtc_msgs/include/tier4_rtc_msgs/srv/detail/cooperate_commands__struct.h
[48.887s] -- Symlinking: /home/cityu/autoware/install/tier4_rtc_msgs/include/tier4_rtc_msgs/srv/detail/cooperate_commands__type_support.h
[48.887s] -- Symlinking: /home/cityu/autoware/install/tier4_rtc_msgs/share/tier4_rtc_msgs/environment/library_path.sh
[48.887s] -- Symlinking: /home/cityu/autoware/install/tier4_rtc_msgs/share/tier4_rtc_msgs/environment/library_path.dsv
[48.887s] -- Symlinking: /home/cityu/autoware/install/tier4_rtc_msgs/include/tier4_rtc_msgs/msg/detail/command__rosidl_typesupport_fastrtps_c.h
[48.887s] -- Symlinking: /home/cityu/autoware/install/tier4_rtc_msgs/include/tier4_rtc_msgs/msg/detail/cooperate_command__rosidl_typesupport_fastrtps_c.h
[48.887s] -- Symlinking: /home/cityu/autoware/install/tier4_rtc_msgs/include/tier4_rtc_msgs/msg/detail/cooperate_response__rosidl_typesupport_fastrtps_c.h
[48.887s] -- Symlinking: /home/cityu/autoware/install/tier4_rtc_msgs/include/tier4_rtc_msgs/msg/detail/cooperate_status__rosidl_typesupport_fastrtps_c.h
[48.888s] -- Symlinking: /home/cityu/autoware/install/tier4_rtc_msgs/include/tier4_rtc_msgs/msg/detail/cooperate_status_array__rosidl_typesupport_fastrtps_c.h
[48.888s] -- Symlinking: /home/cityu/autoware/install/tier4_rtc_msgs/include/tier4_rtc_msgs/msg/detail/module__rosidl_typesupport_fastrtps_c.h
[48.888s] -- Symlinking: /home/cityu/autoware/install/tier4_rtc_msgs/include/tier4_rtc_msgs/msg/rosidl_typesupport_fastrtps_c__visibility_control.h
[48.888s] -- Symlinking: /home/cityu/autoware/install/tier4_rtc_msgs/include/tier4_rtc_msgs/srv/detail/auto_mode__rosidl_typesupport_fastrtps_c.h
[48.888s] -- Symlinking: /home/cityu/autoware/install/tier4_rtc_msgs/include/tier4_rtc_msgs/srv/detail/cooperate_commands__rosidl_typesupport_fastrtps_c.h
[48.888s] -- Symlinking: /home/cityu/autoware/install/tier4_rtc_msgs/lib/libtier4_rtc_msgs__rosidl_typesupport_fastrtps_c.so
[48.888s] -- Symlinking: /home/cityu/autoware/install/tier4_rtc_msgs/include/tier4_rtc_msgs/msg/detail/command__rosidl_typesupport_fastrtps_cpp.hpp
[48.888s] -- Symlinking: /home/cityu/autoware/install/tier4_rtc_msgs/include/tier4_rtc_msgs/msg/detail/cooperate_command__rosidl_typesupport_fastrtps_cpp.hpp
[48.889s] -- Symlinking: /home/cityu/autoware/install/tier4_rtc_msgs/include/tier4_rtc_msgs/msg/detail/cooperate_response__rosidl_typesupport_fastrtps_cpp.hpp
[48.890s] -- Symlinking: /home/cityu/autoware/install/tier4_rtc_msgs/include/tier4_rtc_msgs/msg/detail/cooperate_status__rosidl_typesupport_fastrtps_cpp.hpp
[48.890s] -- Symlinking: /home/cityu/autoware/install/tier4_rtc_msgs/include/tier4_rtc_msgs/msg/detail/cooperate_status_array__rosidl_typesupport_fastrtps_cpp.hpp
[48.890s] -- Symlinking: /home/cityu/autoware/install/tier4_rtc_msgs/include/tier4_rtc_msgs/msg/detail/module__rosidl_typesupport_fastrtps_cpp.hpp
[48.890s] -- Symlinking: /home/cityu/autoware/install/tier4_rtc_msgs/include/tier4_rtc_msgs/msg/rosidl_typesupport_fastrtps_cpp__visibility_control.h
[48.890s] -- Symlinking: /home/cityu/autoware/install/tier4_rtc_msgs/include/tier4_rtc_msgs/srv/detail/auto_mode__rosidl_typesupport_fastrtps_cpp.hpp
[48.890s] -- Symlinking: /home/cityu/autoware/install/tier4_rtc_msgs/include/tier4_rtc_msgs/srv/detail/cooperate_commands__rosidl_typesupport_fastrtps_cpp.hpp
[48.891s] -- Symlinking: /home/cityu/autoware/install/tier4_rtc_msgs/lib/libtier4_rtc_msgs__rosidl_typesupport_fastrtps_cpp.so
[48.891s] -- Symlinking: /home/cityu/autoware/install/tier4_rtc_msgs/include/tier4_rtc_msgs/msg/detail/command__rosidl_typesupport_introspection_c.h
[48.891s] -- Symlinking: /home/cityu/autoware/install/tier4_rtc_msgs/include/tier4_rtc_msgs/msg/detail/cooperate_command__rosidl_typesupport_introspection_c.h
[48.891s] -- Symlinking: /home/cityu/autoware/install/tier4_rtc_msgs/include/tier4_rtc_msgs/msg/detail/cooperate_response__rosidl_typesupport_introspection_c.h
[48.891s] -- Symlinking: /home/cityu/autoware/install/tier4_rtc_msgs/include/tier4_rtc_msgs/msg/detail/cooperate_status__rosidl_typesupport_introspection_c.h
[48.891s] -- Symlinking: /home/cityu/autoware/install/tier4_rtc_msgs/include/tier4_rtc_msgs/msg/detail/cooperate_status_array__rosidl_typesupport_introspection_c.h
[48.891s] -- Symlinking: /home/cityu/autoware/install/tier4_rtc_msgs/include/tier4_rtc_msgs/msg/detail/module__rosidl_typesupport_introspection_c.h
[48.891s] -- Symlinking: /home/cityu/autoware/install/tier4_rtc_msgs/include/tier4_rtc_msgs/msg/rosidl_typesupport_introspection_c__visibility_control.h
[48.892s] -- Symlinking: /home/cityu/autoware/install/tier4_rtc_msgs/include/tier4_rtc_msgs/srv/detail/auto_mode__rosidl_typesupport_introspection_c.h
[48.892s] -- Symlinking: /home/cityu/autoware/install/tier4_rtc_msgs/include/tier4_rtc_msgs/srv/detail/cooperate_commands__rosidl_typesupport_introspection_c.h
[48.892s] -- Symlinking: /home/cityu/autoware/install/tier4_rtc_msgs/include/tier4_rtc_msgs/msg/command.hpp
[48.892s] -- Symlinking: /home/cityu/autoware/install/tier4_rtc_msgs/include/tier4_rtc_msgs/msg/cooperate_command.hpp
[48.892s] -- Symlinking: /home/cityu/autoware/install/tier4_rtc_msgs/include/tier4_rtc_msgs/msg/cooperate_response.hpp
[48.892s] -- Symlinking: /home/cityu/autoware/install/tier4_rtc_msgs/include/tier4_rtc_msgs/msg/cooperate_status.hpp
[48.892s] -- Symlinking: /home/cityu/autoware/install/tier4_rtc_msgs/include/tier4_rtc_msgs/msg/cooperate_status_array.hpp
[48.892s] -- Symlinking: /home/cityu/autoware/install/tier4_rtc_msgs/include/tier4_rtc_msgs/msg/detail/command__builder.hpp
[48.892s] -- Symlinking: /home/cityu/autoware/install/tier4_rtc_msgs/include/tier4_rtc_msgs/msg/detail/command__struct.hpp
[48.893s] -- Symlinking: /home/cityu/autoware/install/tier4_rtc_msgs/include/tier4_rtc_msgs/msg/detail/command__traits.hpp
[48.893s] -- Symlinking: /home/cityu/autoware/install/tier4_rtc_msgs/include/tier4_rtc_msgs/msg/detail/cooperate_command__builder.hpp
[48.893s] -- Symlinking: /home/cityu/autoware/install/tier4_rtc_msgs/include/tier4_rtc_msgs/msg/detail/cooperate_command__struct.hpp
[48.893s] -- Symlinking: /home/cityu/autoware/install/tier4_rtc_msgs/include/tier4_rtc_msgs/msg/detail/cooperate_command__traits.hpp
[48.893s] -- Symlinking: /home/cityu/autoware/install/tier4_rtc_msgs/include/tier4_rtc_msgs/msg/detail/cooperate_response__builder.hpp
[48.893s] -- Symlinking: /home/cityu/autoware/install/tier4_rtc_msgs/include/tier4_rtc_msgs/msg/detail/cooperate_response__struct.hpp
[48.893s] -- Symlinking: /home/cityu/autoware/install/tier4_rtc_msgs/include/tier4_rtc_msgs/msg/detail/cooperate_response__traits.hpp
[48.893s] -- Symlinking: /home/cityu/autoware/install/tier4_rtc_msgs/include/tier4_rtc_msgs/msg/detail/cooperate_status__builder.hpp
[48.893s] -- Symlinking: /home/cityu/autoware/install/tier4_rtc_msgs/include/tier4_rtc_msgs/msg/detail/cooperate_status__struct.hpp
[48.894s] -- Symlinking: /home/cityu/autoware/install/tier4_rtc_msgs/include/tier4_rtc_msgs/msg/detail/cooperate_status__traits.hpp
[48.894s] -- Symlinking: /home/cityu/autoware/install/tier4_rtc_msgs/include/tier4_rtc_msgs/msg/detail/cooperate_status_array__builder.hpp
[48.894s] -- Symlinking: /home/cityu/autoware/install/tier4_rtc_msgs/include/tier4_rtc_msgs/msg/detail/cooperate_status_array__struct.hpp
[48.894s] -- Symlinking: /home/cityu/autoware/install/tier4_rtc_msgs/include/tier4_rtc_msgs/msg/detail/cooperate_status_array__traits.hpp
[48.894s] -- Symlinking: /home/cityu/autoware/install/tier4_rtc_msgs/include/tier4_rtc_msgs/msg/detail/module__builder.hpp
[48.894s] -- Symlinking: /home/cityu/autoware/install/tier4_rtc_msgs/include/tier4_rtc_msgs/msg/detail/module__struct.hpp
[48.894s] -- Symlinking: /home/cityu/autoware/install/tier4_rtc_msgs/include/tier4_rtc_msgs/msg/detail/module__traits.hpp
[48.894s] -- Symlinking: /home/cityu/autoware/install/tier4_rtc_msgs/include/tier4_rtc_msgs/msg/module.hpp
[48.895s] -- Symlinking: /home/cityu/autoware/install/tier4_rtc_msgs/include/tier4_rtc_msgs/srv/auto_mode.hpp
[48.895s] -- Symlinking: /home/cityu/autoware/install/tier4_rtc_msgs/include/tier4_rtc_msgs/srv/cooperate_commands.hpp
[48.895s] -- Symlinking: /home/cityu/autoware/install/tier4_rtc_msgs/include/tier4_rtc_msgs/srv/detail/auto_mode__builder.hpp
[48.895s] -- Symlinking: /home/cityu/autoware/install/tier4_rtc_msgs/include/tier4_rtc_msgs/srv/detail/auto_mode__struct.hpp
[48.895s] -- Symlinking: /home/cityu/autoware/install/tier4_rtc_msgs/include/tier4_rtc_msgs/srv/detail/auto_mode__traits.hpp
[48.895s] -- Symlinking: /home/cityu/autoware/install/tier4_rtc_msgs/include/tier4_rtc_msgs/srv/detail/cooperate_commands__builder.hpp
[48.895s] -- Symlinking: /home/cityu/autoware/install/tier4_rtc_msgs/include/tier4_rtc_msgs/srv/detail/cooperate_commands__struct.hpp
[48.895s] -- Symlinking: /home/cityu/autoware/install/tier4_rtc_msgs/include/tier4_rtc_msgs/srv/detail/cooperate_commands__traits.hpp
[48.896s] -- Symlinking: /home/cityu/autoware/install/tier4_rtc_msgs/include/tier4_rtc_msgs/msg/detail/command__rosidl_typesupport_introspection_cpp.hpp
[48.896s] -- Symlinking: /home/cityu/autoware/install/tier4_rtc_msgs/include/tier4_rtc_msgs/msg/detail/cooperate_command__rosidl_typesupport_introspection_cpp.hpp
[48.896s] -- Symlinking: /home/cityu/autoware/install/tier4_rtc_msgs/include/tier4_rtc_msgs/msg/detail/cooperate_response__rosidl_typesupport_introspection_cpp.hpp
[48.896s] -- Symlinking: /home/cityu/autoware/install/tier4_rtc_msgs/include/tier4_rtc_msgs/msg/detail/cooperate_status__rosidl_typesupport_introspection_cpp.hpp
[48.897s] -- Symlinking: /home/cityu/autoware/install/tier4_rtc_msgs/include/tier4_rtc_msgs/msg/detail/cooperate_status_array__rosidl_typesupport_introspection_cpp.hpp
[48.897s] -- Symlinking: /home/cityu/autoware/install/tier4_rtc_msgs/include/tier4_rtc_msgs/msg/detail/module__rosidl_typesupport_introspection_cpp.hpp
[48.897s] -- Symlinking: /home/cityu/autoware/install/tier4_rtc_msgs/include/tier4_rtc_msgs/srv/detail/auto_mode__rosidl_typesupport_introspection_cpp.hpp
[48.897s] -- Symlinking: /home/cityu/autoware/install/tier4_rtc_msgs/include/tier4_rtc_msgs/srv/detail/cooperate_commands__rosidl_typesupport_introspection_cpp.hpp
[48.897s] -- Symlinking: /home/cityu/autoware/install/tier4_rtc_msgs/share/tier4_rtc_msgs/environment/pythonpath.sh
[48.897s] -- Symlinking: /home/cityu/autoware/install/tier4_rtc_msgs/share/tier4_rtc_msgs/environment/pythonpath.dsv
[48.897s] -- Symlinking: /home/cityu/autoware/install/tier4_rtc_msgs/lib/python3.8/site-packages/tier4_rtc_msgs/__init__.py
[48.897s] -- Symlinking: /home/cityu/autoware/install/tier4_rtc_msgs/lib/python3.8/site-packages/tier4_rtc_msgs/msg/__init__.py
[48.897s] -- Symlinking: /home/cityu/autoware/install/tier4_rtc_msgs/lib/python3.8/site-packages/tier4_rtc_msgs/msg/_command.py
[48.898s] -- Symlinking: /home/cityu/autoware/install/tier4_rtc_msgs/lib/python3.8/site-packages/tier4_rtc_msgs/msg/_cooperate_command.py
[48.898s] -- Symlinking: /home/cityu/autoware/install/tier4_rtc_msgs/lib/python3.8/site-packages/tier4_rtc_msgs/msg/_cooperate_response.py
[48.898s] -- Symlinking: /home/cityu/autoware/install/tier4_rtc_msgs/lib/python3.8/site-packages/tier4_rtc_msgs/msg/_cooperate_status.py
[48.898s] -- Symlinking: /home/cityu/autoware/install/tier4_rtc_msgs/lib/python3.8/site-packages/tier4_rtc_msgs/msg/_cooperate_status_array.py
[48.898s] -- Symlinking: /home/cityu/autoware/install/tier4_rtc_msgs/lib/python3.8/site-packages/tier4_rtc_msgs/msg/_module.py
[48.898s] -- Symlinking: /home/cityu/autoware/install/tier4_rtc_msgs/lib/python3.8/site-packages/tier4_rtc_msgs/srv/__init__.py
[48.899s] -- Symlinking: /home/cityu/autoware/install/tier4_rtc_msgs/lib/python3.8/site-packages/tier4_rtc_msgs/srv/_auto_mode.py
[48.899s] -- Symlinking: /home/cityu/autoware/install/tier4_rtc_msgs/lib/python3.8/site-packages/tier4_rtc_msgs/srv/_cooperate_commands.py
[48.899s] -- Symlinking: /home/cityu/autoware/install/tier4_rtc_msgs/lib/python3.8/site-packages/tier4_rtc_msgs/tier4_rtc_msgs_s__rosidl_typesupport_fastrtps_c.cpython-38-x86_64-linux-gnu.so
[48.899s] -- Symlinking: /home/cityu/autoware/install/tier4_rtc_msgs/lib/python3.8/site-packages/tier4_rtc_msgs/tier4_rtc_msgs_s__rosidl_typesupport_introspection_c.cpython-38-x86_64-linux-gnu.so
[48.899s] -- Symlinking: /home/cityu/autoware/install/tier4_rtc_msgs/lib/python3.8/site-packages/tier4_rtc_msgs/tier4_rtc_msgs_s__rosidl_typesupport_c.cpython-38-x86_64-linux-gnu.so
[48.899s] -- Symlinking: /home/cityu/autoware/install/tier4_rtc_msgs/lib/libtier4_rtc_msgs__python.so
[48.899s] -- Symlinking: /home/cityu/autoware/install/tier4_rtc_msgs/share/tier4_rtc_msgs/msg/Command.idl
[48.900s] -- Symlinking: /home/cityu/autoware/install/tier4_rtc_msgs/share/tier4_rtc_msgs/msg/CooperateCommand.idl
[48.900s] -- Symlinking: /home/cityu/autoware/install/tier4_rtc_msgs/share/tier4_rtc_msgs/msg/CooperateResponse.idl
[48.900s] -- Symlinking: /home/cityu/autoware/install/tier4_rtc_msgs/share/tier4_rtc_msgs/msg/CooperateStatus.idl
[48.900s] -- Symlinking: /home/cityu/autoware/install/tier4_rtc_msgs/share/tier4_rtc_msgs/msg/CooperateStatusArray.idl
[48.900s] -- Symlinking: /home/cityu/autoware/install/tier4_rtc_msgs/share/tier4_rtc_msgs/msg/Module.idl
[48.900s] -- Symlinking: /home/cityu/autoware/install/tier4_rtc_msgs/share/tier4_rtc_msgs/srv/AutoMode.idl
[48.901s] -- Symlinking: /home/cityu/autoware/install/tier4_rtc_msgs/share/tier4_rtc_msgs/srv/CooperateCommands.idl
[48.901s] -- Symlinking: /home/cityu/autoware/install/tier4_rtc_msgs/share/tier4_rtc_msgs/msg/Command.msg
[48.901s] -- Symlinking: /home/cityu/autoware/install/tier4_rtc_msgs/share/tier4_rtc_msgs/msg/CooperateCommand.msg
[48.901s] -- Symlinking: /home/cityu/autoware/install/tier4_rtc_msgs/share/tier4_rtc_msgs/msg/CooperateResponse.msg
[48.901s] -- Symlinking: /home/cityu/autoware/install/tier4_rtc_msgs/share/tier4_rtc_msgs/msg/CooperateStatus.msg
[48.901s] -- Symlinking: /home/cityu/autoware/install/tier4_rtc_msgs/share/tier4_rtc_msgs/msg/CooperateStatusArray.msg
[48.901s] -- Symlinking: /home/cityu/autoware/install/tier4_rtc_msgs/share/tier4_rtc_msgs/msg/Module.msg
[48.901s] -- Symlinking: /home/cityu/autoware/install/tier4_rtc_msgs/share/tier4_rtc_msgs/srv/AutoMode.srv
[48.902s] -- Symlinking: /home/cityu/autoware/install/tier4_rtc_msgs/share/tier4_rtc_msgs/srv/AutoMode_Request.msg
[48.902s] -- Symlinking: /home/cityu/autoware/install/tier4_rtc_msgs/share/tier4_rtc_msgs/srv/AutoMode_Response.msg
[48.902s] -- Symlinking: /home/cityu/autoware/install/tier4_rtc_msgs/share/tier4_rtc_msgs/srv/CooperateCommands.srv
[48.902s] -- Symlinking: /home/cityu/autoware/install/tier4_rtc_msgs/share/tier4_rtc_msgs/srv/CooperateCommands_Request.msg
[48.902s] -- Symlinking: /home/cityu/autoware/install/tier4_rtc_msgs/share/tier4_rtc_msgs/srv/CooperateCommands_Response.msg
[48.902s] -- Symlinking: /home/cityu/autoware/install/tier4_rtc_msgs/share/ament_index/resource_index/package_run_dependencies/tier4_rtc_msgs
[48.902s] -- Symlinking: /home/cityu/autoware/install/tier4_rtc_msgs/share/ament_index/resource_index/parent_prefix_path/tier4_rtc_msgs
[48.903s] -- Symlinking: /home/cityu/autoware/install/tier4_rtc_msgs/share/tier4_rtc_msgs/environment/ament_prefix_path.sh
[48.903s] -- Symlinking: /home/cityu/autoware/install/tier4_rtc_msgs/share/tier4_rtc_msgs/environment/ament_prefix_path.dsv
[48.903s] -- Symlinking: /home/cityu/autoware/install/tier4_rtc_msgs/share/tier4_rtc_msgs/environment/path.sh
[48.916s] -- Symlinking: /home/cityu/autoware/install/tier4_rtc_msgs/share/tier4_rtc_msgs/environment/path.dsv
[48.928s] -- Symlinking: /home/cityu/autoware/install/tier4_rtc_msgs/share/tier4_rtc_msgs/local_setup.bash
[48.941s] -- Symlinking: /home/cityu/autoware/install/tier4_rtc_msgs/share/tier4_rtc_msgs/local_setup.sh
[48.954s] -- Symlinking: /home/cityu/autoware/install/tier4_rtc_msgs/share/tier4_rtc_msgs/local_setup.zsh
[48.967s] -- Symlinking: /home/cityu/autoware/install/tier4_rtc_msgs/share/tier4_rtc_msgs/local_setup.dsv
[48.980s] -- Symlinking: /home/cityu/autoware/install/tier4_rtc_msgs/share/tier4_rtc_msgs/package.dsv
[48.995s] -- Symlinking: /home/cityu/autoware/install/tier4_rtc_msgs/share/ament_index/resource_index/packages/tier4_rtc_msgs
[49.008s] -- Symlinking: /home/cityu/autoware/install/tier4_rtc_msgs/share/tier4_rtc_msgs/cmake/rosidl_cmake-extras.cmake
[49.021s] -- Symlinking: /home/cityu/autoware/install/tier4_rtc_msgs/share/tier4_rtc_msgs/cmake/ament_cmake_export_dependencies-extras.cmake
[49.033s] -- Symlinking: /home/cityu/autoware/install/tier4_rtc_msgs/share/tier4_rtc_msgs/cmake/ament_cmake_export_libraries-extras.cmake
[49.047s] -- Symlinking: /home/cityu/autoware/install/tier4_rtc_msgs/share/tier4_rtc_msgs/cmake/ament_cmake_export_targets-extras.cmake
[49.061s] -- Symlinking: /home/cityu/autoware/install/tier4_rtc_msgs/share/tier4_rtc_msgs/cmake/ament_cmake_export_include_directories-extras.cmake
[49.075s] -- Symlinking: /home/cityu/autoware/install/tier4_rtc_msgs/share/tier4_rtc_msgs/cmake/rosidl_cmake_export_typesupport_libraries-extras.cmake
[49.089s] -- Symlinking: /home/cityu/autoware/install/tier4_rtc_msgs/share/tier4_rtc_msgs/cmake/rosidl_cmake_export_typesupport_targets-extras.cmake
[49.102s] -- Symlinking: /home/cityu/autoware/install/tier4_rtc_msgs/share/tier4_rtc_msgs/cmake/tier4_rtc_msgsConfig.cmake
[49.115s] -- Symlinking: /home/cityu/autoware/install/tier4_rtc_msgs/share/tier4_rtc_msgs/cmake/tier4_rtc_msgsConfig-version.cmake
[49.129s] -- Symlinking: /home/cityu/autoware/install/tier4_rtc_msgs/share/tier4_rtc_msgs/package.xml
[49.142s] -- Installing: /home/cityu/autoware/install/tier4_rtc_msgs/lib/libtier4_rtc_msgs__rosidl_generator_c.so
[49.142s] -- Set runtime path of "/home/cityu/autoware/install/tier4_rtc_msgs/lib/libtier4_rtc_msgs__rosidl_generator_c.so" to ""
[49.142s] -- Installing: /home/cityu/autoware/install/tier4_rtc_msgs/lib/libtier4_rtc_msgs__rosidl_typesupport_introspection_c.so
[49.143s] -- Set runtime path of "/home/cityu/autoware/install/tier4_rtc_msgs/lib/libtier4_rtc_msgs__rosidl_typesupport_introspection_c.so" to ""
[49.143s] -- Installing: /home/cityu/autoware/install/tier4_rtc_msgs/lib/libtier4_rtc_msgs__rosidl_typesupport_c.so
[49.144s] -- Set runtime path of "/home/cityu/autoware/install/tier4_rtc_msgs/lib/libtier4_rtc_msgs__rosidl_typesupport_c.so" to ""
[49.144s] -- Installing: /home/cityu/autoware/install/tier4_rtc_msgs/lib/libtier4_rtc_msgs__rosidl_typesupport_introspection_cpp.so
[49.144s] -- Set runtime path of "/home/cityu/autoware/install/tier4_rtc_msgs/lib/libtier4_rtc_msgs__rosidl_typesupport_introspection_cpp.so" to ""
[49.144s] -- Installing: /home/cityu/autoware/install/tier4_rtc_msgs/lib/libtier4_rtc_msgs__rosidl_typesupport_cpp.so
[49.145s] -- Set runtime path of "/home/cityu/autoware/install/tier4_rtc_msgs/lib/libtier4_rtc_msgs__rosidl_typesupport_cpp.so" to ""
[49.185s] Compiling '/home/cityu/autoware/install/tier4_rtc_msgs/lib/python3.8/site-packages/tier4_rtc_msgs/__init__.py'...
[49.192s] -- Installing: /home/cityu/autoware/install/tier4_rtc_msgs/share/tier4_rtc_msgs/cmake/tier4_rtc_msgs__rosidl_generator_cExport.cmake
[49.192s] -- Installing: /home/cityu/autoware/install/tier4_rtc_msgs/share/tier4_rtc_msgs/cmake/tier4_rtc_msgs__rosidl_generator_cExport-release.cmake
[49.192s] -- Installing: /home/cityu/autoware/install/tier4_rtc_msgs/share/tier4_rtc_msgs/cmake/tier4_rtc_msgs__rosidl_typesupport_introspection_cExport.cmake
[49.193s] -- Installing: /home/cityu/autoware/install/tier4_rtc_msgs/share/tier4_rtc_msgs/cmake/tier4_rtc_msgs__rosidl_typesupport_introspection_cExport-release.cmake
[49.193s] -- Installing: /home/cityu/autoware/install/tier4_rtc_msgs/share/tier4_rtc_msgs/cmake/tier4_rtc_msgs__rosidl_typesupport_cExport.cmake
[49.193s] -- Installing: /home/cityu/autoware/install/tier4_rtc_msgs/share/tier4_rtc_msgs/cmake/tier4_rtc_msgs__rosidl_typesupport_cExport-release.cmake
[49.193s] -- Installing: /home/cityu/autoware/install/tier4_rtc_msgs/share/tier4_rtc_msgs/cmake/tier4_rtc_msgs__rosidl_generator_cppExport.cmake
[49.193s] -- Installing: /home/cityu/autoware/install/tier4_rtc_msgs/share/tier4_rtc_msgs/cmake/tier4_rtc_msgs__rosidl_typesupport_introspection_cppExport.cmake
[49.193s] -- Installing: /home/cityu/autoware/install/tier4_rtc_msgs/share/tier4_rtc_msgs/cmake/tier4_rtc_msgs__rosidl_typesupport_introspection_cppExport-release.cmake
[49.193s] -- Installing: /home/cityu/autoware/install/tier4_rtc_msgs/share/tier4_rtc_msgs/cmake/tier4_rtc_msgs__rosidl_typesupport_cppExport.cmake
[49.194s] -- Installing: /home/cityu/autoware/install/tier4_rtc_msgs/share/tier4_rtc_msgs/cmake/tier4_rtc_msgs__rosidl_typesupport_cppExport-release.cmake
[49.205s] Invoked command in '/home/cityu/autoware/build/tier4_rtc_msgs' returned '0': CMAKE_PREFIX_PATH=/opt/ros/galactic /usr/bin/cmake --install /home/cityu/autoware/build/tier4_rtc_msgs
