[  2%] Built target operation_mode_transition_manager__cpp
[ 10%] Built target operation_mode_transition_manager__rosidl_generator_c
[ 15%] Built target operation_mode_transition_manager_exe
[ 23%] Built target operation_mode_transition_manager__rosidl_typesupport_cpp
[ 31%] Built target operation_mode_transition_manager__rosidl_typesupport_fastrtps_cpp
[ 39%] Built target operation_mode_transition_manager__rosidl_typesupport_c
[ 47%] Built target operation_mode_transition_manager__rosidl_typesupport_introspection_c
[ 55%] Built target operation_mode_transition_manager__rosidl_typesupport_introspection_cpp
[ 63%] Built target operation_mode_transition_manager__rosidl_typesupport_fastrtps_c
[ 63%] Built target operation_mode_transition_manager
[ 65%] Built target operation_mode_transition_manager__py
[ 71%] Built target operation_mode_transition_manager__python
[ 84%] Built target operation_mode_transition_manager_node
[ 89%] Built target operation_mode_transition_manager__rosidl_typesupport_c__pyext
[ 94%] Built target operation_mode_transition_manager__rosidl_typesupport_introspection_c__pyext
[100%] Built target operation_mode_transition_manager__rosidl_typesupport_fastrtps_c__pyext
-- Install configuration: "Release"
-- Execute custom install script
-- Up-to-date symlink: /home/cityu/autoware/install/operation_mode_transition_manager/lib/operation_mode_transition_manager/operation_mode_transition_manager_exe
-- Up-to-date symlink: /home/cityu/autoware/install/operation_mode_transition_manager/share/ament_index/resource_index/rosidl_interfaces/operation_mode_transition_manager
-- Up-to-date symlink: /home/cityu/autoware/install/operation_mode_transition_manager/include/operation_mode_transition_manager/msg/detail/operation_mode_transition_manager_debug__functions.h
-- Up-to-date symlink: /home/cityu/autoware/install/operation_mode_transition_manager/include/operation_mode_transition_manager/msg/detail/operation_mode_transition_manager_debug__struct.h
-- Up-to-date symlink: /home/cityu/autoware/install/operation_mode_transition_manager/include/operation_mode_transition_manager/msg/detail/operation_mode_transition_manager_debug__type_support.h
-- Up-to-date symlink: /home/cityu/autoware/install/operation_mode_transition_manager/include/operation_mode_transition_manager/msg/operation_mode_transition_manager_debug.h
-- Up-to-date symlink: /home/cityu/autoware/install/operation_mode_transition_manager/include/operation_mode_transition_manager/msg/rosidl_generator_c__visibility_control.h
-- Up-to-date symlink: /home/cityu/autoware/install/operation_mode_transition_manager/share/operation_mode_transition_manager/environment/library_path.sh
-- Up-to-date symlink: /home/cityu/autoware/install/operation_mode_transition_manager/share/operation_mode_transition_manager/environment/library_path.dsv
-- Up-to-date symlink: /home/cityu/autoware/install/operation_mode_transition_manager/include/operation_mode_transition_manager/msg/detail/operation_mode_transition_manager_debug__rosidl_typesupport_fastrtps_c.h
-- Up-to-date symlink: /home/cityu/autoware/install/operation_mode_transition_manager/include/operation_mode_transition_manager/msg/rosidl_typesupport_fastrtps_c__visibility_control.h
-- Up-to-date symlink: /home/cityu/autoware/install/operation_mode_transition_manager/lib/liboperation_mode_transition_manager__rosidl_typesupport_fastrtps_c.so
-- Up-to-date symlink: /home/cityu/autoware/install/operation_mode_transition_manager/include/operation_mode_transition_manager/msg/detail/operation_mode_transition_manager_debug__rosidl_typesupport_fastrtps_cpp.hpp
-- Up-to-date symlink: /home/cityu/autoware/install/operation_mode_transition_manager/include/operation_mode_transition_manager/msg/rosidl_typesupport_fastrtps_cpp__visibility_control.h
-- Up-to-date symlink: /home/cityu/autoware/install/operation_mode_transition_manager/lib/liboperation_mode_transition_manager__rosidl_typesupport_fastrtps_cpp.so
-- Up-to-date symlink: /home/cityu/autoware/install/operation_mode_transition_manager/include/operation_mode_transition_manager/msg/detail/operation_mode_transition_manager_debug__rosidl_typesupport_introspection_c.h
-- Up-to-date symlink: /home/cityu/autoware/install/operation_mode_transition_manager/include/operation_mode_transition_manager/msg/rosidl_typesupport_introspection_c__visibility_control.h
-- Up-to-date symlink: /home/cityu/autoware/install/operation_mode_transition_manager/include/operation_mode_transition_manager/msg/detail/operation_mode_transition_manager_debug__builder.hpp
-- Up-to-date symlink: /home/cityu/autoware/install/operation_mode_transition_manager/include/operation_mode_transition_manager/msg/detail/operation_mode_transition_manager_debug__struct.hpp
-- Up-to-date symlink: /home/cityu/autoware/install/operation_mode_transition_manager/include/operation_mode_transition_manager/msg/detail/operation_mode_transition_manager_debug__traits.hpp
-- Up-to-date symlink: /home/cityu/autoware/install/operation_mode_transition_manager/include/operation_mode_transition_manager/msg/operation_mode_transition_manager_debug.hpp
-- Up-to-date symlink: /home/cityu/autoware/install/operation_mode_transition_manager/include/operation_mode_transition_manager/msg/detail/operation_mode_transition_manager_debug__rosidl_typesupport_introspection_cpp.hpp
-- Up-to-date symlink: /home/cityu/autoware/install/operation_mode_transition_manager/share/operation_mode_transition_manager/environment/pythonpath.sh
-- Up-to-date symlink: /home/cityu/autoware/install/operation_mode_transition_manager/share/operation_mode_transition_manager/environment/pythonpath.dsv
-- Up-to-date symlink: /home/cityu/autoware/install/operation_mode_transition_manager/lib/python3.8/site-packages/operation_mode_transition_manager/__init__.py
-- Up-to-date symlink: /home/cityu/autoware/install/operation_mode_transition_manager/lib/python3.8/site-packages/operation_mode_transition_manager/msg/__init__.py
-- Up-to-date symlink: /home/cityu/autoware/install/operation_mode_transition_manager/lib/python3.8/site-packages/operation_mode_transition_manager/msg/_operation_mode_transition_manager_debug.py
-- Up-to-date symlink: /home/cityu/autoware/install/operation_mode_transition_manager/lib/python3.8/site-packages/operation_mode_transition_manager/operation_mode_transition_manager_s__rosidl_typesupport_fastrtps_c.cpython-38-x86_64-linux-gnu.so
-- Up-to-date symlink: /home/cityu/autoware/install/operation_mode_transition_manager/lib/python3.8/site-packages/operation_mode_transition_manager/operation_mode_transition_manager_s__rosidl_typesupport_introspection_c.cpython-38-x86_64-linux-gnu.so
-- Up-to-date symlink: /home/cityu/autoware/install/operation_mode_transition_manager/lib/python3.8/site-packages/operation_mode_transition_manager/operation_mode_transition_manager_s__rosidl_typesupport_c.cpython-38-x86_64-linux-gnu.so
-- Up-to-date symlink: /home/cityu/autoware/install/operation_mode_transition_manager/lib/liboperation_mode_transition_manager__python.so
-- Up-to-date symlink: /home/cityu/autoware/install/operation_mode_transition_manager/share/operation_mode_transition_manager/msg/OperationModeTransitionManagerDebug.idl
-- Up-to-date symlink: /home/cityu/autoware/install/operation_mode_transition_manager/share/operation_mode_transition_manager/msg/OperationModeTransitionManagerDebug.msg
-- Up-to-date symlink: /home/cityu/autoware/install/operation_mode_transition_manager/lib/liboperation_mode_transition_manager_node.so
-- Up-to-date symlink: /home/cityu/autoware/install/operation_mode_transition_manager/share/operation_mode_transition_manager/launch/operation_mode_transition_manager.launch.xml
-- Up-to-date symlink: /home/cityu/autoware/install/operation_mode_transition_manager/share/operation_mode_transition_manager/config/operation_mode_transition_manager.param.yaml
-- Up-to-date symlink: /home/cityu/autoware/install/operation_mode_transition_manager/share/ament_index/resource_index/package_run_dependencies/operation_mode_transition_manager
-- Up-to-date symlink: /home/cityu/autoware/install/operation_mode_transition_manager/share/ament_index/resource_index/parent_prefix_path/operation_mode_transition_manager
-- Up-to-date symlink: /home/cityu/autoware/install/operation_mode_transition_manager/share/operation_mode_transition_manager/environment/ament_prefix_path.sh
-- Up-to-date symlink: /home/cityu/autoware/install/operation_mode_transition_manager/share/operation_mode_transition_manager/environment/ament_prefix_path.dsv
-- Up-to-date symlink: /home/cityu/autoware/install/operation_mode_transition_manager/share/operation_mode_transition_manager/environment/path.sh
-- Up-to-date symlink: /home/cityu/autoware/install/operation_mode_transition_manager/share/operation_mode_transition_manager/environment/path.dsv
-- Up-to-date symlink: /home/cityu/autoware/install/operation_mode_transition_manager/share/operation_mode_transition_manager/local_setup.bash
-- Up-to-date symlink: /home/cityu/autoware/install/operation_mode_transition_manager/share/operation_mode_transition_manager/local_setup.sh
-- Up-to-date symlink: /home/cityu/autoware/install/operation_mode_transition_manager/share/operation_mode_transition_manager/local_setup.zsh
-- Up-to-date symlink: /home/cityu/autoware/install/operation_mode_transition_manager/share/operation_mode_transition_manager/local_setup.dsv
-- Symlinking: /home/cityu/autoware/install/operation_mode_transition_manager/share/operation_mode_transition_manager/package.dsv
-- Up-to-date symlink: /home/cityu/autoware/install/operation_mode_transition_manager/share/ament_index/resource_index/packages/operation_mode_transition_manager
-- Up-to-date symlink: /home/cityu/autoware/install/operation_mode_transition_manager/share/ament_index/resource_index/rclcpp_components/operation_mode_transition_manager
-- Up-to-date symlink: /home/cityu/autoware/install/operation_mode_transition_manager/share/operation_mode_transition_manager/cmake/rosidl_cmake-extras.cmake
-- Up-to-date symlink: /home/cityu/autoware/install/operation_mode_transition_manager/share/operation_mode_transition_manager/cmake/ament_cmake_export_dependencies-extras.cmake
-- Up-to-date symlink: /home/cityu/autoware/install/operation_mode_transition_manager/share/operation_mode_transition_manager/cmake/ament_cmake_export_libraries-extras.cmake
-- Up-to-date symlink: /home/cityu/autoware/install/operation_mode_transition_manager/share/operation_mode_transition_manager/cmake/ament_cmake_export_targets-extras.cmake
-- Up-to-date symlink: /home/cityu/autoware/install/operation_mode_transition_manager/share/operation_mode_transition_manager/cmake/ament_cmake_export_include_directories-extras.cmake
-- Up-to-date symlink: /home/cityu/autoware/install/operation_mode_transition_manager/share/operation_mode_transition_manager/cmake/rosidl_cmake_export_typesupport_libraries-extras.cmake
-- Up-to-date symlink: /home/cityu/autoware/install/operation_mode_transition_manager/share/operation_mode_transition_manager/cmake/rosidl_cmake_export_typesupport_targets-extras.cmake
-- Up-to-date symlink: /home/cityu/autoware/install/operation_mode_transition_manager/share/operation_mode_transition_manager/cmake/operation_mode_transition_managerConfig.cmake
-- Up-to-date symlink: /home/cityu/autoware/install/operation_mode_transition_manager/share/operation_mode_transition_manager/cmake/operation_mode_transition_managerConfig-version.cmake
-- Up-to-date symlink: /home/cityu/autoware/install/operation_mode_transition_manager/share/operation_mode_transition_manager/package.xml
-- Up-to-date: /home/cityu/autoware/install/operation_mode_transition_manager/lib/liboperation_mode_transition_manager__rosidl_generator_c.so
-- Up-to-date: /home/cityu/autoware/install/operation_mode_transition_manager/lib/liboperation_mode_transition_manager__rosidl_typesupport_introspection_c.so
-- Up-to-date: /home/cityu/autoware/install/operation_mode_transition_manager/lib/liboperation_mode_transition_manager__rosidl_typesupport_c.so
-- Up-to-date: /home/cityu/autoware/install/operation_mode_transition_manager/lib/liboperation_mode_transition_manager__rosidl_typesupport_introspection_cpp.so
-- Up-to-date: /home/cityu/autoware/install/operation_mode_transition_manager/lib/liboperation_mode_transition_manager__rosidl_typesupport_cpp.so
-- Up-to-date: /home/cityu/autoware/install/operation_mode_transition_manager/share/operation_mode_transition_manager/cmake/operation_mode_transition_manager__rosidl_generator_cExport.cmake
-- Up-to-date: /home/cityu/autoware/install/operation_mode_transition_manager/share/operation_mode_transition_manager/cmake/operation_mode_transition_manager__rosidl_generator_cExport-release.cmake
-- Up-to-date: /home/cityu/autoware/install/operation_mode_transition_manager/share/operation_mode_transition_manager/cmake/operation_mode_transition_manager__rosidl_typesupport_introspection_cExport.cmake
-- Up-to-date: /home/cityu/autoware/install/operation_mode_transition_manager/share/operation_mode_transition_manager/cmake/operation_mode_transition_manager__rosidl_typesupport_introspection_cExport-release.cmake
-- Up-to-date: /home/cityu/autoware/install/operation_mode_transition_manager/share/operation_mode_transition_manager/cmake/operation_mode_transition_manager__rosidl_typesupport_cExport.cmake
-- Up-to-date: /home/cityu/autoware/install/operation_mode_transition_manager/share/operation_mode_transition_manager/cmake/operation_mode_transition_manager__rosidl_typesupport_cExport-release.cmake
-- Up-to-date: /home/cityu/autoware/install/operation_mode_transition_manager/share/operation_mode_transition_manager/cmake/operation_mode_transition_manager__rosidl_generator_cppExport.cmake
-- Up-to-date: /home/cityu/autoware/install/operation_mode_transition_manager/share/operation_mode_transition_manager/cmake/operation_mode_transition_manager__rosidl_typesupport_introspection_cppExport.cmake
-- Up-to-date: /home/cityu/autoware/install/operation_mode_transition_manager/share/operation_mode_transition_manager/cmake/operation_mode_transition_manager__rosidl_typesupport_introspection_cppExport-release.cmake
-- Up-to-date: /home/cityu/autoware/install/operation_mode_transition_manager/share/operation_mode_transition_manager/cmake/operation_mode_transition_manager__rosidl_typesupport_cppExport.cmake
-- Up-to-date: /home/cityu/autoware/install/operation_mode_transition_manager/share/operation_mode_transition_manager/cmake/operation_mode_transition_manager__rosidl_typesupport_cppExport-release.cmake
