-- Found ament_cmake_auto: 1.1.6 (/opt/ros/galactic/share/ament_cmake_auto/cmake)
-- Found PythonInterp: /usr/bin/python3 (found suitable version "3.8.10", minimum required is "3") 
-- Using PYTHON_EXECUTABLE: /usr/bin/python3
-- Override CMake install command with custom implementation using symlinks instead of copying resources
-- Using all available rosidl_typesupport_c: rosidl_typesupport_fastrtps_c;rosidl_typesupport_introspection_c
-- Found rosidl_adapter: 2.2.3 (/opt/ros/galactic/share/rosidl_adapter/cmake)
-- Using all available rosidl_typesupport_cpp: rosidl_typesupport_fastrtps_cpp;rosidl_typesupport_introspection_cpp
-- Found PythonInterp: /usr/bin/python3 (found version "3.8.10") 
-- Found ament_cmake_cppcheck: 0.10.7 (/opt/ros/galactic/share/ament_cmake_cppcheck/cmake)
-- Found ament_cmake_cpplint: 0.10.7 (/opt/ros/galactic/share/ament_cmake_cpplint/cmake)
-- Found ament_cmake_uncrustify: 0.10.7 (/opt/ros/galactic/share/ament_cmake_uncrustify/cmake)
-- Found ament_cmake_ros: 0.9.2 (/opt/ros/galactic/share/ament_cmake_ros/cmake)
-- Using all available rosidl_typesupport_c: rosidl_typesupport_fastrtps_c;rosidl_typesupport_introspection_c
-- Using all available rosidl_typesupport_cpp: rosidl_typesupport_fastrtps_cpp;rosidl_typesupport_introspection_cpp
-- Found PythonInterp: /usr/bin/python3 (found suitable version "3.8.10", minimum required is "3.5") 
-- Found python_cmake_module: 0.8.1 (/opt/ros/galactic/share/python_cmake_module/cmake)
-- Using PYTHON_EXECUTABLE: /usr/bin/python3
-- Using PYTHON_INCLUDE_DIRS: /usr/include/python3.8
-- Using PYTHON_LIBRARIES: /usr/lib/x86_64-linux-gnu/libpython3.8.so
-- Found ament_cmake_flake8: 0.10.7 (/opt/ros/galactic/share/ament_cmake_flake8/cmake)
-- Found ament_cmake_pep257: 0.10.7 (/opt/ros/galactic/share/ament_cmake_pep257/cmake)
-- Found ament_lint_auto: 0.10.7 (/opt/ros/galactic/share/ament_lint_auto/cmake)
-- Added test 'copyright' to check source files copyright and LICENSE
-- Added test 'lint_cmake' to check CMake code style
-- Added test 'xmllint' to check XML markup files
-- Configuring done
-- Generating done
CMake Warning:
  Manually-specified variables were not used by the project:

    DOWNLOAD_ARTIFACTS


-- Build files have been written to: /home/cityu/autoware/build/autoware_localization_msgs
[  3%] Built target autoware_localization_msgs__cpp
[ 12%] Built target autoware_localization_msgs__rosidl_generator_c
[ 22%] Built target autoware_localization_msgs__rosidl_typesupport_introspection_cpp
[ 32%] Built target autoware_localization_msgs__rosidl_typesupport_c
[ 41%] Built target autoware_localization_msgs__rosidl_typesupport_introspection_c
[ 51%] Built target autoware_localization_msgs__rosidl_typesupport_fastrtps_cpp
[ 61%] Built target autoware_localization_msgs__rosidl_typesupport_cpp
[ 70%] Built target autoware_localization_msgs__rosidl_typesupport_fastrtps_c
[ 70%] Built target autoware_localization_msgs
[ 74%] Built target autoware_localization_msgs__py
[ 80%] Built target autoware_localization_msgs__python
[ 87%] Built target autoware_localization_msgs__rosidl_typesupport_introspection_c__pyext
[ 93%] Built target autoware_localization_msgs__rosidl_typesupport_c__pyext
[100%] Built target autoware_localization_msgs__rosidl_typesupport_fastrtps_c__pyext
-- Install configuration: "Release"
-- Execute custom install script
-- Up-to-date symlink: /home/cityu/autoware/install/autoware_localization_msgs/share/ament_index/resource_index/rosidl_interfaces/autoware_localization_msgs
-- Up-to-date symlink: /home/cityu/autoware/install/autoware_localization_msgs/include/autoware_localization_msgs/msg/detail/kinematic_state__functions.h
-- Up-to-date symlink: /home/cityu/autoware/install/autoware_localization_msgs/include/autoware_localization_msgs/msg/detail/kinematic_state__struct.h
-- Up-to-date symlink: /home/cityu/autoware/install/autoware_localization_msgs/include/autoware_localization_msgs/msg/detail/kinematic_state__type_support.h
-- Up-to-date symlink: /home/cityu/autoware/install/autoware_localization_msgs/include/autoware_localization_msgs/msg/kinematic_state.h
-- Up-to-date symlink: /home/cityu/autoware/install/autoware_localization_msgs/include/autoware_localization_msgs/msg/rosidl_generator_c__visibility_control.h
-- Up-to-date symlink: /home/cityu/autoware/install/autoware_localization_msgs/share/autoware_localization_msgs/environment/library_path.sh
-- Up-to-date symlink: /home/cityu/autoware/install/autoware_localization_msgs/share/autoware_localization_msgs/environment/library_path.dsv
-- Up-to-date symlink: /home/cityu/autoware/install/autoware_localization_msgs/include/autoware_localization_msgs/msg/detail/kinematic_state__rosidl_typesupport_fastrtps_c.h
-- Up-to-date symlink: /home/cityu/autoware/install/autoware_localization_msgs/include/autoware_localization_msgs/msg/rosidl_typesupport_fastrtps_c__visibility_control.h
-- Up-to-date symlink: /home/cityu/autoware/install/autoware_localization_msgs/lib/libautoware_localization_msgs__rosidl_typesupport_fastrtps_c.so
-- Up-to-date symlink: /home/cityu/autoware/install/autoware_localization_msgs/include/autoware_localization_msgs/msg/detail/kinematic_state__rosidl_typesupport_fastrtps_cpp.hpp
-- Up-to-date symlink: /home/cityu/autoware/install/autoware_localization_msgs/include/autoware_localization_msgs/msg/rosidl_typesupport_fastrtps_cpp__visibility_control.h
-- Up-to-date symlink: /home/cityu/autoware/install/autoware_localization_msgs/lib/libautoware_localization_msgs__rosidl_typesupport_fastrtps_cpp.so
-- Up-to-date symlink: /home/cityu/autoware/install/autoware_localization_msgs/include/autoware_localization_msgs/msg/detail/kinematic_state__rosidl_typesupport_introspection_c.h
-- Up-to-date symlink: /home/cityu/autoware/install/autoware_localization_msgs/include/autoware_localization_msgs/msg/rosidl_typesupport_introspection_c__visibility_control.h
-- Up-to-date symlink: /home/cityu/autoware/install/autoware_localization_msgs/include/autoware_localization_msgs/msg/detail/kinematic_state__builder.hpp
-- Up-to-date symlink: /home/cityu/autoware/install/autoware_localization_msgs/include/autoware_localization_msgs/msg/detail/kinematic_state__struct.hpp
-- Up-to-date symlink: /home/cityu/autoware/install/autoware_localization_msgs/include/autoware_localization_msgs/msg/detail/kinematic_state__traits.hpp
-- Up-to-date symlink: /home/cityu/autoware/install/autoware_localization_msgs/include/autoware_localization_msgs/msg/kinematic_state.hpp
-- Up-to-date symlink: /home/cityu/autoware/install/autoware_localization_msgs/include/autoware_localization_msgs/msg/detail/kinematic_state__rosidl_typesupport_introspection_cpp.hpp
-- Up-to-date symlink: /home/cityu/autoware/install/autoware_localization_msgs/share/autoware_localization_msgs/environment/pythonpath.sh
-- Up-to-date symlink: /home/cityu/autoware/install/autoware_localization_msgs/share/autoware_localization_msgs/environment/pythonpath.dsv
-- Up-to-date symlink: /home/cityu/autoware/install/autoware_localization_msgs/lib/python3.8/site-packages/autoware_localization_msgs/__init__.py
-- Up-to-date symlink: /home/cityu/autoware/install/autoware_localization_msgs/lib/python3.8/site-packages/autoware_localization_msgs/msg/__init__.py
-- Up-to-date symlink: /home/cityu/autoware/install/autoware_localization_msgs/lib/python3.8/site-packages/autoware_localization_msgs/msg/_kinematic_state.py
-- Up-to-date symlink: /home/cityu/autoware/install/autoware_localization_msgs/lib/python3.8/site-packages/autoware_localization_msgs/autoware_localization_msgs_s__rosidl_typesupport_fastrtps_c.cpython-38-x86_64-linux-gnu.so
-- Up-to-date symlink: /home/cityu/autoware/install/autoware_localization_msgs/lib/python3.8/site-packages/autoware_localization_msgs/autoware_localization_msgs_s__rosidl_typesupport_introspection_c.cpython-38-x86_64-linux-gnu.so
-- Up-to-date symlink: /home/cityu/autoware/install/autoware_localization_msgs/lib/python3.8/site-packages/autoware_localization_msgs/autoware_localization_msgs_s__rosidl_typesupport_c.cpython-38-x86_64-linux-gnu.so
-- Up-to-date symlink: /home/cityu/autoware/install/autoware_localization_msgs/lib/libautoware_localization_msgs__python.so
-- Up-to-date symlink: /home/cityu/autoware/install/autoware_localization_msgs/share/autoware_localization_msgs/msg/KinematicState.idl
-- Up-to-date symlink: /home/cityu/autoware/install/autoware_localization_msgs/share/autoware_localization_msgs/msg/KinematicState.msg
-- Up-to-date symlink: /home/cityu/autoware/install/autoware_localization_msgs/share/ament_index/resource_index/package_run_dependencies/autoware_localization_msgs
-- Up-to-date symlink: /home/cityu/autoware/install/autoware_localization_msgs/share/ament_index/resource_index/parent_prefix_path/autoware_localization_msgs
-- Up-to-date symlink: /home/cityu/autoware/install/autoware_localization_msgs/share/autoware_localization_msgs/environment/ament_prefix_path.sh
-- Up-to-date symlink: /home/cityu/autoware/install/autoware_localization_msgs/share/autoware_localization_msgs/environment/ament_prefix_path.dsv
-- Up-to-date symlink: /home/cityu/autoware/install/autoware_localization_msgs/share/autoware_localization_msgs/environment/path.sh
-- Up-to-date symlink: /home/cityu/autoware/install/autoware_localization_msgs/share/autoware_localization_msgs/environment/path.dsv
-- Up-to-date symlink: /home/cityu/autoware/install/autoware_localization_msgs/share/autoware_localization_msgs/local_setup.bash
-- Up-to-date symlink: /home/cityu/autoware/install/autoware_localization_msgs/share/autoware_localization_msgs/local_setup.sh
-- Up-to-date symlink: /home/cityu/autoware/install/autoware_localization_msgs/share/autoware_localization_msgs/local_setup.zsh
-- Up-to-date symlink: /home/cityu/autoware/install/autoware_localization_msgs/share/autoware_localization_msgs/local_setup.dsv
-- Symlinking: /home/cityu/autoware/install/autoware_localization_msgs/share/autoware_localization_msgs/package.dsv
-- Up-to-date symlink: /home/cityu/autoware/install/autoware_localization_msgs/share/ament_index/resource_index/packages/autoware_localization_msgs
-- Up-to-date symlink: /home/cityu/autoware/install/autoware_localization_msgs/share/autoware_localization_msgs/cmake/rosidl_cmake-extras.cmake
-- Up-to-date symlink: /home/cityu/autoware/install/autoware_localization_msgs/share/autoware_localization_msgs/cmake/ament_cmake_export_dependencies-extras.cmake
-- Up-to-date symlink: /home/cityu/autoware/install/autoware_localization_msgs/share/autoware_localization_msgs/cmake/ament_cmake_export_libraries-extras.cmake
-- Up-to-date symlink: /home/cityu/autoware/install/autoware_localization_msgs/share/autoware_localization_msgs/cmake/ament_cmake_export_targets-extras.cmake
-- Up-to-date symlink: /home/cityu/autoware/install/autoware_localization_msgs/share/autoware_localization_msgs/cmake/ament_cmake_export_include_directories-extras.cmake
-- Up-to-date symlink: /home/cityu/autoware/install/autoware_localization_msgs/share/autoware_localization_msgs/cmake/rosidl_cmake_export_typesupport_libraries-extras.cmake
-- Up-to-date symlink: /home/cityu/autoware/install/autoware_localization_msgs/share/autoware_localization_msgs/cmake/rosidl_cmake_export_typesupport_targets-extras.cmake
-- Up-to-date symlink: /home/cityu/autoware/install/autoware_localization_msgs/share/autoware_localization_msgs/cmake/autoware_localization_msgsConfig.cmake
-- Up-to-date symlink: /home/cityu/autoware/install/autoware_localization_msgs/share/autoware_localization_msgs/cmake/autoware_localization_msgsConfig-version.cmake
-- Up-to-date symlink: /home/cityu/autoware/install/autoware_localization_msgs/share/autoware_localization_msgs/package.xml
-- Up-to-date: /home/cityu/autoware/install/autoware_localization_msgs/lib/libautoware_localization_msgs__rosidl_generator_c.so
-- Up-to-date: /home/cityu/autoware/install/autoware_localization_msgs/lib/libautoware_localization_msgs__rosidl_typesupport_introspection_c.so
-- Up-to-date: /home/cityu/autoware/install/autoware_localization_msgs/lib/libautoware_localization_msgs__rosidl_typesupport_c.so
-- Up-to-date: /home/cityu/autoware/install/autoware_localization_msgs/lib/libautoware_localization_msgs__rosidl_typesupport_introspection_cpp.so
-- Up-to-date: /home/cityu/autoware/install/autoware_localization_msgs/lib/libautoware_localization_msgs__rosidl_typesupport_cpp.so
Compiling '/home/cityu/autoware/install/autoware_localization_msgs/lib/python3.8/site-packages/autoware_localization_msgs/__init__.py'...
-- Up-to-date: /home/cityu/autoware/install/autoware_localization_msgs/share/autoware_localization_msgs/cmake/autoware_localization_msgs__rosidl_generator_cExport.cmake
-- Installing: /home/cityu/autoware/install/autoware_localization_msgs/share/autoware_localization_msgs/cmake/autoware_localization_msgs__rosidl_generator_cExport-release.cmake
-- Up-to-date: /home/cityu/autoware/install/autoware_localization_msgs/share/autoware_localization_msgs/cmake/autoware_localization_msgs__rosidl_typesupport_introspection_cExport.cmake
-- Installing: /home/cityu/autoware/install/autoware_localization_msgs/share/autoware_localization_msgs/cmake/autoware_localization_msgs__rosidl_typesupport_introspection_cExport-release.cmake
-- Up-to-date: /home/cityu/autoware/install/autoware_localization_msgs/share/autoware_localization_msgs/cmake/autoware_localization_msgs__rosidl_typesupport_cExport.cmake
-- Installing: /home/cityu/autoware/install/autoware_localization_msgs/share/autoware_localization_msgs/cmake/autoware_localization_msgs__rosidl_typesupport_cExport-release.cmake
-- Up-to-date: /home/cityu/autoware/install/autoware_localization_msgs/share/autoware_localization_msgs/cmake/autoware_localization_msgs__rosidl_generator_cppExport.cmake
-- Up-to-date: /home/cityu/autoware/install/autoware_localization_msgs/share/autoware_localization_msgs/cmake/autoware_localization_msgs__rosidl_typesupport_introspection_cppExport.cmake
-- Installing: /home/cityu/autoware/install/autoware_localization_msgs/share/autoware_localization_msgs/cmake/autoware_localization_msgs__rosidl_typesupport_introspection_cppExport-release.cmake
-- Up-to-date: /home/cityu/autoware/install/autoware_localization_msgs/share/autoware_localization_msgs/cmake/autoware_localization_msgs__rosidl_typesupport_cppExport.cmake
-- Installing: /home/cityu/autoware/install/autoware_localization_msgs/share/autoware_localization_msgs/cmake/autoware_localization_msgs__rosidl_typesupport_cppExport-release.cmake
