-- Found autoware_cmake: 0.1.0 (/home/cityu/autoware/install/autoware_cmake/share/autoware_cmake/cmake)
-- Found ament_cmake_auto: 1.1.6 (/opt/ros/galactic/share/ament_cmake_auto/cmake)
-- Using PYTHON_EXECUTABLE: /usr/bin/python3
-- Override CMake install command with custom implementation using symlinks instead of copying resources
-- Using all available rosidl_typesupport_c: rosidl_typesupport_fastrtps_c;rosidl_typesupport_introspection_c
-- Found rosidl_adapter: 2.2.3 (/opt/ros/galactic/share/rosidl_adapter/cmake)
-- Using all available rosidl_typesupport_cpp: rosidl_typesupport_fastrtps_cpp;rosidl_typesupport_introspection_cpp
-- Found rmw_implementation_cmake: 3.3.1 (/opt/ros/galactic/share/rmw_implementation_cmake/cmake)
-- Found rmw_cyclonedds_cpp: 0.22.6 (/opt/ros/galactic/share/rmw_cyclonedds_cpp/cmake)
-- Using RMW implementation 'rmw_cyclonedds_cpp' as default
-- Found eigen3_cmake_module: 0.1.1 (/opt/ros/galactic/share/eigen3_cmake_module/cmake)
-- Eigen found (include: /usr/include/eigen3, version: 3.3.7)
-- The imported target "vtkParseOGLExt" references the file
   "/usr/bin/vtkParseOGLExt-7.1"
but this file does not exist.  Possible reasons include:
* The file was deleted, renamed, or moved to another location.
* An install or uninstall procedure did not complete successfully.
* The installation package was faulty and contained
   "/usr/lib/cmake/vtk-7.1/VTKTargets.cmake"
but not all the files it references.

-- The imported target "vtkRenderingPythonTkWidgets" references the file
   "/usr/lib/x86_64-linux-gnu/libvtkRenderingPythonTkWidgets.so"
but this file does not exist.  Possible reasons include:
* The file was deleted, renamed, or moved to another location.
* An install or uninstall procedure did not complete successfully.
* The installation package was faulty and contained
   "/usr/lib/cmake/vtk-7.1/VTKTargets.cmake"
but not all the files it references.

-- The imported target "vtk" references the file
   "/usr/bin/vtk"
but this file does not exist.  Possible reasons include:
* The file was deleted, renamed, or moved to another location.
* An install or uninstall procedure did not complete successfully.
* The installation package was faulty and contained
   "/usr/lib/cmake/vtk-7.1/VTKTargets.cmake"
but not all the files it references.

-- The imported target "pvtk" references the file
   "/usr/bin/pvtk"
but this file does not exist.  Possible reasons include:
* The file was deleted, renamed, or moved to another location.
* An install or uninstall procedure did not complete successfully.
* The installation package was faulty and contained
   "/usr/lib/cmake/vtk-7.1/VTKTargets.cmake"
but not all the files it references.

-- Checking for module 'libusb-1.0'
--   No package 'libusb-1.0' found
-- Could NOT find USB_10 (missing: USB_10_LIBRARY USB_10_INCLUDE_DIR) 
-- OpenNI disabled because libusb-1.0 not found.
-- Checking for module 'libusb-1.0'
--   No package 'libusb-1.0' found
-- Could NOT find USB_10 (missing: USB_10_LIBRARY USB_10_INCLUDE_DIR) 
-- OpenNI 2 disabled because libusb-1.0 not found.
-- LIBUSB_1_LIBRARY (missing: LIBUSB_1_INCLUDE_DIR) 
-- Checking for module 'libusb-1.0'
--   No package 'libusb-1.0' found
-- Could NOT find USB_10 (missing: USB_10_LIBRARY USB_10_INCLUDE_DIR) 
-- OpenNI disabled because libusb-1.0 not found.
-- Checking for module 'libusb-1.0'
--   No package 'libusb-1.0' found
-- Could NOT find USB_10 (missing: USB_10_LIBRARY USB_10_INCLUDE_DIR) 
-- OpenNI 2 disabled because libusb-1.0 not found.
-- QHULL found (include: /usr/include, lib: optimized;/usr/lib/x86_64-linux-gnu/libqhull.so;debug;/usr/lib/x86_64-linux-gnu/libqhull.so)
-- Checking for module 'libusb-1.0'
--   No package 'libusb-1.0' found
-- Could NOT find USB_10 (missing: USB_10_LIBRARY USB_10_INCLUDE_DIR) 
-- OpenNI disabled because libusb-1.0 not found.
-- Found ament_lint_auto: 0.10.7 (/opt/ros/galactic/share/ament_lint_auto/cmake)
-- Found gtest sources under '/opt/ros/galactic/src/gtest_vendor': C++ tests using 'Google Test' will be built
-- Added test 'copyright' to check source files copyright and LICENSE
-- Added test 'cppcheck' to perform static code analysis on C / C++ code
-- Configured cppcheck include dirs: /home/cityu/autoware/src/universe/autoware.universe/common/autoware_point_types/include
-- Configured cppcheck exclude dirs and/or files: 
-- Added test 'lint_cmake' to check CMake code style
-- Added test 'xmllint' to check XML markup files
-- Configuring done
-- Generating done
CMake Warning:
  Manually-specified variables were not used by the project:

    DOWNLOAD_ARTIFACTS


-- Build files have been written to: /home/cityu/autoware/build/autoware_point_types
[ 33%] Built target gtest
[ 66%] Built target gtest_main
[ 83%] [32mBuilding CXX object CMakeFiles/test_autoware_point_types.dir/test/test_point_types.cpp.o[0m
[100%] [32m[1mLinking CXX executable test_autoware_point_types[0m
[100%] Built target test_autoware_point_types
-- Install configuration: "Release"
-- Execute custom install script
-- Up-to-date symlink: /home/cityu/autoware/install/autoware_point_types/include/autoware_point_types/types.hpp
-- Up-to-date symlink: /home/cityu/autoware/install/autoware_point_types/share/ament_index/resource_index/package_run_dependencies/autoware_point_types
-- Up-to-date symlink: /home/cityu/autoware/install/autoware_point_types/share/ament_index/resource_index/parent_prefix_path/autoware_point_types
-- Up-to-date symlink: /home/cityu/autoware/install/autoware_point_types/share/autoware_point_types/environment/ament_prefix_path.sh
-- Up-to-date symlink: /home/cityu/autoware/install/autoware_point_types/share/autoware_point_types/environment/ament_prefix_path.dsv
-- Up-to-date symlink: /home/cityu/autoware/install/autoware_point_types/share/autoware_point_types/environment/path.sh
-- Up-to-date symlink: /home/cityu/autoware/install/autoware_point_types/share/autoware_point_types/environment/path.dsv
-- Up-to-date symlink: /home/cityu/autoware/install/autoware_point_types/share/autoware_point_types/local_setup.bash
-- Up-to-date symlink: /home/cityu/autoware/install/autoware_point_types/share/autoware_point_types/local_setup.sh
-- Up-to-date symlink: /home/cityu/autoware/install/autoware_point_types/share/autoware_point_types/local_setup.zsh
-- Up-to-date symlink: /home/cityu/autoware/install/autoware_point_types/share/autoware_point_types/local_setup.dsv
-- Symlinking: /home/cityu/autoware/install/autoware_point_types/share/autoware_point_types/package.dsv
-- Up-to-date symlink: /home/cityu/autoware/install/autoware_point_types/share/ament_index/resource_index/packages/autoware_point_types
-- Up-to-date symlink: /home/cityu/autoware/install/autoware_point_types/share/autoware_point_types/cmake/ament_cmake_export_dependencies-extras.cmake
-- Up-to-date symlink: /home/cityu/autoware/install/autoware_point_types/share/autoware_point_types/cmake/ament_cmake_export_include_directories-extras.cmake
-- Up-to-date symlink: /home/cityu/autoware/install/autoware_point_types/share/autoware_point_types/cmake/autoware_point_typesConfig.cmake
-- Up-to-date symlink: /home/cityu/autoware/install/autoware_point_types/share/autoware_point_types/cmake/autoware_point_typesConfig-version.cmake
-- Up-to-date symlink: /home/cityu/autoware/install/autoware_point_types/share/autoware_point_types/package.xml
