[0.273s] Invoking command in '/home/cityu/autoware/build/freespace_planning_algorithms': AMENT_PREFIX_PATH=/home/cityu/autoware/install/tier4_autoware_utils:/home/cityu/autoware/install/autoware_auto_vehicle_msgs:/home/cityu/autoware/install/autoware_cmake:/home/cityu/autoware/install/autoware_auto_planning_msgs:/home/cityu/autoware/install/autoware_auto_perception_msgs:/home/cityu/autoware/install/tier4_debug_msgs:/home/cityu/autoware/install/autoware_lint_common:/home/cityu/autoware/install/autoware_auto_mapping_msgs:/home/cityu/autoware/install/autoware_auto_geometry_msgs:${AMENT_PREFIX_PATH} CMAKE_PREFIX_PATH=/home/cityu/autoware/install/tier4_autoware_utils:/home/cityu/autoware/install/autoware_auto_vehicle_msgs:/home/cityu/autoware/install/autoware_cmake:/home/cityu/autoware/install/autoware_auto_planning_msgs:/home/cityu/autoware/install/autoware_auto_perception_msgs:/home/cityu/autoware/install/tier4_debug_msgs:/home/cityu/autoware/install/autoware_lint_common:/home/cityu/autoware/install/autoware_auto_mapping_msgs:/home/cityu/autoware/install/autoware_auto_geometry_msgs:/opt/ros/galactic LD_LIBRARY_PATH=/home/cityu/autoware/install/tier4_autoware_utils/lib:/home/cityu/autoware/install/autoware_auto_vehicle_msgs/lib:/home/cityu/autoware/install/autoware_auto_planning_msgs/lib:/home/cityu/autoware/install/autoware_auto_perception_msgs/lib:/home/cityu/autoware/install/tier4_debug_msgs/lib:/home/cityu/autoware/install/autoware_auto_mapping_msgs/lib:/home/cityu/autoware/install/autoware_auto_geometry_msgs/lib:${LD_LIBRARY_PATH} PYTHONPATH=/home/cityu/autoware/install/autoware_auto_vehicle_msgs/lib/python3.8/site-packages:/home/cityu/autoware/install/autoware_auto_planning_msgs/lib/python3.8/site-packages:/home/cityu/autoware/install/autoware_auto_perception_msgs/lib/python3.8/site-packages:/home/cityu/autoware/install/tier4_debug_msgs/lib/python3.8/site-packages:/home/cityu/autoware/install/autoware_auto_mapping_msgs/lib/python3.8/site-packages:/home/cityu/autoware/install/autoware_auto_geometry_msgs/lib/python3.8/site-packages:${PYTHONPATH} /usr/bin/cmake /home/cityu/autoware/src/universe/autoware.universe/planning/freespace_planning_algorithms -DCMAKE_BUILD_TYPE=Release -DDOWNLOAD_ARTIFACTS=ON -DAMENT_CMAKE_SYMLINK_INSTALL=1 -DCMAKE_INSTALL_PREFIX=/home/cityu/autoware/install/freespace_planning_algorithms
[0.475s] -- Found autoware_cmake: 0.1.0 (/home/cityu/autoware/install/autoware_cmake/share/autoware_cmake/cmake)
[0.475s] -- Found ament_cmake_auto: 1.1.6 (/opt/ros/galactic/share/ament_cmake_auto/cmake)
[0.475s] -- Using PYTHON_EXECUTABLE: /usr/bin/python3
[0.490s] -- Override CMake install command with custom implementation using symlinks instead of copying resources
[0.833s] -- Using all available rosidl_typesupport_c: rosidl_typesupport_fastrtps_c;rosidl_typesupport_introspection_c
[0.838s] -- Found rosidl_adapter: 2.2.3 (/opt/ros/galactic/share/rosidl_adapter/cmake)
[1.140s] -- Using all available rosidl_typesupport_cpp: rosidl_typesupport_fastrtps_cpp;rosidl_typesupport_introspection_cpp
[1.687s] -- Found rmw_implementation_cmake: 3.3.1 (/opt/ros/galactic/share/rmw_implementation_cmake/cmake)
[1.704s] -- Found rmw_cyclonedds_cpp: 0.22.6 (/opt/ros/galactic/share/rmw_cyclonedds_cpp/cmake)
[1.752s] -- Using RMW implementation 'rmw_cyclonedds_cpp' as default
[2.221s] -- Found eigen3_cmake_module: 0.1.1 (/opt/ros/galactic/share/eigen3_cmake_module/cmake)
[6.671s] -- Found ament_lint_auto: 0.10.7 (/opt/ros/galactic/share/ament_lint_auto/cmake)
[7.664s] -- Found gtest sources under '/opt/ros/galactic/src/gtest_vendor': C++ tests using 'Google Test' will be built
[7.670s] -- Found gtest sources under '/opt/ros/galactic/src/gtest_vendor': C++ tests using 'Google Test' will be built
[7.684s] -- Added test 'copyright' to check source files copyright and LICENSE
[7.686s] -- Added test 'cppcheck' to perform static code analysis on C / C++ code
[7.687s] -- Configured cppcheck include dirs: /home/cityu/autoware/src/universe/autoware.universe/planning/freespace_planning_algorithms/include
[7.688s] -- Configured cppcheck exclude dirs and/or files: 
[7.688s] -- Added test 'lint_cmake' to check CMake code style
[7.689s] -- Added test 'xmllint' to check XML markup files
[7.697s] -- Configuring done
[7.960s] -- Generating done
[7.964s] CMake Warning:
[7.964s]   Manually-specified variables were not used by the project:
[7.964s] 
[7.964s]     DOWNLOAD_ARTIFACTS
[7.964s] 
[7.964s] 
[7.965s] -- Build files have been written to: /home/cityu/autoware/build/freespace_planning_algorithms
[7.988s] Invoked command in '/home/cityu/autoware/build/freespace_planning_algorithms' returned '0': AMENT_PREFIX_PATH=/home/cityu/autoware/install/tier4_autoware_utils:/home/cityu/autoware/install/autoware_auto_vehicle_msgs:/home/cityu/autoware/install/autoware_cmake:/home/cityu/autoware/install/autoware_auto_planning_msgs:/home/cityu/autoware/install/autoware_auto_perception_msgs:/home/cityu/autoware/install/tier4_debug_msgs:/home/cityu/autoware/install/autoware_lint_common:/home/cityu/autoware/install/autoware_auto_mapping_msgs:/home/cityu/autoware/install/autoware_auto_geometry_msgs:${AMENT_PREFIX_PATH} CMAKE_PREFIX_PATH=/home/cityu/autoware/install/tier4_autoware_utils:/home/cityu/autoware/install/autoware_auto_vehicle_msgs:/home/cityu/autoware/install/autoware_cmake:/home/cityu/autoware/install/autoware_auto_planning_msgs:/home/cityu/autoware/install/autoware_auto_perception_msgs:/home/cityu/autoware/install/tier4_debug_msgs:/home/cityu/autoware/install/autoware_lint_common:/home/cityu/autoware/install/autoware_auto_mapping_msgs:/home/cityu/autoware/install/autoware_auto_geometry_msgs:/opt/ros/galactic LD_LIBRARY_PATH=/home/cityu/autoware/install/tier4_autoware_utils/lib:/home/cityu/autoware/install/autoware_auto_vehicle_msgs/lib:/home/cityu/autoware/install/autoware_auto_planning_msgs/lib:/home/cityu/autoware/install/autoware_auto_perception_msgs/lib:/home/cityu/autoware/install/tier4_debug_msgs/lib:/home/cityu/autoware/install/autoware_auto_mapping_msgs/lib:/home/cityu/autoware/install/autoware_auto_geometry_msgs/lib:${LD_LIBRARY_PATH} PYTHONPATH=/home/cityu/autoware/install/autoware_auto_vehicle_msgs/lib/python3.8/site-packages:/home/cityu/autoware/install/autoware_auto_planning_msgs/lib/python3.8/site-packages:/home/cityu/autoware/install/autoware_auto_perception_msgs/lib/python3.8/site-packages:/home/cityu/autoware/install/tier4_debug_msgs/lib/python3.8/site-packages:/home/cityu/autoware/install/autoware_auto_mapping_msgs/lib/python3.8/site-packages:/home/cityu/autoware/install/autoware_auto_geometry_msgs/lib/python3.8/site-packages:${PYTHONPATH} /usr/bin/cmake /home/cityu/autoware/src/universe/autoware.universe/planning/freespace_planning_algorithms -DCMAKE_BUILD_TYPE=Release -DDOWNLOAD_ARTIFACTS=ON -DAMENT_CMAKE_SYMLINK_INSTALL=1 -DCMAKE_INSTALL_PREFIX=/home/cityu/autoware/install/freespace_planning_algorithms
[7.989s] Invoking command in '/home/cityu/autoware/build/freespace_planning_algorithms': AMENT_PREFIX_PATH=/home/cityu/autoware/install/tier4_autoware_utils:/home/cityu/autoware/install/autoware_auto_vehicle_msgs:/home/cityu/autoware/install/autoware_cmake:/home/cityu/autoware/install/autoware_auto_planning_msgs:/home/cityu/autoware/install/autoware_auto_perception_msgs:/home/cityu/autoware/install/tier4_debug_msgs:/home/cityu/autoware/install/autoware_lint_common:/home/cityu/autoware/install/autoware_auto_mapping_msgs:/home/cityu/autoware/install/autoware_auto_geometry_msgs:${AMENT_PREFIX_PATH} CMAKE_PREFIX_PATH=/home/cityu/autoware/install/tier4_autoware_utils:/home/cityu/autoware/install/autoware_auto_vehicle_msgs:/home/cityu/autoware/install/autoware_cmake:/home/cityu/autoware/install/autoware_auto_planning_msgs:/home/cityu/autoware/install/autoware_auto_perception_msgs:/home/cityu/autoware/install/tier4_debug_msgs:/home/cityu/autoware/install/autoware_lint_common:/home/cityu/autoware/install/autoware_auto_mapping_msgs:/home/cityu/autoware/install/autoware_auto_geometry_msgs:/opt/ros/galactic LD_LIBRARY_PATH=/home/cityu/autoware/install/tier4_autoware_utils/lib:/home/cityu/autoware/install/autoware_auto_vehicle_msgs/lib:/home/cityu/autoware/install/autoware_auto_planning_msgs/lib:/home/cityu/autoware/install/autoware_auto_perception_msgs/lib:/home/cityu/autoware/install/tier4_debug_msgs/lib:/home/cityu/autoware/install/autoware_auto_mapping_msgs/lib:/home/cityu/autoware/install/autoware_auto_geometry_msgs/lib:${LD_LIBRARY_PATH} PYTHONPATH=/home/cityu/autoware/install/autoware_auto_vehicle_msgs/lib/python3.8/site-packages:/home/cityu/autoware/install/autoware_auto_planning_msgs/lib/python3.8/site-packages:/home/cityu/autoware/install/autoware_auto_perception_msgs/lib/python3.8/site-packages:/home/cityu/autoware/install/tier4_debug_msgs/lib/python3.8/site-packages:/home/cityu/autoware/install/autoware_auto_mapping_msgs/lib/python3.8/site-packages:/home/cityu/autoware/install/autoware_auto_geometry_msgs/lib/python3.8/site-packages:${PYTHONPATH} /usr/bin/cmake --build /home/cityu/autoware/build/freespace_planning_algorithms -- -j16 -l16
[9.550s] [ 12%] Built target gtest
[9.551s] [ 25%] Built target gtest_main
[9.551s] [ 31%] [32m[1mLinking CXX shared library libreeds_shepp.so[0m
[9.551s] [ 37%] Built target reeds_shepp
[9.551s] [ 43%] [32m[1mLinking CXX shared library librrtstar_core.so[0m
[9.606s] [ 50%] Built target rrtstar_core
[9.693s] [ 56%] [32m[1mLinking CXX shared library libfreespace_planning_algorithms.so[0m
[10.330s] [ 75%] Built target freespace_planning_algorithms
[10.406s] [ 81%] [32mBuilding CXX object CMakeFiles/freespace_planning_algorithms-test.dir/test/src/test_freespace_planning_algorithms.cpp.o[0m
[22.606s] [ 87%] [32m[1mLinking CXX executable freespace_planning_algorithms-test[0m
[23.015s] [ 87%] Built target freespace_planning_algorithms-test
[23.078s] [ 93%] [32mBuilding CXX object CMakeFiles/rrtstar_core_informed-test.dir/test/src/test_rrtstar_core_informed.cpp.o[0m
[29.236s] [100%] [32m[1mLinking CXX executable rrtstar_core_informed-test[0m
[29.521s] [100%] Built target rrtstar_core_informed-test
[29.544s] Invoked command in '/home/cityu/autoware/build/freespace_planning_algorithms' returned '0': AMENT_PREFIX_PATH=/home/cityu/autoware/install/tier4_autoware_utils:/home/cityu/autoware/install/autoware_auto_vehicle_msgs:/home/cityu/autoware/install/autoware_cmake:/home/cityu/autoware/install/autoware_auto_planning_msgs:/home/cityu/autoware/install/autoware_auto_perception_msgs:/home/cityu/autoware/install/tier4_debug_msgs:/home/cityu/autoware/install/autoware_lint_common:/home/cityu/autoware/install/autoware_auto_mapping_msgs:/home/cityu/autoware/install/autoware_auto_geometry_msgs:${AMENT_PREFIX_PATH} CMAKE_PREFIX_PATH=/home/cityu/autoware/install/tier4_autoware_utils:/home/cityu/autoware/install/autoware_auto_vehicle_msgs:/home/cityu/autoware/install/autoware_cmake:/home/cityu/autoware/install/autoware_auto_planning_msgs:/home/cityu/autoware/install/autoware_auto_perception_msgs:/home/cityu/autoware/install/tier4_debug_msgs:/home/cityu/autoware/install/autoware_lint_common:/home/cityu/autoware/install/autoware_auto_mapping_msgs:/home/cityu/autoware/install/autoware_auto_geometry_msgs:/opt/ros/galactic LD_LIBRARY_PATH=/home/cityu/autoware/install/tier4_autoware_utils/lib:/home/cityu/autoware/install/autoware_auto_vehicle_msgs/lib:/home/cityu/autoware/install/autoware_auto_planning_msgs/lib:/home/cityu/autoware/install/autoware_auto_perception_msgs/lib:/home/cityu/autoware/install/tier4_debug_msgs/lib:/home/cityu/autoware/install/autoware_auto_mapping_msgs/lib:/home/cityu/autoware/install/autoware_auto_geometry_msgs/lib:${LD_LIBRARY_PATH} PYTHONPATH=/home/cityu/autoware/install/autoware_auto_vehicle_msgs/lib/python3.8/site-packages:/home/cityu/autoware/install/autoware_auto_planning_msgs/lib/python3.8/site-packages:/home/cityu/autoware/install/autoware_auto_perception_msgs/lib/python3.8/site-packages:/home/cityu/autoware/install/tier4_debug_msgs/lib/python3.8/site-packages:/home/cityu/autoware/install/autoware_auto_mapping_msgs/lib/python3.8/site-packages:/home/cityu/autoware/install/autoware_auto_geometry_msgs/lib/python3.8/site-packages:${PYTHONPATH} /usr/bin/cmake --build /home/cityu/autoware/build/freespace_planning_algorithms -- -j16 -l16
[29.611s] Invoking command in '/home/cityu/autoware/build/freespace_planning_algorithms': AMENT_PREFIX_PATH=/home/cityu/autoware/install/tier4_autoware_utils:/home/cityu/autoware/install/autoware_auto_vehicle_msgs:/home/cityu/autoware/install/autoware_cmake:/home/cityu/autoware/install/autoware_auto_planning_msgs:/home/cityu/autoware/install/autoware_auto_perception_msgs:/home/cityu/autoware/install/tier4_debug_msgs:/home/cityu/autoware/install/autoware_lint_common:/home/cityu/autoware/install/autoware_auto_mapping_msgs:/home/cityu/autoware/install/autoware_auto_geometry_msgs:${AMENT_PREFIX_PATH} CMAKE_PREFIX_PATH=/home/cityu/autoware/install/tier4_autoware_utils:/home/cityu/autoware/install/autoware_auto_vehicle_msgs:/home/cityu/autoware/install/autoware_cmake:/home/cityu/autoware/install/autoware_auto_planning_msgs:/home/cityu/autoware/install/autoware_auto_perception_msgs:/home/cityu/autoware/install/tier4_debug_msgs:/home/cityu/autoware/install/autoware_lint_common:/home/cityu/autoware/install/autoware_auto_mapping_msgs:/home/cityu/autoware/install/autoware_auto_geometry_msgs:/opt/ros/galactic LD_LIBRARY_PATH=/home/cityu/autoware/install/tier4_autoware_utils/lib:/home/cityu/autoware/install/autoware_auto_vehicle_msgs/lib:/home/cityu/autoware/install/autoware_auto_planning_msgs/lib:/home/cityu/autoware/install/autoware_auto_perception_msgs/lib:/home/cityu/autoware/install/tier4_debug_msgs/lib:/home/cityu/autoware/install/autoware_auto_mapping_msgs/lib:/home/cityu/autoware/install/autoware_auto_geometry_msgs/lib:${LD_LIBRARY_PATH} PYTHONPATH=/home/cityu/autoware/install/autoware_auto_vehicle_msgs/lib/python3.8/site-packages:/home/cityu/autoware/install/autoware_auto_planning_msgs/lib/python3.8/site-packages:/home/cityu/autoware/install/autoware_auto_perception_msgs/lib/python3.8/site-packages:/home/cityu/autoware/install/tier4_debug_msgs/lib/python3.8/site-packages:/home/cityu/autoware/install/autoware_auto_mapping_msgs/lib/python3.8/site-packages:/home/cityu/autoware/install/autoware_auto_geometry_msgs/lib/python3.8/site-packages:${PYTHONPATH} /usr/bin/cmake --install /home/cityu/autoware/build/freespace_planning_algorithms
[32.399s] -- Install configuration: "Release"
[32.399s] -- Execute custom install script
[32.399s] -- Up-to-date symlink: /home/cityu/autoware/install/freespace_planning_algorithms/include/freespace_planning_algorithms/abstract_algorithm.hpp
[32.399s] -- Up-to-date symlink: /home/cityu/autoware/install/freespace_planning_algorithms/include/freespace_planning_algorithms/astar_search.hpp
[32.399s] -- Up-to-date symlink: /home/cityu/autoware/install/freespace_planning_algorithms/include/freespace_planning_algorithms/reeds_shepp.hpp
[32.399s] -- Up-to-date symlink: /home/cityu/autoware/install/freespace_planning_algorithms/include/freespace_planning_algorithms/rrtstar.hpp
[32.400s] -- Up-to-date symlink: /home/cityu/autoware/install/freespace_planning_algorithms/include/freespace_planning_algorithms/rrtstar_core.hpp
[32.400s] -- Up-to-date symlink: /home/cityu/autoware/install/freespace_planning_algorithms/share/freespace_planning_algorithms/environment/library_path.sh
[32.400s] -- Up-to-date symlink: /home/cityu/autoware/install/freespace_planning_algorithms/share/freespace_planning_algorithms/environment/library_path.dsv
[32.406s] -- Up-to-date symlink: /home/cityu/autoware/install/freespace_planning_algorithms/lib/libreeds_shepp.so
[32.407s] -- Up-to-date symlink: /home/cityu/autoware/install/freespace_planning_algorithms/lib/librrtstar_core.so
[32.407s] -- Up-to-date symlink: /home/cityu/autoware/install/freespace_planning_algorithms/lib/libfreespace_planning_algorithms.so
[32.407s] -- Up-to-date symlink: /home/cityu/autoware/install/freespace_planning_algorithms/share/ament_index/resource_index/package_run_dependencies/freespace_planning_algorithms
[32.407s] -- Up-to-date symlink: /home/cityu/autoware/install/freespace_planning_algorithms/share/ament_index/resource_index/parent_prefix_path/freespace_planning_algorithms
[32.407s] -- Up-to-date symlink: /home/cityu/autoware/install/freespace_planning_algorithms/share/freespace_planning_algorithms/environment/ament_prefix_path.sh
[32.408s] -- Up-to-date symlink: /home/cityu/autoware/install/freespace_planning_algorithms/share/freespace_planning_algorithms/environment/ament_prefix_path.dsv
[32.408s] -- Up-to-date symlink: /home/cityu/autoware/install/freespace_planning_algorithms/share/freespace_planning_algorithms/environment/path.sh
[32.408s] -- Up-to-date symlink: /home/cityu/autoware/install/freespace_planning_algorithms/share/freespace_planning_algorithms/environment/path.dsv
[32.413s] -- Up-to-date symlink: /home/cityu/autoware/install/freespace_planning_algorithms/share/freespace_planning_algorithms/local_setup.bash
[32.413s] -- Up-to-date symlink: /home/cityu/autoware/install/freespace_planning_algorithms/share/freespace_planning_algorithms/local_setup.sh
[32.413s] -- Up-to-date symlink: /home/cityu/autoware/install/freespace_planning_algorithms/share/freespace_planning_algorithms/local_setup.zsh
[32.413s] -- Up-to-date symlink: /home/cityu/autoware/install/freespace_planning_algorithms/share/freespace_planning_algorithms/local_setup.dsv
[32.414s] -- Symlinking: /home/cityu/autoware/install/freespace_planning_algorithms/share/freespace_planning_algorithms/package.dsv
[32.414s] -- Up-to-date symlink: /home/cityu/autoware/install/freespace_planning_algorithms/share/ament_index/resource_index/packages/freespace_planning_algorithms
[32.414s] -- Up-to-date symlink: /home/cityu/autoware/install/freespace_planning_algorithms/share/freespace_planning_algorithms/cmake/ament_cmake_export_dependencies-extras.cmake
[32.414s] -- Up-to-date symlink: /home/cityu/autoware/install/freespace_planning_algorithms/share/freespace_planning_algorithms/cmake/ament_cmake_export_include_directories-extras.cmake
[32.414s] -- Up-to-date symlink: /home/cityu/autoware/install/freespace_planning_algorithms/share/freespace_planning_algorithms/cmake/ament_cmake_export_libraries-extras.cmake
[32.414s] -- Up-to-date symlink: /home/cityu/autoware/install/freespace_planning_algorithms/share/freespace_planning_algorithms/cmake/freespace_planning_algorithmsConfig.cmake
[32.414s] -- Up-to-date symlink: /home/cityu/autoware/install/freespace_planning_algorithms/share/freespace_planning_algorithms/cmake/freespace_planning_algorithmsConfig-version.cmake
[32.415s] -- Up-to-date symlink: /home/cityu/autoware/install/freespace_planning_algorithms/share/freespace_planning_algorithms/package.xml
[32.415s] -- Up-to-date symlink: /home/cityu/autoware/install/freespace_planning_algorithms/lib/freespace_planning_algorithms/debug_plot.py
[32.427s] Invoked command in '/home/cityu/autoware/build/freespace_planning_algorithms' returned '0': AMENT_PREFIX_PATH=/home/cityu/autoware/install/tier4_autoware_utils:/home/cityu/autoware/install/autoware_auto_vehicle_msgs:/home/cityu/autoware/install/autoware_cmake:/home/cityu/autoware/install/autoware_auto_planning_msgs:/home/cityu/autoware/install/autoware_auto_perception_msgs:/home/cityu/autoware/install/tier4_debug_msgs:/home/cityu/autoware/install/autoware_lint_common:/home/cityu/autoware/install/autoware_auto_mapping_msgs:/home/cityu/autoware/install/autoware_auto_geometry_msgs:${AMENT_PREFIX_PATH} CMAKE_PREFIX_PATH=/home/cityu/autoware/install/tier4_autoware_utils:/home/cityu/autoware/install/autoware_auto_vehicle_msgs:/home/cityu/autoware/install/autoware_cmake:/home/cityu/autoware/install/autoware_auto_planning_msgs:/home/cityu/autoware/install/autoware_auto_perception_msgs:/home/cityu/autoware/install/tier4_debug_msgs:/home/cityu/autoware/install/autoware_lint_common:/home/cityu/autoware/install/autoware_auto_mapping_msgs:/home/cityu/autoware/install/autoware_auto_geometry_msgs:/opt/ros/galactic LD_LIBRARY_PATH=/home/cityu/autoware/install/tier4_autoware_utils/lib:/home/cityu/autoware/install/autoware_auto_vehicle_msgs/lib:/home/cityu/autoware/install/autoware_auto_planning_msgs/lib:/home/cityu/autoware/install/autoware_auto_perception_msgs/lib:/home/cityu/autoware/install/tier4_debug_msgs/lib:/home/cityu/autoware/install/autoware_auto_mapping_msgs/lib:/home/cityu/autoware/install/autoware_auto_geometry_msgs/lib:${LD_LIBRARY_PATH} PYTHONPATH=/home/cityu/autoware/install/autoware_auto_vehicle_msgs/lib/python3.8/site-packages:/home/cityu/autoware/install/autoware_auto_planning_msgs/lib/python3.8/site-packages:/home/cityu/autoware/install/autoware_auto_perception_msgs/lib/python3.8/site-packages:/home/cityu/autoware/install/tier4_debug_msgs/lib/python3.8/site-packages:/home/cityu/autoware/install/autoware_auto_mapping_msgs/lib/python3.8/site-packages:/home/cityu/autoware/install/autoware_auto_geometry_msgs/lib/python3.8/site-packages:${PYTHONPATH} /usr/bin/cmake --install /home/cityu/autoware/build/freespace_planning_algorithms
