-- Found autoware_cmake: 0.1.0 (/home/cityu/autoware/install/autoware_cmake/share/autoware_cmake/cmake)
-- Found ament_cmake_auto: 1.1.6 (/opt/ros/galactic/share/ament_cmake_auto/cmake)
-- Using PYTHON_EXECUTABLE: /usr/bin/python3
-- Override CMake install command with custom implementation using symlinks instead of copying resources
-- Using all available rosidl_typesupport_c: rosidl_typesupport_fastrtps_c;rosidl_typesupport_introspection_c
-- Found rosidl_adapter: 2.2.3 (/opt/ros/galactic/share/rosidl_adapter/cmake)
-- Using all available rosidl_typesupport_cpp: rosidl_typesupport_fastrtps_cpp;rosidl_typesupport_introspection_cpp
-- Found rmw_implementation_cmake: 3.3.1 (/opt/ros/galactic/share/rmw_implementation_cmake/cmake)
-- Found rmw_cyclonedds_cpp: 0.22.6 (/opt/ros/galactic/share/rmw_cyclonedds_cpp/cmake)
-- Using RMW implementation 'rmw_cyclonedds_cpp' as default
-- Found ament_lint_auto: 0.10.7 (/opt/ros/galactic/share/ament_lint_auto/cmake)
-- Added test 'copyright' to check source files copyright and LICENSE
-- Added test 'cppcheck' to perform static code analysis on C / C++ code
-- Configured cppcheck include dirs: /home/cityu/autoware/src/universe/autoware.universe/system/emergency_handler/include
-- Configured cppcheck exclude dirs and/or files: 
-- Added test 'lint_cmake' to check CMake code style
-- Added test 'xmllint' to check XML markup files
-- Configuring done
-- Generating done
CMake Warning:
  Manually-specified variables were not used by the project:

    DOWNLOAD_ARTIFACTS


-- Build files have been written to: /home/cityu/autoware/build/emergency_handler
[ 33%] [32m[1mLinking CXX executable emergency_handler[0m
[100%] Built target emergency_handler
-- Install configuration: "Release"
-- Execute custom install script
-- Up-to-date symlink: /home/cityu/autoware/install/emergency_handler/include/emergency_handler/emergency_handler_core.hpp
-- Up-to-date symlink: /home/cityu/autoware/install/emergency_handler/lib/emergency_handler/emergency_handler
-- Up-to-date symlink: /home/cityu/autoware/install/emergency_handler/share/emergency_handler/launch/emergency_handler.launch.xml
-- Up-to-date symlink: /home/cityu/autoware/install/emergency_handler/share/emergency_handler/config/emergency_handler.param.yaml
-- Up-to-date symlink: /home/cityu/autoware/install/emergency_handler/share/ament_index/resource_index/package_run_dependencies/emergency_handler
-- Up-to-date symlink: /home/cityu/autoware/install/emergency_handler/share/ament_index/resource_index/parent_prefix_path/emergency_handler
-- Up-to-date symlink: /home/cityu/autoware/install/emergency_handler/share/emergency_handler/environment/ament_prefix_path.sh
-- Up-to-date symlink: /home/cityu/autoware/install/emergency_handler/share/emergency_handler/environment/ament_prefix_path.dsv
-- Up-to-date symlink: /home/cityu/autoware/install/emergency_handler/share/emergency_handler/environment/path.sh
-- Up-to-date symlink: /home/cityu/autoware/install/emergency_handler/share/emergency_handler/environment/path.dsv
-- Up-to-date symlink: /home/cityu/autoware/install/emergency_handler/share/emergency_handler/local_setup.bash
-- Up-to-date symlink: /home/cityu/autoware/install/emergency_handler/share/emergency_handler/local_setup.sh
-- Up-to-date symlink: /home/cityu/autoware/install/emergency_handler/share/emergency_handler/local_setup.zsh
-- Up-to-date symlink: /home/cityu/autoware/install/emergency_handler/share/emergency_handler/local_setup.dsv
-- Symlinking: /home/cityu/autoware/install/emergency_handler/share/emergency_handler/package.dsv
-- Up-to-date symlink: /home/cityu/autoware/install/emergency_handler/share/ament_index/resource_index/packages/emergency_handler
-- Up-to-date symlink: /home/cityu/autoware/install/emergency_handler/share/emergency_handler/cmake/ament_cmake_export_dependencies-extras.cmake
-- Up-to-date symlink: /home/cityu/autoware/install/emergency_handler/share/emergency_handler/cmake/ament_cmake_export_include_directories-extras.cmake
-- Up-to-date symlink: /home/cityu/autoware/install/emergency_handler/share/emergency_handler/cmake/emergency_handlerConfig.cmake
-- Up-to-date symlink: /home/cityu/autoware/install/emergency_handler/share/emergency_handler/cmake/emergency_handlerConfig-version.cmake
-- Up-to-date symlink: /home/cityu/autoware/install/emergency_handler/share/emergency_handler/package.xml
