[0.248s] Invoking command in '/home/cityu/autoware/build/detection_by_tracker': AMENT_PREFIX_PATH=/home/cityu/autoware/install/euclidean_cluster:/home/cityu/autoware/install/perception_utils:/home/cityu/autoware/install/compare_map_segmentation:/home/cityu/autoware/install/shape_estimation:/home/cityu/autoware/install/pointcloud_preprocessor:/home/cityu/autoware/install/interpolation:/home/cityu/autoware/install/grid_map_pcl:/home/cityu/autoware/install/tier4_autoware_utils:/home/cityu/autoware/install/lanelet2_extension:/home/cityu/autoware/install/grid_map_ros:/home/cityu/autoware/install/tier4_perception_msgs:/home/cityu/autoware/install/tier4_pcl_extensions:/home/cityu/autoware/install/grid_map_cv:/home/cityu/autoware/install/autoware_utils:/home/cityu/autoware/install/autoware_point_types:/home/cityu/autoware/install/autoware_auto_vehicle_msgs:/home/cityu/autoware/install/grid_map_msgs:/home/cityu/autoware/install/grid_map_core:/home/cityu/autoware/install/autoware_planning_msgs:/home/cityu/autoware/install/autoware_cmake:/home/cityu/autoware/install/autoware_auto_planning_msgs:/home/cityu/autoware/install/autoware_auto_perception_msgs:/home/cityu/autoware/install/tier4_debug_msgs:/home/cityu/autoware/install/autoware_lint_common:/home/cityu/autoware/install/autoware_common_msgs:/home/cityu/autoware/install/autoware_auto_mapping_msgs:/home/cityu/autoware/install/autoware_auto_geometry_msgs:${AMENT_PREFIX_PATH} CMAKE_PREFIX_PATH=/home/cityu/autoware/install/euclidean_cluster:/home/cityu/autoware/install/perception_utils:/home/cityu/autoware/install/compare_map_segmentation:/home/cityu/autoware/install/shape_estimation:/home/cityu/autoware/install/pointcloud_preprocessor:/home/cityu/autoware/install/interpolation:/home/cityu/autoware/install/grid_map_pcl:/home/cityu/autoware/install/tier4_autoware_utils:/home/cityu/autoware/install/lanelet2_extension:/home/cityu/autoware/install/grid_map_ros:/home/cityu/autoware/install/tier4_perception_msgs:/home/cityu/autoware/install/tier4_pcl_extensions:/home/cityu/autoware/install/grid_map_cv:/home/cityu/autoware/install/autoware_utils:/home/cityu/autoware/install/autoware_point_types:/home/cityu/autoware/install/autoware_auto_vehicle_msgs:/home/cityu/autoware/install/grid_map_msgs:/home/cityu/autoware/install/grid_map_core:/home/cityu/autoware/install/autoware_planning_msgs:/home/cityu/autoware/install/autoware_cmake:/home/cityu/autoware/install/autoware_auto_planning_msgs:/home/cityu/autoware/install/autoware_auto_perception_msgs:/home/cityu/autoware/install/tier4_debug_msgs:/home/cityu/autoware/install/autoware_lint_common:/home/cityu/autoware/install/autoware_common_msgs:/home/cityu/autoware/install/autoware_auto_mapping_msgs:/home/cityu/autoware/install/autoware_auto_geometry_msgs:/opt/ros/galactic LD_LIBRARY_PATH=/home/cityu/autoware/install/euclidean_cluster/lib:/home/cityu/autoware/install/perception_utils/lib:/home/cityu/autoware/install/compare_map_segmentation/lib:/home/cityu/autoware/install/shape_estimation/lib:/home/cityu/autoware/install/pointcloud_preprocessor/lib:/home/cityu/autoware/install/interpolation/lib:/home/cityu/autoware/install/grid_map_pcl/lib:/home/cityu/autoware/install/tier4_autoware_utils/lib:/home/cityu/autoware/install/lanelet2_extension/lib:/home/cityu/autoware/install/grid_map_ros/lib:/home/cityu/autoware/install/tier4_perception_msgs/lib:/home/cityu/autoware/install/tier4_pcl_extensions/lib:/home/cityu/autoware/install/grid_map_cv/lib:/home/cityu/autoware/install/autoware_utils/lib:/home/cityu/autoware/install/autoware_auto_vehicle_msgs/lib:/home/cityu/autoware/install/grid_map_msgs/lib:/home/cityu/autoware/install/grid_map_core/lib:/home/cityu/autoware/install/autoware_planning_msgs/lib:/home/cityu/autoware/install/autoware_auto_planning_msgs/lib:/home/cityu/autoware/install/autoware_auto_perception_msgs/lib:/home/cityu/autoware/install/tier4_debug_msgs/lib:/home/cityu/autoware/install/autoware_common_msgs/lib:/home/cityu/autoware/install/autoware_auto_mapping_msgs/lib:/home/cityu/autoware/install/autoware_auto_geometry_msgs/lib:${LD_LIBRARY_PATH} PYTHONPATH=/home/cityu/autoware/install/tier4_perception_msgs/lib/python3.8/site-packages:/home/cityu/autoware/install/autoware_auto_vehicle_msgs/lib/python3.8/site-packages:/home/cityu/autoware/install/grid_map_msgs/lib/python3.8/site-packages:/home/cityu/autoware/install/autoware_planning_msgs/lib/python3.8/site-packages:/home/cityu/autoware/install/autoware_auto_planning_msgs/lib/python3.8/site-packages:/home/cityu/autoware/install/autoware_auto_perception_msgs/lib/python3.8/site-packages:/home/cityu/autoware/install/tier4_debug_msgs/lib/python3.8/site-packages:/home/cityu/autoware/install/autoware_common_msgs/lib/python3.8/site-packages:/home/cityu/autoware/install/autoware_auto_mapping_msgs/lib/python3.8/site-packages:/home/cityu/autoware/install/autoware_auto_geometry_msgs/lib/python3.8/site-packages:${PYTHONPATH} /usr/bin/cmake /home/cityu/autoware/src/universe/autoware.universe/perception/detection_by_tracker -DCMAKE_BUILD_TYPE=Release -DAMENT_CMAKE_SYMLINK_INSTALL=1 -DCMAKE_INSTALL_PREFIX=/home/cityu/autoware/install/detection_by_tracker
[6.093s] -- The C compiler identification is GNU 9.4.0
[6.093s] -- The CXX compiler identification is GNU 9.4.0
[6.094s] -- Check for working C compiler: /usr/bin/cc
[6.094s] -- Check for working C compiler: /usr/bin/cc -- works
[6.094s] -- Detecting C compiler ABI info
[6.094s] -- Detecting C compiler ABI info - done
[6.094s] -- Detecting C compile features
[6.094s] -- Detecting C compile features - done
[6.094s] -- Check for working CXX compiler: /usr/bin/c++
[6.094s] -- Check for working CXX compiler: /usr/bin/c++ -- works
[6.094s] -- Detecting CXX compiler ABI info
[6.095s] -- Detecting CXX compiler ABI info - done
[6.095s] -- Detecting CXX compile features
[6.095s] -- Detecting CXX compile features - done
[6.095s] -- Found autoware_cmake: 0.1.0 (/home/cityu/autoware/install/autoware_cmake/share/autoware_cmake/cmake)
[6.095s] -- Found ament_cmake_auto: 1.1.6 (/opt/ros/galactic/share/ament_cmake_auto/cmake)
[6.095s] -- Found PythonInterp: /usr/bin/python3 (found suitable version "3.8.10", minimum required is "3") 
[6.095s] -- Using PYTHON_EXECUTABLE: /usr/bin/python3
[6.095s] -- Override CMake install command with custom implementation using symlinks instead of copying resources
[6.095s] -- Using all available rosidl_typesupport_c: rosidl_typesupport_fastrtps_c;rosidl_typesupport_introspection_c
[6.096s] -- Found rosidl_adapter: 2.2.3 (/opt/ros/galactic/share/rosidl_adapter/cmake)
[6.096s] -- Found OpenSSL: /usr/lib/x86_64-linux-gnu/libcrypto.so (found version "1.1.1f")  
[6.096s] -- Found FastRTPS: /opt/ros/galactic/include  
[6.096s] -- Using all available rosidl_typesupport_cpp: rosidl_typesupport_fastrtps_cpp;rosidl_typesupport_introspection_cpp
[6.096s] -- Found rmw_implementation_cmake: 3.3.1 (/opt/ros/galactic/share/rmw_implementation_cmake/cmake)
[6.096s] -- Found rmw_cyclonedds_cpp: 0.22.6 (/opt/ros/galactic/share/rmw_cyclonedds_cpp/cmake)
[6.096s] -- Using RMW implementation 'rmw_cyclonedds_cpp' as default
[6.096s] -- Looking for pthread.h
[6.096s] -- Looking for pthread.h - found
[6.097s] -- Performing Test CMAKE_HAVE_LIBC_PTHREAD
[6.097s] -- Performing Test CMAKE_HAVE_LIBC_PTHREAD - Failed
[6.097s] -- Looking for pthread_create in pthreads
[6.097s] -- Looking for pthread_create in pthreads - not found
[6.097s] -- Looking for pthread_create in pthread
[6.097s] -- Looking for pthread_create in pthread - found
[6.097s] -- Found Threads: TRUE  
[7.858s] -- Found eigen3_cmake_module: 0.1.1 (/opt/ros/galactic/share/eigen3_cmake_module/cmake)
[7.866s] -- Found Eigen3: TRUE (found version "3.3.7") 
[8.700s] -- Checking for module 'eigen3'
[8.773s] --   Found eigen3, version 3.3.7
[8.865s] -- Found Eigen: /usr/include/eigen3 (Required is at least version "3.1") 
[8.866s] -- Eigen found (include: /usr/include/eigen3, version: 3.3.7)
[9.044s] -- Checking for module 'flann'
[9.103s] --   Found flann, version 1.9.1
[9.322s] -- Found FLANN: /usr/lib/x86_64-linux-gnu/libflann_cpp.so  
[9.445s] -- The imported target "vtkParseOGLExt" references the file
[9.445s]    "/usr/bin/vtkParseOGLExt-7.1"
[9.445s] but this file does not exist.  Possible reasons include:
[9.445s] * The file was deleted, renamed, or moved to another location.
[9.445s] * An install or uninstall procedure did not complete successfully.
[9.446s] * The installation package was faulty and contained
[9.446s]    "/usr/lib/cmake/vtk-7.1/VTKTargets.cmake"
[9.446s] but not all the files it references.
[9.446s] 
[9.447s] -- The imported target "vtkRenderingPythonTkWidgets" references the file
[9.447s]    "/usr/lib/x86_64-linux-gnu/libvtkRenderingPythonTkWidgets.so"
[9.447s] but this file does not exist.  Possible reasons include:
[9.447s] * The file was deleted, renamed, or moved to another location.
[9.447s] * An install or uninstall procedure did not complete successfully.
[9.447s] * The installation package was faulty and contained
[9.447s]    "/usr/lib/cmake/vtk-7.1/VTKTargets.cmake"
[9.447s] but not all the files it references.
[9.447s] 
[9.448s] -- The imported target "vtk" references the file
[9.448s]    "/usr/bin/vtk"
[9.448s] but this file does not exist.  Possible reasons include:
[9.448s] * The file was deleted, renamed, or moved to another location.
[9.449s] * An install or uninstall procedure did not complete successfully.
[9.449s] * The installation package was faulty and contained
[9.449s]    "/usr/lib/cmake/vtk-7.1/VTKTargets.cmake"
[9.449s] but not all the files it references.
[9.449s] 
[9.449s] -- The imported target "pvtk" references the file
[9.449s]    "/usr/bin/pvtk"
[9.449s] but this file does not exist.  Possible reasons include:
[9.450s] * The file was deleted, renamed, or moved to another location.
[9.450s] * An install or uninstall procedure did not complete successfully.
[9.450s] * The installation package was faulty and contained
[9.450s]    "/usr/lib/cmake/vtk-7.1/VTKTargets.cmake"
[9.450s] but not all the files it references.
[9.450s] 
[9.501s] -- Checking for module 'libusb-1.0'
[9.513s] --   No package 'libusb-1.0' found
[9.520s] -- Could NOT find USB_10 (missing: USB_10_LIBRARY USB_10_INCLUDE_DIR) 
[9.520s] -- OpenNI disabled because libusb-1.0 not found.
[9.535s] -- Checking for module 'libusb-1.0'
[9.541s] --   No package 'libusb-1.0' found
[9.551s] -- Could NOT find USB_10 (missing: USB_10_LIBRARY USB_10_INCLUDE_DIR) 
[9.551s] -- OpenNI 2 disabled because libusb-1.0 not found.
[9.579s] -- LIBUSB_1_LIBRARY (missing: LIBUSB_1_INCLUDE_DIR) 
[9.614s] -- Checking for module 'libusb-1.0'
[9.623s] --   No package 'libusb-1.0' found
[9.631s] -- Could NOT find USB_10 (missing: USB_10_LIBRARY USB_10_INCLUDE_DIR) 
[9.631s] -- OpenNI disabled because libusb-1.0 not found.
[9.645s] -- Checking for module 'libusb-1.0'
[9.656s] --   No package 'libusb-1.0' found
[9.664s] -- Could NOT find USB_10 (missing: USB_10_LIBRARY USB_10_INCLUDE_DIR) 
[9.664s] -- OpenNI 2 disabled because libusb-1.0 not found.
[9.733s] -- Found Qhull: optimized;/usr/lib/x86_64-linux-gnu/libqhull.so;debug;/usr/lib/x86_64-linux-gnu/libqhull.so  
[9.733s] -- QHULL found (include: /usr/include, lib: optimized;/usr/lib/x86_64-linux-gnu/libqhull.so;debug;/usr/lib/x86_64-linux-gnu/libqhull.so)
[9.744s] -- Checking for module 'libusb-1.0'
[9.752s] --   No package 'libusb-1.0' found
[9.759s] -- Could NOT find USB_10 (missing: USB_10_LIBRARY USB_10_INCLUDE_DIR) 
[9.759s] -- OpenNI disabled because libusb-1.0 not found.
[9.784s] -- Found PCL_COMMON: /usr/lib/x86_64-linux-gnu/libpcl_common.so  
[9.788s] -- Found PCL_KDTREE: /usr/lib/x86_64-linux-gnu/libpcl_kdtree.so  
[9.791s] -- Found PCL_OCTREE: /usr/lib/x86_64-linux-gnu/libpcl_octree.so  
[9.794s] -- Found PCL_SEARCH: /usr/lib/x86_64-linux-gnu/libpcl_search.so  
[9.798s] -- Found PCL_SAMPLE_CONSENSUS: /usr/lib/x86_64-linux-gnu/libpcl_sample_consensus.so  
[9.803s] -- Found PCL_FILTERS: /usr/lib/x86_64-linux-gnu/libpcl_filters.so  
[9.805s] -- Found PCL_2D: /usr/include/pcl-1.10  
[9.806s] -- Found PCL_GEOMETRY: /usr/include/pcl-1.10  
[9.809s] -- Found PCL_IO: /usr/lib/x86_64-linux-gnu/libpcl_io.so  
[9.813s] -- Found PCL_FEATURES: /usr/lib/x86_64-linux-gnu/libpcl_features.so  
[9.817s] -- Found PCL_ML: /usr/lib/x86_64-linux-gnu/libpcl_ml.so  
[9.820s] -- Found PCL_SEGMENTATION: /usr/lib/x86_64-linux-gnu/libpcl_segmentation.so  
[9.823s] -- Found PCL_VISUALIZATION: /usr/lib/x86_64-linux-gnu/libpcl_visualization.so  
[9.827s] -- Found PCL_SURFACE: /usr/lib/x86_64-linux-gnu/libpcl_surface.so  
[9.830s] -- Found PCL_REGISTRATION: /usr/lib/x86_64-linux-gnu/libpcl_registration.so  
[9.834s] -- Found PCL_KEYPOINTS: /usr/lib/x86_64-linux-gnu/libpcl_keypoints.so  
[9.837s] -- Found PCL_TRACKING: /usr/lib/x86_64-linux-gnu/libpcl_tracking.so  
[9.841s] -- Found PCL_RECOGNITION: /usr/lib/x86_64-linux-gnu/libpcl_recognition.so  
[9.845s] -- Found PCL_STEREO: /usr/lib/x86_64-linux-gnu/libpcl_stereo.so  
[9.848s] -- Found PCL_APPS: /usr/lib/x86_64-linux-gnu/libpcl_apps.so  
[9.850s] -- Found PCL_IN_HAND_SCANNER: /usr/include/pcl-1.10  
[9.852s] -- Found PCL_POINT_CLOUD_EDITOR: /usr/include/pcl-1.10  
[9.855s] -- Found PCL_OUTOFCORE: /usr/lib/x86_64-linux-gnu/libpcl_outofcore.so  
[9.858s] -- Found PCL_PEOPLE: /usr/lib/x86_64-linux-gnu/libpcl_people.so  
[11.184s] -- Found mrt_cmake_modules: 1.0.9 (/opt/ros/galactic/share/mrt_cmake_modules/cmake)
[11.391s] -- Found Boost: /usr/include (found version "1.71.0") found components: wserialization thread random serialization log_setup prg_exec_monitor wave system chrono filesystem locale timer date_time regex graph program_options unit_test_framework log atomic iostreams 
[12.004s] -- Found OpenMP_C: -fopenmp (found version "4.5") 
[12.279s] -- Found OpenMP_CXX: -fopenmp (found version "4.5") 
[12.281s] -- Found OpenMP: TRUE (found version "4.5")  
[12.305s] -- Found pugixml: /usr/lib/x86_64-linux-gnu/libpugixml.so  
[12.348s] -- Found PkgConfig: /usr/bin/pkg-config (found version "0.29.1") 
[12.356s] -- Found GeographicLib: /usr/lib/x86_64-linux-gnu/libGeographic.so  
[19.587s] -- Found ament_lint_auto: 0.10.7 (/opt/ros/galactic/share/ament_lint_auto/cmake)
[29.001s] -- Added test 'copyright' to check source files copyright and LICENSE
[29.009s] -- Added test 'cppcheck' to perform static code analysis on C / C++ code
[29.011s] -- Configured cppcheck include dirs: /home/cityu/autoware/src/universe/autoware.universe/perception/detection_by_tracker/include
[29.011s] -- Configured cppcheck exclude dirs and/or files: 
[29.012s] -- Added test 'lint_cmake' to check CMake code style
[29.014s] -- Added test 'xmllint' to check XML markup files
[29.029s] -- Configuring done
[29.262s] -- Generating done
[29.268s] -- Build files have been written to: /home/cityu/autoware/build/detection_by_tracker
[29.356s] Invoked command in '/home/cityu/autoware/build/detection_by_tracker' returned '0': AMENT_PREFIX_PATH=/home/cityu/autoware/install/euclidean_cluster:/home/cityu/autoware/install/perception_utils:/home/cityu/autoware/install/compare_map_segmentation:/home/cityu/autoware/install/shape_estimation:/home/cityu/autoware/install/pointcloud_preprocessor:/home/cityu/autoware/install/interpolation:/home/cityu/autoware/install/grid_map_pcl:/home/cityu/autoware/install/tier4_autoware_utils:/home/cityu/autoware/install/lanelet2_extension:/home/cityu/autoware/install/grid_map_ros:/home/cityu/autoware/install/tier4_perception_msgs:/home/cityu/autoware/install/tier4_pcl_extensions:/home/cityu/autoware/install/grid_map_cv:/home/cityu/autoware/install/autoware_utils:/home/cityu/autoware/install/autoware_point_types:/home/cityu/autoware/install/autoware_auto_vehicle_msgs:/home/cityu/autoware/install/grid_map_msgs:/home/cityu/autoware/install/grid_map_core:/home/cityu/autoware/install/autoware_planning_msgs:/home/cityu/autoware/install/autoware_cmake:/home/cityu/autoware/install/autoware_auto_planning_msgs:/home/cityu/autoware/install/autoware_auto_perception_msgs:/home/cityu/autoware/install/tier4_debug_msgs:/home/cityu/autoware/install/autoware_lint_common:/home/cityu/autoware/install/autoware_common_msgs:/home/cityu/autoware/install/autoware_auto_mapping_msgs:/home/cityu/autoware/install/autoware_auto_geometry_msgs:${AMENT_PREFIX_PATH} CMAKE_PREFIX_PATH=/home/cityu/autoware/install/euclidean_cluster:/home/cityu/autoware/install/perception_utils:/home/cityu/autoware/install/compare_map_segmentation:/home/cityu/autoware/install/shape_estimation:/home/cityu/autoware/install/pointcloud_preprocessor:/home/cityu/autoware/install/interpolation:/home/cityu/autoware/install/grid_map_pcl:/home/cityu/autoware/install/tier4_autoware_utils:/home/cityu/autoware/install/lanelet2_extension:/home/cityu/autoware/install/grid_map_ros:/home/cityu/autoware/install/tier4_perception_msgs:/home/cityu/autoware/install/tier4_pcl_extensions:/home/cityu/autoware/install/grid_map_cv:/home/cityu/autoware/install/autoware_utils:/home/cityu/autoware/install/autoware_point_types:/home/cityu/autoware/install/autoware_auto_vehicle_msgs:/home/cityu/autoware/install/grid_map_msgs:/home/cityu/autoware/install/grid_map_core:/home/cityu/autoware/install/autoware_planning_msgs:/home/cityu/autoware/install/autoware_cmake:/home/cityu/autoware/install/autoware_auto_planning_msgs:/home/cityu/autoware/install/autoware_auto_perception_msgs:/home/cityu/autoware/install/tier4_debug_msgs:/home/cityu/autoware/install/autoware_lint_common:/home/cityu/autoware/install/autoware_common_msgs:/home/cityu/autoware/install/autoware_auto_mapping_msgs:/home/cityu/autoware/install/autoware_auto_geometry_msgs:/opt/ros/galactic LD_LIBRARY_PATH=/home/cityu/autoware/install/euclidean_cluster/lib:/home/cityu/autoware/install/perception_utils/lib:/home/cityu/autoware/install/compare_map_segmentation/lib:/home/cityu/autoware/install/shape_estimation/lib:/home/cityu/autoware/install/pointcloud_preprocessor/lib:/home/cityu/autoware/install/interpolation/lib:/home/cityu/autoware/install/grid_map_pcl/lib:/home/cityu/autoware/install/tier4_autoware_utils/lib:/home/cityu/autoware/install/lanelet2_extension/lib:/home/cityu/autoware/install/grid_map_ros/lib:/home/cityu/autoware/install/tier4_perception_msgs/lib:/home/cityu/autoware/install/tier4_pcl_extensions/lib:/home/cityu/autoware/install/grid_map_cv/lib:/home/cityu/autoware/install/autoware_utils/lib:/home/cityu/autoware/install/autoware_auto_vehicle_msgs/lib:/home/cityu/autoware/install/grid_map_msgs/lib:/home/cityu/autoware/install/grid_map_core/lib:/home/cityu/autoware/install/autoware_planning_msgs/lib:/home/cityu/autoware/install/autoware_auto_planning_msgs/lib:/home/cityu/autoware/install/autoware_auto_perception_msgs/lib:/home/cityu/autoware/install/tier4_debug_msgs/lib:/home/cityu/autoware/install/autoware_common_msgs/lib:/home/cityu/autoware/install/autoware_auto_mapping_msgs/lib:/home/cityu/autoware/install/autoware_auto_geometry_msgs/lib:${LD_LIBRARY_PATH} PYTHONPATH=/home/cityu/autoware/install/tier4_perception_msgs/lib/python3.8/site-packages:/home/cityu/autoware/install/autoware_auto_vehicle_msgs/lib/python3.8/site-packages:/home/cityu/autoware/install/grid_map_msgs/lib/python3.8/site-packages:/home/cityu/autoware/install/autoware_planning_msgs/lib/python3.8/site-packages:/home/cityu/autoware/install/autoware_auto_planning_msgs/lib/python3.8/site-packages:/home/cityu/autoware/install/autoware_auto_perception_msgs/lib/python3.8/site-packages:/home/cityu/autoware/install/tier4_debug_msgs/lib/python3.8/site-packages:/home/cityu/autoware/install/autoware_common_msgs/lib/python3.8/site-packages:/home/cityu/autoware/install/autoware_auto_mapping_msgs/lib/python3.8/site-packages:/home/cityu/autoware/install/autoware_auto_geometry_msgs/lib/python3.8/site-packages:${PYTHONPATH} /usr/bin/cmake /home/cityu/autoware/src/universe/autoware.universe/perception/detection_by_tracker -DCMAKE_BUILD_TYPE=Release -DAMENT_CMAKE_SYMLINK_INSTALL=1 -DCMAKE_INSTALL_PREFIX=/home/cityu/autoware/install/detection_by_tracker
[29.358s] Invoking command in '/home/cityu/autoware/build/detection_by_tracker': AMENT_PREFIX_PATH=/home/cityu/autoware/install/euclidean_cluster:/home/cityu/autoware/install/perception_utils:/home/cityu/autoware/install/compare_map_segmentation:/home/cityu/autoware/install/shape_estimation:/home/cityu/autoware/install/pointcloud_preprocessor:/home/cityu/autoware/install/interpolation:/home/cityu/autoware/install/grid_map_pcl:/home/cityu/autoware/install/tier4_autoware_utils:/home/cityu/autoware/install/lanelet2_extension:/home/cityu/autoware/install/grid_map_ros:/home/cityu/autoware/install/tier4_perception_msgs:/home/cityu/autoware/install/tier4_pcl_extensions:/home/cityu/autoware/install/grid_map_cv:/home/cityu/autoware/install/autoware_utils:/home/cityu/autoware/install/autoware_point_types:/home/cityu/autoware/install/autoware_auto_vehicle_msgs:/home/cityu/autoware/install/grid_map_msgs:/home/cityu/autoware/install/grid_map_core:/home/cityu/autoware/install/autoware_planning_msgs:/home/cityu/autoware/install/autoware_cmake:/home/cityu/autoware/install/autoware_auto_planning_msgs:/home/cityu/autoware/install/autoware_auto_perception_msgs:/home/cityu/autoware/install/tier4_debug_msgs:/home/cityu/autoware/install/autoware_lint_common:/home/cityu/autoware/install/autoware_common_msgs:/home/cityu/autoware/install/autoware_auto_mapping_msgs:/home/cityu/autoware/install/autoware_auto_geometry_msgs:${AMENT_PREFIX_PATH} CMAKE_PREFIX_PATH=/home/cityu/autoware/install/euclidean_cluster:/home/cityu/autoware/install/perception_utils:/home/cityu/autoware/install/compare_map_segmentation:/home/cityu/autoware/install/shape_estimation:/home/cityu/autoware/install/pointcloud_preprocessor:/home/cityu/autoware/install/interpolation:/home/cityu/autoware/install/grid_map_pcl:/home/cityu/autoware/install/tier4_autoware_utils:/home/cityu/autoware/install/lanelet2_extension:/home/cityu/autoware/install/grid_map_ros:/home/cityu/autoware/install/tier4_perception_msgs:/home/cityu/autoware/install/tier4_pcl_extensions:/home/cityu/autoware/install/grid_map_cv:/home/cityu/autoware/install/autoware_utils:/home/cityu/autoware/install/autoware_point_types:/home/cityu/autoware/install/autoware_auto_vehicle_msgs:/home/cityu/autoware/install/grid_map_msgs:/home/cityu/autoware/install/grid_map_core:/home/cityu/autoware/install/autoware_planning_msgs:/home/cityu/autoware/install/autoware_cmake:/home/cityu/autoware/install/autoware_auto_planning_msgs:/home/cityu/autoware/install/autoware_auto_perception_msgs:/home/cityu/autoware/install/tier4_debug_msgs:/home/cityu/autoware/install/autoware_lint_common:/home/cityu/autoware/install/autoware_common_msgs:/home/cityu/autoware/install/autoware_auto_mapping_msgs:/home/cityu/autoware/install/autoware_auto_geometry_msgs:/opt/ros/galactic LD_LIBRARY_PATH=/home/cityu/autoware/install/euclidean_cluster/lib:/home/cityu/autoware/install/perception_utils/lib:/home/cityu/autoware/install/compare_map_segmentation/lib:/home/cityu/autoware/install/shape_estimation/lib:/home/cityu/autoware/install/pointcloud_preprocessor/lib:/home/cityu/autoware/install/interpolation/lib:/home/cityu/autoware/install/grid_map_pcl/lib:/home/cityu/autoware/install/tier4_autoware_utils/lib:/home/cityu/autoware/install/lanelet2_extension/lib:/home/cityu/autoware/install/grid_map_ros/lib:/home/cityu/autoware/install/tier4_perception_msgs/lib:/home/cityu/autoware/install/tier4_pcl_extensions/lib:/home/cityu/autoware/install/grid_map_cv/lib:/home/cityu/autoware/install/autoware_utils/lib:/home/cityu/autoware/install/autoware_auto_vehicle_msgs/lib:/home/cityu/autoware/install/grid_map_msgs/lib:/home/cityu/autoware/install/grid_map_core/lib:/home/cityu/autoware/install/autoware_planning_msgs/lib:/home/cityu/autoware/install/autoware_auto_planning_msgs/lib:/home/cityu/autoware/install/autoware_auto_perception_msgs/lib:/home/cityu/autoware/install/tier4_debug_msgs/lib:/home/cityu/autoware/install/autoware_common_msgs/lib:/home/cityu/autoware/install/autoware_auto_mapping_msgs/lib:/home/cityu/autoware/install/autoware_auto_geometry_msgs/lib:${LD_LIBRARY_PATH} PYTHONPATH=/home/cityu/autoware/install/tier4_perception_msgs/lib/python3.8/site-packages:/home/cityu/autoware/install/autoware_auto_vehicle_msgs/lib/python3.8/site-packages:/home/cityu/autoware/install/grid_map_msgs/lib/python3.8/site-packages:/home/cityu/autoware/install/autoware_planning_msgs/lib/python3.8/site-packages:/home/cityu/autoware/install/autoware_auto_planning_msgs/lib/python3.8/site-packages:/home/cityu/autoware/install/autoware_auto_perception_msgs/lib/python3.8/site-packages:/home/cityu/autoware/install/tier4_debug_msgs/lib/python3.8/site-packages:/home/cityu/autoware/install/autoware_common_msgs/lib/python3.8/site-packages:/home/cityu/autoware/install/autoware_auto_mapping_msgs/lib/python3.8/site-packages:/home/cityu/autoware/install/autoware_auto_geometry_msgs/lib/python3.8/site-packages:${PYTHONPATH} /usr/bin/cmake --build /home/cityu/autoware/build/detection_by_tracker -- -j16 -l16
[45.403s] [35m[1mScanning dependencies of target detection_by_tracker[0m
[45.403s] [35m[1mScanning dependencies of target detection_by_tracker_node[0m
[45.403s] [ 25%] [32mBuilding CXX object CMakeFiles/detection_by_tracker.dir/rclcpp_components/node_main_detection_by_tracker.cpp.o[0m
[45.403s] [ 50%] [32mBuilding CXX object CMakeFiles/detection_by_tracker_node.dir/src/detection_by_tracker_core.cpp.o[0m
[45.403s] [ 75%] [32m[1mLinking CXX executable detection_by_tracker[0m
[45.403s] [ 75%] Built target detection_by_tracker
[97.373s] [100%] [32m[1mLinking CXX shared library libdetection_by_tracker_node.so[0m
[100.369s] [100%] Built target detection_by_tracker_node
[100.442s] Invoked command in '/home/cityu/autoware/build/detection_by_tracker' returned '0': AMENT_PREFIX_PATH=/home/cityu/autoware/install/euclidean_cluster:/home/cityu/autoware/install/perception_utils:/home/cityu/autoware/install/compare_map_segmentation:/home/cityu/autoware/install/shape_estimation:/home/cityu/autoware/install/pointcloud_preprocessor:/home/cityu/autoware/install/interpolation:/home/cityu/autoware/install/grid_map_pcl:/home/cityu/autoware/install/tier4_autoware_utils:/home/cityu/autoware/install/lanelet2_extension:/home/cityu/autoware/install/grid_map_ros:/home/cityu/autoware/install/tier4_perception_msgs:/home/cityu/autoware/install/tier4_pcl_extensions:/home/cityu/autoware/install/grid_map_cv:/home/cityu/autoware/install/autoware_utils:/home/cityu/autoware/install/autoware_point_types:/home/cityu/autoware/install/autoware_auto_vehicle_msgs:/home/cityu/autoware/install/grid_map_msgs:/home/cityu/autoware/install/grid_map_core:/home/cityu/autoware/install/autoware_planning_msgs:/home/cityu/autoware/install/autoware_cmake:/home/cityu/autoware/install/autoware_auto_planning_msgs:/home/cityu/autoware/install/autoware_auto_perception_msgs:/home/cityu/autoware/install/tier4_debug_msgs:/home/cityu/autoware/install/autoware_lint_common:/home/cityu/autoware/install/autoware_common_msgs:/home/cityu/autoware/install/autoware_auto_mapping_msgs:/home/cityu/autoware/install/autoware_auto_geometry_msgs:${AMENT_PREFIX_PATH} CMAKE_PREFIX_PATH=/home/cityu/autoware/install/euclidean_cluster:/home/cityu/autoware/install/perception_utils:/home/cityu/autoware/install/compare_map_segmentation:/home/cityu/autoware/install/shape_estimation:/home/cityu/autoware/install/pointcloud_preprocessor:/home/cityu/autoware/install/interpolation:/home/cityu/autoware/install/grid_map_pcl:/home/cityu/autoware/install/tier4_autoware_utils:/home/cityu/autoware/install/lanelet2_extension:/home/cityu/autoware/install/grid_map_ros:/home/cityu/autoware/install/tier4_perception_msgs:/home/cityu/autoware/install/tier4_pcl_extensions:/home/cityu/autoware/install/grid_map_cv:/home/cityu/autoware/install/autoware_utils:/home/cityu/autoware/install/autoware_point_types:/home/cityu/autoware/install/autoware_auto_vehicle_msgs:/home/cityu/autoware/install/grid_map_msgs:/home/cityu/autoware/install/grid_map_core:/home/cityu/autoware/install/autoware_planning_msgs:/home/cityu/autoware/install/autoware_cmake:/home/cityu/autoware/install/autoware_auto_planning_msgs:/home/cityu/autoware/install/autoware_auto_perception_msgs:/home/cityu/autoware/install/tier4_debug_msgs:/home/cityu/autoware/install/autoware_lint_common:/home/cityu/autoware/install/autoware_common_msgs:/home/cityu/autoware/install/autoware_auto_mapping_msgs:/home/cityu/autoware/install/autoware_auto_geometry_msgs:/opt/ros/galactic LD_LIBRARY_PATH=/home/cityu/autoware/install/euclidean_cluster/lib:/home/cityu/autoware/install/perception_utils/lib:/home/cityu/autoware/install/compare_map_segmentation/lib:/home/cityu/autoware/install/shape_estimation/lib:/home/cityu/autoware/install/pointcloud_preprocessor/lib:/home/cityu/autoware/install/interpolation/lib:/home/cityu/autoware/install/grid_map_pcl/lib:/home/cityu/autoware/install/tier4_autoware_utils/lib:/home/cityu/autoware/install/lanelet2_extension/lib:/home/cityu/autoware/install/grid_map_ros/lib:/home/cityu/autoware/install/tier4_perception_msgs/lib:/home/cityu/autoware/install/tier4_pcl_extensions/lib:/home/cityu/autoware/install/grid_map_cv/lib:/home/cityu/autoware/install/autoware_utils/lib:/home/cityu/autoware/install/autoware_auto_vehicle_msgs/lib:/home/cityu/autoware/install/grid_map_msgs/lib:/home/cityu/autoware/install/grid_map_core/lib:/home/cityu/autoware/install/autoware_planning_msgs/lib:/home/cityu/autoware/install/autoware_auto_planning_msgs/lib:/home/cityu/autoware/install/autoware_auto_perception_msgs/lib:/home/cityu/autoware/install/tier4_debug_msgs/lib:/home/cityu/autoware/install/autoware_common_msgs/lib:/home/cityu/autoware/install/autoware_auto_mapping_msgs/lib:/home/cityu/autoware/install/autoware_auto_geometry_msgs/lib:${LD_LIBRARY_PATH} PYTHONPATH=/home/cityu/autoware/install/tier4_perception_msgs/lib/python3.8/site-packages:/home/cityu/autoware/install/autoware_auto_vehicle_msgs/lib/python3.8/site-packages:/home/cityu/autoware/install/grid_map_msgs/lib/python3.8/site-packages:/home/cityu/autoware/install/autoware_planning_msgs/lib/python3.8/site-packages:/home/cityu/autoware/install/autoware_auto_planning_msgs/lib/python3.8/site-packages:/home/cityu/autoware/install/autoware_auto_perception_msgs/lib/python3.8/site-packages:/home/cityu/autoware/install/tier4_debug_msgs/lib/python3.8/site-packages:/home/cityu/autoware/install/autoware_common_msgs/lib/python3.8/site-packages:/home/cityu/autoware/install/autoware_auto_mapping_msgs/lib/python3.8/site-packages:/home/cityu/autoware/install/autoware_auto_geometry_msgs/lib/python3.8/site-packages:${PYTHONPATH} /usr/bin/cmake --build /home/cityu/autoware/build/detection_by_tracker -- -j16 -l16
[100.858s] Invoking command in '/home/cityu/autoware/build/detection_by_tracker': AMENT_PREFIX_PATH=/home/cityu/autoware/install/euclidean_cluster:/home/cityu/autoware/install/perception_utils:/home/cityu/autoware/install/compare_map_segmentation:/home/cityu/autoware/install/shape_estimation:/home/cityu/autoware/install/pointcloud_preprocessor:/home/cityu/autoware/install/interpolation:/home/cityu/autoware/install/grid_map_pcl:/home/cityu/autoware/install/tier4_autoware_utils:/home/cityu/autoware/install/lanelet2_extension:/home/cityu/autoware/install/grid_map_ros:/home/cityu/autoware/install/tier4_perception_msgs:/home/cityu/autoware/install/tier4_pcl_extensions:/home/cityu/autoware/install/grid_map_cv:/home/cityu/autoware/install/autoware_utils:/home/cityu/autoware/install/autoware_point_types:/home/cityu/autoware/install/autoware_auto_vehicle_msgs:/home/cityu/autoware/install/grid_map_msgs:/home/cityu/autoware/install/grid_map_core:/home/cityu/autoware/install/autoware_planning_msgs:/home/cityu/autoware/install/autoware_cmake:/home/cityu/autoware/install/autoware_auto_planning_msgs:/home/cityu/autoware/install/autoware_auto_perception_msgs:/home/cityu/autoware/install/tier4_debug_msgs:/home/cityu/autoware/install/autoware_lint_common:/home/cityu/autoware/install/autoware_common_msgs:/home/cityu/autoware/install/autoware_auto_mapping_msgs:/home/cityu/autoware/install/autoware_auto_geometry_msgs:${AMENT_PREFIX_PATH} CMAKE_PREFIX_PATH=/home/cityu/autoware/install/euclidean_cluster:/home/cityu/autoware/install/perception_utils:/home/cityu/autoware/install/compare_map_segmentation:/home/cityu/autoware/install/shape_estimation:/home/cityu/autoware/install/pointcloud_preprocessor:/home/cityu/autoware/install/interpolation:/home/cityu/autoware/install/grid_map_pcl:/home/cityu/autoware/install/tier4_autoware_utils:/home/cityu/autoware/install/lanelet2_extension:/home/cityu/autoware/install/grid_map_ros:/home/cityu/autoware/install/tier4_perception_msgs:/home/cityu/autoware/install/tier4_pcl_extensions:/home/cityu/autoware/install/grid_map_cv:/home/cityu/autoware/install/autoware_utils:/home/cityu/autoware/install/autoware_point_types:/home/cityu/autoware/install/autoware_auto_vehicle_msgs:/home/cityu/autoware/install/grid_map_msgs:/home/cityu/autoware/install/grid_map_core:/home/cityu/autoware/install/autoware_planning_msgs:/home/cityu/autoware/install/autoware_cmake:/home/cityu/autoware/install/autoware_auto_planning_msgs:/home/cityu/autoware/install/autoware_auto_perception_msgs:/home/cityu/autoware/install/tier4_debug_msgs:/home/cityu/autoware/install/autoware_lint_common:/home/cityu/autoware/install/autoware_common_msgs:/home/cityu/autoware/install/autoware_auto_mapping_msgs:/home/cityu/autoware/install/autoware_auto_geometry_msgs:/opt/ros/galactic LD_LIBRARY_PATH=/home/cityu/autoware/install/euclidean_cluster/lib:/home/cityu/autoware/install/perception_utils/lib:/home/cityu/autoware/install/compare_map_segmentation/lib:/home/cityu/autoware/install/shape_estimation/lib:/home/cityu/autoware/install/pointcloud_preprocessor/lib:/home/cityu/autoware/install/interpolation/lib:/home/cityu/autoware/install/grid_map_pcl/lib:/home/cityu/autoware/install/tier4_autoware_utils/lib:/home/cityu/autoware/install/lanelet2_extension/lib:/home/cityu/autoware/install/grid_map_ros/lib:/home/cityu/autoware/install/tier4_perception_msgs/lib:/home/cityu/autoware/install/tier4_pcl_extensions/lib:/home/cityu/autoware/install/grid_map_cv/lib:/home/cityu/autoware/install/autoware_utils/lib:/home/cityu/autoware/install/autoware_auto_vehicle_msgs/lib:/home/cityu/autoware/install/grid_map_msgs/lib:/home/cityu/autoware/install/grid_map_core/lib:/home/cityu/autoware/install/autoware_planning_msgs/lib:/home/cityu/autoware/install/autoware_auto_planning_msgs/lib:/home/cityu/autoware/install/autoware_auto_perception_msgs/lib:/home/cityu/autoware/install/tier4_debug_msgs/lib:/home/cityu/autoware/install/autoware_common_msgs/lib:/home/cityu/autoware/install/autoware_auto_mapping_msgs/lib:/home/cityu/autoware/install/autoware_auto_geometry_msgs/lib:${LD_LIBRARY_PATH} PYTHONPATH=/home/cityu/autoware/install/tier4_perception_msgs/lib/python3.8/site-packages:/home/cityu/autoware/install/autoware_auto_vehicle_msgs/lib/python3.8/site-packages:/home/cityu/autoware/install/grid_map_msgs/lib/python3.8/site-packages:/home/cityu/autoware/install/autoware_planning_msgs/lib/python3.8/site-packages:/home/cityu/autoware/install/autoware_auto_planning_msgs/lib/python3.8/site-packages:/home/cityu/autoware/install/autoware_auto_perception_msgs/lib/python3.8/site-packages:/home/cityu/autoware/install/tier4_debug_msgs/lib/python3.8/site-packages:/home/cityu/autoware/install/autoware_common_msgs/lib/python3.8/site-packages:/home/cityu/autoware/install/autoware_auto_mapping_msgs/lib/python3.8/site-packages:/home/cityu/autoware/install/autoware_auto_geometry_msgs/lib/python3.8/site-packages:${PYTHONPATH} /usr/bin/cmake --install /home/cityu/autoware/build/detection_by_tracker
[112.217s] -- Install configuration: "Release"
[112.217s] -- Execute custom install script
[112.218s] -- Symlinking: /home/cityu/autoware/install/detection_by_tracker/lib/detection_by_tracker/detection_by_tracker
[112.218s] -- Symlinking: /home/cityu/autoware/install/detection_by_tracker/include/detection_by_tracker/debugger.hpp
[112.218s] -- Symlinking: /home/cityu/autoware/install/detection_by_tracker/include/detection_by_tracker/detection_by_tracker_core.hpp
[112.218s] -- Symlinking: /home/cityu/autoware/install/detection_by_tracker/share/detection_by_tracker/environment/library_path.sh
[112.218s] -- Symlinking: /home/cityu/autoware/install/detection_by_tracker/share/detection_by_tracker/environment/library_path.dsv
[112.218s] -- Symlinking: /home/cityu/autoware/install/detection_by_tracker/lib/libdetection_by_tracker_node.so
[112.218s] -- Symlinking: /home/cityu/autoware/install/detection_by_tracker/share/detection_by_tracker/launch/detection_by_tracker.launch.xml
[112.218s] -- Symlinking: /home/cityu/autoware/install/detection_by_tracker/share/ament_index/resource_index/package_run_dependencies/detection_by_tracker
[112.218s] -- Symlinking: /home/cityu/autoware/install/detection_by_tracker/share/ament_index/resource_index/parent_prefix_path/detection_by_tracker
[112.218s] -- Symlinking: /home/cityu/autoware/install/detection_by_tracker/share/detection_by_tracker/environment/ament_prefix_path.sh
[112.218s] -- Symlinking: /home/cityu/autoware/install/detection_by_tracker/share/detection_by_tracker/environment/ament_prefix_path.dsv
[112.219s] -- Symlinking: /home/cityu/autoware/install/detection_by_tracker/share/detection_by_tracker/environment/path.sh
[112.219s] -- Symlinking: /home/cityu/autoware/install/detection_by_tracker/share/detection_by_tracker/environment/path.dsv
[112.219s] -- Symlinking: /home/cityu/autoware/install/detection_by_tracker/share/detection_by_tracker/local_setup.bash
[112.219s] -- Symlinking: /home/cityu/autoware/install/detection_by_tracker/share/detection_by_tracker/local_setup.sh
[112.219s] -- Symlinking: /home/cityu/autoware/install/detection_by_tracker/share/detection_by_tracker/local_setup.zsh
[112.219s] -- Symlinking: /home/cityu/autoware/install/detection_by_tracker/share/detection_by_tracker/local_setup.dsv
[112.219s] -- Symlinking: /home/cityu/autoware/install/detection_by_tracker/share/detection_by_tracker/package.dsv
[112.219s] -- Symlinking: /home/cityu/autoware/install/detection_by_tracker/share/ament_index/resource_index/packages/detection_by_tracker
[112.219s] -- Symlinking: /home/cityu/autoware/install/detection_by_tracker/share/ament_index/resource_index/rclcpp_components/detection_by_tracker
[112.219s] -- Symlinking: /home/cityu/autoware/install/detection_by_tracker/share/detection_by_tracker/cmake/ament_cmake_export_dependencies-extras.cmake
[112.219s] -- Symlinking: /home/cityu/autoware/install/detection_by_tracker/share/detection_by_tracker/cmake/ament_cmake_export_include_directories-extras.cmake
[112.220s] -- Symlinking: /home/cityu/autoware/install/detection_by_tracker/share/detection_by_tracker/cmake/ament_cmake_export_libraries-extras.cmake
[112.220s] -- Symlinking: /home/cityu/autoware/install/detection_by_tracker/share/detection_by_tracker/cmake/detection_by_trackerConfig.cmake
[112.220s] -- Symlinking: /home/cityu/autoware/install/detection_by_tracker/share/detection_by_tracker/cmake/detection_by_trackerConfig-version.cmake
[112.220s] -- Symlinking: /home/cityu/autoware/install/detection_by_tracker/share/detection_by_tracker/package.xml
[112.255s] Invoked command in '/home/cityu/autoware/build/detection_by_tracker' returned '0': AMENT_PREFIX_PATH=/home/cityu/autoware/install/euclidean_cluster:/home/cityu/autoware/install/perception_utils:/home/cityu/autoware/install/compare_map_segmentation:/home/cityu/autoware/install/shape_estimation:/home/cityu/autoware/install/pointcloud_preprocessor:/home/cityu/autoware/install/interpolation:/home/cityu/autoware/install/grid_map_pcl:/home/cityu/autoware/install/tier4_autoware_utils:/home/cityu/autoware/install/lanelet2_extension:/home/cityu/autoware/install/grid_map_ros:/home/cityu/autoware/install/tier4_perception_msgs:/home/cityu/autoware/install/tier4_pcl_extensions:/home/cityu/autoware/install/grid_map_cv:/home/cityu/autoware/install/autoware_utils:/home/cityu/autoware/install/autoware_point_types:/home/cityu/autoware/install/autoware_auto_vehicle_msgs:/home/cityu/autoware/install/grid_map_msgs:/home/cityu/autoware/install/grid_map_core:/home/cityu/autoware/install/autoware_planning_msgs:/home/cityu/autoware/install/autoware_cmake:/home/cityu/autoware/install/autoware_auto_planning_msgs:/home/cityu/autoware/install/autoware_auto_perception_msgs:/home/cityu/autoware/install/tier4_debug_msgs:/home/cityu/autoware/install/autoware_lint_common:/home/cityu/autoware/install/autoware_common_msgs:/home/cityu/autoware/install/autoware_auto_mapping_msgs:/home/cityu/autoware/install/autoware_auto_geometry_msgs:${AMENT_PREFIX_PATH} CMAKE_PREFIX_PATH=/home/cityu/autoware/install/euclidean_cluster:/home/cityu/autoware/install/perception_utils:/home/cityu/autoware/install/compare_map_segmentation:/home/cityu/autoware/install/shape_estimation:/home/cityu/autoware/install/pointcloud_preprocessor:/home/cityu/autoware/install/interpolation:/home/cityu/autoware/install/grid_map_pcl:/home/cityu/autoware/install/tier4_autoware_utils:/home/cityu/autoware/install/lanelet2_extension:/home/cityu/autoware/install/grid_map_ros:/home/cityu/autoware/install/tier4_perception_msgs:/home/cityu/autoware/install/tier4_pcl_extensions:/home/cityu/autoware/install/grid_map_cv:/home/cityu/autoware/install/autoware_utils:/home/cityu/autoware/install/autoware_point_types:/home/cityu/autoware/install/autoware_auto_vehicle_msgs:/home/cityu/autoware/install/grid_map_msgs:/home/cityu/autoware/install/grid_map_core:/home/cityu/autoware/install/autoware_planning_msgs:/home/cityu/autoware/install/autoware_cmake:/home/cityu/autoware/install/autoware_auto_planning_msgs:/home/cityu/autoware/install/autoware_auto_perception_msgs:/home/cityu/autoware/install/tier4_debug_msgs:/home/cityu/autoware/install/autoware_lint_common:/home/cityu/autoware/install/autoware_common_msgs:/home/cityu/autoware/install/autoware_auto_mapping_msgs:/home/cityu/autoware/install/autoware_auto_geometry_msgs:/opt/ros/galactic LD_LIBRARY_PATH=/home/cityu/autoware/install/euclidean_cluster/lib:/home/cityu/autoware/install/perception_utils/lib:/home/cityu/autoware/install/compare_map_segmentation/lib:/home/cityu/autoware/install/shape_estimation/lib:/home/cityu/autoware/install/pointcloud_preprocessor/lib:/home/cityu/autoware/install/interpolation/lib:/home/cityu/autoware/install/grid_map_pcl/lib:/home/cityu/autoware/install/tier4_autoware_utils/lib:/home/cityu/autoware/install/lanelet2_extension/lib:/home/cityu/autoware/install/grid_map_ros/lib:/home/cityu/autoware/install/tier4_perception_msgs/lib:/home/cityu/autoware/install/tier4_pcl_extensions/lib:/home/cityu/autoware/install/grid_map_cv/lib:/home/cityu/autoware/install/autoware_utils/lib:/home/cityu/autoware/install/autoware_auto_vehicle_msgs/lib:/home/cityu/autoware/install/grid_map_msgs/lib:/home/cityu/autoware/install/grid_map_core/lib:/home/cityu/autoware/install/autoware_planning_msgs/lib:/home/cityu/autoware/install/autoware_auto_planning_msgs/lib:/home/cityu/autoware/install/autoware_auto_perception_msgs/lib:/home/cityu/autoware/install/tier4_debug_msgs/lib:/home/cityu/autoware/install/autoware_common_msgs/lib:/home/cityu/autoware/install/autoware_auto_mapping_msgs/lib:/home/cityu/autoware/install/autoware_auto_geometry_msgs/lib:${LD_LIBRARY_PATH} PYTHONPATH=/home/cityu/autoware/install/tier4_perception_msgs/lib/python3.8/site-packages:/home/cityu/autoware/install/autoware_auto_vehicle_msgs/lib/python3.8/site-packages:/home/cityu/autoware/install/grid_map_msgs/lib/python3.8/site-packages:/home/cityu/autoware/install/autoware_planning_msgs/lib/python3.8/site-packages:/home/cityu/autoware/install/autoware_auto_planning_msgs/lib/python3.8/site-packages:/home/cityu/autoware/install/autoware_auto_perception_msgs/lib/python3.8/site-packages:/home/cityu/autoware/install/tier4_debug_msgs/lib/python3.8/site-packages:/home/cityu/autoware/install/autoware_common_msgs/lib/python3.8/site-packages:/home/cityu/autoware/install/autoware_auto_mapping_msgs/lib/python3.8/site-packages:/home/cityu/autoware/install/autoware_auto_geometry_msgs/lib/python3.8/site-packages:${PYTHONPATH} /usr/bin/cmake --install /home/cityu/autoware/build/detection_by_tracker
