-- The C compiler identification is GNU 9.4.0
-- The CXX compiler identification is GNU 9.4.0
-- Check for working C compiler: /usr/bin/cc
-- Check for working C compiler: /usr/bin/cc -- works
-- Detecting C compiler ABI info
-- Detecting C compiler ABI info - done
-- Detecting C compile features
-- Detecting C compile features - done
-- Check for working CXX compiler: /usr/bin/c++
-- Check for working CXX compiler: /usr/bin/c++ -- works
-- Detecting CXX compiler ABI info
-- Detecting CXX compiler ABI info - done
-- Detecting CXX compile features
-- Detecting CXX compile features - done
-- Found autoware_cmake: 0.1.0 (/home/cityu/autoware/install/autoware_cmake/share/autoware_cmake/cmake)
-- Found ament_cmake_auto: 1.1.6 (/opt/ros/galactic/share/ament_cmake_auto/cmake)
-- Found PythonInterp: /usr/bin/python3 (found suitable version "3.8.10", minimum required is "3") 
-- Using PYTHON_EXECUTABLE: /usr/bin/python3
-- Override CMake install command with custom implementation using symlinks instead of copying resources
-- Using all available rosidl_typesupport_c: rosidl_typesupport_fastrtps_c;rosidl_typesupport_introspection_c
-- Found rosidl_adapter: 2.2.3 (/opt/ros/galactic/share/rosidl_adapter/cmake)
-- Found OpenSSL: /usr/lib/x86_64-linux-gnu/libcrypto.so (found version "1.1.1f")  
-- Found FastRTPS: /opt/ros/galactic/include  
-- Using all available rosidl_typesupport_cpp: rosidl_typesupport_fastrtps_cpp;rosidl_typesupport_introspection_cpp
-- Found rmw_implementation_cmake: 3.3.1 (/opt/ros/galactic/share/rmw_implementation_cmake/cmake)
-- Found rmw_cyclonedds_cpp: 0.22.6 (/opt/ros/galactic/share/rmw_cyclonedds_cpp/cmake)
-- Using RMW implementation 'rmw_cyclonedds_cpp' as default
-- Looking for pthread.h
-- Looking for pthread.h - found
-- Performing Test CMAKE_HAVE_LIBC_PTHREAD
-- Performing Test CMAKE_HAVE_LIBC_PTHREAD - Failed
-- Looking for pthread_create in pthreads
-- Looking for pthread_create in pthreads - not found
-- Looking for pthread_create in pthread
-- Looking for pthread_create in pthread - found
-- Found Threads: TRUE  
-- Found eigen3_cmake_module: 0.1.1 (/opt/ros/galactic/share/eigen3_cmake_module/cmake)
-- Found Eigen3: TRUE (found version "3.3.7") 
-- Found ament_lint_auto: 0.10.7 (/opt/ros/galactic/share/ament_lint_auto/cmake)
-- Found NVML: /usr/lib/x86_64-linux-gnu/libnvidia-ml.so  
-- NVML include dir: /usr/local/cuda/include
-- NVML library : /usr/lib/x86_64-linux-gnu/libnvidia-ml.so
-- HOST_SYSTEM_VERSION: 5.15.0-69-generic
-- SYSTEM_PROCESSOR: x86_64
-- CPU PLATFORM: intel
-- GPU PLATFORM: nvml
-- Found Boost: /usr/lib/x86_64-linux-gnu/cmake/Boost-1.71.0/BoostConfig.cmake (found version "1.71.0") found components: serialization thread filesystem regex 
-- Added test 'copyright' to check source files copyright and LICENSE
-- Added test 'cppcheck' to perform static code analysis on C / C++ code
-- Configured cppcheck include dirs: /home/cityu/autoware/src/universe/autoware.universe/system/system_monitor/include
-- Configured cppcheck exclude dirs and/or files: 
-- Added test 'lint_cmake' to check CMake code style
-- Added test 'xmllint' to check XML markup files
-- Configuring done
-- Generating done
-- Build files have been written to: /home/cityu/autoware/build/system_monitor
[35m[1mScanning dependencies of target voltage_monitor[0m
[  2%] [32mBuilding CXX object CMakeFiles/voltage_monitor.dir/rclcpp_components/node_main_voltage_monitor.cpp.o[0m
[  4%] [32m[1mLinking CXX executable voltage_monitor[0m
[  4%] Built target voltage_monitor
[35m[1mScanning dependencies of target gpu_monitor[0m
[  7%] [32mBuilding CXX object CMakeFiles/gpu_monitor.dir/rclcpp_components/node_main_gpu_monitor.cpp.o[0m
[  9%] [32m[1mLinking CXX executable gpu_monitor[0m
[  9%] Built target gpu_monitor
[35m[1mScanning dependencies of target ntp_monitor[0m
[ 12%] [32mBuilding CXX object CMakeFiles/ntp_monitor.dir/rclcpp_components/node_main_ntp_monitor.cpp.o[0m
[ 14%] [32m[1mLinking CXX executable ntp_monitor[0m
[ 14%] Built target ntp_monitor
[35m[1mScanning dependencies of target cpu_monitor_lib[0m
[ 17%] [32mBuilding CXX object CMakeFiles/cpu_monitor_lib.dir/src/cpu_monitor/cpu_monitor_base.cpp.o[0m
[ 19%] [32mBuilding CXX object CMakeFiles/cpu_monitor_lib.dir/src/cpu_monitor/intel_cpu_monitor.cpp.o[0m
[ 21%] [32m[1mLinking CXX shared library libcpu_monitor_lib.so[0m
[ 21%] Built target cpu_monitor_lib
[35m[1mScanning dependencies of target hdd_monitor[0m
[35m[1mScanning dependencies of target cpu_monitor[0m
[ 24%] [32mBuilding CXX object CMakeFiles/cpu_monitor.dir/rclcpp_components/node_main_cpu_monitor.cpp.o[0m
[ 26%] [32mBuilding CXX object CMakeFiles/hdd_monitor.dir/rclcpp_components/node_main_hdd_monitor.cpp.o[0m
[ 29%] [32m[1mLinking CXX executable cpu_monitor[0m
[ 31%] [32m[1mLinking CXX executable hdd_monitor[0m
[ 31%] Built target hdd_monitor
[ 31%] Built target cpu_monitor
[35m[1mScanning dependencies of target hdd_monitor_lib[0m
[35m[1mScanning dependencies of target mem_monitor[0m
[ 34%] [32mBuilding CXX object CMakeFiles/mem_monitor.dir/rclcpp_components/node_main_mem_monitor.cpp.o[0m
[ 36%] [32mBuilding CXX object CMakeFiles/hdd_monitor_lib.dir/src/hdd_monitor/hdd_monitor.cpp.o[0m
[ 39%] [32m[1mLinking CXX executable mem_monitor[0m
[ 39%] Built target mem_monitor
[35m[1mScanning dependencies of target net_monitor[0m
[ 41%] [32mBuilding CXX object CMakeFiles/net_monitor.dir/rclcpp_components/node_main_net_monitor.cpp.o[0m
[ 43%] [32m[1mLinking CXX executable net_monitor[0m
[ 43%] Built target net_monitor
[ 46%] [32m[1mLinking CXX shared library libhdd_monitor_lib.so[0m
[ 46%] Built target hdd_monitor_lib
[35m[1mScanning dependencies of target process_monitor[0m
[35m[1mScanning dependencies of target mem_monitor_lib[0m
[ 48%] [32mBuilding CXX object CMakeFiles/process_monitor.dir/rclcpp_components/node_main_process_monitor.cpp.o[0m
[ 51%] [32mBuilding CXX object CMakeFiles/mem_monitor_lib.dir/src/mem_monitor/mem_monitor.cpp.o[0m
[ 53%] [32m[1mLinking CXX executable process_monitor[0m
[ 53%] Built target process_monitor
[ 56%] [32m[1mLinking CXX shared library libmem_monitor_lib.so[0m
[ 56%] Built target mem_monitor_lib
[35m[1mScanning dependencies of target net_monitor_lib[0m
[ 58%] [32mBuilding CXX object CMakeFiles/net_monitor_lib.dir/src/net_monitor/net_monitor.cpp.o[0m
[ 60%] [32mBuilding CXX object CMakeFiles/net_monitor_lib.dir/src/net_monitor/nl80211.cpp.o[0m
[ 63%] [32m[1mLinking CXX shared library libnet_monitor_lib.so[0m
[ 63%] Built target net_monitor_lib
[35m[1mScanning dependencies of target ntp_monitor_lib[0m
[ 65%] [32mBuilding CXX object CMakeFiles/ntp_monitor_lib.dir/src/ntp_monitor/ntp_monitor.cpp.o[0m
[ 68%] [32m[1mLinking CXX shared library libntp_monitor_lib.so[0m
[ 68%] Built target ntp_monitor_lib
[35m[1mScanning dependencies of target process_monitor_lib[0m
[ 70%] [32mBuilding CXX object CMakeFiles/process_monitor_lib.dir/src/process_monitor/process_monitor.cpp.o[0m
[ 73%] [32m[1mLinking CXX shared library libprocess_monitor_lib.so[0m
[ 73%] Built target process_monitor_lib
[35m[1mScanning dependencies of target gpu_monitor_lib[0m
[ 75%] [32mBuilding CXX object CMakeFiles/gpu_monitor_lib.dir/src/gpu_monitor/gpu_monitor_base.cpp.o[0m
[ 78%] [32mBuilding CXX object CMakeFiles/gpu_monitor_lib.dir/src/gpu_monitor/nvml_gpu_monitor.cpp.o[0m
[ 80%] [32m[1mLinking CXX shared library libgpu_monitor_lib.so[0m
[ 80%] Built target gpu_monitor_lib
[35m[1mScanning dependencies of target voltage_monitor_lib[0m
[ 82%] [32mBuilding CXX object CMakeFiles/voltage_monitor_lib.dir/src/voltage_monitor/voltage_monitor.cpp.o[0m
[ 85%] [32m[1mLinking CXX shared library libvoltage_monitor_lib.so[0m
[ 85%] Built target voltage_monitor_lib
[35m[1mScanning dependencies of target hdd_reader[0m
[35m[1mScanning dependencies of target traffic_reader[0m
[35m[1mScanning dependencies of target msr_reader[0m
[ 87%] [32mBuilding CXX object CMakeFiles/hdd_reader.dir/reader/hdd_reader/hdd_reader.cpp.o[0m
[ 90%] [32mBuilding CXX object CMakeFiles/traffic_reader.dir/reader/traffic_reader/traffic_reader.cpp.o[0m
[ 92%] [32mBuilding CXX object CMakeFiles/msr_reader.dir/reader/msr_reader/msr_reader.cpp.o[0m
[ 95%] [32m[1mLinking CXX executable traffic_reader[0m
[ 97%] [32m[1mLinking CXX executable msr_reader[0m
[ 97%] Built target traffic_reader
[ 97%] Built target msr_reader
[100%] [32m[1mLinking CXX executable hdd_reader[0m
[100%] Built target hdd_reader
-- Install configuration: "Release"
-- Execute custom install script
-- Symlinking: /home/cityu/autoware/install/system_monitor/lib/system_monitor/cpu_monitor
-- Symlinking: /home/cityu/autoware/install/system_monitor/lib/system_monitor/hdd_monitor
-- Symlinking: /home/cityu/autoware/install/system_monitor/lib/system_monitor/mem_monitor
-- Symlinking: /home/cityu/autoware/install/system_monitor/lib/system_monitor/net_monitor
-- Symlinking: /home/cityu/autoware/install/system_monitor/lib/system_monitor/ntp_monitor
-- Symlinking: /home/cityu/autoware/install/system_monitor/lib/system_monitor/process_monitor
-- Symlinking: /home/cityu/autoware/install/system_monitor/lib/system_monitor/gpu_monitor
-- Symlinking: /home/cityu/autoware/install/system_monitor/lib/system_monitor/voltage_monitor
-- Symlinking: /home/cityu/autoware/install/system_monitor/include/hdd_reader/hdd_reader.hpp
-- Symlinking: /home/cityu/autoware/install/system_monitor/include/msr_reader/msr_reader.hpp
-- Symlinking: /home/cityu/autoware/install/system_monitor/include/system_monitor/cpu_monitor/arm_cpu_monitor.hpp
-- Symlinking: /home/cityu/autoware/install/system_monitor/include/system_monitor/cpu_monitor/cpu_monitor_base.hpp
-- Symlinking: /home/cityu/autoware/install/system_monitor/include/system_monitor/cpu_monitor/intel_cpu_monitor.hpp
-- Symlinking: /home/cityu/autoware/install/system_monitor/include/system_monitor/cpu_monitor/raspi_cpu_monitor.hpp
-- Symlinking: /home/cityu/autoware/install/system_monitor/include/system_monitor/cpu_monitor/tegra_cpu_monitor.hpp
-- Symlinking: /home/cityu/autoware/install/system_monitor/include/system_monitor/cpu_monitor/unknown_cpu_monitor.hpp
-- Symlinking: /home/cityu/autoware/install/system_monitor/include/system_monitor/gpu_monitor/gpu_monitor_base.hpp
-- Symlinking: /home/cityu/autoware/install/system_monitor/include/system_monitor/gpu_monitor/nvml_gpu_monitor.hpp
-- Symlinking: /home/cityu/autoware/install/system_monitor/include/system_monitor/gpu_monitor/tegra_gpu_monitor.hpp
-- Symlinking: /home/cityu/autoware/install/system_monitor/include/system_monitor/gpu_monitor/unknown_gpu_monitor.hpp
-- Symlinking: /home/cityu/autoware/install/system_monitor/include/system_monitor/hdd_monitor/hdd_monitor.hpp
-- Symlinking: /home/cityu/autoware/install/system_monitor/include/system_monitor/mem_monitor/mem_monitor.hpp
-- Symlinking: /home/cityu/autoware/install/system_monitor/include/system_monitor/net_monitor/net_monitor.hpp
-- Symlinking: /home/cityu/autoware/install/system_monitor/include/system_monitor/net_monitor/nl80211.hpp
-- Symlinking: /home/cityu/autoware/install/system_monitor/include/system_monitor/ntp_monitor/ntp_monitor.hpp
-- Symlinking: /home/cityu/autoware/install/system_monitor/include/system_monitor/process_monitor/diag_task.hpp
-- Symlinking: /home/cityu/autoware/install/system_monitor/include/system_monitor/process_monitor/process_monitor.hpp
-- Symlinking: /home/cityu/autoware/install/system_monitor/include/system_monitor/system_monitor_utility.hpp
-- Symlinking: /home/cityu/autoware/install/system_monitor/include/system_monitor/voltage_monitor/voltage_monitor.hpp
-- Symlinking: /home/cityu/autoware/install/system_monitor/include/traffic_reader/traffic_reader.hpp
-- Symlinking: /home/cityu/autoware/install/system_monitor/share/system_monitor/environment/library_path.sh
-- Symlinking: /home/cityu/autoware/install/system_monitor/share/system_monitor/environment/library_path.dsv
-- Symlinking: /home/cityu/autoware/install/system_monitor/lib/libcpu_monitor_lib.so
-- Symlinking: /home/cityu/autoware/install/system_monitor/lib/libhdd_monitor_lib.so
-- Symlinking: /home/cityu/autoware/install/system_monitor/lib/libmem_monitor_lib.so
-- Symlinking: /home/cityu/autoware/install/system_monitor/lib/libnet_monitor_lib.so
-- Symlinking: /home/cityu/autoware/install/system_monitor/lib/libntp_monitor_lib.so
-- Symlinking: /home/cityu/autoware/install/system_monitor/lib/libprocess_monitor_lib.so
-- Symlinking: /home/cityu/autoware/install/system_monitor/lib/libgpu_monitor_lib.so
-- Symlinking: /home/cityu/autoware/install/system_monitor/lib/libvoltage_monitor_lib.so
-- Symlinking: /home/cityu/autoware/install/system_monitor/lib/system_monitor/msr_reader
-- Symlinking: /home/cityu/autoware/install/system_monitor/lib/system_monitor/hdd_reader
-- Symlinking: /home/cityu/autoware/install/system_monitor/lib/system_monitor/traffic_reader
-- Symlinking: /home/cityu/autoware/install/system_monitor/share/system_monitor/launch/system_monitor.launch.py
-- Symlinking: /home/cityu/autoware/install/system_monitor/share/system_monitor/launch/system_monitor.launch.xml
-- Symlinking: /home/cityu/autoware/install/system_monitor/share/system_monitor/config/cpu_monitor.param.yaml
-- Symlinking: /home/cityu/autoware/install/system_monitor/share/system_monitor/config/gpu_monitor.param.yaml
-- Symlinking: /home/cityu/autoware/install/system_monitor/share/system_monitor/config/hdd_monitor.param.yaml
-- Symlinking: /home/cityu/autoware/install/system_monitor/share/system_monitor/config/mem_monitor.param.yaml
-- Symlinking: /home/cityu/autoware/install/system_monitor/share/system_monitor/config/net_monitor.param.yaml
-- Symlinking: /home/cityu/autoware/install/system_monitor/share/system_monitor/config/ntp_monitor.param.yaml
-- Symlinking: /home/cityu/autoware/install/system_monitor/share/system_monitor/config/process_monitor.param.yaml
-- Symlinking: /home/cityu/autoware/install/system_monitor/share/system_monitor/config/voltage_monitor.param.yaml
-- Symlinking: /home/cityu/autoware/install/system_monitor/share/ament_index/resource_index/package_run_dependencies/system_monitor
-- Symlinking: /home/cityu/autoware/install/system_monitor/share/ament_index/resource_index/parent_prefix_path/system_monitor
-- Symlinking: /home/cityu/autoware/install/system_monitor/share/system_monitor/environment/ament_prefix_path.sh
-- Symlinking: /home/cityu/autoware/install/system_monitor/share/system_monitor/environment/ament_prefix_path.dsv
-- Symlinking: /home/cityu/autoware/install/system_monitor/share/system_monitor/environment/path.sh
-- Symlinking: /home/cityu/autoware/install/system_monitor/share/system_monitor/environment/path.dsv
-- Symlinking: /home/cityu/autoware/install/system_monitor/share/system_monitor/local_setup.bash
-- Symlinking: /home/cityu/autoware/install/system_monitor/share/system_monitor/local_setup.sh
-- Symlinking: /home/cityu/autoware/install/system_monitor/share/system_monitor/local_setup.zsh
-- Symlinking: /home/cityu/autoware/install/system_monitor/share/system_monitor/local_setup.dsv
-- Symlinking: /home/cityu/autoware/install/system_monitor/share/system_monitor/package.dsv
-- Symlinking: /home/cityu/autoware/install/system_monitor/share/ament_index/resource_index/packages/system_monitor
-- Symlinking: /home/cityu/autoware/install/system_monitor/share/ament_index/resource_index/rclcpp_components/system_monitor
-- Symlinking: /home/cityu/autoware/install/system_monitor/share/system_monitor/cmake/ament_cmake_export_dependencies-extras.cmake
-- Symlinking: /home/cityu/autoware/install/system_monitor/share/system_monitor/cmake/ament_cmake_export_include_directories-extras.cmake
-- Symlinking: /home/cityu/autoware/install/system_monitor/share/system_monitor/cmake/ament_cmake_export_libraries-extras.cmake
-- Symlinking: /home/cityu/autoware/install/system_monitor/share/system_monitor/cmake/system_monitorConfig.cmake
-- Symlinking: /home/cityu/autoware/install/system_monitor/share/system_monitor/cmake/system_monitorConfig-version.cmake
-- Symlinking: /home/cityu/autoware/install/system_monitor/share/system_monitor/package.xml
