[0.567s] Invoking command in '/home/cityu/autoware/build/system_monitor': AMENT_PREFIX_PATH=/home/cityu/autoware/install/tier4_autoware_utils:/home/cityu/autoware/install/autoware_auto_vehicle_msgs:/home/cityu/autoware/install/autoware_cmake:/home/cityu/autoware/install/autoware_auto_planning_msgs:/home/cityu/autoware/install/autoware_auto_perception_msgs:/home/cityu/autoware/install/tier4_external_api_msgs:/home/cityu/autoware/install/tier4_debug_msgs:/home/cityu/autoware/install/autoware_lint_common:/home/cityu/autoware/install/autoware_auto_mapping_msgs:/home/cityu/autoware/install/autoware_auto_geometry_msgs:${AMENT_PREFIX_PATH} CMAKE_PREFIX_PATH=/home/cityu/autoware/install/tier4_autoware_utils:/home/cityu/autoware/install/autoware_auto_vehicle_msgs:/home/cityu/autoware/install/autoware_cmake:/home/cityu/autoware/install/autoware_auto_planning_msgs:/home/cityu/autoware/install/autoware_auto_perception_msgs:/home/cityu/autoware/install/tier4_external_api_msgs:/home/cityu/autoware/install/tier4_debug_msgs:/home/cityu/autoware/install/autoware_lint_common:/home/cityu/autoware/install/autoware_auto_mapping_msgs:/home/cityu/autoware/install/autoware_auto_geometry_msgs:/opt/ros/galactic LD_LIBRARY_PATH=/home/cityu/autoware/install/tier4_autoware_utils/lib:/home/cityu/autoware/install/autoware_auto_vehicle_msgs/lib:/home/cityu/autoware/install/autoware_auto_planning_msgs/lib:/home/cityu/autoware/install/autoware_auto_perception_msgs/lib:/home/cityu/autoware/install/tier4_external_api_msgs/lib:/home/cityu/autoware/install/tier4_debug_msgs/lib:/home/cityu/autoware/install/autoware_auto_mapping_msgs/lib:/home/cityu/autoware/install/autoware_auto_geometry_msgs/lib:${LD_LIBRARY_PATH} PYTHONPATH=/home/cityu/autoware/install/autoware_auto_vehicle_msgs/lib/python3.8/site-packages:/home/cityu/autoware/install/autoware_auto_planning_msgs/lib/python3.8/site-packages:/home/cityu/autoware/install/autoware_auto_perception_msgs/lib/python3.8/site-packages:/home/cityu/autoware/install/tier4_external_api_msgs/lib/python3.8/site-packages:/home/cityu/autoware/install/tier4_debug_msgs/lib/python3.8/site-packages:/home/cityu/autoware/install/autoware_auto_mapping_msgs/lib/python3.8/site-packages:/home/cityu/autoware/install/autoware_auto_geometry_msgs/lib/python3.8/site-packages:${PYTHONPATH} /usr/bin/cmake /home/cityu/autoware/src/universe/autoware.universe/system/system_monitor -DCMAKE_BUILD_TYPE=Release -DAMENT_CMAKE_SYMLINK_INSTALL=1 -DCMAKE_INSTALL_PREFIX=/home/cityu/autoware/install/system_monitor
[14.054s] -- The C compiler identification is GNU 9.4.0
[14.055s] -- The CXX compiler identification is GNU 9.4.0
[14.055s] -- Check for working C compiler: /usr/bin/cc
[14.055s] -- Check for working C compiler: /usr/bin/cc -- works
[14.055s] -- Detecting C compiler ABI info
[14.056s] -- Detecting C compiler ABI info - done
[14.056s] -- Detecting C compile features
[14.056s] -- Detecting C compile features - done
[14.056s] -- Check for working CXX compiler: /usr/bin/c++
[14.056s] -- Check for working CXX compiler: /usr/bin/c++ -- works
[14.056s] -- Detecting CXX compiler ABI info
[14.056s] -- Detecting CXX compiler ABI info - done
[14.056s] -- Detecting CXX compile features
[14.056s] -- Detecting CXX compile features - done
[14.056s] -- Found autoware_cmake: 0.1.0 (/home/cityu/autoware/install/autoware_cmake/share/autoware_cmake/cmake)
[14.057s] -- Found ament_cmake_auto: 1.1.6 (/opt/ros/galactic/share/ament_cmake_auto/cmake)
[14.057s] -- Found PythonInterp: /usr/bin/python3 (found suitable version "3.8.10", minimum required is "3") 
[14.057s] -- Using PYTHON_EXECUTABLE: /usr/bin/python3
[14.057s] -- Override CMake install command with custom implementation using symlinks instead of copying resources
[14.057s] -- Using all available rosidl_typesupport_c: rosidl_typesupport_fastrtps_c;rosidl_typesupport_introspection_c
[14.057s] -- Found rosidl_adapter: 2.2.3 (/opt/ros/galactic/share/rosidl_adapter/cmake)
[14.057s] -- Found OpenSSL: /usr/lib/x86_64-linux-gnu/libcrypto.so (found version "1.1.1f")  
[14.057s] -- Found FastRTPS: /opt/ros/galactic/include  
[14.057s] -- Using all available rosidl_typesupport_cpp: rosidl_typesupport_fastrtps_cpp;rosidl_typesupport_introspection_cpp
[14.057s] -- Found rmw_implementation_cmake: 3.3.1 (/opt/ros/galactic/share/rmw_implementation_cmake/cmake)
[14.057s] -- Found rmw_cyclonedds_cpp: 0.22.6 (/opt/ros/galactic/share/rmw_cyclonedds_cpp/cmake)
[14.058s] -- Using RMW implementation 'rmw_cyclonedds_cpp' as default
[14.058s] -- Looking for pthread.h
[14.058s] -- Looking for pthread.h - found
[14.058s] -- Performing Test CMAKE_HAVE_LIBC_PTHREAD
[14.058s] -- Performing Test CMAKE_HAVE_LIBC_PTHREAD - Failed
[14.058s] -- Looking for pthread_create in pthreads
[14.058s] -- Looking for pthread_create in pthreads - not found
[14.058s] -- Looking for pthread_create in pthread
[14.058s] -- Looking for pthread_create in pthread - found
[14.058s] -- Found Threads: TRUE  
[14.058s] -- Found eigen3_cmake_module: 0.1.1 (/opt/ros/galactic/share/eigen3_cmake_module/cmake)
[14.059s] -- Found Eigen3: TRUE (found version "3.3.7") 
[14.059s] -- Found ament_lint_auto: 0.10.7 (/opt/ros/galactic/share/ament_lint_auto/cmake)
[14.059s] -- Found NVML: /usr/lib/x86_64-linux-gnu/libnvidia-ml.so  
[14.059s] -- NVML include dir: /usr/local/cuda/include
[14.059s] -- NVML library : /usr/lib/x86_64-linux-gnu/libnvidia-ml.so
[14.059s] -- HOST_SYSTEM_VERSION: 5.15.0-69-generic
[14.059s] -- SYSTEM_PROCESSOR: x86_64
[14.059s] -- CPU PLATFORM: intel
[14.059s] -- GPU PLATFORM: nvml
[21.062s] -- Found Boost: /usr/lib/x86_64-linux-gnu/cmake/Boost-1.71.0/BoostConfig.cmake (found version "1.71.0") found components: serialization thread filesystem regex 
[21.106s] -- Added test 'copyright' to check source files copyright and LICENSE
[21.129s] -- Added test 'cppcheck' to perform static code analysis on C / C++ code
[21.140s] -- Configured cppcheck include dirs: /home/cityu/autoware/src/universe/autoware.universe/system/system_monitor/include
[21.140s] -- Configured cppcheck exclude dirs and/or files: 
[21.147s] -- Added test 'lint_cmake' to check CMake code style
[21.149s] -- Added test 'xmllint' to check XML markup files
[21.162s] -- Configuring done
[22.565s] -- Generating done
[22.571s] -- Build files have been written to: /home/cityu/autoware/build/system_monitor
[22.616s] Invoked command in '/home/cityu/autoware/build/system_monitor' returned '0': AMENT_PREFIX_PATH=/home/cityu/autoware/install/tier4_autoware_utils:/home/cityu/autoware/install/autoware_auto_vehicle_msgs:/home/cityu/autoware/install/autoware_cmake:/home/cityu/autoware/install/autoware_auto_planning_msgs:/home/cityu/autoware/install/autoware_auto_perception_msgs:/home/cityu/autoware/install/tier4_external_api_msgs:/home/cityu/autoware/install/tier4_debug_msgs:/home/cityu/autoware/install/autoware_lint_common:/home/cityu/autoware/install/autoware_auto_mapping_msgs:/home/cityu/autoware/install/autoware_auto_geometry_msgs:${AMENT_PREFIX_PATH} CMAKE_PREFIX_PATH=/home/cityu/autoware/install/tier4_autoware_utils:/home/cityu/autoware/install/autoware_auto_vehicle_msgs:/home/cityu/autoware/install/autoware_cmake:/home/cityu/autoware/install/autoware_auto_planning_msgs:/home/cityu/autoware/install/autoware_auto_perception_msgs:/home/cityu/autoware/install/tier4_external_api_msgs:/home/cityu/autoware/install/tier4_debug_msgs:/home/cityu/autoware/install/autoware_lint_common:/home/cityu/autoware/install/autoware_auto_mapping_msgs:/home/cityu/autoware/install/autoware_auto_geometry_msgs:/opt/ros/galactic LD_LIBRARY_PATH=/home/cityu/autoware/install/tier4_autoware_utils/lib:/home/cityu/autoware/install/autoware_auto_vehicle_msgs/lib:/home/cityu/autoware/install/autoware_auto_planning_msgs/lib:/home/cityu/autoware/install/autoware_auto_perception_msgs/lib:/home/cityu/autoware/install/tier4_external_api_msgs/lib:/home/cityu/autoware/install/tier4_debug_msgs/lib:/home/cityu/autoware/install/autoware_auto_mapping_msgs/lib:/home/cityu/autoware/install/autoware_auto_geometry_msgs/lib:${LD_LIBRARY_PATH} PYTHONPATH=/home/cityu/autoware/install/autoware_auto_vehicle_msgs/lib/python3.8/site-packages:/home/cityu/autoware/install/autoware_auto_planning_msgs/lib/python3.8/site-packages:/home/cityu/autoware/install/autoware_auto_perception_msgs/lib/python3.8/site-packages:/home/cityu/autoware/install/tier4_external_api_msgs/lib/python3.8/site-packages:/home/cityu/autoware/install/tier4_debug_msgs/lib/python3.8/site-packages:/home/cityu/autoware/install/autoware_auto_mapping_msgs/lib/python3.8/site-packages:/home/cityu/autoware/install/autoware_auto_geometry_msgs/lib/python3.8/site-packages:${PYTHONPATH} /usr/bin/cmake /home/cityu/autoware/src/universe/autoware.universe/system/system_monitor -DCMAKE_BUILD_TYPE=Release -DAMENT_CMAKE_SYMLINK_INSTALL=1 -DCMAKE_INSTALL_PREFIX=/home/cityu/autoware/install/system_monitor
[22.639s] Invoking command in '/home/cityu/autoware/build/system_monitor': AMENT_PREFIX_PATH=/home/cityu/autoware/install/tier4_autoware_utils:/home/cityu/autoware/install/autoware_auto_vehicle_msgs:/home/cityu/autoware/install/autoware_cmake:/home/cityu/autoware/install/autoware_auto_planning_msgs:/home/cityu/autoware/install/autoware_auto_perception_msgs:/home/cityu/autoware/install/tier4_external_api_msgs:/home/cityu/autoware/install/tier4_debug_msgs:/home/cityu/autoware/install/autoware_lint_common:/home/cityu/autoware/install/autoware_auto_mapping_msgs:/home/cityu/autoware/install/autoware_auto_geometry_msgs:${AMENT_PREFIX_PATH} CMAKE_PREFIX_PATH=/home/cityu/autoware/install/tier4_autoware_utils:/home/cityu/autoware/install/autoware_auto_vehicle_msgs:/home/cityu/autoware/install/autoware_cmake:/home/cityu/autoware/install/autoware_auto_planning_msgs:/home/cityu/autoware/install/autoware_auto_perception_msgs:/home/cityu/autoware/install/tier4_external_api_msgs:/home/cityu/autoware/install/tier4_debug_msgs:/home/cityu/autoware/install/autoware_lint_common:/home/cityu/autoware/install/autoware_auto_mapping_msgs:/home/cityu/autoware/install/autoware_auto_geometry_msgs:/opt/ros/galactic LD_LIBRARY_PATH=/home/cityu/autoware/install/tier4_autoware_utils/lib:/home/cityu/autoware/install/autoware_auto_vehicle_msgs/lib:/home/cityu/autoware/install/autoware_auto_planning_msgs/lib:/home/cityu/autoware/install/autoware_auto_perception_msgs/lib:/home/cityu/autoware/install/tier4_external_api_msgs/lib:/home/cityu/autoware/install/tier4_debug_msgs/lib:/home/cityu/autoware/install/autoware_auto_mapping_msgs/lib:/home/cityu/autoware/install/autoware_auto_geometry_msgs/lib:${LD_LIBRARY_PATH} PYTHONPATH=/home/cityu/autoware/install/autoware_auto_vehicle_msgs/lib/python3.8/site-packages:/home/cityu/autoware/install/autoware_auto_planning_msgs/lib/python3.8/site-packages:/home/cityu/autoware/install/autoware_auto_perception_msgs/lib/python3.8/site-packages:/home/cityu/autoware/install/tier4_external_api_msgs/lib/python3.8/site-packages:/home/cityu/autoware/install/tier4_debug_msgs/lib/python3.8/site-packages:/home/cityu/autoware/install/autoware_auto_mapping_msgs/lib/python3.8/site-packages:/home/cityu/autoware/install/autoware_auto_geometry_msgs/lib/python3.8/site-packages:${PYTHONPATH} /usr/bin/cmake --build /home/cityu/autoware/build/system_monitor -- -j16 -l16
[65.163s] [35m[1mScanning dependencies of target voltage_monitor[0m
[65.163s] [  2%] [32mBuilding CXX object CMakeFiles/voltage_monitor.dir/rclcpp_components/node_main_voltage_monitor.cpp.o[0m
[65.166s] [  4%] [32m[1mLinking CXX executable voltage_monitor[0m
[65.166s] [  4%] Built target voltage_monitor
[65.166s] [35m[1mScanning dependencies of target gpu_monitor[0m
[65.167s] [  7%] [32mBuilding CXX object CMakeFiles/gpu_monitor.dir/rclcpp_components/node_main_gpu_monitor.cpp.o[0m
[65.167s] [  9%] [32m[1mLinking CXX executable gpu_monitor[0m
[65.167s] [  9%] Built target gpu_monitor
[65.167s] [35m[1mScanning dependencies of target ntp_monitor[0m
[65.167s] [ 12%] [32mBuilding CXX object CMakeFiles/ntp_monitor.dir/rclcpp_components/node_main_ntp_monitor.cpp.o[0m
[65.167s] [ 14%] [32m[1mLinking CXX executable ntp_monitor[0m
[65.167s] [ 14%] Built target ntp_monitor
[65.167s] [35m[1mScanning dependencies of target cpu_monitor_lib[0m
[65.167s] [ 17%] [32mBuilding CXX object CMakeFiles/cpu_monitor_lib.dir/src/cpu_monitor/cpu_monitor_base.cpp.o[0m
[74.702s] [ 19%] [32mBuilding CXX object CMakeFiles/cpu_monitor_lib.dir/src/cpu_monitor/intel_cpu_monitor.cpp.o[0m
[97.642s] [ 21%] [32m[1mLinking CXX shared library libcpu_monitor_lib.so[0m
[98.217s] [ 21%] Built target cpu_monitor_lib
[98.233s] [35m[1mScanning dependencies of target hdd_monitor[0m
[98.234s] [35m[1mScanning dependencies of target cpu_monitor[0m
[98.294s] [ 24%] [32mBuilding CXX object CMakeFiles/cpu_monitor.dir/rclcpp_components/node_main_cpu_monitor.cpp.o[0m
[98.296s] [ 26%] [32mBuilding CXX object CMakeFiles/hdd_monitor.dir/rclcpp_components/node_main_hdd_monitor.cpp.o[0m
[104.222s] [ 29%] [32m[1mLinking CXX executable cpu_monitor[0m
[104.285s] [ 31%] [32m[1mLinking CXX executable hdd_monitor[0m
[104.543s] [ 31%] Built target hdd_monitor
[104.557s] [ 31%] Built target cpu_monitor
[104.559s] [35m[1mScanning dependencies of target hdd_monitor_lib[0m
[104.571s] [35m[1mScanning dependencies of target mem_monitor[0m
[104.634s] [ 34%] [32mBuilding CXX object CMakeFiles/mem_monitor.dir/rclcpp_components/node_main_mem_monitor.cpp.o[0m
[104.638s] [ 36%] [32mBuilding CXX object CMakeFiles/hdd_monitor_lib.dir/src/hdd_monitor/hdd_monitor.cpp.o[0m
[111.743s] [ 39%] [32m[1mLinking CXX executable mem_monitor[0m
[112.220s] [ 39%] Built target mem_monitor
[112.282s] [35m[1mScanning dependencies of target net_monitor[0m
[112.419s] [ 41%] [32mBuilding CXX object CMakeFiles/net_monitor.dir/rclcpp_components/node_main_net_monitor.cpp.o[0m
[118.717s] [ 43%] [32m[1mLinking CXX executable net_monitor[0m
[119.074s] [ 43%] Built target net_monitor
[143.877s] [ 46%] [32m[1mLinking CXX shared library libhdd_monitor_lib.so[0m
[144.282s] [ 46%] Built target hdd_monitor_lib
[144.298s] [35m[1mScanning dependencies of target process_monitor[0m
[144.300s] [35m[1mScanning dependencies of target mem_monitor_lib[0m
[144.359s] [ 48%] [32mBuilding CXX object CMakeFiles/process_monitor.dir/rclcpp_components/node_main_process_monitor.cpp.o[0m
[144.366s] [ 51%] [32mBuilding CXX object CMakeFiles/mem_monitor_lib.dir/src/mem_monitor/mem_monitor.cpp.o[0m
[150.507s] [ 53%] [32m[1mLinking CXX executable process_monitor[0m
[150.880s] [ 53%] Built target process_monitor
[165.758s] [ 56%] [32m[1mLinking CXX shared library libmem_monitor_lib.so[0m
[166.943s] [ 56%] Built target mem_monitor_lib
[166.998s] [35m[1mScanning dependencies of target net_monitor_lib[0m
[167.154s] [ 58%] [32mBuilding CXX object CMakeFiles/net_monitor_lib.dir/src/net_monitor/net_monitor.cpp.o[0m
[167.235s] [ 60%] [32mBuilding CXX object CMakeFiles/net_monitor_lib.dir/src/net_monitor/nl80211.cpp.o[0m
[197.643s] [ 63%] [32m[1mLinking CXX shared library libnet_monitor_lib.so[0m
[199.605s] [ 63%] Built target net_monitor_lib
[199.668s] [35m[1mScanning dependencies of target ntp_monitor_lib[0m
[199.845s] [ 65%] [32mBuilding CXX object CMakeFiles/ntp_monitor_lib.dir/src/ntp_monitor/ntp_monitor.cpp.o[0m
[228.489s] [ 68%] [32m[1mLinking CXX shared library libntp_monitor_lib.so[0m
[229.628s] [ 68%] Built target ntp_monitor_lib
[229.652s] [35m[1mScanning dependencies of target process_monitor_lib[0m
[229.791s] [ 70%] [32mBuilding CXX object CMakeFiles/process_monitor_lib.dir/src/process_monitor/process_monitor.cpp.o[0m
[264.066s] [ 73%] [32m[1mLinking CXX shared library libprocess_monitor_lib.so[0m
[264.798s] [ 73%] Built target process_monitor_lib
[264.818s] [35m[1mScanning dependencies of target gpu_monitor_lib[0m
[264.904s] [ 75%] [32mBuilding CXX object CMakeFiles/gpu_monitor_lib.dir/src/gpu_monitor/gpu_monitor_base.cpp.o[0m
[273.726s] [ 78%] [32mBuilding CXX object CMakeFiles/gpu_monitor_lib.dir/src/gpu_monitor/nvml_gpu_monitor.cpp.o[0m
[289.233s] [ 80%] [32m[1mLinking CXX shared library libgpu_monitor_lib.so[0m
[290.163s] [ 80%] Built target gpu_monitor_lib
[290.220s] [35m[1mScanning dependencies of target voltage_monitor_lib[0m
[290.369s] [ 82%] [32mBuilding CXX object CMakeFiles/voltage_monitor_lib.dir/src/voltage_monitor/voltage_monitor.cpp.o[0m
[325.532s] [ 85%] [32m[1mLinking CXX shared library libvoltage_monitor_lib.so[0m
[326.646s] [ 85%] Built target voltage_monitor_lib
[326.713s] [35m[1mScanning dependencies of target hdd_reader[0m
[326.715s] [35m[1mScanning dependencies of target traffic_reader[0m
[326.727s] [35m[1mScanning dependencies of target msr_reader[0m
[326.795s] [ 87%] [32mBuilding CXX object CMakeFiles/hdd_reader.dir/reader/hdd_reader/hdd_reader.cpp.o[0m
[326.823s] [ 90%] [32mBuilding CXX object CMakeFiles/traffic_reader.dir/reader/traffic_reader/traffic_reader.cpp.o[0m
[326.838s] [ 92%] [32mBuilding CXX object CMakeFiles/msr_reader.dir/reader/msr_reader/msr_reader.cpp.o[0m
[337.676s] [ 95%] [32m[1mLinking CXX executable traffic_reader[0m
[337.864s] [ 97%] [32m[1mLinking CXX executable msr_reader[0m
[338.197s] [ 97%] Built target traffic_reader
[338.321s] [ 97%] Built target msr_reader
[345.285s] [100%] [32m[1mLinking CXX executable hdd_reader[0m
[345.910s] [100%] Built target hdd_reader
[345.959s] Invoked command in '/home/cityu/autoware/build/system_monitor' returned '0': AMENT_PREFIX_PATH=/home/cityu/autoware/install/tier4_autoware_utils:/home/cityu/autoware/install/autoware_auto_vehicle_msgs:/home/cityu/autoware/install/autoware_cmake:/home/cityu/autoware/install/autoware_auto_planning_msgs:/home/cityu/autoware/install/autoware_auto_perception_msgs:/home/cityu/autoware/install/tier4_external_api_msgs:/home/cityu/autoware/install/tier4_debug_msgs:/home/cityu/autoware/install/autoware_lint_common:/home/cityu/autoware/install/autoware_auto_mapping_msgs:/home/cityu/autoware/install/autoware_auto_geometry_msgs:${AMENT_PREFIX_PATH} CMAKE_PREFIX_PATH=/home/cityu/autoware/install/tier4_autoware_utils:/home/cityu/autoware/install/autoware_auto_vehicle_msgs:/home/cityu/autoware/install/autoware_cmake:/home/cityu/autoware/install/autoware_auto_planning_msgs:/home/cityu/autoware/install/autoware_auto_perception_msgs:/home/cityu/autoware/install/tier4_external_api_msgs:/home/cityu/autoware/install/tier4_debug_msgs:/home/cityu/autoware/install/autoware_lint_common:/home/cityu/autoware/install/autoware_auto_mapping_msgs:/home/cityu/autoware/install/autoware_auto_geometry_msgs:/opt/ros/galactic LD_LIBRARY_PATH=/home/cityu/autoware/install/tier4_autoware_utils/lib:/home/cityu/autoware/install/autoware_auto_vehicle_msgs/lib:/home/cityu/autoware/install/autoware_auto_planning_msgs/lib:/home/cityu/autoware/install/autoware_auto_perception_msgs/lib:/home/cityu/autoware/install/tier4_external_api_msgs/lib:/home/cityu/autoware/install/tier4_debug_msgs/lib:/home/cityu/autoware/install/autoware_auto_mapping_msgs/lib:/home/cityu/autoware/install/autoware_auto_geometry_msgs/lib:${LD_LIBRARY_PATH} PYTHONPATH=/home/cityu/autoware/install/autoware_auto_vehicle_msgs/lib/python3.8/site-packages:/home/cityu/autoware/install/autoware_auto_planning_msgs/lib/python3.8/site-packages:/home/cityu/autoware/install/autoware_auto_perception_msgs/lib/python3.8/site-packages:/home/cityu/autoware/install/tier4_external_api_msgs/lib/python3.8/site-packages:/home/cityu/autoware/install/tier4_debug_msgs/lib/python3.8/site-packages:/home/cityu/autoware/install/autoware_auto_mapping_msgs/lib/python3.8/site-packages:/home/cityu/autoware/install/autoware_auto_geometry_msgs/lib/python3.8/site-packages:${PYTHONPATH} /usr/bin/cmake --build /home/cityu/autoware/build/system_monitor -- -j16 -l16
[346.083s] Invoking command in '/home/cityu/autoware/build/system_monitor': AMENT_PREFIX_PATH=/home/cityu/autoware/install/tier4_autoware_utils:/home/cityu/autoware/install/autoware_auto_vehicle_msgs:/home/cityu/autoware/install/autoware_cmake:/home/cityu/autoware/install/autoware_auto_planning_msgs:/home/cityu/autoware/install/autoware_auto_perception_msgs:/home/cityu/autoware/install/tier4_external_api_msgs:/home/cityu/autoware/install/tier4_debug_msgs:/home/cityu/autoware/install/autoware_lint_common:/home/cityu/autoware/install/autoware_auto_mapping_msgs:/home/cityu/autoware/install/autoware_auto_geometry_msgs:${AMENT_PREFIX_PATH} CMAKE_PREFIX_PATH=/home/cityu/autoware/install/tier4_autoware_utils:/home/cityu/autoware/install/autoware_auto_vehicle_msgs:/home/cityu/autoware/install/autoware_cmake:/home/cityu/autoware/install/autoware_auto_planning_msgs:/home/cityu/autoware/install/autoware_auto_perception_msgs:/home/cityu/autoware/install/tier4_external_api_msgs:/home/cityu/autoware/install/tier4_debug_msgs:/home/cityu/autoware/install/autoware_lint_common:/home/cityu/autoware/install/autoware_auto_mapping_msgs:/home/cityu/autoware/install/autoware_auto_geometry_msgs:/opt/ros/galactic LD_LIBRARY_PATH=/home/cityu/autoware/install/tier4_autoware_utils/lib:/home/cityu/autoware/install/autoware_auto_vehicle_msgs/lib:/home/cityu/autoware/install/autoware_auto_planning_msgs/lib:/home/cityu/autoware/install/autoware_auto_perception_msgs/lib:/home/cityu/autoware/install/tier4_external_api_msgs/lib:/home/cityu/autoware/install/tier4_debug_msgs/lib:/home/cityu/autoware/install/autoware_auto_mapping_msgs/lib:/home/cityu/autoware/install/autoware_auto_geometry_msgs/lib:${LD_LIBRARY_PATH} PYTHONPATH=/home/cityu/autoware/install/autoware_auto_vehicle_msgs/lib/python3.8/site-packages:/home/cityu/autoware/install/autoware_auto_planning_msgs/lib/python3.8/site-packages:/home/cityu/autoware/install/autoware_auto_perception_msgs/lib/python3.8/site-packages:/home/cityu/autoware/install/tier4_external_api_msgs/lib/python3.8/site-packages:/home/cityu/autoware/install/tier4_debug_msgs/lib/python3.8/site-packages:/home/cityu/autoware/install/autoware_auto_mapping_msgs/lib/python3.8/site-packages:/home/cityu/autoware/install/autoware_auto_geometry_msgs/lib/python3.8/site-packages:${PYTHONPATH} /usr/bin/cmake --install /home/cityu/autoware/build/system_monitor
[364.101s] -- Install configuration: "Release"
[364.101s] -- Execute custom install script
[364.102s] -- Symlinking: /home/cityu/autoware/install/system_monitor/lib/system_monitor/cpu_monitor
[364.102s] -- Symlinking: /home/cityu/autoware/install/system_monitor/lib/system_monitor/hdd_monitor
[364.102s] -- Symlinking: /home/cityu/autoware/install/system_monitor/lib/system_monitor/mem_monitor
[364.102s] -- Symlinking: /home/cityu/autoware/install/system_monitor/lib/system_monitor/net_monitor
[364.102s] -- Symlinking: /home/cityu/autoware/install/system_monitor/lib/system_monitor/ntp_monitor
[364.102s] -- Symlinking: /home/cityu/autoware/install/system_monitor/lib/system_monitor/process_monitor
[364.102s] -- Symlinking: /home/cityu/autoware/install/system_monitor/lib/system_monitor/gpu_monitor
[364.102s] -- Symlinking: /home/cityu/autoware/install/system_monitor/lib/system_monitor/voltage_monitor
[364.102s] -- Symlinking: /home/cityu/autoware/install/system_monitor/include/hdd_reader/hdd_reader.hpp
[364.102s] -- Symlinking: /home/cityu/autoware/install/system_monitor/include/msr_reader/msr_reader.hpp
[364.102s] -- Symlinking: /home/cityu/autoware/install/system_monitor/include/system_monitor/cpu_monitor/arm_cpu_monitor.hpp
[364.103s] -- Symlinking: /home/cityu/autoware/install/system_monitor/include/system_monitor/cpu_monitor/cpu_monitor_base.hpp
[364.103s] -- Symlinking: /home/cityu/autoware/install/system_monitor/include/system_monitor/cpu_monitor/intel_cpu_monitor.hpp
[364.103s] -- Symlinking: /home/cityu/autoware/install/system_monitor/include/system_monitor/cpu_monitor/raspi_cpu_monitor.hpp
[364.103s] -- Symlinking: /home/cityu/autoware/install/system_monitor/include/system_monitor/cpu_monitor/tegra_cpu_monitor.hpp
[364.103s] -- Symlinking: /home/cityu/autoware/install/system_monitor/include/system_monitor/cpu_monitor/unknown_cpu_monitor.hpp
[364.103s] -- Symlinking: /home/cityu/autoware/install/system_monitor/include/system_monitor/gpu_monitor/gpu_monitor_base.hpp
[364.103s] -- Symlinking: /home/cityu/autoware/install/system_monitor/include/system_monitor/gpu_monitor/nvml_gpu_monitor.hpp
[364.103s] -- Symlinking: /home/cityu/autoware/install/system_monitor/include/system_monitor/gpu_monitor/tegra_gpu_monitor.hpp
[364.103s] -- Symlinking: /home/cityu/autoware/install/system_monitor/include/system_monitor/gpu_monitor/unknown_gpu_monitor.hpp
[364.103s] -- Symlinking: /home/cityu/autoware/install/system_monitor/include/system_monitor/hdd_monitor/hdd_monitor.hpp
[364.104s] -- Symlinking: /home/cityu/autoware/install/system_monitor/include/system_monitor/mem_monitor/mem_monitor.hpp
[364.104s] -- Symlinking: /home/cityu/autoware/install/system_monitor/include/system_monitor/net_monitor/net_monitor.hpp
[364.104s] -- Symlinking: /home/cityu/autoware/install/system_monitor/include/system_monitor/net_monitor/nl80211.hpp
[364.104s] -- Symlinking: /home/cityu/autoware/install/system_monitor/include/system_monitor/ntp_monitor/ntp_monitor.hpp
[364.104s] -- Symlinking: /home/cityu/autoware/install/system_monitor/include/system_monitor/process_monitor/diag_task.hpp
[364.104s] -- Symlinking: /home/cityu/autoware/install/system_monitor/include/system_monitor/process_monitor/process_monitor.hpp
[364.104s] -- Symlinking: /home/cityu/autoware/install/system_monitor/include/system_monitor/system_monitor_utility.hpp
[364.104s] -- Symlinking: /home/cityu/autoware/install/system_monitor/include/system_monitor/voltage_monitor/voltage_monitor.hpp
[364.104s] -- Symlinking: /home/cityu/autoware/install/system_monitor/include/traffic_reader/traffic_reader.hpp
[364.104s] -- Symlinking: /home/cityu/autoware/install/system_monitor/share/system_monitor/environment/library_path.sh
[364.104s] -- Symlinking: /home/cityu/autoware/install/system_monitor/share/system_monitor/environment/library_path.dsv
[364.104s] -- Symlinking: /home/cityu/autoware/install/system_monitor/lib/libcpu_monitor_lib.so
[364.105s] -- Symlinking: /home/cityu/autoware/install/system_monitor/lib/libhdd_monitor_lib.so
[364.105s] -- Symlinking: /home/cityu/autoware/install/system_monitor/lib/libmem_monitor_lib.so
[364.105s] -- Symlinking: /home/cityu/autoware/install/system_monitor/lib/libnet_monitor_lib.so
[364.105s] -- Symlinking: /home/cityu/autoware/install/system_monitor/lib/libntp_monitor_lib.so
[364.105s] -- Symlinking: /home/cityu/autoware/install/system_monitor/lib/libprocess_monitor_lib.so
[364.105s] -- Symlinking: /home/cityu/autoware/install/system_monitor/lib/libgpu_monitor_lib.so
[364.105s] -- Symlinking: /home/cityu/autoware/install/system_monitor/lib/libvoltage_monitor_lib.so
[364.105s] -- Symlinking: /home/cityu/autoware/install/system_monitor/lib/system_monitor/msr_reader
[364.105s] -- Symlinking: /home/cityu/autoware/install/system_monitor/lib/system_monitor/hdd_reader
[364.105s] -- Symlinking: /home/cityu/autoware/install/system_monitor/lib/system_monitor/traffic_reader
[364.106s] -- Symlinking: /home/cityu/autoware/install/system_monitor/share/system_monitor/launch/system_monitor.launch.py
[364.106s] -- Symlinking: /home/cityu/autoware/install/system_monitor/share/system_monitor/launch/system_monitor.launch.xml
[364.106s] -- Symlinking: /home/cityu/autoware/install/system_monitor/share/system_monitor/config/cpu_monitor.param.yaml
[364.106s] -- Symlinking: /home/cityu/autoware/install/system_monitor/share/system_monitor/config/gpu_monitor.param.yaml
[364.106s] -- Symlinking: /home/cityu/autoware/install/system_monitor/share/system_monitor/config/hdd_monitor.param.yaml
[364.106s] -- Symlinking: /home/cityu/autoware/install/system_monitor/share/system_monitor/config/mem_monitor.param.yaml
[364.106s] -- Symlinking: /home/cityu/autoware/install/system_monitor/share/system_monitor/config/net_monitor.param.yaml
[364.106s] -- Symlinking: /home/cityu/autoware/install/system_monitor/share/system_monitor/config/ntp_monitor.param.yaml
[364.106s] -- Symlinking: /home/cityu/autoware/install/system_monitor/share/system_monitor/config/process_monitor.param.yaml
[364.106s] -- Symlinking: /home/cityu/autoware/install/system_monitor/share/system_monitor/config/voltage_monitor.param.yaml
[364.106s] -- Symlinking: /home/cityu/autoware/install/system_monitor/share/ament_index/resource_index/package_run_dependencies/system_monitor
[364.107s] -- Symlinking: /home/cityu/autoware/install/system_monitor/share/ament_index/resource_index/parent_prefix_path/system_monitor
[364.107s] -- Symlinking: /home/cityu/autoware/install/system_monitor/share/system_monitor/environment/ament_prefix_path.sh
[364.107s] -- Symlinking: /home/cityu/autoware/install/system_monitor/share/system_monitor/environment/ament_prefix_path.dsv
[364.107s] -- Symlinking: /home/cityu/autoware/install/system_monitor/share/system_monitor/environment/path.sh
[364.107s] -- Symlinking: /home/cityu/autoware/install/system_monitor/share/system_monitor/environment/path.dsv
[364.107s] -- Symlinking: /home/cityu/autoware/install/system_monitor/share/system_monitor/local_setup.bash
[364.107s] -- Symlinking: /home/cityu/autoware/install/system_monitor/share/system_monitor/local_setup.sh
[364.107s] -- Symlinking: /home/cityu/autoware/install/system_monitor/share/system_monitor/local_setup.zsh
[364.107s] -- Symlinking: /home/cityu/autoware/install/system_monitor/share/system_monitor/local_setup.dsv
[364.107s] -- Symlinking: /home/cityu/autoware/install/system_monitor/share/system_monitor/package.dsv
[364.108s] -- Symlinking: /home/cityu/autoware/install/system_monitor/share/ament_index/resource_index/packages/system_monitor
[364.108s] -- Symlinking: /home/cityu/autoware/install/system_monitor/share/ament_index/resource_index/rclcpp_components/system_monitor
[364.108s] -- Symlinking: /home/cityu/autoware/install/system_monitor/share/system_monitor/cmake/ament_cmake_export_dependencies-extras.cmake
[364.108s] -- Symlinking: /home/cityu/autoware/install/system_monitor/share/system_monitor/cmake/ament_cmake_export_include_directories-extras.cmake
[364.108s] -- Symlinking: /home/cityu/autoware/install/system_monitor/share/system_monitor/cmake/ament_cmake_export_libraries-extras.cmake
[364.108s] -- Symlinking: /home/cityu/autoware/install/system_monitor/share/system_monitor/cmake/system_monitorConfig.cmake
[364.108s] -- Symlinking: /home/cityu/autoware/install/system_monitor/share/system_monitor/cmake/system_monitorConfig-version.cmake
[364.108s] -- Symlinking: /home/cityu/autoware/install/system_monitor/share/system_monitor/package.xml
[364.217s] Invoked command in '/home/cityu/autoware/build/system_monitor' returned '0': AMENT_PREFIX_PATH=/home/cityu/autoware/install/tier4_autoware_utils:/home/cityu/autoware/install/autoware_auto_vehicle_msgs:/home/cityu/autoware/install/autoware_cmake:/home/cityu/autoware/install/autoware_auto_planning_msgs:/home/cityu/autoware/install/autoware_auto_perception_msgs:/home/cityu/autoware/install/tier4_external_api_msgs:/home/cityu/autoware/install/tier4_debug_msgs:/home/cityu/autoware/install/autoware_lint_common:/home/cityu/autoware/install/autoware_auto_mapping_msgs:/home/cityu/autoware/install/autoware_auto_geometry_msgs:${AMENT_PREFIX_PATH} CMAKE_PREFIX_PATH=/home/cityu/autoware/install/tier4_autoware_utils:/home/cityu/autoware/install/autoware_auto_vehicle_msgs:/home/cityu/autoware/install/autoware_cmake:/home/cityu/autoware/install/autoware_auto_planning_msgs:/home/cityu/autoware/install/autoware_auto_perception_msgs:/home/cityu/autoware/install/tier4_external_api_msgs:/home/cityu/autoware/install/tier4_debug_msgs:/home/cityu/autoware/install/autoware_lint_common:/home/cityu/autoware/install/autoware_auto_mapping_msgs:/home/cityu/autoware/install/autoware_auto_geometry_msgs:/opt/ros/galactic LD_LIBRARY_PATH=/home/cityu/autoware/install/tier4_autoware_utils/lib:/home/cityu/autoware/install/autoware_auto_vehicle_msgs/lib:/home/cityu/autoware/install/autoware_auto_planning_msgs/lib:/home/cityu/autoware/install/autoware_auto_perception_msgs/lib:/home/cityu/autoware/install/tier4_external_api_msgs/lib:/home/cityu/autoware/install/tier4_debug_msgs/lib:/home/cityu/autoware/install/autoware_auto_mapping_msgs/lib:/home/cityu/autoware/install/autoware_auto_geometry_msgs/lib:${LD_LIBRARY_PATH} PYTHONPATH=/home/cityu/autoware/install/autoware_auto_vehicle_msgs/lib/python3.8/site-packages:/home/cityu/autoware/install/autoware_auto_planning_msgs/lib/python3.8/site-packages:/home/cityu/autoware/install/autoware_auto_perception_msgs/lib/python3.8/site-packages:/home/cityu/autoware/install/tier4_external_api_msgs/lib/python3.8/site-packages:/home/cityu/autoware/install/tier4_debug_msgs/lib/python3.8/site-packages:/home/cityu/autoware/install/autoware_auto_mapping_msgs/lib/python3.8/site-packages:/home/cityu/autoware/install/autoware_auto_geometry_msgs/lib/python3.8/site-packages:${PYTHONPATH} /usr/bin/cmake --install /home/cityu/autoware/build/system_monitor
